do run
loading script "jan_unknown120_60.py"
loading script "jan_pump_ms.py"
loading script "jan_co2.py"
loading script "jan_pump_extraction_line.py"
testing...
no interpolation path defined
executed snippet estimated_duration=213.652928, duration=0.000194787979126
script duration name:unknown120_60 seconds:214.0
loading script "jan_unknown120_60.py"
loading script "jan_pump_ms.py"
loading script "jan_co2.py"
loading script "jan_pump_extraction_line.py"
testing...
no interpolation path defined
executed snippet estimated_duration=0, duration=2.50339508057e-05
loading script "jan_unknown120_60.py"
loading script "jan_pump_ms.py"
loading script "jan_co2.py"
loading script "jan_pump_extraction_line.py"
testing...
no interpolation path defined
calculate duration
testing...
no interpolation path defined
executed snippet estimated_duration=0, duration=4.98294830322e-05
calculate duration
testing...
no interpolation path defined
executed snippet estimated_duration=0, duration=9.89437103271e-05
executed snippet estimated_duration=0.0, duration=0.00242710113525
script duration name:co2 seconds:0.0
loading script "jan_unknown120_60.py"
loading script "jan_pump_ms.py"
loading script "jan_co2.py"
loading script "jan_pump_extraction_line.py"
testing...
no interpolation path defined
calculate duration
testing...
no interpolation path defined
executed snippet estimated_duration=4.0, duration=0.0001540184021
executed snippet estimated_duration=4.0, duration=0.00142121315002
Script duration 214.0
Run total estimated duration= 215.000
run duration: 0:03:35
doing event level: 2
12:09:19 -- Setting default integration. t=1.048576
setting integration time = 1.048576
SetIntegrationTime 1.048576 ===>> OK
----------------- start -----------------
**************** Experiment Type: Ar/Ar, Ar/Ar
create new session 4984741328
close session 4984741328
$$$$$ Clearing conditionals
adding conditionals 
Add queue conditionals
add default conditionals
adding default conditionals from /Users/jan/PychronDev/setupfiles/spectrometer/default_conditionals.yaml
Start automated run 65559-10B
loading script "jan_unknown120_60.py"
loading script "jan_pump_ms.py"
loading script "jan_co2.py"
loading script "jan_pump_extraction_line.py"
%%%%%%%%%%%%%%%%%% setting automated run 65559-10B
No value "sensitivity_multiplier" in metadata
$$$$$$$$$$$$$$$ auto_save_detector_ic=False
============================= Pre Extraction Check =============================
loading queue conditionals pre_run_terminations
loading system conditionals pre_run_terminations
loading conditionals from /Users/jan/PychronDev/setupfiles/spectrometer/default_conditionals.yaml
12:09:19 -- ******* Pre Extraction Check *******
Get a measurement from the spectrometer
GetData ===>> H2,-0.211284281414547,H1,0.0133225281698791,AX,-0.0996804392267465,L1,-0.0429318342297627,L2,-0.0...
Pre Extraction Termination data. keys=H2,H1,AX,L1,L2,CDD, signals=-0.21128,0.01332,-0.09968,-0.04293,-0.03934,0.00342
12:09:19 -- testing system defined conditionals
Checking default pre extraction terminations n=2
testing CDD
evaluate ot="CDD.inactive" t="CDD", ctx="{'CDD': False}"
GetDeflection CDD ===>> 50
testing CDD==2000
evaluate ot="CDD.deflection==2000" t="CDD==2000", ctx="{'CDD': 50.0}"
12:09:19 -- ******* Pre Extraction Check Passed *******
=================================================================================
12:09:19 -- stopping status monitor
stop 5049958224
Alive clients [4981511088]
12:09:19 -- starting status monitor
start 5049958224
Monitor already running
start extraction
do extraction
Analysis started at 12:09:19.178133
Extraction Started jan_co2.py
12:09:19 -- ******* Extraction Started jan_co2.py *******
state changed from not run to extraction
DO EXTRACTION <pychron.extraction_line.pyscript_runner.RemotePyScriptRunner object at 0x12c1c8230>
testing...
no interpolation path defined
calculate duration
testing...
no interpolation path defined
executed snippet estimated_duration=0, duration=4.81605529785e-05
calculate duration
testing...
no interpolation path defined
executed snippet estimated_duration=0, duration=9.3936920166e-05
executed snippet estimated_duration=100.0, duration=0.00498604774475
Jan CO2 laser analysis
doing GOSUB
testing...
no interpolation path defined
executed snippet estimated_duration=0, duration=4.48226928711e-05
Waiting for CO2 access
wait ('FelixCO2Flag', 0) {}
waiting for FelixCO2Flag = 0
Read FelixCO2Flag ===>> 0
finished waiting
CO2 free
wait ('CO2PumpTimeFlag', 0) {}
waiting for CO2PumpTimeFlag = 0
Read CO2PumpTimeFlag ===>> 0
finished waiting
acquire ('JanCO2Flag',) {'clear': True}
acquire JanCO2Flag
Set JanCO2Flag 1 ===>> OK
JanCO2Flag acquired
set extraction state False (0.75, 'red', 1.5)
CO2 acquired
executed snippet estimated_duration=0, duration=0.028480052948
WaitForCO2Access.py completed successfully
gosub finished
doing GOSUB
testing...
no interpolation path defined
executed snippet estimated_duration=0, duration=0.000109195709229
Prepare for CO2 analysis
close () {'description': 'Jan Inlet'}
closing name=--- desc=Jan Inlet
checking ownership. requestor=129.138.12.150
check software interlocks R
interlocks []
actuate state mode=None-script, software_lock=False
doing actuation None-script close_channel False
Close R ===>> OK
GetIndicatorState R ===>> False
change switch state (True, True)
update switch state R False args=() kw={} ncanvase=3
12:09:19 -- CLOSE  VALVE-R (Jan Inlet)
---------------------------------------- close None (Jan Inlet) result=[(True, True)]
action=close, ok=True, locked=[False]
open () {'description': 'Jan Ion Pump'}
opening name=--- desc=Jan Ion Pump
checking ownership. requestor=129.138.12.150
check software interlocks O
interlocks []
actuate state mode=None-script, software_lock=False
doing actuation None-script open_channel False
Open O ===>> OK
GetIndicatorState O ===>> OK
change switch state (True, True)
update switch state O True args=() kw={} ncanvase=3
12:09:19 -- OPEN   VALVE-O (Jan Ion Pump)
---------------------------------------- open None (Jan Ion Pump) result=[(True, True)], time=0.09 sec
action=open, ok=True, locked=[False]
close () {'description': 'Microbone to Minibone'}
closing name=--- desc=Microbone to Minibone
checking ownership. requestor=129.138.12.150
check software interlocks L
interlocks []
actuate state mode=None-script, software_lock=False
doing actuation None-script close_channel False
Close L ===>> OK
GetIndicatorState L ===>> False
change switch state (True, True)
update switch state L False args=() kw={} ncanvase=3
12:09:20 -- CLOSE  VALVE-L (Microbone to Minibone)
---------------------------------------- close None (Microbone to Minibone) result=[(True, True)]
action=close, ok=True, locked=[False]
open () {'description': 'Microbone to Turbo'}
opening name=--- desc=Microbone to Turbo
checking ownership. requestor=129.138.12.150
check software interlocks U
interlocks []
actuate state mode=None-script, software_lock=False
doing actuation None-script open_channel False
Open U ===>> OK
GetIndicatorState U ===>> OK
change switch state (True, True)
update switch state U True args=() kw={} ncanvase=3
12:09:21 -- OPEN   VALVE-U (Microbone to Turbo)
---------------------------------------- open None (Microbone to Turbo) result=[(True, True)], time=0.13 sec
action=open, ok=True, locked=[False]
open () {'description': 'Microbone to Inlet Pipette'}
opening name=--- desc=Microbone to Inlet Pipette
checking ownership. requestor=129.138.12.150
check software interlocks S
interlocks []
actuate state mode=None-script, software_lock=False
doing actuation None-script open_channel False
Open S ===>> OK
GetIndicatorState S ===>> OK
change switch state (True, True)
update switch state S True args=() kw={} ncanvase=3
12:09:21 -- OPEN   VALVE-S (Microbone to Inlet Pipette)
---------------------------------------- open None (Microbone to Inlet Pipette) result=[(True, True)], time=0.49 sec
action=open, ok=True, locked=[False]
open () {'description': 'Microbone to Getter D-50'}
opening name=--- desc=Microbone to Getter D-50
checking ownership. requestor=129.138.12.150
check software interlocks K
interlocks []
actuate state mode=None-script, software_lock=False
doing actuation None-script open_channel False
Open K ===>> OK
GetIndicatorState K ===>> OK
change switch state (True, True)
update switch state K True args=() kw={} ncanvase=3
12:09:22 -- OPEN   VALVE-K (Microbone to Getter D-50)
---------------------------------------- open None (Microbone to Getter D-50) result=[(True, True)], time=0.40 sec
action=open, ok=True, locked=[False]
open () {'description': 'Microbone to Getter NP-10'}
opening name=--- desc=Microbone to Getter NP-10
checking ownership. requestor=129.138.12.150
check software interlocks M
interlocks []
actuate state mode=None-script, software_lock=False
doing actuation None-script open_channel False
Open M ===>> OK
GetIndicatorState M ===>> OK
change switch state (True, True)
update switch state M True args=() kw={} ncanvase=3
12:09:22 -- OPEN   VALVE-M (Microbone to Getter NP-10)
---------------------------------------- open None (Microbone to Getter NP-10) result=[(True, True)], time=0.14 sec
action=open, ok=True, locked=[False]
close () {'description': 'CO2 Laser to Felix'}
closing name=--- desc=CO2 Laser to Felix
checking ownership. requestor=129.138.12.150
check software interlocks F
interlocks []
actuate state mode=None-script, software_lock=True
VALVE-F(CO2 Laser to Felix) software locked
change switch state (True, False)
---------------------------------------- close None (CO2 Laser to Felix) result=[(True, False)]
action=close, ok=True, locked=[True]
open () {'description': 'CO2 Laser to Jan'}
opening name=--- desc=CO2 Laser to Jan
checking ownership. requestor=129.138.12.150
check software interlocks A
interlocks []
actuate state mode=None-script, software_lock=False
doing actuation None-script open_channel False
Open A ===>> OK
GetIndicatorState A ===>> OK
change switch state (True, True)
update switch state A True args=() kw={} ncanvase=3
12:09:23 -- OPEN   VALVE-A (CO2 Laser to Jan)
---------------------------------------- open None (CO2 Laser to Jan) result=[(True, True)], time=0.14 sec
action=open, ok=True, locked=[False]
open () {'description': 'Microbone to CO2 Laser'}
opening name=--- desc=Microbone to CO2 Laser
checking ownership. requestor=129.138.12.150
check software interlocks T
interlocks []
actuate state mode=None-script, software_lock=False
doing actuation None-script open_channel False
Open T ===>> OK
GetIndicatorState T ===>> OK
change switch state (True, True)
update switch state T True args=() kw={} ncanvase=3
12:09:23 -- OPEN   VALVE-T (Microbone to CO2 Laser)
---------------------------------------- open None (Microbone to CO2 Laser) result=[(True, True)], time=0.40 sec
action=open, ok=True, locked=[False]
executed snippet estimated_duration=0, duration=4.93760895729
PrepareForCO2Analysis.py completed successfully
gosub finished
set_motor ('beam', '1.25') {}
setting motor "beam" to 1.25
set motor beam to 1.25
SetMotor beam,1.25 ===>> OK
GetMotorMoving beam ===>> False
GetMotorMoving beam ===>> False
Block completed
move_to_position ('47',) {'autocenter': True}
FusionsCO2 move to position 47
sending GoToHole 47,True
GoToHole 47,True ===>> OK
GetDriveMoving ===>> False
GetDriveMoving ===>> OK
GetDriveMoving ===>> OK
GetDriveMoving ===>> OK
GetDriveMoving ===>> OK
GetDriveMoving ===>> OK
GetDriveMoving ===>> OK
GetDriveMoving ===>> OK
GetDriveMoving ===>> False
Block completed
GetAutoCorrecting ===>> False
GetAutoCorrecting ===>> False
Block completed
update position
GetPosition ===>> 1.99390,7.97560,1.00000
got position (1.9939, 7.9756, 1.0)
move to position succeeded
sleep (5,) {}
SLEEP 5.0
block started
WaitControl setup for 5.0  
Join finished
block finished. duration 5.04159498215
close () {'description': 'Microbone to Turbo'}
closing name=--- desc=Microbone to Turbo
checking ownership. requestor=129.138.12.150
check software interlocks U
interlocks []
actuate state mode=None-script, software_lock=False
doing actuation None-script close_channel True
Close U ===>> OK
GetIndicatorState U ===>> False
change switch state (True, True)
update switch state U False args=() kw={} ncanvase=3
12:09:34 -- CLOSE  VALVE-U (Microbone to Turbo)
---------------------------------------- close None (Microbone to Turbo) result=[(True, True)]
action=close, ok=True, locked=[False]
enable laser
enable () {}
set extraction state FusionsCO2 Enabled (False, 'red', 1.5)
enabling laser
Enable ===>> OK
begin interval
BEGIN INTERVAL Interval 1 waiting for 30.0
block started
set extract to 0.4
WaitControl setup for 30.0  
extract (0.4,) {}
GetPosition ===>> 1.99390,7.97560,1.00000
set extraction state FusionsCO2 ON! 0.4(watts) (0.75, 'red', 1.5)
extract sample to 0.4 (watts)
set laser output
SetLaserOutput 0.4,watts ===>> OK
executing pattern triangle.lp
execute_pattern ('triangle.lp',) {}
executing pattern triangle.lp
IsPatterning ===>> OK
IsPatterning ===>> OK
IsPatterning ===>> OK
IsPatterning ===>> OK
IsPatterning ===>> OK
IsPatterning ===>> OK
IsPatterning ===>> OK
IsPatterning ===>> OK
IsPatterning ===>> OK
IsPatterning ===>> OK
IsPatterning ===>> OK
IsPatterning ===>> OK
IsPatterning ===>> OK
IsPatterning ===>> OK
IsPatterning ===>> OK
IsPatterning ===>> OK
IsPatterning ===>> OK
IsPatterning ===>> OK
IsPatterning ===>> OK
IsPatterning ===>> OK
IsPatterning ===>> OK
IsPatterning ===>> OK
IsPatterning ===>> OK
IsPatterning ===>> OK
IsPatterning ===>> OK
IsPatterning ===>> OK
IsPatterning ===>> OK
IsPatterning ===>> OK
IsPatterning ===>> False
Join finished
block finished. duration 30.0652480125
Interval 1 finished
IsPatterning ===>> False
Block completed
COMPLETE INTERVAL waiting for Interval 1 to complete
end_extract () {}
ending extraction. set laser power to 0
set laser power 0
SetLaserPower 0 ===>> OK
disable () {}
%%%%%%%%%%%%%%%%%%%%%%%%%%%%%%%%%%% disable
set extraction state False (0.75, 'red', 1.5)
disabling laser
Disable ===>> OK
sleep (30.0,) {}
SLEEP 30.0
block started
WaitControl setup for 30.0  
Join finished
block finished. duration 30.0874090195
executed snippet estimated_duration=165.0, duration=76.7061519623
jan_co2.py completed successfully
GetAchievedOutput ===>> No Response
Requested Output= 0.000
Achieved Output=  0.000
GetResponseBlob ===>> No Response
GetOutputBlob ===>> No Response
persistence save...
persistence save - db
AutomatedRunPersister post_extraction_save deprecated
persistence save - dvc
no extraction position for 47
create new session 4981261616
close session 4981261616
Extraction Finished
12:10:35 -- ******* Extraction Finished *******
no overlap. not waiting for min ms pumptime
12:10:35 -- Sending spectrometer configuration
======== Sending configuration ========
SetDeflection CDD,50.0 ===>> OK
SetDeflection H2,0.0 ===>> OK
SetDeflection H1,0.0 ===>> OK
SetDeflection L2,825.0 ===>> OK
SetDeflection L1,400.0 ===>> OK
SetDeflection AX,190.0 ===>> OK
SetZFocus 74.64 ===>> OK
SetZSymmetry -50.72 ===>> OK
SetExtractionLens 26.13 ===>> OK
SetIonRepeller -3.81 ===>> OK
SetElectronEnergy 75.08 ===>> OK
SetYSymmetry -2.81 ===>> OK
SetIonCounterVoltage 1590.0 ===>> OK
send trap current 200.0
GetParameter Trap Current Readback ===>> 198.147042666178
SetParameter Trap Current Set,200.0 ===>> OK
updating mftable name mftable
Using mftable located at /Users/jan/PychronDev/setupfiles/spectrometer/mftables/mftable.csv
============ MFtable ===========
Isotope  H2     H1     AX     L1     L2     CDD    
Ar40     5.8036 5.8799 5.9933 6.1435 6.2316 6.3717
Ar39     5.7028 5.7722 5.8857 6.0296 6.1167 6.2583
Ar36     5.3804 5.4412 5.5491 5.6884 5.7717 5.9093
================================
get initial guess parabolic
get initial guess parabolic
get initial guess parabolic
get initial guess parabolic
get initial guess parabolic
get initial guess parabolic
======== Configuration Finished ========
GetYSymmetry ===>> -2.81
GetZSymmetry ===>> -50.72
GetParameter Trap Current Readback ===>> 198.147042666178
GetHighVoltage ===>> 4499.94659342336
start measurement
do measurement
L#=65559 analysis type=unknown
Measurement Started jan_unknown120_60.py
12:10:36 -- ******* Measurement Started jan_unknown120_60.py *******
state changed from extraction to measurement
setting spec, defl, and gains
GetExtractionLens ===>> 26.13
GetYSymmetry ===>> -2.81
GetZSymmetry ===>> -50.72
GetZFocus ===>> 74.64
GetDeflection H2 ===>> 0
GetDeflection H1 ===>> 0
GetDeflection AX ===>> 190
GetDeflection L1 ===>> 400
GetDeflection L2 ===>> 825
GetDeflection CDD ===>> 50
GetGain H2 ===>> 0.0113
GetGain H1 ===>> 0.1
GetGain AX ===>> 0.097049
GetGain L1 ===>> 0.010355
GetGain L2 ===>> 0.095649
GetGain CDD ===>> 0
pre measurement save
New frame /Users/jan/PychronDev/data/isotopes/cd/e41f0e-637d-40bf-b5b6-25c55269a51e.h5
flush and close file /Users/jan/PychronDev/data/isotopes/cd/e41f0e-637d-40bf-b5b6-25c55269a51e.h5
testing...
no interpolation path defined
executed snippet estimated_duration=226.132928, duration=0.000205993652344
unknown measurement script
activate_detectors ('H2', 'H1', 'AX', 'L1', 'L2', 'CDD') {}
activate detectors
*************** Set Analysis View Ar/Ar
create graphs
clearing graphs
clear isotope group
setting isotope det=H2, iso=PM41
setting isotope det=H1, iso=Ar40
setting isotope det=AX, iso=Ar39
setting isotope det=L1, iso=Ar38
setting isotope det=L2, iso=Ar37
setting isotope det=CDD, iso=Ar36
setting previous blanks
 - setting Ar40 blank 0.210+/-0.008
 - setting Ar36 blank 0.00456+/-0.00017
 - setting Ar37 blank 0.037+/-0.005
 - setting Ar38 blank 0.0257+/-0.0023
 - setting PM41 blank 0.03+/-0.07
 - setting Ar39 blank 0.028+/-0.009
load analysis view
position_magnet ('Ar40',) {'detector': 'H1'}
detector Detector(H1)
POSITION Ar40 H1
setting detector H2 to PM41 (40.9624)
setting detector H1 to Ar40 (39.9624)
setting detector AX to Ar39 (38.9624)
setting detector L1 to Ar38 (37.9624)
setting detector L2 to Ar37 (36.9624)
setting detector CDD to Ar36 (35.9624)
Mapping mass to dac mass func: "parabolic"
H1 map mass coeffs = [-0.00063987  0.15840543  0.57153999]
H1 map mass to dac 39.9624 >> 5.87993
GetDeflection H1 ===>> 0
GetHighVoltage ===>> 4499.94659342336
positioning Ar40 (5.87989537364) on H1
setting magnet DAC
current  : 5.879898
requested: 5.879895
Delta Dac: 0.000003
Checking detector protection. dv=0.00000
Checking detector "CDD". Protection Threshold: 0.1 (V)
SetMagnetDAC 5.87989537364 ===>> OK
Magnet settling time: 0.500
equilibrate () {'delay': 3, 'inlet': 'R', 'outlet': 'O', 'eqtime': 12.0}
Equilibration Started
12:10:38 -- ******* Equilibration Started *******
checking ownership. requestor=129.138.12.150
check software interlocks O
interlocks []
actuate state mode=None-script, software_lock=False
doing actuation None-script close_channel True
Close O ===>> OK
GetIndicatorState O ===>> False
change switch state (True, True)
update switch state O False args=() kw={} ncanvase=3
12:10:38 -- CLOSE  VALVE-O (Jan Ion Pump)
waiting 3s before opening inlet value ('R',)
update labels <pychron.experiment.plot_panel.PlotPanel object at 0x12ed250b0>
update labels "<pychron.graph.stacked_regression_graph.StackedRegressionGraph object at 0x12ecacf50>"
setting label 0 H2 PM41
setting label 1 H1 Ar40
setting label 2 AX Ar39
setting label 3 L1 Ar38
setting label 4 L2 Ar37
setting label 5 CDD Ar36
update labels "<pychron.graph.stacked_graph.StackedGraph object at 0x13ce4edd0>"
setting label 0 H2 PM41
setting label 1 H1 Ar40
setting label 2 AX Ar39
setting label 3 L1 Ar38
setting label 4 L2 Ar37
setting label 5 CDD Ar36
checking ownership. requestor=129.138.12.150
check software interlocks R
interlocks []
actuate state mode=None-script, software_lock=False
doing actuation None-script open_channel True
Open R ===>> OK
set states for children of R. state=True
handle state [('R', True)]
update switch state R True args=() kw={'refresh': False} ncanvase=3
refresh_canvas_needed fired
GetIndicatorState R ===>> OK
change switch state (True, True)
update switch state R True args=() kw={} ncanvase=3
12:10:41 -- OPEN   VALVE-R (Jan Inlet)
set_time_zero () {}
equilibrating for 12.0sec
sniff (12.0,) {}
py_sniff
build tables- sniff [Detector(H2), Detector(H1), Detector(AX), Detector(L1), Detector(L2), Detector(CDD)]
add group /sniff/PM41 (Group) '' table H2
add group /sniff/Ar40 (Group) '' table H1
add group /sniff/Ar39 (Group) '' table AX
add group /sniff/Ar38 (Group) '' table L1
add group /sniff/Ar37 (Group) '' table L2
add group /sniff/Ar36 (Group) '' table CDD
flush and close file /Users/jan/PychronDev/data/isotopes/cd/e41f0e-637d-40bf-b5b6-25c55269a51e.h5
measuring sniff. ncounts=12.0
"sniff" increment series count="1" fit count="0" regressing="False"
starting measurement
GetData ===>> H2,0.244823319955155,H1,40.9645339671131,AX,10.9622145161721,L1,0.0682465758808918,L2,0.208228826...
GetData ===>> H2,0.896442107511118,H1,176.334018657022,AX,44.4693761107514,L1,0.436171741415756,L2,0.3273675999...
GetData ===>> H2,0.310773412451622,H1,231.315633712016,AX,55.9561860624012,L1,0.610905592614902,L2,0.3025091292...
GetData ===>> H2,0.107592248180939,H1,249.463396055148,AX,59.5998348893614,L1,0.688070022357103,L2,0.2053645604...
GetData ===>> H2,0.0665121427496866,H1,256.440865425006,AX,60.9875136687684,L1,0.781042030611493,L2,0.170794723...
GetData ===>> H2,0.0303666811830872,H1,259.211773189514,AX,61.3699568551379,L1,0.766445387888615,L2,0.157107149...
GetData ===>> H2,-0.118335183622633,H1,260.362269771012,AX,61.5945974326176,L1,0.754675685999441,L2,0.033993803...
GetData ===>> H2,-0.0137290181405877,H1,260.884384949685,AX,61.4572373742852,L1,0.773492965432467,L2,0.16796579...
GetData ===>> H2,-0.0165757233151488,H1,261.064545835751,AX,61.6231390754118,L1,0.770224023256325,L2,0.28011007...
GetData ===>> H2,-0.0175212972683189,H1,261.223114926591,AX,61.5934522345075,L1,0.832710583951822,L2,0.11834771...
GetData ===>> H2,0.0260809604629066,H1,261.178559176652,AX,61.4054112055612,L1,0.85238302577223,L2,0.1451093186...
Equilibration Finished
12:10:53 -- ******* Equilibration Finished *******
checking ownership. requestor=129.138.12.150
check software interlocks R
interlocks []
actuate state mode=None-script, software_lock=False
doing actuation None-script close_channel True
GetData ===>> H2,-0.00204125180640988,H1,261.332758396064,AX,61.4892958562685,L1,0.819053415804307,L2,0.1598901...
Close R ===>> OK
GetIndicatorState R ===>> False
change switch state (True, True)
update switch state R False args=() kw={} ncanvase=3
12:10:54 -- CLOSE  VALVE-R (Jan Inlet)
Post Equilibration Started jan_pump_extraction_line.py
12:10:54 -- ******* Post Equilibration Started jan_pump_extraction_line.py *******
testing...
no interpolation path defined
calculate duration
testing...
no interpolation path defined
executed snippet estimated_duration=4.0, duration=0.000148057937622
executed snippet estimated_duration=4.0, duration=0.00146698951721
Pump after analysis
doing GOSUB
testing...
no interpolation path defined
executed snippet estimated_duration=4.0, duration=0.000140905380249
Pump Microbone
close () {'description': 'Jan Inlet'}
closing name=--- desc=Jan Inlet
checking ownership. requestor=129.138.12.150
check software interlocks R
interlocks []
actuate state mode=None-script, software_lock=False
doing actuation None-script close_channel False
measurement finished
estimated time: 12.583 actual time: :12.666
flush and close file /Users/jan/PychronDev/data/isotopes/cd/e41f0e-637d-40bf-b5b6-25c55269a51e.h5
set_fits () {}
Close R ===>> OK
using default fits file=/Users/jan/PychronDev/scripts/measurement/fits/nominal_linear.yaml
set "Ar40" to "('Linear', 'SEM')"
No fit for "PM41". defaulting to linear. check the measurement script "jan_unknown120_60.py"
set "PM41" to "linear"
set "Ar36" to "('Linear', 'SEM')"
set "Ar37" to "('linear', 'SEM')"
set "Ar38" to "('linear', 'SEM')"
set "Ar39" to "('Linear', 'SEM')"
set_baseline_fits () {}
using default fits file=/Users/jan/PychronDev/scripts/measurement/fits/nominal_linear.yaml
set "H1" to "('average', 'SEM')"
set "H2" to "('average', 'SEM')"
set "CDD" to "('average', 'SEM')"
set "L2" to "('average', 'SEM')"
set "L1" to "('average', 'SEM')"
set "AX" to "('average', 'SEM')"
multicollect () {'integration_time': 1, 'ncounts': 120}
build tables- signal [Detector(H2), Detector(H1), Detector(AX), Detector(L1), Detector(L2), Detector(CDD)]
add group /signal/PM41 (Group) '' table H2
add group /signal/Ar40 (Group) '' table H1
add group /signal/Ar39 (Group) '' table AX
add group /signal/Ar38 (Group) '' table L1
add group /signal/Ar37 (Group) '' table L2
add group /signal/Ar36 (Group) '' table CDD
flush and close file /Users/jan/PychronDev/data/isotopes/cd/e41f0e-637d-40bf-b5b6-25c55269a51e.h5
measuring signal. ncounts=120
GetIndicatorState R ===>> False
change switch state (True, True)
update switch state R False args=() kw={} ncanvase=3
12:10:54 -- CLOSE  VALVE-R (Jan Inlet)
---------------------------------------- close None (Jan Inlet) result=[(True, True)]
action=close, ok=True, locked=[False]
is_closed ('F',) {}
is F () closed?
is closed True
open () {'description': 'CO2 Laser to Jan'}
opening name=--- desc=CO2 Laser to Jan
checking ownership. requestor=129.138.12.150
check software interlocks A
interlocks []
actuate state mode=None-script, software_lock=False
doing actuation None-script open_channel False
Open A ===>> OK
GetIndicatorState A ===>> OK
change switch state (True, True)
update switch state A True args=() kw={} ncanvase=3
12:10:55 -- OPEN   VALVE-A (CO2 Laser to Jan)
---------------------------------------- open None (CO2 Laser to Jan) result=[(True, True)], time=0.13 sec
starting measurement
GetData ===>> H2,0.06405418556079,H1,261.296699827803,AX,61.7555690816827,L1,0.836101920587163,L2,0.29101797610...
action=open, ok=True, locked=[False]
sleep (1,) {}
SLEEP 1.0
"signal" increment series count="2" fit count="1" regressing="True"
GetData ===>> H2,0.181757568651732,H1,261.111414525445,AX,61.7085992702638,L1,0.842454834102124,L2,0.1071413064...
close () {'description': 'CO2 Laser to Roughing'}
closing name=--- desc=CO2 Laser to Roughing
checking ownership. requestor=129.138.12.150
check software interlocks G
interlocks []
actuate state mode=None-script, software_lock=True
VALVE-G(CO2 Laser to Roughing) software locked
change switch state (True, False)
---------------------------------------- close None (CO2 Laser to Roughing) result=[(True, False)]
action=close, ok=True, locked=[True]
open () {'description': 'Microbone to Turbo'}
opening name=--- desc=Microbone to Turbo
checking ownership. requestor=129.138.12.150
check software interlocks U
interlocks []
actuate state mode=None-script, software_lock=False
doing actuation None-script open_channel True
Open U ===>> OK
GetIndicatorState U ===>> OK
change switch state (True, True)
update switch state U True args=() kw={} ncanvase=3
12:10:56 -- OPEN   VALVE-U (Microbone to Turbo)
---------------------------------------- open None (Microbone to Turbo) result=[(True, True)], time=0.20 sec
action=open, ok=True, locked=[False]
open () {'description': 'Microbone to Getter NP-10'}
opening name=--- desc=Microbone to Getter NP-10
checking ownership. requestor=129.138.12.150
check software interlocks M
interlocks []
actuate state mode=None-script, software_lock=False
doing actuation None-script open_channel False
Open M ===>> OK
GetIndicatorState M ===>> OK
change switch state (True, True)
update switch state M True args=() kw={} ncanvase=3
12:10:57 -- OPEN   VALVE-M (Microbone to Getter NP-10)
---------------------------------------- open None (Microbone to Getter NP-10) result=[(True, True)], time=0.13 sec
action=open, ok=True, locked=[False]
open () {'description': 'Microbone to Getter D-50'}
opening name=--- desc=Microbone to Getter D-50
checking ownership. requestor=129.138.12.150
check software interlocks K
interlocks []
actuate state mode=None-script, software_lock=False
doing actuation None-script open_channel False
GetData ===>> H2,0.0471028558559669,H1,261.094012897377,AX,61.6090888901859,L1,0.759433677985644,L2,0.175460352...
Open K ===>> OK
GetIndicatorState K ===>> OK
change switch state (True, True)
update switch state K True args=() kw={} ncanvase=3
12:10:57 -- OPEN   VALVE-K (Microbone to Getter D-50)
---------------------------------------- open None (Microbone to Getter D-50) result=[(True, True)], time=0.56 sec
action=open, ok=True, locked=[False]
open () {'description': 'Microbone to CO2 Laser'}
opening name=--- desc=Microbone to CO2 Laser
checking ownership. requestor=129.138.12.150
check software interlocks T
interlocks []
actuate state mode=None-script, software_lock=False
doing actuation None-script open_channel False
Open T ===>> OK
GetIndicatorState T ===>> OK
change switch state (True, True)
update switch state T True args=() kw={} ncanvase=3
GetData ===>> H2,0.0322622774111728,H1,261.01480122475,AX,61.3731296500068,L1,0.77871816509393,L2,0.10283237577...
12:10:58 -- OPEN   VALVE-T (Microbone to CO2 Laser)
---------------------------------------- open None (Microbone to CO2 Laser) result=[(True, True)], time=0.42 sec
action=open, ok=True, locked=[False]
open () {'description': 'Microbone to Inlet Pipette'}
opening name=--- desc=Microbone to Inlet Pipette
checking ownership. requestor=129.138.12.150
check software interlocks S
interlocks []
actuate state mode=None-script, software_lock=False
doing actuation None-script open_channel False
Open S ===>> OK
GetIndicatorState S ===>> OK
change switch state (True, True)
update switch state S True args=() kw={} ncanvase=3
12:10:59 -- OPEN   VALVE-S (Microbone to Inlet Pipette)
---------------------------------------- open None (Microbone to Inlet Pipette) result=[(True, True)], time=0.41 sec
action=open, ok=True, locked=[False]
sleep (1,) {}
SLEEP 1.0
testing H1>-5.0
evaluate ot="H1.bs>-5.0" t="H1>-5.0", ctx="{'H1': None}"
GetData ===>> H2,-0.0392843489340883,H1,260.864245872806,AX,61.5713748156948,L1,0.802000542150126,L2,0.15285299...
set_resource () {'name': 'CO2PumpTimeFlag', 'value': 30}
Set CO2PumpTimeFlag 30 ===>> OK
release ('JanCO2Flag',) {}
release JanCO2Flag
Set JanCO2Flag 0 ===>> OK
executed snippet estimated_duration=6.0, duration=6.1089861393
PumpMicrobone.py completed successfully
gosub finished
get_resource_value () {'name': 'JanMiniboneFlag'}
Read JanMiniboneFlag ===>> 0
Get Resource Value JanMiniboneFlag=0.0
get resource value 0.0
get_resource_value () {'name': 'JanMiniboneFlag'}
Read JanMiniboneFlag ===>> 0
Get Resource Value JanMiniboneFlag=0.0
executed snippet estimated_duration=4.0, duration=6.1246380806
jan_pump_extraction_line.py completed successfully
Post Equilibration Finished
12:11:00 -- ******* Post Equilibration Finished *******
GetData ===>> H2,-0.126760821504258,H1,260.72022904894,AX,61.4696629001686,L1,0.782265849886872,L2,0.0924256263...
GetData ===>> H2,-0.0593004272234796,H1,260.64769783206,AX,61.4712352577957,L1,0.784927091589383,L2,0.043765552...
GetData ===>> H2,-0.089405327861278,H1,260.374896165035,AX,61.2672860353047,L1,0.762400410703603,L2,0.233600148...
GetData ===>> H2,-0.113742404226584,H1,260.377696024442,AX,61.349549121557,L1,0.815041967865032,L2,0.0701439955...
testing H1>-5.0
evaluate ot="H1.bs>-5.0" t="H1>-5.0", ctx="{'H1': None}"
GetData ===>> H2,-0.10165014980374,H1,260.167692233518,AX,61.3116935412083,L1,0.79270154381623,L2,0.19725150757...
GetData ===>> H2,-0.0734084303311101,H1,260.332518136746,AX,61.2244643979351,L1,0.758724177254283,L2,0.10848646...
GetData ===>> H2,-0.0883740532818628,H1,260.36108951304,AX,61.2902429903602,L1,0.786597724940432,L2,0.111051430...
GetData ===>> H2,0.00601010933091215,H1,260.406794617767,AX,61.3105187024831,L1,0.79334406120319,L2,0.171285231...
GetData ===>> H2,-0.0582927886621817,H1,260.066447846261,AX,61.2928516491186,L1,0.76233566394658,L2,0.196487021...
testing H1>-5.0
evaluate ot="H1.bs>-5.0" t="H1>-5.0", ctx="{'H1': None}"
GetData ===>> H2,-0.105054035623039,H1,259.975147371544,AX,61.2228176980299,L1,0.782323180980547,L2,0.059628240...
GetData ===>> H2,-0.181326055059261,H1,259.667388935239,AX,61.1844159581758,L1,0.810309692856409,L2,0.155156829...
GetData ===>> H2,-0.236541029710157,H1,259.614176713778,AX,61.1190171129759,L1,0.819495343107942,L2,0.108554860...
GetData ===>> H2,-0.135468171888801,H1,259.799326545347,AX,61.203287623784,L1,0.764476254877064,L2,0.1566851467...
GetData ===>> H2,-0.0243302221681845,H1,259.575594802495,AX,61.2221163322834,L1,0.752267379947101,L2,0.18792976...
testing H1>-5.0
evaluate ot="H1.bs>-5.0" t="H1>-5.0", ctx="{'H1': None}"
GetData ===>> H2,-0.101457931796712,H1,259.680760135517,AX,60.992829087282,L1,0.783110892167892,L2,0.1184845251...
GetData ===>> H2,-0.222775970071039,H1,259.514720893364,AX,61.0628335098984,L1,0.81436932083023,L2,0.1299203063...
GetData ===>> H2,-0.286882283378066,H1,259.491876790756,AX,61.005410299396,L1,0.779653879414269,L2,0.1031857463...
GetData ===>> H2,-0.140839087285889,H1,259.228146410539,AX,61.1763833878246,L1,0.748522782510626,L2,0.149967574...
GetData ===>> H2,-0.106114919185533,H1,259.419873148014,AX,61.1612189041499,L1,0.774204715838054,L2,0.134333081...
testing H1>-5.0
evaluate ot="H1.bs>-5.0" t="H1>-5.0", ctx="{'H1': None}"
12:11:20 -- collecting point 25
GetData ===>> H2,-0.0877872284828961,H1,259.291465923155,AX,61.1093211642851,L1,0.809516931606723,L2,0.14189342...
GetData ===>> H2,-0.162212317152614,H1,258.791955365082,AX,61.0577742341593,L1,0.812965568051178,L2,0.111450431...
GetData ===>> H2,-0.120927105143479,H1,258.716149017624,AX,61.0635649880137,L1,0.775699779914899,L2,0.088242728...
GetData ===>> H2,-0.0497805843126865,H1,258.757658915519,AX,60.986142966316,L1,0.735117626658678,L2,0.097155826...
GetData ===>> H2,-0.174830123616551,H1,258.635989733402,AX,60.9315469462,L1,0.732873267294223,L2,0.090545009269...
testing H1>-5.0
evaluate ot="H1.bs>-5.0" t="H1>-5.0", ctx="{'H1': None}"
GetData ===>> H2,-0.124447436918502,H1,258.675232389325,AX,60.9992870850862,L1,0.74241952686881,L2,0.1190317696...
GetData ===>> H2,-0.102473130981755,H1,258.504468619542,AX,60.7495759410829,L1,0.792420844716333,L2,0.137389076...
GetData ===>> H2,-0.156888299904819,H1,258.579776411598,AX,60.6619625531758,L1,0.793074573380452,L2,0.025853342...
GetData ===>> H2,-0.062359413177448,H1,258.470514667533,AX,60.694751562424,L1,0.780161019222072,L2,0.1734982510...
GetData ===>> H2,-0.120127676803256,H1,258.596316352789,AX,61.0211309388033,L1,0.833078085473361,L2,0.139122370...
testing H1>-5.0
evaluate ot="H1.bs>-5.0" t="H1>-5.0", ctx="{'H1': None}"
GetData ===>> H2,-0.0382392437070522,H1,258.542244737486,AX,60.8627513873049,L1,0.804707967206297,L2,0.08565557...
GetData ===>> H2,-0.0608313788938634,H1,258.380405245407,AX,60.8011151066409,L1,0.753719270497781,L2,0.12130058...
GetData ===>> H2,-0.194320224176786,H1,258.092470768925,AX,60.7859731769889,L1,0.732891926829233,L2,0.112784247...
GetData ===>> H2,-0.183438825156064,H1,257.776361045817,AX,60.742025156627,L1,0.782386744082117,L2,0.1842903066...
GetData ===>> H2,-0.120557833058347,H1,257.952885288935,AX,60.7286601447511,L1,0.791376710150834,L2,0.099196153...
testing H1>-5.0
evaluate ot="H1.bs>-5.0" t="H1>-5.0", ctx="{'H1': None}"
GetData ===>> H2,-0.152228148648171,H1,257.990804150602,AX,60.6409850478423,L1,0.76808723836758,L2,0.0978055351...
GetData ===>> H2,-0.187342230146208,H1,257.695318069242,AX,60.6472216545603,L1,0.757492000994605,L2,0.218454155...
GetData ===>> H2,-0.278679058877419,H1,257.931733972944,AX,60.6050316280641,L1,0.742805152022285,L2,0.074033520...
GetData ===>> H2,-0.224590105090562,H1,257.803813878033,AX,60.5480226723293,L1,0.780669429752799,L2,0.173954550...
GetData ===>> H2,-0.240428473413213,H1,257.74196000494,AX,60.6804024818401,L1,0.78894828391905,L2,0.18446143785...
testing H1>-5.0
evaluate ot="H1.bs>-5.0" t="H1>-5.0", ctx="{'H1': None}"
GetData ===>> H2,-0.167933319609949,H1,257.567122177683,AX,60.5531488189797,L1,0.771785460592656,L2,0.142942570...
GetData ===>> H2,-0.131681453052236,H1,257.303700143417,AX,60.5692891595691,L1,0.771881422447785,L2,0.194376160...
GetData ===>> H2,-0.250913643429645,H1,257.186871254664,AX,60.4907211998112,L1,0.777598159085144,L2,0.071683818...
GetData ===>> H2,-0.284981613121305,H1,257.010406398658,AX,60.6656746679419,L1,0.769662062574365,L2,0.129441412...
GetData ===>> H2,-0.19452372936384,H1,257.003078518206,AX,60.4467588565338,L1,0.720131622993193,L2,0.1330445759...
testing H1>-5.0
evaluate ot="H1.bs>-5.0" t="H1>-5.0", ctx="{'H1': None}"
12:11:46 -- collecting point 50
GetData ===>> H2,-0.177475914262551,H1,256.838151579077,AX,60.3968103640289,L1,0.711544829182231,L2,0.176566904...
GetData ===>> H2,-0.17668629145987,H1,256.682135766669,AX,60.3219380807427,L1,0.756180328572004,L2,0.0861912375...
GetData ===>> H2,-0.185436554740795,H1,256.75933233588,AX,60.2606110421133,L1,0.756194016902644,L2,0.2308378517...
GetData ===>> H2,-0.165765672273574,H1,256.676500213505,AX,60.4471692232962,L1,0.733811261231222,L2,0.145747948...
GetData ===>> H2,-0.229665980549031,H1,256.734196338555,AX,60.4402235637958,L1,0.737949802442528,L2,0.193372090...
testing H1>-5.0
evaluate ot="H1.bs>-5.0" t="H1>-5.0", ctx="{'H1': None}"
GetData ===>> H2,-0.192960284316092,H1,256.410226953307,AX,60.2848527362227,L1,0.759255675906991,L2,0.232527180...
GetData ===>> H2,-0.277275734370515,H1,256.32135826069,AX,60.2525011285156,L1,0.771448977928997,L2,0.1589320460...
GetData ===>> H2,-0.214404827832843,H1,256.316706260091,AX,60.367439714045,L1,0.779712442214979,L2,0.0983298644...
GetData ===>> H2,-0.281997653057164,H1,256.157941099575,AX,60.5523730387562,L1,0.797680093505643,L2,0.130045731...
GetData ===>> H2,-0.140859360275897,H1,256.343531379233,AX,60.2411875979709,L1,0.76577651363338,L2,0.0881401527...
testing H1>-5.0
evaluate ot="H1.bs>-5.0" t="H1>-5.0", ctx="{'H1': None}"
GetData ===>> H2,-0.0927383745355647,H1,256.158621021746,AX,60.2310594232201,L1,0.734954633092281,L2,0.08181487...
GetData ===>> H2,-0.24608868779553,H1,256.050620391452,AX,60.312289687497,L1,0.747459900074464,L2,0.20392675414...
GetData ===>> H2,-0.136241589011516,H1,256.019546597256,AX,60.3581070602323,L1,0.721918418623252,L2,0.188135127...
GetData ===>> H2,-0.0858687865958081,H1,255.644096550736,AX,60.1690947179113,L1,0.75833210541089,L2,0.056891140...
GetData ===>> H2,-0.0998537321854744,H1,255.730529230276,AX,60.3375441929355,L1,0.772892191060949,L2,0.15708433...
testing H1>-5.0
evaluate ot="H1.bs>-5.0" t="H1>-5.0", ctx="{'H1': None}"
GetData ===>> H2,-0.191965497357643,H1,255.603671627306,AX,60.2839109302092,L1,0.763062842877416,L2,0.091935522...
GetData ===>> H2,-0.203789837236626,H1,255.408397049654,AX,60.0594259366517,L1,0.755763465273539,L2,0.122759956...
GetData ===>> H2,-0.211312568180443,H1,255.512660297137,AX,60.033464776402,L1,0.732319716264156,L2,0.1390995639...
GetData ===>> H2,-0.1699021989035,H1,255.470684032121,AX,60.2185331839257,L1,0.733401967037873,L2,0.24148796992...
GetData ===>> H2,-0.171344567025772,H1,255.695973347913,AX,60.0722036230702,L1,0.759639068767172,L2,0.168034238...
testing H1>-5.0
evaluate ot="H1.bs>-5.0" t="H1>-5.0", ctx="{'H1': None}"
GetData ===>> H2,-0.0893091156615188,H1,255.322908396505,AX,59.9925636651808,L1,0.792511915154861,L2,0.15700449...
GetData ===>> H2,-0.219067333029258,H1,255.162866688493,AX,60.0576808651914,L1,0.780832674649295,L2,0.122360908...
GetData ===>> H2,-0.318741481794961,H1,255.035738437078,AX,60.0003348825914,L1,0.732710308773066,L2,0.073531637...
GetData ===>> H2,-0.214662029103165,H1,254.923090108461,AX,59.8780994196543,L1,0.767668654119683,L2,0.136203156...
GetData ===>> H2,-0.113655781229066,H1,254.984927219515,AX,59.7805333357459,L1,0.742978065989969,L2,0.143489954...
testing H1>-5.0
evaluate ot="H1.bs>-5.0" t="H1>-5.0", ctx="{'H1': None}"
12:12:13 -- collecting point 75
GetData ===>> H2,-0.109344098808163,H1,254.846108641186,AX,59.9357510484918,L1,0.721252372787383,L2,0.212496855...
GetData ===>> H2,-0.142022969173387,H1,255.16053308455,AX,60.0467709169445,L1,0.721633852792109,L2,0.1528415885...
GetData ===>> H2,-0.211009492006131,H1,254.64170412118,AX,59.9675381040906,L1,0.79500605611046,L2,0.16009543599...
GetData ===>> H2,-0.293543515589741,H1,254.596168842839,AX,59.7345660495322,L1,0.772591816818382,L2,0.061019630...
GetData ===>> H2,-0.156414122294231,H1,254.632677653967,AX,59.9088406721491,L1,0.756307257416668,L2,0.194718458...
testing H1>-5.0
evaluate ot="H1.bs>-5.0" t="H1>-5.0", ctx="{'H1': None}"
GetData ===>> H2,-0.124201333196014,H1,254.6212121176,AX,59.8466378933459,L1,0.779319953113525,L2,0.17183277790...
GetData ===>> H2,-0.14467544306982,H1,254.37841707105,AX,59.9037140866136,L1,0.780622076748044,L2,0.12188205228...
GetData ===>> H2,-0.138127586272234,H1,254.267165021476,AX,59.8493212960494,L1,0.732248814096104,L2,0.164908826...
GetData ===>> H2,-0.195500013053304,H1,254.254272863032,AX,59.778137532624,L1,0.757879062934785,L2,0.2722493946...
GetData ===>> H2,-0.173494960098218,H1,254.009752853023,AX,59.8205408156819,L1,0.750462137135158,L2,0.146660284...
testing H1>-5.0
evaluate ot="H1.bs>-5.0" t="H1>-5.0", ctx="{'H1': None}"
GetData ===>> H2,-0.310410567726269,H1,254.048920470504,AX,59.7010561794753,L1,0.72663663230108,L2,0.1909988782...
GetData ===>> H2,-0.259588531573767,H1,254.166538945593,AX,59.8414986529006,L1,0.733288760839383,L2,0.222916666...
GetData ===>> H2,-0.185003585881688,H1,253.820015565822,AX,59.6429978044856,L1,0.743246772514083,L2,0.160836819...
GetData ===>> H2,-0.16143183384604,H1,253.838819270239,AX,59.72183398712,L1,0.756642008530112,L2,0.210020462440...
GetData ===>> H2,-0.00599108734933941,H1,253.687887069642,AX,59.5886525071416,L1,0.744279366552739,L2,0.0405614...
testing H1>-5.0
evaluate ot="H1.bs>-5.0" t="H1>-5.0", ctx="{'H1': None}"
GetData ===>> H2,-0.122065956584936,H1,253.770213567151,AX,59.7337172057235,L1,0.72006825825351,L2,0.1620116384...
GetData ===>> H2,-0.250274828533012,H1,253.578306179524,AX,59.564230452767,L1,0.759880563698127,L2,0.1355759932...
GetData ===>> H2,-0.216226656308219,H1,253.582740311506,AX,59.5346030432899,L1,0.736807183411718,L2,0.110082434...
GetData ===>> H2,-0.109487622265644,H1,253.261958828615,AX,59.4687919961864,L1,0.712254379411747,L2,0.171216788...
GetData ===>> H2,-0.103178302626282,H1,253.095714429421,AX,59.4669893545205,L1,0.746641031642612,L2,0.089222900...
testing H1>-5.0
evaluate ot="H1.bs>-5.0" t="H1>-5.0", ctx="{'H1': None}"
GetData ===>> H2,0.0105358835847653,H1,253.102089752193,AX,59.6239000446202,L1,0.743032801943321,L2,0.148370937...
GetData ===>> H2,-0.100054100294692,H1,253.143587760581,AX,59.5755318872869,L1,0.755628452553002,L2,0.062342609...
GetData ===>> H2,-0.109306186648665,H1,253.120703479068,AX,59.7487092270787,L1,0.79362478506349,L2,0.0439251929...
GetData ===>> H2,-0.102395979028579,H1,252.919541388101,AX,59.5498097058292,L1,0.739090059486523,L2,0.164863201...
GetData ===>> H2,0.0582129827329366,H1,252.802482004603,AX,59.4932331661053,L1,0.758396827368091,L2,0.144151381...
testing H1>-5.0
evaluate ot="H1.bs>-5.0" t="H1>-5.0", ctx="{'H1': None}"
12:12:39 -- collecting point 100
GetData ===>> H2,0.0034548664769688,H1,252.790494232895,AX,59.5211548417738,L1,0.71760106007121,L2,0.0832736375...
GetData ===>> H2,-0.197508304474077,H1,252.776751623847,AX,59.3968576677276,L1,0.721749417892168,L2,0.166220574...
GetData ===>> H2,-0.210655219336022,H1,252.741494441127,AX,59.3189722280913,L1,0.772452226746075,L2,0.206631217...
GetData ===>> H2,-0.228695412522886,H1,252.53518668622,AX,59.3886975868947,L1,0.768472201175684,L2,0.1275942740...
GetData ===>> H2,-0.143040522313889,H1,252.663656517694,AX,59.3502659617281,L1,0.733409431225981,L2,0.096369343...
testing H1>-5.0
evaluate ot="H1.bs>-5.0" t="H1>-5.0", ctx="{'H1': None}"
GetData ===>> H2,-0.217182237781726,H1,252.582381348761,AX,59.3383861461937,L1,0.740015288676768,L2,0.081871853...
GetData ===>> H2,-0.183334949763212,H1,252.229970053683,AX,59.3555176483599,L1,0.746349838588025,L2,0.145747948...
GetData ===>> H2,-0.248165810259511,H1,252.447272729873,AX,59.2704123147484,L1,0.763247135984719,L2,0.079854688...
GetData ===>> H2,-0.177867330796147,H1,252.372666055655,AX,59.2672641195895,L1,0.753963347382799,L2,0.095810830...
GetData ===>> H2,-0.151412612321192,H1,251.806628715354,AX,59.183789752926,L1,0.792467003606696,L2,0.1020458458...
testing H1>-5.0
evaluate ot="H1.bs>-5.0" t="H1>-5.0", ctx="{'H1': None}"
GetData ===>> H2,-0.222859477854049,H1,251.679913389683,AX,59.1567937538556,L1,0.792145143150959,L2,0.164521009...
GetData ===>> H2,-0.25086657409211,H1,251.894230948219,AX,59.1389810514658,L1,0.746245309728331,L2,0.1627644427...
GetData ===>> H2,-0.176620149614957,H1,251.712494391315,AX,59.2300365773797,L1,0.735224631452636,L2,0.237755157...
GetData ===>> H2,-0.161888247565326,H1,251.503941815232,AX,59.1325098228831,L1,0.757595299080832,L2,0.113092053...
GetData ===>> H2,-0.232209792315776,H1,251.618224459513,AX,59.2387068956331,L1,0.789939792046219,L2,0.063699822...
testing H1>-5.0
evaluate ot="H1.bs>-5.0" t="H1>-5.0", ctx="{'H1': None}"
GetData ===>> H2,-0.234658847571113,H1,251.418136411253,AX,59.3747857820127,L1,0.762594653381345,L2,0.096870868...
GetData ===>> H2,-0.174200982432118,H1,251.448688176801,AX,59.0413420145645,L1,0.743174619157219,L2,0.110082434...
GetData ===>> H2,-0.183000383578088,H1,251.416144633503,AX,58.9412150684891,L1,0.746000168768538,L2,0.120023658...
GetData ===>> H2,-0.206803303184332,H1,251.351475235403,AX,58.9536189629809,L1,0.754242299376876,L2,0.123261619...
GetData ===>> H2,-0.221338731372096,H1,251.13892028914,AX,58.9743351141402,L1,0.75504308241734,L2,0.14847357763...
testing H1>-5.0
evaluate ot="H1.bs>-5.0" t="H1>-5.0", ctx="{'H1': None}"
GetData ===>> H2,-0.166397383183401,H1,251.149167181414,AX,59.0280980520072,L1,0.751154317500985,L2,0.109124847...
measurement finished
estimated time: 125.829 actual time: :126.177
flush and close file /Users/jan/PychronDev/data/isotopes/cd/e41f0e-637d-40bf-b5b6-25c55269a51e.h5
baselines () {'settling_time': 15.0, 'detector': 'H1', 'mass': 34.2, 'ncounts': 60}
%%%%%%%%%%%%%%%%%%%%%%%%%%%%%%%% Baseline
build tables- baseline [Detector(H2), Detector(H1), Detector(AX), Detector(L1), Detector(L2), Detector(CDD)]
add group baseline table H2
add group baseline table H1
add group baseline table AX
add group baseline table L1
add group baseline table L2
add group baseline table CDD
flush and close file /Users/jan/PychronDev/data/isotopes/cd/e41f0e-637d-40bf-b5b6-25c55269a51e.h5
detector Detector(H1)
POSITION 34.2 H1
Mapping mass to dac mass func: "parabolic"
H1 map mass coeffs = [-0.00063987  0.15840543  0.57153999]
H1 map mass to dac 34.2 >> 5.24058599104
GetDeflection H1 ===>> 0
GetHighVoltage ===>> 4499.94659342336
positioning 34.2 (5.24055512972) on H1
setting magnet DAC
current  : 5.879895
requested: 5.240555
Delta Dac: 0.639340
Checking detector protection. dv=0.63934
Checking detector "CDD". Protection Threshold: 0.1 (V)
ProtectDetector CDD,On ===>> OK
GetDeflection CDD ===>> 2000
Protected = 2000
SetMagnetDAC 5.24055512972 ===>> OK
Magnet settling time: 0.500
GetMagnetMoving ===>> True
GetMagnetMoving ===>> True
GetMagnetMoving ===>> True
GetMagnetMoving ===>> True
GetMagnetMoving ===>> True
GetMagnetMoving ===>> True
GetMagnetMoving ===>> True
GetMagnetMoving ===>> True
GetMagnetMoving ===>> False
ProtectDetector CDD,Off ===>> OK
GetDeflection CDD ===>> 50
Delaying 15.0s for detectors to settle
Join finished
measuring baseline. ncounts=60
"baseline" increment series count="2" fit count="1" regressing="True"
starting measurement
GetData ===>> H2,-0.154984714774623,H1,-0.0415292964983437,AX,-0.096702045386517,L1,-0.0386765827482954,L2,-0.0...
GetData ===>> H2,-0.0967719505711034,H1,-0.118204656522658,AX,-0.0598064410757318,L1,-0.0397222984236823,L2,0.0...
GetData ===>> H2,-0.203415119427559,H1,-0.0786406899612622,AX,-0.00989455791421223,L1,-0.024857925618599,L2,0.0...
GetData ===>> H2,-0.146824802542492,H1,-0.0513896568201887,AX,-0.20785128173571,L1,-0.0601496754041481,L2,-0.09...
testing H1>-5.0
evaluate ot="H1.bs>-5.0" t="H1>-5.0", ctx="{'H1': None}"
GetData ===>> H2,-0.163810924822806,H1,-0.0630729857677313,AX,-0.154026190363439,L1,-0.0513472056743918,L2,-0.0...
GetData ===>> H2,-0.140248451604964,H1,-0.0283647377409267,AX,-0.0167496808012547,L1,-0.00444440875575003,L2,-0...
GetData ===>> H2,-0.174103772951755,H1,0.000856275745708857,AX,-0.133712342221758,L1,-0.0711946681175997,L2,0.0...
GetData ===>> H2,-0.180368028106113,H1,-0.0613682584776008,AX,-0.11079356313453,L1,-0.0722380282289605,L2,0.008...
GetData ===>> H2,-0.163312734291578,H1,-0.000956868009871337,AX,-0.147707554054765,L1,-0.0553564634947888,L2,-0...
testing H1>-5.0
evaluate ot="H1.bs>-5.0" t="H1>-5.0", ctx="{'H1': None}"
GetData ===>> H2,-0.205223894326751,H1,-0.10760018822975,AX,-0.180084778099291,L1,-0.0222858857391207,L2,-0.012...
GetData ===>> H2,-0.265607279722023,H1,-0.0282574108523502,AX,0.0264189663567132,L1,-0.0216721425061076,L2,-0.0...
GetData ===>> H2,-0.207032380010096,H1,-0.0601880456490232,AX,-0.0862827441229891,L1,-0.0202023629545033,L2,-0....
GetData ===>> H2,-0.245231628882864,H1,-0.0404561636003774,AX,-0.0157057846209892,L1,-0.0181220061001271,L2,-0....
GetData ===>> H2,-0.206804650708641,H1,0.0434507429419863,AX,0.0248756560168116,L1,-0.00310673197458322,L2,-0.0...
testing H1>-5.0
evaluate ot="H1.bs>-5.0" t="H1>-5.0", ctx="{'H1': None}"
GetData ===>> H2,-0.237796091947931,H1,-0.00396279714143228,AX,-0.0226184886899942,L1,-0.0277252263352568,L2,0....
GetData ===>> H2,-0.199020020062014,H1,0.0439161607329154,AX,-0.200643877852549,L1,-0.0196652284335313,L2,-0.02...
GetData ===>> H2,-0.117055237960863,H1,-0.0952785290968759,AX,-0.155301461668939,L1,-0.033678883495143,L2,-0.13...
GetData ===>> H2,-0.167954913013853,H1,-0.05236729378002,AX,-0.123179897567165,L1,-0.0410972549328978,L2,-0.065...
GetData ===>> H2,-0.305126120576957,H1,-0.0188956782984693,AX,-0.0161697398610846,L1,-0.074608329375727,L2,-0.0...
testing H1>-5.0
evaluate ot="H1.bs>-5.0" t="H1>-5.0", ctx="{'H1': None}"
GetData ===>> H2,-0.312640080384428,H1,-0.0578156565393282,AX,-0.125508676735356,L1,-0.0796588557097001,L2,0.02...
GetData ===>> H2,-0.267232503699214,H1,-0.0611775179533368,AX,-0.140773972535167,L1,-0.0341901276022858,L2,-0.0...
GetData ===>> H2,-0.253520978120425,H1,-0.0136837356482509,AX,-0.114513105201359,L1,-0.0149496831051948,L2,0.06...
GetData ===>> H2,-0.151639456129483,H1,-0.0172975370914095,AX,-0.0826084863601886,L1,-0.025537380844212,L2,0.10...
GetData ===>> H2,-0.0865865077631468,H1,-0.031906460496711,AX,-0.0573949311948915,L1,-0.0126573263445482,L2,-0....
testing H1>-5.0
evaluate ot="H1.bs>-5.0" t="H1>-5.0", ctx="{'H1': None}"
12:13:45 -- collecting point 25
GetData ===>> H2,-0.178450381372781,H1,-0.0140773243149315,AX,-0.0943146288476741,L1,-0.0444859350468248,L2,-0....
GetData ===>> H2,-0.34822425256911,H1,-0.018001199423767,AX,-0.0463800637303837,L1,-0.0463246837888015,L2,-0.04...
GetData ===>> H2,-0.0929808629630133,H1,-0.0153177148370485,AX,0.0123676223066209,L1,-0.0409307850161451,L2,-0....
GetData ===>> H2,-0.206521667080816,H1,0.00233544366061729,AX,-0.0279998513045706,L1,-0.0644071920243003,L2,0.0...
GetData ===>> H2,-0.276032068295462,H1,-0.0429243520629228,AX,-0.0763607705488633,L1,-0.0409727021614112,L2,0.0...
testing H1>-5.0
evaluate ot="H1.bs>-5.0" t="H1>-5.0", ctx="{'H1': None}"
GetData ===>> H2,-0.163636763143541,H1,-0.0507577644354161,AX,-0.139452129998687,L1,0.00778975070733876,L2,-0.0...
GetData ===>> H2,-0.204660536439375,H1,0.00621239877076643,AX,-0.164575659090914,L1,-0.0241532568991834,L2,-0.0...
GetData ===>> H2,-0.231079280021236,H1,-0.088664246709169,AX,-0.09134766063487,L1,-0.0334837178809525,L2,0.0098...
GetData ===>> H2,-0.276390677232439,H1,-0.0861614312379853,AX,0.000603647262873228,L1,-0.0238500424115909,L2,0....
GetData ===>> H2,-0.25166403664536,H1,-0.00589513248885327,AX,-0.0537195824411733,L1,-0.0501459540593773,L2,0.0...
testing H1>-5.0
evaluate ot="H1.bs>-5.0" t="H1>-5.0", ctx="{'H1': None}"
GetData ===>> H2,-0.228113839446621,H1,-0.00755309419468981,AX,-0.132193469411708,L1,-0.0431880738705476,L2,0.0...
GetData ===>> H2,-0.155568388768645,H1,-0.0604145522207443,AX,-0.0292755617432987,L1,-0.0349384276552132,L2,0.0...
GetData ===>> H2,-0.151243826780764,H1,-0.0633114068501637,AX,-0.117595234805228,L1,-0.0143281085772873,L2,0.02...
GetData ===>> H2,-0.18002257878582,H1,0.00207300904848675,AX,-0.0712023354901186,L1,-0.01657974638579,L2,-0.046...
GetData ===>> H2,-0.178980769362557,H1,-0.048921677130198,AX,-0.00426858876080738,L1,-0.0365836267982495,L2,-0....
testing H1>-5.0
evaluate ot="H1.bs>-5.0" t="H1>-5.0", ctx="{'H1': None}"
GetData ===>> H2,-0.0717814522504157,H1,0.0048047484766613,AX,-0.0486063269449422,L1,-0.0216961175539594,L2,-0....
GetData ===>> H2,-0.185769700190973,H1,0.011008101752963,AX,0.0128085089700538,L1,0.0101058474918206,L2,-0.0069...
GetData ===>> H2,-0.242952100662509,H1,-0.0341840678376169,AX,-0.043933434479045,L1,-0.0537205713647596,L2,0.02...
GetData ===>> H2,-0.171313535781388,H1,-0.0264328361383235,AX,-0.150304621231463,L1,-0.0498803192674836,L2,0.03...
GetData ===>> H2,-0.141479696251928,H1,0.0669033312849844,AX,-0.0500440948708692,L1,-0.0597811400626586,L2,-0.0...
testing H1>-5.0
evaluate ot="H1.bs>-5.0" t="H1>-5.0", ctx="{'H1': None}"
GetData ===>> H2,-0.186150040500045,H1,-0.0442716949598186,AX,-0.0279534615189899,L1,-0.0436562331616466,L2,-0....
GetData ===>> H2,-0.151543588169032,H1,-0.0103441331680497,AX,-0.0433884423354629,L1,-0.0342679493667004,L2,-0....
GetData ===>> H2,-0.210164876871823,H1,-0.0973401889933666,AX,-0.105625365187963,L1,-0.0174648356866769,L2,0.05...
GetData ===>> H2,-0.227082550621378,H1,-0.0888430168472397,AX,-0.0946739040132331,L1,0.00267791615959072,L2,-0....
GetData ===>> H2,-0.0938749096719677,H1,-0.0192773201854067,AX,0.000998077040029481,L1,-0.0216709437522137,L2,0...
State checksums do not match. Local:-110011688 Remote:-860229079
State checksum failed
testing H1>-5.0
evaluate ot="H1.bs>-5.0" t="H1>-5.0", ctx="{'H1': None}"
12:14:11 -- collecting point 50
GetData ===>> H2,-0.211009492006131,H1,-0.00476197739509561,AX,0.0283916542931024,L1,-0.0615507041545426,L2,-0....
set states for children of V. state=True
handle state [('V', True)]
update switch state V True args=() kw={'refresh': False} ncanvase=3
refresh_canvas_needed fired
GetData ===>> H2,-0.274330199230981,H1,0.000713131623553265,AX,-0.0495223267082096,L1,-0.00379418807019504,L2,0...
GetData ===>> H2,-0.124527216650323,H1,-0.0285793911726227,AX,-0.0146270801393618,L1,-0.0146725820725424,L2,0.0...
GetData ===>> H2,-0.188752735813938,H1,-0.061463628603353,AX,-0.109681149096381,L1,-0.0528593341307668,L2,-0.01...
GetData ===>> H2,-0.307217115090233,H1,-0.058077933477496,AX,-0.111674215227115,L1,-0.00821054375701928,L2,-0.0...
testing H1>-5.0
evaluate ot="H1.bs>-5.0" t="H1>-5.0", ctx="{'H1': None}"
GetData ===>> H2,-0.261866627473947,H1,-0.0758753941432875,AX,-0.123782373145508,L1,-0.0152279760294056,L2,-0.0...
GetData ===>> H2,-0.133277438636821,H1,-0.0651353093355177,AX,-0.155753599298562,L1,-0.0645052646954481,L2,-0.0...
GetData ===>> H2,-0.149462648594037,H1,0.0370544509509021,AX,0.00232058854435487,L1,-0.0486621382299188,L2,-0.0...
GetData ===>> H2,-0.216704618857286,H1,0.00892039186843903,AX,0.0288906346347082,L1,-0.0748905754753385,L2,-0.0...
GetData ===>> H2,-0.263569033511174,H1,-0.059687345092274,AX,-0.0113096989696807,L1,-0.0603040254727228,L2,0.00...
testing H1>-5.0
evaluate ot="H1.bs>-5.0" t="H1>-5.0", ctx="{'H1': None}"
GetData ===>> H2,-0.233781554744515,H1,-0.0660651291813917,AX,-0.0909767832464803,L1,-0.0504881578970874,L2,0.0...
measurement finished
estimated time: 62.915 actual time: :63.189
flush and close file /Users/jan/PychronDev/data/isotopes/cd/e41f0e-637d-40bf-b5b6-25c55269a51e.h5
activate_detectors ('H1', 'AX', 'CDD') {'peak_center': True}
peak_center () {'detector': 'H1', 'integration_time': 0.262144, 'isotope': 'Ar40'}
peak center: mean=251.465142354 threshold=3
peak center started
setup peak center. detector=['H1', 'AX', 'CDD'], isotope=Ar40
VersionedUnpickler [<apptools.sweet_pickle.versioned_unpickler.VersionedUnpickler object at 0x12fa4dc50>] using Updater [<apptools.sweet_pickle.updater.Updater object at 0x12a9bc470>]
VersionedUnpickler [<apptools.sweet_pickle.versioned_unpickler.VersionedUnpickler object at 0x12fa4dc50>] using Updater [<apptools.sweet_pickle.updater.Updater object at 0x12a9bc470>]
VersionedUnpickler [<apptools.sweet_pickle.versioned_unpickler.VersionedUnpickler object at 0x12fa4dc50>] using Updater [<apptools.sweet_pickle.updater.Updater object at 0x12a9bc470>]
setting integration time = 0.524288
SetIntegrationTime 0.524288 ===>> OK
Mapping mass to dac mass func: "parabolic"
H1 map mass coeffs = [-0.00063987  0.15840543  0.57153999]
H1 map mass to dac 39.9624 >> 5.87993
GetDeflection H1 ===>> 0
GetHighVoltage ===>> 4499.94659342336
do peak center. <pychron.spectrometer.jobs.peak_center.PeakCenter object at 0x129e8aad0>
doing pc
starting peak center. center dac= 5.87989537364 step_width=0.001
width = 0.001
get scan parameters. half-width=0.015,window=0.015, i=0, scalar=1
Scan parameters center=5.87990 width=0.03000 (5.86490 - 5.89490)
GetData ===>> H2,-0.273796885111687,H1,-0.0649564968361769,AX,-0.0453828668170038,L1,-0.071287893709508,L2,-0.0...
Moving to starting dac 5.86489537364
setting magnet DAC
current  : 5.240555
requested: 5.864895
Delta Dac: 0.624340
Checking detector protection. dv=0.62434
Checking detector "CDD". Protection Threshold: 0.1 (V)
ProtectDetector CDD,On ===>> OK
GetDeflection CDD ===>> 2000
Protected = 2000
SetMagnetDAC 5.86489537364 ===>> OK
Magnet settling time: 0.500
GetMagnetMoving ===>> True
GetMagnetMoving ===>> True
GetMagnetMoving ===>> True
GetMagnetMoving ===>> True
GetMagnetMoving ===>> True
GetMagnetMoving ===>> True
GetMagnetMoving ===>> True
GetMagnetMoving ===>> True
GetMagnetMoving ===>> True
GetMagnetMoving ===>> False
ProtectDetector CDD,Off ===>> OK
GetDeflection CDD ===>> 50
Wait until signal near baseline. tol= -0.0487173726271. timeout= 10
GetData ===>> H2,10.9067297649407,H1,5.43323194869261,AX,0.366872315872777,L1,-0.0318198951769896,L2,0.09444305...
GetData ===>> H2,14.97416511182,H1,9.50810300194773,AX,1.45076166689047,L1,-0.0640890918978224,L2,-0.1547111591...
GetData ===>> H2,8.35391324832845,H1,4.57435020131853,AX,0.59685823601605,L1,-0.0372737394246839,L2,0.041274614...
GetData ===>> H2,3.45047142212157,H1,2.32377616259873,AX,0.201717812702851,L1,-0.0711340036262583,L2,-0.0904593...
GetData ===>> H2,1.13927156443649,H1,1.28684628212847,AX,0.0718765082192237,L1,-0.0935573835521094,L2,-0.049474...
GetData ===>> H2,0.284444409559511,H1,0.799011810479766,AX,-0.0231867931902961,L1,-0.0979230498411926,L2,0.0254...
GetData ===>> H2,0.03392400883968,H1,0.431694229287971,AX,0.0216614716662698,L1,-0.0662587540737631,L2,0.020999...
GetData ===>> H2,-0.0698477573977668,H1,0.281622795827752,AX,-0.00117126695579935,L1,-0.0400959985987343,L2,-0....
GetData ===>> H2,-0.0698477573977668,H1,0.281622795827752,AX,-0.00117126695579935,L1,-0.0400959985987343,L2,-0....
GetData ===>> H2,-0.113769473777801,H1,0.173748467614599,AX,0.0687016346012035,L1,-0.0301903061246349,L2,-0.120...
GetData ===>> H2,-0.054251404169178,H1,0.218292217538152,AX,-0.0630757965396395,L1,-0.0454149282921138,L2,-0.00...
GetData ===>> H2,-0.121668318350464,H1,0.285085288942377,AX,-0.113725176697855,L1,-0.048062566600053,L2,-0.0605...
GetData ===>> H2,-0.212779342065344,H1,0.289956861069629,AX,-0.0611744826135271,L1,-0.0294699483764275,L2,-0.01...
GetData ===>> H2,-0.209481864433131,H1,0.173295258597883,AX,-0.0695214380273527,L1,-0.030140050281907,L2,-0.004...
GetData ===>> H2,-0.164469744788279,H1,0.217480852760166,AX,-0.0731382296926778,L1,-0.0175825806997213,L2,-0.02...
GetData ===>> H2,-0.179719894065827,H1,0.214521813356128,AX,-0.0266661361485707,L1,-0.00113168424496319,L2,-0.1...
GetData ===>> H2,-0.23306298245334,H1,0.302160710963162,AX,0.0258387716296377,L1,-0.00195966757440577,L2,-0.027...
GetData ===>> H2,-0.220203227827703,H1,0.223566248728635,AX,-0.0507165919317946,L1,-0.00646078556248103,L2,-0.0...
GetData ===>> H2,-0.135539549513332,H1,0.194312001752484,AX,0.0323603593589525,L1,0.019502330810035,L2,-0.05099...
GetData ===>> H2,-0.120404980658388,H1,0.169454990796969,AX,-0.03169936550988,L1,-0.0215042826636705,L2,0.04751...
GetData ===>> H2,-0.100809702740987,H1,0.194192711542241,AX,-0.114119141747316,L1,-0.0278710963170734,L2,0.0642...
Peak center failed to move to a baseline position
_do_sweep sm= 5.86489537364, em= 5.89489537364, stm= 0.001
calculated step values: start=5.86489537364, end=5.89489537364, width=0.001, nsteps=31.0
setting magnet DAC
current  : 5.864895
requested: 5.864895
Delta Dac: 0.000000
Checking detector protection. dv=0.00000
Checking detector "CDD". Protection Threshold: 0.1 (V)
SetMagnetDAC 5.86489537364 ===>> OK
GetData ===>> H2,-0.100809702740987,H1,0.194192711542241,AX,-0.114119141747316,L1,-0.0278710963170734,L2,0.0642...
setting magnet DAC
current  : 5.864895
requested: 5.865930
Delta Dac: 0.001034
Checking detector protection. dv=0.00103
Checking detector "CDD". Protection Threshold: 0.1 (V)
SetMagnetDAC 5.8659298564 ===>> OK
Magnet settling time: 1.049
GetData ===>> H2,-0.149720351524027,H1,0.456130316066728,AX,0.0439889003739683,L1,-0.0104275865827299,L2,-0.127...
setting magnet DAC
current  : 5.865930
requested: 5.866964
Delta Dac: 0.001034
Checking detector protection. dv=0.00103
Checking detector "CDD". Protection Threshold: 0.1 (V)
SetMagnetDAC 5.86696433916 ===>> OK
Magnet settling time: 1.049
GetData ===>> H2,-0.0706234444566808,H1,1.2057395867654,AX,0.111026339900559,L1,-0.0575916382561818,L2,-0.14600...
setting magnet DAC
current  : 5.866964
requested: 5.867999
Delta Dac: 0.001034
Checking detector protection. dv=0.00103
Checking detector "CDD". Protection Threshold: 0.1 (V)
SetMagnetDAC 5.86799882192 ===>> OK
Magnet settling time: 1.049
GetData ===>> H2,-0.17351114720552,H1,3.81404789253608,AX,0.545360624611408,L1,-0.0787563085659247,L2,-0.045035...
setting magnet DAC
current  : 5.867999
requested: 5.869033
Delta Dac: 0.001034
Checking detector protection. dv=0.00103
Checking detector "CDD". Protection Threshold: 0.1 (V)
SetMagnetDAC 5.86903330468 ===>> OK
Magnet settling time: 1.049
GetData ===>> H2,-0.19173932429327,H1,19.2763075254582,AX,2.88384205221096,L1,-0.00463514818632513,L2,-0.031445...
setting magnet DAC
current  : 5.869033
requested: 5.870068
Delta Dac: 0.001034
Checking detector protection. dv=0.00103
Checking detector "CDD". Protection Threshold: 0.1 (V)
SetMagnetDAC 5.87006778744 ===>> OK
Magnet settling time: 1.049
GetData ===>> H2,-0.105158364640347,H1,55.3974739751133,AX,8.7948341590355,L1,0.0177646891159995,L2,-0.07987909...
setting magnet DAC
current  : 5.870068
requested: 5.871102
Delta Dac: 0.001034
Checking detector protection. dv=0.00103
Checking detector "CDD". Protection Threshold: 0.1 (V)
SetMagnetDAC 5.8711022702 ===>> OK
Magnet settling time: 1.049
GetData ===>> H2,-0.187593254335238,H1,116.156412661213,AX,20.8144796261592,L1,0.111405165944022,L2,-0.19807470...
setting magnet DAC
current  : 5.871102
requested: 5.872137
Delta Dac: 0.001034
Checking detector protection. dv=0.00103
Checking detector "CDD". Protection Threshold: 0.1 (V)
SetMagnetDAC 5.87213675295 ===>> OK
Magnet settling time: 1.049
GetData ===>> H2,-0.221037672555739,H1,176.96942734793,AX,35.2460091547293,L1,0.211714962609874,L2,0.1384723816...
setting magnet DAC
current  : 5.872137
requested: 5.873171
Delta Dac: 0.001034
Checking detector protection. dv=0.00103
Checking detector "CDD". Protection Threshold: 0.1 (V)
SetMagnetDAC 5.87317123571 ===>> OK
Magnet settling time: 1.049
GetData ===>> H2,-0.153778089687074,H1,216.061699766246,AX,46.6596537541645,L1,0.373871882276976,L2,-0.01436904...
setting magnet DAC
current  : 5.873171
requested: 5.874206
Delta Dac: 0.001034
Checking detector protection. dv=0.00103
Checking detector "CDD". Protection Threshold: 0.1 (V)
SetMagnetDAC 5.87420571847 ===>> OK
Magnet settling time: 1.049
GetData ===>> H2,-0.0877103951696738,H1,233.554887276257,AX,52.9369717332981,L1,0.511111710581649,L2,0.13990920...
setting magnet DAC
current  : 5.874206
requested: 5.875240
Delta Dac: 0.001034
Checking detector protection. dv=0.00103
Checking detector "CDD". Protection Threshold: 0.1 (V)
SetMagnetDAC 5.87524020123 ===>> OK
Magnet settling time: 1.049
GetData ===>> H2,-0.141600690805495,H1,239.244533717212,AX,55.5825577913997,L1,0.581237701417424,L2,0.060049978...
setting magnet DAC
current  : 5.875240
requested: 5.876275
Delta Dac: 0.001034
Checking detector protection. dv=0.00103
Checking detector "CDD". Protection Threshold: 0.1 (V)
SetMagnetDAC 5.87627468399 ===>> OK
Magnet settling time: 1.049
GetData ===>> H2,-0.258709650801937,H1,240.904706133529,AX,56.1566057641228,L1,0.625941748161831,L2,0.072538546...
setting magnet DAC
current  : 5.876275
requested: 5.877309
Delta Dac: 0.001034
Checking detector protection. dv=0.00103
Checking detector "CDD". Protection Threshold: 0.1 (V)
SetMagnetDAC 5.87730916675 ===>> OK
Magnet settling time: 1.049
GetData ===>> H2,-0.271163477521394,H1,241.113967520322,AX,56.3759534967961,L1,0.673823593950619,L2,0.108030475...
setting magnet DAC
current  : 5.877309
requested: 5.878344
Delta Dac: 0.001034
Checking detector protection. dv=0.00103
Checking detector "CDD". Protection Threshold: 0.1 (V)
SetMagnetDAC 5.87834364951 ===>> OK
Magnet settling time: 1.049
GetData ===>> H2,-0.106402078698123,H1,241.264863716666,AX,56.2517567871692,L1,0.69496927106525,L2,0.2102715224...
setting magnet DAC
current  : 5.878344
requested: 5.879378
Delta Dac: 0.001034
Checking detector protection. dv=0.00103
Checking detector "CDD". Protection Threshold: 0.1 (V)
SetMagnetDAC 5.87937813226 ===>> OK
Magnet settling time: 1.049
GetData ===>> H2,-0.206886849387732,H1,241.111758197774,AX,56.2123782887817,L1,0.688825013072031,L2,0.126385671...
setting magnet DAC
current  : 5.879378
requested: 5.880413
Delta Dac: 0.001034
Checking detector protection. dv=0.00103
Checking detector "CDD". Protection Threshold: 0.1 (V)
SetMagnetDAC 5.88041261502 ===>> OK
Magnet settling time: 1.049
GetData ===>> H2,-0.195330053968376,H1,241.135641095329,AX,56.411707467009,L1,0.727951466330403,L2,0.1759736996...
setting magnet DAC
current  : 5.880413
requested: 5.881447
Delta Dac: 0.001034
Checking detector protection. dv=0.00103
Checking detector "CDD". Protection Threshold: 0.1 (V)
SetMagnetDAC 5.88144709778 ===>> OK
Magnet settling time: 1.049
GetData ===>> H2,-0.068366753426074,H1,241.249980200511,AX,56.3570642061052,L1,0.693612112589614,L2,0.190302899...
setting magnet DAC
current  : 5.881447
requested: 5.882482
Delta Dac: 0.001034
Checking detector protection. dv=0.00103
Checking detector "CDD". Protection Threshold: 0.1 (V)
SetMagnetDAC 5.88248158054 ===>> OK
Magnet settling time: 1.049
GetData ===>> H2,-0.122055136681266,H1,240.976400494369,AX,56.3807360466385,L1,0.727643403765395,L2,0.136465426...
setting magnet DAC
current  : 5.882482
requested: 5.883516
Delta Dac: 0.001034
Checking detector protection. dv=0.00103
Checking detector "CDD". Protection Threshold: 0.1 (V)
SetMagnetDAC 5.8835160633 ===>> OK
Magnet settling time: 1.049
GetData ===>> H2,-0.221234161869125,H1,240.762287663522,AX,56.1005294726766,L1,0.741759021388603,L2,-0.12816860...
setting magnet DAC
current  : 5.883516
requested: 5.884551
Delta Dac: 0.001034
Checking detector protection. dv=0.00103
Checking detector "CDD". Protection Threshold: 0.1 (V)
SetMagnetDAC 5.88455054606 ===>> OK
Magnet settling time: 1.049
GetData ===>> H2,-0.198121915440817,H1,239.436122942259,AX,55.3610608391169,L1,0.698696783909135,L2,0.015418950...
setting magnet DAC
current  : 5.884551
requested: 5.885585
Delta Dac: 0.001034
Checking detector protection. dv=0.00103
Checking detector "CDD". Protection Threshold: 0.1 (V)
SetMagnetDAC 5.88558502882 ===>> OK
Magnet settling time: 1.049
GetData ===>> H2,-0.200745906859844,H1,233.837627400818,AX,52.9770256304925,L1,0.687173602189449,L2,0.206642628...
setting magnet DAC
current  : 5.885585
requested: 5.886620
Delta Dac: 0.001034
Checking detector protection. dv=0.00103
Checking detector "CDD". Protection Threshold: 0.1 (V)
SetMagnetDAC 5.88661951157 ===>> OK
Magnet settling time: 1.049
GetData ===>> H2,-0.148862231323382,H1,216.400858119631,AX,46.0372763218411,L1,0.589529454298402,L2,0.129487021...
setting magnet DAC
current  : 5.886620
requested: 5.887654
Delta Dac: 0.001034
Checking detector protection. dv=0.00103
Checking detector "CDD". Protection Threshold: 0.1 (V)
SetMagnetDAC 5.88765399433 ===>> OK
Magnet settling time: 1.049
GetData ===>> H2,-0.188980834746744,H1,173.712771076932,AX,33.1510543653624,L1,0.523157524013089,L2,0.038517863...
setting magnet DAC
current  : 5.887654
requested: 5.888688
Delta Dac: 0.001034
Checking detector protection. dv=0.00103
Checking detector "CDD". Protection Threshold: 0.1 (V)
SetMagnetDAC 5.88868847709 ===>> OK
Magnet settling time: 1.049
GetData ===>> H2,-0.261673919632069,H1,112.387595109005,AX,18.4759716287256,L1,0.33297821271823,L2,0.0816781126...
setting magnet DAC
current  : 5.888688
requested: 5.889723
Delta Dac: 0.001034
Checking detector protection. dv=0.00103
Checking detector "CDD". Protection Threshold: 0.1 (V)
SetMagnetDAC 5.88972295985 ===>> OK
Magnet settling time: 1.049
GetData ===>> H2,-0.188918868764827,H1,55.637423133794,AX,7.81424188194389,L1,0.138676861841904,L2,0.1716388548...
setting magnet DAC
current  : 5.889723
requested: 5.890757
Delta Dac: 0.001034
Checking detector protection. dv=0.00103
Checking detector "CDD". Protection Threshold: 0.1 (V)
SetMagnetDAC 5.89075744261 ===>> OK
Magnet settling time: 1.049
GetData ===>> H2,-0.101310099949461,H1,21.0745901980784,AX,2.22344549284387,L1,0.0848514663770059,L2,-0.1343891...
setting magnet DAC
current  : 5.890757
requested: 5.891792
Delta Dac: 0.001034
Checking detector protection. dv=0.00103
Checking detector "CDD". Protection Threshold: 0.1 (V)
SetMagnetDAC 5.89179192537 ===>> OK
Magnet settling time: 1.049
GetData ===>> H2,-0.218749531814133,H1,6.29895452760632,AX,0.52307279221188,L1,0.0475684593770808,L2,-0.0118870...
setting magnet DAC
current  : 5.891792
requested: 5.892826
Delta Dac: 0.001034
Checking detector protection. dv=0.00103
Checking detector "CDD". Protection Threshold: 0.1 (V)
SetMagnetDAC 5.89282640813 ===>> OK
Magnet settling time: 1.049
GetData ===>> H2,-0.309757837718389,H1,1.6420947401093,AX,0.0629083363934247,L1,0.0213459024996388,L2,0.0333463...
setting magnet DAC
current  : 5.892826
requested: 5.893861
Delta Dac: 0.001034
Checking detector protection. dv=0.00103
Checking detector "CDD". Protection Threshold: 0.1 (V)
SetMagnetDAC 5.89386089088 ===>> OK
Magnet settling time: 1.049
GetData ===>> H2,-0.269496063828254,H1,0.405654595725191,AX,-0.112311524269354,L1,-0.00423687055339676,L2,-0.08...
setting magnet DAC
current  : 5.893861
requested: 5.894895
Delta Dac: 0.001034
Checking detector protection. dv=0.00103
Checking detector "CDD". Protection Threshold: 0.1 (V)
SetMagnetDAC 5.89489537364 ===>> OK
Magnet settling time: 1.049
GetData ===>> H2,-0.160035471816918,H1,0.00165550085629036,AX,-0.133351965630983,L1,-0.0174627734377344,L2,-0.0...
result of _do_sweep=True
result of _calculate_peak_center=([5.8721999828620373, 5.8798653135233598, 5.8875306441846824], [179.35883478031263, 241.26210229448156, 178.80283355998534], 5.8783623075113365, 241.26210229448156)
Failed to find a valid peak. No peak greater than 1.0. max = 0.0299754055637
new center pos Detector(H1) (Ar40) @ 5.87986531352
GetHighVoltage ===>> 4499.94659342336
GetDeflection H1 ===>> 0
dac uncorrected for HV and deflection 5.8798999397
update mftable H1 Ar40 5.8798999397 message=automated run peakcenter
get initial guess parabolic
get initial guess parabolic
get initial guess parabolic
get initial guess parabolic
get initial guess parabolic
get initial guess parabolic
dump mftable to /Users/jan/PychronDev/setupfiles/spectrometer/mftables/mftable.csv
add to repo msg=modified - automated run peakcenter
locally archiving mftable
setting magnet DAC
current  : 5.894895
requested: 5.879865
Delta Dac: 0.015030
Checking detector protection. dv=0.01503
Checking detector "CDD". Protection Threshold: 0.1 (V)
SetMagnetDAC 5.87986531352 ===>> OK
Magnet settling time: 0.500
sweep finished
setting integration time = 1.048576
SetIntegrationTime 1.048576 ===>> OK
Failed to find a valid peak. No peak greater than 1.0. max = 0.0299754055637
flush and close file /Users/jan/PychronDev/data/isotopes/cd/e41f0e-637d-40bf-b5b6-25c55269a51e.h5
finished measure script
executed snippet estimated_duration=226.132928, duration=273.493550062
jan_unknown120_60.py completed successfully
Measurement Finished
12:15:09 -- ******* Measurement Finished *******
Post Measurement Started jan_pump_ms.py
12:15:09 -- ******* Post Measurement Started jan_pump_ms.py *******
testing...
no interpolation path defined
executed snippet estimated_duration=0, duration=2.59876251221e-05
Pumping spectrometer
open () {'name': 'O'}
opening name=O desc=---
checking ownership. requestor=129.138.12.150
check software interlocks O
interlocks []
actuate state mode=None-script, software_lock=False
doing actuation None-script open_channel True
Open O ===>> ERROR: Connection refused: TCP://129.138.12.153:1061, timeout=None
change switch state (None, False)
---------------------------------------- open O () result=[(None, False)], time=9.12 sec
action=open, ok=None, locked=[False]
Failed to open valve Name="O", Description=""
checking ownership. requestor=129.138.12.150
check software interlocks O
interlocks []
actuate state mode=None-script, software_lock=False
doing actuation None-script open_channel True
Open O ===>> ERROR 004 : invalid arguments: Open O[13]Open O
change switch state (None, False)
action=open, ok=None, locked=[False]
Failed to open valve Name="O", Description=""
Failed to open valve Name="O", Description=""
State checksums do not match. Local:-860229079 Remote:-1965264452
State checksum failed
set states for children of O. state=True
handle state [('O', True)]
update switch state O True args=() kw={'refresh': False} ncanvase=3
refresh_canvas_needed fired
set states for children of D. state=False
handle state [('D', False)]
update switch state D False args=() kw={'refresh': False} ncanvase=3
refresh_canvas_needed fired
set states for children of B. state=False
handle state [('B', False)]
update switch state B False args=() kw={'refresh': False} ncanvase=3
refresh_canvas_needed fired
State checksums do not match. Local:1864646427 Remote:-2083114517
State checksum failed
set states for children of C. state=False
set states for children of B. state=True
handle state [('C', False), ('B', True)]
update switch state C False args=() kw={'refresh': True} ncanvase=3
update switch state B True args=() kw={'refresh': False} ncanvase=3
refresh_canvas_needed fired
set states for children of B. state=False
handle state [('B', False)]
update switch state B False args=() kw={'refresh': False} ncanvase=3
refresh_canvas_needed fired
set states for children of V. state=False
handle state [('V', False)]
update switch state V False args=() kw={'refresh': False} ncanvase=3
refresh_canvas_needed fired
State checksums do not match. Local:-1940613497 Remote:284145425
State checksum failed
set states for children of H. state=True
handle state [('H', True)]
update switch state H True args=() kw={'refresh': False} ncanvase=3
refresh_canvas_needed fired
set states for children of H. state=False
handle state [('H', False)]
update switch state H False args=() kw={'refresh': False} ncanvase=3
refresh_canvas_needed fired
set states for children of C. state=True
handle state [('C', True)]
update switch state C True args=() kw={'refresh': False} ncanvase=3
refresh_canvas_needed fired
set states for children of B. state=True
set states for children of D. state=True
handle state [('B', True), ('D', True)]
update switch state B True args=() kw={'refresh': True} ncanvase=3
update switch state D True args=() kw={'refresh': False} ncanvase=3
refresh_canvas_needed fired
%%%%%%%%%%%%%%%%%%%%%%%%%%%%%%%%%%% disable
set extraction state False (0.75, 'red', 1.5)
disabling laser
Disable ===>> OK
AbortPattern ===>> OK
Failed to open valve Name="O", Description=""
%%%%%%%%%%%%%%%%%%%%%%%%%%%%%%%%%%% disable
set extraction state False (0.75, 'red', 1.5)
disabling laser
Disable ===>> OK
AbortPattern ===>> OK
executed snippet estimated_duration=0, duration=377.078330994
Post Measurement Finished unsuccessfully
12:21:26 -- ******* Post Measurement Finished unsuccessfully *******
failed execution step Post Measurement Failed
post_measurement did not complete successfully
state changed from measurement to failed
12:21:26 -- Automated run 65559-10B failed duration: 727.827 s
----------------- finish -----------------
----------------- stop -----------------
finish run. runs completed=16
write rem/ex queues
/Users/jan/PychronDev/experiments/rem/CurrentExperiment.rem.txt
/Users/jan/PychronDev/experiments/rem/CurrentExperiment.ex.txt
doing event level: 3
