do run
loading script "jan_unknown120_60.py"
loading script "jan_pump_ms.py"
loading script "jan_co2.py"
loading script "jan_pump_extraction_line.py"
testing...
no interpolation path defined
executed snippet estimated_duration=213.652928, duration=0.000226974487305
script duration name:unknown120_60 seconds:214.0
loading script "jan_unknown120_60.py"
loading script "jan_pump_ms.py"
loading script "jan_co2.py"
loading script "jan_pump_extraction_line.py"
testing...
no interpolation path defined
executed snippet estimated_duration=0, duration=2.69412994385e-05
loading script "jan_unknown120_60.py"
loading script "jan_pump_ms.py"
loading script "jan_co2.py"
loading script "jan_pump_extraction_line.py"
testing...
no interpolation path defined
calculate duration
testing...
no interpolation path defined
executed snippet estimated_duration=0, duration=6.29425048828e-05
calculate duration
testing...
no interpolation path defined
executed snippet estimated_duration=0, duration=9.89437103271e-05
executed snippet estimated_duration=0.0, duration=0.00223898887634
script duration name:co2 seconds:0.0
loading script "jan_unknown120_60.py"
loading script "jan_pump_ms.py"
loading script "jan_co2.py"
loading script "jan_pump_extraction_line.py"
testing...
no interpolation path defined
calculate duration
testing...
no interpolation path defined
executed snippet estimated_duration=4.0, duration=0.000114917755127
executed snippet estimated_duration=4.0, duration=0.000890970230103
Script duration 214.0
Run total estimated duration= 215.000
run duration: 0:03:35
doing event level: 2
21:06:11 -- Setting default integration. t=1.048576
setting integration time = 1.048576
SetIntegrationTime 1.048576 ===>> OK
----------------- start -----------------
**************** Experiment Type: Ar/Ar, Ar/Ar
create new session 4436069840
close session 4436069840
$$$$$ Clearing conditionals
adding conditionals 
Add queue conditionals
add default conditionals
adding default conditionals from /Users/jan/PychronDev/setupfiles/spectrometer/default_conditionals.yaml
Start automated run 65579-19
loading script "jan_unknown120_60.py"
loading script "jan_pump_ms.py"
loading script "jan_co2.py"
loading script "jan_pump_extraction_line.py"
%%%%%%%%%%%%%%%%%% setting automated run 65579-19
No value "sensitivity_multiplier" in metadata
$$$$$$$$$$$$$$$ auto_save_detector_ic=False
============================= Pre Extraction Check =============================
loading queue conditionals pre_run_terminations
loading system conditionals pre_run_terminations
loading conditionals from /Users/jan/PychronDev/setupfiles/spectrometer/default_conditionals.yaml
21:06:11 -- ******* Pre Extraction Check *******
Get a measurement from the spectrometer
GetData ===>> H2,-0.251224296134756,H1,-0.110531423336435,AX,-0.0256223463211834,L1,0.0260259597029573,L2,0.051...
Pre Extraction Termination data. keys=H2,H1,AX,L1,L2,CDD, signals=-0.25122,-0.11053,-0.02562,0.02603,0.05135,0.00223
21:06:11 -- testing system defined conditionals
Checking default pre extraction terminations n=2
testing CDD
evaluate ot="CDD.inactive" t="CDD", ctx="{'CDD': False}"
GetDeflection CDD ===>> 50
testing CDD==2000
evaluate ot="CDD.deflection==2000" t="CDD==2000", ctx="{'CDD': 50.0}"
21:06:11 -- ******* Pre Extraction Check Passed *******
=================================================================================
21:06:11 -- stopping status monitor
stop 4982387056
Alive clients [4989850544]
21:06:11 -- starting status monitor
start 4982387056
Monitor already running
start extraction
do extraction
Analysis started at 21:06:11.874451
Extraction Started jan_co2.py
21:06:11 -- ******* Extraction Started jan_co2.py *******
state changed from not run to extraction
DO EXTRACTION <pychron.extraction_line.pyscript_runner.RemotePyScriptRunner object at 0x12c299590>
testing...
no interpolation path defined
calculate duration
testing...
no interpolation path defined
executed snippet estimated_duration=0, duration=4.91142272949e-05
calculate duration
testing...
no interpolation path defined
executed snippet estimated_duration=0, duration=9.29832458496e-05
executed snippet estimated_duration=100.0, duration=0.00313687324524
Jan CO2 laser analysis
doing GOSUB
testing...
no interpolation path defined
executed snippet estimated_duration=0, duration=4.6968460083e-05
Waiting for CO2 access
wait ('FelixCO2Flag', 0) {}
waiting for FelixCO2Flag = 0
Read FelixCO2Flag ===>> 0
finished waiting
CO2 free
wait ('CO2PumpTimeFlag', 0) {}
waiting for CO2PumpTimeFlag = 0
Read CO2PumpTimeFlag ===>> 0
finished waiting
acquire ('JanCO2Flag',) {'clear': True}
acquire JanCO2Flag
Set JanCO2Flag 1 ===>> OK
JanCO2Flag acquired
set extraction state False (0.75, 'red', 1.5)
CO2 acquired
executed snippet estimated_duration=0, duration=0.0282928943634
WaitForCO2Access.py completed successfully
gosub finished
doing GOSUB
testing...
no interpolation path defined
executed snippet estimated_duration=0, duration=7.60555267334e-05
Prepare for CO2 analysis
close () {'description': 'Jan Inlet'}
closing name=--- desc=Jan Inlet
checking ownership. requestor=129.138.12.150
check software interlocks R
interlocks []
actuate state mode=None-script, software_lock=False
doing actuation None-script close_channel False
Close R ===>> OK
GetIndicatorState R ===>> False
change switch state (True, True)
update switch state R False args=() kw={} ncanvase=2
21:06:12 -- CLOSE  VALVE-R (Jan Inlet)
---------------------------------------- close None (Jan Inlet) result=[(True, True)]
action=close, ok=True, locked=[False]
open () {'description': 'Jan Ion Pump'}
opening name=--- desc=Jan Ion Pump
checking ownership. requestor=129.138.12.150
check software interlocks O
interlocks []
actuate state mode=None-script, software_lock=False
doing actuation None-script open_channel False
Open O ===>> OK
GetIndicatorState O ===>> OK
change switch state (True, True)
update switch state O True args=() kw={} ncanvase=2
21:06:12 -- OPEN   VALVE-O (Jan Ion Pump)
---------------------------------------- open None (Jan Ion Pump) result=[(True, True)], time=0.11 sec
action=open, ok=True, locked=[False]
close () {'description': 'Microbone to Minibone'}
closing name=--- desc=Microbone to Minibone
checking ownership. requestor=129.138.12.150
check software interlocks L
interlocks []
actuate state mode=None-script, software_lock=False
doing actuation None-script close_channel False
Close L ===>> OK
GetIndicatorState L ===>> False
change switch state (True, True)
update switch state L False args=() kw={} ncanvase=2
21:06:13 -- CLOSE  VALVE-L (Microbone to Minibone)
---------------------------------------- close None (Microbone to Minibone) result=[(True, True)]
action=close, ok=True, locked=[False]
open () {'description': 'Microbone to Turbo'}
opening name=--- desc=Microbone to Turbo
checking ownership. requestor=129.138.12.150
check software interlocks U
interlocks []
actuate state mode=None-script, software_lock=False
doing actuation None-script open_channel False
Open U ===>> OK
GetIndicatorState U ===>> OK
change switch state (True, True)
update switch state U True args=() kw={} ncanvase=2
21:06:13 -- OPEN   VALVE-U (Microbone to Turbo)
---------------------------------------- open None (Microbone to Turbo) result=[(True, True)], time=0.12 sec
action=open, ok=True, locked=[False]
open () {'description': 'Microbone to Inlet Pipette'}
opening name=--- desc=Microbone to Inlet Pipette
checking ownership. requestor=129.138.12.150
check software interlocks S
interlocks []
actuate state mode=None-script, software_lock=False
doing actuation None-script open_channel False
Open S ===>> OK
GetIndicatorState S ===>> OK
change switch state (True, True)
update switch state S True args=() kw={} ncanvase=2
21:06:14 -- OPEN   VALVE-S (Microbone to Inlet Pipette)
---------------------------------------- open None (Microbone to Inlet Pipette) result=[(True, True)], time=0.43 sec
action=open, ok=True, locked=[False]
open () {'description': 'Microbone to Getter D-50'}
opening name=--- desc=Microbone to Getter D-50
checking ownership. requestor=129.138.12.150
check software interlocks K
interlocks []
actuate state mode=None-script, software_lock=False
doing actuation None-script open_channel False
Open K ===>> OK
GetIndicatorState K ===>> OK
change switch state (True, True)
update switch state K True args=() kw={} ncanvase=2
21:06:15 -- OPEN   VALVE-K (Microbone to Getter D-50)
---------------------------------------- open None (Microbone to Getter D-50) result=[(True, True)], time=0.40 sec
action=open, ok=True, locked=[False]
open () {'description': 'Microbone to Getter NP-10'}
opening name=--- desc=Microbone to Getter NP-10
checking ownership. requestor=129.138.12.150
check software interlocks M
interlocks []
actuate state mode=None-script, software_lock=False
doing actuation None-script open_channel False
Open M ===>> OK
GetIndicatorState M ===>> OK
change switch state (True, True)
update switch state M True args=() kw={} ncanvase=2
21:06:15 -- OPEN   VALVE-M (Microbone to Getter NP-10)
---------------------------------------- open None (Microbone to Getter NP-10) result=[(True, True)], time=0.17 sec
action=open, ok=True, locked=[False]
close () {'description': 'CO2 Laser to Felix'}
closing name=--- desc=CO2 Laser to Felix
checking ownership. requestor=129.138.12.150
check software interlocks F
interlocks []
actuate state mode=None-script, software_lock=True
VALVE-F(CO2 Laser to Felix) software locked
change switch state (True, False)
---------------------------------------- close None (CO2 Laser to Felix) result=[(True, False)]
action=close, ok=True, locked=[True]
open () {'description': 'CO2 Laser to Jan'}
opening name=--- desc=CO2 Laser to Jan
checking ownership. requestor=129.138.12.150
check software interlocks A
interlocks []
actuate state mode=None-script, software_lock=False
doing actuation None-script open_channel False
Open A ===>> OK
GetIndicatorState A ===>> OK
change switch state (True, True)
update switch state A True args=() kw={} ncanvase=2
21:06:16 -- OPEN   VALVE-A (CO2 Laser to Jan)
---------------------------------------- open None (CO2 Laser to Jan) result=[(True, True)], time=0.16 sec
action=open, ok=True, locked=[False]
open () {'description': 'Microbone to CO2 Laser'}
opening name=--- desc=Microbone to CO2 Laser
checking ownership. requestor=129.138.12.150
check software interlocks T
interlocks []
actuate state mode=None-script, software_lock=False
doing actuation None-script open_channel False
Open T ===>> OK
GetIndicatorState T ===>> OK
change switch state (True, True)
update switch state T True args=() kw={} ncanvase=2
21:06:16 -- OPEN   VALVE-T (Microbone to CO2 Laser)
---------------------------------------- open None (Microbone to CO2 Laser) result=[(True, True)], time=0.43 sec
action=open, ok=True, locked=[False]
executed snippet estimated_duration=0, duration=5.01464796066
PrepareForCO2Analysis.py completed successfully
gosub finished
set_motor ('beam', '1.25') {}
setting motor "beam" to 1.25
set motor beam to 1.25
SetMotor beam,1.25 ===>> OK
GetMotorMoving beam ===>> False
GetMotorMoving beam ===>> False
Block completed
move_to_position ('180',) {'autocenter': True}
FusionsCO2 move to position 180
sending GoToHole 180,True
GoToHole 180,True ===>> OK
GetDriveMoving ===>> OK
GetDriveMoving ===>> OK
GetDriveMoving ===>> OK
GetDriveMoving ===>> OK
GetDriveMoving ===>> OK
GetDriveMoving ===>> OK
GetDriveMoving ===>> False
GetDriveMoving ===>> OK
GetDriveMoving ===>> OK
GetDriveMoving ===>> OK
GetDriveMoving ===>> OK
GetDriveMoving ===>> OK
GetDriveMoving ===>> False
Block completed
GetAutoCorrecting ===>> False
GetAutoCorrecting ===>> False
Block completed
update position
GetPosition ===>> 7.97560,-7.97560,1.00000
got position (7.9756, -7.9756, 1.0)
move to position succeeded
sleep (5,) {}
SLEEP 5.0
block started
WaitControl setup for 5.0  
Join finished
block finished. duration 5.05747485161
close () {'description': 'Microbone to Turbo'}
closing name=--- desc=Microbone to Turbo
checking ownership. requestor=129.138.12.150
check software interlocks U
interlocks []
actuate state mode=None-script, software_lock=False
doing actuation None-script close_channel True
Close U ===>> OK
GetIndicatorState U ===>> False
change switch state (True, True)
update switch state U False args=() kw={} ncanvase=2
21:06:28 -- CLOSE  VALVE-U (Microbone to Turbo)
---------------------------------------- close None (Microbone to Turbo) result=[(True, True)]
action=close, ok=True, locked=[False]
enable laser
enable () {}
set extraction state FusionsCO2 Enabled (False, 'red', 1.5)
enabling laser
Enable ===>> OK
begin interval
BEGIN INTERVAL Interval 1 waiting for 30.0
block started
WaitControl setup for 30.0  
set extract to 5.0
extract (5.0,) {}
GetPosition ===>> 7.97560,-7.97560,1.00000
set extraction state FusionsCO2 ON! 5.0(watts) (0.75, 'red', 1.5)
extract sample to 5.0 (watts)
set laser output
SetLaserOutput 5.0,watts ===>> OK
executing pattern triangle.lp
execute_pattern ('triangle.lp',) {}
executing pattern triangle.lp
IsPatterning ===>> OK
IsPatterning ===>> OK
IsPatterning ===>> OK
IsPatterning ===>> OK
IsPatterning ===>> OK
IsPatterning ===>> OK
IsPatterning ===>> OK
IsPatterning ===>> OK
IsPatterning ===>> OK
IsPatterning ===>> OK
IsPatterning ===>> OK
IsPatterning ===>> OK
IsPatterning ===>> OK
IsPatterning ===>> OK
IsPatterning ===>> OK
IsPatterning ===>> OK
IsPatterning ===>> OK
IsPatterning ===>> OK
IsPatterning ===>> OK
IsPatterning ===>> OK
IsPatterning ===>> OK
IsPatterning ===>> OK
IsPatterning ===>> OK
IsPatterning ===>> OK
IsPatterning ===>> OK
IsPatterning ===>> OK
IsPatterning ===>> False
IsPatterning ===>> False
Block completed
COMPLETE INTERVAL waiting for Interval 1 to complete
Join finished
block finished. duration 30.1832211018
Interval 1 finished
end_extract () {}
ending extraction. set laser power to 0
set laser power 0
SetLaserPower 0 ===>> OK
disable () {}
%%%%%%%%%%%%%%%%%%%%%%%%%%%%%%%%%%% disable
set extraction state False (0.75, 'red', 1.5)
disabling laser
Disable ===>> OK
sleep (30.0,) {}
SLEEP 30.0
block started
WaitControl setup for 30.0  
Join finished
block finished. duration 30.1314380169
executed snippet estimated_duration=166.5, duration=77.6069860458
jan_co2.py completed successfully
GetAchievedOutput ===>> No Response
Requested Output= 0.000
Achieved Output=  0.000
GetResponseBlob ===>> No Response
GetOutputBlob ===>> No Response
persistence save...
persistence save - db
AutomatedRunPersister post_extraction_save deprecated
persistence save - dvc
no extraction position for 180
create new session 4989601072
close session 4989601072
Extraction Finished
21:07:29 -- ******* Extraction Finished *******
no overlap. not waiting for min ms pumptime
21:07:29 -- Sending spectrometer configuration
======== Sending configuration ========
SetDeflection CDD,50.0 ===>> OK
SetDeflection H2,0.0 ===>> OK
SetDeflection H1,0.0 ===>> OK
SetDeflection L2,825.0 ===>> OK
SetDeflection L1,400.0 ===>> OK
SetDeflection AX,190.0 ===>> OK
SetZFocus 74.64 ===>> OK
SetZSymmetry -50.72 ===>> OK
SetExtractionLens 26.13 ===>> OK
SetIonRepeller -3.81 ===>> OK
SetElectronEnergy 75.08 ===>> OK
SetYSymmetry -2.81 ===>> OK
SetIonCounterVoltage 1590.0 ===>> OK
send trap current 200.0
GetParameter Trap Current Readback ===>> 198.035158395898
SetParameter Trap Current Set,200.0 ===>> OK
updating mftable name mftable
Using mftable located at /Users/jan/PychronDev/setupfiles/spectrometer/mftables/mftable.csv
============ MFtable ===========
Isotope  H2     H1     AX     L1     L2     CDD    
Ar40     5.8064 5.8791 5.9926 6.1463 6.2309 6.3746
Ar39     5.7057 5.7714 5.8850 6.0324 6.1160 6.2611
Ar36     5.3832 5.4404 5.5484 5.6913 5.7710 5.9122
================================
get initial guess parabolic
get initial guess parabolic
get initial guess parabolic
get initial guess parabolic
get initial guess parabolic
get initial guess parabolic
======== Configuration Finished ========
GetYSymmetry ===>> -2.81
GetZSymmetry ===>> -50.72
GetParameter Trap Current Readback ===>> 198.035158395898
GetHighVoltage ===>> 4499.94659342336
start measurement
do measurement
L#=65579 analysis type=unknown
Measurement Started jan_unknown120_60.py
21:07:29 -- ******* Measurement Started jan_unknown120_60.py *******
state changed from extraction to measurement
setting spec, defl, and gains
GetExtractionLens ===>> 26.13
GetYSymmetry ===>> -2.81
GetZSymmetry ===>> -50.72
GetZFocus ===>> 74.64
GetDeflection H2 ===>> 0
GetDeflection H1 ===>> 0
GetDeflection AX ===>> 190
GetDeflection L1 ===>> 400
GetDeflection L2 ===>> 825
GetDeflection CDD ===>> 50
GetGain H2 ===>> 0.0113
GetGain H1 ===>> 0.1
GetGain AX ===>> 0.097049
GetGain L1 ===>> 0.010355
GetGain L2 ===>> 0.095649
GetGain CDD ===>> 0
pre measurement save
New frame /Users/jan/PychronDev/data/isotopes/e4/70a33d-b855-4965-a129-d36d827d901a.h5
flush and close file /Users/jan/PychronDev/data/isotopes/e4/70a33d-b855-4965-a129-d36d827d901a.h5
testing...
no interpolation path defined
executed snippet estimated_duration=226.132928, duration=0.000159025192261
unknown measurement script
activate_detectors ('H2', 'H1', 'AX', 'L1', 'L2', 'CDD') {}
activate detectors
*************** Set Analysis View Ar/Ar
create graphs
clearing graphs
clear isotope group
setting isotope det=H2, iso=PM41
setting isotope det=H1, iso=Ar40
setting isotope det=AX, iso=Ar39
setting isotope det=L1, iso=Ar38
setting isotope det=L2, iso=Ar37
setting isotope det=CDD, iso=Ar36
setting previous blanks
 - setting Ar40 blank 0.747+/-0.007
 - setting Ar36 blank 0.00653+/-0.00019
 - setting Ar37 blank 0.062+/-0.005
 - setting Ar38 blank 0.0099+/-0.0024
 - setting PM41 blank 0.05+/-0.06
 - setting Ar39 blank 0.038+/-0.009
load analysis view
position_magnet ('Ar40',) {'detector': 'H1'}
detector Detector(H1)
POSITION Ar40 H1
setting detector H2 to PM41 (40.9624)
setting detector H1 to Ar40 (39.9624)
setting detector AX to Ar39 (38.9624)
setting detector L1 to Ar38 (37.9624)
setting detector L2 to Ar37 (36.9624)
setting detector CDD to Ar36 (35.9624)
Mapping mass to dac mass func: "parabolic"
H1 map mass coeffs = [-0.00063987  0.15840543  0.57073999]
H1 map mass to dac 39.9624 >> 5.87913
GetDeflection H1 ===>> 0
GetHighVoltage ===>> 4499.94659342336
positioning Ar40 (5.87909537835) on H1
setting magnet DAC
current  : 5.879096
requested: 5.879095
Delta Dac: 0.000000
Checking detector protection. dv=0.00000
Checking detector "CDD". Protection Threshold: 0.1 (V)
SetMagnetDAC 5.87909537835 ===>> OK
Magnet settling time: 0.500
equilibrate () {'delay': 3, 'inlet': 'R', 'outlet': 'O', 'eqtime': 12.0}
Equilibration Started
21:07:31 -- ******* Equilibration Started *******
checking ownership. requestor=129.138.12.150
check software interlocks O
interlocks []
actuate state mode=None-script, software_lock=False
doing actuation None-script close_channel True
Close O ===>> OK
GetIndicatorState O ===>> False
change switch state (True, True)
update switch state O False args=() kw={} ncanvase=2
21:07:31 -- CLOSE  VALVE-O (Jan Ion Pump)
waiting 3s before opening inlet value ('R',)
update labels <pychron.experiment.plot_panel.PlotPanel object at 0x169a09e30>
update labels "<pychron.graph.stacked_regression_graph.StackedRegressionGraph object at 0x15bc9aa70>"
setting label 0 H2 PM41
setting label 1 H1 Ar40
setting label 2 AX Ar39
setting label 3 L1 Ar38
setting label 4 L2 Ar37
setting label 5 CDD Ar36
update labels "<pychron.graph.stacked_graph.StackedGraph object at 0x1617b1590>"
setting label 0 H2 PM41
setting label 1 H1 Ar40
setting label 2 AX Ar39
setting label 3 L1 Ar38
setting label 4 L2 Ar37
setting label 5 CDD Ar36
checking ownership. requestor=129.138.12.150
check software interlocks R
interlocks []
actuate state mode=None-script, software_lock=False
doing actuation None-script open_channel True
Open R ===>> OK
GetIndicatorState R ===>> OK
change switch state (True, True)
update switch state R True args=() kw={} ncanvase=2
21:07:35 -- OPEN   VALVE-R (Jan Inlet)
equilibrating for 12.0sec
set_time_zero () {}
sniff (12.0,) {}
py_sniff
build tables- sniff [Detector(H2), Detector(H1), Detector(AX), Detector(L1), Detector(L2), Detector(CDD)]
add group /sniff/PM41 (Group) '' table H2
add group /sniff/Ar40 (Group) '' table H1
add group /sniff/Ar39 (Group) '' table AX
add group /sniff/Ar38 (Group) '' table L1
add group /sniff/Ar37 (Group) '' table L2
add group /sniff/Ar36 (Group) '' table CDD
flush and close file /Users/jan/PychronDev/data/isotopes/e4/70a33d-b855-4965-a129-d36d827d901a.h5
measuring sniff. ncounts=12.0
"sniff" increment series count="1" fit count="0" regressing="False"
starting measurement
GetData ===>> H2,0.183874155813422,H1,87.5616212478299,AX,24.0046358224418,L1,0.0524874533123659,L2,0.189161960...
GetData ===>> H2,0.89250468452288,H1,464.352121248345,AX,122.148192513344,L1,0.787777302862916,L2,0.74681816217...
GetData ===>> H2,0.414701057566793,H1,630.916274332497,AX,160.913707353889,L1,1.43133021336597,L2,0.65240122419...
GetData ===>> H2,0.163234729935156,H1,685.69252509706,AX,172.108722916162,L1,1.78300360036695,L2,0.721497762693...
GetData ===>> H2,-0.00286016614277671,H1,706.219958211809,AX,176.309813905739,L1,1.96067919054804,L2,0.65657396...
GetData ===>> H2,-0.0646327810538542,H1,714.476410691329,AX,177.950018305519,L1,2.11941153459807,L2,0.721143118...
GetData ===>> H2,-0.166397383183401,H1,717.940389034335,AX,178.294138165975,L1,2.18542093842676,L2,0.7463146639...
GetData ===>> H2,-0.188555868904231,H1,719.420406270969,AX,178.598770408335,L1,2.24713348252707,L2,0.7374924303...
GetData ===>> H2,-0.0339546676524422,H1,719.816089315368,AX,178.785350249541,L1,2.25850023986697,L2,0.586540607...
GetData ===>> H2,-0.0855965823790944,H1,720.046020382973,AX,178.754261778716,L1,2.25208444069947,L2,0.718180175...
GetData ===>> H2,-0.0646056714110836,H1,719.777653735162,AX,178.965496608867,L1,2.25710628209249,L2,0.628980073...
Equilibration Finished
21:07:47 -- ******* Equilibration Finished *******
checking ownership. requestor=129.138.12.150
check software interlocks R
interlocks []
actuate state mode=None-script, software_lock=False
doing actuation None-script close_channel True
GetData ===>> H2,-0.0808624371924403,H1,719.618520359007,AX,178.682357535091,L1,2.25559586476057,L2,0.695200450...
Close R ===>> OK
set states for children of R. state=False
handle state [('R', False)]
update switch state R False args=() kw={'refresh': False} ncanvase=2
refresh_canvas_needed fired
GetIndicatorState R ===>> False
change switch state (True, True)
update switch state R False args=() kw={} ncanvase=2
21:07:47 -- CLOSE  VALVE-R (Jan Inlet)
Post Equilibration Started jan_pump_extraction_line.py
21:07:47 -- ******* Post Equilibration Started jan_pump_extraction_line.py *******
testing...
no interpolation path defined
calculate duration
testing...
no interpolation path defined
executed snippet estimated_duration=4.0, duration=0.000149965286255
executed snippet estimated_duration=4.0, duration=0.00152397155762
Pump after analysis
doing GOSUB
testing...
no interpolation path defined
executed snippet estimated_duration=4.0, duration=0.000152826309204
Pump Microbone
close () {'description': 'Jan Inlet'}
closing name=--- desc=Jan Inlet
checking ownership. requestor=129.138.12.150
check software interlocks R
interlocks []
actuate state mode=None-script, software_lock=False
doing actuation None-script close_channel False
Close R ===>> OK
measurement finished
estimated time: 12.583 actual time: :12.702
flush and close file /Users/jan/PychronDev/data/isotopes/e4/70a33d-b855-4965-a129-d36d827d901a.h5
set_fits () {}
using default fits file=/Users/jan/PychronDev/scripts/measurement/fits/nominal_linear.yaml
set "Ar40" to "('Linear', 'SEM')"
No fit for "PM41". defaulting to linear. check the measurement script "jan_unknown120_60.py"
set "PM41" to "linear"
set "Ar36" to "('Linear', 'SEM')"
set "Ar37" to "('linear', 'SEM')"
set "Ar38" to "('linear', 'SEM')"
set "Ar39" to "('Linear', 'SEM')"
set_baseline_fits () {}
using default fits file=/Users/jan/PychronDev/scripts/measurement/fits/nominal_linear.yaml
GetIndicatorState R ===>> False
change switch state (True, True)
set "H1" to "('average', 'SEM')"
update switch state R False args=() kw={} ncanvase=2
set "H2" to "('average', 'SEM')"
set "CDD" to "('average', 'SEM')"
set "L2" to "('average', 'SEM')"
set "L1" to "('average', 'SEM')"
21:07:48 -- CLOSE  VALVE-R (Jan Inlet)
set "AX" to "('average', 'SEM')"
---------------------------------------- close None (Jan Inlet) result=[(True, True)]
multicollect () {'integration_time': 1, 'ncounts': 120}
build tables- signal [Detector(H2), Detector(H1), Detector(AX), Detector(L1), Detector(L2), Detector(CDD)]
add group /signal/PM41 (Group) '' table H2
add group /signal/Ar40 (Group) '' table H1
add group /signal/Ar39 (Group) '' table AX
add group /signal/Ar38 (Group) '' table L1
add group /signal/Ar37 (Group) '' table L2
add group /signal/Ar36 (Group) '' table CDD
flush and close file /Users/jan/PychronDev/data/isotopes/e4/70a33d-b855-4965-a129-d36d827d901a.h5
measuring signal. ncounts=120
action=close, ok=True, locked=[False]
is_closed ('F',) {}
is F () closed?
is closed True
open () {'description': 'CO2 Laser to Jan'}
opening name=--- desc=CO2 Laser to Jan
checking ownership. requestor=129.138.12.150
check software interlocks A
interlocks []
actuate state mode=None-script, software_lock=False
doing actuation None-script open_channel False
Open A ===>> OK
GetIndicatorState A ===>> OK
change switch state (True, True)
update switch state A True args=() kw={} ncanvase=2
21:07:48 -- OPEN   VALVE-A (CO2 Laser to Jan)
---------------------------------------- open None (CO2 Laser to Jan) result=[(True, True)], time=0.13 sec
starting measurement
GetData ===>> H2,-0.0859107677606496,H1,719.886498907201,AX,178.629737155403,L1,2.25228860966384,L2,0.568109257...
action=open, ok=True, locked=[False]
sleep (1,) {}
SLEEP 1.0
"signal" increment series count="2" fit count="1" regressing="True"
GetData ===>> H2,0.00487316641545827,H1,720.032144054475,AX,178.760559168279,L1,2.29312157687446,L2,0.679041299...
close () {'description': 'CO2 Laser to Roughing'}
closing name=--- desc=CO2 Laser to Roughing
checking ownership. requestor=129.138.12.150
check software interlocks G
interlocks []
actuate state mode=None-script, software_lock=True
VALVE-G(CO2 Laser to Roughing) software locked
change switch state (True, False)
---------------------------------------- close None (CO2 Laser to Roughing) result=[(True, False)]
action=close, ok=True, locked=[True]
open () {'description': 'Microbone to Turbo'}
opening name=--- desc=Microbone to Turbo
checking ownership. requestor=129.138.12.150
check software interlocks U
interlocks []
actuate state mode=None-script, software_lock=False
doing actuation None-script open_channel True
Open U ===>> OK
GetIndicatorState U ===>> OK
change switch state (True, True)
update switch state U True args=() kw={} ncanvase=2
21:07:50 -- OPEN   VALVE-U (Microbone to Turbo)
---------------------------------------- open None (Microbone to Turbo) result=[(True, True)], time=0.20 sec
action=open, ok=True, locked=[False]
open () {'description': 'Microbone to Getter NP-10'}
opening name=--- desc=Microbone to Getter NP-10
checking ownership. requestor=129.138.12.150
check software interlocks M
interlocks []
actuate state mode=None-script, software_lock=False
doing actuation None-script open_channel False
Open M ===>> OK
GetIndicatorState M ===>> OK
change switch state (True, True)
update switch state M True args=() kw={} ncanvase=2
21:07:50 -- OPEN   VALVE-M (Microbone to Getter NP-10)
---------------------------------------- open None (Microbone to Getter NP-10) result=[(True, True)], time=0.14 sec
action=open, ok=True, locked=[False]
open () {'description': 'Microbone to Getter D-50'}
opening name=--- desc=Microbone to Getter D-50
checking ownership. requestor=129.138.12.150
check software interlocks K
interlocks []
actuate state mode=None-script, software_lock=False
doing actuation None-script open_channel False
GetData ===>> H2,-0.0280369694120858,H1,719.967155753786,AX,178.658061099725,L1,2.31710136540093,L2,0.662107417...
Open K ===>> OK
GetIndicatorState K ===>> OK
change switch state (True, True)
update switch state K True args=() kw={} ncanvase=2
21:07:51 -- OPEN   VALVE-K (Microbone to Getter D-50)
---------------------------------------- open None (Microbone to Getter D-50) result=[(True, True)], time=0.44 sec
action=open, ok=True, locked=[False]
open () {'description': 'Microbone to CO2 Laser'}
opening name=--- desc=Microbone to CO2 Laser
checking ownership. requestor=129.138.12.150
check software interlocks T
interlocks []
actuate state mode=None-script, software_lock=False
doing actuation None-script open_channel False
Open T ===>> OK
GetIndicatorState T ===>> OK
change switch state (True, True)
update switch state T True args=() kw={} ncanvase=2
21:07:51 -- OPEN   VALVE-T (Microbone to CO2 Laser)
---------------------------------------- open None (Microbone to CO2 Laser) result=[(True, True)], time=0.44 sec
GetData ===>> H2,-0.0522600102163047,H1,719.2436112192,AX,178.98079399901,L1,2.32060741651975,L2,0.756785681779...
action=open, ok=True, locked=[False]
open () {'description': 'Microbone to Inlet Pipette'}
opening name=--- desc=Microbone to Inlet Pipette
checking ownership. requestor=129.138.12.150
check software interlocks S
interlocks []
actuate state mode=None-script, software_lock=False
doing actuation None-script open_channel False
Open S ===>> OK
GetIndicatorState S ===>> OK
change switch state (True, True)
update switch state S True args=() kw={} ncanvase=2
21:07:52 -- OPEN   VALVE-S (Microbone to Inlet Pipette)
---------------------------------------- open None (Microbone to Inlet Pipette) result=[(True, True)], time=0.42 sec
action=open, ok=True, locked=[False]
sleep (1,) {}
SLEEP 1.0
testing H1>-5.0
evaluate ot="H1.bs>-5.0" t="H1>-5.0", ctx="{'H1': None}"
GetData ===>> H2,-0.195256856781418,H1,719.073440221121,AX,178.706871279138,L1,2.31413675122651,L2,0.6518181979...
set_resource () {'name': 'CO2PumpTimeFlag', 'value': 30}
Set CO2PumpTimeFlag 30 ===>> OK
release ('JanCO2Flag',) {}
release JanCO2Flag
Set JanCO2Flag 0 ===>> OK
executed snippet estimated_duration=6.0, duration=6.06350803375
PumpMicrobone.py completed successfully
gosub finished
get_resource_value () {'name': 'JanMiniboneFlag'}
Read JanMiniboneFlag ===>> 0
Get Resource Value JanMiniboneFlag=0.0
get resource value 0.0
get_resource_value () {'name': 'JanMiniboneFlag'}
Read JanMiniboneFlag ===>> 0
Get Resource Value JanMiniboneFlag=0.0
executed snippet estimated_duration=4.0, duration=6.07666897774
jan_pump_extraction_line.py completed successfully
Post Equilibration Finished
21:07:53 -- ******* Post Equilibration Finished *******
GetData ===>> H2,-0.266499904838934,H1,718.731541817357,AX,178.420085022413,L1,2.29225124770787,L2,0.6584260363...
GetData ===>> H2,-0.174876025253477,H1,718.509929665145,AX,178.482973692671,L1,2.29548691384423,L2,0.6563796156...
GetData ===>> H2,-0.111140719265571,H1,718.463061084204,AX,178.363263284491,L1,2.27581176741869,L2,0.6930503144...
GetData ===>> H2,-0.177277501404217,H1,718.130017340274,AX,178.300807324637,L1,2.26508019479939,L2,0.6910946476...
testing H1>-5.0
evaluate ot="H1.bs>-5.0" t="H1>-5.0", ctx="{'H1': None}"
GetData ===>> H2,-0.17428063957877,H1,717.54630772859,AX,178.177533132909,L1,2.29232210147432,L2,0.614171395947...
GetData ===>> H2,-0.0726573376970222,H1,717.137749014556,AX,178.041372101342,L1,2.28706142400915,L2,0.629414381...
GetData ===>> H2,-0.0970184155226811,H1,716.990928745217,AX,178.126242905748,L1,2.29967379400593,L2,0.667572584...
GetData ===>> H2,-0.122916639230458,H1,716.901996309494,AX,178.036552369386,L1,2.25852158410979,L2,0.6350719945...
GetData ===>> H2,-0.118953456638768,H1,716.51282789495,AX,178.235704306845,L1,2.23235791436886,L2,0.56214155186...
testing H1>-5.0
evaluate ot="H1.bs>-5.0" t="H1>-5.0", ctx="{'H1': None}"
GetData ===>> H2,-0.0162999161436101,H1,716.244201267263,AX,178.008014114691,L1,2.28938538754847,L2,0.608258012...
GetData ===>> H2,-0.067375241033965,H1,715.975987938479,AX,177.998176647659,L1,2.2669664228473,L2,0.62986012072...
GetData ===>> H2,-0.124149948228951,H1,715.617707791668,AX,177.898735767722,L1,2.25053261138367,L2,0.7324122900...
GetData ===>> H2,-0.113666609139888,H1,715.59003577722,AX,177.642575399369,L1,2.27477234791106,L2,0.63696936979...
GetData ===>> H2,-0.239747333892551,H1,715.236657921942,AX,177.447989466147,L1,2.31035537777902,L2,0.6778634923...
testing H1>-5.0
evaluate ot="H1.bs>-5.0" t="H1>-5.0", ctx="{'H1': None}"
GetData ===>> H2,-0.111969208081986,H1,714.779536081252,AX,177.555960884288,L1,2.2779185844289,L2,0.68981376461...
GetData ===>> H2,-0.0758376178276154,H1,714.674542678948,AX,177.614756785088,L1,2.2594487639183,L2,0.6595693071...
GetData ===>> H2,-0.105159587150233,H1,714.244601248756,AX,177.60033888394,L1,2.27291152009417,L2,0.68396995278...
GetData ===>> H2,-0.214280938221967,H1,713.873808051056,AX,177.408813197255,L1,2.26998932161787,L2,0.6659833089...
GetData ===>> H2,-0.196387535689561,H1,713.854469484159,AX,177.033023483952,L1,2.27424866663202,L2,0.7247811430...
testing H1>-5.0
evaluate ot="H1.bs>-5.0" t="H1>-5.0", ctx="{'H1': None}"
21:08:14 -- collecting point 25
GetData ===>> H2,-0.201641106925123,H1,713.729994335618,AX,177.331526101037,L1,2.25634740717915,L2,0.6367750585...
GetData ===>> H2,-0.165065079882399,H1,713.155929229458,AX,177.315852185825,L1,2.23083277902708,L2,0.6719518024...
GetData ===>> H2,-0.149485607181685,H1,713.213580470611,AX,177.146977422653,L1,2.20348639225396,L2,0.6356777789...
GetData ===>> H2,-0.124035007328932,H1,712.668886417237,AX,177.012756677251,L1,2.23581823621605,L2,0.7505944829...
GetData ===>> H2,-0.207615831200895,H1,712.33050633226,AX,176.796984252433,L1,2.25735304666712,L2,0.61494919884...
testing H1>-5.0
evaluate ot="H1.bs>-5.0" t="H1>-5.0", ctx="{'H1': None}"
GetData ===>> H2,-0.142120269038523,H1,712.13659193939,AX,176.675099704193,L1,2.23864950356589,L2,0.62223568809...
GetData ===>> H2,-0.216623837873713,H1,711.969044013992,AX,176.677799022153,L1,2.21930101087475,L2,0.7374008939...
GetData ===>> H2,-0.163196621697899,H1,711.647998314483,AX,176.539811500726,L1,2.24969207138468,L2,0.6929931306...
GetData ===>> H2,-0.184021588908023,H1,711.360133141653,AX,176.55476542573,L1,2.24868350668254,L2,0.78503451493...
GetData ===>> H2,-0.142809452520851,H1,711.451678491636,AX,176.469946625071,L1,2.24951196388081,L2,0.6500119821...
testing H1>-5.0
evaluate ot="H1.bs>-5.0" t="H1>-5.0", ctx="{'H1': None}"
GetData ===>> H2,-0.094888077600673,H1,710.924964319776,AX,176.370101082444,L1,2.28529772485991,L2,0.6353463115...
GetData ===>> H2,-0.163706968173509,H1,710.601337954007,AX,176.339678701419,L1,2.25053261138367,L2,0.5754722254...
GetData ===>> H2,-0.153502426067956,H1,710.528464758563,AX,176.094428283486,L1,2.20869176408318,L2,0.5941680140...
GetData ===>> H2,-0.0823634897333923,H1,710.090310589724,AX,176.332383377855,L1,2.24054360783342,L2,0.800055106...
GetData ===>> H2,-0.0304046890763005,H1,709.692391898577,AX,176.378017025627,L1,2.20489333417181,L2,0.630385867...
testing H1>-5.0
evaluate ot="H1.bs>-5.0" t="H1>-5.0", ctx="{'H1': None}"
GetData ===>> H2,-0.13270399168948,H1,709.440960588959,AX,176.155824545607,L1,2.20513826931991,L2,0.64556517811...
GetData ===>> H2,-0.171416073482658,H1,709.22355709566,AX,176.335787826482,L1,2.23635571555684,L2,0.65674545300...
GetData ===>> H2,-0.263351204417326,H1,708.947040516118,AX,176.280639029924,L1,2.25250879605296,L2,0.6667264918...
GetData ===>> H2,-0.202978382287116,H1,708.618688287587,AX,176.248808216339,L1,2.24430744189499,L2,0.7193813575...
GetData ===>> H2,-0.106190692791954,H1,708.270045510525,AX,176.180154489346,L1,2.26368141405397,L2,0.5890448912...
testing H1>-5.0
evaluate ot="H1.bs>-5.0" t="H1>-5.0", ctx="{'H1': None}"
GetData ===>> H2,-0.0631009849816921,H1,708.17551114598,AX,175.807870705181,L1,2.2608603591172,L2,0.59304730756...
GetData ===>> H2,-0.13398203541426,H1,707.849281842877,AX,175.794359964888,L1,2.25423307191629,L2,0.71974743506...
GetData ===>> H2,-0.192555909922082,H1,707.649464826555,AX,175.820675911066,L1,2.2460251201057,L2,0.71077893665...
GetData ===>> H2,-0.166325845041178,H1,707.397235132514,AX,175.601166053493,L1,2.23558218024911,L2,0.5867693061...
GetData ===>> H2,-0.196514318954871,H1,707.192841575393,AX,175.68933100669,L1,2.21826233669906,L2,0.66450839354...
testing H1>-5.0
evaluate ot="H1.bs>-5.0" t="H1>-5.0", ctx="{'H1': None}"
21:08:40 -- collecting point 50
GetData ===>> H2,-0.180627108180058,H1,706.773965439615,AX,175.591237712786,L1,2.23971714712232,L2,0.6055931056...
GetData ===>> H2,-0.0252312030620727,H1,706.474476578281,AX,175.548441627459,L1,2.27199524606046,L2,0.704018798...
GetData ===>> H2,0.0142209464352212,H1,706.368899993225,AX,175.265832382703,L1,2.24319669253825,L2,0.7149885356...
GetData ===>> H2,-0.151521984009678,H1,706.264903688104,AX,175.137977544425,L1,2.20077683119879,L2,0.5425604824...
GetData ===>> H2,-0.123196579673278,H1,705.618909160428,AX,175.048422774959,L1,2.18158318761414,L2,0.6574885644...
testing H1>-5.0
evaluate ot="H1.bs>-5.0" t="H1>-5.0", ctx="{'H1': None}"
GetData ===>> H2,-0.227407026314197,H1,705.906750165106,AX,175.011216534906,L1,2.21510262839738,L2,0.6935192229...
GetData ===>> H2,-0.275576739390221,H1,705.284943338953,AX,175.147653995064,L1,2.20132907052585,L2,0.5698927815...
GetData ===>> H2,-0.174722119031117,H1,704.822469400061,AX,175.207552836676,L1,2.18793494153845,L2,0.6540245708...
GetData ===>> H2,-0.0637815074483672,H1,704.474393378657,AX,175.107342464017,L1,2.21530914786329,L2,0.673975686...
GetData ===>> H2,-0.111548202526879,H1,703.897071249192,AX,174.811083856336,L1,2.22857078901898,L2,0.7184318503...
testing H1>-5.0
evaluate ot="H1.bs>-5.0" t="H1>-5.0", ctx="{'H1': None}"
GetData ===>> H2,-0.154904997706682,H1,703.929991809242,AX,174.748324970449,L1,2.20570137428863,L2,0.5906229668...
GetData ===>> H2,-0.112587827801234,H1,703.527739861236,AX,174.940392488218,L1,2.22265605497942,L2,0.7263027476...
GetData ===>> H2,-0.0385025649670015,H1,703.38313359956,AX,174.707223676924,L1,2.20006494849221,L2,0.7480883626...
GetData ===>> H2,-0.131166091117449,H1,703.088546786153,AX,174.832680382507,L1,2.19840051757353,L2,0.6548133901...
GetData ===>> H2,-0.222459443033587,H1,702.643108302971,AX,174.800517668499,L1,2.2248195866916,L2,0.62398590057...
testing H1>-5.0
evaluate ot="H1.bs>-5.0" t="H1>-5.0", ctx="{'H1': None}"
GetData ===>> H2,-0.0610957828208379,H1,702.335155593201,AX,174.50416373378,L1,2.27486185710889,L2,0.5598323095...
GetData ===>> H2,0.00627668171182208,H1,702.311809617117,AX,174.356360248646,L1,2.27105367222811,L2,0.616253176...
GetData ===>> H2,-0.122122760910002,H1,702.313799895172,AX,174.419819260192,L1,2.24958667478999,L2,0.6685787576...
GetData ===>> H2,0.00401373448422871,H1,701.664810269463,AX,174.599179849563,L1,2.24883291794203,L2,0.621286239...
GetData ===>> H2,-0.0725068420543633,H1,702.011494436178,AX,174.36009899612,L1,2.21948878150574,L2,0.6389125037...
testing H1>-5.0
evaluate ot="H1.bs>-5.0" t="H1>-5.0", ctx="{'H1': None}"
GetData ===>> H2,-0.105330091391783,H1,701.393918198758,AX,174.157416971589,L1,2.19363810722155,L2,0.6868289160...
GetData ===>> H2,-0.109823405911388,H1,701.130390881849,AX,174.003570547424,L1,2.22302105499038,L2,0.6244663566...
GetData ===>> H2,-0.122854429305623,H1,700.644690878417,AX,174.028049448097,L1,2.23615032338091,L2,0.6505949974...
GetData ===>> H2,-0.129379204010621,H1,700.343047053052,AX,173.834828284279,L1,2.24939456203088,L2,0.6258828284...
GetData ===>> H2,-0.119636629458055,H1,699.925412070787,AX,174.125285410087,L1,2.22800569617093,L2,0.6923412376...
testing H1>-5.0
evaluate ot="H1.bs>-5.0" t="H1>-5.0", ctx="{'H1': None}"
21:09:06 -- collecting point 75
GetData ===>> H2,-0.112712359862729,H1,699.628784830027,AX,174.062115526134,L1,2.2144284688287,L2,0.71024131094...
GetData ===>> H2,-0.181142551947422,H1,699.892530036506,AX,174.000758099163,L1,2.22539784277781,L2,0.6253342493...
GetData ===>> H2,-0.166868443820986,H1,699.378227351019,AX,173.914603721522,L1,2.22445719258924,L2,0.7008619425...
GetData ===>> H2,-0.0294783077104489,H1,699.11961065239,AX,173.675972689809,L1,2.19929456953812,L2,0.6562881564...
GetData ===>> H2,-0.139365819688219,H1,698.991502401916,AX,173.800810215814,L1,2.23790048112685,L2,0.6988146169...
testing H1>-5.0
evaluate ot="H1.bs>-5.0" t="H1>-5.0", ctx="{'H1': None}"
GetData ===>> H2,-0.239840218973642,H1,698.5138028896,AX,173.680578470127,L1,2.23150333302546,L2,0.686131321180...
GetData ===>> H2,-0.262666763413296,H1,698.28644441834,AX,173.293987545389,L1,2.22131871149214,L2,0.64785142695...
GetData ===>> H2,-0.185111492442549,H1,698.220047248818,AX,173.277320008337,L1,2.20644823104157,L2,0.6432789837...
GetData ===>> H2,-0.113613822977106,H1,697.344715269805,AX,173.398835291764,L1,2.21424461418482,L2,0.5944539106...
GetData ===>> H2,-0.113887225574772,H1,697.122223845301,AX,173.384579114226,L1,2.19641090323218,L2,0.6531100060...
testing H1>-5.0
evaluate ot="H1.bs>-5.0" t="H1>-5.0", ctx="{'H1': None}"
GetData ===>> H2,-0.133115145271433,H1,697.168218562565,AX,173.242059985394,L1,2.16391509594175,L2,0.6082008247...
GetData ===>> H2,-0.256260787033988,H1,697.01583426684,AX,173.319168386155,L1,2.16407054606395,L2,0.63236315638...
GetData ===>> H2,-0.11491581004456,H1,696.943056376294,AX,173.260390845451,L1,2.17201201322189,L2,0.59315022904...
GetData ===>> H2,-0.0714384013379686,H1,696.98765215454,AX,173.412171300573,L1,2.17156793931084,L2,0.6620959839...
GetData ===>> H2,-0.115638470248775,H1,696.729350781705,AX,173.271837595916,L1,2.15364941263494,L2,0.6339290155...
testing H1>-5.0
evaluate ot="H1.bs>-5.0" t="H1>-5.0", ctx="{'H1': None}"
GetData ===>> H2,-0.0395517175985343,H1,696.102988550683,AX,172.959165073268,L1,2.1811417846136,L2,0.7537987504...
GetData ===>> H2,-0.140040302640092,H1,695.630766754108,AX,172.911303873024,L1,2.17505718773647,L2,0.6690475465...
GetData ===>> H2,-0.161219824771265,H1,695.334893960056,AX,172.898465992984,L1,2.18741480238318,L2,0.6271400007...
GetData ===>> H2,-0.16043252069258,H1,695.287159558122,AX,172.741212750914,L1,2.18583856957072,L2,0.67122001316...
GetData ===>> H2,-0.119234847650308,H1,694.884835358235,AX,172.571375656823,L1,2.17625686894571,L2,0.5721108003...
testing H1>-5.0
evaluate ot="H1.bs>-5.0" t="H1>-5.0", ctx="{'H1': None}"
GetData ===>> H2,-0.112773271786796,H1,694.447870669887,AX,172.546658324394,L1,2.1903497156019,L2,0.62315082789...
GetData ===>> H2,-0.124877429517479,H1,694.269362666143,AX,172.573913629803,L1,2.19669314670926,L2,0.6244892355...
GetData ===>> H2,-0.156193913410888,H1,693.796973845035,AX,172.538122589893,L1,2.19185472326892,L2,0.5965466997...
GetData ===>> H2,-0.142424325737184,H1,693.829207202842,AX,172.46716004003,L1,2.16129270000543,L2,0.72527308778...
GetData ===>> H2,-0.176564806141757,H1,693.688576822275,AX,172.318407869176,L1,2.18136381345893,L2,0.6317345339...
testing H1>-5.0
evaluate ot="H1.bs>-5.0" t="H1>-5.0", ctx="{'H1': None}"
21:09:33 -- collecting point 100
GetData ===>> H2,-0.170787340869164,H1,693.10354303967,AX,172.123149017167,L1,2.20474957039002,L2,0.70168546016...
GetData ===>> H2,-0.0858782662272174,H1,693.25048706818,AX,172.168839157678,L1,2.22460907692312,L2,0.5913434013...
GetData ===>> H2,-0.0333979346384892,H1,692.863010775385,AX,172.057934585766,L1,2.19267185041313,L2,0.543303415...
GetData ===>> H2,-0.103153940420309,H1,692.737708082843,AX,172.124307526016,L1,2.1472262640714,L2,0.68115681601...
GetData ===>> H2,-0.0396005761688057,H1,692.235871668713,AX,171.972145200276,L1,2.16208041676068,L2,0.696184039...
testing H1>-5.0
evaluate ot="H1.bs>-5.0" t="H1>-5.0", ctx="{'H1': None}"
GetData ===>> H2,-0.0572172429098774,H1,691.877278005822,AX,171.78799982546,L1,2.15945978029249,L2,0.6241002946...
GetData ===>> H2,-0.0880853880551284,H1,691.563960988187,AX,171.834531663692,L1,2.16769833081676,L2,0.630843040...
GetData ===>> H2,-0.101697526982008,H1,691.625508979823,AX,171.912587360255,L1,2.14738029130774,L2,0.5640735844...
GetData ===>> H2,-0.118690999120902,H1,691.317514773357,AX,171.765461607941,L1,2.14477937553973,L2,0.6883499192...
GetData ===>> H2,-0.130940190187639,H1,690.991456634009,AX,171.602434576454,L1,2.16916705540506,L2,0.6674353794...
testing H1>-5.0
evaluate ot="H1.bs>-5.0" t="H1>-5.0", ctx="{'H1': None}"
GetData ===>> H2,-0.122574480424817,H1,690.383179420091,AX,171.668199073902,L1,2.22079527298757,L2,0.6282714698...
GetData ===>> H2,-0.0880027173208465,H1,690.19571321854,AX,171.681579160415,L1,2.21656566787259,L2,0.6431418137...
GetData ===>> H2,-0.0909093845539522,H1,690.085549243949,AX,171.701793020551,L1,2.21238492128279,L2,0.702589050...
GetData ===>> H2,-0.173597478053733,H1,689.873555749212,AX,171.452983035827,L1,2.19993322190016,L2,0.5908288047...
GetData ===>> H2,-0.162707855642242,H1,688.898195038407,AX,171.493624457488,L1,2.18261895777229,L2,0.6282600408...
testing H1>-5.0
evaluate ot="H1.bs>-5.0" t="H1>-5.0", ctx="{'H1': None}"
GetData ===>> H2,-0.138354695972342,H1,688.812548290049,AX,171.547890496104,L1,2.17057614943354,L2,0.6666578901...
GetData ===>> H2,-0.144725432800866,H1,688.616198389116,AX,171.261293222572,L1,2.2197138440769,L2,0.62584854219...
GetData ===>> H2,-0.143618851802026,H1,688.657899957599,AX,171.220358532019,L1,2.20248420394395,L2,0.7125977353...
GetData ===>> H2,-0.148524007709149,H1,688.580811107853,AX,171.183924112165,L1,2.17290819224863,L2,0.7073930887...
GetData ===>> H2,-0.279602874779496,H1,688.480227025855,AX,171.191881938779,L1,2.17182055403869,L2,0.6035801780...
testing H1>-5.0
evaluate ot="H1.bs>-5.0" t="H1>-5.0", ctx="{'H1': None}"
GetData ===>> H2,-0.212936918023181,H1,687.937966998175,AX,171.223716707314,L1,2.21110356512455,L2,0.6686130591...
measurement finished
estimated time: 125.829 actual time: :126.506
flush and close file /Users/jan/PychronDev/data/isotopes/e4/70a33d-b855-4965-a129-d36d827d901a.h5
baselines () {'settling_time': 15.0, 'detector': 'H1', 'mass': 34.2, 'ncounts': 60}
%%%%%%%%%%%%%%%%%%%%%%%%%%%%%%%% Baseline
build tables- baseline [Detector(H2), Detector(H1), Detector(AX), Detector(L1), Detector(L2), Detector(CDD)]
add group baseline table H2
add group baseline table H1
add group baseline table AX
add group baseline table L1
add group baseline table L2
add group baseline table CDD
flush and close file /Users/jan/PychronDev/data/isotopes/e4/70a33d-b855-4965-a129-d36d827d901a.h5
detector Detector(H1)
POSITION 34.2 H1
Mapping mass to dac mass func: "parabolic"
H1 map mass coeffs = [-0.00063987  0.15840543  0.57073999]
H1 map mass to dac 34.2 >> 5.23978599104
GetDeflection H1 ===>> 0
GetHighVoltage ===>> 4499.94659342336
positioning 34.2 (5.23975513444) on H1
setting magnet DAC
current  : 5.879095
requested: 5.239755
Delta Dac: 0.639340
Checking detector protection. dv=0.63934
Checking detector "CDD". Protection Threshold: 0.1 (V)
ProtectDetector CDD,On ===>> OK
GetDeflection CDD ===>> 2000
Protected = 2000
SetMagnetDAC 5.23975513444 ===>> OK
Magnet settling time: 0.500
GetMagnetMoving ===>> True
GetMagnetMoving ===>> True
GetMagnetMoving ===>> True
GetMagnetMoving ===>> True
GetMagnetMoving ===>> True
GetMagnetMoving ===>> True
GetMagnetMoving ===>> True
GetMagnetMoving ===>> True
GetMagnetMoving ===>> False
ProtectDetector CDD,Off ===>> OK
GetDeflection CDD ===>> 50
Delaying 15.0s for detectors to settle
Join finished
measuring baseline. ncounts=60
"baseline" increment series count="2" fit count="1" regressing="True"
starting measurement
GetData ===>> H2,-0.166455423231044,H1,-0.0926209510639041,AX,-0.0771142269377253,L1,-0.0155986214638504,L2,-0....
GetData ===>> H2,-0.128741223257603,H1,0.0196457184876266,AX,-0.0496614651584761,L1,-0.0602693268268533,L2,-0.0...
GetData ===>> H2,-0.115438187008727,H1,0.0133105979996053,AX,-0.165839200037861,L1,-0.0571615169739932,L2,0.038...
GetData ===>> H2,-0.196289075365199,H1,-0.0315606412372159,AX,-0.137851980788989,L1,-0.0512658505384952,L2,0.02...
testing H1>-5.0
evaluate ot="H1.bs>-5.0" t="H1>-5.0", ctx="{'H1': None}"
GetData ===>> H2,-0.201545388613799,H1,-0.0382621671975557,AX,-0.0821216657737421,L1,-0.0530770427395204,L2,-0....
GetData ===>> H2,-0.155236022539695,H1,-0.0515684935632031,AX,-0.179192317391735,L1,-0.0514740226603316,L2,-0.1...
GetData ===>> H2,-0.252769363740577,H1,-0.0104514792666819,AX,-0.046739515926211,L1,-0.0334549815196041,L2,0.01...
GetData ===>> H2,-0.319529729295416,H1,-0.0357103934889967,AX,-0.180096368444199,L1,-0.0454975279148291,L2,-0.0...
GetData ===>> H2,-0.175074480189847,H1,-0.0653498839129572,AX,-0.0999238059001082,L1,-0.0212873351695599,L2,0.0...
testing H1>-5.0
evaluate ot="H1.bs>-5.0" t="H1>-5.0", ctx="{'H1': None}"
GetData ===>> H2,-0.181450187830871,H1,-0.107242714658429,AX,-0.128416675929093,L1,-0.022538804183803,L2,0.0740...
GetData ===>> H2,-0.225174552788417,H1,-0.061749738435357,AX,0.026964352552928,L1,-0.0257674505175708,L2,-0.141...
GetData ===>> H2,-0.208286830227691,H1,-0.0688068553510444,AX,-0.186957610184311,L1,-0.0297353241236481,L2,-0.0...
GetData ===>> H2,-0.16333433650332,H1,0.0207075764052213,AX,-0.124581806133217,L1,-0.0213832386866544,L2,-0.010...
GetData ===>> H2,-0.0681524530047107,H1,0.00141692552830826,AX,-0.0384485871097402,L1,-0.0387041344995117,L2,0....
testing H1>-5.0
evaluate ot="H1.bs>-5.0" t="H1>-5.0", ctx="{'H1': None}"
GetData ===>> H2,0.0137527632039353,H1,-0.117299150315442,AX,-0.0645829092323724,L1,-0.0499664718615388,L2,-0.0...
GetData ===>> H2,-0.092921257348631,H1,0.0315892863942625,AX,-0.202416809700896,L1,-0.0567928719396568,L2,0.032...
GetData ===>> H2,-0.22619524378513,H1,0.045431766994919,AX,-0.147522046602912,L1,-0.0262251776534411,L2,0.07159...
GetData ===>> H2,-0.200708155902843,H1,0.0699352627434592,AX,-0.0166684892776833,L1,-0.0164658064697968,L2,-0.0...
GetData ===>> H2,-0.334568552471092,H1,-0.0240357952752788,AX,-0.0307252123993754,L1,-0.0201448141989803,L2,-0....
testing H1>-5.0
evaluate ot="H1.bs>-5.0" t="H1>-5.0", ctx="{'H1': None}"
GetData ===>> H2,-0.322332386707764,H1,-0.0127534290108809,AX,-0.0563050946230148,L1,-0.0436634170217697,L2,0.0...
GetData ===>> H2,-0.252652381688173,H1,-0.0335520668079291,AX,-0.234914832483907,L1,-0.0618533772543748,L2,-0.0...
GetData ===>> H2,-0.20438423822477,H1,0.0732200250115113,AX,-0.11997049362613,L1,-0.100542952049842,L2,-0.19041...
GetData ===>> H2,-0.235815908756995,H1,-0.00606212268132718,AX,-0.0301337575393784,L1,-0.0459212892139251,L2,0....
GetData ===>> H2,-0.33408346147911,H1,0.058739058929347,AX,-0.157411419291782,L1,0.00325176157304039,L2,-0.0124...
testing H1>-5.0
evaluate ot="H1.bs>-5.0" t="H1>-5.0", ctx="{'H1': None}"
21:10:38 -- collecting point 25
GetData ===>> H2,-0.188136504002828,H1,0.0236545894062747,AX,-0.157828768124489,L1,-0.00929814281966848,L2,0.01...
GetData ===>> H2,-0.122823324215362,H1,-0.05236729378002,AX,-0.0911042725081953,L1,-0.0521188503004983,L2,-0.02...
GetData ===>> H2,-0.118128183164223,H1,-0.121143849294714,AX,-0.0730339010468737,L1,-0.0666889274294568,L2,0.03...
GetData ===>> H2,-0.114696566957383,H1,-0.058101776801389,AX,-0.0873142931232219,L1,-0.0275766691957481,L2,-0.0...
GetData ===>> H2,-0.212854763310623,H1,0.0431285318924559,AX,-0.0253671959940726,L1,-0.0174996140287565,L2,-0.0...
testing H1>-5.0
evaluate ot="H1.bs>-5.0" t="H1>-5.0", ctx="{'H1': None}"
GetData ===>> H2,-0.243462141333221,H1,-0.0373678613873494,AX,-0.111384527918629,L1,-0.021609807114273,L2,-0.01...
GetData ===>> H2,-0.134409370300208,H1,-0.0150195454418299,AX,-0.0431101472977385,L1,-0.0617457080273859,L2,-0....
GetData ===>> H2,-0.132246836333649,H1,-0.0197066655688303,AX,-0.0897714219705483,L1,-0.0349611962687385,L2,-0....
GetData ===>> H2,-0.107582942845153,H1,-0.00723104622826192,AX,-0.0713414429447384,L1,-0.0253312722925578,L2,0....
GetData ===>> H2,-0.12964006292846,H1,0.0256590850664874,AX,-0.0723963346698676,L1,-0.0542191610833772,L2,-0.06...
testing H1>-5.0
evaluate ot="H1.bs>-5.0" t="H1>-5.0", ctx="{'H1': None}"
GetData ===>> H2,-0.208641177103423,H1,0.038832483649265,AX,-0.162558596404893,L1,-0.0283733410855723,L2,-0.067...
GetData ===>> H2,-0.205059472197117,H1,0.0120340779949714,AX,-0.117433019892108,L1,-0.00753058475671048,L2,-0.0...
GetData ===>> H2,-0.309718282627025,H1,-0.0410046551859054,AX,-0.0234767431875787,L1,-0.00919862099852444,L2,-0...
GetData ===>> H2,-0.231076588190294,H1,0.025647153425923,AX,0.0329986165030682,L1,-0.00446360282423492,L2,-0.07...
GetData ===>> H2,-0.157566433981482,H1,-0.00402243767914074,AX,-0.131822747707503,L1,-0.0628067976880421,L2,0.0...
testing H1>-5.0
evaluate ot="H1.bs>-5.0" t="H1>-5.0", ctx="{'H1': None}"
GetData ===>> H2,-0.208340724004571,H1,-0.0537383539149559,AX,-0.0840921150291432,L1,0.00143069548254289,L2,-0....
GetData ===>> H2,-0.227674947352565,H1,-0.100474307339993,AX,-0.215985041235823,L1,0.0260115488044016,L2,-0.003...
GetData ===>> H2,-0.206419252213391,H1,-0.0924302701053257,AX,-0.177940540521513,L1,0.0177587517789463,L2,-0.04...
GetData ===>> H2,-0.134445882344737,H1,0.0467922519987287,AX,0.00204216357650661,L1,-0.0203258518812577,L2,0.00...
GetData ===>> H2,-0.207503994159033,H1,0.00995827648304655,AX,-0.0453596760695266,L1,-0.034327811852467,L2,-0.0...
testing H1>-5.0
evaluate ot="H1.bs>-5.0" t="H1>-5.0", ctx="{'H1': None}"
GetData ===>> H2,-0.167992701371639,H1,-0.0347683671259034,AX,-0.0701010611221519,L1,0.00608721915160739,L2,0.0...
GetData ===>> H2,-0.25778769312165,H1,-0.0666969249160097,AX,-0.0589485069089606,L1,0.00129625935711646,L2,-0.0...
GetData ===>> H2,-0.215758098757823,H1,0.0279977140636991,AX,0.0199673955454282,L1,-0.040960725852031,L2,-0.039...
GetData ===>> H2,-0.13931850975954,H1,0.024406270575539,AX,-0.10940304359936,L1,-0.0237637504518195,L2,-0.08351...
GetData ===>> H2,-0.177994200838167,H1,-0.0360085012506282,AX,-0.10190548329372,L1,-0.0079287321078631,L2,-0.07...
testing H1>-5.0
evaluate ot="H1.bs>-5.0" t="H1>-5.0", ctx="{'H1': None}"
21:11:05 -- collecting point 50
GetData ===>> H2,-0.292652177974517,H1,0.034274100697851,AX,-0.082851895739984,L1,-0.0106098204109798,L2,0.0017...
GetData ===>> H2,-0.188890270938329,H1,9.28427930759313E-05,AX,-0.139915936443104,L1,-0.018169973062558,L2,-0.0...
GetData ===>> H2,-0.139084660642554,H1,-0.0128488454742335,AX,-0.0196609321082858,L1,-0.060350688979815,L2,-0.0...
GetData ===>> H2,-0.176860418143171,H1,0.0129407634262392,AX,-0.123967749495908,L1,-0.0600132710429023,L2,-0.00...
GetData ===>> H2,-0.223858829572152,H1,-0.0442836182672711,AX,-0.104478127061977,L1,-0.0397486495324127,L2,-0.0...
testing H1>-5.0
evaluate ot="H1.bs>-5.0" t="H1>-5.0", ctx="{'H1': None}"
GetData ===>> H2,-0.15605881381901,H1,0.00300346214150444,AX,-0.0517485180401306,L1,-0.0172837465146314,L2,-0.0...
GetData ===>> H2,-0.184888934033761,H1,-0.00974776385700411,AX,-0.0125624296209436,L1,-0.0179121479506301,L2,0....
GetData ===>> H2,-0.204210369059056,H1,-0.0189076046294588,AX,0.0460083693965215,L1,-0.0193714708617881,L2,0.01...
GetData ===>> H2,-0.101291430472175,H1,-0.0970660979296543,AX,-0.10934510485408,L1,-0.00938927037119308,L2,0.01...
GetData ===>> H2,-0.15920216414854,H1,-0.0170351532605693,AX,-0.0573137735729202,L1,0.0270960264620167,L2,-0.04...
testing H1>-5.0
evaluate ot="H1.bs>-5.0" t="H1>-5.0", ctx="{'H1': None}"
GetData ===>> H2,-0.250215652270884,H1,-0.0444743909940424,AX,-0.0909420134188569,L1,-0.0139014502489744,L2,-0....
measurement finished
estimated time: 62.915 actual time: :63.213
flush and close file /Users/jan/PychronDev/data/isotopes/e4/70a33d-b855-4965-a129-d36d827d901a.h5
activate_detectors ('H1', 'AX', 'CDD') {'peak_center': True}
peak_center () {'detector': 'H1', 'integration_time': 0.262144, 'isotope': 'Ar40'}
peak center: mean=689.013866502 threshold=3
peak center started
setup peak center. detector=['H1', 'AX', 'CDD'], isotope=Ar40
VersionedUnpickler [<apptools.sweet_pickle.versioned_unpickler.VersionedUnpickler object at 0x16ea5f2f0>] using Updater [<apptools.sweet_pickle.updater.Updater object at 0x135230b30>]
VersionedUnpickler [<apptools.sweet_pickle.versioned_unpickler.VersionedUnpickler object at 0x16ea5f2f0>] using Updater [<apptools.sweet_pickle.updater.Updater object at 0x135230b30>]
VersionedUnpickler [<apptools.sweet_pickle.versioned_unpickler.VersionedUnpickler object at 0x14109a830>] using Updater [<apptools.sweet_pickle.updater.Updater object at 0x135230b30>]
setting integration time = 0.524288
SetIntegrationTime 0.524288 ===>> OK
Mapping mass to dac mass func: "parabolic"
H1 map mass coeffs = [-0.00063987  0.15840543  0.57073999]
H1 map mass to dac 39.9624 >> 5.87913
GetDeflection H1 ===>> 0
GetHighVoltage ===>> 4499.94659342336
do peak center. <pychron.spectrometer.jobs.peak_center.PeakCenter object at 0x1352309b0>
doing pc
starting peak center. center dac= 5.87909537835 step_width=0.001
width = 0.001
get scan parameters. half-width=0.015,window=0.015, i=0, scalar=1
Scan parameters center=5.87910 width=0.03000 (5.86410 - 5.89410)
GetData ===>> H2,-0.20675344467212,H1,-0.0684015614314635,AX,-0.0537427711965557,L1,-0.0187263731150063,L2,0.03...
Moving to starting dac 5.86409537835
setting magnet DAC
current  : 5.239755
requested: 5.864095
Delta Dac: 0.624340
Checking detector protection. dv=0.62434
Checking detector "CDD". Protection Threshold: 0.1 (V)
ProtectDetector CDD,On ===>> OK
GetDeflection CDD ===>> 2000
Protected = 2000
SetMagnetDAC 5.86409537835 ===>> OK
Magnet settling time: 0.500
GetMagnetMoving ===>> True
GetMagnetMoving ===>> True
GetMagnetMoving ===>> True
GetMagnetMoving ===>> True
GetMagnetMoving ===>> True
GetMagnetMoving ===>> True
GetMagnetMoving ===>> True
GetMagnetMoving ===>> True
GetMagnetMoving ===>> False
ProtectDetector CDD,Off ===>> OK
GetDeflection CDD ===>> 50
Wait until signal near baseline. tol= -0.0513011710736. timeout= 10
GetData ===>> H2,2.68800541394563,H1,1.10274904066656,AX,0.0821897681501618,L1,0.018947884965599,L2,-0.05245592...
GetData ===>> H2,33.3265881817621,H1,18.9677960557896,AX,1.65536869048016,L1,0.0251085069128096,L2,0.0371281260...
GetData ===>> H2,37.640396843744,H1,23.8129607498719,AX,4.01332853633086,L1,0.0221693774281205,L2,-0.1076813793...
GetData ===>> H2,20.2603968047433,H1,11.4246769625568,AX,1.72313456925075,L1,0.0037680102789619,L2,-0.175256637...
GetData ===>> H2,8.4265267821046,H1,5.71735945306065,AX,0.818069276075364,L1,-0.0128826704037885,L2,0.083410398...
GetData ===>> H2,2.92230021076196,H1,3.11376644950936,AX,0.379588103637286,L1,-0.0282899818364593,L2,0.04656050...
GetData ===>> H2,0.885258127770568,H1,1.87924771234023,AX,0.174872690776006,L1,-0.033609506579655,L2,-0.0099059...
GetData ===>> H2,0.298422720666589,H1,1.09574605474159,AX,0.0211509250743552,L1,-0.0116360229934803,L2,-0.13981...
GetData ===>> H2,0.131023713297346,H1,0.894067891623451,AX,-0.0050690042128017,L1,-0.0351697064361631,L2,-0.097...
GetData ===>> H2,0.0534137634003247,H1,0.710698268324639,AX,-0.126864209088551,L1,0.00124464596428933,L2,-0.107...
GetData ===>> H2,-0.00260254017001327,H1,0.572110677530868,AX,-0.108186322702172,L1,0.0298864203225591,L2,-0.02...
GetData ===>> H2,0.00159488975759013,H1,0.515716252438581,AX,-0.118568518603661,L1,0.00686566344110968,L2,0.031...
GetData ===>> H2,0.0291268092588625,H1,0.444250186882189,AX,0.046844024003168,L1,-0.00451278745770185,L2,-0.091...
GetData ===>> H2,0.0389029260730139,H1,0.532822399421451,AX,0.0409017470826321,L1,-0.00700529397766178,L2,-0.07...
GetData ===>> H2,0.0480170472002017,H1,0.608807962050206,AX,0.128972375073919,L1,-0.0245624844408208,L2,-0.1571...
GetData ===>> H2,0.0832479330359124,H1,0.551723781627289,AX,0.0291807406601437,L1,-0.0072187716187522,L2,-0.003...
GetData ===>> H2,0.0105249988977859,H1,0.597426782880883,AX,-0.0344826063843096,L1,-0.0186679694839427,L2,-0.03...
GetData ===>> H2,-0.0465770570251302,H1,0.605579975549442,AX,0.0317105018387299,L1,-0.0241745729826173,L2,-0.21...
GetData ===>> H2,-0.0871010724124976,H1,0.517651298785071,AX,0.0674502530035147,L1,0.000819745759559909,L2,-0.0...
GetData ===>> H2,-0.0744143287056726,H1,0.51540569291928,AX,0.147617494796089,L1,-0.0375588762951678,L2,0.03749...
GetData ===>> H2,-0.0341922893156835,H1,0.514067909053107,AX,0.140567179180737,L1,-0.0247803787595433,L2,0.0497...
Peak center failed to move to a baseline position
_do_sweep sm= 5.86409537835, em= 5.89409537835, stm= 0.001
calculated step values: start=5.86409537835, end=5.89409537835, width=0.001, nsteps=31.0
setting magnet DAC
current  : 5.864095
requested: 5.864095
Delta Dac: 0.000000
Checking detector protection. dv=0.00000
Checking detector "CDD". Protection Threshold: 0.1 (V)
SetMagnetDAC 5.86409537835 ===>> OK
GetData ===>> H2,-0.0341922893156835,H1,0.514067909053107,AX,0.140567179180737,L1,-0.0247803787595433,L2,0.0497...
setting magnet DAC
current  : 5.864095
requested: 5.865130
Delta Dac: 0.001034
Checking detector protection. dv=0.00103
Checking detector "CDD". Protection Threshold: 0.1 (V)
SetMagnetDAC 5.86512986111 ===>> OK
Magnet settling time: 1.049
GetData ===>> H2,-0.122466285770924,H1,1.18999143234337,AX,0.0676356418550404,L1,-0.0563098190448591,L2,-0.1016...
setting magnet DAC
current  : 5.865130
requested: 5.866164
Delta Dac: 0.001034
Checking detector protection. dv=0.00103
Checking detector "CDD". Protection Threshold: 0.1 (V)
SetMagnetDAC 5.86616434387 ===>> OK
Magnet settling time: 1.049
GetData ===>> H2,-0.144756927833414,H1,3.32265219743839,AX,0.412117379110887,L1,-0.00402332967169535,L2,-0.0587...
setting magnet DAC
current  : 5.866164
requested: 5.867199
Delta Dac: 0.001034
Checking detector protection. dv=0.00103
Checking detector "CDD". Protection Threshold: 0.1 (V)
SetMagnetDAC 5.86719882663 ===>> OK
Magnet settling time: 1.049
GetData ===>> H2,-0.108318753942949,H1,12.3467832658451,AX,2.07974543389169,L1,-0.0052325350956256,L2,0.0292001...
setting magnet DAC
current  : 5.867199
requested: 5.868233
Delta Dac: 0.001034
Checking detector protection. dv=0.00103
Checking detector "CDD". Protection Threshold: 0.1 (V)
SetMagnetDAC 5.86823330939 ===>> OK
Magnet settling time: 1.049
GetData ===>> H2,-0.145429100959458,H1,43.6662517447511,AX,7.12978003098107,L1,-0.00402332967169535,L2,0.117447...
setting magnet DAC
current  : 5.868233
requested: 5.869268
Delta Dac: 0.001034
Checking detector protection. dv=0.00103
Checking detector "CDD". Protection Threshold: 0.1 (V)
SetMagnetDAC 5.86926779215 ===>> OK
Magnet settling time: 1.049
GetData ===>> H2,-0.174770972753724,H1,125.372163770614,AX,21.4276424973448,L1,0.0850247309813599,L2,0.00514696...
setting magnet DAC
current  : 5.869268
requested: 5.870302
Delta Dac: 0.001034
Checking detector protection. dv=0.00103
Checking detector "CDD". Protection Threshold: 0.1 (V)
SetMagnetDAC 5.87030227491 ===>> OK
Magnet settling time: 1.049
GetData ===>> H2,-0.107156351977578,H1,268.887424738641,AX,50.8778555266739,L1,0.305734848826595,L2,0.027514431...
setting magnet DAC
current  : 5.870302
requested: 5.871337
Delta Dac: 0.001034
Checking detector protection. dv=0.00103
Checking detector "CDD". Protection Threshold: 0.1 (V)
SetMagnetDAC 5.87133675767 ===>> OK
Magnet settling time: 1.049
GetData ===>> H2,-0.0527657505730883,H1,434.302478346566,AX,90.250802307172,L1,0.655612218258219,L2,0.036102922...
setting magnet DAC
current  : 5.871337
requested: 5.872371
Delta Dac: 0.001034
Checking detector protection. dv=0.00103
Checking detector "CDD". Protection Threshold: 0.1 (V)
SetMagnetDAC 5.87237124042 ===>> OK
Magnet settling time: 1.049
GetData ===>> H2,-0.0682962246190383,H1,561.036255688236,AX,126.134513206863,L1,1.03889756132354,L2,0.282408096...
setting magnet DAC
current  : 5.872371
requested: 5.873406
Delta Dac: 0.001034
Checking detector protection. dv=0.00103
Checking detector "CDD". Protection Threshold: 0.1 (V)
SetMagnetDAC 5.87340572318 ===>> OK
Magnet settling time: 1.049
GetData ===>> H2,-0.0676587328766875,H1,626.254259277379,AX,148.895304482303,L1,1.45107039826516,L2,0.500668363...
setting magnet DAC
current  : 5.873406
requested: 5.874440
Delta Dac: 0.001034
Checking detector protection. dv=0.00103
Checking detector "CDD". Protection Threshold: 0.1 (V)
SetMagnetDAC 5.87444020594 ===>> OK
Magnet settling time: 1.049
GetData ===>> H2,-0.0917825407457026,H1,654.124655049139,AX,161.425256195035,L1,1.78060283567488,L2,0.485360479...
setting magnet DAC
current  : 5.874440
requested: 5.875475
Delta Dac: 0.001034
Checking detector protection. dv=0.00103
Checking detector "CDD". Protection Threshold: 0.1 (V)
SetMagnetDAC 5.8754746887 ===>> OK
Magnet settling time: 1.049
GetData ===>> H2,-0.141697901975363,H1,657.344311857867,AX,162.702024884502,L1,1.84709352370024,L2,0.6835929014...
setting magnet DAC
current  : 5.875475
requested: 5.876509
Delta Dac: 0.001034
Checking detector protection. dv=0.00103
Checking detector "CDD". Protection Threshold: 0.1 (V)
SetMagnetDAC 5.87650917146 ===>> OK
Magnet settling time: 1.049
GetData ===>> H2,-0.201770527579292,H1,657.978801553304,AX,163.101480252349,L1,1.97043894643762,L2,0.6445737569...
setting magnet DAC
current  : 5.876509
requested: 5.877544
Delta Dac: 0.001034
Checking detector protection. dv=0.00103
Checking detector "CDD". Protection Threshold: 0.1 (V)
SetMagnetDAC 5.87754365422 ===>> OK
Magnet settling time: 1.049
GetData ===>> H2,-0.149531462714758,H1,657.972868912426,AX,163.231705738754,L1,2.05170707892378,L2,0.6600607225...
setting magnet DAC
current  : 5.877544
requested: 5.878578
Delta Dac: 0.001034
Checking detector protection. dv=0.00103
Checking detector "CDD". Protection Threshold: 0.1 (V)
SetMagnetDAC 5.87857813698 ===>> OK
Magnet settling time: 1.049
GetData ===>> H2,-0.187318412401414,H1,657.7791825651,AX,163.276500647033,L1,2.04177303804461,L2,0.507500580671...
setting magnet DAC
current  : 5.878578
requested: 5.879613
Delta Dac: 0.001034
Checking detector protection. dv=0.00103
Checking detector "CDD". Protection Threshold: 0.1 (V)
SetMagnetDAC 5.87961261973 ===>> OK
Magnet settling time: 1.049
GetData ===>> H2,-0.182078972569893,H1,657.98862127707,AX,163.267626098444,L1,2.06401696705099,L2,0.68240473085...
setting magnet DAC
current  : 5.879613
requested: 5.880647
Delta Dac: 0.001034
Checking detector protection. dv=0.00103
Checking detector "CDD". Protection Threshold: 0.1 (V)
SetMagnetDAC 5.88064710249 ===>> OK
Magnet settling time: 1.049
GetData ===>> H2,-0.161296796677393,H1,657.609453496901,AX,163.317842050232,L1,2.09452300123526,L2,0.5295772254...
setting magnet DAC
current  : 5.880647
requested: 5.881682
Delta Dac: 0.001034
Checking detector protection. dv=0.00103
Checking detector "CDD". Protection Threshold: 0.1 (V)
SetMagnetDAC 5.88168158525 ===>> OK
Magnet settling time: 1.049
GetData ===>> H2,-0.16542550565598,H1,657.526745239973,AX,162.863241465651,L1,2.1622371697346,L2,0.655834680182...
setting magnet DAC
current  : 5.881682
requested: 5.882716
Delta Dac: 0.001034
Checking detector protection. dv=0.00103
Checking detector "CDD". Protection Threshold: 0.1 (V)
SetMagnetDAC 5.88271606801 ===>> OK
Magnet settling time: 1.049
GetData ===>> H2,-0.24256585400738,H1,656.564868635029,AX,162.429825215721,L1,2.13985975293037,L2,0.51074548316...
setting magnet DAC
current  : 5.882716
requested: 5.883751
Delta Dac: 0.001034
Checking detector protection. dv=0.00103
Checking detector "CDD". Protection Threshold: 0.1 (V)
SetMagnetDAC 5.88375055077 ===>> OK
Magnet settling time: 1.049
GetData ===>> H2,-0.126276820953343,H1,653.333381014055,AX,160.86454535649,L1,2.03272700542446,L2,0.54825264047...
setting magnet DAC
current  : 5.883751
requested: 5.884785
Delta Dac: 0.001034
Checking detector protection. dv=0.00103
Checking detector "CDD". Protection Threshold: 0.1 (V)
SetMagnetDAC 5.88478503353 ===>> OK
Magnet settling time: 1.049
GetData ===>> H2,-0.317357972969178,H1,641.833407713587,AX,155.285294895512,L1,1.96003165415316,L2,0.6064509002...
setting magnet DAC
current  : 5.884785
requested: 5.885820
Delta Dac: 0.001034
Checking detector protection. dv=0.00103
Checking detector "CDD". Protection Threshold: 0.1 (V)
SetMagnetDAC 5.88581951629 ===>> OK
Magnet settling time: 1.049
GetData ===>> H2,-0.231366225521438,H1,605.670017466317,AX,140.05548874026,L1,1.78861320154995,L2,0.43735070430...
setting magnet DAC
current  : 5.885820
requested: 5.886854
Delta Dac: 0.001034
Checking detector protection. dv=0.00103
Checking detector "CDD". Protection Threshold: 0.1 (V)
SetMagnetDAC 5.88685399904 ===>> OK
Magnet settling time: 1.049
GetData ===>> H2,-0.287729758087284,H1,518.087715379923,AX,109.806054532102,L1,1.486524066605,L2,0.250129933004...
setting magnet DAC
current  : 5.886854
requested: 5.887888
Delta Dac: 0.001034
Checking detector protection. dv=0.00103
Checking detector "CDD". Protection Threshold: 0.1 (V)
SetMagnetDAC 5.8878884818 ===>> OK
Magnet settling time: 1.049
GetData ===>> H2,-0.221987787832336,H1,286.365294924799,AX,48.6901111334619,L1,0.880709021389813,L2,0.075729318...
setting magnet DAC
current  : 5.887888
requested: 5.888923
Delta Dac: 0.001034
Checking detector protection. dv=0.00103
Checking detector "CDD". Protection Threshold: 0.1 (V)
SetMagnetDAC 5.88892296456 ===>> OK
Magnet settling time: 1.049
GetData ===>> H2,-0.256817271454723,H1,136.250202413706,AX,19.632102843937,L1,0.574062470112505,L2,-0.161408285...
setting magnet DAC
current  : 5.888923
requested: 5.889957
Delta Dac: 0.001034
Checking detector protection. dv=0.00103
Checking detector "CDD". Protection Threshold: 0.1 (V)
SetMagnetDAC 5.88995744732 ===>> OK
Magnet settling time: 1.049
GetData ===>> H2,-0.243561724422324,H1,49.9623099591103,AX,5.76119847304453,L1,0.366564464225699,L2,0.010749729...
setting magnet DAC
current  : 5.889957
requested: 5.890992
Delta Dac: 0.001034
Checking detector protection. dv=0.00103
Checking detector "CDD". Protection Threshold: 0.1 (V)
SetMagnetDAC 5.89099193008 ===>> OK
Magnet settling time: 1.049
GetData ===>> H2,-0.0989756262005544,H1,15.014959629935,AX,1.34973450142255,L1,0.224116273592097,L2,-0.09776250...
setting magnet DAC
current  : 5.890992
requested: 5.892026
Delta Dac: 0.001034
Checking detector protection. dv=0.00103
Checking detector "CDD". Protection Threshold: 0.1 (V)
SetMagnetDAC 5.89202641284 ===>> OK
Magnet settling time: 1.049
GetData ===>> H2,-0.168629686146835,H1,3.80707065627595,AX,0.218520078815805,L1,0.163847591560798,L2,-0.0610592...
setting magnet DAC
current  : 5.892026
requested: 5.893061
Delta Dac: 0.001034
Checking detector protection. dv=0.00103
Checking detector "CDD". Protection Threshold: 0.1 (V)
SetMagnetDAC 5.8930608956 ===>> OK
Magnet settling time: 1.049
GetData ===>> H2,-0.140660939873435,H1,0.69755844660826,AX,-0.129389851464095,L1,0.125680424868209,L2,0.0218651...
setting magnet DAC
current  : 5.893061
requested: 5.894095
Delta Dac: 0.001034
Checking detector protection. dv=0.00103
Checking detector "CDD". Protection Threshold: 0.1 (V)
SetMagnetDAC 5.89409537835 ===>> OK
Magnet settling time: 1.049
GetData ===>> H2,-0.161369716948319,H1,0.0206001970027848,AX,-0.20982852554861,L1,0.0273206227922783,L2,-0.0369...
result of _do_sweep=True
result of _calculate_peak_center=([5.871760709016046, 5.8793959795571284, 5.8870312500982109], [486.24046926112817, 657.98736212649692, 478.38377359861852], 5.8796064003988118, 657.98736212649692)
Failed to find a valid peak. No peak greater than 1.0. max = 0.0374640541705
new center pos Detector(H1) (Ar40) @ 5.87939597956
GetHighVoltage ===>> 4499.94659342336
GetDeflection H1 ===>> 0
dac uncorrected for HV and deflection 5.87943060297
update mftable H1 Ar40 5.87943060297 message=automated run peakcenter
get initial guess parabolic
get initial guess parabolic
get initial guess parabolic
get initial guess parabolic
get initial guess parabolic
get initial guess parabolic
dump mftable to /Users/jan/PychronDev/setupfiles/spectrometer/mftables/mftable.csv
add to repo msg=modified - automated run peakcenter
sweep finished
locally archiving mftable
setting magnet DAC
current  : 5.894095
requested: 5.879396
Delta Dac: 0.014699
Checking detector protection. dv=0.01470
Checking detector "CDD". Protection Threshold: 0.1 (V)
SetMagnetDAC 5.87939597956 ===>> OK
Magnet settling time: 0.500
setting integration time = 1.048576
SetIntegrationTime 1.048576 ===>> OK
Failed to find a valid peak. No peak greater than 1.0. max = 0.0374640541705
flush and close file /Users/jan/PychronDev/data/isotopes/e4/70a33d-b855-4965-a129-d36d827d901a.h5
finished measure script
executed snippet estimated_duration=226.132928, duration=273.656726122
jan_unknown120_60.py completed successfully
Measurement Finished
21:12:03 -- ******* Measurement Finished *******
Post Measurement Started jan_pump_ms.py
21:12:03 -- ******* Post Measurement Started jan_pump_ms.py *******
testing...
no interpolation path defined
executed snippet estimated_duration=0, duration=2.59876251221e-05
Pumping spectrometer
open () {'name': 'O'}
opening name=O desc=---
checking ownership. requestor=129.138.12.150
check software interlocks O
interlocks []
actuate state mode=None-script, software_lock=False
doing actuation None-script open_channel True
Open O ===>> OK
GetIndicatorState O ===>> OK
change switch state (True, True)
update switch state O True args=() kw={} ncanvase=2
21:12:03 -- OPEN   VALVE-O (Jan Ion Pump)
---------------------------------------- open O () result=[(True, True)], time=0.10 sec
action=open, ok=True, locked=[False]
executed snippet estimated_duration=0, duration=0.350193977356
jan_pump_ms.py completed successfully
setting _ms_pumptime
Post Measurement Finished
21:12:03 -- ******* Post Measurement Finished *******
$$$$$$$$$$$$$$$$$$$$ state at run end measurement
state changed from measurement to success
post measurement save measured=True aborted=False
Set filtering
setting fod for Ar40= {'filter_outliers': True, 'std_devs': 2, 'iterations': 1}
setting fod for H1= {'filter_outliers': True, 'std_devs': 2, 'iterations': 1}
setting fod for PM41= {'filter_outliers': False, 'std_devs': 2, 'iterations': 1}
setting fod for H2= {'filter_outliers': True, 'std_devs': 2, 'iterations': 1}
setting fod for Ar36= {'filter_outliers': True, 'std_devs': 2, 'iterations': 1}
setting fod for CDD= {'filter_outliers': True, 'std_devs': 10, 'iterations': 1}
setting fod for Ar37= {'filter_outliers': True, 'std_devs': 2, 'iterations': 1}
setting fod for L2= {'filter_outliers': True, 'std_devs': 2, 'iterations': 1}
setting fod for Ar38= {'filter_outliers': True, 'std_devs': 2, 'iterations': 1}
setting fod for L1= {'filter_outliers': True, 'std_devs': 2, 'iterations': 1}
setting fod for Ar39= {'filter_outliers': True, 'std_devs': 2, 'iterations': 1}
setting fod for AX= {'filter_outliers': True, 'std_devs': 2, 'iterations': 1}
persistence save...
persistence save - db
post measurement save
6413305616 connecting to database sqlite:////Users/jan/PychronDev/.appdata/local_lab.db
connected to db sqlite:////Users/jan/PychronDev/.appdata/local_lab.db
create new session 6413305616
close session 6413305616
No database instance. Not saving post measurement to isotopedb database
$$$$$$$$$$$$$$$ auto_save_detector_ic=False
massspec enabled True
create new session 4985539184
MassSpec Database Version: 16.0
close session 4985539184
saving post measurement to secondary database
saving to massspec database 129.138.12.160/massspecdata
setting labnumber to 65579
setting aliquot to 19
setting step to 
setting uuid to e470a33d-b855-4965-a129-d36d827d901a
setting irradpos to 65579
setting extract_device to Fusions CO2
setting tray to 
setting position to 180
setting power_requested to 5.0
setting extract_value to 5.0
setting duration to 30.0
setting duration_at_request to 30.0
setting first_stage_delay to 30.0
setting cleanup to 30.0
setting comment to O:2 without inclusions
setting irradiation to NM-289
setting level to O
setting irradiation_level to O
setting sample to Bw-2014-12 WO
setting material to Sanidine
setting project to Bustos Wells
setting mass_spectrometer to Jan
no attribute chron_dosages
no attribute production_ratios
no attribute interference_corrections
no attribute production_name
no attribute j
Reference Isotope=Ar40
Reference Detector=H1
%%%%%%%%%%%%%%%%%%%% Comment: O:2 without inclusions %%%%%%%%%%%%%%%%%%%
adding isotope PM41 H2
add baseline dbdet= PM41. original det= H2
get baseline data PM41 H2
Get data baseline <pychron.processing.isotope.Baseline object at 0x184b6ee90> len t=60
baseline PM41. v=-0.188227705272, e=0.00749252895202
get signal data PM41 H2
Get data signal PM41 0.06+/-0.07 len t=120
adding isotope Ar40 H1
add baseline dbdet= Ar40. original det= H1
get baseline data Ar40 H1
Get data baseline <pychron.processing.isotope.Baseline object at 0x184b6e110> len t=60
baseline Ar40. v=-0.0144932826031, e=0.00576601957547
get signal data Ar40 H1
Get data signal Ar40 723.63+/-0.04 len t=120
adding isotope Ar39 AX
add baseline dbdet= Ar39. original det= AX
get baseline data Ar39 AX
Get data baseline <pychron.processing.isotope.Baseline object at 0x184b6e810> len t=60
baseline Ar39. v=-0.0866524429741, e=0.00753077506332
get signal data Ar39 AX
Get data signal Ar39 179.719+/-0.028 len t=120
adding isotope Ar38 L1
add baseline dbdet= Ar38. original det= L1
get baseline data Ar38 L1
Get data baseline <pychron.processing.isotope.Baseline object at 0x13556c9d0> len t=60
baseline Ar38. v=-0.0297526907565, e=0.00276930162363
get signal data Ar38 L1
Get data signal Ar38 2.326+/-0.005 len t=120
adding isotope Ar37 L2
add baseline dbdet= Ar37. original det= L2
get baseline data Ar37 L2
Get data baseline <pychron.processing.isotope.Baseline object at 0x166aef8d0> len t=60
baseline Ar37. v=-0.0253449395962, e=0.00687899379554
get signal data Ar37 L2
Get data signal Ar37 0.687+/-0.010 len t=120
adding isotope Ar36 CDD
add baseline dbdet= Ar36. original det= CDD
get baseline data Ar36 CDD
Get data baseline <pychron.processing.isotope.Baseline object at 0x166aeffd0> len t=60
baseline Ar36. v=0.000163751953741, e=1.82836461536e-05
get signal data Ar36 CDD
Get data signal Ar36 0.0317+/-0.0004 len t=120
65579-19 added analysis time 0.501540899277s
analysis added to mass spec database
mass spec save time= 0.511
persistence save - dvc
================= post measurement started
create new session 4989601072
close session 4989601072
---------------- Experiment Queue saving disabled
DVC saving peakcenter
Failed to find a valid peak. No peak greater than 1.0. max = 0.0374640541705
Smart pull ahead: 0 behind: 0
Up-to-date with origin
add to repo msg=modified - ad8224ebc6dbfeb9f5997218dfa5fe690569839d.json
add to repo msg=modified - 79-19.json
add to repo msg=modified - 79-19.dat.json
add to repo msg=modified - 79-19.blan.json
add to repo msg=modified - 79-19.inte.json
add to repo msg=modified - 79-19.icfa.json
add to repo msg=modified - 79-19.base.json
not at valid file /Users/jan/PychronDev/data/.dvc/repositories/Load1789/655/tags/79-19.tags.json
add to repo msg=modified - 79-19.peak.json
add to repo msg=modified - 79-19.extr.json
not at valid file /Users/jan/PychronDev/data/.dvc/repositories/Load1789/655/monitor/79-19.moni.json
commit message=<COLLECTION>
add to repo msg=modified - 79-19.inte.json
add to repo msg=modified - 79-19.base.json
commit message=<ISOEVO> default collection fits
add to repo msg=modified - 79-19.blan.json
commit message=<BLANKS> preceding bu-FC-J-7743
add to repo msg=modified - 79-19.icfa.json
commit message=<ICFactor> default
push repository <pychron.git_archive.repo_manager.GitRepoManager object at 0x16b5d10b0>
pushing to remote=origin, url=https://github.com
no changes to meta repo
create new session 4989601072
add association Load1789
get identifier "65579"
setting analysis irradiation position=<pychron.dvc.dvc_orm.IrradiationPositionTbl object at 0x16358bf90>
close session 4989601072
================= post measurement finished
21:12:17 -- ******* Post Run Check *******
loading queue conditionals post_run_actions
loading system conditionals post_run_actions
loading conditionals from /Users/jan/PychronDev/setupfiles/spectrometer/default_conditionals.yaml
loading queue conditionals post_run_terminations
loading system conditionals post_run_terminations
loading conditionals from /Users/jan/PychronDev/setupfiles/spectrometer/default_conditionals.yaml
Checking default post run terminations n=1
GetDeflection CDD ===>> 50
testing CDD==2000
evaluate ot="CDD.deflection==2000" t="CDD==2000", ctx="{'CDD': 50.0}"
21:12:17 -- ******* Post Run Check Passed *******
21:12:17 -- Automated run 65579-19 success duration: 366.403 s
----------------- finish -----------------
----------------- stop -----------------
retroactive repository identifiers disabled
finish run. runs completed=86
update duration runid=65579-19, duration=366.402797222, md5=301e91d8
loading script "jan_unknown120_60.py"
loading script "jan_pump_ms.py"
loading script "jan_co2.py"
loading script "jan_pump_extraction_line.py"
testing...
no interpolation path defined
executed snippet estimated_duration=213.652928, duration=0.000287055969238
script duration name:unknown120_60 seconds:214.0
loading script "jan_unknown120_60.py"
loading script "jan_pump_ms.py"
loading script "jan_co2.py"
loading script "jan_pump_extraction_line.py"
testing...
no interpolation path defined
executed snippet estimated_duration=0, duration=5.19752502441e-05
loading script "jan_unknown120_60.py"
loading script "jan_pump_ms.py"
loading script "jan_co2.py"
loading script "jan_pump_extraction_line.py"
testing...
no interpolation path defined
calculate duration
testing...
no interpolation path defined
executed snippet estimated_duration=0, duration=5.88893890381e-05
calculate duration
testing...
no interpolation path defined
executed snippet estimated_duration=0, duration=9.29832458496e-05
executed snippet estimated_duration=0.0, duration=0.00292086601257
script duration name:co2 seconds:0.0
loading script "jan_unknown120_60.py"
loading script "jan_pump_ms.py"
loading script "jan_co2.py"
loading script "jan_pump_extraction_line.py"
testing...
no interpolation path defined
calculate duration
testing...
no interpolation path defined
executed snippet estimated_duration=4.0, duration=0.000150203704834
executed snippet estimated_duration=4.0, duration=0.00167608261108
Script duration 214.0
Run total estimated duration= 215.000
unknown120_60 in script context. using previous estimated duration
script duration name:unknown120_60 seconds:214.0
pump_ms in script context. using previous estimated duration
co2 in script context. using previous estimated duration
script duration name:co2 seconds:0.0
pump_extraction_line in script context. using previous estimated duration
Script duration 214.0
Run total estimated duration= 215.000
loading script "jan_unknown400_120.py"
loading script "jan_pump_ms.py"
loading script "jan_sniffair_x2.py"
loading script "jan_pump_extraction_line.py"
testing...
no interpolation path defined
executed snippet estimated_duration=556.052928, duration=0.000196218490601
script duration name:unknown400_120 seconds:556.0
loading script "jan_unknown400_120.py"
loading script "jan_pump_ms.py"
loading script "jan_sniffair_x2.py"
loading script "jan_pump_extraction_line.py"
testing...
no interpolation path defined
calculate duration
testing...
no interpolation path defined
executed snippet estimated_duration=0, duration=5.10215759277e-05
calculate duration
testing...
no interpolation path defined
executed snippet estimated_duration=0, duration=0.000142097473145
calculate duration
testing...
no interpolation path defined
executed snippet estimated_duration=32.0, duration=0.000108003616333
calculate duration
testing...
no interpolation path defined
executed snippet estimated_duration=34.0, duration=0.000132083892822
calculate duration
testing...
no interpolation path defined
executed snippet estimated_duration=4.0, duration=0.000141859054565
calculate duration
testing...
no interpolation path defined
executed snippet estimated_duration=36.0, duration=0.000137090682983
calculate duration
testing...
no interpolation path defined
executed snippet estimated_duration=34.0, duration=0.000110149383545
calculate duration
testing...
no interpolation path defined
executed snippet estimated_duration=4.0, duration=0.000171184539795
calculate duration
testing...
no interpolation path defined
executed snippet estimated_duration=36.0, duration=9.29832458496e-05
calculate duration
testing...
no interpolation path defined
executed snippet estimated_duration=70.0, duration=0.0001060962677
executed snippet estimated_duration=250.0, duration=0.0257079601288
script duration name:sniffair_x2 seconds:250.0
Script duration 806.0
Run total estimated duration= 807.000
unknown400_120 in script context. using previous estimated duration
script duration name:unknown400_120 seconds:556.0
sniffair_x2 in script context. using previous estimated duration
script duration name:sniffair_x2 seconds:250.0
Script duration 806.0
Run total estimated duration= 807.000
loading script "jan_ic_peak_hop3.py"
loading script "jan_pump_ms.py"
loading script "jan_air_x1.py"
loading script "jan_pump_extraction_line.py"
testing...
no interpolation path defined
executed snippet estimated_duration=133.8, duration=0.00888800621033
script duration name:ic_peak_hop3 seconds:134.0
loading script "jan_ic_peak_hop3.py"
loading script "jan_pump_ms.py"
loading script "jan_air_x1.py"
loading script "jan_pump_extraction_line.py"
testing...
no interpolation path defined
calculate duration
testing...
no interpolation path defined
executed snippet estimated_duration=0, duration=4.81605529785e-05
calculate duration
testing...
no interpolation path defined
executed snippet estimated_duration=0, duration=9.91821289062e-05
calculate duration
testing...
no interpolation path defined
executed snippet estimated_duration=32.0, duration=8.89301300049e-05
calculate duration
testing...
no interpolation path defined
executed snippet estimated_duration=34.0, duration=0.000104904174805
calculate duration
testing...
no interpolation path defined
executed snippet estimated_duration=4.0, duration=7.08103179932e-05
calculate duration
testing...
no interpolation path defined
executed snippet estimated_duration=36.0, duration=9.91821289062e-05
executed snippet estimated_duration=106.0, duration=0.0167381763458
script duration name:air_x1 seconds:106.0
Script duration 240.0
Run total estimated duration= 241.000
script duration name:unknown120_60 seconds:214.0
script duration name:co2 seconds:0.0
Script duration 214.0
Run total estimated duration= 215.000
script duration name:unknown120_60 seconds:214.0
script duration name:co2 seconds:0.0
Script duration 214.0
Run total estimated duration= 215.000
script duration name:unknown120_60 seconds:214.0
script duration name:co2 seconds:0.0
Script duration 214.0
Run total estimated duration= 215.000
script duration name:unknown120_60 seconds:214.0
script duration name:co2 seconds:0.0
Script duration 214.0
Run total estimated duration= 215.000
script duration name:unknown400_120 seconds:556.0
script duration name:co2 seconds:0.0
Script duration 556.0
Run total estimated duration= 557.000
script duration name:unknown120_60 seconds:214.0
script duration name:co2 seconds:0.0
Script duration 214.0
Run total estimated duration= 215.000
script duration name:unknown120_60 seconds:214.0
script duration name:co2 seconds:0.0
Script duration 214.0
Run total estimated duration= 215.000
script duration name:unknown120_60 seconds:214.0
script duration name:co2 seconds:0.0
Script duration 214.0
Run total estimated duration= 215.000
script duration name:unknown120_60 seconds:214.0
script duration name:co2 seconds:0.0
Script duration 214.0
Run total estimated duration= 215.000
script duration name:unknown120_60 seconds:214.0
script duration name:co2 seconds:0.0
Script duration 214.0
Run total estimated duration= 215.000
script duration name:unknown120_60 seconds:214.0
script duration name:co2 seconds:0.0
Script duration 214.0
Run total estimated duration= 215.000
script duration name:unknown400_120 seconds:556.0
loading script "jan_unknown400_120.py"
loading script "jan_pump_ms.py"
loading script "jan_cocktail_x1.py"
loading script "jan_pump_extraction_line.py"
testing...
no interpolation path defined
calculate duration
testing...
no interpolation path defined
executed snippet estimated_duration=0, duration=4.6968460083e-05
calculate duration
testing...
no interpolation path defined
executed snippet estimated_duration=0, duration=9.91821289062e-05
calculate duration
testing...
no interpolation path defined
executed snippet estimated_duration=32.0, duration=8.79764556885e-05
calculate duration
testing...
no interpolation path defined
executed snippet estimated_duration=34.0, duration=0.000110149383545
calculate duration
testing...
no interpolation path defined
executed snippet estimated_duration=4.0, duration=6.79492950439e-05
calculate duration
testing...
no interpolation path defined
executed snippet estimated_duration=38.0, duration=0.00010085105896
executed snippet estimated_duration=108.0, duration=0.0213820934296
script duration name:cocktail_x1 seconds:108.0
Script duration 664.0
Run total estimated duration= 665.000
script duration name:unknown120_60 seconds:214.0
script duration name:co2 seconds:0.0
Script duration 214.0
Run total estimated duration= 215.000
script duration name:unknown400_120 seconds:556.0
cocktail_x1 in script context. using previous estimated duration
script duration name:cocktail_x1 seconds:108.0
Script duration 664.0
Run total estimated duration= 665.000
script duration name:unknown120_60 seconds:214.0
script duration name:co2 seconds:0.0
Script duration 214.0
Run total estimated duration= 215.000
script duration name:unknown120_60 seconds:214.0
script duration name:co2 seconds:0.0
Script duration 214.0
Run total estimated duration= 215.000
script duration name:unknown120_60 seconds:214.0
script duration name:co2 seconds:0.0
Script duration 214.0
Run total estimated duration= 215.000
script duration name:unknown120_60 seconds:214.0
script duration name:co2 seconds:0.0
Script duration 214.0
Run total estimated duration= 215.000
script duration name:unknown120_60 seconds:214.0
script duration name:co2 seconds:0.0
Script duration 214.0
Run total estimated duration= 215.000
script duration name:unknown400_120 seconds:556.0
script duration name:co2 seconds:0.0
Script duration 556.0
Run total estimated duration= 557.000
script duration name:unknown120_60 seconds:214.0
script duration name:co2 seconds:0.0
Script duration 214.0
Run total estimated duration= 215.000
script duration name:unknown120_60 seconds:214.0
script duration name:co2 seconds:0.0
Script duration 214.0
Run total estimated duration= 215.000
script duration name:unknown120_60 seconds:214.0
script duration name:co2 seconds:0.0
Script duration 214.0
Run total estimated duration= 215.000
script duration name:unknown120_60 seconds:214.0
script duration name:co2 seconds:0.0
Script duration 214.0
Run total estimated duration= 215.000
script duration name:unknown400_120 seconds:556.0
script duration name:sniffair_x2 seconds:250.0
Script duration 806.0
Run total estimated duration= 807.000
script duration name:unknown400_120 seconds:556.0
script duration name:sniffair_x2 seconds:250.0
Script duration 806.0
Run total estimated duration= 807.000
ic_peak_hop3 in script context. using previous estimated duration
script duration name:ic_peak_hop3 seconds:134.0
air_x1 in script context. using previous estimated duration
script duration name:air_x1 seconds:106.0
Script duration 240.0
Run total estimated duration= 241.000
script duration name:unknown120_60 seconds:214.0
script duration name:co2 seconds:0.0
Script duration 214.0
Run total estimated duration= 215.000
script duration name:unknown120_60 seconds:214.0
script duration name:co2 seconds:0.0
Script duration 214.0
Run total estimated duration= 215.000
script duration name:unknown120_60 seconds:214.0
script duration name:co2 seconds:0.0
Script duration 214.0
Run total estimated duration= 215.000
script duration name:unknown120_60 seconds:214.0
script duration name:co2 seconds:0.0
Script duration 214.0
Run total estimated duration= 215.000
script duration name:unknown120_60 seconds:214.0
script duration name:co2 seconds:0.0
Script duration 214.0
Run total estimated duration= 215.000
script duration name:unknown400_120 seconds:556.0
script duration name:cocktail_x1 seconds:108.0
Script duration 664.0
Run total estimated duration= 665.000
script duration name:unknown400_120 seconds:556.0
script duration name:cocktail_x1 seconds:108.0
Script duration 664.0
Run total estimated duration= 665.000
script duration name:unknown120_60 seconds:214.0
script duration name:co2 seconds:0.0
Script duration 214.0
Run total estimated duration= 215.000
script duration name:unknown120_60 seconds:214.0
script duration name:co2 seconds:0.0
Script duration 214.0
Run total estimated duration= 215.000
script duration name:unknown120_60 seconds:214.0
script duration name:co2 seconds:0.0
Script duration 214.0
Run total estimated duration= 215.000
script duration name:unknown400_120 seconds:556.0
script duration name:co2 seconds:0.0
Script duration 556.0
Run total estimated duration= 557.000
script duration name:unknown120_60 seconds:214.0
script duration name:co2 seconds:0.0
Script duration 214.0
Run total estimated duration= 215.000
script duration name:unknown120_60 seconds:214.0
script duration name:co2 seconds:0.0
Script duration 214.0
Run total estimated duration= 215.000
script duration name:unknown120_60 seconds:214.0
script duration name:co2 seconds:0.0
Script duration 214.0
Run total estimated duration= 215.000
script duration name:unknown120_60 seconds:214.0
script duration name:co2 seconds:0.0
Script duration 214.0
Run total estimated duration= 215.000
script duration name:unknown120_60 seconds:214.0
script duration name:co2 seconds:0.0
Script duration 214.0
Run total estimated duration= 215.000
script duration name:unknown120_60 seconds:214.0
script duration name:co2 seconds:0.0
Script duration 214.0
Run total estimated duration= 215.000
script duration name:unknown120_60 seconds:214.0
script duration name:co2 seconds:0.0
Script duration 214.0
Run total estimated duration= 215.000
script duration name:unknown120_60 seconds:214.0
script duration name:co2 seconds:0.0
Script duration 214.0
Run total estimated duration= 215.000
script duration name:unknown120_60 seconds:214.0
script duration name:co2 seconds:0.0
Script duration 214.0
Run total estimated duration= 215.000
script duration name:unknown120_60 seconds:214.0
script duration name:co2 seconds:0.0
Script duration 214.0
Run total estimated duration= 215.000
script duration name:unknown120_60 seconds:214.0
script duration name:co2 seconds:0.0
Script duration 214.0
Run total estimated duration= 215.000
script duration name:unknown120_60 seconds:214.0
script duration name:co2 seconds:0.0
Script duration 214.0
Run total estimated duration= 215.000
script duration name:unknown400_120 seconds:556.0
script duration name:co2 seconds:0.0
Script duration 556.0
Run total estimated duration= 557.000
script duration name:unknown400_120 seconds:556.0
script duration name:sniffair_x2 seconds:250.0
Script duration 806.0
Run total estimated duration= 807.000
script duration name:unknown400_120 seconds:556.0
script duration name:cocktail_x1 seconds:108.0
Script duration 664.0
Run total estimated duration= 665.000
script duration name:unknown400_120 seconds:556.0
script duration name:sniffair_x2 seconds:250.0
Script duration 806.0
Run total estimated duration= 807.000
script duration name:unknown400_120 seconds:556.0
script duration name:cocktail_x1 seconds:108.0
Script duration 664.0
Run total estimated duration= 665.000
script duration name:ic_peak_hop3 seconds:134.0
script duration name:air_x1 seconds:106.0
Script duration 240.0
Run total estimated duration= 241.000
script duration name:unknown120_60 seconds:214.0
script duration name:co2 seconds:0.0
Script duration 214.0
Run total estimated duration= 215.000
script duration name:unknown120_60 seconds:214.0
script duration name:co2 seconds:0.0
Script duration 214.0
Run total estimated duration= 215.000
script duration name:unknown120_60 seconds:214.0
script duration name:co2 seconds:0.0
Script duration 214.0
Run total estimated duration= 215.000
script duration name:unknown120_60 seconds:214.0
script duration name:co2 seconds:0.0
Script duration 214.0
Run total estimated duration= 215.000
script duration name:unknown120_60 seconds:214.0
script duration name:co2 seconds:0.0
Script duration 214.0
Run total estimated duration= 215.000
script duration name:unknown120_60 seconds:214.0
script duration name:co2 seconds:0.0
Script duration 214.0
Run total estimated duration= 215.000
script duration name:unknown120_60 seconds:214.0
script duration name:co2 seconds:0.0
Script duration 214.0
Run total estimated duration= 215.000
script duration name:unknown120_60 seconds:214.0
script duration name:co2 seconds:0.0
Script duration 214.0
Run total estimated duration= 215.000
script duration name:unknown120_60 seconds:214.0
script duration name:co2 seconds:0.0
Script duration 214.0
Run total estimated duration= 215.000
script duration name:unknown120_60 seconds:214.0
script duration name:co2 seconds:0.0
Script duration 214.0
Run total estimated duration= 215.000
script duration name:unknown120_60 seconds:214.0
script duration name:co2 seconds:0.0
Script duration 214.0
Run total estimated duration= 215.000
script duration name:unknown120_60 seconds:214.0
script duration name:co2 seconds:0.0
Script duration 214.0
Run total estimated duration= 215.000
script duration name:unknown400_120 seconds:556.0
script duration name:co2 seconds:0.0
Script duration 556.0
Run total estimated duration= 557.000
script duration name:unknown120_60 seconds:214.0
script duration name:co2 seconds:0.0
Script duration 214.0
Run total estimated duration= 215.000
script duration name:unknown120_60 seconds:214.0
script duration name:co2 seconds:0.0
Script duration 214.0
Run total estimated duration= 215.000
script duration name:unknown120_60 seconds:214.0
script duration name:co2 seconds:0.0
Script duration 214.0
Run total estimated duration= 215.000
script duration name:unknown400_120 seconds:556.0
script duration name:cocktail_x1 seconds:108.0
Script duration 664.0
Run total estimated duration= 665.000
script duration name:unknown400_120 seconds:556.0
script duration name:cocktail_x1 seconds:108.0
Script duration 664.0
Run total estimated duration= 665.000
script duration name:unknown120_60 seconds:214.0
script duration name:co2 seconds:0.0
Script duration 214.0
Run total estimated duration= 215.000
script duration name:unknown120_60 seconds:214.0
script duration name:co2 seconds:0.0
Script duration 214.0
Run total estimated duration= 215.000
script duration name:unknown400_120 seconds:556.0
script duration name:co2 seconds:0.0
Script duration 556.0
Run total estimated duration= 557.000
nruns=82 before=5.0, run_dur=26912.0, btw=3645.0
write rem/ex queues
/Users/jan/PychronDev/experiments/rem/CurrentExperiment.rem.txt
/Users/jan/PychronDev/experiments/rem/CurrentExperiment.ex.txt
doing event level: 3
