do run
loading script "jan_unknown120_60.py"
loading script "jan_pump_ms.py"
loading script "jan_co2.py"
loading script "jan_pump_extraction_line.py"
testing...
no interpolation path defined
executed snippet estimated_duration=213.652928, duration=0.000236034393311
script duration name:unknown120_60 seconds:214.0
loading script "jan_unknown120_60.py"
loading script "jan_pump_ms.py"
loading script "jan_co2.py"
loading script "jan_pump_extraction_line.py"
testing...
no interpolation path defined
executed snippet estimated_duration=0, duration=3.48091125488e-05
loading script "jan_unknown120_60.py"
loading script "jan_pump_ms.py"
loading script "jan_co2.py"
loading script "jan_pump_extraction_line.py"
testing...
no interpolation path defined
calculate duration
testing...
no interpolation path defined
executed snippet estimated_duration=0, duration=6.69956207275e-05
calculate duration
testing...
no interpolation path defined
executed snippet estimated_duration=0, duration=9.89437103271e-05
executed snippet estimated_duration=0.0, duration=0.0100619792938
script duration name:co2 seconds:0.0
loading script "jan_unknown120_60.py"
loading script "jan_pump_ms.py"
loading script "jan_co2.py"
loading script "jan_pump_extraction_line.py"
testing...
no interpolation path defined
calculate duration
testing...
no interpolation path defined
executed snippet estimated_duration=4.0, duration=0.000155925750732
executed snippet estimated_duration=4.0, duration=0.00674796104431
Script duration 214.0
Run total estimated duration= 215.000
run duration: 0:03:35
doing event level: 2
22:13:58 -- Setting default integration. t=1.048576
setting integration time = 1.048576
SetIntegrationTime 1.048576 ===>> OK
----------------- start -----------------
**************** Experiment Type: Ar/Ar, Ar/Ar
create new session 4436069840
close session 4436069840
$$$$$ Clearing conditionals
adding conditionals 
Add queue conditionals
add default conditionals
adding default conditionals from /Users/jan/PychronDev/setupfiles/spectrometer/default_conditionals.yaml
Start automated run 65579-23
loading script "jan_unknown120_60.py"
loading script "jan_pump_ms.py"
loading script "jan_co2.py"
loading script "jan_pump_extraction_line.py"
%%%%%%%%%%%%%%%%%% setting automated run 65579-23
No value "sensitivity_multiplier" in metadata
$$$$$$$$$$$$$$$ auto_save_detector_ic=False
============================= Pre Extraction Check =============================
loading queue conditionals pre_run_terminations
loading system conditionals pre_run_terminations
loading conditionals from /Users/jan/PychronDev/setupfiles/spectrometer/default_conditionals.yaml
22:13:58 -- ******* Pre Extraction Check *******
Get a measurement from the spectrometer
GetData ===>> H2,-0.150105471476201,H1,0.0404315467357865,AX,-0.192705845445652,L1,-0.0155734324006898,L2,0.074...
Pre Extraction Termination data. keys=H2,H1,AX,L1,L2,CDD, signals=-0.15011,0.04043,-0.19271,-0.01557,0.07403,0.00402
22:13:58 -- testing system defined conditionals
Checking default pre extraction terminations n=2
testing CDD
evaluate ot="CDD.inactive" t="CDD", ctx="{'CDD': False}"
GetDeflection CDD ===>> 50
testing CDD==2000
evaluate ot="CDD.deflection==2000" t="CDD==2000", ctx="{'CDD': 50.0}"
22:13:58 -- ******* Pre Extraction Check Passed *******
=================================================================================
22:13:58 -- stopping status monitor
stop 4982387056
Alive clients [4989850544]
22:13:58 -- starting status monitor
start 4982387056
Monitor already running
start extraction
do extraction
Analysis started at 22:13:58.302260
Extraction Started jan_co2.py
22:13:58 -- ******* Extraction Started jan_co2.py *******
state changed from not run to extraction
DO EXTRACTION <pychron.extraction_line.pyscript_runner.RemotePyScriptRunner object at 0x12c299590>
testing...
no interpolation path defined
calculate duration
testing...
no interpolation path defined
executed snippet estimated_duration=0, duration=5.29289245605e-05
calculate duration
testing...
no interpolation path defined
executed snippet estimated_duration=0, duration=9.79900360107e-05
executed snippet estimated_duration=100.0, duration=0.00318098068237
Jan CO2 laser analysis
doing GOSUB
testing...
no interpolation path defined
executed snippet estimated_duration=0, duration=9.20295715332e-05
Waiting for CO2 access
wait ('FelixCO2Flag', 0) {}
waiting for FelixCO2Flag = 0
Read FelixCO2Flag ===>> 0
finished waiting
CO2 free
wait ('CO2PumpTimeFlag', 0) {}
waiting for CO2PumpTimeFlag = 0
Read CO2PumpTimeFlag ===>> 0
finished waiting
acquire ('JanCO2Flag',) {'clear': True}
acquire JanCO2Flag
Set JanCO2Flag 1 ===>> OK
JanCO2Flag acquired
set extraction state False (0.75, 'red', 1.5)
CO2 acquired
executed snippet estimated_duration=0, duration=0.0292179584503
WaitForCO2Access.py completed successfully
gosub finished
doing GOSUB
testing...
no interpolation path defined
executed snippet estimated_duration=0, duration=0.000111103057861
Prepare for CO2 analysis
close () {'description': 'Jan Inlet'}
closing name=--- desc=Jan Inlet
checking ownership. requestor=129.138.12.150
check software interlocks R
interlocks []
actuate state mode=None-script, software_lock=False
doing actuation None-script close_channel False
Close R ===>> OK
GetIndicatorState R ===>> False
change switch state (True, True)
update switch state R False args=() kw={} ncanvase=2
22:13:58 -- CLOSE  VALVE-R (Jan Inlet)
---------------------------------------- close None (Jan Inlet) result=[(True, True)]
action=close, ok=True, locked=[False]
open () {'description': 'Jan Ion Pump'}
opening name=--- desc=Jan Ion Pump
checking ownership. requestor=129.138.12.150
check software interlocks O
interlocks []
actuate state mode=None-script, software_lock=False
doing actuation None-script open_channel False
Open O ===>> OK
GetIndicatorState O ===>> OK
change switch state (True, True)
update switch state O True args=() kw={} ncanvase=2
22:13:59 -- OPEN   VALVE-O (Jan Ion Pump)
---------------------------------------- open None (Jan Ion Pump) result=[(True, True)], time=0.10 sec
action=open, ok=True, locked=[False]
close () {'description': 'Microbone to Minibone'}
closing name=--- desc=Microbone to Minibone
checking ownership. requestor=129.138.12.150
check software interlocks L
interlocks []
actuate state mode=None-script, software_lock=False
doing actuation None-script close_channel False
Close L ===>> OK
GetIndicatorState L ===>> False
change switch state (True, True)
update switch state L False args=() kw={} ncanvase=2
22:13:59 -- CLOSE  VALVE-L (Microbone to Minibone)
---------------------------------------- close None (Microbone to Minibone) result=[(True, True)]
action=close, ok=True, locked=[False]
open () {'description': 'Microbone to Turbo'}
opening name=--- desc=Microbone to Turbo
checking ownership. requestor=129.138.12.150
check software interlocks U
interlocks []
actuate state mode=None-script, software_lock=False
doing actuation None-script open_channel False
Open U ===>> OK
GetIndicatorState U ===>> OK
change switch state (True, True)
update switch state U True args=() kw={} ncanvase=2
22:14:00 -- OPEN   VALVE-U (Microbone to Turbo)
---------------------------------------- open None (Microbone to Turbo) result=[(True, True)], time=0.13 sec
action=open, ok=True, locked=[False]
open () {'description': 'Microbone to Inlet Pipette'}
opening name=--- desc=Microbone to Inlet Pipette
checking ownership. requestor=129.138.12.150
check software interlocks S
interlocks []
actuate state mode=None-script, software_lock=False
doing actuation None-script open_channel False
Open S ===>> OK
GetIndicatorState S ===>> OK
change switch state (True, True)
update switch state S True args=() kw={} ncanvase=2
22:14:00 -- OPEN   VALVE-S (Microbone to Inlet Pipette)
---------------------------------------- open None (Microbone to Inlet Pipette) result=[(True, True)], time=0.39 sec
action=open, ok=True, locked=[False]
open () {'description': 'Microbone to Getter D-50'}
opening name=--- desc=Microbone to Getter D-50
checking ownership. requestor=129.138.12.150
check software interlocks K
interlocks []
actuate state mode=None-script, software_lock=False
doing actuation None-script open_channel False
Open K ===>> OK
GetIndicatorState K ===>> OK
change switch state (True, True)
update switch state K True args=() kw={} ncanvase=2
22:14:01 -- OPEN   VALVE-K (Microbone to Getter D-50)
---------------------------------------- open None (Microbone to Getter D-50) result=[(True, True)], time=0.47 sec
action=open, ok=True, locked=[False]
open () {'description': 'Microbone to Getter NP-10'}
opening name=--- desc=Microbone to Getter NP-10
checking ownership. requestor=129.138.12.150
check software interlocks M
interlocks []
actuate state mode=None-script, software_lock=False
doing actuation None-script open_channel False
Open M ===>> OK
GetIndicatorState M ===>> OK
change switch state (True, True)
update switch state M True args=() kw={} ncanvase=2
22:14:01 -- OPEN   VALVE-M (Microbone to Getter NP-10)
---------------------------------------- open None (Microbone to Getter NP-10) result=[(True, True)], time=0.14 sec
action=open, ok=True, locked=[False]
close () {'description': 'CO2 Laser to Felix'}
closing name=--- desc=CO2 Laser to Felix
checking ownership. requestor=129.138.12.150
check software interlocks F
interlocks []
actuate state mode=None-script, software_lock=True
VALVE-F(CO2 Laser to Felix) software locked
change switch state (True, False)
---------------------------------------- close None (CO2 Laser to Felix) result=[(True, False)]
action=close, ok=True, locked=[True]
open () {'description': 'CO2 Laser to Jan'}
opening name=--- desc=CO2 Laser to Jan
checking ownership. requestor=129.138.12.150
check software interlocks A
interlocks []
actuate state mode=None-script, software_lock=False
doing actuation None-script open_channel False
Open A ===>> OK
GetIndicatorState A ===>> OK
change switch state (True, True)
update switch state A True args=() kw={} ncanvase=2
22:14:02 -- OPEN   VALVE-A (CO2 Laser to Jan)
---------------------------------------- open None (CO2 Laser to Jan) result=[(True, True)], time=0.13 sec
action=open, ok=True, locked=[False]
open () {'description': 'Microbone to CO2 Laser'}
opening name=--- desc=Microbone to CO2 Laser
checking ownership. requestor=129.138.12.150
check software interlocks T
interlocks []
actuate state mode=None-script, software_lock=False
doing actuation None-script open_channel False
Open T ===>> OK
GetIndicatorState T ===>> OK
change switch state (True, True)
update switch state T True args=() kw={} ncanvase=2
22:14:03 -- OPEN   VALVE-T (Microbone to CO2 Laser)
---------------------------------------- open None (Microbone to CO2 Laser) result=[(True, True)], time=0.46 sec
action=open, ok=True, locked=[False]
executed snippet estimated_duration=0, duration=4.98858308792
PrepareForCO2Analysis.py completed successfully
gosub finished
set_motor ('beam', '1.25') {}
setting motor "beam" to 1.25
set motor beam to 1.25
SetMotor beam,1.25 ===>> OK
GetMotorMoving beam ===>> False
GetMotorMoving beam ===>> False
Block completed
move_to_position ('184',) {'autocenter': True}
FusionsCO2 move to position 184
sending GoToHole 184,True
GoToHole 184,True ===>> OK
GetDriveMoving ===>> OK
GetDriveMoving ===>> OK
GetDriveMoving ===>> OK
GetDriveMoving ===>> OK
GetDriveMoving ===>> OK
GetDriveMoving ===>> OK
GetDriveMoving ===>> OK
GetDriveMoving ===>> OK
GetDriveMoving ===>> OK
GetDriveMoving ===>> OK
GetDriveMoving ===>> OK
GetDriveMoving ===>> OK
GetDriveMoving ===>> OK
GetDriveMoving ===>> OK
GetDriveMoving ===>> OK
GetDriveMoving ===>> OK
GetDriveMoving ===>> OK
GetDriveMoving ===>> OK
GetDriveMoving ===>> OK
GetDriveMoving ===>> OK
GetDriveMoving ===>> OK
GetDriveMoving ===>> OK
GetDriveMoving ===>> OK
GetDriveMoving ===>> OK
GetDriveMoving ===>> OK
GetDriveMoving ===>> OK
GetDriveMoving ===>> OK
GetDriveMoving ===>> OK
GetDriveMoving ===>> OK
GetDriveMoving ===>> OK
GetDriveMoving ===>> OK
GetDriveMoving ===>> OK
GetDriveMoving ===>> OK
GetDriveMoving ===>> OK
GetDriveMoving ===>> OK
GetDriveMoving ===>> OK
GetDriveMoving ===>> OK
GetDriveMoving ===>> OK
GetDriveMoving ===>> OK
GetDriveMoving ===>> OK
GetDriveMoving ===>> OK
GetDriveMoving ===>> OK
GetDriveMoving ===>> False
GetDriveMoving ===>> OK
GetDriveMoving ===>> OK
GetDriveMoving ===>> OK
GetDriveMoving ===>> OK
GetDriveMoving ===>> OK
GetDriveMoving ===>> OK
GetDriveMoving ===>> OK
GetDriveMoving ===>> False
Block completed
GetAutoCorrecting ===>> False
GetAutoCorrecting ===>> False
Block completed
update position
GetPosition ===>> -11.96340,-9.96950,1.00000
got position (-11.9634, -9.9695, 1.0)
move to position succeeded
sleep (5,) {}
SLEEP 5.0
block started
WaitControl setup for 5.0  
Join finished
block finished. duration 5.03424715996
close () {'description': 'Microbone to Turbo'}
closing name=--- desc=Microbone to Turbo
checking ownership. requestor=129.138.12.150
check software interlocks U
interlocks []
actuate state mode=None-script, software_lock=False
doing actuation None-script close_channel True
Close U ===>> OK
GetIndicatorState U ===>> False
change switch state (True, True)
update switch state U False args=() kw={} ncanvase=2
22:14:24 -- CLOSE  VALVE-U (Microbone to Turbo)
---------------------------------------- close None (Microbone to Turbo) result=[(True, True)]
action=close, ok=True, locked=[False]
enable laser
enable () {}
set extraction state FusionsCO2 Enabled (False, 'red', 1.5)
enabling laser
Enable ===>> OK
begin interval
BEGIN INTERVAL Interval 1 waiting for 30.0
block started
set extract to 5.0
WaitControl setup for 30.0  
extract (5.0,) {}
GetPosition ===>> -11.96340,-9.96950,1.00000
set extraction state FusionsCO2 ON! 5.0(watts) (0.75, 'red', 1.5)
extract sample to 5.0 (watts)
set laser output
SetLaserOutput 5.0,watts ===>> OK
executing pattern triangle.lp
execute_pattern ('triangle.lp',) {}
executing pattern triangle.lp
IsPatterning ===>> OK
IsPatterning ===>> OK
IsPatterning ===>> OK
IsPatterning ===>> OK
IsPatterning ===>> OK
IsPatterning ===>> OK
IsPatterning ===>> OK
IsPatterning ===>> OK
IsPatterning ===>> OK
IsPatterning ===>> OK
IsPatterning ===>> OK
IsPatterning ===>> OK
IsPatterning ===>> OK
IsPatterning ===>> OK
IsPatterning ===>> OK
IsPatterning ===>> OK
IsPatterning ===>> OK
IsPatterning ===>> OK
IsPatterning ===>> OK
IsPatterning ===>> OK
IsPatterning ===>> OK
IsPatterning ===>> OK
IsPatterning ===>> OK
IsPatterning ===>> OK
IsPatterning ===>> OK
IsPatterning ===>> OK
IsPatterning ===>> False
IsPatterning ===>> False
Block completed
COMPLETE INTERVAL waiting for Interval 1 to complete
Join finished
block finished. duration 30.1217191219
Interval 1 finished
end_extract () {}
ending extraction. set laser power to 0
set laser power 0
SetLaserPower 0 ===>> OK
disable () {}
%%%%%%%%%%%%%%%%%%%%%%%%%%%%%%%%%%% disable
set extraction state False (0.75, 'red', 1.5)
disabling laser
Disable ===>> OK
sleep (30.0,) {}
SLEEP 30.0
block started
WaitControl setup for 30.0  
Join finished
block finished. duration 30.1285171509
executed snippet estimated_duration=166.5, duration=87.5645940304
jan_co2.py completed successfully
GetAchievedOutput ===>> No Response
Requested Output= 0.000
Achieved Output=  0.000
GetResponseBlob ===>> No Response
GetOutputBlob ===>> No Response
persistence save...
persistence save - db
AutomatedRunPersister post_extraction_save deprecated
persistence save - dvc
no extraction position for 184
create new session 4989601072
close session 4989601072
Extraction Finished
22:15:25 -- ******* Extraction Finished *******
no overlap. not waiting for min ms pumptime
22:15:25 -- Sending spectrometer configuration
======== Sending configuration ========
SetDeflection CDD,50.0 ===>> OK
SetDeflection H2,0.0 ===>> OK
SetDeflection H1,0.0 ===>> OK
SetDeflection L2,825.0 ===>> OK
SetDeflection L1,400.0 ===>> OK
SetDeflection AX,190.0 ===>> OK
SetZFocus 74.64 ===>> OK
SetZSymmetry -50.72 ===>> OK
SetExtractionLens 26.13 ===>> OK
SetIonRepeller -3.81 ===>> OK
SetElectronEnergy 75.08 ===>> OK
SetYSymmetry -2.81 ===>> OK
SetIonCounterVoltage 1590.0 ===>> OK
send trap current 200.0
GetParameter Trap Current Readback ===>> 198.370811206739
SetParameter Trap Current Set,200.0 ===>> OK
updating mftable name mftable
Using mftable located at /Users/jan/PychronDev/setupfiles/spectrometer/mftables/mftable.csv
============ MFtable ===========
Isotope  H2     H1     AX     L1     L2     CDD    
Ar40     5.8069 5.8792 5.9927 6.1468 6.2310 6.3750
Ar39     5.7061 5.7714 5.8851 6.0328 6.1161 6.2615
Ar36     5.3836 5.4405 5.5485 5.6917 5.7711 5.9126
================================
get initial guess parabolic
get initial guess parabolic
get initial guess parabolic
get initial guess parabolic
get initial guess parabolic
get initial guess parabolic
======== Configuration Finished ========
GetYSymmetry ===>> -2.81
GetZSymmetry ===>> -50.72
GetParameter Trap Current Readback ===>> 198.147042666178
GetHighVoltage ===>> 4499.94659342336
start measurement
do measurement
L#=65579 analysis type=unknown
Measurement Started jan_unknown120_60.py
22:15:26 -- ******* Measurement Started jan_unknown120_60.py *******
state changed from extraction to measurement
setting spec, defl, and gains
GetExtractionLens ===>> 26.13
GetYSymmetry ===>> -2.81
GetZSymmetry ===>> -50.72
GetZFocus ===>> 74.64
GetDeflection H2 ===>> 0
GetDeflection H1 ===>> 0
GetDeflection AX ===>> 190
GetDeflection L1 ===>> 400
GetDeflection L2 ===>> 825
GetDeflection CDD ===>> 50
GetGain H2 ===>> 0.0113
GetGain H1 ===>> 0.1
GetGain AX ===>> 0.097049
GetGain L1 ===>> 0.010355
GetGain L2 ===>> 0.095649
GetGain CDD ===>> 0
pre measurement save
New frame /Users/jan/PychronDev/data/isotopes/94/50d1c0-9ffe-42a4-a976-40dea731fd13.h5
flush and close file /Users/jan/PychronDev/data/isotopes/94/50d1c0-9ffe-42a4-a976-40dea731fd13.h5
testing...
no interpolation path defined
executed snippet estimated_duration=226.132928, duration=0.000149011611938
unknown measurement script
activate_detectors ('H2', 'H1', 'AX', 'L1', 'L2', 'CDD') {}
activate detectors
*************** Set Analysis View Ar/Ar
create graphs
clearing graphs
clear isotope group
setting isotope det=H2, iso=PM41
setting isotope det=H1, iso=Ar40
setting isotope det=AX, iso=Ar39
setting isotope det=L1, iso=Ar38
setting isotope det=L2, iso=Ar37
setting isotope det=CDD, iso=Ar36
setting previous blanks
 - setting Ar40 blank 0.089+/-0.007
 - setting Ar36 blank 0.00414+/-0.00018
 - setting Ar37 blank 0.049+/-0.005
 - setting Ar38 blank 0.0057+/-0.0022
 - setting PM41 blank 0.04+/-0.07
 - setting Ar39 blank 0.047+/-0.009
load analysis view
position_magnet ('Ar40',) {'detector': 'H1'}
detector Detector(H1)
POSITION Ar40 H1
setting detector H2 to PM41 (40.9624)
setting detector H1 to Ar40 (39.9624)
setting detector AX to Ar39 (38.9624)
setting detector L1 to Ar38 (37.9624)
setting detector L2 to Ar37 (36.9624)
setting detector CDD to Ar36 (35.9624)
Mapping mass to dac mass func: "parabolic"
H1 map mass coeffs = [-0.00063987  0.15840543  0.57077999]
H1 map mass to dac 39.9624 >> 5.87917
GetDeflection H1 ===>> 0
GetHighVoltage ===>> 4499.94659342336
positioning Ar40 (5.87913537812) on H1
setting magnet DAC
current  : 5.879131
requested: 5.879135
Delta Dac: 0.000005
Checking detector protection. dv=0.00000
Checking detector "CDD". Protection Threshold: 0.1 (V)
SetMagnetDAC 5.87913537812 ===>> OK
Magnet settling time: 0.500
equilibrate () {'delay': 3, 'inlet': 'R', 'outlet': 'O', 'eqtime': 12.0}
Equilibration Started
22:15:27 -- ******* Equilibration Started *******
checking ownership. requestor=129.138.12.150
check software interlocks O
interlocks []
actuate state mode=None-script, software_lock=False
doing actuation None-script close_channel True
Close O ===>> OK
set states for children of O. state=False
handle state [('O', False)]
update switch state O False args=() kw={'refresh': False} ncanvase=2
refresh_canvas_needed fired
GetIndicatorState O ===>> False
change switch state (True, True)
update switch state O False args=() kw={} ncanvase=2
22:15:27 -- CLOSE  VALVE-O (Jan Ion Pump)
waiting 3s before opening inlet value ('R',)
update labels <pychron.experiment.plot_panel.PlotPanel object at 0x1739dbfb0>
update labels "<pychron.graph.stacked_regression_graph.StackedRegressionGraph object at 0x17bb46410>"
setting label 0 H2 PM41
setting label 1 H1 Ar40
setting label 2 AX Ar39
setting label 3 L1 Ar38
setting label 4 L2 Ar37
setting label 5 CDD Ar36
update labels "<pychron.graph.stacked_graph.StackedGraph object at 0x188f6bcb0>"
setting label 0 H2 PM41
setting label 1 H1 Ar40
setting label 2 AX Ar39
setting label 3 L1 Ar38
setting label 4 L2 Ar37
setting label 5 CDD Ar36
checking ownership. requestor=129.138.12.150
check software interlocks R
interlocks []
actuate state mode=None-script, software_lock=False
doing actuation None-script open_channel True
Open R ===>> OK
GetIndicatorState R ===>> OK
change switch state (True, True)
update switch state R True args=() kw={} ncanvase=2
22:15:31 -- OPEN   VALVE-R (Jan Inlet)
equilibrating for 12.0sec
set_time_zero () {}
sniff (12.0,) {}
py_sniff
build tables- sniff [Detector(H2), Detector(H1), Detector(AX), Detector(L1), Detector(L2), Detector(CDD)]
add group /sniff/PM41 (Group) '' table H2
add group /sniff/Ar40 (Group) '' table H1
add group /sniff/Ar39 (Group) '' table AX
add group /sniff/Ar38 (Group) '' table L1
add group /sniff/Ar37 (Group) '' table L2
add group /sniff/Ar36 (Group) '' table CDD
flush and close file /Users/jan/PychronDev/data/isotopes/94/50d1c0-9ffe-42a4-a976-40dea731fd13.h5
measuring sniff. ncounts=12.0
"sniff" increment series count="1" fit count="0" regressing="False"
starting measurement
GetData ===>> H2,-0.0696470465399346,H1,51.3767654838204,AX,14.1138124557198,L1,0.0441134476775303,L2,0.2241721...
GetData ===>> H2,0.91449290200828,H1,371.948115797057,AX,97.9050830567415,L1,0.630831946834529,L2,0.66339936360...
GetData ===>> H2,0.549469067702267,H1,533.112827115839,AX,135.610403747164,L1,1.23976110058985,L2,0.63911824969...
GetData ===>> H2,0.210730838888946,H1,585.312266537337,AX,146.438897664421,L1,1.53915793625138,L2,0.65272131855...
GetData ===>> H2,0.00907606757179866,H1,604.076521549341,AX,149.905829147234,L1,1.72023750869132,L2,0.758410794...
GetData ===>> H2,-0.0436998781304419,H1,611.960041914247,AX,151.570317500968,L1,1.8263812281819,L2,0.6856967564...
GetData ===>> H2,-0.26227544351452,H1,615.175405273762,AX,152.047422629368,L1,1.86146105810773,L2,0.64422774778...
GetData ===>> H2,-0.0545530325322495,H1,616.624087394742,AX,152.174364816721,L1,1.88207043457898,L2,0.593035871...
GetData ===>> H2,-0.132463243531612,H1,617.256637731567,AX,152.206120057429,L1,1.9076547645694,L2,0.46688003706...
GetData ===>> H2,-0.188197184773167,H1,617.257709622395,AX,152.435433871739,L1,1.92560318705537,L2,0.6357806483...
GetData ===>> H2,-0.0448920778723866,H1,617.345524330984,AX,152.327479519047,L1,1.97693398385053,L2,0.511625281...
Equilibration Finished
22:15:43 -- ******* Equilibration Finished *******
checking ownership. requestor=129.138.12.150
check software interlocks R
interlocks []
actuate state mode=None-script, software_lock=False
doing actuation None-script close_channel True
GetData ===>> H2,0.108407620409302,H1,617.654178226003,AX,152.34377558241,L1,1.9795652367644,L2,0.6493603810326...
Close R ===>> OK
set states for children of R. state=False
handle state [('R', False)]
update switch state R False args=() kw={'refresh': False} ncanvase=2
refresh_canvas_needed fired
GetIndicatorState R ===>> False
change switch state (True, True)
update switch state R False args=() kw={} ncanvase=2
22:15:44 -- CLOSE  VALVE-R (Jan Inlet)
Post Equilibration Started jan_pump_extraction_line.py
22:15:44 -- ******* Post Equilibration Started jan_pump_extraction_line.py *******
testing...
no interpolation path defined
calculate duration
testing...
no interpolation path defined
executed snippet estimated_duration=4.0, duration=0.000150203704834
executed snippet estimated_duration=4.0, duration=0.00154304504395
Pump after analysis
doing GOSUB
testing...
no interpolation path defined
executed snippet estimated_duration=4.0, duration=0.00018310546875
Pump Microbone
close () {'description': 'Jan Inlet'}
closing name=--- desc=Jan Inlet
checking ownership. requestor=129.138.12.150
check software interlocks R
interlocks []
actuate state mode=None-script, software_lock=False
doing actuation None-script close_channel False
Close R ===>> OK
measurement finished
estimated time: 12.583 actual time: :12.699
flush and close file /Users/jan/PychronDev/data/isotopes/94/50d1c0-9ffe-42a4-a976-40dea731fd13.h5
set_fits () {}
using default fits file=/Users/jan/PychronDev/scripts/measurement/fits/nominal_linear.yaml
set "Ar40" to "('Linear', 'SEM')"
No fit for "PM41". defaulting to linear. check the measurement script "jan_unknown120_60.py"
set "PM41" to "linear"
set "Ar36" to "('Linear', 'SEM')"
set "Ar37" to "('linear', 'SEM')"
set "Ar38" to "('linear', 'SEM')"
set "Ar39" to "('Linear', 'SEM')"
set_baseline_fits () {}
GetIndicatorState R ===>> False
using default fits file=/Users/jan/PychronDev/scripts/measurement/fits/nominal_linear.yaml
change switch state (True, True)
update switch state R False args=() kw={} ncanvase=2
set "H1" to "('average', 'SEM')"
set "H2" to "('average', 'SEM')"
set "CDD" to "('average', 'SEM')"
set "L2" to "('average', 'SEM')"
set "L1" to "('average', 'SEM')"
set "AX" to "('average', 'SEM')"
22:15:44 -- CLOSE  VALVE-R (Jan Inlet)
multicollect () {'integration_time': 1, 'ncounts': 120}
---------------------------------------- close None (Jan Inlet) result=[(True, True)]
build tables- signal [Detector(H2), Detector(H1), Detector(AX), Detector(L1), Detector(L2), Detector(CDD)]
add group /signal/PM41 (Group) '' table H2
add group /signal/Ar40 (Group) '' table H1
add group /signal/Ar39 (Group) '' table AX
add group /signal/Ar38 (Group) '' table L1
add group /signal/Ar37 (Group) '' table L2
add group /signal/Ar36 (Group) '' table CDD
flush and close file /Users/jan/PychronDev/data/isotopes/94/50d1c0-9ffe-42a4-a976-40dea731fd13.h5
measuring signal. ncounts=120
action=close, ok=True, locked=[False]
is_closed ('F',) {}
is F () closed?
is closed True
open () {'description': 'CO2 Laser to Jan'}
opening name=--- desc=CO2 Laser to Jan
checking ownership. requestor=129.138.12.150
check software interlocks A
interlocks []
actuate state mode=None-script, software_lock=False
doing actuation None-script open_channel False
Open A ===>> OK
GetIndicatorState A ===>> OK
change switch state (True, True)
update switch state A True args=() kw={} ncanvase=2
22:15:45 -- OPEN   VALVE-A (CO2 Laser to Jan)
---------------------------------------- open None (CO2 Laser to Jan) result=[(True, True)], time=0.14 sec
"signal" increment series count="2" fit count="1" regressing="True"
starting measurement
GetData ===>> H2,-0.0682039939809918,H1,617.396538898533,AX,152.497302219763,L1,1.97185121667986,L2,0.632843198...
action=open, ok=True, locked=[False]
sleep (1,) {}
SLEEP 1.0
GetData ===>> H2,-0.0602876366446194,H1,617.371932223487,AX,152.639791144542,L1,2.01520139735774,L2,0.607903449...
close () {'description': 'CO2 Laser to Roughing'}
closing name=--- desc=CO2 Laser to Roughing
checking ownership. requestor=129.138.12.150
check software interlocks G
interlocks []
actuate state mode=None-script, software_lock=True
VALVE-G(CO2 Laser to Roughing) software locked
change switch state (True, False)
---------------------------------------- close None (CO2 Laser to Roughing) result=[(True, False)]
action=close, ok=True, locked=[True]
open () {'description': 'Microbone to Turbo'}
opening name=--- desc=Microbone to Turbo
checking ownership. requestor=129.138.12.150
check software interlocks U
interlocks []
actuate state mode=None-script, software_lock=False
doing actuation None-script open_channel True
Open U ===>> OK
GetIndicatorState U ===>> OK
change switch state (True, True)
update switch state U True args=() kw={} ncanvase=2
22:15:46 -- OPEN   VALVE-U (Microbone to Turbo)
---------------------------------------- open None (Microbone to Turbo) result=[(True, True)], time=0.17 sec
action=open, ok=True, locked=[False]
open () {'description': 'Microbone to Getter NP-10'}
opening name=--- desc=Microbone to Getter NP-10
checking ownership. requestor=129.138.12.150
check software interlocks M
interlocks []
actuate state mode=None-script, software_lock=False
doing actuation None-script open_channel False
Open M ===>> OK
GetIndicatorState M ===>> OK
change switch state (True, True)
update switch state M True args=() kw={} ncanvase=2
22:15:46 -- OPEN   VALVE-M (Microbone to Getter NP-10)
---------------------------------------- open None (Microbone to Getter NP-10) result=[(True, True)], time=0.16 sec
action=open, ok=True, locked=[False]
open () {'description': 'Microbone to Getter D-50'}
opening name=--- desc=Microbone to Getter D-50
checking ownership. requestor=129.138.12.150
check software interlocks K
interlocks []
actuate state mode=None-script, software_lock=False
doing actuation None-script open_channel False
GetData ===>> H2,-0.0815980860731024,H1,617.327108028248,AX,152.411073185538,L1,2.01260332494219,L2,0.604975498...
Open K ===>> OK
GetIndicatorState K ===>> OK
change switch state (True, True)
update switch state K True args=() kw={} ncanvase=2
22:15:47 -- OPEN   VALVE-K (Microbone to Getter D-50)
---------------------------------------- open None (Microbone to Getter D-50) result=[(True, True)], time=0.43 sec
action=open, ok=True, locked=[False]
open () {'description': 'Microbone to CO2 Laser'}
opening name=--- desc=Microbone to CO2 Laser
checking ownership. requestor=129.138.12.150
check software interlocks T
interlocks []
actuate state mode=None-script, software_lock=False
doing actuation None-script open_channel False
Open T ===>> OK
GetIndicatorState T ===>> OK
change switch state (True, True)
update switch state T True args=() kw={} ncanvase=2
22:15:48 -- OPEN   VALVE-T (Microbone to CO2 Laser)
---------------------------------------- open None (Microbone to CO2 Laser) result=[(True, True)], time=0.42 sec
GetData ===>> H2,-0.101839657331518,H1,617.206067168403,AX,152.327727670973,L1,2.00145490485697,L2,0.6377466186...
action=open, ok=True, locked=[False]
open () {'description': 'Microbone to Inlet Pipette'}
opening name=--- desc=Microbone to Inlet Pipette
checking ownership. requestor=129.138.12.150
check software interlocks S
interlocks []
actuate state mode=None-script, software_lock=False
doing actuation None-script open_channel False
Open S ===>> OK
GetIndicatorState S ===>> OK
change switch state (True, True)
update switch state S True args=() kw={} ncanvase=2
22:15:49 -- OPEN   VALVE-S (Microbone to Inlet Pipette)
---------------------------------------- open None (Microbone to Inlet Pipette) result=[(True, True)], time=0.42 sec
action=open, ok=True, locked=[False]
sleep (1,) {}
SLEEP 1.0
testing H1>-5.0
evaluate ot="H1.bs>-5.0" t="H1>-5.0", ctx="{'H1': None}"
GetData ===>> H2,-0.0733189525830875,H1,616.574679222138,AX,152.218554424552,L1,1.98977342231943,L2,0.543291985...
set_resource () {'name': 'CO2PumpTimeFlag', 'value': 30}
Set CO2PumpTimeFlag 30 ===>> OK
release ('JanCO2Flag',) {}
release JanCO2Flag
Set JanCO2Flag 0 ===>> OK
executed snippet estimated_duration=6.0, duration=6.02385306358
PumpMicrobone.py completed successfully
gosub finished
get_resource_value () {'name': 'JanMiniboneFlag'}
Read JanMiniboneFlag ===>> 0
Get Resource Value JanMiniboneFlag=0.0
get resource value 0.0
get_resource_value () {'name': 'JanMiniboneFlag'}
Read JanMiniboneFlag ===>> 0
Get Resource Value JanMiniboneFlag=0.0
executed snippet estimated_duration=4.0, duration=6.03853607178
jan_pump_extraction_line.py completed successfully
Post Equilibration Finished
22:15:50 -- ******* Post Equilibration Finished *******
GetData ===>> H2,-0.111691698134815,H1,616.591764524923,AX,152.101779621545,L1,1.95381810560059,L2,0.5557169659...
GetData ===>> H2,0.0172074271891275,H1,616.224706764241,AX,151.894241468972,L1,1.97944526121212,L2,0.5751863853...
GetData ===>> H2,-0.0387590937442947,H1,616.412592940458,AX,151.872560603785,L1,1.97089211797807,L2,0.575712331...
GetData ===>> H2,-0.0471648630970737,H1,615.938475563618,AX,151.905413335632,L1,1.96268389843695,L2,0.549178505...
testing H1>-5.0
evaluate ot="H1.bs>-5.0" t="H1>-5.0", ctx="{'H1': None}"
GetData ===>> H2,-0.0798272999868584,H1,615.802390415977,AX,151.73081442113,L1,1.95990477370215,L2,0.6250942470...
GetData ===>> H2,-0.0997048076532391,H1,615.427456390593,AX,151.852203708442,L1,1.95198959974044,L2,0.513967642...
GetData ===>> H2,-0.175737321472887,H1,614.925207017534,AX,151.468770122541,L1,1.941061737268,L2,0.670293850345...
GetData ===>> H2,-0.179783726804025,H1,614.718267993539,AX,151.702847737798,L1,1.92297087387416,L2,0.5887704459...
GetData ===>> H2,-0.0317126330918161,H1,614.393156993115,AX,151.857819164832,L1,1.94667298726733,L2,0.620702848...
testing H1>-5.0
evaluate ot="H1.bs>-5.0" t="H1>-5.0", ctx="{'H1': None}"
GetData ===>> H2,-0.144352531119855,H1,614.438318321067,AX,151.555647928118,L1,1.96525514277825,L2,0.5994972668...
GetData ===>> H2,-0.186058328403229,H1,614.118028020192,AX,151.385338198326,L1,1.94893223486901,L2,0.6506178608...
GetData ===>> H2,-0.154845547324981,H1,613.693202737927,AX,151.354675753435,L1,1.95951882521644,L2,0.5871009207...
GetData ===>> H2,-0.159227826077008,H1,613.429534408795,AX,151.342882366227,L1,1.92528512085107,L2,0.5188353660...
GetData ===>> H2,-0.111224653890375,H1,613.332753108018,AX,151.359129409458,L1,1.95385101884614,L2,0.5987195892...
testing H1>-5.0
evaluate ot="H1.bs>-5.0" t="H1>-5.0", ctx="{'H1': None}"
GetData ===>> H2,-0.179161608443147,H1,613.053660127225,AX,151.546797268114,L1,1.94536396674596,L2,0.6593978156...
GetData ===>> H2,-0.261000534033172,H1,613.241913047541,AX,151.232535803667,L1,1.90520295758128,L2,0.6028825254...
GetData ===>> H2,-0.188305060894988,H1,612.934535065861,AX,151.154072362604,L1,1.90335559830087,L2,0.6307516053...
GetData ===>> H2,-0.183361930476354,H1,612.39309522331,AX,151.210808975591,L1,1.91147867559452,L2,0.65820881644...
GetData ===>> H2,-0.0625153235095467,H1,612.314438939468,AX,151.008808011756,L1,1.90461996215403,L2,0.632340297...
testing H1>-5.0
evaluate ot="H1.bs>-5.0" t="H1>-5.0", ctx="{'H1': None}"
22:16:10 -- collecting point 25
GetData ===>> H2,-0.0860556693000586,H1,612.117123150013,AX,151.0208384493,L1,1.89754791157777,L2,0.51595583795...
GetData ===>> H2,-0.0754445367270676,H1,612.180023174761,AX,150.851093058626,L1,1.94343952789055,L2,0.470900200...
GetData ===>> H2,-0.198305317973103,H1,611.777236319248,AX,150.854181823056,L1,1.94007174524246,L2,0.5028619318...
GetData ===>> H2,-0.203293805246671,H1,611.642468329121,AX,150.883754389613,L1,1.9444313020679,L2,0.59052004812...
GetData ===>> H2,-0.0860096260204106,H1,611.262600549311,AX,150.854923134737,L1,1.99291048275095,L2,0.659157728...
testing H1>-5.0
evaluate ot="H1.bs>-5.0" t="H1>-5.0", ctx="{'H1': None}"
GetData ===>> H2,-0.0643128831542577,H1,611.047525488851,AX,150.830379172187,L1,1.94747294754486,L2,0.619330177...
GetData ===>> H2,-0.0053532760359466,H1,611.026495584135,AX,150.862109904529,L1,1.91415002609135,L2,0.680710838...
GetData ===>> H2,-0.127258320111679,H1,610.533106985398,AX,150.590711621582,L1,1.94338165522506,L2,0.6046209478...
GetData ===>> H2,-0.260601086550251,H1,609.985343843921,AX,150.414931424016,L1,1.9731174070806,L2,0.63058016538...
GetData ===>> H2,-0.22927426340511,H1,609.909587917772,AX,150.561091095364,L1,1.94349740085936,L2,0.58220686341...
testing H1>-5.0
evaluate ot="H1.bs>-5.0" t="H1>-5.0", ctx="{'H1': None}"
GetData ===>> H2,-0.194521033954815,H1,609.641210994891,AX,150.602026358441,L1,1.91485837758751,L2,0.5848368164...
GetData ===>> H2,-0.148170140185529,H1,609.300330200333,AX,150.505508710692,L1,1.93028981183754,L2,0.5092144239...
GetData ===>> H2,-0.231543611261251,H1,608.722653326371,AX,150.344851182522,L1,1.93339867439845,L2,0.6276543032...
GetData ===>> H2,-0.181555429766855,H1,609.053922550485,AX,150.121506412844,L1,1.92063991118671,L2,0.5353486148...
GetData ===>> H2,-0.0812228162548896,H1,608.667406825164,AX,150.283703706906,L1,1.88862073886321,L2,0.553076380...
testing H1>-5.0
evaluate ot="H1.bs>-5.0" t="H1>-5.0", ctx="{'H1': None}"
GetData ===>> H2,-0.0435153666159487,H1,608.393932744508,AX,149.99008569797,L1,1.90638873936022,L2,0.5766155941...
GetData ===>> H2,-0.111624011753203,H1,608.308748741995,AX,149.938399246226,L1,1.91325906600072,L2,0.4869939654...
GetData ===>> H2,-0.193971157088269,H1,608.276800098795,AX,150.098513908502,L1,1.91467964267681,L2,0.6683043456...
GetData ===>> H2,-0.220073756227797,H1,608.010979204313,AX,149.959801111806,L1,1.88847770043058,L2,0.6718031572...
GetData ===>> H2,-0.259975660571218,H1,607.988004782288,AX,149.838141646615,L1,1.93852415977615,L2,0.5647595225...
testing H1>-5.0
evaluate ot="H1.bs>-5.0" t="H1>-5.0", ctx="{'H1': None}"
GetData ===>> H2,-0.121219267952304,H1,607.648199487586,AX,149.98883318485,L1,1.96129780750244,L2,0.59393929738...
GetData ===>> H2,-0.0810128223249792,H1,607.137511673691,AX,149.828556273766,L1,1.91308298506279,L2,0.520743672...
GetData ===>> H2,-0.172422512702479,H1,606.933028604219,AX,149.891168451445,L1,1.89222880866012,L2,0.5598094460...
GetData ===>> H2,-0.133588494432067,H1,606.640841359461,AX,149.728319424283,L1,1.93357755269409,L2,0.5493156712...
GetData ===>> H2,-0.255478436440955,H1,606.376391714998,AX,149.808299435414,L1,1.90278189016449,L2,0.6004579362...
testing H1>-5.0
evaluate ot="H1.bs>-5.0" t="H1>-5.0", ctx="{'H1': None}"
22:16:36 -- collecting point 50
GetData ===>> H2,-0.207226417926877,H1,606.564953000399,AX,149.635678791502,L1,1.92631558347423,L2,0.6280886052...
GetData ===>> H2,-0.104298907632514,H1,605.890397212151,AX,149.638550620536,L1,1.91748453764528,L2,0.6137253059...
GetData ===>> H2,-0.0429156835527379,H1,605.312007681827,AX,149.657034037989,L1,1.89070616145063,L2,0.582218297...
GetData ===>> H2,-0.107459825568526,H1,605.178279149967,AX,149.4945417465,L1,1.90615367392069,L2,0.641484359289...
GetData ===>> H2,-0.223320106471155,H1,605.351804297063,AX,149.633340337532,L1,1.94931518169431,L2,0.4463478515...
testing H1>-5.0
evaluate ot="H1.bs>-5.0" t="H1>-5.0", ctx="{'H1': None}"
GetData ===>> H2,-0.150857636012214,H1,605.290838828892,AX,149.546965876973,L1,1.91280047301478,L2,0.5896166547...
GetData ===>> H2,0.0252166594905031,H1,605.276774877382,AX,149.382790589057,L1,1.90233948574812,L2,0.6222242489...
GetData ===>> H2,-0.0813799704656138,H1,604.829623304521,AX,149.318089581748,L1,1.93365778581261,L2,0.539040200...
GetData ===>> H2,-0.189375675666497,H1,604.815421535581,AX,149.278411777713,L1,1.92624197580938,L2,0.5481726278...
GetData ===>> H2,-0.0603310285009854,H1,604.308096787255,AX,149.41847265652,L1,1.9489164435324,L2,0.52997721151...
testing H1>-5.0
evaluate ot="H1.bs>-5.0" t="H1>-5.0", ctx="{'H1': None}"
GetData ===>> H2,-0.0603310285009854,H1,604.308096787255,AX,149.41847265652,L1,1.9489164435324,L2,0.52997721151...
GetData ===>> H2,-0.186729967436972,H1,603.703413579638,AX,149.148328016669,L1,1.89659839933332,L2,0.5597179920...
GetData ===>> H2,-0.100974665118497,H1,603.691674881604,AX,149.058867055736,L1,1.89338668645148,L2,0.6139998226...
GetData ===>> H2,-0.224639932455418,H1,603.164613834365,AX,149.070184468358,L1,1.88123113827885,L2,0.6252885346...
GetData ===>> H2,-0.224639932455418,H1,603.164613834365,AX,149.070184468358,L1,1.88123113827885,L2,0.6252885346...
testing H1>-5.0
evaluate ot="H1.bs>-5.0" t="H1>-5.0", ctx="{'H1': None}"
GetData ===>> H2,-0.237849896428854,H1,603.19986120948,AX,148.911885688593,L1,1.93898867582483,L2,0.52453754369...
GetData ===>> H2,-0.142652700741454,H1,602.76515386331,AX,148.759251072069,L1,1.87650685099387,L2,0.63816953615...
GetData ===>> H2,-0.0281728243450889,H1,602.380731911477,AX,148.788762088112,L1,1.87332959592326,L2,0.682734906...
GetData ===>> H2,-0.0730111979858868,H1,602.451811696483,AX,148.790952081305,L1,1.90088301575078,L2,0.608452450...
GetData ===>> H2,-0.201595270088363,H1,601.979674371983,AX,148.624610704281,L1,1.94466807830547,L2,0.5701671728...
testing H1>-5.0
evaluate ot="H1.bs>-5.0" t="H1>-5.0", ctx="{'H1': None}"
GetData ===>> H2,-0.145314484386046,H1,601.866379288152,AX,148.583657553356,L1,1.92149137695411,L2,0.5764440879...
GetData ===>> H2,-0.18082546235491,H1,601.800423648856,AX,148.716037432002,L1,1.8850912504814,L2,0.550401575098...
GetData ===>> H2,-0.194047979726845,H1,601.458104763082,AX,148.689169598744,L1,1.8984003096889,L2,0.61080861477...
GetData ===>> H2,-0.113154979072377,H1,601.091085505573,AX,148.318407942271,L1,1.89538109461961,L2,0.6087612649...
GetData ===>> H2,-0.110500358887183,H1,600.760150980989,AX,148.521060258853,L1,1.90718195806182,L2,0.5690696124...
testing H1>-5.0
evaluate ot="H1.bs>-5.0" t="H1>-5.0", ctx="{'H1': None}"
22:17:03 -- collecting point 75
GetData ===>> H2,-0.179654177858995,H1,600.415146296899,AX,148.518668067791,L1,1.91071667751862,L2,0.5938020676...
GetData ===>> H2,-0.120514547631836,H1,600.400879757479,AX,148.226699688006,L1,1.88835697218989,L2,0.5608383092...
GetData ===>> H2,-0.152440247685696,H1,599.769870026349,AX,148.0964869337,L1,1.91285303284776,L2,0.533097160216...
GetData ===>> H2,-0.157188196870892,H1,599.56535258313,AX,148.154687810963,L1,1.91174670122991,L2,0.64726842832...
GetData ===>> H2,-0.133760247673414,H1,599.134174277642,AX,148.08382160665,L1,1.89415473374999,L2,0.52921152533...
testing H1>-5.0
evaluate ot="H1.bs>-5.0" t="H1>-5.0", ctx="{'H1': None}"
GetData ===>> H2,-0.126991998841244,H1,599.249472622831,AX,147.801937296314,L1,1.88359451167197,L2,0.5786965601...
GetData ===>> H2,-0.126991998841244,H1,599.249472622831,AX,147.801937296314,L1,1.88359451167197,L2,0.5786965601...
GetData ===>> H2,-0.189317697863151,H1,599.032281232124,AX,147.621908285065,L1,1.83963284329794,L2,0.5669545573...
GetData ===>> H2,-0.258034989454974,H1,598.854388738292,AX,147.598497347883,L1,1.86797153176694,L2,0.5757809336...
GetData ===>> H2,-0.174265788288835,H1,598.614173802866,AX,147.582511230908,L1,1.88553729437747,L2,0.5573973765...
testing H1>-5.0
evaluate ot="H1.bs>-5.0" t="H1>-5.0", ctx="{'H1': None}"
GetData ===>> H2,-0.00197051226253644,H1,598.448799887392,AX,147.709380950057,L1,1.85161288946161,L2,0.51885821...
GetData ===>> H2,-0.153069999042785,H1,597.882599403655,AX,147.420981931223,L1,1.88256750711168,L2,0.4917575068...
GetData ===>> H2,-0.259073843648158,H1,597.82862705972,AX,147.285897101355,L1,1.90299850414401,L2,0.51875537794...
GetData ===>> H2,-0.153330808566498,H1,597.49202315724,AX,147.448356179153,L1,1.91067332403904,L2,0.55894063676...
GetData ===>> H2,-0.165474101512345,H1,597.266394726558,AX,147.530913101541,L1,1.88718518965346,L2,0.6375751661...
testing H1>-5.0
evaluate ot="H1.bs>-5.0" t="H1>-5.0", ctx="{'H1': None}"
GetData ===>> H2,-0.246316059852394,H1,596.725239690486,AX,147.50324016615,L1,1.92712792924622,L2,0.54563512025...
GetData ===>> H2,-0.182877616893489,H1,596.588482801995,AX,147.361713394643,L1,1.92404711574467,L2,0.5410632038...
GetData ===>> H2,-0.177100681573808,H1,596.8377621434,AX,147.342654254924,L1,1.85957148715077,L2,0.604186339286...
GetData ===>> H2,-0.215160255755942,H1,596.330411164488,AX,147.193353774519,L1,1.89910565659277,L2,0.5706587925...
GetData ===>> H2,-0.197149562647757,H1,596.014548115168,AX,147.115717689504,L1,1.88798954655608,L2,0.5628503403...
testing H1>-5.0
evaluate ot="H1.bs>-5.0" t="H1>-5.0", ctx="{'H1': None}"
GetData ===>> H2,-0.0985634393942642,H1,595.82260459135,AX,147.088305970482,L1,1.90132871736949,L2,0.5490184786...
GetData ===>> H2,-0.214012954962905,H1,595.854533263801,AX,147.245658828897,L1,1.84598558018972,L2,0.6099507813...
GetData ===>> H2,-0.138330363007673,H1,595.795611916859,AX,147.254744719859,L1,1.84849760306613,L2,0.6605525309...
GetData ===>> H2,-0.132045303419045,H1,595.361815774022,AX,147.0400712081,L1,1.84827623909535,L2,0.502107886996...
GetData ===>> H2,-0.191879224449319,H1,594.76803164709,AX,146.827068367974,L1,1.8546268322427,L2,0.460050713159...
testing H1>-5.0
evaluate ot="H1.bs>-5.0" t="H1>-5.0", ctx="{'H1': None}"
22:17:29 -- collecting point 100
GetData ===>> H2,-0.150809023654646,H1,594.84607534201,AX,146.950389030327,L1,1.89855661171974,L2,0.56313614365...
GetData ===>> H2,-0.05286926651695,H1,594.773243800298,AX,146.961301414838,L1,1.90621670773665,L2,0.57374576448...
GetData ===>> H2,-0.146804540213341,H1,594.493698394361,AX,146.953422440391,L1,1.9159558208679,L2,0.58578590415...
GetData ===>> H2,-0.179431512146671,H1,594.043072586058,AX,146.656439571119,L1,1.9202375508486,L2,0.55461957079...
GetData ===>> H2,-0.113198292563764,H1,593.795255911723,AX,146.512389479321,L1,1.85957148715077,L2,0.6308544695...
testing H1>-5.0
evaluate ot="H1.bs>-5.0" t="H1>-5.0", ctx="{'H1': None}"
GetData ===>> H2,-0.104560095572418,H1,593.773676854573,AX,146.715317444702,L1,1.87293873359166,L2,0.6552821118...
GetData ===>> H2,-0.0688794304617102,H1,593.350045824368,AX,146.701241853572,L1,1.89593260760035,L2,0.426660337...
GetData ===>> H2,-0.169095256176026,H1,593.483096827681,AX,146.529648935921,L1,1.89513029665748,L2,0.4743608748...
GetData ===>> H2,-0.202414912546327,H1,593.265115888264,AX,146.409787015692,L1,1.88147109199798,L2,0.5836933497...
GetData ===>> H2,-0.149289782441281,H1,592.639129243018,AX,146.279961609198,L1,1.88726260481035,L2,0.6026194774...
testing H1>-5.0
evaluate ot="H1.bs>-5.0" t="H1>-5.0", ctx="{'H1': None}"
GetData ===>> H2,-0.0770818332793549,H1,592.575388491169,AX,146.322037910038,L1,1.86742354597657,L2,0.588015725...
GetData ===>> H2,-0.17427388899485,H1,592.551387958551,AX,146.430887674801,L1,1.88748173201786,L2,0.50850603167...
GetData ===>> H2,-0.151366702902987,H1,592.339809047201,AX,146.170539823267,L1,1.86463684437713,L2,0.5084946060...
GetData ===>> H2,-0.117852176682291,H1,592.165590904434,AX,146.319417105139,L1,1.85940496870128,L2,0.6270257116...
GetData ===>> H2,-0.0303313419767946,H1,591.921415065876,AX,146.218944103297,L1,1.89800234057735,L2,0.689630782...
testing H1>-5.0
evaluate ot="H1.bs>-5.0" t="H1>-5.0", ctx="{'H1': None}"
GetData ===>> H2,-0.0678825372374342,H1,591.339350323813,AX,146.135732989523,L1,1.88908398616949,L2,0.543852046...
GetData ===>> H2,-0.151960810421726,H1,591.120412827892,AX,146.098067561605,L1,1.87377425149215,L2,0.5589635000...
GetData ===>> H2,-0.179926768709029,H1,590.854108682691,AX,145.882209590831,L1,1.92599618234342,L2,0.5465838202...
GetData ===>> H2,-0.307454642537042,H1,591.365281729354,AX,145.818650820324,L1,1.90020120107513,L2,0.4169937923...
GetData ===>> H2,-0.264326024136288,H1,591.168458413051,AX,145.680771457265,L1,1.86179581702367,L2,0.5996688142...
testing H1>-5.0
evaluate ot="H1.bs>-5.0" t="H1>-5.0", ctx="{'H1': None}"
GetData ===>> H2,-0.21110782427738,H1,590.430994115141,AX,145.649638123387,L1,1.83706296465597,L2,0.53573719607...
measurement finished
estimated time: 125.829 actual time: :126.339
flush and close file /Users/jan/PychronDev/data/isotopes/94/50d1c0-9ffe-42a4-a976-40dea731fd13.h5
baselines () {'settling_time': 15.0, 'detector': 'H1', 'mass': 34.2, 'ncounts': 60}
%%%%%%%%%%%%%%%%%%%%%%%%%%%%%%%% Baseline
build tables- baseline [Detector(H2), Detector(H1), Detector(AX), Detector(L1), Detector(L2), Detector(CDD)]
add group baseline table H2
add group baseline table H1
add group baseline table AX
add group baseline table L1
add group baseline table L2
add group baseline table CDD
flush and close file /Users/jan/PychronDev/data/isotopes/94/50d1c0-9ffe-42a4-a976-40dea731fd13.h5
detector Detector(H1)
POSITION 34.2 H1
Mapping mass to dac mass func: "parabolic"
H1 map mass coeffs = [-0.00063987  0.15840543  0.57077999]
H1 map mass to dac 34.2 >> 5.23982599104
GetDeflection H1 ===>> 0
GetHighVoltage ===>> 4499.94659342336
positioning 34.2 (5.2397951342) on H1
setting magnet DAC
current  : 5.879135
requested: 5.239795
Delta Dac: 0.639340
Checking detector protection. dv=0.63934
Checking detector "CDD". Protection Threshold: 0.1 (V)
ProtectDetector CDD,On ===>> OK
GetDeflection CDD ===>> 2000
Protected = 2000
SetMagnetDAC 5.2397951342 ===>> OK
Magnet settling time: 0.500
GetMagnetMoving ===>> True
GetMagnetMoving ===>> True
GetMagnetMoving ===>> True
GetMagnetMoving ===>> True
GetMagnetMoving ===>> True
GetMagnetMoving ===>> True
GetMagnetMoving ===>> True
GetMagnetMoving ===>> True
GetMagnetMoving ===>> False
ProtectDetector CDD,Off ===>> OK
GetDeflection CDD ===>> 50
Delaying 15.0s for detectors to settle
Join finished
measuring baseline. ncounts=60
"baseline" increment series count="2" fit count="1" regressing="True"
starting measurement
GetData ===>> H2,-0.145046983100764,H1,-0.0787122052186671,AX,-0.111894377004609,L1,-0.0462157568796658,L2,-0.0...
GetData ===>> H2,-0.0600666068090626,H1,-0.0339336528126342,AX,-0.164088785720892,L1,-0.0610494191475595,L2,-0....
GetData ===>> H2,-0.04073919295253,H1,0.00274102577810815,AX,-0.12803435430515,L1,-0.0488392503477952,L2,-0.016...
GetData ===>> H2,-0.0438613232540086,H1,-0.0436874511523076,AX,-0.0952765561504767,L1,-0.0438178687722151,L2,-0...
testing H1>-5.0
evaluate ot="H1.bs>-5.0" t="H1>-5.0", ctx="{'H1': None}"
GetData ===>> H2,-0.0922168036844795,H1,-0.111687211944988,AX,-0.0363960383152861,L1,-0.00792513446133918,L2,0....
GetData ===>> H2,-0.127223171469485,H1,-0.00149364768946543,AX,-0.0330214148497018,L1,-0.019969768044051,L2,-0....
GetData ===>> H2,-0.172245785210391,H1,-0.0535595210495508,AX,-0.0653712358043331,L1,-0.006758229932654,L2,-0.0...
GetData ===>> H2,-0.200050190420774,H1,-0.0480274665692225,AX,-0.0457075367013213,L1,0.00723780620922785,L2,0.0...
GetData ===>> H2,-0.247298146899477,H1,-0.0378805976960049,AX,-0.081287110530225,L1,0.00346906303601082,L2,-0.0...
testing H1>-5.0
evaluate ot="H1.bs>-5.0" t="H1>-5.0", ctx="{'H1': None}"
GetData ===>> H2,-0.209371393062326,H1,-0.0191699835518254,AX,-0.0756189000963292,L1,-0.0259459905434431,L2,-0....
GetData ===>> H2,-0.0861111918304749,H1,-0.0722637073651054,AX,0.0379887711446071,L1,-0.046936328344443,L2,-0.0...
GetData ===>> H2,-0.152945673220143,H1,-0.0245843768568619,AX,-0.0968295271463067,L1,-0.0492736404967546,L2,-0....
GetData ===>> H2,-0.181981784523922,H1,-0.0118111865517132,AX,-0.149075660585571,L1,-0.047409100479721,L2,-0.04...
GetData ===>> H2,-0.209317504197142,H1,-0.0635259853385637,AX,-0.217977824405559,L1,-0.0480314501295623,L2,0.01...
testing H1>-5.0
evaluate ot="H1.bs>-5.0" t="H1>-5.0", ctx="{'H1': None}"
GetData ===>> H2,-0.175070430123868,H1,-0.0961008147265961,AX,-0.0354219322149796,L1,-0.0411619259554029,L2,0.0...
GetData ===>> H2,-0.211339507891694,H1,0.00815689741233707,AX,-0.0264225861901108,L1,-0.0208989165752469,L2,0.0...
GetData ===>> H2,-0.164685742995932,H1,-0.0222469214031793,AX,0.0298537899684977,L1,-0.0376307582632256,L2,0.04...
GetData ===>> H2,-0.160019265444881,H1,0.069577155821521,AX,-0.083987798127786,L1,-0.0403331472720435,L2,-0.073...
GetData ===>> H2,-0.199559387970511,H1,-0.0572314917974602,AX,-0.110758800388364,L1,-0.0186580239042905,L2,-0.0...
testing H1>-5.0
evaluate ot="H1.bs>-5.0" t="H1>-5.0", ctx="{'H1': None}"
GetData ===>> H2,-0.196658634347138,H1,-0.000956868009871337,AX,-0.157167964979003,L1,-0.0403990209104282,L2,-0...
GetData ===>> H2,-0.189252978103965,H1,0.0194071002807441,AX,-0.0928427457698889,L1,-0.0201232333307869,L2,-0.0...
GetData ===>> H2,-0.190485286620012,H1,-0.0596158162368131,AX,-0.110109893513428,L1,-0.0444129048745403,L2,0.02...
GetData ===>> H2,-0.158036511084148,H1,-0.0547278899934554,AX,-0.0898757326711643,L1,-0.0327185842389338,L2,0.0...
GetData ===>> H2,-0.25132918992252,H1,-0.00197078276593639,AX,-0.0560268365209758,L1,-0.0527193761045825,L2,-0....
testing H1>-5.0
evaluate ot="H1.bs>-5.0" t="H1>-5.0", ctx="{'H1': None}"
22:18:35 -- collecting point 25
GetData ===>> H2,-0.320019004817672,H1,0.061102332469676,AX,-0.0822028027073111,L1,-0.0265978144668241,L2,-0.00...
GetData ===>> H2,-0.232291884636033,H1,0.0133463885147346,AX,0.0158367581692652,L1,0.0224188953587131,L2,-0.027...
GetData ===>> H2,-0.245589529527311,H1,0.0389160161633707,AX,-0.0395734118724392,L1,0.0452931522803182,L2,-0.08...
GetData ===>> H2,-0.238207689707257,H1,-0.037284392437331,AX,-0.147035087858639,L1,-0.0511892803968942,L2,0.024...
GetData ===>> H2,-0.253963318105497,H1,0.0524492036716897,AX,-0.0726165853451668,L1,-0.0472906103122411,L2,-0.0...
testing H1>-5.0
evaluate ot="H1.bs>-5.0" t="H1>-5.0", ctx="{'H1': None}"
GetData ===>> H2,-0.222641278798221,H1,0.054776523417366,AX,-0.0900148134314025,L1,-0.0157437572184635,L2,-0.06...
GetData ===>> H2,-0.202288195389545,H1,-0.0344225577550759,AX,-0.0691156998066685,L1,-0.0066382937440224,L2,0.0...
GetData ===>> H2,-0.165286466360112,H1,-0.00102843880014341,AX,-0.124558634255044,L1,-0.0107141238148082,L2,-0....
GetData ===>> H2,-0.186260633510904,H1,-0.0686161290051722,AX,-0.0266777337504757,L1,-0.0113615000774499,L2,-0....
GetData ===>> H2,-0.034279189715187,H1,-0.0385841153329956,AX,-0.0854945869547308,L1,-0.0283853206323296,L2,-0....
testing H1>-5.0
evaluate ot="H1.bs>-5.0" t="H1>-5.0", ctx="{'H1': None}"
GetData ===>> H2,-0.190528428469734,H1,0.0228193947264589,AX,-0.0352711768282133,L1,-0.0256200627389128,L2,-0.0...
GetData ===>> H2,-0.331133604205773,H1,0.0463387549433981,AX,-0.208303175113779,L1,-0.0306671640107649,L2,-0.12...
GetData ===>> H2,-0.254177087142884,H1,0.037376642453091,AX,-0.104130476474138,L1,-0.0171278393185234,L2,-0.011...
GetData ===>> H2,-0.192355065269178,H1,0.036433936905156,AX,0.0446852642708072,L1,-0.0269093330393821,L2,-0.091...
GetData ===>> H2,-0.079956019821152,H1,0.00147656930697972,AX,-0.0399676772689268,L1,-0.0229703091247046,L2,0.0...
testing H1>-5.0
evaluate ot="H1.bs>-5.0" t="H1>-5.0", ctx="{'H1': None}"
GetData ===>> H2,-0.192675875833116,H1,-0.062405403715071,AX,-0.00838659808112772,L1,-0.0349468160977765,L2,-0....
GetData ===>> H2,-0.208075294671025,H1,0.00499561515308069,AX,-0.0628903041334,L1,-0.0255889073221685,L2,-0.051...
GetData ===>> H2,-0.280385642084726,H1,0.0126783010095501,AX,-0.109020647242854,L1,-0.00394415044095116,L2,-0.0...
GetData ===>> H2,-0.232208446535069,H1,-0.0250375506782195,AX,-0.109136525085355,L1,-0.0279348798545938,L2,0.06...
GetData ===>> H2,-0.20189725053512,H1,-0.000921082595550637,AX,-0.127513004214559,L1,0.00203207904827105,L2,-0....
testing H1>-5.0
evaluate ot="H1.bs>-5.0" t="H1>-5.0", ctx="{'H1': None}"
GetData ===>> H2,-0.245360797341165,H1,0.0633821087912658,AX,-0.112068188582286,L1,-0.0109371136731845,L2,0.003...
GetData ===>> H2,-0.191439761615077,H1,-0.00776779226334663,AX,-0.0843818836128331,L1,-0.0171086505735726,L2,-0...
GetData ===>> H2,-0.0694327702301227,H1,0.0157324517167325,AX,5.84087321676097E-05,L1,-0.0180752380915738,L2,0....
GetData ===>> H2,-0.0698708117966313,H1,-0.0193250253189835,AX,-0.0616730014435272,L1,0.0154481004650636,L2,-0....
GetData ===>> H2,-0.0753388091474595,H1,-0.0943966500415837,AX,-0.100167171964705,L1,0.0032121435795695,L2,-0.0...
testing H1>-5.0
evaluate ot="H1.bs>-5.0" t="H1>-5.0", ctx="{'H1': None}"
22:19:01 -- collecting point 50
GetData ===>> H2,-0.106580377641381,H1,-0.0525818957367584,AX,-0.150316215125913,L1,-0.0108999490398712,L2,-2.2...
GetData ===>> H2,-0.181512253706333,H1,-0.0139580551854255,AX,0.0149897671032685,L1,-0.0155338494597568,L2,0.02...
GetData ===>> H2,-0.263086307814845,H1,-0.067137987498511,AX,-0.00399018184339375,L1,-0.0216493661577238,L2,-0....
GetData ===>> H2,-0.254428495860919,H1,-0.0164865303007964,AX,-0.0502875857227423,L1,-0.00777882908003826,L2,-0...
GetData ===>> H2,-0.148026969270885,H1,-0.000276942950239012,AX,-0.0743206131937542,L1,0.0366764395520641,L2,0....
testing H1>-5.0
evaluate ot="H1.bs>-5.0" t="H1>-5.0", ctx="{'H1': None}"
GetData ===>> H2,-0.0869832662456662,H1,-0.0516161833073124,AX,-0.105115483246554,L1,0.0160965665896877,L2,-0.0...
GetData ===>> H2,-0.154865814535593,H1,-0.0288417447418475,AX,-0.0689765891701358,L1,0.00548378337946646,L2,0.0...
GetData ===>> H2,-0.137308331357025,H1,-0.042113552904932,AX,-0.0642583023170355,L1,0.0260980145046937,L2,-0.08...
GetData ===>> H2,-0.182761594407588,H1,-0.023666097296071,AX,-0.0502180169701187,L1,0.0230149340058922,L2,-0.08...
GetData ===>> H2,-0.244755307420893,H1,-0.0555028210545537,AX,-0.167717092951584,L1,-0.00968782722776539,L2,-0....
testing H1>-5.0
evaluate ot="H1.bs>-5.0" t="H1>-5.0", ctx="{'H1': None}"
GetData ===>> H2,-0.210416786233178,H1,-0.0312863699403863,AX,-0.0875924617679091,L1,0.0309064340929364,L2,0.06...
measurement finished
estimated time: 62.915 actual time: :63.181
flush and close file /Users/jan/PychronDev/data/isotopes/94/50d1c0-9ffe-42a4-a976-40dea731fd13.h5
activate_detectors ('H1', 'AX', 'CDD') {'peak_center': True}
peak_center () {'detector': 'H1', 'integration_time': 0.262144, 'isotope': 'Ar40'}
peak center: mean=591.525680907 threshold=3
peak center started
setup peak center. detector=['H1', 'AX', 'CDD'], isotope=Ar40
VersionedUnpickler [<apptools.sweet_pickle.versioned_unpickler.VersionedUnpickler object at 0x16f62f5f0>] using Updater [<apptools.sweet_pickle.updater.Updater object at 0x135230b30>]
VersionedUnpickler [<apptools.sweet_pickle.versioned_unpickler.VersionedUnpickler object at 0x16f62f5f0>] using Updater [<apptools.sweet_pickle.updater.Updater object at 0x135230b30>]
VersionedUnpickler [<apptools.sweet_pickle.versioned_unpickler.VersionedUnpickler object at 0x1825b52f0>] using Updater [<apptools.sweet_pickle.updater.Updater object at 0x135230b30>]
setting integration time = 0.524288
SetIntegrationTime 0.524288 ===>> OK
Mapping mass to dac mass func: "parabolic"
H1 map mass coeffs = [-0.00063987  0.15840543  0.57077999]
H1 map mass to dac 39.9624 >> 5.87917
GetDeflection H1 ===>> 0
GetHighVoltage ===>> 4499.94659342336
do peak center. <pychron.spectrometer.jobs.peak_center.PeakCenter object at 0x1352309b0>
doing pc
starting peak center. center dac= 5.87913537812 step_width=0.001
width = 0.001
get scan parameters. half-width=0.015,window=0.015, i=0, scalar=1
Scan parameters center=5.87914 width=0.03000 (5.86414 - 5.89414)
GetData ===>> H2,-0.176964352949438,H1,-0.0493270499523966,AX,-0.118093464632824,L1,-0.0272987176858232,L2,-0.0...
Moving to starting dac 5.86413537812
setting magnet DAC
current  : 5.239795
requested: 5.864135
Delta Dac: 0.624340
Checking detector protection. dv=0.62434
Checking detector "CDD". Protection Threshold: 0.1 (V)
ProtectDetector CDD,On ===>> OK
GetDeflection CDD ===>> 2000
Protected = 2000
SetMagnetDAC 5.86413537812 ===>> OK
Magnet settling time: 0.500
GetMagnetMoving ===>> True
GetMagnetMoving ===>> True
GetMagnetMoving ===>> True
GetMagnetMoving ===>> True
GetMagnetMoving ===>> True
GetMagnetMoving ===>> True
GetMagnetMoving ===>> True
GetMagnetMoving ===>> True
GetMagnetMoving ===>> False
ProtectDetector CDD,Off ===>> OK
GetDeflection CDD ===>> 50
Wait until signal near baseline. tol= -0.0369952874643. timeout= 10
GetData ===>> H2,3.22132591280775,H1,1.52279465196263,AX,-0.186141580706789,L1,0.0550061660494792,L2,0.06793490...
GetData ===>> H2,37.3295555635001,H1,21.7269392778866,AX,2.00944922007838,L1,0.0726478498667118,L2,-0.192541484...
GetData ===>> H2,39.0755584773589,H1,20.4341779822857,AX,3.19766037685041,L1,0.0880934501663442,L2,-0.136508093...
GetData ===>> H2,20.5111281308867,H1,9.94542845496868,AX,1.57064533019437,L1,0.0668384767099902,L2,-0.105520040...
GetData ===>> H2,8.33719663502079,H1,5.14066692858084,AX,0.563747849816384,L1,0.00458445759340323,L2,-0.0297831...
GetData ===>> H2,2.74417003970696,H1,2.70534615778393,AX,0.21766132922071,L1,-0.0124487587296684,L2,0.007515573...
GetData ===>> H2,0.818996318988009,H1,1.60642931961845,AX,0.162206774722577,L1,-0.0174675657556041,L2,0.0520061...
GetData ===>> H2,0.199262613155925,H1,1.0978085273736,AX,0.172576001359634,L1,-0.0326979929834271,L2,-0.0549596...
GetData ===>> H2,0.0439221484836444,H1,0.834155103276335,AX,-0.0130495982977622,L1,-0.0497714309040106,L2,-0.08...
GetData ===>> H2,0.0341689567759628,H1,0.597378965522055,AX,0.0360042836659801,L1,-0.0566924687768354,L2,-0.115...
GetData ===>> H2,0.0756441413609661,H1,0.510532423248855,AX,0.136207370924221,L1,-0.0368951418364634,L2,-0.2052...
GetData ===>> H2,0.160670558601819,H1,0.57019848319928,AX,0.00646225397098107,L1,0.0206449214534732,L2,-0.01104...
GetData ===>> H2,0.143119240686965,H1,0.621362229507727,AX,0.0069263170980426,L1,0.00745061097342302,L2,-0.1242...
GetData ===>> H2,0.0372965867876507,H1,0.494648162550271,AX,0.0227521938102156,L1,0.0183742696321888,L2,-0.0218...
GetData ===>> H2,-0.0807296630801553,H1,0.580166196068333,AX,-0.0213542892269973,L1,0.0208777761888705,L2,0.017...
GetData ===>> H2,-0.133383336115882,H1,0.548091381331184,AX,0.109403476499223,L1,0.0347771773072953,L2,-0.18696...
GetData ===>> H2,-0.100847571408589,H1,0.508286976669559,AX,0.147779843600163,L1,0.0250844909452968,L2,-0.10970...
GetData ===>> H2,-0.0954797815724753,H1,0.652886337203973,AX,0.0111493932231977,L1,-0.00971540432196572,L2,-0.0...
GetData ===>> H2,-0.110943064311754,H1,0.629756529646586,AX,-0.00757461003288509,L1,-0.0130888318253879,L2,-0.0...
GetData ===>> H2,0.00290010486037093,H1,0.664513050654781,AX,0.0252121652082044,L1,0.0109682042760012,L2,-0.115...
GetData ===>> H2,0.00349565883646277,H1,0.540444652464545,AX,0.0565592774384052,L1,0.00877166253666118,L2,-0.03...
Peak center failed to move to a baseline position
_do_sweep sm= 5.86413537812, em= 5.89413537812, stm= 0.001
calculated step values: start=5.86413537812, end=5.89413537812, width=0.001, nsteps=31.0
setting magnet DAC
current  : 5.864135
requested: 5.864135
Delta Dac: 0.000000
Checking detector protection. dv=0.00000
Checking detector "CDD". Protection Threshold: 0.1 (V)
SetMagnetDAC 5.86413537812 ===>> OK
GetData ===>> H2,0.00349565883646277,H1,0.540444652464545,AX,0.0565592774384052,L1,0.00877166253666118,L2,-0.03...
setting magnet DAC
current  : 5.864135
requested: 5.865170
Delta Dac: 0.001034
Checking detector protection. dv=0.00103
Checking detector "CDD". Protection Threshold: 0.1 (V)
SetMagnetDAC 5.86516986088 ===>> OK
Magnet settling time: 1.049
GetData ===>> H2,-0.121038019687785,H1,1.00772268012117,AX,0.127534715542743,L1,-0.0473325009351877,L2,-0.13871...
setting magnet DAC
current  : 5.865170
requested: 5.866204
Delta Dac: 0.001034
Checking detector protection. dv=0.00103
Checking detector "CDD". Protection Threshold: 0.1 (V)
SetMagnetDAC 5.86620434364 ===>> OK
Magnet settling time: 1.049
GetData ===>> H2,-0.142867071050362,H1,3.72486274081927,AX,0.524955092240915,L1,-0.0362697057245198,L2,-0.06103...
setting magnet DAC
current  : 5.866204
requested: 5.867239
Delta Dac: 0.001034
Checking detector protection. dv=0.00103
Checking detector "CDD". Protection Threshold: 0.1 (V)
SetMagnetDAC 5.8672388264 ===>> OK
Magnet settling time: 1.049
GetData ===>> H2,-0.181992706357554,H1,13.5213079858339,AX,2.2948176091085,L1,0.0283127498571831,L2,-0.15402775...
setting magnet DAC
current  : 5.867239
requested: 5.868273
Delta Dac: 0.001034
Checking detector protection. dv=0.00103
Checking detector "CDD". Protection Threshold: 0.1 (V)
SetMagnetDAC 5.86827330915 ===>> OK
Magnet settling time: 1.049
GetData ===>> H2,-0.0412290752918115,H1,46.0527812436195,AX,7.49795179176595,L1,0.0617998116727551,L2,0.0139839...
setting magnet DAC
current  : 5.868273
requested: 5.869308
Delta Dac: 0.001034
Checking detector protection. dv=0.00103
Checking detector "CDD". Protection Threshold: 0.1 (V)
SetMagnetDAC 5.86930779191 ===>> OK
Magnet settling time: 1.049
GetData ===>> H2,-0.0808461792211556,H1,125.077077177635,AX,21.6137499520118,L1,0.0836329074806268,L2,-0.007811...
setting magnet DAC
current  : 5.869308
requested: 5.870342
Delta Dac: 0.001034
Checking detector protection. dv=0.00103
Checking detector "CDD". Protection Threshold: 0.1 (V)
SetMagnetDAC 5.87034227467 ===>> OK
Magnet settling time: 1.049
GetData ===>> H2,-0.21042217460741,H1,255.856536139072,AX,48.8255739580154,L1,0.29230678325294,L2,0.09793091798...
setting magnet DAC
current  : 5.870342
requested: 5.871377
Delta Dac: 0.001034
Checking detector protection. dv=0.00103
Checking detector "CDD". Protection Threshold: 0.1 (V)
SetMagnetDAC 5.87137675743 ===>> OK
Magnet settling time: 1.049
GetData ===>> H2,-0.145434499779096,H1,395.113574083838,AX,82.860543959856,L1,0.597892405605198,L2,0.0368091728...
setting magnet DAC
current  : 5.871377
requested: 5.872411
Delta Dac: 0.001034
Checking detector protection. dv=0.00103
Checking detector "CDD". Protection Threshold: 0.1 (V)
SetMagnetDAC 5.87241124019 ===>> OK
Magnet settling time: 1.049
GetData ===>> H2,-0.229639628045626,H1,494.604517707064,AX,111.5770304384,L1,0.989495506080848,L2,0.28790243680...
setting magnet DAC
current  : 5.872411
requested: 5.873446
Delta Dac: 0.001034
Checking detector protection. dv=0.00103
Checking detector "CDD". Protection Threshold: 0.1 (V)
SetMagnetDAC 5.87344572295 ===>> OK
Magnet settling time: 1.049
GetData ===>> H2,-0.247380207839925,H1,543.168675367986,AX,129.044714413673,L1,1.27353778282047,L2,0.3292910983...
setting magnet DAC
current  : 5.873446
requested: 5.874480
Delta Dac: 0.001034
Checking detector protection. dv=0.00103
Checking detector "CDD". Protection Threshold: 0.1 (V)
SetMagnetDAC 5.87448020571 ===>> OK
Magnet settling time: 1.049
GetData ===>> H2,-0.195777877169768,H1,559.345978722132,AX,136.41215442634,L1,1.46581575752342,L2,0.53689152030...
setting magnet DAC
current  : 5.874480
requested: 5.875515
Delta Dac: 0.001034
Checking detector protection. dv=0.00103
Checking detector "CDD". Protection Threshold: 0.1 (V)
SetMagnetDAC 5.87551468846 ===>> OK
Magnet settling time: 1.049
GetData ===>> H2,-0.113596227534986,H1,564.453008902439,AX,139.207249776799,L1,1.67871828961447,L2,0.4414838067...
setting magnet DAC
current  : 5.875515
requested: 5.876549
Delta Dac: 0.001034
Checking detector protection. dv=0.00103
Checking detector "CDD". Protection Threshold: 0.1 (V)
SetMagnetDAC 5.87654917122 ===>> OK
Magnet settling time: 1.049
GetData ===>> H2,-0.11770740589402,H1,565.170603042773,AX,139.141716602566,L1,1.72803028464084,L2,0.60606203240...
setting magnet DAC
current  : 5.876549
requested: 5.877584
Delta Dac: 0.001034
Checking detector protection. dv=0.00103
Checking detector "CDD". Protection Threshold: 0.1 (V)
SetMagnetDAC 5.87758365398 ===>> OK
Magnet settling time: 1.049
GetData ===>> H2,-0.112537743869726,H1,565.23025954717,AX,139.384652592191,L1,1.72094143651894,L2,0.50341033184...
setting magnet DAC
current  : 5.877584
requested: 5.878618
Delta Dac: 0.001034
Checking detector protection. dv=0.00103
Checking detector "CDD". Protection Threshold: 0.1 (V)
SetMagnetDAC 5.87861813674 ===>> OK
Magnet settling time: 1.049
GetData ===>> H2,-0.110179488206472,H1,565.015135695989,AX,139.168014318348,L1,1.81037998598853,L2,0.5644622820...
setting magnet DAC
current  : 5.878618
requested: 5.879653
Delta Dac: 0.001034
Checking detector protection. dv=0.00103
Checking detector "CDD". Protection Threshold: 0.1 (V)
SetMagnetDAC 5.8796526195 ===>> OK
Magnet settling time: 1.049
GetData ===>> H2,-0.132591540869183,H1,564.9723562891,AX,139.145217420967,L1,1.75185634863122,L2,0.686403440526...
setting magnet DAC
current  : 5.879653
requested: 5.880687
Delta Dac: 0.001034
Checking detector protection. dv=0.00103
Checking detector "CDD". Protection Threshold: 0.1 (V)
SetMagnetDAC 5.88068710226 ===>> OK
Magnet settling time: 1.049
GetData ===>> H2,-0.145661247883275,H1,564.786335188478,AX,139.072351890814,L1,1.78120905634262,L2,0.6580961607...
setting magnet DAC
current  : 5.880687
requested: 5.881722
Delta Dac: 0.001034
Checking detector protection. dv=0.00103
Checking detector "CDD". Protection Threshold: 0.1 (V)
SetMagnetDAC 5.88172158502 ===>> OK
Magnet settling time: 1.049
GetData ===>> H2,-0.233345302378473,H1,564.583803748084,AX,139.002777508408,L1,1.74783848102818,L2,0.4653039960...
setting magnet DAC
current  : 5.881722
requested: 5.882756
Delta Dac: 0.001034
Checking detector protection. dv=0.00103
Checking detector "CDD". Protection Threshold: 0.1 (V)
SetMagnetDAC 5.88275606777 ===>> OK
Magnet settling time: 1.049
GetData ===>> H2,-0.257177493114828,H1,563.386060644924,AX,138.437381760882,L1,1.77055021143767,L2,0.4860687007...
setting magnet DAC
current  : 5.882756
requested: 5.883791
Delta Dac: 0.001034
Checking detector protection. dv=0.00103
Checking detector "CDD". Protection Threshold: 0.1 (V)
SetMagnetDAC 5.88379055053 ===>> OK
Magnet settling time: 1.049
GetData ===>> H2,-0.234323956827812,H1,560.40067522859,AX,137.152934963951,L1,1.72304521447453,L2,0.55515683560...
setting magnet DAC
current  : 5.883791
requested: 5.884825
Delta Dac: 0.001034
Checking detector protection. dv=0.00103
Checking detector "CDD". Protection Threshold: 0.1 (V)
SetMagnetDAC 5.88482503329 ===>> OK
Magnet settling time: 1.049
GetData ===>> H2,-0.207738446445685,H1,549.996952920803,AX,132.345822374284,L1,1.68764893907159,L2,0.4349987974...
setting magnet DAC
current  : 5.884825
requested: 5.885860
Delta Dac: 0.001034
Checking detector protection. dv=0.00103
Checking detector "CDD". Protection Threshold: 0.1 (V)
SetMagnetDAC 5.88585951605 ===>> OK
Magnet settling time: 1.049
GetData ===>> H2,-0.0823011756095365,H1,518.618163791394,AX,119.072043962875,L1,1.56570031683622,L2,0.433400447...
setting magnet DAC
current  : 5.885860
requested: 5.886894
Delta Dac: 0.001034
Checking detector protection. dv=0.00103
Checking detector "CDD". Protection Threshold: 0.1 (V)
SetMagnetDAC 5.88689399881 ===>> OK
Magnet settling time: 1.049
GetData ===>> H2,-0.250323245243998,H1,387.328763138289,AX,75.69570984453,L1,1.11937968553389,L2,0.289543960507...
setting magnet DAC
current  : 5.886894
requested: 5.887928
Delta Dac: 0.001034
Checking detector protection. dv=0.00103
Checking detector "CDD". Protection Threshold: 0.1 (V)
SetMagnetDAC 5.88792848157 ===>> OK
Magnet settling time: 1.049
GetData ===>> H2,-0.349269473392152,H1,238.150055157063,AX,39.9557839658177,L1,0.780638276436079,L2,0.039064650...
setting magnet DAC
current  : 5.887928
requested: 5.888963
Delta Dac: 0.001034
Checking detector protection. dv=0.00103
Checking detector "CDD". Protection Threshold: 0.1 (V)
SetMagnetDAC 5.88896296433 ===>> OK
Magnet settling time: 1.049
GetData ===>> H2,-0.273235989506711,H1,109.978838677472,AX,15.5336788041232,L1,0.471281058794952,L2,-0.11784578...
setting magnet DAC
current  : 5.888963
requested: 5.889997
Delta Dac: 0.001034
Checking detector protection. dv=0.00103
Checking detector "CDD". Protection Threshold: 0.1 (V)
SetMagnetDAC 5.88999744708 ===>> OK
Magnet settling time: 1.049
GetData ===>> H2,-0.130450984999579,H1,39.69604187025,AX,4.46488414827632,L1,0.308414297125305,L2,-0.0875243189...
setting magnet DAC
current  : 5.889997
requested: 5.891032
Delta Dac: 0.001034
Checking detector protection. dv=0.00103
Checking detector "CDD". Protection Threshold: 0.1 (V)
SetMagnetDAC 5.89103192984 ===>> OK
Magnet settling time: 1.049
GetData ===>> H2,-0.195699644273708,H1,11.5657336810234,AX,0.909377655843168,L1,0.168199467289782,L2,0.07123947...
setting magnet DAC
current  : 5.891032
requested: 5.892066
Delta Dac: 0.001034
Checking detector protection. dv=0.00103
Checking detector "CDD". Protection Threshold: 0.1 (V)
SetMagnetDAC 5.8920664126 ===>> OK
Magnet settling time: 1.049
GetData ===>> H2,-0.170683448214992,H1,2.83517105796489,AX,0.03547045183323,L1,0.119281047707315,L2,0.027446090...
setting magnet DAC
current  : 5.892066
requested: 5.893101
Delta Dac: 0.001034
Checking detector protection. dv=0.00103
Checking detector "CDD". Protection Threshold: 0.1 (V)
SetMagnetDAC 5.89310089536 ===>> OK
Magnet settling time: 1.049
GetData ===>> H2,-0.180105468496993,H1,0.550050949372527,AX,-0.160503165525386,L1,0.039860308879279,L2,0.094807...
setting magnet DAC
current  : 5.893101
requested: 5.894135
Delta Dac: 0.001034
Checking detector protection. dv=0.00103
Checking detector "CDD". Protection Threshold: 0.1 (V)
SetMagnetDAC 5.89413537812 ===>> OK
Magnet settling time: 1.049
GetData ===>> H2,-0.243524044437844,H1,0.00568750990599405,AX,-0.168540505339644,L1,0.0556047851736163,L2,-0.01...
result of _do_sweep=True
result of _calculate_peak_center=([5.8715944341622901, 5.879140560898521, 5.8866866876347519], [416.04854218094221, 565.22798805702269, 413.63926427119259], 5.8775442648581642, 565.22798805702269)
Failed to find a valid peak. No peak greater than 1.0. max = 0.0508644035096
new center pos Detector(H1) (Ar40) @ 5.8791405609
GetHighVoltage ===>> 4499.94659342336
GetDeflection H1 ===>> 0
dac uncorrected for HV and deflection 5.87917518281
update mftable H1 Ar40 5.87917518281 message=automated run peakcenter
get initial guess parabolic
get initial guess parabolic
get initial guess parabolic
get initial guess parabolic
get initial guess parabolic
get initial guess parabolic
dump mftable to /Users/jan/PychronDev/setupfiles/spectrometer/mftables/mftable.csv
add to repo msg=modified - automated run peakcenter
locally archiving mftable
setting magnet DAC
current  : 5.894135
requested: 5.879141
Delta Dac: 0.014995
Checking detector protection. dv=0.01499
Checking detector "CDD". Protection Threshold: 0.1 (V)
SetMagnetDAC 5.8791405609 ===>> OK
Magnet settling time: 0.500
sweep finished
setting integration time = 1.048576
SetIntegrationTime 1.048576 ===>> OK
Failed to find a valid peak. No peak greater than 1.0. max = 0.0508047376483
flush and close file /Users/jan/PychronDev/data/isotopes/94/50d1c0-9ffe-42a4-a976-40dea731fd13.h5
finished measure script
executed snippet estimated_duration=226.132928, duration=272.949694157
jan_unknown120_60.py completed successfully
Measurement Finished
22:19:59 -- ******* Measurement Finished *******
Post Measurement Started jan_pump_ms.py
22:19:59 -- ******* Post Measurement Started jan_pump_ms.py *******
testing...
no interpolation path defined
executed snippet estimated_duration=0, duration=2.8133392334e-05
Pumping spectrometer
open () {'name': 'O'}
opening name=O desc=---
checking ownership. requestor=129.138.12.150
check software interlocks O
interlocks []
actuate state mode=None-script, software_lock=False
doing actuation None-script open_channel True
Open O ===>> OK
GetIndicatorState O ===>> OK
change switch state (True, True)
update switch state O True args=() kw={} ncanvase=2
22:19:59 -- OPEN   VALVE-O (Jan Ion Pump)
---------------------------------------- open O () result=[(True, True)], time=0.11 sec
action=open, ok=True, locked=[False]
executed snippet estimated_duration=0, duration=0.361706018448
jan_pump_ms.py completed successfully
setting _ms_pumptime
Post Measurement Finished
22:19:59 -- ******* Post Measurement Finished *******
$$$$$$$$$$$$$$$$$$$$ state at run end measurement
state changed from measurement to success
post measurement save measured=True aborted=False
Set filtering
setting fod for Ar40= {'filter_outliers': True, 'std_devs': 2, 'iterations': 1}
setting fod for H1= {'filter_outliers': True, 'std_devs': 2, 'iterations': 1}
setting fod for PM41= {'filter_outliers': False, 'std_devs': 2, 'iterations': 1}
setting fod for H2= {'filter_outliers': True, 'std_devs': 2, 'iterations': 1}
setting fod for Ar36= {'filter_outliers': True, 'std_devs': 2, 'iterations': 1}
setting fod for CDD= {'filter_outliers': True, 'std_devs': 10, 'iterations': 1}
setting fod for Ar37= {'filter_outliers': True, 'std_devs': 2, 'iterations': 1}
setting fod for L2= {'filter_outliers': True, 'std_devs': 2, 'iterations': 1}
setting fod for Ar38= {'filter_outliers': True, 'std_devs': 2, 'iterations': 1}
setting fod for L1= {'filter_outliers': True, 'std_devs': 2, 'iterations': 1}
setting fod for Ar39= {'filter_outliers': True, 'std_devs': 2, 'iterations': 1}
setting fod for AX= {'filter_outliers': True, 'std_devs': 2, 'iterations': 1}
persistence save...
persistence save - db
post measurement save
6538069488 connecting to database sqlite:////Users/jan/PychronDev/.appdata/local_lab.db
connected to db sqlite:////Users/jan/PychronDev/.appdata/local_lab.db
create new session 6538069488
close session 6538069488
No database instance. Not saving post measurement to isotopedb database
$$$$$$$$$$$$$$$ auto_save_detector_ic=False
massspec enabled True
create new session 4985539184
MassSpec Database Version: 16.0
close session 4985539184
saving post measurement to secondary database
saving to massspec database 129.138.12.160/massspecdata
setting labnumber to 65579
setting aliquot to 23
setting step to 
setting uuid to 9450d1c0-9ffe-42a4-a976-40dea731fd13
setting irradpos to 65579
setting extract_device to Fusions CO2
setting tray to 
setting position to 184
setting power_requested to 5.0
setting extract_value to 5.0
setting duration to 30.0
setting duration_at_request to 30.0
setting first_stage_delay to 30.0
setting cleanup to 30.0
setting comment to O:2 without inclusions
setting irradiation to NM-289
setting level to O
setting irradiation_level to O
setting sample to Bw-2014-12 WO
setting material to Sanidine
setting project to Bustos Wells
setting mass_spectrometer to Jan
no attribute chron_dosages
no attribute production_ratios
no attribute interference_corrections
no attribute production_name
no attribute j
Reference Isotope=Ar40
Reference Detector=H1
%%%%%%%%%%%%%%%%%%%% Comment: O:2 without inclusions %%%%%%%%%%%%%%%%%%%
adding isotope PM41 H2
add baseline dbdet= PM41. original det= H2
get baseline data PM41 H2
Get data baseline <pychron.processing.isotope.Baseline object at 0x1357457d0> len t=60
baseline PM41. v=-0.179020179522, e=0.00789912169451
get signal data PM41 H2
Get data signal PM41 0.07+/-0.07 len t=120
adding isotope Ar40 H1
add baseline dbdet= Ar40. original det= H1
get baseline data Ar40 H1
Get data baseline <pychron.processing.isotope.Baseline object at 0x1357459d0> len t=60
baseline Ar40. v=-0.0183211797057, e=0.00516132286155
get signal data Ar40 H1
Get data signal Ar40 620.67+/-0.04 len t=120
adding isotope Ar39 AX
add baseline dbdet= Ar39. original det= AX
get baseline data Ar39 AX
Get data baseline <pychron.processing.isotope.Baseline object at 0x135745b90> len t=60
baseline Ar39. v=-0.0767708145864, e=0.00620820125985
get signal data Ar39 AX
Get data signal Ar39 153.180+/-0.026 len t=120
adding isotope Ar38 L1
add baseline dbdet= Ar38. original det= L1
get baseline data Ar38 L1
Get data baseline <pychron.processing.isotope.Baseline object at 0x135745d50> len t=60
baseline Ar38. v=-0.0210880250657, e=0.00281696351951
get signal data Ar38 L1
Get data signal Ar38 1.987+/-0.005 len t=120
adding isotope Ar37 L2
add baseline dbdet= Ar37. original det= L2
get baseline data Ar37 L2
Get data baseline <pychron.processing.isotope.Baseline object at 0x135745f10> len t=60
baseline Ar37. v=-0.0290890512344, e=0.00699076680375
get signal data Ar37 L2
Get data signal Ar37 0.637+/-0.010 len t=120
adding isotope Ar36 CDD
add baseline dbdet= Ar36. original det= CDD
get baseline data Ar36 CDD
Get data baseline <pychron.processing.isotope.Baseline object at 0x13574c110> len t=60
baseline Ar36. v=0.000178638495288, e=1.99535758461e-05
get signal data Ar36 CDD
Get data signal Ar36 0.0413+/-0.0004 len t=120
65579-23 added analysis time 0.449689149857s
analysis added to mass spec database
mass spec save time= 0.459
persistence save - dvc
================= post measurement started
create new session 4989601072
close session 4989601072
---------------- Experiment Queue saving disabled
DVC saving peakcenter
Failed to find a valid peak. No peak greater than 1.0. max = 0.0508047376483
Smart pull ahead: 0 behind: 0
Up-to-date with origin
add to repo msg=modified - ad8224ebc6dbfeb9f5997218dfa5fe690569839d.json
add to repo msg=modified - 79-23.json
add to repo msg=modified - 79-23.dat.json
add to repo msg=modified - 79-23.blan.json
add to repo msg=modified - 79-23.inte.json
add to repo msg=modified - 79-23.icfa.json
add to repo msg=modified - 79-23.base.json
not at valid file /Users/jan/PychronDev/data/.dvc/repositories/Load1789/655/tags/79-23.tags.json
add to repo msg=modified - 79-23.peak.json
add to repo msg=modified - 79-23.extr.json
not at valid file /Users/jan/PychronDev/data/.dvc/repositories/Load1789/655/monitor/79-23.moni.json
commit message=<COLLECTION>
add to repo msg=modified - 79-23.inte.json
add to repo msg=modified - 79-23.base.json
commit message=<ISOEVO> default collection fits
add to repo msg=modified - 79-23.blan.json
commit message=<BLANKS> preceding ba-01-J-2308
add to repo msg=modified - 79-23.icfa.json
commit message=<ICFactor> default
push repository <pychron.git_archive.repo_manager.GitRepoManager object at 0x163536f50>
pushing to remote=origin, url=https://github.com
no changes to meta repo
create new session 4989601072
add association Load1789
get identifier "65579"
setting analysis irradiation position=<pychron.dvc.dvc_orm.IrradiationPositionTbl object at 0x18e96c050>
close session 4989601072
================= post measurement finished
22:20:13 -- ******* Post Run Check *******
loading queue conditionals post_run_actions
loading system conditionals post_run_actions
loading conditionals from /Users/jan/PychronDev/setupfiles/spectrometer/default_conditionals.yaml
loading queue conditionals post_run_terminations
loading system conditionals post_run_terminations
loading conditionals from /Users/jan/PychronDev/setupfiles/spectrometer/default_conditionals.yaml
Checking default post run terminations n=1
GetDeflection CDD ===>> 50
testing CDD==2000
evaluate ot="CDD.deflection==2000" t="CDD==2000", ctx="{'CDD': 50.0}"
22:20:13 -- ******* Post Run Check Passed *******
22:20:13 -- Automated run 65579-23 success duration: 375.400 s
----------------- finish -----------------
----------------- stop -----------------
retroactive repository identifiers disabled
finish run. runs completed=93
update duration runid=65579-23, duration=375.400245905, md5=301e91d8
loading script "jan_unknown120_60.py"
loading script "jan_pump_ms.py"
loading script "jan_co2.py"
loading script "jan_pump_extraction_line.py"
testing...
no interpolation path defined
executed snippet estimated_duration=213.652928, duration=0.000196933746338
script duration name:unknown120_60 seconds:214.0
loading script "jan_unknown120_60.py"
loading script "jan_pump_ms.py"
loading script "jan_co2.py"
loading script "jan_pump_extraction_line.py"
testing...
no interpolation path defined
executed snippet estimated_duration=0, duration=2.88486480713e-05
loading script "jan_unknown120_60.py"
loading script "jan_pump_ms.py"
loading script "jan_co2.py"
loading script "jan_pump_extraction_line.py"
testing...
no interpolation path defined
calculate duration
testing...
no interpolation path defined
executed snippet estimated_duration=0, duration=0.000103950500488
calculate duration
testing...
no interpolation path defined
executed snippet estimated_duration=0, duration=9.3936920166e-05
executed snippet estimated_duration=0.0, duration=0.00284790992737
script duration name:co2 seconds:0.0
loading script "jan_unknown120_60.py"
loading script "jan_pump_ms.py"
loading script "jan_co2.py"
loading script "jan_pump_extraction_line.py"
testing...
no interpolation path defined
calculate duration
testing...
no interpolation path defined
executed snippet estimated_duration=4.0, duration=0.000144958496094
executed snippet estimated_duration=4.0, duration=0.00142908096313
Script duration 214.0
Run total estimated duration= 215.000
unknown120_60 in script context. using previous estimated duration
script duration name:unknown120_60 seconds:214.0
pump_ms in script context. using previous estimated duration
co2 in script context. using previous estimated duration
script duration name:co2 seconds:0.0
pump_extraction_line in script context. using previous estimated duration
Script duration 214.0
Run total estimated duration= 215.000
loading script "jan_unknown400_120.py"
loading script "jan_pump_ms.py"
loading script "jan_co2.py"
loading script "jan_pump_extraction_line.py"
testing...
no interpolation path defined
executed snippet estimated_duration=556.052928, duration=0.000267028808594
script duration name:unknown400_120 seconds:556.0
script duration name:co2 seconds:0.0
Script duration 556.0
Run total estimated duration= 557.000
script duration name:unknown120_60 seconds:214.0
script duration name:co2 seconds:0.0
Script duration 214.0
Run total estimated duration= 215.000
script duration name:unknown120_60 seconds:214.0
script duration name:co2 seconds:0.0
Script duration 214.0
Run total estimated duration= 215.000
script duration name:unknown120_60 seconds:214.0
script duration name:co2 seconds:0.0
Script duration 214.0
Run total estimated duration= 215.000
script duration name:unknown120_60 seconds:214.0
script duration name:co2 seconds:0.0
Script duration 214.0
Run total estimated duration= 215.000
script duration name:unknown120_60 seconds:214.0
script duration name:co2 seconds:0.0
Script duration 214.0
Run total estimated duration= 215.000
script duration name:unknown120_60 seconds:214.0
script duration name:co2 seconds:0.0
Script duration 214.0
Run total estimated duration= 215.000
unknown400_120 in script context. using previous estimated duration
script duration name:unknown400_120 seconds:556.0
loading script "jan_unknown400_120.py"
loading script "jan_pump_ms.py"
loading script "jan_cocktail_x1.py"
loading script "jan_pump_extraction_line.py"
testing...
no interpolation path defined
calculate duration
testing...
no interpolation path defined
executed snippet estimated_duration=0, duration=4.6968460083e-05
calculate duration
testing...
no interpolation path defined
executed snippet estimated_duration=0, duration=9.79900360107e-05
calculate duration
testing...
no interpolation path defined
executed snippet estimated_duration=32.0, duration=9.10758972168e-05
calculate duration
testing...
no interpolation path defined
executed snippet estimated_duration=34.0, duration=9.70363616943e-05
calculate duration
testing...
no interpolation path defined
executed snippet estimated_duration=4.0, duration=6.31809234619e-05
calculate duration
testing...
no interpolation path defined
executed snippet estimated_duration=38.0, duration=9.51290130615e-05
executed snippet estimated_duration=108.0, duration=0.0073230266571
script duration name:cocktail_x1 seconds:108.0
Script duration 664.0
Run total estimated duration= 665.000
script duration name:unknown120_60 seconds:214.0
script duration name:co2 seconds:0.0
Script duration 214.0
Run total estimated duration= 215.000
script duration name:unknown400_120 seconds:556.0
cocktail_x1 in script context. using previous estimated duration
script duration name:cocktail_x1 seconds:108.0
Script duration 664.0
Run total estimated duration= 665.000
script duration name:unknown120_60 seconds:214.0
script duration name:co2 seconds:0.0
Script duration 214.0
Run total estimated duration= 215.000
script duration name:unknown120_60 seconds:214.0
script duration name:co2 seconds:0.0
Script duration 214.0
Run total estimated duration= 215.000
script duration name:unknown120_60 seconds:214.0
script duration name:co2 seconds:0.0
Script duration 214.0
Run total estimated duration= 215.000
script duration name:unknown120_60 seconds:214.0
script duration name:co2 seconds:0.0
Script duration 214.0
Run total estimated duration= 215.000
script duration name:unknown120_60 seconds:214.0
script duration name:co2 seconds:0.0
Script duration 214.0
Run total estimated duration= 215.000
script duration name:unknown400_120 seconds:556.0
script duration name:co2 seconds:0.0
Script duration 556.0
Run total estimated duration= 557.000
script duration name:unknown120_60 seconds:214.0
script duration name:co2 seconds:0.0
Script duration 214.0
Run total estimated duration= 215.000
script duration name:unknown120_60 seconds:214.0
script duration name:co2 seconds:0.0
Script duration 214.0
Run total estimated duration= 215.000
script duration name:unknown120_60 seconds:214.0
script duration name:co2 seconds:0.0
Script duration 214.0
Run total estimated duration= 215.000
script duration name:unknown120_60 seconds:214.0
script duration name:co2 seconds:0.0
Script duration 214.0
Run total estimated duration= 215.000
script duration name:unknown400_120 seconds:556.0
loading script "jan_unknown400_120.py"
loading script "jan_pump_ms.py"
loading script "jan_sniffair_x2.py"
loading script "jan_pump_extraction_line.py"
testing...
no interpolation path defined
calculate duration
testing...
no interpolation path defined
executed snippet estimated_duration=0, duration=4.6968460083e-05
calculate duration
testing...
no interpolation path defined
executed snippet estimated_duration=0, duration=0.000125169754028
calculate duration
testing...
no interpolation path defined
executed snippet estimated_duration=32.0, duration=0.000125885009766
calculate duration
testing...
no interpolation path defined
executed snippet estimated_duration=34.0, duration=0.000108003616333
calculate duration
testing...
no interpolation path defined
executed snippet estimated_duration=4.0, duration=8.79764556885e-05
calculate duration
testing...
no interpolation path defined
executed snippet estimated_duration=36.0, duration=0.000158071517944
calculate duration
testing...
no interpolation path defined
executed snippet estimated_duration=34.0, duration=0.000108957290649
calculate duration
testing...
no interpolation path defined
executed snippet estimated_duration=4.0, duration=0.000164031982422
calculate duration
testing...
no interpolation path defined
executed snippet estimated_duration=36.0, duration=0.000110149383545
calculate duration
testing...
no interpolation path defined
executed snippet estimated_duration=70.0, duration=0.000108003616333
executed snippet estimated_duration=250.0, duration=0.0148439407349
script duration name:sniffair_x2 seconds:250.0
Script duration 806.0
Run total estimated duration= 807.000
script duration name:unknown400_120 seconds:556.0
sniffair_x2 in script context. using previous estimated duration
script duration name:sniffair_x2 seconds:250.0
Script duration 806.0
Run total estimated duration= 807.000
loading script "jan_ic_peak_hop3.py"
loading script "jan_pump_ms.py"
loading script "jan_air_x1.py"
loading script "jan_pump_extraction_line.py"
testing...
no interpolation path defined
executed snippet estimated_duration=133.8, duration=0.00770616531372
script duration name:ic_peak_hop3 seconds:134.0
loading script "jan_ic_peak_hop3.py"
loading script "jan_pump_ms.py"
loading script "jan_air_x1.py"
loading script "jan_pump_extraction_line.py"
testing...
no interpolation path defined
calculate duration
testing...
no interpolation path defined
executed snippet estimated_duration=0, duration=4.50611114502e-05
calculate duration
testing...
no interpolation path defined
executed snippet estimated_duration=0, duration=9.79900360107e-05
calculate duration
testing...
no interpolation path defined
executed snippet estimated_duration=32.0, duration=8.70227813721e-05
calculate duration
testing...
no interpolation path defined
executed snippet estimated_duration=34.0, duration=9.70363616943e-05
calculate duration
testing...
no interpolation path defined
executed snippet estimated_duration=4.0, duration=6.103515625e-05
calculate duration
testing...
no interpolation path defined
executed snippet estimated_duration=36.0, duration=8.70227813721e-05
executed snippet estimated_duration=106.0, duration=0.00843501091003
script duration name:air_x1 seconds:106.0
Script duration 240.0
Run total estimated duration= 241.000
script duration name:unknown120_60 seconds:214.0
script duration name:co2 seconds:0.0
Script duration 214.0
Run total estimated duration= 215.000
script duration name:unknown120_60 seconds:214.0
script duration name:co2 seconds:0.0
Script duration 214.0
Run total estimated duration= 215.000
script duration name:unknown120_60 seconds:214.0
script duration name:co2 seconds:0.0
Script duration 214.0
Run total estimated duration= 215.000
script duration name:unknown120_60 seconds:214.0
script duration name:co2 seconds:0.0
Script duration 214.0
Run total estimated duration= 215.000
script duration name:unknown120_60 seconds:214.0
script duration name:co2 seconds:0.0
Script duration 214.0
Run total estimated duration= 215.000
script duration name:unknown400_120 seconds:556.0
script duration name:cocktail_x1 seconds:108.0
Script duration 664.0
Run total estimated duration= 665.000
script duration name:unknown400_120 seconds:556.0
script duration name:cocktail_x1 seconds:108.0
Script duration 664.0
Run total estimated duration= 665.000
script duration name:unknown120_60 seconds:214.0
script duration name:co2 seconds:0.0
Script duration 214.0
Run total estimated duration= 215.000
script duration name:unknown120_60 seconds:214.0
script duration name:co2 seconds:0.0
Script duration 214.0
Run total estimated duration= 215.000
script duration name:unknown120_60 seconds:214.0
script duration name:co2 seconds:0.0
Script duration 214.0
Run total estimated duration= 215.000
script duration name:unknown400_120 seconds:556.0
script duration name:co2 seconds:0.0
Script duration 556.0
Run total estimated duration= 557.000
script duration name:unknown120_60 seconds:214.0
script duration name:co2 seconds:0.0
Script duration 214.0
Run total estimated duration= 215.000
script duration name:unknown120_60 seconds:214.0
script duration name:co2 seconds:0.0
Script duration 214.0
Run total estimated duration= 215.000
script duration name:unknown120_60 seconds:214.0
script duration name:co2 seconds:0.0
Script duration 214.0
Run total estimated duration= 215.000
script duration name:unknown120_60 seconds:214.0
script duration name:co2 seconds:0.0
Script duration 214.0
Run total estimated duration= 215.000
script duration name:unknown120_60 seconds:214.0
script duration name:co2 seconds:0.0
Script duration 214.0
Run total estimated duration= 215.000
script duration name:unknown120_60 seconds:214.0
script duration name:co2 seconds:0.0
Script duration 214.0
Run total estimated duration= 215.000
script duration name:unknown120_60 seconds:214.0
script duration name:co2 seconds:0.0
Script duration 214.0
Run total estimated duration= 215.000
script duration name:unknown120_60 seconds:214.0
script duration name:co2 seconds:0.0
Script duration 214.0
Run total estimated duration= 215.000
script duration name:unknown120_60 seconds:214.0
script duration name:co2 seconds:0.0
Script duration 214.0
Run total estimated duration= 215.000
script duration name:unknown120_60 seconds:214.0
script duration name:co2 seconds:0.0
Script duration 214.0
Run total estimated duration= 215.000
script duration name:unknown120_60 seconds:214.0
script duration name:co2 seconds:0.0
Script duration 214.0
Run total estimated duration= 215.000
script duration name:unknown120_60 seconds:214.0
script duration name:co2 seconds:0.0
Script duration 214.0
Run total estimated duration= 215.000
script duration name:unknown400_120 seconds:556.0
script duration name:co2 seconds:0.0
Script duration 556.0
Run total estimated duration= 557.000
script duration name:unknown400_120 seconds:556.0
script duration name:sniffair_x2 seconds:250.0
Script duration 806.0
Run total estimated duration= 807.000
script duration name:unknown400_120 seconds:556.0
script duration name:cocktail_x1 seconds:108.0
Script duration 664.0
Run total estimated duration= 665.000
script duration name:unknown400_120 seconds:556.0
script duration name:sniffair_x2 seconds:250.0
Script duration 806.0
Run total estimated duration= 807.000
script duration name:unknown400_120 seconds:556.0
script duration name:cocktail_x1 seconds:108.0
Script duration 664.0
Run total estimated duration= 665.000
ic_peak_hop3 in script context. using previous estimated duration
script duration name:ic_peak_hop3 seconds:134.0
air_x1 in script context. using previous estimated duration
script duration name:air_x1 seconds:106.0
Script duration 240.0
Run total estimated duration= 241.000
script duration name:unknown120_60 seconds:214.0
script duration name:co2 seconds:0.0
Script duration 214.0
Run total estimated duration= 215.000
script duration name:unknown120_60 seconds:214.0
script duration name:co2 seconds:0.0
Script duration 214.0
Run total estimated duration= 215.000
script duration name:unknown120_60 seconds:214.0
script duration name:co2 seconds:0.0
Script duration 214.0
Run total estimated duration= 215.000
script duration name:unknown120_60 seconds:214.0
script duration name:co2 seconds:0.0
Script duration 214.0
Run total estimated duration= 215.000
script duration name:unknown120_60 seconds:214.0
script duration name:co2 seconds:0.0
Script duration 214.0
Run total estimated duration= 215.000
script duration name:unknown120_60 seconds:214.0
script duration name:co2 seconds:0.0
Script duration 214.0
Run total estimated duration= 215.000
script duration name:unknown120_60 seconds:214.0
script duration name:co2 seconds:0.0
Script duration 214.0
Run total estimated duration= 215.000
script duration name:unknown120_60 seconds:214.0
script duration name:co2 seconds:0.0
Script duration 214.0
Run total estimated duration= 215.000
script duration name:unknown120_60 seconds:214.0
script duration name:co2 seconds:0.0
Script duration 214.0
Run total estimated duration= 215.000
script duration name:unknown120_60 seconds:214.0
script duration name:co2 seconds:0.0
Script duration 214.0
Run total estimated duration= 215.000
script duration name:unknown120_60 seconds:214.0
script duration name:co2 seconds:0.0
Script duration 214.0
Run total estimated duration= 215.000
script duration name:unknown120_60 seconds:214.0
script duration name:co2 seconds:0.0
Script duration 214.0
Run total estimated duration= 215.000
script duration name:unknown400_120 seconds:556.0
script duration name:co2 seconds:0.0
Script duration 556.0
Run total estimated duration= 557.000
script duration name:unknown120_60 seconds:214.0
script duration name:co2 seconds:0.0
Script duration 214.0
Run total estimated duration= 215.000
script duration name:unknown120_60 seconds:214.0
script duration name:co2 seconds:0.0
Script duration 214.0
Run total estimated duration= 215.000
script duration name:unknown120_60 seconds:214.0
script duration name:co2 seconds:0.0
Script duration 214.0
Run total estimated duration= 215.000
script duration name:unknown400_120 seconds:556.0
script duration name:cocktail_x1 seconds:108.0
Script duration 664.0
Run total estimated duration= 665.000
script duration name:unknown400_120 seconds:556.0
script duration name:cocktail_x1 seconds:108.0
Script duration 664.0
Run total estimated duration= 665.000
script duration name:unknown120_60 seconds:214.0
script duration name:co2 seconds:0.0
Script duration 214.0
Run total estimated duration= 215.000
script duration name:unknown120_60 seconds:214.0
script duration name:co2 seconds:0.0
Script duration 214.0
Run total estimated duration= 215.000
script duration name:unknown400_120 seconds:556.0
script duration name:co2 seconds:0.0
Script duration 556.0
Run total estimated duration= 557.000
nruns=75 before=5.0, run_dur=24197.0, btw=3330.0
write rem/ex queues
/Users/jan/PychronDev/experiments/rem/CurrentExperiment.rem.txt
/Users/jan/PychronDev/experiments/rem/CurrentExperiment.ex.txt
doing event level: 3
