do run
loading script "jan_unknown120_60.py"
loading script "jan_pump_ms.py"
loading script "jan_co2.py"
loading script "jan_pump_extraction_line.py"
testing...
no interpolation path defined
executed snippet estimated_duration=213.652928, duration=0.000319004058838
script duration name:unknown120_60 seconds:214.0
loading script "jan_unknown120_60.py"
loading script "jan_pump_ms.py"
loading script "jan_co2.py"
loading script "jan_pump_extraction_line.py"
testing...
no interpolation path defined
executed snippet estimated_duration=0, duration=3.2901763916e-05
loading script "jan_unknown120_60.py"
loading script "jan_pump_ms.py"
loading script "jan_co2.py"
loading script "jan_pump_extraction_line.py"
testing...
no interpolation path defined
calculate duration
testing...
no interpolation path defined
executed snippet estimated_duration=0, duration=6.29425048828e-05
calculate duration
testing...
no interpolation path defined
executed snippet estimated_duration=0, duration=9.20295715332e-05
executed snippet estimated_duration=0.0, duration=0.00274205207825
script duration name:co2 seconds:0.0
loading script "jan_unknown120_60.py"
loading script "jan_pump_ms.py"
loading script "jan_co2.py"
loading script "jan_pump_extraction_line.py"
testing...
no interpolation path defined
calculate duration
testing...
no interpolation path defined
executed snippet estimated_duration=4.0, duration=0.000149011611938
executed snippet estimated_duration=4.0, duration=0.00258898735046
Script duration 214.0
Run total estimated duration= 215.000
run duration: 0:03:35
doing event level: 2
21:20:05 -- Setting default integration. t=1.048576
setting integration time = 1.048576
SetIntegrationTime 1.048576 ===>> OK
----------------- start -----------------
**************** Experiment Type: Ar/Ar, Ar/Ar
create new session 4436069840
close session 4436069840
$$$$$ Clearing conditionals
adding conditionals 
Add queue conditionals
add default conditionals
adding default conditionals from /Users/jan/PychronDev/setupfiles/spectrometer/default_conditionals.yaml
Start automated run 65579-21
loading script "jan_unknown120_60.py"
loading script "jan_pump_ms.py"
loading script "jan_co2.py"
loading script "jan_pump_extraction_line.py"
%%%%%%%%%%%%%%%%%% setting automated run 65579-21
No value "sensitivity_multiplier" in metadata
$$$$$$$$$$$$$$$ auto_save_detector_ic=False
============================= Pre Extraction Check =============================
loading queue conditionals pre_run_terminations
loading system conditionals pre_run_terminations
loading conditionals from /Users/jan/PychronDev/setupfiles/spectrometer/default_conditionals.yaml
21:20:06 -- ******* Pre Extraction Check *******
Get a measurement from the spectrometer
GetData ===>> H2,-0.095911989786572,H1,0.000569987706122843,AX,0.0864305200207368,L1,-0.0198198973405468,L2,0.0...
Pre Extraction Termination data. keys=H2,H1,AX,L1,L2,CDD, signals=-0.09591,0.00057,0.08643,-0.01982,0.06174,0.00208
21:20:06 -- testing system defined conditionals
Checking default pre extraction terminations n=2
testing CDD
evaluate ot="CDD.inactive" t="CDD", ctx="{'CDD': False}"
GetDeflection CDD ===>> 50
testing CDD==2000
evaluate ot="CDD.deflection==2000" t="CDD==2000", ctx="{'CDD': 50.0}"
21:20:06 -- ******* Pre Extraction Check Passed *******
=================================================================================
21:20:06 -- stopping status monitor
stop 4982387056
Alive clients [4989850544]
21:20:06 -- starting status monitor
start 4982387056
Monitor already running
start extraction
do extraction
Analysis started at 21:20:06.069223
Extraction Started jan_co2.py
21:20:06 -- ******* Extraction Started jan_co2.py *******
state changed from not run to extraction
DO EXTRACTION <pychron.extraction_line.pyscript_runner.RemotePyScriptRunner object at 0x12c299590>
testing...
no interpolation path defined
calculate duration
testing...
no interpolation path defined
executed snippet estimated_duration=0, duration=5.19752502441e-05
calculate duration
testing...
no interpolation path defined
executed snippet estimated_duration=0, duration=9.3936920166e-05
executed snippet estimated_duration=100.0, duration=0.00272011756897
Jan CO2 laser analysis
doing GOSUB
testing...
no interpolation path defined
executed snippet estimated_duration=0, duration=5.60283660889e-05
Waiting for CO2 access
wait ('FelixCO2Flag', 0) {}
waiting for FelixCO2Flag = 0
Read FelixCO2Flag ===>> 0
finished waiting
CO2 free
wait ('CO2PumpTimeFlag', 0) {}
waiting for CO2PumpTimeFlag = 0
Read CO2PumpTimeFlag ===>> 0
finished waiting
acquire ('JanCO2Flag',) {'clear': True}
acquire JanCO2Flag
Set JanCO2Flag 1 ===>> OK
JanCO2Flag acquired
set extraction state False (0.75, 'red', 1.5)
CO2 acquired
executed snippet estimated_duration=0, duration=0.0162568092346
WaitForCO2Access.py completed successfully
gosub finished
doing GOSUB
testing...
no interpolation path defined
executed snippet estimated_duration=0, duration=8.29696655273e-05
Prepare for CO2 analysis
close () {'description': 'Jan Inlet'}
closing name=--- desc=Jan Inlet
checking ownership. requestor=129.138.12.150
check software interlocks R
interlocks []
actuate state mode=None-script, software_lock=False
doing actuation None-script close_channel False
Close R ===>> OK
GetIndicatorState R ===>> False
change switch state (True, True)
update switch state R False args=() kw={} ncanvase=2
21:20:06 -- CLOSE  VALVE-R (Jan Inlet)
---------------------------------------- close None (Jan Inlet) result=[(True, True)]
action=close, ok=True, locked=[False]
open () {'description': 'Jan Ion Pump'}
opening name=--- desc=Jan Ion Pump
checking ownership. requestor=129.138.12.150
check software interlocks O
interlocks []
actuate state mode=None-script, software_lock=False
doing actuation None-script open_channel False
Open O ===>> OK
GetIndicatorState O ===>> OK
change switch state (True, True)
update switch state O True args=() kw={} ncanvase=2
21:20:06 -- OPEN   VALVE-O (Jan Ion Pump)
---------------------------------------- open None (Jan Ion Pump) result=[(True, True)], time=0.09 sec
action=open, ok=True, locked=[False]
close () {'description': 'Microbone to Minibone'}
closing name=--- desc=Microbone to Minibone
checking ownership. requestor=129.138.12.150
check software interlocks L
interlocks []
actuate state mode=None-script, software_lock=False
doing actuation None-script close_channel False
Close L ===>> OK
GetIndicatorState L ===>> False
change switch state (True, True)
update switch state L False args=() kw={} ncanvase=2
21:20:07 -- CLOSE  VALVE-L (Microbone to Minibone)
---------------------------------------- close None (Microbone to Minibone) result=[(True, True)]
action=close, ok=True, locked=[False]
open () {'description': 'Microbone to Turbo'}
opening name=--- desc=Microbone to Turbo
checking ownership. requestor=129.138.12.150
check software interlocks U
interlocks []
actuate state mode=None-script, software_lock=False
doing actuation None-script open_channel False
Open U ===>> OK
GetIndicatorState U ===>> OK
change switch state (True, True)
update switch state U True args=() kw={} ncanvase=2
21:20:07 -- OPEN   VALVE-U (Microbone to Turbo)
---------------------------------------- open None (Microbone to Turbo) result=[(True, True)], time=0.13 sec
action=open, ok=True, locked=[False]
open () {'description': 'Microbone to Inlet Pipette'}
opening name=--- desc=Microbone to Inlet Pipette
checking ownership. requestor=129.138.12.150
check software interlocks S
interlocks []
actuate state mode=None-script, software_lock=False
doing actuation None-script open_channel False
Open S ===>> OK
GetIndicatorState S ===>> OK
change switch state (True, True)
update switch state S True args=() kw={} ncanvase=2
21:20:08 -- OPEN   VALVE-S (Microbone to Inlet Pipette)
---------------------------------------- open None (Microbone to Inlet Pipette) result=[(True, True)], time=0.41 sec
action=open, ok=True, locked=[False]
open () {'description': 'Microbone to Getter D-50'}
opening name=--- desc=Microbone to Getter D-50
checking ownership. requestor=129.138.12.150
check software interlocks K
interlocks []
actuate state mode=None-script, software_lock=False
doing actuation None-script open_channel False
Open K ===>> OK
GetIndicatorState K ===>> OK
change switch state (True, True)
update switch state K True args=() kw={} ncanvase=2
21:20:09 -- OPEN   VALVE-K (Microbone to Getter D-50)
---------------------------------------- open None (Microbone to Getter D-50) result=[(True, True)], time=0.44 sec
action=open, ok=True, locked=[False]
open () {'description': 'Microbone to Getter NP-10'}
opening name=--- desc=Microbone to Getter NP-10
checking ownership. requestor=129.138.12.150
check software interlocks M
interlocks []
actuate state mode=None-script, software_lock=False
doing actuation None-script open_channel False
Open M ===>> OK
GetIndicatorState M ===>> OK
change switch state (True, True)
update switch state M True args=() kw={} ncanvase=2
21:20:09 -- OPEN   VALVE-M (Microbone to Getter NP-10)
---------------------------------------- open None (Microbone to Getter NP-10) result=[(True, True)], time=0.16 sec
action=open, ok=True, locked=[False]
close () {'description': 'CO2 Laser to Felix'}
closing name=--- desc=CO2 Laser to Felix
checking ownership. requestor=129.138.12.150
check software interlocks F
interlocks []
actuate state mode=None-script, software_lock=True
VALVE-F(CO2 Laser to Felix) software locked
change switch state (True, False)
---------------------------------------- close None (CO2 Laser to Felix) result=[(True, False)]
action=close, ok=True, locked=[True]
open () {'description': 'CO2 Laser to Jan'}
opening name=--- desc=CO2 Laser to Jan
checking ownership. requestor=129.138.12.150
check software interlocks A
interlocks []
actuate state mode=None-script, software_lock=False
doing actuation None-script open_channel False
Open A ===>> OK
GetIndicatorState A ===>> OK
change switch state (True, True)
update switch state A True args=() kw={} ncanvase=2
21:20:10 -- OPEN   VALVE-A (CO2 Laser to Jan)
---------------------------------------- open None (CO2 Laser to Jan) result=[(True, True)], time=0.13 sec
action=open, ok=True, locked=[False]
open () {'description': 'Microbone to CO2 Laser'}
opening name=--- desc=Microbone to CO2 Laser
checking ownership. requestor=129.138.12.150
check software interlocks T
interlocks []
actuate state mode=None-script, software_lock=False
doing actuation None-script open_channel False
Open T ===>> OK
GetIndicatorState T ===>> OK
change switch state (True, True)
update switch state T True args=() kw={} ncanvase=2
21:20:10 -- OPEN   VALVE-T (Microbone to CO2 Laser)
---------------------------------------- open None (Microbone to CO2 Laser) result=[(True, True)], time=0.43 sec
action=open, ok=True, locked=[False]
executed snippet estimated_duration=0, duration=4.96145391464
PrepareForCO2Analysis.py completed successfully
gosub finished
set_motor ('beam', '1.25') {}
setting motor "beam" to 1.25
set motor beam to 1.25
SetMotor beam,1.25 ===>> OK
GetMotorMoving beam ===>> False
GetMotorMoving beam ===>> False
Block completed
move_to_position ('182',) {'autocenter': True}
FusionsCO2 move to position 182
sending GoToHole 182,True
GoToHole 182,True ===>> OK
GetDriveMoving ===>> OK
GetDriveMoving ===>> OK
GetDriveMoving ===>> OK
GetDriveMoving ===>> OK
GetDriveMoving ===>> OK
GetDriveMoving ===>> OK
GetDriveMoving ===>> False
GetDriveMoving ===>> OK
GetDriveMoving ===>> OK
GetDriveMoving ===>> OK
GetDriveMoving ===>> OK
GetDriveMoving ===>> OK
GetDriveMoving ===>> False
Block completed
GetAutoCorrecting ===>> False
GetAutoCorrecting ===>> False
Block completed
update position
GetPosition ===>> 11.96340,-7.97560,1.00000
got position (11.9634, -7.9756, 1.0)
move to position succeeded
sleep (5,) {}
SLEEP 5.0
block started
WaitControl setup for 5.0  
Join finished
block finished. duration 5.03621602058
close () {'description': 'Microbone to Turbo'}
closing name=--- desc=Microbone to Turbo
checking ownership. requestor=129.138.12.150
check software interlocks U
interlocks []
actuate state mode=None-script, software_lock=False
doing actuation None-script close_channel True
Close U ===>> OK
GetIndicatorState U ===>> False
change switch state (True, True)
update switch state U False args=() kw={} ncanvase=2
21:20:22 -- CLOSE  VALVE-U (Microbone to Turbo)
---------------------------------------- close None (Microbone to Turbo) result=[(True, True)]
action=close, ok=True, locked=[False]
enable laser
enable () {}
set extraction state FusionsCO2 Enabled (False, 'red', 1.5)
enabling laser
Enable ===>> OK
begin interval
BEGIN INTERVAL Interval 1 waiting for 30.0
block started
set extract to 5.0
WaitControl setup for 30.0  
extract (5.0,) {}
GetPosition ===>> 11.96340,-7.97560,1.00000
set extraction state FusionsCO2 ON! 5.0(watts) (0.75, 'red', 1.5)
extract sample to 5.0 (watts)
set laser output
SetLaserOutput 5.0,watts ===>> OK
executing pattern triangle.lp
execute_pattern ('triangle.lp',) {}
executing pattern triangle.lp
IsPatterning ===>> OK
IsPatterning ===>> OK
IsPatterning ===>> OK
IsPatterning ===>> OK
IsPatterning ===>> OK
IsPatterning ===>> OK
IsPatterning ===>> OK
IsPatterning ===>> OK
IsPatterning ===>> OK
IsPatterning ===>> OK
IsPatterning ===>> OK
IsPatterning ===>> OK
IsPatterning ===>> OK
IsPatterning ===>> OK
IsPatterning ===>> OK
IsPatterning ===>> OK
IsPatterning ===>> OK
IsPatterning ===>> OK
IsPatterning ===>> OK
IsPatterning ===>> OK
IsPatterning ===>> OK
IsPatterning ===>> OK
IsPatterning ===>> OK
IsPatterning ===>> OK
IsPatterning ===>> OK
IsPatterning ===>> OK
IsPatterning ===>> False
IsPatterning ===>> False
Block completed
COMPLETE INTERVAL waiting for Interval 1 to complete
Join finished
block finished. duration 30.1324839592
Interval 1 finished
end_extract () {}
ending extraction. set laser power to 0
set laser power 0
SetLaserPower 0 ===>> OK
disable () {}
%%%%%%%%%%%%%%%%%%%%%%%%%%%%%%%%%%% disable
set extraction state False (0.75, 'red', 1.5)
disabling laser
Disable ===>> OK
sleep (30.0,) {}
SLEEP 30.0
block started
WaitControl setup for 30.0  
Join finished
block finished. duration 30.1157250404
executed snippet estimated_duration=166.5, duration=77.438890934
jan_co2.py completed successfully
GetAchievedOutput ===>> No Response
Requested Output= 0.000
Achieved Output=  0.000
GetResponseBlob ===>> No Response
GetOutputBlob ===>> No Response
persistence save...
persistence save - db
AutomatedRunPersister post_extraction_save deprecated
persistence save - dvc
no extraction position for 182
create new session 4989601072
close session 4989601072
Extraction Finished
21:21:23 -- ******* Extraction Finished *******
no overlap. not waiting for min ms pumptime
21:21:23 -- Sending spectrometer configuration
======== Sending configuration ========
SetDeflection CDD,50.0 ===>> OK
SetDeflection H2,0.0 ===>> OK
SetDeflection H1,0.0 ===>> OK
SetDeflection L2,825.0 ===>> OK
SetDeflection L1,400.0 ===>> OK
SetDeflection AX,190.0 ===>> OK
SetZFocus 74.64 ===>> OK
SetZSymmetry -50.72 ===>> OK
SetExtractionLens 26.13 ===>> OK
SetIonRepeller -3.81 ===>> OK
SetElectronEnergy 75.08 ===>> OK
SetYSymmetry -2.81 ===>> OK
SetIonCounterVoltage 1590.0 ===>> OK
send trap current 200.0
GetParameter Trap Current Readback ===>> 198.482695477019
SetParameter Trap Current Set,200.0 ===>> OK
updating mftable name mftable
Using mftable located at /Users/jan/PychronDev/setupfiles/spectrometer/mftables/mftable.csv
============ MFtable ===========
Isotope  H2     H1     AX     L1     L2     CDD    
Ar40     5.8064 5.8791 5.9926 6.1463 6.2308 6.3745
Ar39     5.7056 5.7714 5.8850 6.0324 6.1159 6.2610
Ar36     5.3831 5.4404 5.5484 5.6912 5.7709 5.9121
================================
get initial guess parabolic
get initial guess parabolic
get initial guess parabolic
get initial guess parabolic
get initial guess parabolic
get initial guess parabolic
======== Configuration Finished ========
GetYSymmetry ===>> -2.81
GetZSymmetry ===>> -50.72
GetParameter Trap Current Readback ===>> 198.258926936459
GetHighVoltage ===>> 4499.94659342336
start measurement
do measurement
L#=65579 analysis type=unknown
Measurement Started jan_unknown120_60.py
21:21:23 -- ******* Measurement Started jan_unknown120_60.py *******
state changed from extraction to measurement
setting spec, defl, and gains
GetExtractionLens ===>> 26.13
GetYSymmetry ===>> -2.81
GetZSymmetry ===>> -50.72
GetZFocus ===>> 74.64
GetDeflection H2 ===>> 0
GetDeflection H1 ===>> 0
GetDeflection AX ===>> 190
GetDeflection L1 ===>> 400
GetDeflection L2 ===>> 825
GetDeflection CDD ===>> 50
GetGain H2 ===>> 0.0113
GetGain H1 ===>> 0.1
GetGain AX ===>> 0.097049
GetGain L1 ===>> 0.010355
GetGain L2 ===>> 0.095649
GetGain CDD ===>> 0
pre measurement save
New frame /Users/jan/PychronDev/data/isotopes/ec/c77643-390e-4002-b8e8-961b234b5408.h5
flush and close file /Users/jan/PychronDev/data/isotopes/ec/c77643-390e-4002-b8e8-961b234b5408.h5
testing...
no interpolation path defined
executed snippet estimated_duration=226.132928, duration=0.000280857086182
unknown measurement script
activate_detectors ('H2', 'H1', 'AX', 'L1', 'L2', 'CDD') {}
activate detectors
*************** Set Analysis View Ar/Ar
create graphs
clearing graphs
clear isotope group
setting isotope det=H2, iso=PM41
setting isotope det=H1, iso=Ar40
setting isotope det=AX, iso=Ar39
setting isotope det=L1, iso=Ar38
setting isotope det=L2, iso=Ar37
setting isotope det=CDD, iso=Ar36
setting previous blanks
 - setting Ar40 blank 0.747+/-0.007
 - setting Ar36 blank 0.00653+/-0.00019
 - setting Ar37 blank 0.062+/-0.005
 - setting Ar38 blank 0.0099+/-0.0024
 - setting PM41 blank 0.05+/-0.06
 - setting Ar39 blank 0.038+/-0.009
load analysis view
position_magnet ('Ar40',) {'detector': 'H1'}
detector Detector(H1)
POSITION Ar40 H1
setting detector H2 to PM41 (40.9624)
setting detector H1 to Ar40 (39.9624)
setting detector AX to Ar39 (38.9624)
setting detector L1 to Ar38 (37.9624)
setting detector L2 to Ar37 (36.9624)
setting detector CDD to Ar36 (35.9624)
Mapping mass to dac mass func: "parabolic"
H1 map mass coeffs = [-0.00063987  0.15840543  0.57069999]
H1 map mass to dac 39.9624 >> 5.87909
GetDeflection H1 ===>> 0
GetHighVoltage ===>> 4499.94659342336
positioning Ar40 (5.87905537859) on H1
setting magnet DAC
current  : 5.879052
requested: 5.879055
Delta Dac: 0.000003
Checking detector protection. dv=0.00000
Checking detector "CDD". Protection Threshold: 0.1 (V)
SetMagnetDAC 5.87905537859 ===>> OK
Magnet settling time: 0.500
equilibrate () {'delay': 3, 'inlet': 'R', 'outlet': 'O', 'eqtime': 12.0}
Equilibration Started
21:21:25 -- ******* Equilibration Started *******
checking ownership. requestor=129.138.12.150
check software interlocks O
interlocks []
actuate state mode=None-script, software_lock=False
doing actuation None-script close_channel True
Close O ===>> OK
GetIndicatorState O ===>> False
change switch state (True, True)
update switch state O False args=() kw={} ncanvase=2
21:21:25 -- CLOSE  VALVE-O (Jan Ion Pump)
waiting 3s before opening inlet value ('R',)
update labels <pychron.experiment.plot_panel.PlotPanel object at 0x17c4c1fb0>
update labels "<pychron.graph.stacked_regression_graph.StackedRegressionGraph object at 0x16b52a410>"
setting label 0 H2 PM41
setting label 1 H1 Ar40
setting label 2 AX Ar39
setting label 3 L1 Ar38
setting label 4 L2 Ar37
setting label 5 CDD Ar36
update labels "<pychron.graph.stacked_graph.StackedGraph object at 0x16b52ad10>"
setting label 0 H2 PM41
setting label 1 H1 Ar40
setting label 2 AX Ar39
setting label 3 L1 Ar38
setting label 4 L2 Ar37
setting label 5 CDD Ar36
checking ownership. requestor=129.138.12.150
check software interlocks R
interlocks []
actuate state mode=None-script, software_lock=False
doing actuation None-script open_channel True
Open R ===>> OK
GetIndicatorState R ===>> OK
change switch state (True, True)
update switch state R True args=() kw={} ncanvase=2
21:21:29 -- OPEN   VALVE-R (Jan Inlet)
set_time_zero () {}
equilibrating for 12.0sec
sniff (12.0,) {}
py_sniff
build tables- sniff [Detector(H2), Detector(H1), Detector(AX), Detector(L1), Detector(L2), Detector(CDD)]
add group /sniff/PM41 (Group) '' table H2
add group /sniff/Ar40 (Group) '' table H1
add group /sniff/Ar39 (Group) '' table AX
add group /sniff/Ar38 (Group) '' table L1
add group /sniff/Ar37 (Group) '' table L2
add group /sniff/Ar36 (Group) '' table CDD
flush and close file /Users/jan/PychronDev/data/isotopes/ec/c77643-390e-4002-b8e8-961b234b5408.h5
measuring sniff. ncounts=12.0
"sniff" increment series count="1" fit count="0" regressing="False"
starting measurement
GetData ===>> H2,-0.133963102483685,H1,3.08747406612733,AX,0.812860374055245,L1,-0.0304048681995729,L2,0.120935...
GetData ===>> H2,0.676887328936263,H1,348.540211349381,AX,93.9893858305789,L1,0.44992841544469,L2,0.66757258414...
GetData ===>> H2,0.603883289736639,H1,709.646626075814,AX,184.12326978541,L1,1.40239588618336,L2,0.901333270379...
GetData ===>> H2,0.17223500399533,H1,827.254291027096,AX,210.05309950415,L1,2.03105688339877,L2,0.9648484859681...
GetData ===>> H2,0.0534832831727783,H1,868.120255552045,AX,217.823372868857,L1,2.37829566715062,L2,0.9017111448...
GetData ===>> H2,0.00558850245672804,H1,884.417560918104,AX,220.838495679376,L1,2.54295233110919,L2,0.887524696...
GetData ===>> H2,-0.0565146247359756,H1,891.126929790113,AX,222.35989849243,L1,2.6692720699233,L2,0.78938474940...
GetData ===>> H2,-0.091150557113705,H1,894.196071770391,AX,222.792712278635,L1,2.77472572164226,L2,0.9274100934...
GetData ===>> H2,-0.0832182424876814,H1,895.501451869985,AX,223.077358216323,L1,2.78078904460742,L2,0.933011177...
GetData ===>> H2,-0.110199796746113,H1,896.139877282842,AX,223.562993106932,L1,2.77305378648263,L2,0.9387615049...
GetData ===>> H2,-0.148464580347002,H1,896.120731033072,AX,223.351300003446,L1,2.85154188249839,L2,0.9271581096...
Equilibration Finished
21:21:41 -- ******* Equilibration Finished *******
checking ownership. requestor=129.138.12.150
check software interlocks R
interlocks []
actuate state mode=None-script, software_lock=False
doing actuation None-script close_channel True
GetData ===>> H2,-0.0395028588187376,H1,895.714708997787,AX,223.244543124057,L1,2.86889696687804,L2,0.884376252...
Close R ===>> OK
GetIndicatorState R ===>> False
change switch state (True, True)
update switch state R False args=() kw={} ncanvase=2
21:21:41 -- CLOSE  VALVE-R (Jan Inlet)
Post Equilibration Started jan_pump_extraction_line.py
21:21:41 -- ******* Post Equilibration Started jan_pump_extraction_line.py *******
testing...
no interpolation path defined
calculate duration
testing...
no interpolation path defined
executed snippet estimated_duration=4.0, duration=0.000146865844727
executed snippet estimated_duration=4.0, duration=0.00171399116516
Pump after analysis
doing GOSUB
testing...
no interpolation path defined
executed snippet estimated_duration=4.0, duration=0.000136137008667
Pump Microbone
close () {'description': 'Jan Inlet'}
closing name=--- desc=Jan Inlet
checking ownership. requestor=129.138.12.150
check software interlocks R
interlocks []
actuate state mode=None-script, software_lock=False
doing actuation None-script close_channel False
Close R ===>> OK
measurement finished
estimated time: 12.583 actual time: :12.672
flush and close file /Users/jan/PychronDev/data/isotopes/ec/c77643-390e-4002-b8e8-961b234b5408.h5
set_fits () {}
using default fits file=/Users/jan/PychronDev/scripts/measurement/fits/nominal_linear.yaml
set "Ar40" to "('Linear', 'SEM')"
No fit for "PM41". defaulting to linear. check the measurement script "jan_unknown120_60.py"
set "PM41" to "linear"
set "Ar36" to "('Linear', 'SEM')"
set "Ar37" to "('linear', 'SEM')"
set "Ar38" to "('linear', 'SEM')"
set "Ar39" to "('Linear', 'SEM')"
set_baseline_fits () {}
using default fits file=/Users/jan/PychronDev/scripts/measurement/fits/nominal_linear.yaml
set "H1" to "('average', 'SEM')"
set "H2" to "('average', 'SEM')"
set "CDD" to "('average', 'SEM')"
set "L2" to "('average', 'SEM')"
set "L1" to "('average', 'SEM')"
set "AX" to "('average', 'SEM')"
multicollect () {'integration_time': 1, 'ncounts': 120}
build tables- signal [Detector(H2), Detector(H1), Detector(AX), Detector(L1), Detector(L2), Detector(CDD)]
add group /signal/PM41 (Group) '' table H2
add group /signal/Ar40 (Group) '' table H1
add group /signal/Ar39 (Group) '' table AX
GetIndicatorState R ===>> False
add group /signal/Ar38 (Group) '' table L1
change switch state (True, True)
add group /signal/Ar37 (Group) '' table L2
update switch state R False args=() kw={} ncanvase=2
add group /signal/Ar36 (Group) '' table CDD
flush and close file /Users/jan/PychronDev/data/isotopes/ec/c77643-390e-4002-b8e8-961b234b5408.h5
measuring signal. ncounts=120
21:21:42 -- CLOSE  VALVE-R (Jan Inlet)
---------------------------------------- close None (Jan Inlet) result=[(True, True)]
action=close, ok=True, locked=[False]
is_closed ('F',) {}
is F () closed?
is closed True
open () {'description': 'CO2 Laser to Jan'}
opening name=--- desc=CO2 Laser to Jan
checking ownership. requestor=129.138.12.150
check software interlocks A
interlocks []
actuate state mode=None-script, software_lock=False
doing actuation None-script open_channel False
Open A ===>> OK
GetIndicatorState A ===>> OK
change switch state (True, True)
update switch state A True args=() kw={} ncanvase=2
21:21:42 -- OPEN   VALVE-A (CO2 Laser to Jan)
---------------------------------------- open None (CO2 Laser to Jan) result=[(True, True)], time=0.13 sec
starting measurement
GetData ===>> H2,-0.0418274902307238,H1,895.786743556898,AX,223.3686126606,L1,2.84519932267735,L2,0.87282521092...
action=open, ok=True, locked=[False]
sleep (1,) {}
SLEEP 1.0
"signal" increment series count="2" fit count="1" regressing="True"
GetData ===>> H2,-0.0235732344609573,H1,895.254449285438,AX,223.388791811666,L1,2.88627719820973,L2,0.931109750...
close () {'description': 'CO2 Laser to Roughing'}
closing name=--- desc=CO2 Laser to Roughing
checking ownership. requestor=129.138.12.150
check software interlocks G
interlocks []
actuate state mode=None-script, software_lock=True
VALVE-G(CO2 Laser to Roughing) software locked
change switch state (True, False)
---------------------------------------- close None (CO2 Laser to Roughing) result=[(True, False)]
action=close, ok=True, locked=[True]
open () {'description': 'Microbone to Turbo'}
opening name=--- desc=Microbone to Turbo
checking ownership. requestor=129.138.12.150
check software interlocks U
interlocks []
actuate state mode=None-script, software_lock=False
doing actuation None-script open_channel True
Open U ===>> OK
GetIndicatorState U ===>> OK
change switch state (True, True)
update switch state U True args=() kw={} ncanvase=2
21:21:44 -- OPEN   VALVE-U (Microbone to Turbo)
---------------------------------------- open None (Microbone to Turbo) result=[(True, True)], time=0.20 sec
action=open, ok=True, locked=[False]
open () {'description': 'Microbone to Getter NP-10'}
opening name=--- desc=Microbone to Getter NP-10
checking ownership. requestor=129.138.12.150
check software interlocks M
interlocks []
actuate state mode=None-script, software_lock=False
doing actuation None-script open_channel False
Open M ===>> OK
GetIndicatorState M ===>> OK
change switch state (True, True)
update switch state M True args=() kw={} ncanvase=2
21:21:44 -- OPEN   VALVE-M (Microbone to Getter NP-10)
---------------------------------------- open None (Microbone to Getter NP-10) result=[(True, True)], time=0.16 sec
action=open, ok=True, locked=[False]
open () {'description': 'Microbone to Getter D-50'}
opening name=--- desc=Microbone to Getter D-50
checking ownership. requestor=129.138.12.150
check software interlocks K
interlocks []
actuate state mode=None-script, software_lock=False
doing actuation None-script open_channel False
GetData ===>> H2,-0.0422901886227433,H1,894.878832159072,AX,222.936653416826,L1,2.89918341709278,L2,0.806341096...
Open K ===>> OK
GetIndicatorState K ===>> OK
change switch state (True, True)
update switch state K True args=() kw={} ncanvase=2
21:21:45 -- OPEN   VALVE-K (Microbone to Getter D-50)
---------------------------------------- open None (Microbone to Getter D-50) result=[(True, True)], time=0.44 sec
action=open, ok=True, locked=[False]
open () {'description': 'Microbone to CO2 Laser'}
opening name=--- desc=Microbone to CO2 Laser
checking ownership. requestor=129.138.12.150
check software interlocks T
interlocks []
actuate state mode=None-script, software_lock=False
doing actuation None-script open_channel False
Open T ===>> OK
GetIndicatorState T ===>> OK
change switch state (True, True)
update switch state T True args=() kw={} ncanvase=2
21:21:46 -- OPEN   VALVE-T (Microbone to CO2 Laser)
---------------------------------------- open None (Microbone to CO2 Laser) result=[(True, True)], time=0.41 sec
GetData ===>> H2,-0.287684095464344,H1,894.439864199817,AX,223.129601395779,L1,2.87172707456948,L2,0.7983491433...
action=open, ok=True, locked=[False]
open () {'description': 'Microbone to Inlet Pipette'}
opening name=--- desc=Microbone to Inlet Pipette
checking ownership. requestor=129.138.12.150
check software interlocks S
interlocks []
actuate state mode=None-script, software_lock=False
doing actuation None-script open_channel False
Open S ===>> OK
GetIndicatorState S ===>> OK
change switch state (True, True)
update switch state S True args=() kw={} ncanvase=2
21:21:46 -- OPEN   VALVE-S (Microbone to Inlet Pipette)
---------------------------------------- open None (Microbone to Inlet Pipette) result=[(True, True)], time=0.40 sec
action=open, ok=True, locked=[False]
sleep (1,) {}
SLEEP 1.0
testing H1>-5.0
evaluate ot="H1.bs>-5.0" t="H1>-5.0", ctx="{'H1': None}"
GetData ===>> H2,-0.137070384848877,H1,894.728707334244,AX,223.01783396844,L1,2.84353511979718,L2,0.87988846800...
set_resource () {'name': 'CO2PumpTimeFlag', 'value': 30}
Set CO2PumpTimeFlag 30 ===>> OK
release ('JanCO2Flag',) {}
release JanCO2Flag
Set JanCO2Flag 0 ===>> OK
executed snippet estimated_duration=6.0, duration=6.05316710472
PumpMicrobone.py completed successfully
gosub finished
get_resource_value () {'name': 'JanMiniboneFlag'}
Read JanMiniboneFlag ===>> 0
Get Resource Value JanMiniboneFlag=0.0
get resource value 0.0
get_resource_value () {'name': 'JanMiniboneFlag'}
Read JanMiniboneFlag ===>> 0
Get Resource Value JanMiniboneFlag=0.0
executed snippet estimated_duration=4.0, duration=6.06746697426
jan_pump_extraction_line.py completed successfully
Post Equilibration Finished
21:21:48 -- ******* Post Equilibration Finished *******
GetData ===>> H2,-0.176258387383807,H1,894.294949296291,AX,222.883279751674,L1,2.85733587499349,L2,0.9899869546...
GetData ===>> H2,-0.0855017833607491,H1,894.038931920188,AX,222.865834993751,L1,2.86626543384819,L2,0.921855148...
GetData ===>> H2,-0.145477954287494,H1,893.858559522539,AX,222.842395117897,L1,2.87621673766343,L2,0.8152853113...
GetData ===>> H2,-0.282548556110535,H1,893.27013153935,AX,222.513521975573,L1,2.87602477729087,L2,0.81734461754...
testing H1>-5.0
evaluate ot="H1.bs>-5.0" t="H1>-5.0", ctx="{'H1': None}"
GetData ===>> H2,-0.235977349732268,H1,892.601012414342,AX,222.477322318225,L1,2.80616451260959,L2,0.7894534388...
GetData ===>> H2,-0.152798372382979,H1,892.534584388091,AX,222.545848407566,L1,2.83107700883359,L2,0.9547771786...
GetData ===>> H2,-0.11410377741619,H1,892.22387805828,AX,222.324305906585,L1,2.8945047738028,L2,0.9110439700937...
GetData ===>> H2,-0.0279242085880263,H1,891.770466403905,AX,222.168582632627,L1,2.87055251139471,L2,0.901035552...
GetData ===>> H2,0.0463699206445853,H1,891.30750587233,AX,222.42119543829,L1,2.8312548672123,L2,0.8916693500723...
testing H1>-5.0
evaluate ot="H1.bs>-5.0" t="H1>-5.0", ctx="{'H1': None}"
GetData ===>> H2,-0.120870294835264,H1,890.664273932802,AX,222.18654134747,L1,2.90921122573499,L2,0.92550877719...
GetData ===>> H2,-0.142331082549497,H1,890.502424567219,AX,222.107297781314,L1,2.9013937041066,L2,0.86638058495...
GetData ===>> H2,-0.142921609791988,H1,889.83746407743,AX,221.738613100666,L1,2.83214420041979,L2,0.95922263134...
GetData ===>> H2,-0.197064595812334,H1,890.001619829615,AX,221.888510791859,L1,2.80828572384613,L2,0.9305255845...
GetData ===>> H2,-0.234584845439455,H1,889.816868797802,AX,221.866766844562,L1,2.83130548894665,L2,0.8453898982...
testing H1>-5.0
evaluate ot="H1.bs>-5.0" t="H1>-5.0", ctx="{'H1': None}"
GetData ===>> H2,-0.185195119319766,H1,889.235655713205,AX,221.590848526636,L1,2.86632850680646,L2,0.8302506085...
GetData ===>> H2,-0.17006951762511,H1,888.819280087451,AX,221.229539383031,L1,2.83518487189369,L2,0.83215004086...
GetData ===>> H2,-0.100733700944195,H1,888.312316036686,AX,221.516507032182,L1,2.81420612747098,L2,0.8327564940...
GetData ===>> H2,-0.0320453674845124,H1,887.793565485907,AX,221.460836518668,L1,2.83818527900295,L2,0.845149573...
GetData ===>> H2,-0.109021016159154,H1,887.57647185165,AX,221.353363806186,L1,2.8040518970485,L2,0.864938329985...
testing H1>-5.0
evaluate ot="H1.bs>-5.0" t="H1>-5.0", ctx="{'H1': None}"
21:22:08 -- collecting point 25
GetData ===>> H2,-0.123741564693764,H1,887.663540258931,AX,221.435070998746,L1,2.79651665258374,L2,1.0273569377...
GetData ===>> H2,-0.242769072535654,H1,886.761510221347,AX,221.620076445582,L1,2.86116589570419,L2,0.8972111002...
GetData ===>> H2,-0.130767041520322,H1,886.799533257657,AX,221.403128221112,L1,2.83816200640704,L2,0.7880567621...
GetData ===>> H2,-0.0426212574627415,H1,886.427066344108,AX,221.073354696779,L1,2.82059044313048,L2,0.888200193...
GetData ===>> H2,-0.139361764559204,H1,886.034978766297,AX,221.123173367,L1,2.84931957233115,L2,0.9226912331191...
testing H1>-5.0
evaluate ot="H1.bs>-5.0" t="H1>-5.0", ctx="{'H1': None}"
GetData ===>> H2,-0.135634488062677,H1,885.367725625237,AX,221.068202576703,L1,2.84060725565797,L2,0.8893909132...
GetData ===>> H2,-0.217260396654756,H1,885.552102178561,AX,220.882506287628,L1,2.79700718808052,L2,0.8872613679...
GetData ===>> H2,-0.241844465988915,H1,885.049029128876,AX,220.54128311989,L1,2.81655538342607,L2,0.88483420177...
GetData ===>> H2,-0.110517959126404,H1,884.840838632241,AX,220.662691997086,L1,2.81580324100765,L2,0.8762480210...
GetData ===>> H2,-0.078893698851347,H1,884.143344800409,AX,220.708870884888,L1,2.80921721129077,L2,0.9141360261...
testing H1>-5.0
evaluate ot="H1.bs>-5.0" t="H1>-5.0", ctx="{'H1': None}"
GetData ===>> H2,-0.137229917718193,H1,883.854643773069,AX,220.381422171893,L1,2.8488312720079,L2,0.94495895634...
GetData ===>> H2,-0.13878051440518,H1,883.713860270739,AX,220.32813207011,L1,2.8351328644463,L2,0.8633015112903...
GetData ===>> H2,-0.217250963715996,H1,883.274281581134,AX,220.442790742799,L1,2.79040516475155,L2,0.9206869329...
GetData ===>> H2,-0.19398733031868,H1,883.01764748441,AX,220.508978319126,L1,2.76789132016438,L2,0.859810487652...
GetData ===>> H2,-0.141409420241931,H1,882.453784288099,AX,220.231085409759,L1,2.79206999698215,L2,0.9272268324...
testing H1>-5.0
evaluate ot="H1.bs>-5.0" t="H1>-5.0", ctx="{'H1': None}"
GetData ===>> H2,-0.0925080734740924,H1,882.167705580726,AX,219.966706085318,L1,2.80255074069016,L2,0.836257977...
GetData ===>> H2,-0.144451162104967,H1,881.818692979163,AX,220.144788836227,L1,2.82989500466134,L2,0.7839126443...
GetData ===>> H2,-0.142627025674555,H1,881.827850940078,AX,220.189625943685,L1,2.78763171292152,L2,0.8304565693...
GetData ===>> H2,-0.162146153698122,H1,881.361935351714,AX,219.790148417157,L1,2.80455095883331,L2,0.8928372129...
GetData ===>> H2,-0.0896221411010944,H1,881.342017447279,AX,219.879734280657,L1,2.84943457969079,L2,0.922645420...
testing H1>-5.0
evaluate ot="H1.bs>-5.0" t="H1>-5.0", ctx="{'H1': None}"
GetData ===>> H2,-0.114061820819451,H1,880.574650523068,AX,219.853301559476,L1,2.82013352109707,L2,0.8966500407...
GetData ===>> H2,-0.0708851591027256,H1,880.01712335572,AX,219.634739110385,L1,2.80943060231978,L2,0.8730656049...
GetData ===>> H2,-0.0603432324307768,H1,879.617091914972,AX,219.71570321613,L1,2.80324797467767,L2,0.8235113597...
GetData ===>> H2,-0.109908704207979,H1,879.381726443984,AX,219.513491348174,L1,2.80821733567715,L2,0.8271154832...
GetData ===>> H2,-0.17453040835533,H1,879.161514463032,AX,219.424699298901,L1,2.78771643515216,L2,0.88673471347...
testing H1>-5.0
evaluate ot="H1.bs>-5.0" t="H1>-5.0", ctx="{'H1': None}"
21:22:34 -- collecting point 50
GetData ===>> H2,-0.116681780535097,H1,878.950326470153,AX,219.219000188524,L1,2.8020421967442,L2,0.89481803253...
GetData ===>> H2,-0.203742661217099,H1,878.567644814418,AX,219.261344694305,L1,2.77376347609509,L2,0.8667583219...
GetData ===>> H2,-0.154832035831107,H1,878.452242521779,AX,219.221416822939,L1,2.81534377461722,L2,0.8222299261...
GetData ===>> H2,-0.0618320137014592,H1,877.496511908704,AX,218.890346527792,L1,2.78073578371675,L2,0.891520505...
GetData ===>> H2,-0.0151042217155678,H1,877.404575623464,AX,218.749299832045,L1,2.78328438991209,L2,0.895665331...
testing H1>-5.0
evaluate ot="H1.bs>-5.0" t="H1>-5.0", ctx="{'H1': None}"
GetData ===>> H2,-0.167327337929163,H1,877.047970459603,AX,219.076498721556,L1,2.79882330851413,L2,0.7808218440...
GetData ===>> H2,-0.0593980671352003,H1,876.748758815721,AX,218.937541872913,L1,2.80404779526076,L2,0.805070125...
GetData ===>> H2,-0.0146897756430086,H1,876.290051640028,AX,218.726660133585,L1,2.76624897415967,L2,0.915922592...
GetData ===>> H2,-0.159233228580858,H1,876.001113056663,AX,218.809766631518,L1,2.77941390040715,L2,0.9512599172...
GetData ===>> H2,-0.133996911266126,H1,875.619748460861,AX,218.362806907045,L1,2.76471742227766,L2,0.8357773743...
testing H1>-5.0
evaluate ot="H1.bs>-5.0" t="H1>-5.0", ctx="{'H1': None}"
GetData ===>> H2,-0.0537145726022858,H1,875.309597234029,AX,218.464235257264,L1,2.77482809294587,L2,0.890982378...
GetData ===>> H2,-0.109480852331989,H1,874.888094715318,AX,218.698604143887,L1,2.79244424193257,L2,0.8289919693...
GetData ===>> H2,-0.133869789721408,H1,874.890593654627,AX,218.374375100237,L1,2.78829720923498,L2,0.9409838353...
GetData ===>> H2,-0.221912571178116,H1,874.387089398305,AX,218.21175377292,L1,2.77261980565032,L2,1.07696932620...
GetData ===>> H2,-0.178678464748802,H1,874.535671467514,AX,218.287503436443,L1,2.76244094825237,L2,0.9858767435...
testing H1>-5.0
evaluate ot="H1.bs>-5.0" t="H1>-5.0", ctx="{'H1': None}"
GetData ===>> H2,-0.259022776725157,H1,873.906007773895,AX,218.3136370107,L1,2.76237271560871,L2,0.927009210392...
GetData ===>> H2,-0.156107449857587,H1,873.67375618503,AX,218.12720194284,L1,2.78209333084093,L2,0.945783785909...
GetData ===>> H2,-0.1182472427125,H1,873.078159293631,AX,218.095067374263,L1,2.7756389059806,L2,0.8445773738729...
GetData ===>> H2,-0.238559952946014,H1,872.978848916987,AX,217.887269514789,L1,2.77933743248434,L2,0.8627635420...
GetData ===>> H2,-0.240742106848792,H1,872.552590772004,AX,217.840137983998,L1,2.80194787252314,L2,0.8389928853...
testing H1>-5.0
evaluate ot="H1.bs>-5.0" t="H1>-5.0", ctx="{'H1': None}"
GetData ===>> H2,-0.199408367548146,H1,872.042313984548,AX,217.555648331817,L1,2.77050745447911,L2,0.7863968040...
GetData ===>> H2,-0.198467141267962,H1,871.844626885295,AX,217.803635044512,L1,2.74744431549523,L2,0.8062952954...
GetData ===>> H2,-0.113241605889961,H1,871.726992616555,AX,217.558644722701,L1,2.74867747978279,L2,0.8950813815...
GetData ===>> H2,-0.120001873308707,H1,871.236957780821,AX,217.491981986473,L1,2.70640700550136,L2,0.8713027292...
GetData ===>> H2,-0.186074512944897,H1,870.975826792089,AX,217.135591180308,L1,2.76170678635392,L2,0.8184886956...
testing H1>-5.0
evaluate ot="H1.bs>-5.0" t="H1>-5.0", ctx="{'H1': None}"
21:23:00 -- collecting point 75
GetData ===>> H2,-0.165399857758869,H1,870.114547341471,AX,217.011095499866,L1,2.79021670840955,L2,0.9182818278...
GetData ===>> H2,-0.109498454151098,H1,870.197353665701,AX,216.980535227871,L1,2.78589777771477,L2,0.7833631614...
GetData ===>> H2,-0.130582078626464,H1,870.158436925268,AX,217.306681408237,L1,2.78014583348328,L2,0.9052723982...
GetData ===>> H2,-0.135876521065598,H1,869.815886326548,AX,217.342286023963,L1,2.73005842303178,L2,0.8163836024...
GetData ===>> H2,-0.074952488482212,H1,868.81474818373,AX,217.001112607527,L1,2.74424198290849,L2,0.87277942164...
testing H1>-5.0
evaluate ot="H1.bs>-5.0" t="H1>-5.0", ctx="{'H1': None}"
GetData ===>> H2,-0.185365068811953,H1,868.386358633569,AX,216.858235217501,L1,2.78032199599774,L2,0.9056388369...
GetData ===>> H2,-0.0832737788748355,H1,868.20462010618,AX,216.968635625552,L1,2.75059230639931,L2,0.8997416337...
GetData ===>> H2,-0.0961435761796428,H1,867.451036599423,AX,216.658656779304,L1,2.75711865864108,L2,0.868807285...
GetData ===>> H2,-0.131378460944266,H1,867.268523642946,AX,216.720648464406,L1,2.7289325157867,L2,0.82166930435...
GetData ===>> H2,-0.17100186943851,H1,866.904952132261,AX,216.791095065674,L1,2.73837427525077,L2,0.83321419705...
testing H1>-5.0
evaluate ot="H1.bs>-5.0" t="H1>-5.0", ctx="{'H1': None}"
GetData ===>> H2,-0.102088719561137,H1,867.010633869074,AX,216.390495206704,L1,2.77385628491011,L2,0.8175505505...
GetData ===>> H2,-0.0795264963781916,H1,867.114124794312,AX,216.317477454694,L1,2.75320730960924,L2,0.933160085...
GetData ===>> H2,-0.0432752258306072,H1,866.870990259044,AX,216.294751962695,L1,2.70857745662308,L2,0.937192158...
GetData ===>> H2,-0.057620075856629,H1,866.295592534602,AX,216.487191139911,L1,2.76238090350448,L2,0.8448405852...
GetData ===>> H2,-0.159360186680016,H1,865.466221963656,AX,216.250106474637,L1,2.76807154204422,L2,0.9195759959...
testing H1>-5.0
evaluate ot="H1.bs>-5.0" t="H1>-5.0", ctx="{'H1': None}"
GetData ===>> H2,-0.176428471066194,H1,865.08874574217,AX,215.94708228901,L1,2.7553728426256,L2,0.8663347987475...
GetData ===>> H2,-0.144351180004511,H1,864.777210519964,AX,215.658084049201,L1,2.77884176885791,L2,0.8907533890...
GetData ===>> H2,-0.0257584409056594,H1,864.564914775479,AX,215.754034390492,L1,2.75885519130336,L2,0.851329545...
GetData ===>> H2,-0.077970862475581,H1,864.232648672618,AX,215.832088209705,L1,2.72380735870636,L2,0.8566286159...
GetData ===>> H2,-0.140991809585598,H1,863.829574548495,AX,215.576467640447,L1,2.73199873719392,L2,0.8221498371...
testing H1>-5.0
evaluate ot="H1.bs>-5.0" t="H1>-5.0", ctx="{'H1': None}"
GetData ===>> H2,-0.0890042124664134,H1,863.678039771811,AX,215.495291442654,L1,2.71699327346194,L2,0.859261092...
GetData ===>> H2,-0.0641637751287,H1,863.490545584847,AX,215.582261383599,L1,2.68213134184253,L2,0.766937365038...
GetData ===>> H2,-0.122183622371436,H1,863.142869842005,AX,215.562240661696,L1,2.71941172016002,L2,0.8816858464...
GetData ===>> H2,-0.0525938161467748,H1,862.651804895033,AX,215.40920653669,L1,2.78515454773679,L2,0.7800663302...
GetData ===>> H2,-0.0738910557454327,H1,862.68873580871,AX,215.412114551021,L1,2.78599478371194,L2,0.9025356033...
testing H1>-5.0
evaluate ot="H1.bs>-5.0" t="H1>-5.0", ctx="{'H1': None}"
21:23:27 -- collecting point 100
GetData ===>> H2,-0.146315531689121,H1,862.201233460991,AX,215.058134140348,L1,2.76500815568234,L2,0.8765800057...
GetData ===>> H2,-0.226692090339938,H1,861.551496604486,AX,215.07793739528,L1,2.76147617643884,L2,1.00679764139...
GetData ===>> H2,-0.148297101559759,H1,861.380071866692,AX,215.126806636365,L1,2.73754698515741,L2,0.8568575240...
GetData ===>> H2,-0.0999606858725923,H1,861.401458271533,AX,215.066484971291,L1,2.75891521756582,L2,0.793460410...
GetData ===>> H2,-0.0641935968900946,H1,860.607494885316,AX,215.11583996025,L1,2.74267114909316,L2,0.8437419686...
testing H1>-5.0
evaluate ot="H1.bs>-5.0" t="H1>-5.0", ctx="{'H1': None}"
GetData ===>> H2,-0.0512395346577077,H1,860.236601632078,AX,215.088657834924,L1,2.7609617556711,L2,0.8396108251...
GetData ===>> H2,-0.168340888165614,H1,859.874167522664,AX,215.103628316765,L1,2.74694235746759,L2,0.8397595889...
GetData ===>> H2,-0.280550781588458,H1,859.808018480052,AX,214.842805761632,L1,2.7243509715759,L2,0.87135996492...
GetData ===>> H2,-0.0990765954176551,H1,859.620522341136,AX,214.54280482665,L1,2.72893387880351,L2,0.8569261966...
GetData ===>> H2,-0.059167527108978,H1,858.990480444506,AX,214.603269093417,L1,2.75364501971011,L2,0.8204336596...
testing H1>-5.0
evaluate ot="H1.bs>-5.0" t="H1>-5.0", ctx="{'H1': None}"
GetData ===>> H2,-0.161723508638806,H1,859.083848591452,AX,214.70978602441,L1,2.78285002146293,L2,0.81447304154...
GetData ===>> H2,-0.198562885627564,H1,858.442205789074,AX,214.568682983477,L1,2.7329182631435,L2,0.83418682323...
GetData ===>> H2,-0.169618830915547,H1,858.192200936713,AX,214.526635688856,L1,2.7639121429301,L2,0.82050230619...
GetData ===>> H2,-0.0793110510661156,H1,857.323900522903,AX,214.467920516933,L1,2.77153356092293,L2,0.864812419...
GetData ===>> H2,-0.0848083722214963,H1,857.223304356036,AX,214.367056652656,L1,2.76011035138629,L2,0.783706587...
testing H1>-5.0
evaluate ot="H1.bs>-5.0" t="H1>-5.0", ctx="{'H1': None}"
GetData ===>> H2,-0.0768839606201857,H1,857.262326414734,AX,214.230020102792,L1,2.73448230819901,L2,0.802585482...
GetData ===>> H2,-0.0517891372461726,H1,857.070234667651,AX,214.026376296916,L1,2.74113461321806,L2,0.790792893...
GetData ===>> H2,-0.0710275401899634,H1,856.192633239583,AX,213.97098839174,L1,2.71478906544893,L2,0.8917265979...
GetData ===>> H2,-0.151870346058975,H1,856.22461823155,AX,213.916735468278,L1,2.7344441582138,L2,0.972686274241...
GetData ===>> H2,-0.0947770127969153,H1,855.988757981119,AX,213.492610303774,L1,2.72386321748381,L2,0.839061545...
testing H1>-5.0
evaluate ot="H1.bs>-5.0" t="H1>-5.0", ctx="{'H1': None}"
GetData ===>> H2,-0.165926302959655,H1,855.855568320359,AX,213.55083776938,L1,2.71867905108135,L2,0.88367788473...
measurement finished
estimated time: 125.829 actual time: :126.376
flush and close file /Users/jan/PychronDev/data/isotopes/ec/c77643-390e-4002-b8e8-961b234b5408.h5
baselines () {'settling_time': 15.0, 'detector': 'H1', 'mass': 34.2, 'ncounts': 60}
%%%%%%%%%%%%%%%%%%%%%%%%%%%%%%%% Baseline
build tables- baseline [Detector(H2), Detector(H1), Detector(AX), Detector(L1), Detector(L2), Detector(CDD)]
add group baseline table H2
add group baseline table H1
add group baseline table AX
add group baseline table L1
add group baseline table L2
add group baseline table CDD
flush and close file /Users/jan/PychronDev/data/isotopes/ec/c77643-390e-4002-b8e8-961b234b5408.h5
detector Detector(H1)
POSITION 34.2 H1
Mapping mass to dac mass func: "parabolic"
H1 map mass coeffs = [-0.00063987  0.15840543  0.57069999]
H1 map mass to dac 34.2 >> 5.23974599104
GetDeflection H1 ===>> 0
GetHighVoltage ===>> 4499.94659342336
positioning 34.2 (5.23971513467) on H1
setting magnet DAC
current  : 5.879055
requested: 5.239715
Delta Dac: 0.639340
Checking detector protection. dv=0.63934
Checking detector "CDD". Protection Threshold: 0.1 (V)
ProtectDetector CDD,On ===>> OK
GetDeflection CDD ===>> 2000
Protected = 2000
SetMagnetDAC 5.23971513467 ===>> OK
Magnet settling time: 0.500
GetMagnetMoving ===>> True
GetMagnetMoving ===>> True
GetMagnetMoving ===>> True
GetMagnetMoving ===>> True
GetMagnetMoving ===>> True
GetMagnetMoving ===>> True
GetMagnetMoving ===>> True
GetMagnetMoving ===>> True
GetMagnetMoving ===>> False
ProtectDetector CDD,Off ===>> OK
GetDeflection CDD ===>> 50
Delaying 15.0s for detectors to settle
Join finished
measuring baseline. ncounts=60
"baseline" increment series count="2" fit count="1" regressing="True"
starting measurement
GetData ===>> H2,-0.119723206840744,H1,-0.126235912048611,AX,-0.169166059614717,L1,-0.0752720734733263,L2,-0.07...
GetData ===>> H2,-0.228536559885672,H1,-0.0497443437894816,AX,-0.0595281929855405,L1,-0.05732309413553,L2,-0.04...
GetData ===>> H2,-0.193871421656622,H1,-0.0536072098449079,AX,-0.0674579517849549,L1,-0.0138415248776985,L2,0.0...
GetData ===>> H2,-0.113007441252601,H1,-0.0684015614314635,AX,-0.171171393863556,L1,-0.030192870694761,L2,-0.02...
testing H1>-5.0
evaluate ot="H1.bs>-5.0" t="H1>-5.0", ctx="{'H1': None}"
GetData ===>> H2,-0.164491344794338,H1,-0.114558752648297,AX,0.016672153836634,L1,-0.0299066070844662,L2,0.0210...
GetData ===>> H2,-0.256548441827546,H1,-0.0517950196454951,AX,-0.0955547020317453,L1,-0.0157509539782675,L2,-0....
GetData ===>> H2,-0.312247063581546,H1,0.00291995958761078,AX,-0.130177653099747,L1,-0.0586347650865372,L2,-0.0...
GetData ===>> H2,-0.187899171643422,H1,0.0283318083800445,AX,-0.141133417837748,L1,-0.0440692967763353,L2,0.044...
GetData ===>> H2,-0.178453080611196,H1,-0.0409211892689719,AX,-0.0592963189693171,L1,-0.0222451305133071,L2,-0....
testing H1>-5.0
evaluate ot="H1.bs>-5.0" t="H1>-5.0", ctx="{'H1': None}"
GetData ===>> H2,-0.0251877184401309,H1,-0.0350903265005307,AX,-0.0712487046637536,L1,-0.052098513140735,L2,0.0...
GetData ===>> H2,0.00800547306977097,H1,-0.0487428356571894,AX,-0.0311890960490404,L1,-0.0421032015044147,L2,0....
GetData ===>> H2,-0.0293913706973565,H1,-0.0691167848878347,AX,-0.101824362789266,L1,-0.025569734710045,L2,0.05...
GetData ===>> H2,-0.0203833543601825,H1,-0.0270887328387424,AX,-0.119008810456447,L1,-0.0197419636923714,L2,-0....
GetData ===>> H2,-0.139164413195258,H1,0.0194548238766192,AX,0.017229088264314,L1,-0.0354549029951015,L2,-0.063...
testing H1>-5.0
evaluate ot="H1.bs>-5.0" t="H1>-5.0", ctx="{'H1': None}"
GetData ===>> H2,-0.200183674217323,H1,-0.0685684473618718,AX,-0.0881256161139811,L1,-0.0161143836551054,L2,0.0...
GetData ===>> H2,-0.156020985644729,H1,-0.0158544175099749,AX,-0.0540326301721865,L1,0.0328662553355303,L2,-0.0...
GetData ===>> H2,-0.193477862456492,H1,0.0219126198203192,AX,-0.0433884423354629,L1,-0.00899357896378183,L2,-0....
GetData ===>> H2,-0.266126193882941,H1,0.0147541589252011,AX,-0.0158333725324735,L1,-0.0163602609754234,L2,-0.0...
GetData ===>> H2,-0.109664993089608,H1,-0.000229228737524778,AX,-0.132123959199789,L1,-0.0351505332679907,L2,-0...
testing H1>-5.0
evaluate ot="H1.bs>-5.0" t="H1>-5.0", ctx="{'H1': None}"
GetData ===>> H2,-0.126203813492191,H1,0.0366129309467446,AX,-0.143475577282875,L1,-0.0525734348890742,L2,-0.01...
GetData ===>> H2,-0.212876312145442,H1,-0.0535356766433679,AX,-0.181568331022395,L1,-0.0305390112044317,L2,-0.0...
GetData ===>> H2,-0.149697634294027,H1,0.0338325929548635,AX,-0.0262370239079391,L1,-0.0292298427118153,L2,-0.0...
GetData ===>> H2,-0.30513283170677,H1,0.0441309696738613,AX,-0.0861668390574175,L1,-0.0504319224025526,L2,-0.00...
GetData ===>> H2,-0.250797986991742,H1,-0.0499231834727219,AX,-0.105045953683921,L1,-0.055119436353183,L2,0.040...
testing H1>-5.0
evaluate ot="H1.bs>-5.0" t="H1>-5.0", ctx="{'H1': None}"
21:24:32 -- collecting point 25
GetData ===>> H2,-0.33446671189872,H1,-0.0621431381186753,AX,-0.093005001689382,L1,-0.0594101979747368,L2,0.075...
GetData ===>> H2,-0.284641742183739,H1,0.0461716775986833,AX,-0.11079356313453,L1,-0.00267839789925909,L2,-0.10...
GetData ===>> H2,-0.134905653590446,H1,0.000641559639302969,AX,-0.117189697015268,L1,0.0318556561778095,L2,0.01...
GetData ===>> H2,-0.245818257079586,H1,0.00233544366061729,AX,-0.122681693789673,L1,0.00926335067448168,L2,-0.0...
GetData ===>> H2,-0.258055149243228,H1,0.0335939409314758,AX,0.029401221817657,L1,-0.0207886221417224,L2,-0.023...
testing H1>-5.0
evaluate ot="H1.bs>-5.0" t="H1>-5.0", ctx="{'H1': None}"
GetData ===>> H2,-0.236582732839113,H1,-0.0380475345319596,AX,0.0296100991643356,L1,-0.0076924839227972,L2,0.01...
GetData ===>> H2,-0.221217493882314,H1,-0.0456070965692888,AX,-0.086479782417433,L1,0.0173167567079101,L2,0.057...
GetData ===>> H2,-0.138791328633447,H1,-0.0311551964457422,AX,-0.0833734852176978,L1,0.00317612735709786,L2,-0....
GetData ===>> H2,-0.0973122705946402,H1,-0.0542152399935379,AX,-0.181672642485681,L1,-0.00239043197559096,L2,-0...
GetData ===>> H2,-0.0272503375211671,H1,-0.0585309556606404,AX,-0.134396496321654,L1,-0.0375672625512637,L2,-0....
testing H1>-5.0
evaluate ot="H1.bs>-5.0" t="H1>-5.0", ctx="{'H1': None}"
GetData ===>> H2,-0.159398003711235,H1,-0.0963034058006461,AX,-0.200527998828547,L1,-0.0151835936219941,L2,-0.0...
GetData ===>> H2,-0.279087265936585,H1,-0.0303681518677433,AX,-0.0835357569293548,L1,-0.011227232867768,L2,-0.0...
GetData ===>> H2,-0.251755479003528,H1,-0.0535475988471255,AX,-0.0378107940975276,L1,-0.0296395002155153,L2,-0....
GetData ===>> H2,-0.182842540453378,H1,-0.0833248313525601,AX,-0.146362617013229,L1,-0.0491958585173313,L2,-0.0...
GetData ===>> H2,-0.127469209678921,H1,-0.054990175024394,AX,-0.0497890085630905,L1,-0.00512697532861616,L2,0.0...
testing H1>-5.0
evaluate ot="H1.bs>-5.0" t="H1>-5.0", ctx="{'H1': None}"
GetData ===>> H2,-0.159869355404858,H1,-0.0147213751584772,AX,-0.0617425620074523,L1,0.0125113115535573,L2,0.00...
GetData ===>> H2,-0.244003109162494,H1,-0.0208873558769749,AX,-0.073485991037407,L1,-0.0296838188865332,L2,-0.0...
GetData ===>> H2,-0.18805694427774,H1,0.0113779291863072,AX,-0.0043613908896786,L1,-0.0268074914907806,L2,0.031...
GetData ===>> H2,-0.122943686917529,H1,0.0401809456092696,AX,-0.0954735762318326,L1,-0.0430623496296218,L2,0.02...
GetData ===>> H2,-0.0887182735953759,H1,0.0392978799723888,AX,0.0276141783927133,L1,-0.045315568425963,L2,-0.07...
testing H1>-5.0
evaluate ot="H1.bs>-5.0" t="H1>-5.0", ctx="{'H1': None}"
GetData ===>> H2,-0.147510998714094,H1,0.0033255440734294,AX,-0.0329750274575915,L1,-0.0166169265002272,L2,-0.0...
GetData ===>> H2,-0.141432395139262,H1,-0.0453924796552261,AX,-0.0856220834001326,L1,-0.011011442528115,L2,-0.1...
GetData ===>> H2,-0.220370142230367,H1,0.0854210174394911,AX,-0.158130185612152,L1,-0.0248770995876722,L2,0.088...
GetData ===>> H2,-0.101238636859813,H1,-0.0345179535629068,AX,0.0302599426643425,L1,-0.0463929121303607,L2,0.00...
GetData ===>> H2,-0.120394159171539,H1,-0.00356916870096742,AX,-0.0681535138344273,L1,-0.0267943119208876,L2,-0...
testing H1>-5.0
evaluate ot="H1.bs>-5.0" t="H1>-5.0", ctx="{'H1': None}"
21:24:59 -- collecting point 50
GetData ===>> H2,-0.172464333308599,H1,0.0192162061247504,AX,-0.207665888973089,L1,-0.00223084731296082,L2,0.02...
GetData ===>> H2,-0.188410239123872,H1,-0.115357050152087,AX,-0.0391327604215298,L1,0.0330549277499744,L2,-0.11...
GetData ===>> H2,-0.188963082974661,H1,-0.0458694055059048,AX,-0.0548326364650371,L1,0.0238645903329246,L2,-0.0...
GetData ===>> H2,-0.169571602228405,H1,-0.0581613850863637,AX,-0.0622410779272321,L1,-0.00393935167968001,L2,0....
GetData ===>> H2,-0.35188360235817,H1,-0.0169039610872666,AX,-0.040860566526723,L1,0.0201984809143203,L2,-0.031...
testing H1>-5.0
evaluate ot="H1.bs>-5.0" t="H1>-5.0", ctx="{'H1': None}"
GetData ===>> H2,-0.349657595210242,H1,-0.00938994056480775,AX,0.0104300651136258,L1,0.000795740633300189,L2,0....
GetData ===>> H2,-0.192178480784081,H1,0.0390472816834244,AX,-0.0389820107829283,L1,0.0267561388553947,L2,0.007...
GetData ===>> H2,-0.215519773242514,H1,-0.0292471989051578,AX,-0.11526626618766,L1,0.0168603690946449,L2,0.0423...
GetData ===>> H2,-0.248706552760867,H1,0.00925442252410771,AX,-0.20370303414255,L1,0.0172110651060518,L2,-0.042...
GetData ===>> H2,-0.227726107431497,H1,-0.0147094483286423,AX,-0.0385413566542282,L1,0.0237648391335984,L2,-0.1...
testing H1>-5.0
evaluate ot="H1.bs>-5.0" t="H1>-5.0", ctx="{'H1': None}"
GetData ===>> H2,-0.262674831722006,H1,0.0296324004440464,AX,-0.0909767832464803,L1,0.00838852469634245,L2,0.02...
measurement finished
estimated time: 62.915 actual time: :63.214
flush and close file /Users/jan/PychronDev/data/isotopes/ec/c77643-390e-4002-b8e8-961b234b5408.h5
activate_detectors ('H1', 'AX', 'CDD') {'peak_center': True}
peak_center () {'detector': 'H1', 'integration_time': 0.262144, 'isotope': 'Ar40'}
peak center: mean=856.977575046 threshold=3
peak center started
setup peak center. detector=['H1', 'AX', 'CDD'], isotope=Ar40
VersionedUnpickler [<apptools.sweet_pickle.versioned_unpickler.VersionedUnpickler object at 0x1899c3bf0>] using Updater [<apptools.sweet_pickle.updater.Updater object at 0x135230b30>]
VersionedUnpickler [<apptools.sweet_pickle.versioned_unpickler.VersionedUnpickler object at 0x1899c3bf0>] using Updater [<apptools.sweet_pickle.updater.Updater object at 0x135230b30>]
VersionedUnpickler [<apptools.sweet_pickle.versioned_unpickler.VersionedUnpickler object at 0x17133add0>] using Updater [<apptools.sweet_pickle.updater.Updater object at 0x135230b30>]
setting integration time = 0.524288
SetIntegrationTime 0.524288 ===>> OK
Mapping mass to dac mass func: "parabolic"
H1 map mass coeffs = [-0.00063987  0.15840543  0.57069999]
H1 map mass to dac 39.9624 >> 5.87909
GetDeflection H1 ===>> 0
GetHighVoltage ===>> 4499.94659342336
do peak center. <pychron.spectrometer.jobs.peak_center.PeakCenter object at 0x1352309b0>
doing pc
starting peak center. center dac= 5.87905537859 step_width=0.001
width = 0.001
get scan parameters. half-width=0.015,window=0.015, i=0, scalar=1
Scan parameters center=5.87906 width=0.03000 (5.86406 - 5.89406)
GetData ===>> H2,-0.190432707268323,H1,-0.0284362889359844,AX,-0.019324576844731,L1,-0.0100175484051595,L2,-0.0...
Moving to starting dac 5.86405537859
setting magnet DAC
current  : 5.239715
requested: 5.864055
Delta Dac: 0.624340
Checking detector protection. dv=0.62434
Checking detector "CDD". Protection Threshold: 0.1 (V)
ProtectDetector CDD,On ===>> OK
GetDeflection CDD ===>> 2000
Protected = 2000
SetMagnetDAC 5.86405537859 ===>> OK
Magnet settling time: 0.500
GetMagnetMoving ===>> True
GetMagnetMoving ===>> True
GetMagnetMoving ===>> True
GetMagnetMoving ===>> True
GetMagnetMoving ===>> True
GetMagnetMoving ===>> True
GetMagnetMoving ===>> True
GetMagnetMoving ===>> True
GetMagnetMoving ===>> False
ProtectDetector CDD,Off ===>> OK
GetDeflection CDD ===>> 50
Wait until signal near baseline. tol= -0.021327216702. timeout= 10
GetData ===>> H2,3.01078691164774,H1,1.34624354020356,AX,0.0490724713526726,L1,0.0112488014139854,L2,0.02494031...
GetData ===>> H2,40.9703886605391,H1,21.2531289306978,AX,1.21609491279148,L1,0.00940947357172427,L2,-0.00252783...
GetData ===>> H2,58.2024170633016,H1,34.5801437361392,AX,5.74716446104018,L1,0.0115102194540714,L2,-0.065474374...
GetData ===>> H2,33.0669932589262,H1,16.5405403372144,AX,2.55656595373844,L1,0.0212426727781936,L2,-0.069843807...
GetData ===>> H2,14.1323124718795,H1,8.24117699244773,AX,1.17250551109119,L1,0.00168156769421723,L2,-0.02142753...
GetData ===>> H2,4.89555120424916,H1,4.31820514328056,AX,0.547987159030367,L1,-0.0186104683797302,L2,0.00724226...
GetData ===>> H2,1.41528401378264,H1,2.40995999810056,AX,0.335822076838494,L1,-0.0246007958718504,L2,-0.0655426...
GetData ===>> H2,0.45917210739535,H1,1.48614285855559,AX,0.0727571484369885,L1,0.00776227721660511,L2,-0.045149...
GetData ===>> H2,0.227576422946665,H1,0.955525151524417,AX,0.00381713639053272,L1,0.0100449269737635,L2,-0.1015...
GetData ===>> H2,0.243832636302003,H1,0.877171933358923,AX,0.0327549178269809,L1,0.00691600595028131,L2,-0.0646...
GetData ===>> H2,0.279183873662269,H1,0.770627113206657,AX,0.0683772007909039,L1,0.0232786540671914,L2,0.091411...
GetData ===>> H2,0.271864559175935,H1,0.725611295679518,AX,-0.0117040788766281,L1,0.0213387003917491,L2,0.01521...
GetData ===>> H2,0.319483995662677,H1,0.692891710464072,AX,-0.0962732418777518,L1,0.0327749247337788,L2,-0.0614...
GetData ===>> H2,0.264872201722033,H1,0.687555144610719,AX,-0.0758507352203718,L1,0.0137601339493712,L2,0.02111...
GetData ===>> H2,0.164064218076433,H1,0.75029566408984,AX,0.112486940082176,L1,-0.00937488186527848,L2,0.001708...
GetData ===>> H2,0.0778036721579717,H1,0.684204979078928,AX,-0.0410692927043362,L1,-0.0247899564234882,L2,0.027...
GetData ===>> H2,-0.018329164121381,H1,0.570246287613618,AX,0.0176467911760474,L1,-0.0257213406723202,L2,0.0427...
GetData ===>> H2,-0.0401461493040484,H1,0.644274824615576,AX,0.0445692032754764,L1,-0.0356034895930124,L2,-0.01...
GetData ===>> H2,0.023434278673476,H1,0.64824559700607,AX,0.0800343224200287,L1,0.00121823921443006,L2,-0.08333...
GetData ===>> H2,0.0463413126018638,H1,0.673676614821184,AX,0.0108941471565811,L1,0.000277243872033341,L2,-0.00...
GetData ===>> H2,0.0278727402875325,H1,0.599626406008169,AX,0.0950307238559136,L1,-0.033635822017748,L2,0.01516...
Peak center failed to move to a baseline position
_do_sweep sm= 5.86405537859, em= 5.89405537859, stm= 0.001
calculated step values: start=5.86405537859, end=5.89405537859, width=0.001, nsteps=31.0
setting magnet DAC
current  : 5.864055
requested: 5.864055
Delta Dac: 0.000000
Checking detector protection. dv=0.00000
Checking detector "CDD". Protection Threshold: 0.1 (V)
SetMagnetDAC 5.86405537859 ===>> OK
GetData ===>> H2,0.0278727402875325,H1,0.599626406008169,AX,0.0950307238559136,L1,-0.033635822017748,L2,0.01516...
setting magnet DAC
current  : 5.864055
requested: 5.865090
Delta Dac: 0.001034
Checking detector protection. dv=0.00103
Checking detector "CDD". Protection Threshold: 0.1 (V)
SetMagnetDAC 5.86508986135 ===>> OK
Magnet settling time: 1.049
GetData ===>> H2,-0.0182368776042779,H1,1.34086851875204,AX,0.253456714192225,L1,-0.0692281370575651,L2,-0.0994...
setting magnet DAC
current  : 5.865090
requested: 5.866124
Delta Dac: 0.001034
Checking detector protection. dv=0.00103
Checking detector "CDD". Protection Threshold: 0.1 (V)
SetMagnetDAC 5.86612434411 ===>> OK
Magnet settling time: 1.049
GetData ===>> H2,-0.130426658180584,H1,3.93011200021329,AX,0.861071114234026,L1,-0.00396094608738645,L2,-0.0583...
setting magnet DAC
current  : 5.866124
requested: 5.867159
Delta Dac: 0.001034
Checking detector protection. dv=0.00103
Checking detector "CDD". Protection Threshold: 0.1 (V)
SetMagnetDAC 5.86715882687 ===>> OK
Magnet settling time: 1.049
GetData ===>> H2,-0.119655568316935,H1,13.9132592945621,AX,2.36176106738167,L1,0.0400406940865535,L2,-0.1101200...
setting magnet DAC
current  : 5.867159
requested: 5.868193
Delta Dac: 0.001034
Checking detector protection. dv=0.00103
Checking detector "CDD". Protection Threshold: 0.1 (V)
SetMagnetDAC 5.86819330962 ===>> OK
Magnet settling time: 1.049
GetData ===>> H2,-0.185609931500899,H1,48.7425066232574,AX,7.92099871397794,L1,0.0923526902267684,L2,-0.0626978...
setting magnet DAC
current  : 5.868193
requested: 5.869228
Delta Dac: 0.001034
Checking detector protection. dv=0.00103
Checking detector "CDD". Protection Threshold: 0.1 (V)
SetMagnetDAC 5.86922779238 ===>> OK
Magnet settling time: 1.049
GetData ===>> H2,-0.090705080315183,H1,138.841873006127,AX,23.7609965406491,L1,0.154465821182358,L2,-0.02730161...
setting magnet DAC
current  : 5.869228
requested: 5.870262
Delta Dac: 0.001034
Checking detector protection. dv=0.00103
Checking detector "CDD". Protection Threshold: 0.1 (V)
SetMagnetDAC 5.87026227514 ===>> OK
Magnet settling time: 1.049
GetData ===>> H2,-0.0909541505955283,H1,299.837009318124,AX,56.0002701093717,L1,0.346079941282886,L2,0.20566125...
setting magnet DAC
current  : 5.870262
requested: 5.871297
Delta Dac: 0.001034
Checking detector protection. dv=0.00103
Checking detector "CDD". Protection Threshold: 0.1 (V)
SetMagnetDAC 5.8712967579 ===>> OK
Magnet settling time: 1.049
GetData ===>> H2,-0.0264174539220229,H1,595.811456252565,AX,126.39551164551,L1,0.972574596687422,L2,0.131721880...
setting magnet DAC
current  : 5.871297
requested: 5.872331
Delta Dac: 0.001034
Checking detector protection. dv=0.00103
Checking detector "CDD". Protection Threshold: 0.1 (V)
SetMagnetDAC 5.87233124066 ===>> OK
Magnet settling time: 1.049
GetData ===>> H2,-0.226712953698482,H1,731.245918886823,AX,168.445540925043,L1,1.45081833993586,L2,0.2897263537...
setting magnet DAC
current  : 5.872331
requested: 5.873366
Delta Dac: 0.001034
Checking detector protection. dv=0.00103
Checking detector "CDD". Protection Threshold: 0.1 (V)
SetMagnetDAC 5.87336572342 ===>> OK
Magnet settling time: 1.049
GetData ===>> H2,-0.255400467258717,H1,791.427304505504,AX,191.331712613111,L1,1.93432992550076,L2,0.4896555793...
setting magnet DAC
current  : 5.873366
requested: 5.874400
Delta Dac: 0.001034
Checking detector protection. dv=0.00103
Checking detector "CDD". Protection Threshold: 0.1 (V)
SetMagnetDAC 5.87440020618 ===>> OK
Magnet settling time: 1.049
GetData ===>> H2,-0.25042007804296,H1,810.782541507047,AX,200.701577149068,L1,2.192883459138,L2,0.7262625423074...
setting magnet DAC
current  : 5.874400
requested: 5.875435
Delta Dac: 0.001034
Checking detector protection. dv=0.00103
Checking detector "CDD". Protection Threshold: 0.1 (V)
SetMagnetDAC 5.87543468894 ===>> OK
Magnet settling time: 1.049
GetData ===>> H2,-0.184798717009382,H1,816.401551557124,AX,203.153744438668,L1,2.31923616737373,L2,0.7994415704...
setting magnet DAC
current  : 5.875435
requested: 5.876469
Delta Dac: 0.001034
Checking detector protection. dv=0.00103
Checking detector "CDD". Protection Threshold: 0.1 (V)
SetMagnetDAC 5.87646917169 ===>> OK
Magnet settling time: 1.049
GetData ===>> H2,-0.190888143383059,H1,817.741626396783,AX,203.961784847707,L1,2.44212115014577,L2,0.7457410118...
setting magnet DAC
current  : 5.876469
requested: 5.877504
Delta Dac: 0.001034
Checking detector protection. dv=0.00103
Checking detector "CDD". Protection Threshold: 0.1 (V)
SetMagnetDAC 5.87750365445 ===>> OK
Magnet settling time: 1.049
GetData ===>> H2,-0.378284162467405,H1,817.67975484982,AX,203.767362802178,L1,2.5486505650638,L2,0.736641422772...
setting magnet DAC
current  : 5.877504
requested: 5.878538
Delta Dac: 0.001034
Checking detector protection. dv=0.00103
Checking detector "CDD". Protection Threshold: 0.1 (V)
SetMagnetDAC 5.87853813721 ===>> OK
Magnet settling time: 1.049
GetData ===>> H2,-0.137438731376394,H1,817.712752072194,AX,203.645290344915,L1,2.58674587514335,L2,0.7869514525...
setting magnet DAC
current  : 5.878538
requested: 5.879573
Delta Dac: 0.001034
Checking detector protection. dv=0.00103
Checking detector "CDD". Protection Threshold: 0.1 (V)
SetMagnetDAC 5.87957261997 ===>> OK
Magnet settling time: 1.049
GetData ===>> H2,-0.17757337963004,H1,817.694554809977,AX,203.817588527423,L1,2.58233552145468,L2,0.79999062390...
setting magnet DAC
current  : 5.879573
requested: 5.880607
Delta Dac: 0.001034
Checking detector protection. dv=0.00103
Checking detector "CDD". Protection Threshold: 0.1 (V)
SetMagnetDAC 5.88060710273 ===>> OK
Magnet settling time: 1.049
GetData ===>> H2,-0.0214637478459478,H1,817.047096499971,AX,203.956606032824,L1,2.58075308182927,L2,0.823946135...
setting magnet DAC
current  : 5.880607
requested: 5.881642
Delta Dac: 0.001034
Checking detector protection. dv=0.00103
Checking detector "CDD". Protection Threshold: 0.1 (V)
SetMagnetDAC 5.88164158549 ===>> OK
Magnet settling time: 1.049
GetData ===>> H2,-0.0479740104845883,H1,816.744950130217,AX,203.680755548459,L1,2.63635451119955,L2,0.733509351...
setting magnet DAC
current  : 5.881642
requested: 5.882676
Delta Dac: 0.001034
Checking detector protection. dv=0.00103
Checking detector "CDD". Protection Threshold: 0.1 (V)
SetMagnetDAC 5.88267606825 ===>> OK
Magnet settling time: 1.049
GetData ===>> H2,-0.0959912377614402,H1,815.712724554752,AX,202.888179158186,L1,2.63329422959643,L2,0.698400569...
setting magnet DAC
current  : 5.882676
requested: 5.883711
Delta Dac: 0.001034
Checking detector protection. dv=0.00103
Checking detector "CDD". Protection Threshold: 0.1 (V)
SetMagnetDAC 5.883710551 ===>> OK
Magnet settling time: 1.049
GetData ===>> H2,-0.211656044691206,H1,812.509407708034,AX,201.105546810839,L1,2.59298010989906,L2,0.8451381293...
setting magnet DAC
current  : 5.883711
requested: 5.884745
Delta Dac: 0.001034
Checking detector protection. dv=0.00103
Checking detector "CDD". Protection Threshold: 0.1 (V)
SetMagnetDAC 5.88474503376 ===>> OK
Magnet settling time: 1.049
GetData ===>> H2,-0.197525836677818,H1,798.774182439138,AX,194.691315862954,L1,2.5008464868751,L2,0.78297142657...
setting magnet DAC
current  : 5.884745
requested: 5.885780
Delta Dac: 0.001034
Checking detector protection. dv=0.00103
Checking detector "CDD". Protection Threshold: 0.1 (V)
SetMagnetDAC 5.88577951652 ===>> OK
Magnet settling time: 1.049
GetData ===>> H2,-0.255325186157821,H1,753.833381393417,AX,175.770122577043,L1,2.31767649140458,L2,0.5466066805...
setting magnet DAC
current  : 5.885780
requested: 5.886814
Delta Dac: 0.001034
Checking detector protection. dv=0.00103
Checking detector "CDD". Protection Threshold: 0.1 (V)
SetMagnetDAC 5.88681399928 ===>> OK
Magnet settling time: 1.049
GetData ===>> H2,-0.238286102951859,H1,641.105487017936,AX,136.363453463859,L1,1.93014254396752,L2,0.4401365327...
setting magnet DAC
current  : 5.886814
requested: 5.887848
Delta Dac: 0.001034
Checking detector protection. dv=0.00103
Checking detector "CDD". Protection Threshold: 0.1 (V)
SetMagnetDAC 5.88784848204 ===>> OK
Magnet settling time: 1.049
GetData ===>> H2,-0.269791436877614,H1,455.366012630086,AX,84.3701225679038,L1,1.39840449648403,L2,0.1503097145...
setting magnet DAC
current  : 5.887848
requested: 5.888883
Delta Dac: 0.001034
Checking detector protection. dv=0.00103
Checking detector "CDD". Protection Threshold: 0.1 (V)
SetMagnetDAC 5.8888829648 ===>> OK
Magnet settling time: 1.049
GetData ===>> H2,-0.183478010927126,H1,164.466458914115,AX,23.4238828663902,L1,0.674739093915652,L2,0.126454082...
setting magnet DAC
current  : 5.888883
requested: 5.889917
Delta Dac: 0.001034
Checking detector protection. dv=0.00103
Checking detector "CDD". Protection Threshold: 0.1 (V)
SetMagnetDAC 5.88991744756 ===>> OK
Magnet settling time: 1.049
GetData ===>> H2,-0.231788421823358,H1,58.8991921249087,AX,6.84415943635937,L1,0.402712640570706,L2,-0.00455460...
setting magnet DAC
current  : 5.889917
requested: 5.890952
Delta Dac: 0.001034
Checking detector protection. dv=0.00103
Checking detector "CDD". Protection Threshold: 0.1 (V)
SetMagnetDAC 5.89095193031 ===>> OK
Magnet settling time: 1.049
GetData ===>> H2,-0.148163274112437,H1,17.360820763437,AX,1.60094200324182,L1,0.237176269251935,L2,0.0201567343...
setting magnet DAC
current  : 5.890952
requested: 5.891986
Delta Dac: 0.001034
Checking detector protection. dv=0.00103
Checking detector "CDD". Protection Threshold: 0.1 (V)
SetMagnetDAC 5.89198641307 ===>> OK
Magnet settling time: 1.049
GetData ===>> H2,-0.197385578287205,H1,4.21547922868435,AX,0.108661605093524,L1,0.101932296749718,L2,-0.0333802...
setting magnet DAC
current  : 5.891986
requested: 5.893021
Delta Dac: 0.001034
Checking detector protection. dv=0.00103
Checking detector "CDD". Protection Threshold: 0.1 (V)
SetMagnetDAC 5.89302089583 ===>> OK
Magnet settling time: 1.049
GetData ===>> H2,-0.2093201986465,H1,0.82043139528134,AX,-0.0879749423557827,L1,0.040213866919455,L2,-0.0873422...
setting magnet DAC
current  : 5.893021
requested: 5.894055
Delta Dac: 0.001034
Checking detector protection. dv=0.00103
Checking detector "CDD". Protection Threshold: 0.1 (V)
SetMagnetDAC 5.89405537859 ===>> OK
Magnet settling time: 1.049
GetData ===>> H2,-0.235213813508918,H1,-0.0238926865420595,AX,-0.150936244006349,L1,0.0688243143626753,L2,-0.00...
result of _do_sweep=True
result of _calculate_peak_center=([5.8713983403759222, 5.8792056791914842, 5.8870130180070461], [609.11063194216854, 817.74113043247871, 605.37204104349394], 5.8764774641406934, 817.74113043247871)
Failed to find a valid peak. No peak greater than 1.0. max = 0.0347916242924
new center pos Detector(H1) (Ar40) @ 5.87920567919
GetHighVoltage ===>> 4499.94659342336
GetDeflection H1 ===>> 0
dac uncorrected for HV and deflection 5.87924030149
update mftable H1 Ar40 5.87924030149 message=automated run peakcenter
get initial guess parabolic
get initial guess parabolic
get initial guess parabolic
get initial guess parabolic
get initial guess parabolic
get initial guess parabolic
dump mftable to /Users/jan/PychronDev/setupfiles/spectrometer/mftables/mftable.csv
add to repo msg=modified - automated run peakcenter
locally archiving mftable
setting magnet DAC
current  : 5.894055
requested: 5.879206
Delta Dac: 0.014850
Checking detector protection. dv=0.01485
Checking detector "CDD". Protection Threshold: 0.1 (V)
SetMagnetDAC 5.87920567919 ===>> OK
Magnet settling time: 0.500
sweep finished
setting integration time = 1.048576
SetIntegrationTime 1.048576 ===>> OK
Failed to find a valid peak. No peak greater than 1.0. max = 0.0347379251258
flush and close file /Users/jan/PychronDev/data/isotopes/ec/c77643-390e-4002-b8e8-961b234b5408.h5
finished measure script
executed snippet estimated_duration=226.132928, duration=273.414107084
jan_unknown120_60.py completed successfully
Measurement Finished
21:25:57 -- ******* Measurement Finished *******
Post Measurement Started jan_pump_ms.py
21:25:57 -- ******* Post Measurement Started jan_pump_ms.py *******
testing...
no interpolation path defined
executed snippet estimated_duration=0, duration=3.00407409668e-05
Pumping spectrometer
open () {'name': 'O'}
opening name=O desc=---
checking ownership. requestor=129.138.12.150
check software interlocks O
interlocks []
actuate state mode=None-script, software_lock=False
doing actuation None-script open_channel True
Open O ===>> OK
GetIndicatorState O ===>> OK
change switch state (True, True)
update switch state O True args=() kw={} ncanvase=2
21:25:57 -- OPEN   VALVE-O (Jan Ion Pump)
---------------------------------------- open O () result=[(True, True)], time=0.14 sec
action=open, ok=True, locked=[False]
executed snippet estimated_duration=0, duration=0.397925138474
jan_pump_ms.py completed successfully
setting _ms_pumptime
Post Measurement Finished
21:25:57 -- ******* Post Measurement Finished *******
$$$$$$$$$$$$$$$$$$$$ state at run end measurement
state changed from measurement to success
post measurement save measured=True aborted=False
Set filtering
setting fod for Ar40= {'filter_outliers': True, 'std_devs': 2, 'iterations': 1}
setting fod for H1= {'filter_outliers': True, 'std_devs': 2, 'iterations': 1}
setting fod for PM41= {'filter_outliers': False, 'std_devs': 2, 'iterations': 1}
setting fod for H2= {'filter_outliers': True, 'std_devs': 2, 'iterations': 1}
setting fod for Ar36= {'filter_outliers': True, 'std_devs': 2, 'iterations': 1}
setting fod for CDD= {'filter_outliers': True, 'std_devs': 10, 'iterations': 1}
setting fod for Ar37= {'filter_outliers': True, 'std_devs': 2, 'iterations': 1}
setting fod for L2= {'filter_outliers': True, 'std_devs': 2, 'iterations': 1}
setting fod for Ar38= {'filter_outliers': True, 'std_devs': 2, 'iterations': 1}
setting fod for L1= {'filter_outliers': True, 'std_devs': 2, 'iterations': 1}
setting fod for Ar39= {'filter_outliers': True, 'std_devs': 2, 'iterations': 1}
setting fod for AX= {'filter_outliers': True, 'std_devs': 2, 'iterations': 1}
persistence save...
persistence save - db
post measurement save
6361705168 connecting to database sqlite:////Users/jan/PychronDev/.appdata/local_lab.db
connected to db sqlite:////Users/jan/PychronDev/.appdata/local_lab.db
create new session 6361705168
close session 6361705168
No database instance. Not saving post measurement to isotopedb database
$$$$$$$$$$$$$$$ auto_save_detector_ic=False
massspec enabled True
create new session 4985539184
MassSpec Database Version: 16.0
close session 4985539184
saving post measurement to secondary database
saving to massspec database 129.138.12.160/massspecdata
setting labnumber to 65579
setting aliquot to 21
setting step to 
setting uuid to ecc77643-390e-4002-b8e8-961b234b5408
setting irradpos to 65579
setting extract_device to Fusions CO2
setting tray to 
setting position to 182
setting power_requested to 5.0
setting extract_value to 5.0
setting duration to 30.0
setting duration_at_request to 30.0
setting first_stage_delay to 30.0
setting cleanup to 30.0
setting comment to O:2 without inclusions
setting irradiation to NM-289
setting level to O
setting irradiation_level to O
setting sample to Bw-2014-12 WO
setting material to Sanidine
setting project to Bustos Wells
setting mass_spectrometer to Jan
no attribute chron_dosages
no attribute production_ratios
no attribute interference_corrections
no attribute production_name
no attribute j
Reference Isotope=Ar40
Reference Detector=H1
%%%%%%%%%%%%%%%%%%%% Comment: O:2 without inclusions %%%%%%%%%%%%%%%%%%%
adding isotope PM41 H2
add baseline dbdet= PM41. original det= H2
get baseline data PM41 H2
Get data baseline <pychron.processing.isotope.Baseline object at 0x167c68d90> len t=60
baseline PM41. v=-0.183911614351, e=0.00934052060134
get signal data PM41 H2
Get data signal PM41 0.04+/-0.07 len t=120
adding isotope Ar40 H1
add baseline dbdet= Ar40. original det= H1
get baseline data Ar40 H1
Get data baseline <pychron.processing.isotope.Baseline object at 0x167c68850> len t=60
baseline Ar40. v=-0.0188963724754, e=0.00503776243793
get signal data Ar40 H1
Get data signal Ar40 900.05+/-0.05 len t=120
adding isotope Ar39 AX
add baseline dbdet= Ar39. original det= AX
get baseline data Ar39 AX
Get data baseline <pychron.processing.isotope.Baseline object at 0x167c68890> len t=60
baseline Ar39. v=-0.0787057122124, e=0.00779612351558
get signal data Ar39 AX
Get data signal Ar39 224.417+/-0.030 len t=120
adding isotope Ar38 L1
add baseline dbdet= Ar38. original det= L1
get baseline data Ar38 L1
Get data baseline <pychron.processing.isotope.Baseline object at 0x167c68e90> len t=60
baseline Ar38. v=-0.0166303984135, e=0.0033778113183
get signal data Ar38 L1
Get data signal Ar38 2.888+/-0.005 len t=120
adding isotope Ar37 L2
add baseline dbdet= Ar37. original det= L2
get baseline data Ar37 L2
Get data baseline <pychron.processing.isotope.Baseline object at 0x167c685d0> len t=60
baseline Ar37. v=-0.0202897043264, e=0.00691611065297
get signal data Ar37 L2
Get data signal Ar37 0.911+/-0.010 len t=120
adding isotope Ar36 CDD
add baseline dbdet= Ar36. original det= CDD
get baseline data Ar36 CDD
Get data baseline <pychron.processing.isotope.Baseline object at 0x167c68b50> len t=60
baseline Ar36. v=0.000215854849366, e=2.41092187253e-05
get signal data Ar36 CDD
Get data signal Ar36 0.0270+/-0.0004 len t=120
65579-21 added analysis time 0.441689968109s
analysis added to mass spec database
mass spec save time= 0.453
persistence save - dvc
================= post measurement started
create new session 4989601072
close session 4989601072
---------------- Experiment Queue saving disabled
DVC saving peakcenter
Failed to find a valid peak. No peak greater than 1.0. max = 0.0347379251258
Smart pull ahead: 0 behind: 0
Up-to-date with origin
add to repo msg=modified - ad8224ebc6dbfeb9f5997218dfa5fe690569839d.json
add to repo msg=modified - 79-21.json
add to repo msg=modified - 79-21.dat.json
add to repo msg=modified - 79-21.blan.json
add to repo msg=modified - 79-21.inte.json
add to repo msg=modified - 79-21.icfa.json
add to repo msg=modified - 79-21.base.json
not at valid file /Users/jan/PychronDev/data/.dvc/repositories/Load1789/655/tags/79-21.tags.json
add to repo msg=modified - 79-21.peak.json
add to repo msg=modified - 79-21.extr.json
not at valid file /Users/jan/PychronDev/data/.dvc/repositories/Load1789/655/monitor/79-21.moni.json
commit message=<COLLECTION>
add to repo msg=modified - 79-21.inte.json
add to repo msg=modified - 79-21.base.json
commit message=<ISOEVO> default collection fits
add to repo msg=modified - 79-21.blan.json
commit message=<BLANKS> preceding bu-FC-J-7743
add to repo msg=modified - 79-21.icfa.json
commit message=<ICFactor> default
push repository <pychron.git_archive.repo_manager.GitRepoManager object at 0x16b5d1170>
pushing to remote=origin, url=https://github.com
no changes to meta repo
create new session 4989601072
add association Load1789
get identifier "65579"
setting analysis irradiation position=<pychron.dvc.dvc_orm.IrradiationPositionTbl object at 0x188f22790>
close session 4989601072
================= post measurement finished
21:26:11 -- ******* Post Run Check *******
loading queue conditionals post_run_actions
loading system conditionals post_run_actions
loading conditionals from /Users/jan/PychronDev/setupfiles/spectrometer/default_conditionals.yaml
loading queue conditionals post_run_terminations
loading system conditionals post_run_terminations
loading conditionals from /Users/jan/PychronDev/setupfiles/spectrometer/default_conditionals.yaml
Checking default post run terminations n=1
GetDeflection CDD ===>> 50
testing CDD==2000
evaluate ot="CDD.deflection==2000" t="CDD==2000", ctx="{'CDD': 50.0}"
21:26:11 -- ******* Post Run Check Passed *******
21:26:11 -- Automated run 65579-21 success duration: 365.863 s
----------------- finish -----------------
----------------- stop -----------------
retroactive repository identifiers disabled
finish run. runs completed=88
update duration runid=65579-21, duration=365.863348007, md5=301e91d8
loading script "jan_unknown400_120.py"
loading script "jan_pump_ms.py"
loading script "jan_sniffair_x2.py"
loading script "jan_pump_extraction_line.py"
testing...
no interpolation path defined
executed snippet estimated_duration=556.052928, duration=0.000191926956177
script duration name:unknown400_120 seconds:556.0
loading script "jan_unknown400_120.py"
loading script "jan_pump_ms.py"
loading script "jan_sniffair_x2.py"
loading script "jan_pump_extraction_line.py"
testing...
no interpolation path defined
executed snippet estimated_duration=0, duration=4.00543212891e-05
loading script "jan_unknown400_120.py"
loading script "jan_pump_ms.py"
loading script "jan_sniffair_x2.py"
loading script "jan_pump_extraction_line.py"
testing...
no interpolation path defined
calculate duration
testing...
no interpolation path defined
executed snippet estimated_duration=0, duration=5.10215759277e-05
calculate duration
testing...
no interpolation path defined
executed snippet estimated_duration=0, duration=9.98973846436e-05
calculate duration
testing...
no interpolation path defined
executed snippet estimated_duration=32.0, duration=9.17911529541e-05
calculate duration
testing...
no interpolation path defined
executed snippet estimated_duration=34.0, duration=0.000100135803223
calculate duration
testing...
no interpolation path defined
executed snippet estimated_duration=4.0, duration=6.48498535156e-05
calculate duration
testing...
no interpolation path defined
executed snippet estimated_duration=36.0, duration=9.20295715332e-05
calculate duration
testing...
no interpolation path defined
executed snippet estimated_duration=34.0, duration=9.67979431152e-05
calculate duration
testing...
no interpolation path defined
executed snippet estimated_duration=4.0, duration=7.91549682617e-05
calculate duration
testing...
no interpolation path defined
executed snippet estimated_duration=36.0, duration=0.000132083892822
calculate duration
testing...
no interpolation path defined
executed snippet estimated_duration=70.0, duration=9.41753387451e-05
executed snippet estimated_duration=250.0, duration=0.0234620571136
script duration name:sniffair_x2 seconds:250.0
loading script "jan_unknown400_120.py"
loading script "jan_pump_ms.py"
loading script "jan_sniffair_x2.py"
loading script "jan_pump_extraction_line.py"
testing...
no interpolation path defined
calculate duration
testing...
no interpolation path defined
executed snippet estimated_duration=4.0, duration=0.000153064727783
executed snippet estimated_duration=4.0, duration=0.00257682800293
Script duration 806.0
Run total estimated duration= 807.000
unknown400_120 in script context. using previous estimated duration
script duration name:unknown400_120 seconds:556.0
pump_ms in script context. using previous estimated duration
sniffair_x2 in script context. using previous estimated duration
script duration name:sniffair_x2 seconds:250.0
pump_extraction_line in script context. using previous estimated duration
Script duration 806.0
Run total estimated duration= 807.000
loading script "jan_ic_peak_hop3.py"
loading script "jan_pump_ms.py"
loading script "jan_air_x1.py"
loading script "jan_pump_extraction_line.py"
testing...
no interpolation path defined
executed snippet estimated_duration=133.8, duration=0.00657796859741
script duration name:ic_peak_hop3 seconds:134.0
loading script "jan_ic_peak_hop3.py"
loading script "jan_pump_ms.py"
loading script "jan_air_x1.py"
loading script "jan_pump_extraction_line.py"
testing...
no interpolation path defined
calculate duration
testing...
no interpolation path defined
executed snippet estimated_duration=0, duration=8.20159912109e-05
calculate duration
testing...
no interpolation path defined
executed snippet estimated_duration=0, duration=9.48905944824e-05
calculate duration
testing...
no interpolation path defined
executed snippet estimated_duration=32.0, duration=8.79764556885e-05
calculate duration
testing...
no interpolation path defined
executed snippet estimated_duration=34.0, duration=9.70363616943e-05
calculate duration
testing...
no interpolation path defined
executed snippet estimated_duration=4.0, duration=6.19888305664e-05
calculate duration
testing...
no interpolation path defined
executed snippet estimated_duration=36.0, duration=9.3936920166e-05
executed snippet estimated_duration=106.0, duration=0.0128490924835
script duration name:air_x1 seconds:106.0
Script duration 240.0
Run total estimated duration= 241.000
loading script "jan_unknown120_60.py"
loading script "jan_pump_ms.py"
loading script "jan_co2.py"
loading script "jan_pump_extraction_line.py"
testing...
no interpolation path defined
executed snippet estimated_duration=213.652928, duration=0.000208854675293
script duration name:unknown120_60 seconds:214.0
loading script "jan_unknown120_60.py"
loading script "jan_pump_ms.py"
loading script "jan_co2.py"
loading script "jan_pump_extraction_line.py"
testing...
no interpolation path defined
calculate duration
testing...
no interpolation path defined
executed snippet estimated_duration=0, duration=4.50611114502e-05
calculate duration
testing...
no interpolation path defined
executed snippet estimated_duration=0, duration=9.20295715332e-05
executed snippet estimated_duration=0.0, duration=0.00338912010193
script duration name:co2 seconds:0.0
Script duration 214.0
Run total estimated duration= 215.000
unknown120_60 in script context. using previous estimated duration
script duration name:unknown120_60 seconds:214.0
co2 in script context. using previous estimated duration
script duration name:co2 seconds:0.0
Script duration 214.0
Run total estimated duration= 215.000
script duration name:unknown120_60 seconds:214.0
script duration name:co2 seconds:0.0
Script duration 214.0
Run total estimated duration= 215.000
script duration name:unknown120_60 seconds:214.0
script duration name:co2 seconds:0.0
Script duration 214.0
Run total estimated duration= 215.000
script duration name:unknown400_120 seconds:556.0
script duration name:co2 seconds:0.0
Script duration 556.0
Run total estimated duration= 557.000
script duration name:unknown120_60 seconds:214.0
script duration name:co2 seconds:0.0
Script duration 214.0
Run total estimated duration= 215.000
script duration name:unknown120_60 seconds:214.0
script duration name:co2 seconds:0.0
Script duration 214.0
Run total estimated duration= 215.000
script duration name:unknown120_60 seconds:214.0
script duration name:co2 seconds:0.0
Script duration 214.0
Run total estimated duration= 215.000
script duration name:unknown120_60 seconds:214.0
script duration name:co2 seconds:0.0
Script duration 214.0
Run total estimated duration= 215.000
script duration name:unknown120_60 seconds:214.0
script duration name:co2 seconds:0.0
Script duration 214.0
Run total estimated duration= 215.000
script duration name:unknown120_60 seconds:214.0
script duration name:co2 seconds:0.0
Script duration 214.0
Run total estimated duration= 215.000
script duration name:unknown400_120 seconds:556.0
loading script "jan_unknown400_120.py"
loading script "jan_pump_ms.py"
loading script "jan_cocktail_x1.py"
loading script "jan_pump_extraction_line.py"
testing...
no interpolation path defined
calculate duration
testing...
no interpolation path defined
executed snippet estimated_duration=0, duration=7.31945037842e-05
calculate duration
testing...
no interpolation path defined
executed snippet estimated_duration=0, duration=0.000101804733276
calculate duration
testing...
no interpolation path defined
executed snippet estimated_duration=32.0, duration=8.60691070557e-05
calculate duration
testing...
no interpolation path defined
executed snippet estimated_duration=34.0, duration=0.0001060962677
calculate duration
testing...
no interpolation path defined
executed snippet estimated_duration=4.0, duration=7.00950622559e-05
calculate duration
testing...
no interpolation path defined
executed snippet estimated_duration=38.0, duration=9.79900360107e-05
executed snippet estimated_duration=108.0, duration=0.0187609195709
script duration name:cocktail_x1 seconds:108.0
Script duration 664.0
Run total estimated duration= 665.000
script duration name:unknown120_60 seconds:214.0
script duration name:co2 seconds:0.0
Script duration 214.0
Run total estimated duration= 215.000
script duration name:unknown400_120 seconds:556.0
cocktail_x1 in script context. using previous estimated duration
script duration name:cocktail_x1 seconds:108.0
Script duration 664.0
Run total estimated duration= 665.000
script duration name:unknown120_60 seconds:214.0
script duration name:co2 seconds:0.0
Script duration 214.0
Run total estimated duration= 215.000
script duration name:unknown120_60 seconds:214.0
script duration name:co2 seconds:0.0
Script duration 214.0
Run total estimated duration= 215.000
script duration name:unknown120_60 seconds:214.0
script duration name:co2 seconds:0.0
Script duration 214.0
Run total estimated duration= 215.000
script duration name:unknown120_60 seconds:214.0
script duration name:co2 seconds:0.0
Script duration 214.0
Run total estimated duration= 215.000
script duration name:unknown120_60 seconds:214.0
script duration name:co2 seconds:0.0
Script duration 214.0
Run total estimated duration= 215.000
script duration name:unknown400_120 seconds:556.0
script duration name:co2 seconds:0.0
Script duration 556.0
Run total estimated duration= 557.000
script duration name:unknown120_60 seconds:214.0
script duration name:co2 seconds:0.0
Script duration 214.0
Run total estimated duration= 215.000
script duration name:unknown120_60 seconds:214.0
script duration name:co2 seconds:0.0
Script duration 214.0
Run total estimated duration= 215.000
script duration name:unknown120_60 seconds:214.0
script duration name:co2 seconds:0.0
Script duration 214.0
Run total estimated duration= 215.000
script duration name:unknown120_60 seconds:214.0
script duration name:co2 seconds:0.0
Script duration 214.0
Run total estimated duration= 215.000
script duration name:unknown400_120 seconds:556.0
script duration name:sniffair_x2 seconds:250.0
Script duration 806.0
Run total estimated duration= 807.000
script duration name:unknown400_120 seconds:556.0
script duration name:sniffair_x2 seconds:250.0
Script duration 806.0
Run total estimated duration= 807.000
ic_peak_hop3 in script context. using previous estimated duration
script duration name:ic_peak_hop3 seconds:134.0
air_x1 in script context. using previous estimated duration
script duration name:air_x1 seconds:106.0
Script duration 240.0
Run total estimated duration= 241.000
script duration name:unknown120_60 seconds:214.0
script duration name:co2 seconds:0.0
Script duration 214.0
Run total estimated duration= 215.000
script duration name:unknown120_60 seconds:214.0
script duration name:co2 seconds:0.0
Script duration 214.0
Run total estimated duration= 215.000
script duration name:unknown120_60 seconds:214.0
script duration name:co2 seconds:0.0
Script duration 214.0
Run total estimated duration= 215.000
script duration name:unknown120_60 seconds:214.0
script duration name:co2 seconds:0.0
Script duration 214.0
Run total estimated duration= 215.000
script duration name:unknown120_60 seconds:214.0
script duration name:co2 seconds:0.0
Script duration 214.0
Run total estimated duration= 215.000
script duration name:unknown400_120 seconds:556.0
script duration name:cocktail_x1 seconds:108.0
Script duration 664.0
Run total estimated duration= 665.000
script duration name:unknown400_120 seconds:556.0
script duration name:cocktail_x1 seconds:108.0
Script duration 664.0
Run total estimated duration= 665.000
script duration name:unknown120_60 seconds:214.0
script duration name:co2 seconds:0.0
Script duration 214.0
Run total estimated duration= 215.000
script duration name:unknown120_60 seconds:214.0
script duration name:co2 seconds:0.0
Script duration 214.0
Run total estimated duration= 215.000
script duration name:unknown120_60 seconds:214.0
script duration name:co2 seconds:0.0
Script duration 214.0
Run total estimated duration= 215.000
script duration name:unknown400_120 seconds:556.0
script duration name:co2 seconds:0.0
Script duration 556.0
Run total estimated duration= 557.000
script duration name:unknown120_60 seconds:214.0
script duration name:co2 seconds:0.0
Script duration 214.0
Run total estimated duration= 215.000
script duration name:unknown120_60 seconds:214.0
script duration name:co2 seconds:0.0
Script duration 214.0
Run total estimated duration= 215.000
script duration name:unknown120_60 seconds:214.0
script duration name:co2 seconds:0.0
Script duration 214.0
Run total estimated duration= 215.000
script duration name:unknown120_60 seconds:214.0
script duration name:co2 seconds:0.0
Script duration 214.0
Run total estimated duration= 215.000
script duration name:unknown120_60 seconds:214.0
script duration name:co2 seconds:0.0
Script duration 214.0
Run total estimated duration= 215.000
script duration name:unknown120_60 seconds:214.0
script duration name:co2 seconds:0.0
Script duration 214.0
Run total estimated duration= 215.000
script duration name:unknown120_60 seconds:214.0
script duration name:co2 seconds:0.0
Script duration 214.0
Run total estimated duration= 215.000
script duration name:unknown120_60 seconds:214.0
script duration name:co2 seconds:0.0
Script duration 214.0
Run total estimated duration= 215.000
script duration name:unknown120_60 seconds:214.0
script duration name:co2 seconds:0.0
Script duration 214.0
Run total estimated duration= 215.000
script duration name:unknown120_60 seconds:214.0
script duration name:co2 seconds:0.0
Script duration 214.0
Run total estimated duration= 215.000
script duration name:unknown120_60 seconds:214.0
script duration name:co2 seconds:0.0
Script duration 214.0
Run total estimated duration= 215.000
script duration name:unknown120_60 seconds:214.0
script duration name:co2 seconds:0.0
Script duration 214.0
Run total estimated duration= 215.000
script duration name:unknown400_120 seconds:556.0
script duration name:co2 seconds:0.0
Script duration 556.0
Run total estimated duration= 557.000
script duration name:unknown400_120 seconds:556.0
script duration name:sniffair_x2 seconds:250.0
Script duration 806.0
Run total estimated duration= 807.000
script duration name:unknown400_120 seconds:556.0
script duration name:cocktail_x1 seconds:108.0
Script duration 664.0
Run total estimated duration= 665.000
script duration name:unknown400_120 seconds:556.0
script duration name:sniffair_x2 seconds:250.0
Script duration 806.0
Run total estimated duration= 807.000
script duration name:unknown400_120 seconds:556.0
script duration name:cocktail_x1 seconds:108.0
Script duration 664.0
Run total estimated duration= 665.000
script duration name:ic_peak_hop3 seconds:134.0
script duration name:air_x1 seconds:106.0
Script duration 240.0
Run total estimated duration= 241.000
script duration name:unknown120_60 seconds:214.0
script duration name:co2 seconds:0.0
Script duration 214.0
Run total estimated duration= 215.000
script duration name:unknown120_60 seconds:214.0
script duration name:co2 seconds:0.0
Script duration 214.0
Run total estimated duration= 215.000
script duration name:unknown120_60 seconds:214.0
script duration name:co2 seconds:0.0
Script duration 214.0
Run total estimated duration= 215.000
script duration name:unknown120_60 seconds:214.0
script duration name:co2 seconds:0.0
Script duration 214.0
Run total estimated duration= 215.000
script duration name:unknown120_60 seconds:214.0
script duration name:co2 seconds:0.0
Script duration 214.0
Run total estimated duration= 215.000
script duration name:unknown120_60 seconds:214.0
script duration name:co2 seconds:0.0
Script duration 214.0
Run total estimated duration= 215.000
script duration name:unknown120_60 seconds:214.0
script duration name:co2 seconds:0.0
Script duration 214.0
Run total estimated duration= 215.000
script duration name:unknown120_60 seconds:214.0
script duration name:co2 seconds:0.0
Script duration 214.0
Run total estimated duration= 215.000
script duration name:unknown120_60 seconds:214.0
script duration name:co2 seconds:0.0
Script duration 214.0
Run total estimated duration= 215.000
script duration name:unknown120_60 seconds:214.0
script duration name:co2 seconds:0.0
Script duration 214.0
Run total estimated duration= 215.000
script duration name:unknown120_60 seconds:214.0
script duration name:co2 seconds:0.0
Script duration 214.0
Run total estimated duration= 215.000
script duration name:unknown120_60 seconds:214.0
script duration name:co2 seconds:0.0
Script duration 214.0
Run total estimated duration= 215.000
script duration name:unknown400_120 seconds:556.0
script duration name:co2 seconds:0.0
Script duration 556.0
Run total estimated duration= 557.000
script duration name:unknown120_60 seconds:214.0
script duration name:co2 seconds:0.0
Script duration 214.0
Run total estimated duration= 215.000
script duration name:unknown120_60 seconds:214.0
script duration name:co2 seconds:0.0
Script duration 214.0
Run total estimated duration= 215.000
script duration name:unknown120_60 seconds:214.0
script duration name:co2 seconds:0.0
Script duration 214.0
Run total estimated duration= 215.000
script duration name:unknown400_120 seconds:556.0
script duration name:cocktail_x1 seconds:108.0
Script duration 664.0
Run total estimated duration= 665.000
script duration name:unknown400_120 seconds:556.0
script duration name:cocktail_x1 seconds:108.0
Script duration 664.0
Run total estimated duration= 665.000
script duration name:unknown120_60 seconds:214.0
script duration name:co2 seconds:0.0
Script duration 214.0
Run total estimated duration= 215.000
script duration name:unknown120_60 seconds:214.0
script duration name:co2 seconds:0.0
Script duration 214.0
Run total estimated duration= 215.000
script duration name:unknown400_120 seconds:556.0
script duration name:co2 seconds:0.0
Script duration 556.0
Run total estimated duration= 557.000
nruns=80 before=5.0, run_dur=26482.0, btw=3555.0
write rem/ex queues
/Users/jan/PychronDev/experiments/rem/CurrentExperiment.rem.txt
/Users/jan/PychronDev/experiments/rem/CurrentExperiment.ex.txt
doing event level: 3
