do run
loading script "jan_unknown120_60.py"
loading script "jan_pump_ms.py"
loading script "jan_co2.py"
loading script "jan_pump_extraction_line.py"
testing...
no interpolation path defined
executed snippet estimated_duration=213.652928, duration=0.000241994857788
script duration name:unknown120_60 seconds:214.0
loading script "jan_unknown120_60.py"
loading script "jan_pump_ms.py"
loading script "jan_co2.py"
loading script "jan_pump_extraction_line.py"
testing...
no interpolation path defined
executed snippet estimated_duration=0, duration=2.90870666504e-05
loading script "jan_unknown120_60.py"
loading script "jan_pump_ms.py"
loading script "jan_co2.py"
loading script "jan_pump_extraction_line.py"
testing...
no interpolation path defined
calculate duration
testing...
no interpolation path defined
executed snippet estimated_duration=0, duration=6.19888305664e-05
calculate duration
testing...
no interpolation path defined
executed snippet estimated_duration=0, duration=9.70363616943e-05
executed snippet estimated_duration=0.0, duration=0.0032160282135
script duration name:co2 seconds:0.0
loading script "jan_unknown120_60.py"
loading script "jan_pump_ms.py"
loading script "jan_co2.py"
loading script "jan_pump_extraction_line.py"
testing...
no interpolation path defined
calculate duration
testing...
no interpolation path defined
executed snippet estimated_duration=4.0, duration=0.00019383430481
executed snippet estimated_duration=4.0, duration=0.00154900550842
Script duration 214.0
Run total estimated duration= 215.000
run duration: 0:03:35
doing event level: 2
22:47:35 -- Setting default integration. t=1.048576
setting integration time = 1.048576
SetIntegrationTime 1.048576 ===>> OK
----------------- start -----------------
**************** Experiment Type: Ar/Ar, Ar/Ar
create new session 4436069840
close session 4436069840
$$$$$ Clearing conditionals
adding conditionals 
Add queue conditionals
add default conditionals
adding default conditionals from /Users/jan/PychronDev/setupfiles/spectrometer/default_conditionals.yaml
Start automated run 65579-26
loading script "jan_unknown120_60.py"
loading script "jan_pump_ms.py"
loading script "jan_co2.py"
loading script "jan_pump_extraction_line.py"
%%%%%%%%%%%%%%%%%% setting automated run 65579-26
No value "sensitivity_multiplier" in metadata
$$$$$$$$$$$$$$$ auto_save_detector_ic=False
============================= Pre Extraction Check =============================
loading queue conditionals pre_run_terminations
loading system conditionals pre_run_terminations
loading conditionals from /Users/jan/PychronDev/setupfiles/spectrometer/default_conditionals.yaml
22:47:35 -- ******* Pre Extraction Check *******
Get a measurement from the spectrometer
GetData ===>> H2,-0.247244336122915,H1,0.0181305025350077,AX,-0.111233890177344,L1,-0.0294933669974759,L2,0.021...
Pre Extraction Termination data. keys=H2,H1,AX,L1,L2,CDD, signals=-0.24724,0.01813,-0.11123,-0.02949,0.02160,0.00506
22:47:35 -- testing system defined conditionals
Checking default pre extraction terminations n=2
testing CDD
evaluate ot="CDD.inactive" t="CDD", ctx="{'CDD': False}"
GetDeflection CDD ===>> 50
testing CDD==2000
evaluate ot="CDD.deflection==2000" t="CDD==2000", ctx="{'CDD': 50.0}"
22:47:35 -- ******* Pre Extraction Check Passed *******
=================================================================================
22:47:35 -- stopping status monitor
stop 4982387056
Alive clients [4989850544]
22:47:35 -- starting status monitor
start 4982387056
Monitor already running
start extraction
do extraction
Analysis started at 22:47:35.499049
Extraction Started jan_co2.py
22:47:35 -- ******* Extraction Started jan_co2.py *******
state changed from not run to extraction
DO EXTRACTION <pychron.extraction_line.pyscript_runner.RemotePyScriptRunner object at 0x12c299590>
testing...
no interpolation path defined
calculate duration
testing...
no interpolation path defined
executed snippet estimated_duration=0, duration=4.81605529785e-05
calculate duration
testing...
no interpolation path defined
executed snippet estimated_duration=0, duration=9.48905944824e-05
executed snippet estimated_duration=100.0, duration=0.00320196151733
Jan CO2 laser analysis
doing GOSUB
testing...
no interpolation path defined
executed snippet estimated_duration=0, duration=4.19616699219e-05
Waiting for CO2 access
wait ('FelixCO2Flag', 0) {}
waiting for FelixCO2Flag = 0
Read FelixCO2Flag ===>> 0
finished waiting
CO2 free
wait ('CO2PumpTimeFlag', 0) {}
waiting for CO2PumpTimeFlag = 0
Read CO2PumpTimeFlag ===>> 0
finished waiting
acquire ('JanCO2Flag',) {'clear': True}
acquire JanCO2Flag
Set JanCO2Flag 1 ===>> OK
JanCO2Flag acquired
set extraction state False (0.75, 'red', 1.5)
CO2 acquired
executed snippet estimated_duration=0, duration=0.0183279514313
WaitForCO2Access.py completed successfully
gosub finished
doing GOSUB
testing...
no interpolation path defined
executed snippet estimated_duration=0, duration=9.70363616943e-05
Prepare for CO2 analysis
close () {'description': 'Jan Inlet'}
closing name=--- desc=Jan Inlet
checking ownership. requestor=129.138.12.150
check software interlocks R
interlocks []
actuate state mode=None-script, software_lock=False
doing actuation None-script close_channel False
Close R ===>> OK
GetIndicatorState R ===>> False
change switch state (True, True)
update switch state R False args=() kw={} ncanvase=2
22:47:35 -- CLOSE  VALVE-R (Jan Inlet)
---------------------------------------- close None (Jan Inlet) result=[(True, True)]
action=close, ok=True, locked=[False]
open () {'description': 'Jan Ion Pump'}
opening name=--- desc=Jan Ion Pump
checking ownership. requestor=129.138.12.150
check software interlocks O
interlocks []
actuate state mode=None-script, software_lock=False
doing actuation None-script open_channel False
Open O ===>> OK
GetIndicatorState O ===>> OK
change switch state (True, True)
update switch state O True args=() kw={} ncanvase=2
22:47:36 -- OPEN   VALVE-O (Jan Ion Pump)
---------------------------------------- open None (Jan Ion Pump) result=[(True, True)], time=0.13 sec
action=open, ok=True, locked=[False]
close () {'description': 'Microbone to Minibone'}
closing name=--- desc=Microbone to Minibone
checking ownership. requestor=129.138.12.150
check software interlocks L
interlocks []
actuate state mode=None-script, software_lock=False
doing actuation None-script close_channel False
Close L ===>> OK
GetIndicatorState L ===>> False
change switch state (True, True)
update switch state L False args=() kw={} ncanvase=2
22:47:37 -- CLOSE  VALVE-L (Microbone to Minibone)
---------------------------------------- close None (Microbone to Minibone) result=[(True, True)]
action=close, ok=True, locked=[False]
open () {'description': 'Microbone to Turbo'}
opening name=--- desc=Microbone to Turbo
checking ownership. requestor=129.138.12.150
check software interlocks U
interlocks []
actuate state mode=None-script, software_lock=False
doing actuation None-script open_channel False
Open U ===>> OK
GetIndicatorState U ===>> OK
change switch state (True, True)
update switch state U True args=() kw={} ncanvase=2
22:47:37 -- OPEN   VALVE-U (Microbone to Turbo)
---------------------------------------- open None (Microbone to Turbo) result=[(True, True)], time=0.15 sec
action=open, ok=True, locked=[False]
open () {'description': 'Microbone to Inlet Pipette'}
opening name=--- desc=Microbone to Inlet Pipette
checking ownership. requestor=129.138.12.150
check software interlocks S
interlocks []
actuate state mode=None-script, software_lock=False
doing actuation None-script open_channel False
Open S ===>> OK
GetIndicatorState S ===>> OK
change switch state (True, True)
update switch state S True args=() kw={} ncanvase=2
22:47:38 -- OPEN   VALVE-S (Microbone to Inlet Pipette)
---------------------------------------- open None (Microbone to Inlet Pipette) result=[(True, True)], time=0.42 sec
action=open, ok=True, locked=[False]
open () {'description': 'Microbone to Getter D-50'}
opening name=--- desc=Microbone to Getter D-50
checking ownership. requestor=129.138.12.150
check software interlocks K
interlocks []
actuate state mode=None-script, software_lock=False
doing actuation None-script open_channel False
Open K ===>> OK
GetIndicatorState K ===>> OK
change switch state (True, True)
update switch state K True args=() kw={} ncanvase=2
22:47:38 -- OPEN   VALVE-K (Microbone to Getter D-50)
---------------------------------------- open None (Microbone to Getter D-50) result=[(True, True)], time=0.43 sec
action=open, ok=True, locked=[False]
open () {'description': 'Microbone to Getter NP-10'}
opening name=--- desc=Microbone to Getter NP-10
checking ownership. requestor=129.138.12.150
check software interlocks M
interlocks []
actuate state mode=None-script, software_lock=False
doing actuation None-script open_channel False
Open M ===>> OK
GetIndicatorState M ===>> OK
change switch state (True, True)
update switch state M True args=() kw={} ncanvase=2
22:47:39 -- OPEN   VALVE-M (Microbone to Getter NP-10)
---------------------------------------- open None (Microbone to Getter NP-10) result=[(True, True)], time=0.18 sec
action=open, ok=True, locked=[False]
close () {'description': 'CO2 Laser to Felix'}
closing name=--- desc=CO2 Laser to Felix
checking ownership. requestor=129.138.12.150
check software interlocks F
interlocks []
actuate state mode=None-script, software_lock=True
VALVE-F(CO2 Laser to Felix) software locked
change switch state (True, False)
---------------------------------------- close None (CO2 Laser to Felix) result=[(True, False)]
action=close, ok=True, locked=[True]
open () {'description': 'CO2 Laser to Jan'}
opening name=--- desc=CO2 Laser to Jan
checking ownership. requestor=129.138.12.150
check software interlocks A
interlocks []
actuate state mode=None-script, software_lock=False
doing actuation None-script open_channel False
Open A ===>> OK
GetIndicatorState A ===>> OK
change switch state (True, True)
update switch state A True args=() kw={} ncanvase=2
22:47:39 -- OPEN   VALVE-A (CO2 Laser to Jan)
---------------------------------------- open None (CO2 Laser to Jan) result=[(True, True)], time=0.13 sec
action=open, ok=True, locked=[False]
open () {'description': 'Microbone to CO2 Laser'}
opening name=--- desc=Microbone to CO2 Laser
checking ownership. requestor=129.138.12.150
check software interlocks T
interlocks []
actuate state mode=None-script, software_lock=False
doing actuation None-script open_channel False
Open T ===>> OK
GetIndicatorState T ===>> OK
change switch state (True, True)
update switch state T True args=() kw={} ncanvase=2
22:47:40 -- OPEN   VALVE-T (Microbone to CO2 Laser)
---------------------------------------- open None (Microbone to CO2 Laser) result=[(True, True)], time=0.43 sec
action=open, ok=True, locked=[False]
executed snippet estimated_duration=0, duration=5.04193496704
PrepareForCO2Analysis.py completed successfully
gosub finished
set_motor ('beam', '1.25') {}
setting motor "beam" to 1.25
set motor beam to 1.25
SetMotor beam,1.25 ===>> OK
GetMotorMoving beam ===>> False
GetMotorMoving beam ===>> False
Block completed
move_to_position ('187',) {'autocenter': True}
FusionsCO2 move to position 187
sending GoToHole 187,True
GoToHole 187,True ===>> OK
GetDriveMoving ===>> OK
GetDriveMoving ===>> OK
GetDriveMoving ===>> OK
GetDriveMoving ===>> OK
GetDriveMoving ===>> OK
GetDriveMoving ===>> OK
GetDriveMoving ===>> False
GetDriveMoving ===>> False
Block completed
GetAutoCorrecting ===>> OK
GetAutoCorrecting ===>> OK
GetAutoCorrecting ===>> OK
GetAutoCorrecting ===>> False
GetAutoCorrecting ===>> False
Block completed
update position
GetPosition ===>> -5.98170,-9.96950,1.00000
got position (-5.9817, -9.9695, 1.0)
move to position succeeded
sleep (5,) {}
SLEEP 5.0
block started
WaitControl setup for 5.0  
Join finished
block finished. duration 5.03614115715
close () {'description': 'Microbone to Turbo'}
closing name=--- desc=Microbone to Turbo
checking ownership. requestor=129.138.12.150
check software interlocks U
interlocks []
actuate state mode=None-script, software_lock=False
doing actuation None-script close_channel True
Close U ===>> OK
GetIndicatorState U ===>> False
change switch state (True, True)
update switch state U False args=() kw={} ncanvase=2
22:47:52 -- CLOSE  VALVE-U (Microbone to Turbo)
---------------------------------------- close None (Microbone to Turbo) result=[(True, True)]
action=close, ok=True, locked=[False]
enable laser
enable () {}
set extraction state FusionsCO2 Enabled (False, 'red', 1.5)
enabling laser
Enable ===>> OK
begin interval
BEGIN INTERVAL Interval 1 waiting for 30.0
block started
WaitControl setup for 30.0  
set extract to 5.0
extract (5.0,) {}
GetPosition ===>> -5.98170,-9.96950,1.00000
set extraction state FusionsCO2 ON! 5.0(watts) (0.75, 'red', 1.5)
extract sample to 5.0 (watts)
set laser output
SetLaserOutput 5.0,watts ===>> OK
executing pattern triangle.lp
execute_pattern ('triangle.lp',) {}
executing pattern triangle.lp
IsPatterning ===>> OK
IsPatterning ===>> OK
IsPatterning ===>> OK
IsPatterning ===>> OK
IsPatterning ===>> OK
IsPatterning ===>> OK
IsPatterning ===>> OK
IsPatterning ===>> OK
IsPatterning ===>> OK
IsPatterning ===>> OK
IsPatterning ===>> OK
IsPatterning ===>> OK
IsPatterning ===>> OK
IsPatterning ===>> OK
IsPatterning ===>> OK
IsPatterning ===>> OK
IsPatterning ===>> OK
IsPatterning ===>> OK
IsPatterning ===>> OK
IsPatterning ===>> OK
IsPatterning ===>> OK
IsPatterning ===>> OK
IsPatterning ===>> OK
IsPatterning ===>> OK
IsPatterning ===>> OK
IsPatterning ===>> OK
IsPatterning ===>> False
IsPatterning ===>> False
Block completed
COMPLETE INTERVAL waiting for Interval 1 to complete
Join finished
block finished. duration 30.1496272087
Interval 1 finished
end_extract () {}
ending extraction. set laser power to 0
set laser power 0
SetLaserPower 0 ===>> OK
disable () {}
%%%%%%%%%%%%%%%%%%%%%%%%%%%%%%%%%%% disable
set extraction state False (0.75, 'red', 1.5)
disabling laser
Disable ===>> OK
sleep (30.0,) {}
SLEEP 30.0
block started
WaitControl setup for 30.0  
Join finished
block finished. duration 30.1230640411
executed snippet estimated_duration=166.5, duration=77.8217060566
jan_co2.py completed successfully
GetAchievedOutput ===>> No Response
Requested Output= 0.000
Achieved Output=  0.000
GetResponseBlob ===>> No Response
GetOutputBlob ===>> No Response
persistence save...
persistence save - db
AutomatedRunPersister post_extraction_save deprecated
persistence save - dvc
no extraction position for 187
create new session 4989601072
close session 4989601072
Extraction Finished
22:48:53 -- ******* Extraction Finished *******
no overlap. not waiting for min ms pumptime
22:48:53 -- Sending spectrometer configuration
======== Sending configuration ========
SetDeflection CDD,50.0 ===>> OK
SetDeflection H2,0.0 ===>> OK
SetDeflection H1,0.0 ===>> OK
SetDeflection L2,825.0 ===>> OK
SetDeflection L1,400.0 ===>> OK
SetDeflection AX,190.0 ===>> OK
SetZFocus 74.64 ===>> OK
SetZSymmetry -50.72 ===>> OK
SetExtractionLens 26.13 ===>> OK
SetIonRepeller -3.81 ===>> OK
SetElectronEnergy 75.08 ===>> OK
SetYSymmetry -2.81 ===>> OK
SetIonCounterVoltage 1590.0 ===>> OK
send trap current 200.0
GetParameter Trap Current Readback ===>> 197.475737044497
SetParameter Trap Current Set,200.0 ===>> OK
updating mftable name mftable
Using mftable located at /Users/jan/PychronDev/setupfiles/spectrometer/mftables/mftable.csv
============ MFtable ===========
Isotope  H2     H1     AX     L1     L2     CDD    
Ar40     5.8069 5.8792 5.9927 6.1468 6.2310 6.3751
Ar39     5.7062 5.7715 5.8851 6.0329 6.1162 6.2616
Ar36     5.3837 5.4405 5.5485 5.6918 5.7711 5.9127
================================
get initial guess parabolic
get initial guess parabolic
get initial guess parabolic
get initial guess parabolic
get initial guess parabolic
get initial guess parabolic
======== Configuration Finished ========
GetYSymmetry ===>> -2.81
GetZSymmetry ===>> -50.72
GetParameter Trap Current Readback ===>> 198.035158395898
GetHighVoltage ===>> 4499.94659342336
start measurement
do measurement
L#=65579 analysis type=unknown
Measurement Started jan_unknown120_60.py
22:48:53 -- ******* Measurement Started jan_unknown120_60.py *******
state changed from extraction to measurement
setting spec, defl, and gains
GetExtractionLens ===>> 26.13
GetYSymmetry ===>> -2.81
GetZSymmetry ===>> -50.72
GetZFocus ===>> 74.64
GetDeflection H2 ===>> 0
GetDeflection H1 ===>> 0
GetDeflection AX ===>> 190
GetDeflection L1 ===>> 400
GetDeflection L2 ===>> 825
GetDeflection CDD ===>> 50
GetGain H2 ===>> 0.0113
GetGain H1 ===>> 0.1
GetGain AX ===>> 0.097049
GetGain L1 ===>> 0.010355
GetGain L2 ===>> 0.095649
GetGain CDD ===>> 0
pre measurement save
New frame /Users/jan/PychronDev/data/isotopes/16/da41fa-d0a6-4294-9b07-7cdce75e1b67.h5
flush and close file /Users/jan/PychronDev/data/isotopes/16/da41fa-d0a6-4294-9b07-7cdce75e1b67.h5
testing...
no interpolation path defined
executed snippet estimated_duration=226.132928, duration=0.000293016433716
unknown measurement script
activate_detectors ('H2', 'H1', 'AX', 'L1', 'L2', 'CDD') {}
activate detectors
*************** Set Analysis View Ar/Ar
create graphs
clearing graphs
clear isotope group
setting isotope det=H2, iso=PM41
setting isotope det=H1, iso=Ar40
setting isotope det=AX, iso=Ar39
setting isotope det=L1, iso=Ar38
setting isotope det=L2, iso=Ar37
setting isotope det=CDD, iso=Ar36
setting previous blanks
 - setting Ar40 blank 0.594+/-0.007
 - setting Ar36 blank 0.00630+/-0.00019
 - setting Ar37 blank 0.050+/-0.005
 - setting Ar38 blank 0.0170+/-0.0021
 - setting PM41 blank 0.03+/-0.06
 - setting Ar39 blank 0.018+/-0.009
load analysis view
position_magnet ('Ar40',) {'detector': 'H1'}
detector Detector(H1)
POSITION Ar40 H1
setting detector H2 to PM41 (40.9624)
setting detector H1 to Ar40 (39.9624)
setting detector AX to Ar39 (38.9624)
setting detector L1 to Ar38 (37.9624)
setting detector L2 to Ar37 (36.9624)
setting detector CDD to Ar36 (35.9624)
Mapping mass to dac mass func: "parabolic"
H1 map mass coeffs = [-0.00063987  0.15840543  0.57081999]
H1 map mass to dac 39.9624 >> 5.87921
GetDeflection H1 ===>> 0
GetHighVoltage ===>> 4499.94659342336
positioning Ar40 (5.87917537788) on H1
setting magnet DAC
current  : 5.879175
requested: 5.879175
Delta Dac: 0.000000
Checking detector protection. dv=0.00000
Checking detector "CDD". Protection Threshold: 0.1 (V)
SetMagnetDAC 5.87917537788 ===>> OK
Magnet settling time: 0.500
equilibrate () {'delay': 3, 'inlet': 'R', 'outlet': 'O', 'eqtime': 12.0}
Equilibration Started
22:48:55 -- ******* Equilibration Started *******
checking ownership. requestor=129.138.12.150
check software interlocks O
interlocks []
actuate state mode=None-script, software_lock=False
doing actuation None-script close_channel True
Close O ===>> OK
GetIndicatorState O ===>> False
change switch state (True, True)
update switch state O False args=() kw={} ncanvase=2
22:48:55 -- CLOSE  VALVE-O (Jan Ion Pump)
waiting 3s before opening inlet value ('R',)
update labels <pychron.experiment.plot_panel.PlotPanel object at 0x1711d8dd0>
update labels "<pychron.graph.stacked_regression_graph.StackedRegressionGraph object at 0x169a66cb0>"
setting label 0 H2 PM41
setting label 1 H1 Ar40
setting label 2 AX Ar39
setting label 3 L1 Ar38
setting label 4 L2 Ar37
setting label 5 CDD Ar36
update labels "<pychron.graph.stacked_graph.StackedGraph object at 0x18ee550b0>"
setting label 0 H2 PM41
setting label 1 H1 Ar40
setting label 2 AX Ar39
setting label 3 L1 Ar38
setting label 4 L2 Ar37
setting label 5 CDD Ar36
checking ownership. requestor=129.138.12.150
check software interlocks R
interlocks []
actuate state mode=None-script, software_lock=False
doing actuation None-script open_channel True
Open R ===>> OK
GetIndicatorState R ===>> OK
change switch state (True, True)
update switch state R True args=() kw={} ncanvase=2
22:48:58 -- OPEN   VALVE-R (Jan Inlet)
equilibrating for 12.0sec
set_time_zero () {}
sniff (12.0,) {}
py_sniff
build tables- sniff [Detector(H2), Detector(H1), Detector(AX), Detector(L1), Detector(L2), Detector(CDD)]
add group /sniff/PM41 (Group) '' table H2
add group /sniff/Ar40 (Group) '' table H1
add group /sniff/Ar39 (Group) '' table AX
add group /sniff/Ar38 (Group) '' table L1
add group /sniff/Ar37 (Group) '' table L2
add group /sniff/Ar36 (Group) '' table CDD
flush and close file /Users/jan/PychronDev/data/isotopes/16/da41fa-d0a6-4294-9b07-7cdce75e1b67.h5
measuring sniff. ncounts=12.0
"sniff" increment series count="1" fit count="0" regressing="False"
starting measurement
GetData ===>> H2,-0.216574022646105,H1,-0.0222707732650871,AX,-0.0738105671711242,L1,-0.0150168579639869,L2,0.0...
GetData ===>> H2,0.341657444800253,H1,123.662026050938,AX,33.6445671454604,L1,0.151986144966159,L2,0.3295250441...
GetData ===>> H2,0.772893196937446,H1,397.139507621645,AX,103.379280620192,L1,0.778310763045625,L2,0.6345119331...
GetData ===>> H2,0.267055310887645,H1,497.177771619864,AX,125.618187242947,L1,1.1914678073122,L2,0.716098161787...
GetData ===>> H2,0.00566194253426058,H1,530.861849813685,AX,132.250756057006,L1,1.42802865190629,L2,0.549978642...
GetData ===>> H2,0.00628756234938861,H1,543.620257265255,AX,134.659396104714,L1,1.55111509492749,L2,0.583224532...
GetData ===>> H2,0.0125048220255354,H1,549.152032327131,AX,135.522911913357,L1,1.63992788581784,L2,0.5867235662...
GetData ===>> H2,-0.0504225454924638,H1,551.046907874092,AX,136.103184546504,L1,1.71832515162262,L2,0.593904989...
GetData ===>> H2,-0.0746976452124159,H1,552.091691807118,AX,136.129365304671,L1,1.7103289242574,L2,0.6070342048...
GetData ===>> H2,-0.00523087746347588,H1,552.363559681898,AX,136.34644851714,L1,1.73811024470406,L2,0.495584503...
GetData ===>> H2,-0.0207921610254354,H1,552.414738999345,AX,136.366922342319,L1,1.75571245438024,L2,0.515944411...
Equilibration Finished
22:49:10 -- ******* Equilibration Finished *******
checking ownership. requestor=129.138.12.150
check software interlocks R
interlocks []
actuate state mode=None-script, software_lock=False
doing actuation None-script close_channel True
GetData ===>> H2,-0.0808082438644485,H1,552.131279400605,AX,136.309550744249,L1,1.72995824615267,L2,0.624865673...
Close R ===>> OK
State checksums do not match. Local:-1449001502 Remote:-598318598
State checksum failed
GetIndicatorState R ===>> False
change switch state (True, True)
update switch state R False args=() kw={} ncanvase=2
22:49:11 -- CLOSE  VALVE-R (Jan Inlet)
Post Equilibration Started jan_pump_extraction_line.py
22:49:11 -- ******* Post Equilibration Started jan_pump_extraction_line.py *******
testing...
no interpolation path defined
calculate duration
testing...
no interpolation path defined
executed snippet estimated_duration=4.0, duration=0.000263929367065
executed snippet estimated_duration=4.0, duration=0.00177502632141
Pump after analysis
doing GOSUB
testing...
no interpolation path defined
executed snippet estimated_duration=4.0, duration=0.000141143798828
Pump Microbone
close () {'description': 'Jan Inlet'}
closing name=--- desc=Jan Inlet
checking ownership. requestor=129.138.12.150
check software interlocks R
interlocks []
actuate state mode=None-script, software_lock=False
doing actuation None-script close_channel False
Close R ===>> OK
measurement finished
estimated time: 12.583 actual time: :12.700
flush and close file /Users/jan/PychronDev/data/isotopes/16/da41fa-d0a6-4294-9b07-7cdce75e1b67.h5
set_fits () {}
using default fits file=/Users/jan/PychronDev/scripts/measurement/fits/nominal_linear.yaml
GetIndicatorState R ===>> False
change switch state (True, True)
set "Ar40" to "('Linear', 'SEM')"
update switch state R False args=() kw={} ncanvase=2
No fit for "PM41". defaulting to linear. check the measurement script "jan_unknown120_60.py"
set "PM41" to "linear"
set "Ar36" to "('Linear', 'SEM')"
set "Ar37" to "('linear', 'SEM')"
set "Ar38" to "('linear', 'SEM')"
set "Ar39" to "('Linear', 'SEM')"
22:49:12 -- CLOSE  VALVE-R (Jan Inlet)
set_baseline_fits () {}
---------------------------------------- close None (Jan Inlet) result=[(True, True)]
using default fits file=/Users/jan/PychronDev/scripts/measurement/fits/nominal_linear.yaml
set "H1" to "('average', 'SEM')"
set "H2" to "('average', 'SEM')"
set "CDD" to "('average', 'SEM')"
set "L2" to "('average', 'SEM')"
set "L1" to "('average', 'SEM')"
set "AX" to "('average', 'SEM')"
multicollect () {'integration_time': 1, 'ncounts': 120}
build tables- signal [Detector(H2), Detector(H1), Detector(AX), Detector(L1), Detector(L2), Detector(CDD)]
add group /signal/PM41 (Group) '' table H2
add group /signal/Ar40 (Group) '' table H1
add group /signal/Ar39 (Group) '' table AX
add group /signal/Ar38 (Group) '' table L1
add group /signal/Ar37 (Group) '' table L2
add group /signal/Ar36 (Group) '' table CDD
flush and close file /Users/jan/PychronDev/data/isotopes/16/da41fa-d0a6-4294-9b07-7cdce75e1b67.h5
measuring signal. ncounts=120
action=close, ok=True, locked=[False]
is_closed ('F',) {}
is F () closed?
is closed True
open () {'description': 'CO2 Laser to Jan'}
opening name=--- desc=CO2 Laser to Jan
checking ownership. requestor=129.138.12.150
check software interlocks A
interlocks []
actuate state mode=None-script, software_lock=False
doing actuation None-script open_channel False
Open A ===>> OK
GetIndicatorState A ===>> OK
change switch state (True, True)
update switch state A True args=() kw={} ncanvase=2
22:49:12 -- OPEN   VALVE-A (CO2 Laser to Jan)
---------------------------------------- open None (CO2 Laser to Jan) result=[(True, True)], time=0.13 sec
starting measurement
GetData ===>> H2,-0.131065991859108,H1,552.042697449999,AX,136.385090544795,L1,1.73810894094121,L2,0.4382477651...
action=open, ok=True, locked=[False]
sleep (1,) {}
SLEEP 1.0
"signal" increment series count="2" fit count="1" regressing="True"
close () {'description': 'CO2 Laser to Roughing'}
closing name=--- desc=CO2 Laser to Roughing
checking ownership. requestor=129.138.12.150
check software interlocks G
interlocks []
actuate state mode=None-script, software_lock=True
VALVE-G(CO2 Laser to Roughing) software locked
change switch state (True, False)
GetData ===>> H2,-0.0594428184815161,H1,552.076046217304,AX,136.18319726221,L1,1.76616797142098,L2,0.5734027627...
---------------------------------------- close None (CO2 Laser to Roughing) result=[(True, False)]
action=close, ok=True, locked=[True]
open () {'description': 'Microbone to Turbo'}
opening name=--- desc=Microbone to Turbo
checking ownership. requestor=129.138.12.150
check software interlocks U
interlocks []
actuate state mode=None-script, software_lock=False
doing actuation None-script open_channel True
Open U ===>> OK
GetIndicatorState U ===>> OK
change switch state (True, True)
update switch state U True args=() kw={} ncanvase=2
22:49:13 -- OPEN   VALVE-U (Microbone to Turbo)
---------------------------------------- open None (Microbone to Turbo) result=[(True, True)], time=0.20 sec
action=open, ok=True, locked=[False]
open () {'description': 'Microbone to Getter NP-10'}
opening name=--- desc=Microbone to Getter NP-10
checking ownership. requestor=129.138.12.150
check software interlocks M
interlocks []
actuate state mode=None-script, software_lock=False
doing actuation None-script open_channel False
Open M ===>> OK
GetIndicatorState M ===>> OK
change switch state (True, True)
update switch state M True args=() kw={} ncanvase=2
22:49:14 -- OPEN   VALVE-M (Microbone to Getter NP-10)
---------------------------------------- open None (Microbone to Getter NP-10) result=[(True, True)], time=0.16 sec
action=open, ok=True, locked=[False]
open () {'description': 'Microbone to Getter D-50'}
opening name=--- desc=Microbone to Getter D-50
checking ownership. requestor=129.138.12.150
check software interlocks K
interlocks []
actuate state mode=None-script, software_lock=False
doing actuation None-script open_channel False
GetData ===>> H2,-0.107876524812183,H1,552.29373199991,AX,136.276316054085,L1,1.78306496298246,L2,0.52176068936...
Open K ===>> OK
GetIndicatorState K ===>> OK
change switch state (True, True)
update switch state K True args=() kw={} ncanvase=2
22:49:15 -- OPEN   VALVE-K (Microbone to Getter D-50)
---------------------------------------- open None (Microbone to Getter D-50) result=[(True, True)], time=0.44 sec
action=open, ok=True, locked=[False]
open () {'description': 'Microbone to CO2 Laser'}
opening name=--- desc=Microbone to CO2 Laser
checking ownership. requestor=129.138.12.150
check software interlocks T
interlocks []
actuate state mode=None-script, software_lock=False
doing actuation None-script open_channel False
Open T ===>> OK
GetIndicatorState T ===>> OK
change switch state (True, True)
update switch state T True args=() kw={} ncanvase=2
22:49:15 -- OPEN   VALVE-T (Microbone to CO2 Laser)
---------------------------------------- open None (Microbone to CO2 Laser) result=[(True, True)], time=0.41 sec
GetData ===>> H2,-0.103015886933069,H1,551.800869673844,AX,136.315427016776,L1,1.82682216786707,L2,0.4534959333...
action=open, ok=True, locked=[False]
open () {'description': 'Microbone to Inlet Pipette'}
opening name=--- desc=Microbone to Inlet Pipette
checking ownership. requestor=129.138.12.150
check software interlocks S
interlocks []
actuate state mode=None-script, software_lock=False
doing actuation None-script open_channel False
Open S ===>> OK
GetIndicatorState S ===>> OK
change switch state (True, True)
update switch state S True args=() kw={} ncanvase=2
22:49:16 -- OPEN   VALVE-S (Microbone to Inlet Pipette)
---------------------------------------- open None (Microbone to Inlet Pipette) result=[(True, True)], time=0.45 sec
action=open, ok=True, locked=[False]
sleep (1,) {}
SLEEP 1.0
testing H1>-5.0
evaluate ot="H1.bs>-5.0" t="H1>-5.0", ctx="{'H1': None}"
GetData ===>> H2,-0.046776593800114,H1,551.082997745996,AX,136.010268741527,L1,1.79696133950034,L2,0.6855823976...
set_resource () {'name': 'CO2PumpTimeFlag', 'value': 30}
Set CO2PumpTimeFlag 30 ===>> OK
release ('JanCO2Flag',) {}
release JanCO2Flag
Set JanCO2Flag 0 ===>> OK
executed snippet estimated_duration=6.0, duration=6.09147906303
PumpMicrobone.py completed successfully
gosub finished
get_resource_value () {'name': 'JanMiniboneFlag'}
Read JanMiniboneFlag ===>> 0
Get Resource Value JanMiniboneFlag=0.0
get resource value 0.0
get_resource_value () {'name': 'JanMiniboneFlag'}
Read JanMiniboneFlag ===>> 0
Get Resource Value JanMiniboneFlag=0.0
executed snippet estimated_duration=4.0, duration=6.10314011574
jan_pump_extraction_line.py completed successfully
Post Equilibration Finished
22:49:17 -- ******* Post Equilibration Finished *******
GetData ===>> H2,-0.00818983511099482,H1,551.19526317041,AX,136.18223124703,L1,1.77795754522198,L2,0.6604267692...
GetData ===>> H2,-0.127674688052156,H1,551.437531811924,AX,136.193409767705,L1,1.75680061501321,L2,0.5935962233...
GetData ===>> H2,-0.20911811316304,H1,551.372311301785,AX,136.087037811191,L1,1.78398936054031,L2,0.51266505462...
GetData ===>> H2,-0.206035188200629,H1,550.430233320421,AX,136.033266158743,L1,1.73338512478484,L2,0.4668800370...
testing H1>-5.0
evaluate ot="H1.bs>-5.0" t="H1>-5.0", ctx="{'H1': None}"
GetData ===>> H2,-0.109934428965355,H1,550.457477898867,AX,135.797173325356,L1,1.72335687973017,L2,0.4944877966...
GetData ===>> H2,-0.0678906754948859,H1,550.319409259211,AX,135.773408356572,L1,1.7410323676612,L2,0.5730483288...
GetData ===>> H2,-0.0394662145963837,H1,549.824269592534,AX,135.919024922581,L1,1.78987573636617,L2,0.514984588...
GetData ===>> H2,-0.108654412689906,H1,549.619717057237,AX,135.763230040981,L1,1.7700972900448,L2,0.56988134863...
GetData ===>> H2,-0.19073200185422,H1,549.990381189653,AX,135.82119772871,L1,1.73351674876111,L2,0.542434755901...
testing H1>-5.0
evaluate ot="H1.bs>-5.0" t="H1>-5.0", ctx="{'H1': None}"
GetData ===>> H2,-0.214161087197798,H1,549.763939456434,AX,135.555605513294,L1,1.73815066142958,L2,0.5396345246...
GetData ===>> H2,-0.230936612097441,H1,549.501039188674,AX,135.541845227941,L1,1.70525245010937,L2,0.6168479794...
GetData ===>> H2,-0.120847300105879,H1,549.203846737141,AX,135.540270649154,L1,1.72972765448081,L2,0.5761353776...
GetData ===>> H2,-0.100089299732794,H1,549.106613658325,AX,135.437581498707,L1,1.77392095241304,L2,0.5761010765...
GetData ===>> H2,-0.0502827557595788,H1,548.938939597931,AX,135.40996726681,L1,1.72736339330566,L2,0.5808118741...
testing H1>-5.0
evaluate ot="H1.bs>-5.0" t="H1>-5.0", ctx="{'H1': None}"
GetData ===>> H2,-0.228726375064971,H1,548.479373374339,AX,135.474191245336,L1,1.75285817763819,L2,0.5547567445...
GetData ===>> H2,-0.325580252077624,H1,548.202251667542,AX,135.331959160302,L1,1.80088901214442,L2,0.6755650938...
GetData ===>> H2,-0.250348798424407,H1,547.727101183564,AX,135.264825101595,L1,1.79011089134398,L2,0.5381601500...
GetData ===>> H2,-0.127078520142362,H1,547.743593143572,AX,135.304976401884,L1,1.76897485663624,L2,0.5923268603...
GetData ===>> H2,-0.11124360678432,H1,547.655975737119,AX,135.414372646489,L1,1.73694343911114,L2,0.48042592130...
testing H1>-5.0
evaluate ot="H1.bs>-5.0" t="H1>-5.0", ctx="{'H1': None}"
22:49:37 -- collecting point 25
GetData ===>> H2,-0.0960311693384652,H1,547.25780723816,AX,135.22464425991,L1,1.73449420408337,L2,0.49615571067...
GetData ===>> H2,-0.0749768880702723,H1,547.176111390316,AX,135.057493741854,L1,1.73179142749847,L2,0.559214996...
GetData ===>> H2,-0.173387045458359,H1,546.712293237461,AX,134.976655673318,L1,1.70998009331739,L2,0.5787994662...
GetData ===>> H2,-0.0960934672432065,H1,546.560736398859,AX,135.172506089834,L1,1.71247291717988,L2,0.560449626...
GetData ===>> H2,-0.131804541285142,H1,546.578225722348,AX,134.924871542818,L1,1.7258877803053,L2,0.60766326286...
testing H1>-5.0
evaluate ot="H1.bs>-5.0" t="H1>-5.0", ctx="{'H1': None}"
GetData ===>> H2,-0.161466943246318,H1,546.510522002391,AX,134.885828110585,L1,1.73041683839171,L2,0.5011710516...
GetData ===>> H2,-0.192430550925942,H1,546.187308555302,AX,134.999173129645,L1,1.73718070122907,L2,0.4886274793...
GetData ===>> H2,-0.114056407053743,H1,545.838458549525,AX,134.811576850536,L1,1.74979339832616,L2,0.4595254006...
GetData ===>> H2,-0.0975749733044265,H1,545.634018915574,AX,134.800926251667,L1,1.77953288575242,L2,0.534868604...
GetData ===>> H2,-0.146377672063439,H1,545.693494309457,AX,134.786669581097,L1,1.74813095156357,L2,0.4984177226...
testing H1>-5.0
evaluate ot="H1.bs>-5.0" t="H1>-5.0", ctx="{'H1': None}"
GetData ===>> H2,-0.0752845894946808,H1,545.640374951177,AX,134.655177585839,L1,1.72572238861247,L2,0.499480201...
GetData ===>> H2,-0.0531230006169684,H1,545.110860770989,AX,134.623479191178,L1,1.72302717982053,L2,0.506232356...
GetData ===>> H2,-0.076748429415283,H1,544.535211946182,AX,134.430859945966,L1,1.67443800494897,L2,0.5899139731...
GetData ===>> H2,-0.186479118966294,H1,544.374363118871,AX,134.307422985358,L1,1.70605130807838,L2,0.6099622190...
GetData ===>> H2,-0.233742532468617,H1,544.497841949564,AX,134.388298539689,L1,1.74148359944739,L2,0.5427890766...
testing H1>-5.0
evaluate ot="H1.bs>-5.0" t="H1>-5.0", ctx="{'H1': None}"
GetData ===>> H2,-0.101916813062411,H1,544.247688796458,AX,134.245483589061,L1,1.72473529967057,L2,0.4613982669...
GetData ===>> H2,-0.111966500700626,H1,543.740702147674,AX,134.377002982901,L1,1.72720970146053,L2,0.5366629401...
GetData ===>> H2,0.00841220553473343,H1,544.120471155049,AX,134.594000548939,L1,1.72701433358953,L2,0.559740855...
GetData ===>> H2,-0.0716824702425219,H1,544.040826852131,AX,134.388828037941,L1,1.69315105955006,L2,0.565685546...
GetData ===>> H2,-0.131224256497082,H1,543.533287231405,AX,134.146135744874,L1,1.71638708206404,L2,0.5887818811...
testing H1>-5.0
evaluate ot="H1.bs>-5.0" t="H1>-5.0", ctx="{'H1': None}"
GetData ===>> H2,-0.268403218877598,H1,543.468760321199,AX,134.14172733812,L1,1.71580234227949,L2,0.59005119735...
GetData ===>> H2,-0.195224513926289,H1,543.095053860527,AX,133.983748036666,L1,1.65925998605924,L2,0.5154987779...
GetData ===>> H2,-0.228291545507005,H1,543.155562407577,AX,133.91588094328,L1,1.68358135743043,L2,0.63195169398...
GetData ===>> H2,-0.187920747518093,H1,542.968226554748,AX,133.9369468965,L1,1.69139647793206,L2,0.593344636582...
GetData ===>> H2,0.00162887784149362,H1,542.67257452611,AX,134.093947793191,L1,1.70635837652288,L2,0.5273259063...
testing H1>-5.0
evaluate ot="H1.bs>-5.0" t="H1>-5.0", ctx="{'H1': None}"
22:50:04 -- collecting point 50
GetData ===>> H2,-0.0567818417767952,H1,542.612053770439,AX,133.831811711565,L1,1.74422421794044,L2,0.560895468...
GetData ===>> H2,-0.150387707824401,H1,542.286036070079,AX,133.724795305438,L1,1.71513168817617,L2,0.5310400397...
GetData ===>> H2,-0.19169184821117,H1,542.154583841119,AX,133.891118197504,L1,1.71861953902711,L2,0.60948183558...
GetData ===>> H2,-0.113655781229066,H1,541.588526745892,AX,133.699225811698,L1,1.71835771621094,L2,0.4223068438...
GetData ===>> H2,-0.0866000492364926,H1,541.259856363607,AX,133.641764590585,L1,1.73959793936114,L2,0.578296370...
testing H1>-5.0
evaluate ot="H1.bs>-5.0" t="H1>-5.0", ctx="{'H1': None}"
GetData ===>> H2,-0.100756714597287,H1,541.243021323102,AX,133.584074141406,L1,1.75190735215794,L2,0.5265830968...
GetData ===>> H2,-0.130237447808124,H1,541.202328752724,AX,133.644621273914,L1,1.77143783504157,L2,0.5182411705...
GetData ===>> H2,-0.237592977722229,H1,541.277178253102,AX,133.669316047123,L1,1.72272746125853,L2,0.5232462392...
GetData ===>> H2,-0.225403475675625,H1,540.815605889248,AX,133.386951844755,L1,1.71205892584476,L2,0.5031475564...
GetData ===>> H2,-0.1330610469671,H1,540.33276808033,AX,133.628440580502,L1,1.73920024481578,L2,0.5711504147773...
testing H1>-5.0
evaluate ot="H1.bs>-5.0" t="H1>-5.0", ctx="{'H1': None}"
GetData ===>> H2,-0.250381076043292,H1,540.342389370842,AX,133.574646839929,L1,1.74234307794212,L2,0.5820582160...
GetData ===>> H2,-0.198928324960218,H1,540.231856594257,AX,133.50476368748,L1,1.75914953179704,L2,0.42151843694...
GetData ===>> H2,-0.137585478668208,H1,539.820878649629,AX,133.284065769516,L1,1.73879083012451,L2,0.5456236901...
GetData ===>> H2,-0.0414963983214511,H1,539.577240800388,AX,133.176522178809,L1,1.7294801321087,L2,0.5206522555...
GetData ===>> H2,-0.200526140592219,H1,539.317243553404,AX,133.390548497848,L1,1.68225072610594,L2,0.4321110536...
testing H1>-5.0
evaluate ot="H1.bs>-5.0" t="H1>-5.0", ctx="{'H1': None}"
GetData ===>> H2,-0.205574294169198,H1,539.167392243627,AX,133.407418635129,L1,1.64849599544508,L2,0.5363200709...
GetData ===>> H2,-0.108962847394765,H1,539.391376003152,AX,133.257603190834,L1,1.66859999554322,L2,0.6459766988...
GetData ===>> H2,-0.221777869615182,H1,539.020960804875,AX,133.178553598715,L1,1.68592643911585,L2,0.5414060900...
GetData ===>> H2,-0.266251213674455,H1,538.614162980731,AX,132.929991004608,L1,1.67002640062079,L2,0.4001653602...
GetData ===>> H2,-0.179940263135089,H1,538.338019369461,AX,133.123873207299,L1,1.67466545560198,L2,0.4822078157...
testing H1>-5.0
evaluate ot="H1.bs>-5.0" t="H1>-5.0", ctx="{'H1': None}"
GetData ===>> H2,-0.187818261747121,H1,538.202596518738,AX,133.012488616477,L1,1.67345027427905,L2,0.5515903681...
GetData ===>> H2,-0.11221286976181,H1,538.101299072224,AX,132.669416621355,L1,1.69274392986748,L2,0.54501789881...
GetData ===>> H2,-0.0258331762556699,H1,537.716152155393,AX,132.92138051354,L1,1.68450054484699,L2,0.5631590079...
GetData ===>> H2,-0.0128225433043535,H1,537.612327570605,AX,132.833134433692,L1,1.67323584456931,L2,0.606691084...
GetData ===>> H2,-0.0318837548498984,H1,537.712721651559,AX,132.79963250721,L1,1.70872283242255,L2,0.6667722264...
testing H1>-5.0
evaluate ot="H1.bs>-5.0" t="H1>-5.0", ctx="{'H1': None}"
22:50:30 -- collecting point 75
GetData ===>> H2,-0.100236865421184,H1,537.658409591158,AX,132.636241284262,L1,1.69954485650517,L2,0.5210864858...
GetData ===>> H2,-0.201480677183901,H1,537.254925910345,AX,132.665144992669,L1,1.6703382080009,L2,0.53326858891...
GetData ===>> H2,-0.194715101763531,H1,536.87944665167,AX,132.574613621832,L1,1.68293097971652,L2,0.45548287501...
GetData ===>> H2,-0.175147381129867,H1,536.562447096009,AX,132.588274735278,L1,1.67884619338588,L2,0.5479211601...
GetData ===>> H2,-0.200809274254459,H1,536.396309234317,AX,132.428838667344,L1,1.69046402411782,L2,0.5685894336...
testing H1>-5.0
evaluate ot="H1.bs>-5.0" t="H1>-5.0", ctx="{'H1': None}"
GetData ===>> H2,-0.213400205555011,H1,536.52376291722,AX,132.463764471003,L1,1.70660950247216,L2,0.47269333982...
GetData ===>> H2,-0.257397921593812,H1,536.054227955636,AX,132.65720669117,L1,1.71277365657059,L2,0.55092738558...
GetData ===>> H2,-0.150395810199557,H1,535.890075685816,AX,132.44437115361,L1,1.70491939303431,L2,0.50144524640...
GetData ===>> H2,-0.0894242991848378,H1,535.492854907325,AX,132.288761211174,L1,1.6958166382157,L2,0.4886274793...
GetData ===>> H2,-0.0583104197132153,H1,535.3767239409,AX,132.061920256739,L1,1.68875798290093,L2,0.57700434260...
testing H1>-5.0
evaluate ot="H1.bs>-5.0" t="H1>-5.0", ctx="{'H1': None}"
GetData ===>> H2,-0.0735412899313948,H1,535.365808299955,AX,132.106289502752,L1,1.70502737527032,L2,0.441036270...
GetData ===>> H2,-0.125780631365454,H1,535.183382178312,AX,132.241095468374,L1,1.69848286782015,L2,0.5938821182...
GetData ===>> H2,-0.217102730787466,H1,534.934838782534,AX,132.060908023133,L1,1.67510737328723,L2,0.5188925003...
GetData ===>> H2,-0.232571801505305,H1,534.671205024036,AX,132.124009417767,L1,1.69249939920981,L2,0.5868493509...
GetData ===>> H2,-0.203593044539352,H1,534.383192690783,AX,132.092426469562,L1,1.67010045406632,L2,0.4466447261...
testing H1>-5.0
evaluate ot="H1.bs>-5.0" t="H1>-5.0", ctx="{'H1': None}"
GetData ===>> H2,-0.180045519106443,H1,534.213674092251,AX,132.270215306361,L1,1.68253296767633,L2,0.5116595600...
GetData ===>> H2,-0.206078311827491,H1,533.998813887514,AX,132.043292269543,L1,1.66674906493792,L2,0.5261945526...
GetData ===>> H2,-0.145011856200678,H1,533.923436304206,AX,132.09351677787,L1,1.66852075628718,L2,0.49790362433...
GetData ===>> H2,-0.128641197599071,H1,533.802732605977,AX,131.874567423843,L1,1.70603829689424,L2,0.5460008829...
GetData ===>> H2,-0.126923051707192,H1,533.558816832977,AX,131.698397659343,L1,1.70911847656402,L2,0.5075919848...
testing H1>-5.0
evaluate ot="H1.bs>-5.0" t="H1>-5.0", ctx="{'H1': None}"
GetData ===>> H2,-0.0217509656693173,H1,533.522426030696,AX,131.74431334254,L1,1.6707149871469,L2,0.57599817334...
GetData ===>> H2,0.0195955401689745,H1,532.634908342004,AX,131.501327215093,L1,1.63885972963217,L2,0.5604839217...
GetData ===>> H2,-0.2021412556325,H1,532.647878822659,AX,131.632140027435,L1,1.69557854395996,L2,0.559123543320...
GetData ===>> H2,-0.190583703724349,H1,532.414309349944,AX,131.635135039644,L1,1.69230299823317,L2,0.5797256259...
GetData ===>> H2,-0.164241592209855,H1,532.118818287255,AX,131.774775344459,L1,1.65842211672554,L2,0.5623473286...
testing H1>-5.0
evaluate ot="H1.bs>-5.0" t="H1>-5.0", ctx="{'H1': None}"
22:50:56 -- collecting point 100
GetData ===>> H2,-0.182761594407588,H1,532.02236772204,AX,131.590954462461,L1,1.68855774859772,L2,0.58219542898...
GetData ===>> H2,-0.234751685923386,H1,532.235276979501,AX,131.467985636789,L1,1.71377618099118,L2,0.4857717040...
GetData ===>> H2,-0.127436765385177,H1,531.904593317472,AX,131.469268643361,L1,1.70885297694028,L2,0.4989546727...
GetData ===>> H2,-0.15827559454456,H1,531.647969170165,AX,131.264681076906,L1,1.66397533862568,L2,0.59987467155...
GetData ===>> H2,-0.126255189161959,H1,531.336411206991,AX,131.184451137655,L1,1.70583662552194,L2,0.5919723564...
testing H1>-5.0
evaluate ot="H1.bs>-5.0" t="H1>-5.0", ctx="{'H1': None}"
GetData ===>> H2,-0.0767430081335036,H1,531.098988898104,AX,131.28638160324,L1,1.69597537060412,L2,0.5815436692...
GetData ===>> H2,-0.11435010011562,H1,530.792923512201,AX,131.288110775731,L1,1.7315125869235,L2,0.538297300248...
GetData ===>> H2,-0.0778028195998436,H1,530.954743924207,AX,131.198625910457,L1,1.69940299174566,L2,0.640981413...
GetData ===>> H2,-0.0508839751483197,H1,530.879540960535,AX,131.141215989918,L1,1.67822470125027,L2,0.571356210...
GetData ===>> H2,-0.226410681288262,H1,530.702319579197,AX,130.911381877777,L1,1.66511141571486,L2,0.4809856153...
testing H1>-5.0
evaluate ot="H1.bs>-5.0" t="H1>-5.0", ctx="{'H1': None}"
GetData ===>> H2,-0.314025589891388,H1,530.333439817815,AX,131.121553326693,L1,1.69741187354584,L2,0.5202751624...
GetData ===>> H2,-0.11518918129772,H1,529.876790494316,AX,130.92950238872,L1,1.67942091008949,L2,0.525908859442...
GetData ===>> H2,-0.156878843565131,H1,529.629697067397,AX,130.963490000295,L1,1.65537255645512,L2,0.5249946467...
GetData ===>> H2,-0.252251675353683,H1,529.368077487529,AX,130.957766703638,L1,1.67502288763964,L2,0.5146760754...
GetData ===>> H2,-0.194778442619548,H1,529.153032365935,AX,130.552748807647,L1,1.66589059957935,L2,0.4870168116...
testing H1>-5.0
evaluate ot="H1.bs>-5.0" t="H1>-5.0", ctx="{'H1': None}"
GetData ===>> H2,-0.178837715506619,H1,529.357503704561,AX,130.65360471807,L1,1.68121026725386,L2,0.43567646952...
GetData ===>> H2,-0.158090541685778,H1,528.830336495985,AX,130.641178465897,L1,1.66441928741746,L2,0.5567114911...
GetData ===>> H2,-0.11731367413308,H1,528.238410752857,AX,130.718252050255,L1,1.68194638162555,L2,0.49517323724...
GetData ===>> H2,-0.127427302448694,H1,528.513953252337,AX,130.662445188287,L1,1.6715803292225,L2,0.57455754026...
GetData ===>> H2,-0.177555548377706,H1,528.612495787715,AX,130.53486190201,L1,1.68854994733557,L2,0.46711987166...
testing H1>-5.0
evaluate ot="H1.bs>-5.0" t="H1>-5.0", ctx="{'H1': None}"
GetData ===>> H2,-0.216118943647871,H1,528.1152953006,AX,130.637223976339,L1,1.70593030466406,L2,0.558769162183...
measurement finished
estimated time: 125.829 actual time: :126.346
flush and close file /Users/jan/PychronDev/data/isotopes/16/da41fa-d0a6-4294-9b07-7cdce75e1b67.h5
baselines () {'settling_time': 15.0, 'detector': 'H1', 'mass': 34.2, 'ncounts': 60}
%%%%%%%%%%%%%%%%%%%%%%%%%%%%%%%% Baseline
build tables- baseline [Detector(H2), Detector(H1), Detector(AX), Detector(L1), Detector(L2), Detector(CDD)]
add group baseline table H2
add group baseline table H1
add group baseline table AX
add group baseline table L1
add group baseline table L2
add group baseline table CDD
flush and close file /Users/jan/PychronDev/data/isotopes/16/da41fa-d0a6-4294-9b07-7cdce75e1b67.h5
detector Detector(H1)
POSITION 34.2 H1
Mapping mass to dac mass func: "parabolic"
H1 map mass coeffs = [-0.00063987  0.15840543  0.57081999]
H1 map mass to dac 34.2 >> 5.23986599104
GetDeflection H1 ===>> 0
GetHighVoltage ===>> 4499.94659342336
positioning 34.2 (5.23983513396) on H1
setting magnet DAC
current  : 5.879175
requested: 5.239835
Delta Dac: 0.639340
Checking detector protection. dv=0.63934
Checking detector "CDD". Protection Threshold: 0.1 (V)
ProtectDetector CDD,On ===>> OK
GetDeflection CDD ===>> 2000
Protected = 2000
SetMagnetDAC 5.23983513396 ===>> OK
Magnet settling time: 0.500
GetMagnetMoving ===>> True
GetMagnetMoving ===>> True
GetMagnetMoving ===>> True
GetMagnetMoving ===>> True
GetMagnetMoving ===>> True
GetMagnetMoving ===>> True
GetMagnetMoving ===>> True
GetMagnetMoving ===>> True
GetMagnetMoving ===>> False
ProtectDetector CDD,Off ===>> OK
GetDeflection CDD ===>> 50
Delaying 15.0s for detectors to settle
Join finished
measuring baseline. ncounts=60
"baseline" increment series count="2" fit count="1" regressing="True"
starting measurement
GetData ===>> H2,-0.0376976514704812,H1,-0.0890098686878947,AX,-0.156252107582208,L1,-0.0617720272783983,L2,-0....
GetData ===>> H2,-0.161942259806798,H1,-0.0437947614950972,AX,-0.126064794857617,L1,-0.0378224409982573,L2,-0.1...
GetData ===>> H2,-0.128664176544575,H1,0.0199559230068537,AX,-0.0122608477895479,L1,-0.00233883721096328,L2,-0....
GetData ===>> H2,-0.218079684732255,H1,-0.0997473912971668,AX,-0.0917417163109424,L1,0.0202969954291241,L2,-0.0...
testing H1>-5.0
evaluate ot="H1.bs>-5.0" t="H1>-5.0", ctx="{'H1': None}"
GetData ===>> H2,-0.23315852782108,H1,-0.00636031876066741,AX,-0.143127735386694,L1,-0.033705224576197,L2,-0.01...
GetData ===>> H2,-0.278121778667793,H1,-0.0538456534807217,AX,-0.141713165526829,L1,-0.0157569512741671,L2,-0.0...
GetData ===>> H2,-0.228403283492551,H1,-0.0102129322244736,AX,-0.117259217899303,L1,-0.0131715349296647,L2,-0.1...
GetData ===>> H2,-0.215616719821039,H1,-0.0343987087888518,AX,0.00559214157069178,L1,-0.032583272856361,L2,0.04...
GetData ===>> H2,-0.108543482371088,H1,-0.0317275886150934,AX,-0.148032191244109,L1,-0.0314719742027359,L2,-0.0...
testing H1>-5.0
evaluate ot="H1.bs>-5.0" t="H1>-5.0", ctx="{'H1': None}"
GetData ===>> H2,-0.160254255571176,H1,0.00144078303547803,AX,-0.164946608594069,L1,0.00706143032157712,L2,-0.0...
GetData ===>> H2,-0.13452566751462,H1,-0.014614033638982,AX,-0.0122840464251122,L1,-0.022803702466305,L2,-0.103...
GetData ===>> H2,-0.198058532992075,H1,-0.000742155332100603,AX,-0.0824693950126095,L1,-0.0218699349420285,L2,0...
GetData ===>> H2,-0.158823981622817,H1,0.0133105979996053,AX,-0.0961689380358605,L1,-0.0391389630057365,L2,-0.1...
GetData ===>> H2,-0.18879723265471,H1,-0.00719526305690261,AX,-0.11163945279561,L1,-0.0251167711169789,L2,-0.04...
testing H1>-5.0
evaluate ot="H1.bs>-5.0" t="H1>-5.0", ctx="{'H1': None}"
GetData ===>> H2,-0.159137333754648,H1,-0.0634902222891085,AX,-0.0870824853118078,L1,-0.000837673784688651,L2,0...
GetData ===>> H2,-0.188686664424626,H1,-0.0434251364966663,AX,-0.0760130194785374,L1,-0.0307977105172504,L2,-0....
GetData ===>> H2,-0.144002586868374,H1,-0.000253085846701873,AX,-0.0189186292889313,L1,-0.00665508489645265,L2,...
GetData ===>> H2,-0.272288154665377,H1,0.116329694042894,AX,-0.139312987634093,L1,-0.0269488712450399,L2,-0.043...
GetData ===>> H2,-0.248795328905155,H1,-0.0273868662816088,AX,-0.206043687221963,L1,-0.0225831541562114,L2,-0.0...
testing H1>-5.0
evaluate ot="H1.bs>-5.0" t="H1>-5.0", ctx="{'H1': None}"
GetData ===>> H2,-0.218923166010138,H1,-0.000587084778324964,AX,-0.032047274972048,L1,-0.0251047876761495,L2,-0...
GetData ===>> H2,-0.207609094061004,H1,-0.042018164336821,AX,-0.0818782545671774,L1,-0.0388610582511166,L2,-0.0...
GetData ===>> H2,-0.289599080749057,H1,-0.0813343960269773,AX,-0.0675275082136734,L1,0.000284445033128882,L2,0....
GetData ===>> H2,-0.200957579535201,H1,-0.100104891650354,AX,-0.0356074769857486,L1,0.0582316631884084,L2,-0.03...
GetData ===>> H2,-0.20648393539545,H1,-0.0265282395618847,AX,-0.125230616482015,L1,0.015558576930136,L2,-0.1180...
testing H1>-5.0
evaluate ot="H1.bs>-5.0" t="H1>-5.0", ctx="{'H1': None}"
22:52:02 -- collecting point 25
GetData ===>> H2,-0.249828309075977,H1,-0.00344988704978884,AX,0.0887389586370814,L1,0.0055233714970814,L2,-0.0...
GetData ===>> H2,-0.215118513284516,H1,0.0782767564470933,AX,-0.0643394541473989,L1,0.017669870778367,L2,0.0088...
GetData ===>> H2,-0.232648508282743,H1,-0.059556208818212,AX,-0.216622272854132,L1,0.00976379969057327,L2,-0.00...
GetData ===>> H2,-0.219130658148034,H1,-0.0112983166751899,AX,-0.118313611883352,L1,-0.0121203159068367,L2,-0.0...
GetData ===>> H2,-0.204601233976804,H1,-0.0244651202470745,AX,-0.139394154037625,L1,-0.00346666248619067,L2,-0....
testing H1>-5.0
evaluate ot="H1.bs>-5.0" t="H1>-5.0", ctx="{'H1': None}"
GetData ===>> H2,-0.3314070446834,H1,-0.0225212174722376,AX,-0.0968642948699948,L1,-0.0282571387414625,L2,0.024...
GetData ===>> H2,-0.155831842879651,H1,0.0465177666934881,AX,-0.104617186949309,L1,-0.0430108621055342,L2,-0.03...
GetData ===>> H2,-0.197432780824314,H1,-0.0511154398602496,AX,-0.0476903185596646,L1,-0.0485951220196796,L2,-0....
GetData ===>> H2,-0.217318341677315,H1,-0.0402892307820533,AX,-0.137434546231209,L1,-0.0227857231655425,L2,-0.0...
GetData ===>> H2,-0.180508363882031,H1,0.0377704334748376,AX,0.0222300380676157,L1,-0.0155818287620833,L2,0.002...
testing H1>-5.0
evaluate ot="H1.bs>-5.0" t="H1>-5.0", ctx="{'H1': None}"
GetData ===>> H2,-0.177110130031517,H1,0.017796442260898,AX,-0.0433072730316666,L1,-0.0168232136716386,L2,-0.08...
GetData ===>> H2,-0.0107171236522514,H1,-0.0516757954555523,AX,0.0115206614239948,L1,0.0065743129595883,L2,-0.0...
GetData ===>> H2,-0.12097444684982,H1,-0.0514254241943622,AX,-0.213633041109115,L1,-0.00297475422978137,L2,-0.0...
GetData ===>> H2,-0.190222387418841,H1,-0.0639670618976183,AX,-0.0948709253149637,L1,-0.0378835391017648,L2,0.0...
GetData ===>> H2,-0.213565853175692,H1,0.0077155048362922,AX,-0.113284860931008,L1,0.000758532800675825,L2,-0.1...
testing H1>-5.0
evaluate ot="H1.bs>-5.0" t="H1>-5.0", ctx="{'H1': None}"
GetData ===>> H2,-0.235343680658293,H1,0.00929021158906376,AX,-0.0822723485965281,L1,0.00686226126298419,L2,0.0...
GetData ===>> H2,-0.175541578083763,H1,0.0148973231268502,AX,-0.0885892262140491,L1,-0.0165281737415396,L2,0.02...
GetData ===>> H2,-0.211621024034444,H1,-0.00750538345026792,AX,-0.140530476575528,L1,0.00716941519236419,L2,-0....
GetData ===>> H2,-0.164458944769806,H1,0.0369231880436029,AX,-0.0369642623712351,L1,0.0186115687845676,L2,-0.06...
GetData ===>> H2,-0.160753931022676,H1,-0.0512465871956856,AX,-0.0352015973401627,L1,-0.00547004052472134,L2,0....
testing H1>-5.0
evaluate ot="H1.bs>-5.0" t="H1>-5.0", ctx="{'H1': None}"
GetData ===>> H2,-0.103566737409216,H1,-0.0182039486692929,AX,-0.105555835989642,L1,-0.0277671573887887,L2,-0.0...
GetData ===>> H2,-0.170393353291614,H1,-0.119193555254315,AX,0.0169854290601673,L1,-0.0119800651583438,L2,-0.03...
GetData ===>> H2,-0.23281941449274,H1,-0.0986391320841438,AX,-0.00218051747005816,L1,-0.00802346967023476,L2,0....
GetData ===>> H2,-0.234413965937729,H1,-0.0891171304384873,AX,-0.061835309348715,L1,0.00951537225169452,L2,-0.0...
GetData ===>> H2,-0.214015648293594,H1,-0.0527488080516168,AX,-0.110666099671267,L1,-0.0146485902822159,L2,0.05...
testing H1>-5.0
evaluate ot="H1.bs>-5.0" t="H1>-5.0", ctx="{'H1': None}"
22:52:28 -- collecting point 50
GetData ===>> H2,-0.275747321989524,H1,-0.0347683671259034,AX,-0.165456661850768,L1,-0.033702829935316,L2,-0.06...
GetData ===>> H2,-0.19819204028951,H1,0.0265181669214744,AX,-0.0835241661017877,L1,-0.0118014524013262,L2,-0.03...
GetData ===>> H2,-0.220026603192631,H1,0.00472124442014739,AX,-0.0580557835970812,L1,0.0200795439414936,L2,-0.0...
GetData ===>> H2,-0.287469210048789,H1,0.000725060292628044,AX,-0.133317210945169,L1,-0.00653754624130095,L2,0....
GetData ===>> H2,-0.31182318025021,H1,-0.0599019313519243,AX,-0.188128145318293,L1,-0.0087969265387473,L2,0.017...
testing H1>-5.0
evaluate ot="H1.bs>-5.0" t="H1>-5.0", ctx="{'H1': None}"
GetData ===>> H2,-0.2600617427634,H1,0.0225569064089772,AX,-0.14220015091536,L1,0.0123540506006638,L2,0.0071351...
GetData ===>> H2,-0.256327996754359,H1,0.0598132672603448,AX,-0.0111937045752769,L1,-0.00239163185069029,L2,-0....
GetData ===>> H2,-0.207514773681106,H1,-0.0370816818403118,AX,-0.0241146301410589,L1,-0.0311953279652711,L2,0.0...
GetData ===>> H2,-0.214287671387878,H1,-0.0231055848519233,AX,-0.0916837670469342,L1,0.01106244281429,L2,-0.026...
GetData ===>> H2,-0.199227679751073,H1,-0.0839565181190103,AX,-0.0448494782270021,L1,-0.0289579263231348,L2,-0....
testing H1>-5.0
evaluate ot="H1.bs>-5.0" t="H1>-5.0", ctx="{'H1': None}"
GetData ===>> H2,-0.215413400345661,H1,-0.105074014279416,AX,-0.0631685426101454,L1,-0.0182143422992114,L2,0.04...
measurement finished
estimated time: 62.915 actual time: :63.195
flush and close file /Users/jan/PychronDev/data/isotopes/16/da41fa-d0a6-4294-9b07-7cdce75e1b67.h5
activate_detectors ('H1', 'AX', 'CDD') {'peak_center': True}
peak_center () {'detector': 'H1', 'integration_time': 0.262144, 'isotope': 'Ar40'}
peak center: mean=528.969559271 threshold=3
peak center started
setup peak center. detector=['H1', 'AX', 'CDD'], isotope=Ar40
VersionedUnpickler [<apptools.sweet_pickle.versioned_unpickler.VersionedUnpickler object at 0x16a0351d0>] using Updater [<apptools.sweet_pickle.updater.Updater object at 0x135230b30>]
VersionedUnpickler [<apptools.sweet_pickle.versioned_unpickler.VersionedUnpickler object at 0x16a0351d0>] using Updater [<apptools.sweet_pickle.updater.Updater object at 0x135230b30>]
VersionedUnpickler [<apptools.sweet_pickle.versioned_unpickler.VersionedUnpickler object at 0x188f72710>] using Updater [<apptools.sweet_pickle.updater.Updater object at 0x135230b30>]
setting integration time = 0.524288
SetIntegrationTime 0.524288 ===>> OK
Mapping mass to dac mass func: "parabolic"
H1 map mass coeffs = [-0.00063987  0.15840543  0.57081999]
H1 map mass to dac 39.9624 >> 5.87921
GetDeflection H1 ===>> 0
GetHighVoltage ===>> 4499.94659342336
do peak center. <pychron.spectrometer.jobs.peak_center.PeakCenter object at 0x1352309b0>
doing pc
starting peak center. center dac= 5.87917537788 step_width=0.001
width = 0.001
get scan parameters. half-width=0.015,window=0.015, i=0, scalar=1
Scan parameters center=5.87918 width=0.03000 (5.86418 - 5.89418)
GetData ===>> H2,-0.253765678978138,H1,-0.0455236344907515,AX,-0.0864913728929292,L1,0.0141548953911196,L2,0.02...
Moving to starting dac 5.86417537788
setting magnet DAC
current  : 5.239835
requested: 5.864175
Delta Dac: 0.624340
Checking detector protection. dv=0.62434
Checking detector "CDD". Protection Threshold: 0.1 (V)
ProtectDetector CDD,On ===>> OK
GetDeflection CDD ===>> 2000
Protected = 2000
SetMagnetDAC 5.86417537788 ===>> OK
Magnet settling time: 0.500
GetMagnetMoving ===>> True
GetMagnetMoving ===>> True
GetMagnetMoving ===>> True
GetMagnetMoving ===>> True
GetMagnetMoving ===>> True
GetMagnetMoving ===>> True
GetMagnetMoving ===>> True
GetMagnetMoving ===>> True
GetMagnetMoving ===>> False
ProtectDetector CDD,Off ===>> OK
GetDeflection CDD ===>> 50
Wait until signal near baseline. tol= -0.0341427258681. timeout= 10
GetData ===>> H2,1.79761331220286,H1,0.706366006032933,AX,0.035725762344603,L1,0.0183142699141404,L2,-0.0519096...
GetData ===>> H2,25.5962267044556,H1,13.2292494543679,AX,0.616836856374408,L1,0.0425904832607164,L2,-0.06595229...
GetData ===>> H2,34.7124875407534,H1,21.0964242511457,AX,3.35412592817749,L1,0.0279932406552337,L2,-0.208980822...
GetData ===>> H2,19.477462131566,H1,10.0825099808003,AX,1.43136572113665,L1,0.000925368994897882,L2,-0.05227383...
GetData ===>> H2,8.30936379421635,H1,5.07575837062848,AX,0.597230326626337,L1,0.0119131522853237,L2,0.023072410...
GetData ===>> H2,2.94098857210472,H1,2.75133796645279,AX,0.311054051062694,L1,0.0386073219756464,L2,-0.02862209...
GetData ===>> H2,0.8893645856891,H1,1.61932505715436,AX,0.0880305705690292,L1,0.0248923652644716,L2,0.050388408...
GetData ===>> H2,0.226373200686699,H1,0.945994062526467,AX,0.0830009697597121,L1,-0.0164132008335963,L2,0.00553...
GetData ===>> H2,0.0522878745417471,H1,0.714982844071677,AX,0.128740493069146,L1,-0.0203305676095787,L2,-0.1798...
GetData ===>> H2,0.123047258656879,H1,0.654967563542575,AX,0.163900107699928,L1,-0.0252640393896932,L2,0.022320...
GetData ===>> H2,0.146073239717308,H1,0.492474722435321,AX,0.102170471333706,L1,-0.0158883734728855,L2,0.001411...
GetData ===>> H2,0.045643843416166,H1,0.453790588547176,AX,0.0692578093622363,L1,-0.0387544461981573,L2,-0.0942...
GetData ===>> H2,-0.0915605597637403,H1,0.432722562920929,AX,0.0101980249218572,L1,-0.0135922315031698,L2,-0.00...
GetData ===>> H2,-0.155015790767883,H1,0.535307333683055,AX,0.0547287862325288,L1,-0.000536454165781929,L2,-0.0...
GetData ===>> H2,-0.0949710086658347,H1,0.398960465486842,AX,-0.0243929795014893,L1,-0.0107416980972381,L2,0.02...
GetData ===>> H2,-0.0137872386923926,H1,0.514450131195177,AX,-0.0567456683239118,L1,-0.0501040751667203,L2,-0.0...
GetData ===>> H2,-0.0596854011964524,H1,0.505707163898861,AX,0.126699955229906,L1,-0.0367849145419768,L2,-0.087...
GetData ===>> H2,-0.0303299836927253,H1,0.448005321368217,AX,0.00892181375382008,L1,-0.0359126385403585,L2,-0.0...
GetData ===>> H2,0.015617444145915,H1,0.449368685228113,AX,0.132010080319167,L1,-0.0135131275071055,L2,-0.11645...
GetData ===>> H2,-0.0805535317636611,H1,0.578851453057161,AX,0.0306428881866115,L1,-0.0210851144360408,L2,-0.01...
GetData ===>> H2,-0.147547940212053,H1,0.561355058194502,AX,0.101127293759023,L1,0.000618104477357436,L2,0.1006...
Peak center failed to move to a baseline position
_do_sweep sm= 5.86417537788, em= 5.89417537788, stm= 0.001
calculated step values: start=5.86417537788, end=5.89417537788, width=0.001, nsteps=31.0
setting magnet DAC
current  : 5.864175
requested: 5.864175
Delta Dac: 0.000000
Checking detector protection. dv=0.00000
Checking detector "CDD". Protection Threshold: 0.1 (V)
SetMagnetDAC 5.86417537788 ===>> OK
GetData ===>> H2,-0.147547940212053,H1,0.561355058194502,AX,0.101127293759023,L1,0.000618104477357436,L2,0.1006...
setting magnet DAC
current  : 5.864175
requested: 5.865210
Delta Dac: 0.001034
Checking detector protection. dv=0.00103
Checking detector "CDD". Protection Threshold: 0.1 (V)
SetMagnetDAC 5.86520986064 ===>> OK
Magnet settling time: 1.049
GetData ===>> H2,-0.0958396975864591,H1,0.995359550968566,AX,0.244378948843786,L1,0.0437669711220748,L2,0.06943...
setting magnet DAC
current  : 5.865210
requested: 5.866244
Delta Dac: 0.001034
Checking detector protection. dv=0.00103
Checking detector "CDD". Protection Threshold: 0.1 (V)
SetMagnetDAC 5.8662443434 ===>> OK
Magnet settling time: 1.049
GetData ===>> H2,-0.0852647823569141,H1,3.48137881613535,AX,0.54900989951431,L1,0.0154395020008928,L2,-0.027825...
setting magnet DAC
current  : 5.866244
requested: 5.867279
Delta Dac: 0.001034
Checking detector protection. dv=0.00103
Checking detector "CDD". Protection Threshold: 0.1 (V)
SetMagnetDAC 5.86727882616 ===>> OK
Magnet settling time: 1.049
GetData ===>> H2,-0.192383054679598,H1,12.8147638475077,AX,2.04736686146825,L1,0.00817225288167508,L2,-0.068933...
setting magnet DAC
current  : 5.867279
requested: 5.868313
Delta Dac: 0.001034
Checking detector protection. dv=0.00103
Checking detector "CDD". Protection Threshold: 0.1 (V)
SetMagnetDAC 5.86831330892 ===>> OK
Magnet settling time: 1.049
GetData ===>> H2,-0.244832004606841,H1,42.9124490340281,AX,6.72329794335444,L1,-0.00700529397766178,L2,-0.14792...
setting magnet DAC
current  : 5.868313
requested: 5.869348
Delta Dac: 0.001034
Checking detector protection. dv=0.00103
Checking detector "CDD". Protection Threshold: 0.1 (V)
SetMagnetDAC 5.86934779168 ===>> OK
Magnet settling time: 1.049
GetData ===>> H2,-0.214290364653124,H1,115.560194814125,AX,20.0218468118831,L1,0.0713113742013614,L2,-0.0131622...
setting magnet DAC
current  : 5.869348
requested: 5.870382
Delta Dac: 0.001034
Checking detector protection. dv=0.00103
Checking detector "CDD". Protection Threshold: 0.1 (V)
SetMagnetDAC 5.87038227444 ===>> OK
Magnet settling time: 1.049
GetData ===>> H2,-0.241273783116614,H1,234.274233489371,AX,44.9804837487459,L1,0.263840140462174,L2,-0.08336047...
setting magnet DAC
current  : 5.870382
requested: 5.871417
Delta Dac: 0.001034
Checking detector protection. dv=0.00103
Checking detector "CDD". Protection Threshold: 0.1 (V)
SetMagnetDAC 5.87141675719 ===>> OK
Magnet settling time: 1.049
GetData ===>> H2,-0.10389558520087,H1,358.809512170302,AX,75.4508928346556,L1,0.545419419313373,L2,0.1629697540...
setting magnet DAC
current  : 5.871417
requested: 5.872451
Delta Dac: 0.001034
Checking detector protection. dv=0.00103
Checking detector "CDD". Protection Threshold: 0.1 (V)
SetMagnetDAC 5.87245123995 ===>> OK
Magnet settling time: 1.049
GetData ===>> H2,-0.157047705586417,H1,445.470458741138,AX,100.793757534814,L1,0.889988024154419,L2,0.316177052...
setting magnet DAC
current  : 5.872451
requested: 5.873486
Delta Dac: 0.001034
Checking detector protection. dv=0.00103
Checking detector "CDD". Protection Threshold: 0.1 (V)
SetMagnetDAC 5.87348572271 ===>> OK
Magnet settling time: 1.049
GetData ===>> H2,-0.233632992567507,H1,486.889499650998,AX,115.99730040754,L1,1.10693539569845,L2,0.25965183616...
setting magnet DAC
current  : 5.873486
requested: 5.874520
Delta Dac: 0.001034
Checking detector protection. dv=0.00103
Checking detector "CDD". Protection Threshold: 0.1 (V)
SetMagnetDAC 5.87452020547 ===>> OK
Magnet settling time: 1.049
GetData ===>> H2,-0.111273389839478,H1,503.64507782664,AX,123.465087201944,L1,1.38831905712784,L2,0.55979801426...
setting magnet DAC
current  : 5.874520
requested: 5.875555
Delta Dac: 0.001034
Checking detector protection. dv=0.00103
Checking detector "CDD". Protection Threshold: 0.1 (V)
SetMagnetDAC 5.87555468823 ===>> OK
Magnet settling time: 1.049
GetData ===>> H2,-0.102048483685691,H1,505.174657008594,AX,124.498437049953,L1,1.45156424388875,L2,0.4021922879...
setting magnet DAC
current  : 5.875555
requested: 5.876589
Delta Dac: 0.001034
Checking detector protection. dv=0.00103
Checking detector "CDD". Protection Threshold: 0.1 (V)
SetMagnetDAC 5.87658917099 ===>> OK
Magnet settling time: 1.049
GetData ===>> H2,-0.0795563060999616,H1,505.473651921942,AX,124.644924898974,L1,1.52191297229421,L2,0.455619906...
setting magnet DAC
current  : 5.876589
requested: 5.877624
Delta Dac: 0.001034
Checking detector protection. dv=0.00103
Checking detector "CDD". Protection Threshold: 0.1 (V)
SetMagnetDAC 5.87762365375 ===>> OK
Magnet settling time: 1.049
GetData ===>> H2,-0.0844494611762571,H1,505.425371809146,AX,124.229386881797,L1,1.55881279119782,L2,0.610362540...
setting magnet DAC
current  : 5.877624
requested: 5.878658
Delta Dac: 0.001034
Checking detector protection. dv=0.00103
Checking detector "CDD". Protection Threshold: 0.1 (V)
SetMagnetDAC 5.8786581365 ===>> OK
Magnet settling time: 1.049
GetData ===>> H2,-0.0280750089565379,H1,505.192223098402,AX,124.425049400073,L1,1.59398839924009,L2,0.436368833...
setting magnet DAC
current  : 5.878658
requested: 5.879693
Delta Dac: 0.001034
Checking detector protection. dv=0.00103
Checking detector "CDD". Protection Threshold: 0.1 (V)
SetMagnetDAC 5.87969261926 ===>> OK
Magnet settling time: 1.049
GetData ===>> H2,-0.0442466116133964,H1,505.62767804477,AX,124.565541613429,L1,1.62324347390717,L2,0.4925571652...
setting magnet DAC
current  : 5.879693
requested: 5.880727
Delta Dac: 0.001034
Checking detector protection. dv=0.00103
Checking detector "CDD". Protection Threshold: 0.1 (V)
SetMagnetDAC 5.88072710202 ===>> OK
Magnet settling time: 1.049
GetData ===>> H2,-0.0356857977534488,H1,504.861168536884,AX,124.304817960573,L1,1.58370863853614,L2,0.525143205...
setting magnet DAC
current  : 5.880727
requested: 5.881762
Delta Dac: 0.001034
Checking detector protection. dv=0.00103
Checking detector "CDD". Protection Threshold: 0.1 (V)
SetMagnetDAC 5.88176158478 ===>> OK
Magnet settling time: 1.049
GetData ===>> H2,-0.0703766406741134,H1,504.495887188599,AX,124.058998992977,L1,1.68384550182504,L2,0.448174786...
setting magnet DAC
current  : 5.881762
requested: 5.882796
Delta Dac: 0.001034
Checking detector protection. dv=0.00103
Checking detector "CDD". Protection Threshold: 0.1 (V)
SetMagnetDAC 5.88279606754 ===>> OK
Magnet settling time: 1.049
GetData ===>> H2,-0.0793015659585817,H1,503.789939732064,AX,123.66922089871,L1,1.63478439790234,L2,0.4711057820...
setting magnet DAC
current  : 5.882796
requested: 5.883831
Delta Dac: 0.001034
Checking detector protection. dv=0.00103
Checking detector "CDD". Protection Threshold: 0.1 (V)
SetMagnetDAC 5.8838305503 ===>> OK
Magnet settling time: 1.049
GetData ===>> H2,-0.156863983586825,H1,500.596080803637,AX,121.940044398839,L1,1.61304759846011,L2,0.4453430521...
setting magnet DAC
current  : 5.883831
requested: 5.884865
Delta Dac: 0.001034
Checking detector protection. dv=0.00103
Checking detector "CDD". Protection Threshold: 0.1 (V)
SetMagnetDAC 5.88486503306 ===>> OK
Magnet settling time: 1.049
GetData ===>> H2,-0.296182213222745,H1,488.606641777997,AX,116.757594115534,L1,1.56192908116848,L2,0.4484945038...
setting magnet DAC
current  : 5.884865
requested: 5.885900
Delta Dac: 0.001034
Checking detector protection. dv=0.00103
Checking detector "CDD". Protection Threshold: 0.1 (V)
SetMagnetDAC 5.88589951581 ===>> OK
Magnet settling time: 1.049
GetData ===>> H2,-0.274486829248088,H1,449.962051938129,AX,100.946079170764,L1,1.3070707473233,L2,0.36743466288...
setting magnet DAC
current  : 5.885900
requested: 5.886934
Delta Dac: 0.001034
Checking detector protection. dv=0.00103
Checking detector "CDD". Protection Threshold: 0.1 (V)
SetMagnetDAC 5.88693399857 ===>> OK
Magnet settling time: 1.049
GetData ===>> H2,-0.291747344477126,H1,363.091182235734,AX,72.8209106530596,L1,1.07672906611441,L2,0.1696083897...
setting magnet DAC
current  : 5.886934
requested: 5.887968
Delta Dac: 0.001034
Checking detector protection. dv=0.00103
Checking detector "CDD". Protection Threshold: 0.1 (V)
SetMagnetDAC 5.88796848133 ===>> OK
Magnet settling time: 1.049
GetData ===>> H2,-0.175561327094946,H1,237.20707602236,AX,41.1450453715783,L1,0.756861738069347,L2,0.1914666703...
setting magnet DAC
current  : 5.887968
requested: 5.889003
Delta Dac: 0.001034
Checking detector protection. dv=0.00103
Checking detector "CDD". Protection Threshold: 0.1 (V)
SetMagnetDAC 5.88900296409 ===>> OK
Magnet settling time: 1.049
GetData ===>> H2,-0.154864463389343,H1,119.376199247942,AX,17.4914638599004,L1,0.480336540144307,L2,0.014006771...
setting magnet DAC
current  : 5.889003
requested: 5.890037
Delta Dac: 0.001034
Checking detector protection. dv=0.00103
Checking detector "CDD". Protection Threshold: 0.1 (V)
SetMagnetDAC 5.89003744685 ===>> OK
Magnet settling time: 1.049
GetData ===>> H2,-0.113401322352583,H1,45.484394113002,AX,5.48601020719068,L1,0.260652132516668,L2,0.1283924160...
setting magnet DAC
current  : 5.890037
requested: 5.891072
Delta Dac: 0.001034
Checking detector protection. dv=0.00103
Checking detector "CDD". Protection Threshold: 0.1 (V)
SetMagnetDAC 5.89107192961 ===>> OK
Magnet settling time: 1.049
GetData ===>> H2,-0.110999924308445,H1,13.7816864002552,AX,1.25508539919858,L1,0.127727958779228,L2,-0.01418688...
setting magnet DAC
current  : 5.891072
requested: 5.892106
Delta Dac: 0.001034
Checking detector protection. dv=0.00103
Checking detector "CDD". Protection Threshold: 0.1 (V)
SetMagnetDAC 5.89210641237 ===>> OK
Magnet settling time: 1.049
GetData ===>> H2,-0.132678019488349,H1,3.46217679445411,AX,-0.00615941467242407,L1,0.136651255943018,L2,-0.1507...
setting magnet DAC
current  : 5.892106
requested: 5.893141
Delta Dac: 0.001034
Checking detector protection. dv=0.00103
Checking detector "CDD". Protection Threshold: 0.1 (V)
SetMagnetDAC 5.89314089512 ===>> OK
Magnet settling time: 1.049
GetData ===>> H2,-0.226365898837828,H1,0.345781914087495,AX,-0.0982434045548623,L1,0.0546455692466844,L2,-0.179...
setting magnet DAC
current  : 5.893141
requested: 5.894175
Delta Dac: 0.001034
Checking detector protection. dv=0.00103
Checking detector "CDD". Protection Threshold: 0.1 (V)
SetMagnetDAC 5.89417537788 ===>> OK
Magnet settling time: 1.049
GetData ===>> H2,-0.238551875097076,H1,-0.0317395134171726,AX,-0.0525021650252626,L1,0.0723684998024088,L2,-0.0...
result of _do_sweep=True
result of _calculate_peak_center=([5.8716002275830128, 5.8792054380038543, 5.8868106484246958], [374.17923916735742, 505.62506007916028, 373.44953243072132], 5.8796863999277011, 505.62506007916028)
Failed to find a valid peak. No peak greater than 1.0. max = 0.0437486534432
new center pos Detector(H1) (Ar40) @ 5.879205438
GetHighVoltage ===>> 4499.94659342336
GetDeflection H1 ===>> 0
dac uncorrected for HV and deflection 5.8792400603
update mftable H1 Ar40 5.8792400603 message=automated run peakcenter
get initial guess parabolic
get initial guess parabolic
get initial guess parabolic
get initial guess parabolic
get initial guess parabolic
get initial guess parabolic
dump mftable to /Users/jan/PychronDev/setupfiles/spectrometer/mftables/mftable.csv
add to repo msg=modified - automated run peakcenter
sweep finished
locally archiving mftable
setting magnet DAC
current  : 5.894175
requested: 5.879205
Delta Dac: 0.014970
Checking detector protection. dv=0.01497
Checking detector "CDD". Protection Threshold: 0.1 (V)
SetMagnetDAC 5.879205438 ===>> OK
Magnet settling time: 0.500
setting integration time = 1.048576
SetIntegrationTime 1.048576 ===>> OK
Failed to find a valid peak. No peak greater than 1.0. max = 0.0437486534432
flush and close file /Users/jan/PychronDev/data/isotopes/16/da41fa-d0a6-4294-9b07-7cdce75e1b67.h5
finished measure script
executed snippet estimated_duration=226.132928, duration=273.236284018
jan_unknown120_60.py completed successfully
Measurement Finished
22:53:26 -- ******* Measurement Finished *******
Post Measurement Started jan_pump_ms.py
22:53:26 -- ******* Post Measurement Started jan_pump_ms.py *******
testing...
no interpolation path defined
executed snippet estimated_duration=0, duration=2.69412994385e-05
Pumping spectrometer
open () {'name': 'O'}
opening name=O desc=---
checking ownership. requestor=129.138.12.150
check software interlocks O
interlocks []
actuate state mode=None-script, software_lock=False
doing actuation None-script open_channel True
Open O ===>> OK
GetIndicatorState O ===>> OK
change switch state (True, True)
update switch state O True args=() kw={} ncanvase=2
22:53:27 -- OPEN   VALVE-O (Jan Ion Pump)
---------------------------------------- open O () result=[(True, True)], time=0.10 sec
action=open, ok=True, locked=[False]
executed snippet estimated_duration=0, duration=0.35288310051
jan_pump_ms.py completed successfully
setting _ms_pumptime
Post Measurement Finished
22:53:27 -- ******* Post Measurement Finished *******
$$$$$$$$$$$$$$$$$$$$ state at run end measurement
state changed from measurement to success
post measurement save measured=True aborted=False
Set filtering
setting fod for Ar40= {'filter_outliers': True, 'std_devs': 2, 'iterations': 1}
setting fod for H1= {'filter_outliers': True, 'std_devs': 2, 'iterations': 1}
setting fod for PM41= {'filter_outliers': False, 'std_devs': 2, 'iterations': 1}
setting fod for H2= {'filter_outliers': True, 'std_devs': 2, 'iterations': 1}
setting fod for Ar36= {'filter_outliers': True, 'std_devs': 2, 'iterations': 1}
setting fod for CDD= {'filter_outliers': True, 'std_devs': 10, 'iterations': 1}
setting fod for Ar37= {'filter_outliers': True, 'std_devs': 2, 'iterations': 1}
setting fod for L2= {'filter_outliers': True, 'std_devs': 2, 'iterations': 1}
setting fod for Ar38= {'filter_outliers': True, 'std_devs': 2, 'iterations': 1}
setting fod for L1= {'filter_outliers': True, 'std_devs': 2, 'iterations': 1}
setting fod for Ar39= {'filter_outliers': True, 'std_devs': 2, 'iterations': 1}
setting fod for AX= {'filter_outliers': True, 'std_devs': 2, 'iterations': 1}
persistence save...
persistence save - db
post measurement save
6817758672 connecting to database sqlite:////Users/jan/PychronDev/.appdata/local_lab.db
connected to db sqlite:////Users/jan/PychronDev/.appdata/local_lab.db
create new session 6817758672
close session 6817758672
No database instance. Not saving post measurement to isotopedb database
$$$$$$$$$$$$$$$ auto_save_detector_ic=False
massspec enabled True
create new session 4985539184
MassSpec Database Version: 16.0
close session 4985539184
saving post measurement to secondary database
saving to massspec database 129.138.12.160/massspecdata
setting labnumber to 65579
setting aliquot to 26
setting step to 
setting uuid to 16da41fa-d0a6-4294-9b07-7cdce75e1b67
setting irradpos to 65579
setting extract_device to Fusions CO2
setting tray to 
setting position to 187
setting power_requested to 5.0
setting extract_value to 5.0
setting duration to 30.0
setting duration_at_request to 30.0
setting first_stage_delay to 30.0
setting cleanup to 30.0
setting comment to O:2 without inclusions
setting irradiation to NM-289
setting level to O
setting irradiation_level to O
setting sample to Bw-2014-12 WO
setting material to Sanidine
setting project to Bustos Wells
setting mass_spectrometer to Jan
no attribute chron_dosages
no attribute production_ratios
no attribute interference_corrections
no attribute production_name
no attribute j
Reference Isotope=Ar40
Reference Detector=H1
%%%%%%%%%%%%%%%%%%%% Comment: O:2 without inclusions %%%%%%%%%%%%%%%%%%%
adding isotope PM41 H2
add baseline dbdet= PM41. original det= H2
get baseline data PM41 H2
Get data baseline <pychron.processing.isotope.Baseline object at 0x163846a10> len t=60
baseline PM41. v=-0.20478568028, e=0.00602159607079
get signal data PM41 H2
Get data signal PM41 0.08+/-0.07 len t=120
adding isotope Ar40 H1
add baseline dbdet= Ar40. original det= H1
get baseline data Ar40 H1
Get data baseline <pychron.processing.isotope.Baseline object at 0x163846b50> len t=60
baseline Ar40. v=-0.0262795918103, e=0.00529292912495
get signal data Ar40 H1
Get data signal Ar40 555.01+/-0.04 len t=120
adding isotope Ar39 AX
add baseline dbdet= Ar39. original det= AX
get baseline data Ar39 AX
Get data baseline <pychron.processing.isotope.Baseline object at 0x1638466d0> len t=60
baseline Ar39. v=-0.0850333057606, e=0.00724998237728
get signal data Ar39 AX
Get data signal Ar39 137.059+/-0.021 len t=120
adding isotope Ar38 L1
add baseline dbdet= Ar38. original det= L1
get baseline data Ar38 L1
Get data baseline <pychron.processing.isotope.Baseline object at 0x1899e0f50> len t=60
baseline Ar38. v=-0.012343734454, e=0.00238708495718
get signal data Ar38 L1
Get data signal Ar38 1.781+/-0.005 len t=120
adding isotope Ar37 L2
add baseline dbdet= Ar37. original det= L2
get baseline data Ar37 L2
Get data baseline <pychron.processing.isotope.Baseline object at 0x1899e09d0> len t=60
baseline Ar37. v=-0.0351648663837, e=0.00653625068023
get signal data Ar37 L2
Get data signal Ar37 0.587+/-0.011 len t=120
adding isotope Ar36 CDD
add baseline dbdet= Ar36. original det= CDD
get baseline data Ar36 CDD
Get data baseline <pychron.processing.isotope.Baseline object at 0x1821169d0> len t=60
baseline Ar36. v=0.000124054510045, e=1.54910361803e-05
get signal data Ar36 CDD
Get data signal Ar36 0.0379+/-0.0004 len t=120
65579-26 added analysis time 0.496172189713s
analysis added to mass spec database
mass spec save time= 0.504
persistence save - dvc
================= post measurement started
create new session 4989601072
close session 4989601072
---------------- Experiment Queue saving disabled
DVC saving peakcenter
Failed to find a valid peak. No peak greater than 1.0. max = 0.0437486534432
Smart pull ahead: 0 behind: 0
Up-to-date with origin
add to repo msg=modified - ad8224ebc6dbfeb9f5997218dfa5fe690569839d.json
add to repo msg=modified - 79-26.json
add to repo msg=modified - 79-26.dat.json
add to repo msg=modified - 79-26.blan.json
add to repo msg=modified - 79-26.inte.json
add to repo msg=modified - 79-26.icfa.json
add to repo msg=modified - 79-26.base.json
not at valid file /Users/jan/PychronDev/data/.dvc/repositories/Load1789/655/tags/79-26.tags.json
add to repo msg=modified - 79-26.peak.json
add to repo msg=modified - 79-26.extr.json
not at valid file /Users/jan/PychronDev/data/.dvc/repositories/Load1789/655/monitor/79-26.moni.json
commit message=<COLLECTION>
add to repo msg=modified - 79-26.inte.json
add to repo msg=modified - 79-26.base.json
commit message=<ISOEVO> default collection fits
add to repo msg=modified - 79-26.blan.json
commit message=<BLANKS> preceding bu-FC-J-7744
add to repo msg=modified - 79-26.icfa.json
commit message=<ICFactor> default
push repository <pychron.git_archive.repo_manager.GitRepoManager object at 0x1822a2170>
pushing to remote=origin, url=https://github.com
no changes to meta repo
create new session 4989601072
add association Load1789
get identifier "65579"
setting analysis irradiation position=<pychron.dvc.dvc_orm.IrradiationPositionTbl object at 0x1936839d0>
close session 4989601072
================= post measurement finished
22:53:40 -- ******* Post Run Check *******
loading queue conditionals post_run_actions
loading system conditionals post_run_actions
loading conditionals from /Users/jan/PychronDev/setupfiles/spectrometer/default_conditionals.yaml
loading queue conditionals post_run_terminations
loading system conditionals post_run_terminations
loading conditionals from /Users/jan/PychronDev/setupfiles/spectrometer/default_conditionals.yaml
Checking default post run terminations n=1
GetDeflection CDD ===>> 50
testing CDD==2000
evaluate ot="CDD.deflection==2000" t="CDD==2000", ctx="{'CDD': 50.0}"
22:53:40 -- ******* Post Run Check Passed *******
22:53:40 -- Automated run 65579-26 success duration: 365.004 s
----------------- finish -----------------
----------------- stop -----------------
retroactive repository identifiers disabled
finish run. runs completed=97
update duration runid=65579-26, duration=365.003862858, md5=301e91d8
loading script "jan_unknown120_60.py"
loading script "jan_pump_ms.py"
loading script "jan_co2.py"
loading script "jan_pump_extraction_line.py"
testing...
no interpolation path defined
executed snippet estimated_duration=213.652928, duration=0.000361919403076
script duration name:unknown120_60 seconds:214.0
loading script "jan_unknown120_60.py"
loading script "jan_pump_ms.py"
loading script "jan_co2.py"
loading script "jan_pump_extraction_line.py"
testing...
no interpolation path defined
executed snippet estimated_duration=0, duration=5.19752502441e-05
loading script "jan_unknown120_60.py"
loading script "jan_pump_ms.py"
loading script "jan_co2.py"
loading script "jan_pump_extraction_line.py"
testing...
no interpolation path defined
calculate duration
testing...
no interpolation path defined
executed snippet estimated_duration=0, duration=5.60283660889e-05
calculate duration
testing...
no interpolation path defined
executed snippet estimated_duration=0, duration=0.000112056732178
executed snippet estimated_duration=0.0, duration=0.00325512886047
script duration name:co2 seconds:0.0
loading script "jan_unknown120_60.py"
loading script "jan_pump_ms.py"
loading script "jan_co2.py"
loading script "jan_pump_extraction_line.py"
testing...
no interpolation path defined
calculate duration
testing...
no interpolation path defined
executed snippet estimated_duration=4.0, duration=0.000286102294922
executed snippet estimated_duration=4.0, duration=0.00175595283508
Script duration 214.0
Run total estimated duration= 215.000
unknown120_60 in script context. using previous estimated duration
script duration name:unknown120_60 seconds:214.0
pump_ms in script context. using previous estimated duration
co2 in script context. using previous estimated duration
script duration name:co2 seconds:0.0
pump_extraction_line in script context. using previous estimated duration
Script duration 214.0
Run total estimated duration= 215.000
script duration name:unknown120_60 seconds:214.0
script duration name:co2 seconds:0.0
Script duration 214.0
Run total estimated duration= 215.000
script duration name:unknown120_60 seconds:214.0
script duration name:co2 seconds:0.0
Script duration 214.0
Run total estimated duration= 215.000
script duration name:unknown120_60 seconds:214.0
script duration name:co2 seconds:0.0
Script duration 214.0
Run total estimated duration= 215.000
loading script "jan_unknown400_120.py"
loading script "jan_pump_ms.py"
loading script "jan_cocktail_x1.py"
loading script "jan_pump_extraction_line.py"
testing...
no interpolation path defined
executed snippet estimated_duration=556.052928, duration=0.000135898590088
script duration name:unknown400_120 seconds:556.0
loading script "jan_unknown400_120.py"
loading script "jan_pump_ms.py"
loading script "jan_cocktail_x1.py"
loading script "jan_pump_extraction_line.py"
testing...
no interpolation path defined
calculate duration
testing...
no interpolation path defined
executed snippet estimated_duration=0, duration=5.00679016113e-05
calculate duration
testing...
no interpolation path defined
executed snippet estimated_duration=0, duration=0.000107049942017
calculate duration
testing...
no interpolation path defined
executed snippet estimated_duration=32.0, duration=0.000147819519043
calculate duration
testing...
no interpolation path defined
executed snippet estimated_duration=34.0, duration=0.000103950500488
calculate duration
testing...
no interpolation path defined
executed snippet estimated_duration=4.0, duration=6.98566436768e-05
calculate duration
testing...
no interpolation path defined
executed snippet estimated_duration=38.0, duration=0.000135183334351
executed snippet estimated_duration=108.0, duration=0.0125811100006
script duration name:cocktail_x1 seconds:108.0
Script duration 664.0
Run total estimated duration= 665.000
script duration name:unknown120_60 seconds:214.0
script duration name:co2 seconds:0.0
Script duration 214.0
Run total estimated duration= 215.000
unknown400_120 in script context. using previous estimated duration
script duration name:unknown400_120 seconds:556.0
cocktail_x1 in script context. using previous estimated duration
script duration name:cocktail_x1 seconds:108.0
Script duration 664.0
Run total estimated duration= 665.000
script duration name:unknown120_60 seconds:214.0
script duration name:co2 seconds:0.0
Script duration 214.0
Run total estimated duration= 215.000
script duration name:unknown120_60 seconds:214.0
script duration name:co2 seconds:0.0
Script duration 214.0
Run total estimated duration= 215.000
script duration name:unknown120_60 seconds:214.0
script duration name:co2 seconds:0.0
Script duration 214.0
Run total estimated duration= 215.000
script duration name:unknown120_60 seconds:214.0
script duration name:co2 seconds:0.0
Script duration 214.0
Run total estimated duration= 215.000
script duration name:unknown120_60 seconds:214.0
script duration name:co2 seconds:0.0
Script duration 214.0
Run total estimated duration= 215.000
script duration name:unknown400_120 seconds:556.0
script duration name:co2 seconds:0.0
Script duration 556.0
Run total estimated duration= 557.000
script duration name:unknown120_60 seconds:214.0
script duration name:co2 seconds:0.0
Script duration 214.0
Run total estimated duration= 215.000
script duration name:unknown120_60 seconds:214.0
script duration name:co2 seconds:0.0
Script duration 214.0
Run total estimated duration= 215.000
script duration name:unknown120_60 seconds:214.0
script duration name:co2 seconds:0.0
Script duration 214.0
Run total estimated duration= 215.000
script duration name:unknown120_60 seconds:214.0
script duration name:co2 seconds:0.0
Script duration 214.0
Run total estimated duration= 215.000
script duration name:unknown400_120 seconds:556.0
loading script "jan_unknown400_120.py"
loading script "jan_pump_ms.py"
loading script "jan_sniffair_x2.py"
loading script "jan_pump_extraction_line.py"
testing...
no interpolation path defined
calculate duration
testing...
no interpolation path defined
executed snippet estimated_duration=0, duration=9.01222229004e-05
calculate duration
testing...
no interpolation path defined
executed snippet estimated_duration=0, duration=9.98973846436e-05
calculate duration
testing...
no interpolation path defined
executed snippet estimated_duration=32.0, duration=0.000135898590088
calculate duration
testing...
no interpolation path defined
executed snippet estimated_duration=34.0, duration=0.000102043151855
calculate duration
testing...
no interpolation path defined
executed snippet estimated_duration=4.0, duration=6.79492950439e-05
calculate duration
testing...
no interpolation path defined
executed snippet estimated_duration=36.0, duration=8.79764556885e-05
calculate duration
testing...
no interpolation path defined
executed snippet estimated_duration=34.0, duration=0.000168085098267
calculate duration
testing...
no interpolation path defined
executed snippet estimated_duration=4.0, duration=6.60419464111e-05
calculate duration
testing...
no interpolation path defined
executed snippet estimated_duration=36.0, duration=8.89301300049e-05
calculate duration
testing...
no interpolation path defined
executed snippet estimated_duration=70.0, duration=0.000101089477539
executed snippet estimated_duration=250.0, duration=0.0181949138641
script duration name:sniffair_x2 seconds:250.0
Script duration 806.0
Run total estimated duration= 807.000
script duration name:unknown400_120 seconds:556.0
sniffair_x2 in script context. using previous estimated duration
script duration name:sniffair_x2 seconds:250.0
Script duration 806.0
Run total estimated duration= 807.000
loading script "jan_ic_peak_hop3.py"
loading script "jan_pump_ms.py"
loading script "jan_air_x1.py"
loading script "jan_pump_extraction_line.py"
testing...
no interpolation path defined
executed snippet estimated_duration=133.8, duration=0.00738000869751
script duration name:ic_peak_hop3 seconds:134.0
loading script "jan_ic_peak_hop3.py"
loading script "jan_pump_ms.py"
loading script "jan_air_x1.py"
loading script "jan_pump_extraction_line.py"
testing...
no interpolation path defined
calculate duration
testing...
no interpolation path defined
executed snippet estimated_duration=0, duration=4.91142272949e-05
calculate duration
testing...
no interpolation path defined
executed snippet estimated_duration=0, duration=0.000105142593384
calculate duration
testing...
no interpolation path defined
executed snippet estimated_duration=32.0, duration=7.9870223999e-05
calculate duration
testing...
no interpolation path defined
executed snippet estimated_duration=34.0, duration=0.000118017196655
calculate duration
testing...
no interpolation path defined
executed snippet estimated_duration=4.0, duration=6.29425048828e-05
calculate duration
testing...
no interpolation path defined
executed snippet estimated_duration=36.0, duration=8.01086425781e-05
executed snippet estimated_duration=106.0, duration=0.00759816169739
script duration name:air_x1 seconds:106.0
Script duration 240.0
Run total estimated duration= 241.000
script duration name:unknown120_60 seconds:214.0
script duration name:co2 seconds:0.0
Script duration 214.0
Run total estimated duration= 215.000
script duration name:unknown120_60 seconds:214.0
script duration name:co2 seconds:0.0
Script duration 214.0
Run total estimated duration= 215.000
script duration name:unknown120_60 seconds:214.0
script duration name:co2 seconds:0.0
Script duration 214.0
Run total estimated duration= 215.000
script duration name:unknown120_60 seconds:214.0
script duration name:co2 seconds:0.0
Script duration 214.0
Run total estimated duration= 215.000
script duration name:unknown120_60 seconds:214.0
script duration name:co2 seconds:0.0
Script duration 214.0
Run total estimated duration= 215.000
script duration name:unknown400_120 seconds:556.0
script duration name:cocktail_x1 seconds:108.0
Script duration 664.0
Run total estimated duration= 665.000
script duration name:unknown400_120 seconds:556.0
script duration name:cocktail_x1 seconds:108.0
Script duration 664.0
Run total estimated duration= 665.000
script duration name:unknown120_60 seconds:214.0
script duration name:co2 seconds:0.0
Script duration 214.0
Run total estimated duration= 215.000
script duration name:unknown120_60 seconds:214.0
script duration name:co2 seconds:0.0
Script duration 214.0
Run total estimated duration= 215.000
script duration name:unknown120_60 seconds:214.0
script duration name:co2 seconds:0.0
Script duration 214.0
Run total estimated duration= 215.000
script duration name:unknown400_120 seconds:556.0
script duration name:co2 seconds:0.0
Script duration 556.0
Run total estimated duration= 557.000
script duration name:unknown120_60 seconds:214.0
script duration name:co2 seconds:0.0
Script duration 214.0
Run total estimated duration= 215.000
script duration name:unknown120_60 seconds:214.0
script duration name:co2 seconds:0.0
Script duration 214.0
Run total estimated duration= 215.000
script duration name:unknown120_60 seconds:214.0
script duration name:co2 seconds:0.0
Script duration 214.0
Run total estimated duration= 215.000
script duration name:unknown120_60 seconds:214.0
script duration name:co2 seconds:0.0
Script duration 214.0
Run total estimated duration= 215.000
script duration name:unknown120_60 seconds:214.0
script duration name:co2 seconds:0.0
Script duration 214.0
Run total estimated duration= 215.000
script duration name:unknown120_60 seconds:214.0
script duration name:co2 seconds:0.0
Script duration 214.0
Run total estimated duration= 215.000
script duration name:unknown120_60 seconds:214.0
script duration name:co2 seconds:0.0
Script duration 214.0
Run total estimated duration= 215.000
script duration name:unknown120_60 seconds:214.0
script duration name:co2 seconds:0.0
Script duration 214.0
Run total estimated duration= 215.000
script duration name:unknown120_60 seconds:214.0
script duration name:co2 seconds:0.0
Script duration 214.0
Run total estimated duration= 215.000
script duration name:unknown120_60 seconds:214.0
script duration name:co2 seconds:0.0
Script duration 214.0
Run total estimated duration= 215.000
script duration name:unknown120_60 seconds:214.0
script duration name:co2 seconds:0.0
Script duration 214.0
Run total estimated duration= 215.000
script duration name:unknown120_60 seconds:214.0
script duration name:co2 seconds:0.0
Script duration 214.0
Run total estimated duration= 215.000
script duration name:unknown400_120 seconds:556.0
script duration name:co2 seconds:0.0
Script duration 556.0
Run total estimated duration= 557.000
script duration name:unknown400_120 seconds:556.0
script duration name:sniffair_x2 seconds:250.0
Script duration 806.0
Run total estimated duration= 807.000
script duration name:unknown400_120 seconds:556.0
script duration name:cocktail_x1 seconds:108.0
Script duration 664.0
Run total estimated duration= 665.000
script duration name:unknown400_120 seconds:556.0
script duration name:sniffair_x2 seconds:250.0
Script duration 806.0
Run total estimated duration= 807.000
script duration name:unknown400_120 seconds:556.0
script duration name:cocktail_x1 seconds:108.0
Script duration 664.0
Run total estimated duration= 665.000
ic_peak_hop3 in script context. using previous estimated duration
script duration name:ic_peak_hop3 seconds:134.0
air_x1 in script context. using previous estimated duration
script duration name:air_x1 seconds:106.0
Script duration 240.0
Run total estimated duration= 241.000
script duration name:unknown120_60 seconds:214.0
script duration name:co2 seconds:0.0
Script duration 214.0
Run total estimated duration= 215.000
script duration name:unknown120_60 seconds:214.0
script duration name:co2 seconds:0.0
Script duration 214.0
Run total estimated duration= 215.000
script duration name:unknown120_60 seconds:214.0
script duration name:co2 seconds:0.0
Script duration 214.0
Run total estimated duration= 215.000
script duration name:unknown120_60 seconds:214.0
script duration name:co2 seconds:0.0
Script duration 214.0
Run total estimated duration= 215.000
script duration name:unknown120_60 seconds:214.0
script duration name:co2 seconds:0.0
Script duration 214.0
Run total estimated duration= 215.000
script duration name:unknown120_60 seconds:214.0
script duration name:co2 seconds:0.0
Script duration 214.0
Run total estimated duration= 215.000
script duration name:unknown120_60 seconds:214.0
script duration name:co2 seconds:0.0
Script duration 214.0
Run total estimated duration= 215.000
script duration name:unknown120_60 seconds:214.0
script duration name:co2 seconds:0.0
Script duration 214.0
Run total estimated duration= 215.000
script duration name:unknown120_60 seconds:214.0
script duration name:co2 seconds:0.0
Script duration 214.0
Run total estimated duration= 215.000
script duration name:unknown120_60 seconds:214.0
script duration name:co2 seconds:0.0
Script duration 214.0
Run total estimated duration= 215.000
script duration name:unknown120_60 seconds:214.0
script duration name:co2 seconds:0.0
Script duration 214.0
Run total estimated duration= 215.000
script duration name:unknown120_60 seconds:214.0
script duration name:co2 seconds:0.0
Script duration 214.0
Run total estimated duration= 215.000
script duration name:unknown400_120 seconds:556.0
script duration name:co2 seconds:0.0
Script duration 556.0
Run total estimated duration= 557.000
script duration name:unknown120_60 seconds:214.0
script duration name:co2 seconds:0.0
Script duration 214.0
Run total estimated duration= 215.000
script duration name:unknown120_60 seconds:214.0
script duration name:co2 seconds:0.0
Script duration 214.0
Run total estimated duration= 215.000
script duration name:unknown120_60 seconds:214.0
script duration name:co2 seconds:0.0
Script duration 214.0
Run total estimated duration= 215.000
script duration name:unknown400_120 seconds:556.0
script duration name:cocktail_x1 seconds:108.0
Script duration 664.0
Run total estimated duration= 665.000
script duration name:unknown400_120 seconds:556.0
script duration name:cocktail_x1 seconds:108.0
Script duration 664.0
Run total estimated duration= 665.000
script duration name:unknown120_60 seconds:214.0
script duration name:co2 seconds:0.0
Script duration 214.0
Run total estimated duration= 215.000
script duration name:unknown120_60 seconds:214.0
script duration name:co2 seconds:0.0
Script duration 214.0
Run total estimated duration= 215.000
script duration name:unknown400_120 seconds:556.0
script duration name:co2 seconds:0.0
Script duration 556.0
Run total estimated duration= 557.000
nruns=71 before=5.0, run_dur=22995.0, btw=3150.0
write rem/ex queues
/Users/jan/PychronDev/experiments/rem/CurrentExperiment.rem.txt
/Users/jan/PychronDev/experiments/rem/CurrentExperiment.ex.txt
doing event level: 3
