do run
loading script "jan_unknown120_60.py"
loading script "jan_pump_ms.py"
loading script "jan_co2.py"
loading script "jan_pump_extraction_line.py"
testing...
no interpolation path defined
executed snippet estimated_duration=213.652928, duration=0.000199794769287
script duration name:unknown120_60 seconds:214.0
loading script "jan_unknown120_60.py"
loading script "jan_pump_ms.py"
loading script "jan_co2.py"
loading script "jan_pump_extraction_line.py"
testing...
no interpolation path defined
executed snippet estimated_duration=0, duration=2.69412994385e-05
loading script "jan_unknown120_60.py"
loading script "jan_pump_ms.py"
loading script "jan_co2.py"
loading script "jan_pump_extraction_line.py"
testing...
no interpolation path defined
calculate duration
testing...
no interpolation path defined
executed snippet estimated_duration=0, duration=5.88893890381e-05
calculate duration
testing...
no interpolation path defined
executed snippet estimated_duration=0, duration=9.41753387451e-05
executed snippet estimated_duration=0.0, duration=0.00210809707642
script duration name:co2 seconds:0.0
loading script "jan_unknown120_60.py"
loading script "jan_pump_ms.py"
loading script "jan_co2.py"
loading script "jan_pump_extraction_line.py"
testing...
no interpolation path defined
calculate duration
testing...
no interpolation path defined
executed snippet estimated_duration=4.0, duration=0.000144004821777
executed snippet estimated_duration=4.0, duration=0.00114583969116
Script duration 214.0
Run total estimated duration= 215.000
run duration: 0:03:35
doing event level: 2
02:03:11 -- Setting default integration. t=1.048576
setting integration time = 1.048576
SetIntegrationTime 1.048576 ===>> OK
----------------- start -----------------
**************** Experiment Type: Ar/Ar, Ar/Ar
create new session 4436069840
close session 4436069840
$$$$$ Clearing conditionals
adding conditionals 
Add queue conditionals
add default conditionals
adding default conditionals from /Users/jan/PychronDev/setupfiles/spectrometer/default_conditionals.yaml
Start automated run 65580-06A
loading script "jan_unknown120_60.py"
loading script "jan_pump_ms.py"
loading script "jan_co2.py"
loading script "jan_pump_extraction_line.py"
%%%%%%%%%%%%%%%%%% setting automated run 65580-06A
No value "sensitivity_multiplier" in metadata
$$$$$$$$$$$$$$$ auto_save_detector_ic=False
============================= Pre Extraction Check =============================
loading queue conditionals pre_run_terminations
loading system conditionals pre_run_terminations
loading conditionals from /Users/jan/PychronDev/setupfiles/spectrometer/default_conditionals.yaml
02:03:11 -- ******* Pre Extraction Check *******
Get a measurement from the spectrometer
GetData ===>> H2,-0.166059935156419,H1,0.0380448947999714,AX,0.0199789987062528,L1,-0.0099731865483228,L2,0.056...
Pre Extraction Termination data. keys=H2,H1,AX,L1,L2,CDD, signals=-0.16606,0.03804,0.01998,-0.00997,0.05669,0.00268
02:03:11 -- testing system defined conditionals
Checking default pre extraction terminations n=2
testing CDD
evaluate ot="CDD.inactive" t="CDD", ctx="{'CDD': False}"
GetDeflection CDD ===>> 50
testing CDD==2000
evaluate ot="CDD.deflection==2000" t="CDD==2000", ctx="{'CDD': 50.0}"
02:03:11 -- ******* Pre Extraction Check Passed *******
=================================================================================
02:03:11 -- stopping status monitor
stop 4982387056
Alive clients [4989850544]
02:03:11 -- starting status monitor
start 4982387056
Monitor already running
start extraction
do extraction
Analysis started at 02:03:11.240592
Extraction Started jan_co2.py
02:03:11 -- ******* Extraction Started jan_co2.py *******
state changed from not run to extraction
DO EXTRACTION <pychron.extraction_line.pyscript_runner.RemotePyScriptRunner object at 0x12c299590>
testing...
no interpolation path defined
calculate duration
testing...
no interpolation path defined
executed snippet estimated_duration=0, duration=4.81605529785e-05
calculate duration
testing...
no interpolation path defined
executed snippet estimated_duration=0, duration=0.000128030776978
executed snippet estimated_duration=100.0, duration=0.00236701965332
Jan CO2 laser analysis
doing GOSUB
testing...
no interpolation path defined
executed snippet estimated_duration=0, duration=4.6968460083e-05
Waiting for CO2 access
wait ('FelixCO2Flag', 0) {}
waiting for FelixCO2Flag = 0
Read FelixCO2Flag ===>> 0
finished waiting
CO2 free
wait ('CO2PumpTimeFlag', 0) {}
waiting for CO2PumpTimeFlag = 0
Read CO2PumpTimeFlag ===>> 0
finished waiting
acquire ('JanCO2Flag',) {'clear': True}
acquire JanCO2Flag
Set JanCO2Flag 1 ===>> OK
JanCO2Flag acquired
set extraction state False (0.75, 'red', 1.5)
CO2 acquired
executed snippet estimated_duration=0, duration=0.0203380584717
WaitForCO2Access.py completed successfully
gosub finished
doing GOSUB
testing...
no interpolation path defined
executed snippet estimated_duration=0, duration=9.48905944824e-05
Prepare for CO2 analysis
close () {'description': 'Jan Inlet'}
closing name=--- desc=Jan Inlet
checking ownership. requestor=129.138.12.150
check software interlocks R
interlocks []
actuate state mode=None-script, software_lock=False
doing actuation None-script close_channel False
Close R ===>> OK
GetIndicatorState R ===>> False
change switch state (True, True)
update switch state R False args=() kw={} ncanvase=2
02:03:11 -- CLOSE  VALVE-R (Jan Inlet)
---------------------------------------- close None (Jan Inlet) result=[(True, True)]
action=close, ok=True, locked=[False]
open () {'description': 'Jan Ion Pump'}
opening name=--- desc=Jan Ion Pump
checking ownership. requestor=129.138.12.150
check software interlocks O
interlocks []
actuate state mode=None-script, software_lock=False
doing actuation None-script open_channel False
Open O ===>> OK
GetIndicatorState O ===>> OK
change switch state (True, True)
update switch state O True args=() kw={} ncanvase=2
02:03:12 -- OPEN   VALVE-O (Jan Ion Pump)
---------------------------------------- open None (Jan Ion Pump) result=[(True, True)], time=0.11 sec
action=open, ok=True, locked=[False]
close () {'description': 'Microbone to Minibone'}
closing name=--- desc=Microbone to Minibone
checking ownership. requestor=129.138.12.150
check software interlocks L
interlocks []
actuate state mode=None-script, software_lock=False
doing actuation None-script close_channel False
Close L ===>> OK
GetIndicatorState L ===>> False
change switch state (True, True)
update switch state L False args=() kw={} ncanvase=2
02:03:12 -- CLOSE  VALVE-L (Microbone to Minibone)
---------------------------------------- close None (Microbone to Minibone) result=[(True, True)]
action=close, ok=True, locked=[False]
open () {'description': 'Microbone to Turbo'}
opening name=--- desc=Microbone to Turbo
checking ownership. requestor=129.138.12.150
check software interlocks U
interlocks []
actuate state mode=None-script, software_lock=False
doing actuation None-script open_channel False
Open U ===>> OK
GetIndicatorState U ===>> OK
change switch state (True, True)
update switch state U True args=() kw={} ncanvase=2
02:03:13 -- OPEN   VALVE-U (Microbone to Turbo)
---------------------------------------- open None (Microbone to Turbo) result=[(True, True)], time=0.13 sec
action=open, ok=True, locked=[False]
open () {'description': 'Microbone to Inlet Pipette'}
opening name=--- desc=Microbone to Inlet Pipette
checking ownership. requestor=129.138.12.150
check software interlocks S
interlocks []
actuate state mode=None-script, software_lock=False
doing actuation None-script open_channel False
Open S ===>> OK
GetIndicatorState S ===>> OK
change switch state (True, True)
update switch state S True args=() kw={} ncanvase=2
02:03:13 -- OPEN   VALVE-S (Microbone to Inlet Pipette)
---------------------------------------- open None (Microbone to Inlet Pipette) result=[(True, True)], time=0.41 sec
action=open, ok=True, locked=[False]
open () {'description': 'Microbone to Getter D-50'}
opening name=--- desc=Microbone to Getter D-50
checking ownership. requestor=129.138.12.150
check software interlocks K
interlocks []
actuate state mode=None-script, software_lock=False
doing actuation None-script open_channel False
Open K ===>> OK
GetIndicatorState K ===>> OK
change switch state (True, True)
update switch state K True args=() kw={} ncanvase=2
02:03:14 -- OPEN   VALVE-K (Microbone to Getter D-50)
---------------------------------------- open None (Microbone to Getter D-50) result=[(True, True)], time=0.41 sec
action=open, ok=True, locked=[False]
open () {'description': 'Microbone to Getter NP-10'}
opening name=--- desc=Microbone to Getter NP-10
checking ownership. requestor=129.138.12.150
check software interlocks M
interlocks []
actuate state mode=None-script, software_lock=False
doing actuation None-script open_channel False
Open M ===>> OK
GetIndicatorState M ===>> OK
change switch state (True, True)
update switch state M True args=() kw={} ncanvase=2
02:03:14 -- OPEN   VALVE-M (Microbone to Getter NP-10)
---------------------------------------- open None (Microbone to Getter NP-10) result=[(True, True)], time=0.14 sec
action=open, ok=True, locked=[False]
close () {'description': 'CO2 Laser to Felix'}
closing name=--- desc=CO2 Laser to Felix
checking ownership. requestor=129.138.12.150
check software interlocks F
interlocks []
actuate state mode=None-script, software_lock=True
VALVE-F(CO2 Laser to Felix) software locked
change switch state (True, False)
---------------------------------------- close None (CO2 Laser to Felix) result=[(True, False)]
action=close, ok=True, locked=[True]
open () {'description': 'CO2 Laser to Jan'}
opening name=--- desc=CO2 Laser to Jan
checking ownership. requestor=129.138.12.150
check software interlocks A
interlocks []
actuate state mode=None-script, software_lock=False
doing actuation None-script open_channel False
Open A ===>> OK
GetIndicatorState A ===>> OK
change switch state (True, True)
update switch state A True args=() kw={} ncanvase=2
02:03:15 -- OPEN   VALVE-A (CO2 Laser to Jan)
---------------------------------------- open None (CO2 Laser to Jan) result=[(True, True)], time=0.15 sec
action=open, ok=True, locked=[False]
open () {'description': 'Microbone to CO2 Laser'}
opening name=--- desc=Microbone to CO2 Laser
checking ownership. requestor=129.138.12.150
check software interlocks T
interlocks []
actuate state mode=None-script, software_lock=False
doing actuation None-script open_channel False
Open T ===>> OK
GetIndicatorState T ===>> OK
change switch state (True, True)
update switch state T True args=() kw={} ncanvase=2
02:03:15 -- OPEN   VALVE-T (Microbone to CO2 Laser)
---------------------------------------- open None (Microbone to CO2 Laser) result=[(True, True)], time=0.42 sec
action=open, ok=True, locked=[False]
executed snippet estimated_duration=0, duration=4.93473911285
PrepareForCO2Analysis.py completed successfully
gosub finished
set_motor ('beam', '1.25') {}
setting motor "beam" to 1.25
set motor beam to 1.25
SetMotor beam,1.25 ===>> OK
GetMotorMoving beam ===>> False
GetMotorMoving beam ===>> False
Block completed
move_to_position ('194',) {'autocenter': True}
FusionsCO2 move to position 194
sending GoToHole 194,True
GoToHole 194,True ===>> OK
GetDriveMoving ===>> OK
GetDriveMoving ===>> OK
GetDriveMoving ===>> OK
GetDriveMoving ===>> OK
GetDriveMoving ===>> OK
GetDriveMoving ===>> OK
GetDriveMoving ===>> False
GetDriveMoving ===>> OK
GetDriveMoving ===>> OK
GetDriveMoving ===>> OK
GetDriveMoving ===>> OK
GetDriveMoving ===>> OK
GetDriveMoving ===>> False
Block completed
GetAutoCorrecting ===>> False
GetAutoCorrecting ===>> False
Block completed
update position
GetPosition ===>> 7.97560,-9.96950,1.00000
got position (7.9756, -9.9695, 1.0)
move to position succeeded
sleep (5,) {}
SLEEP 5.0
block started
WaitControl setup for 5.0  
Join finished
block finished. duration 5.05272102356
close () {'description': 'Microbone to Turbo'}
closing name=--- desc=Microbone to Turbo
checking ownership. requestor=129.138.12.150
check software interlocks U
interlocks []
actuate state mode=None-script, software_lock=False
doing actuation None-script close_channel True
Close U ===>> OK
GetIndicatorState U ===>> False
change switch state (True, True)
update switch state U False args=() kw={} ncanvase=2
02:03:27 -- CLOSE  VALVE-U (Microbone to Turbo)
---------------------------------------- close None (Microbone to Turbo) result=[(True, True)]
action=close, ok=True, locked=[False]
enable laser
enable () {}
set extraction state FusionsCO2 Enabled (False, 'red', 1.5)
enabling laser
Enable ===>> OK
begin interval
BEGIN INTERVAL Interval 1 waiting for 30.0
block started
WaitControl setup for 30.0  
set extract to 0.3
extract (0.3,) {}
GetPosition ===>> 7.97560,-9.96950,1.00000
set extraction state FusionsCO2 ON! 0.3(watts) (0.75, 'red', 1.5)
extract sample to 0.3 (watts)
set laser output
SetLaserOutput 0.3,watts ===>> OK
executing pattern triangle.lp
execute_pattern ('triangle.lp',) {}
executing pattern triangle.lp
IsPatterning ===>> OK
IsPatterning ===>> OK
IsPatterning ===>> OK
IsPatterning ===>> OK
IsPatterning ===>> OK
IsPatterning ===>> OK
IsPatterning ===>> OK
IsPatterning ===>> OK
IsPatterning ===>> OK
IsPatterning ===>> OK
IsPatterning ===>> OK
IsPatterning ===>> OK
IsPatterning ===>> OK
IsPatterning ===>> OK
IsPatterning ===>> OK
IsPatterning ===>> OK
IsPatterning ===>> OK
IsPatterning ===>> OK
IsPatterning ===>> OK
IsPatterning ===>> OK
IsPatterning ===>> OK
IsPatterning ===>> OK
IsPatterning ===>> OK
IsPatterning ===>> OK
IsPatterning ===>> OK
IsPatterning ===>> OK
IsPatterning ===>> False
IsPatterning ===>> False
Block completed
COMPLETE INTERVAL waiting for Interval 1 to complete
Join finished
block finished. duration 30.1309511662
Interval 1 finished
end_extract () {}
ending extraction. set laser power to 0
set laser power 0
SetLaserPower 0 ===>> OK
disable () {}
%%%%%%%%%%%%%%%%%%%%%%%%%%%%%%%%%%% disable
set extraction state False (0.75, 'red', 1.5)
disabling laser
Disable ===>> OK
sleep (30.0,) {}
SLEEP 30.0
block started
WaitControl setup for 30.0  
Join finished
block finished. duration 30.0878219604
executed snippet estimated_duration=166.5, duration=77.2426438332
jan_co2.py completed successfully
GetAchievedOutput ===>> No Response
Requested Output= 0.000
Achieved Output=  0.000
GetResponseBlob ===>> No Response
GetOutputBlob ===>> No Response
persistence save...
persistence save - db
AutomatedRunPersister post_extraction_save deprecated
persistence save - dvc
no extraction position for 194
create new session 4989601072
close session 4989601072
Extraction Finished
02:04:28 -- ******* Extraction Finished *******
no overlap. not waiting for min ms pumptime
02:04:28 -- Sending spectrometer configuration
======== Sending configuration ========
SetDeflection CDD,50.0 ===>> OK
SetDeflection H2,0.0 ===>> OK
SetDeflection H1,0.0 ===>> OK
SetDeflection L2,825.0 ===>> OK
SetDeflection L1,400.0 ===>> OK
SetDeflection AX,190.0 ===>> OK
SetZFocus 74.64 ===>> OK
SetZSymmetry -50.72 ===>> OK
SetExtractionLens 26.13 ===>> OK
SetIonRepeller -3.81 ===>> OK
SetElectronEnergy 75.08 ===>> OK
SetYSymmetry -2.81 ===>> OK
SetIonCounterVoltage 1590.0 ===>> OK
send trap current 200.0
GetParameter Trap Current Readback ===>> 198.147042666178
SetParameter Trap Current Set,200.0 ===>> OK
updating mftable name mftable
Using mftable located at /Users/jan/PychronDev/setupfiles/spectrometer/mftables/mftable.csv
============ MFtable ===========
Isotope  H2     H1     AX     L1     L2     CDD    
Ar40     5.8073 5.8792 5.9926 6.1472 6.2310 6.3754
Ar39     5.7065 5.7715 5.8850 6.0332 6.1161 6.2619
Ar36     5.3840 5.4405 5.5484 5.6921 5.7711 5.9130
================================
get initial guess parabolic
get initial guess parabolic
get initial guess parabolic
get initial guess parabolic
get initial guess parabolic
get initial guess parabolic
======== Configuration Finished ========
GetYSymmetry ===>> -2.81
GetZSymmetry ===>> -50.72
GetParameter Trap Current Readback ===>> 198.370811206739
GetHighVoltage ===>> 4499.94659342336
start measurement
do measurement
L#=65580 analysis type=unknown
Measurement Started jan_unknown120_60.py
02:04:28 -- ******* Measurement Started jan_unknown120_60.py *******
state changed from extraction to measurement
setting spec, defl, and gains
GetExtractionLens ===>> 26.13
GetYSymmetry ===>> -2.81
GetZSymmetry ===>> -50.72
GetZFocus ===>> 74.64
GetDeflection H2 ===>> 0
GetDeflection H1 ===>> 0
GetDeflection AX ===>> 190
GetDeflection L1 ===>> 400
GetDeflection L2 ===>> 825
GetDeflection CDD ===>> 50
GetGain H2 ===>> 0.0113
GetGain H1 ===>> 0.1
GetGain AX ===>> 0.097049
GetGain L1 ===>> 0.010355
GetGain L2 ===>> 0.095649
GetGain CDD ===>> 0
pre measurement save
New frame /Users/jan/PychronDev/data/isotopes/12/b8bec8-7e9c-4937-bad3-fbdb32f71e8d.h5
flush and close file /Users/jan/PychronDev/data/isotopes/12/b8bec8-7e9c-4937-bad3-fbdb32f71e8d.h5
testing...
no interpolation path defined
executed snippet estimated_duration=226.132928, duration=0.000205039978027
unknown measurement script
activate_detectors ('H2', 'H1', 'AX', 'L1', 'L2', 'CDD') {}
activate detectors
*************** Set Analysis View Ar/Ar
create graphs
clearing graphs
clear isotope group
setting isotope det=H2, iso=PM41
setting isotope det=H1, iso=Ar40
setting isotope det=AX, iso=Ar39
setting isotope det=L1, iso=Ar38
setting isotope det=L2, iso=Ar37
setting isotope det=CDD, iso=Ar36
setting previous blanks
 - setting Ar40 blank 0.083+/-0.006
 - setting Ar36 blank 0.00406+/-0.00016
 - setting Ar37 blank 0.061+/-0.005
 - setting Ar38 blank 0.0057+/-0.0022
 - setting PM41 blank 0.01+/-0.07
 - setting Ar39 blank 0.044+/-0.009
load analysis view
position_magnet ('Ar40',) {'detector': 'H1'}
detector Detector(H1)
POSITION Ar40 H1
setting detector H2 to PM41 (40.9624)
setting detector H1 to Ar40 (39.9624)
setting detector AX to Ar39 (38.9624)
setting detector L1 to Ar38 (37.9624)
setting detector L2 to Ar37 (36.9624)
setting detector CDD to Ar36 (35.9624)
Mapping mass to dac mass func: "parabolic"
H1 map mass coeffs = [-0.00063987  0.15840543  0.57080999]
H1 map mass to dac 39.9624 >> 5.8792
GetDeflection H1 ===>> 0
GetHighVoltage ===>> 4499.94659342336
positioning Ar40 (5.87916537794) on H1
setting magnet DAC
current  : 5.879162
requested: 5.879165
Delta Dac: 0.000004
Checking detector protection. dv=0.00000
Checking detector "CDD". Protection Threshold: 0.1 (V)
SetMagnetDAC 5.87916537794 ===>> OK
Magnet settling time: 0.500
equilibrate () {'delay': 3, 'inlet': 'R', 'outlet': 'O', 'eqtime': 12.0}
Equilibration Started
02:04:30 -- ******* Equilibration Started *******
checking ownership. requestor=129.138.12.150
check software interlocks O
interlocks []
actuate state mode=None-script, software_lock=False
doing actuation None-script close_channel True
update labels <pychron.experiment.plot_panel.PlotPanel object at 0x19372c650>
update labels "<pychron.graph.stacked_regression_graph.StackedRegressionGraph object at 0x189a09950>"
setting label 0 H2 PM41
setting label 1 H1 Ar40
setting label 2 AX Ar39
setting label 3 L1 Ar38
setting label 4 L2 Ar37
setting label 5 CDD Ar36
update labels "<pychron.graph.stacked_graph.StackedGraph object at 0x18eb6ca70>"
setting label 0 H2 PM41
setting label 1 H1 Ar40
setting label 2 AX Ar39
setting label 3 L1 Ar38
setting label 4 L2 Ar37
setting label 5 CDD Ar36
Close O ===>> OK
GetIndicatorState O ===>> False
change switch state (True, True)
update switch state O False args=() kw={} ncanvase=2
02:04:30 -- CLOSE  VALVE-O (Jan Ion Pump)
waiting 3s before opening inlet value ('R',)
checking ownership. requestor=129.138.12.150
check software interlocks R
interlocks []
actuate state mode=None-script, software_lock=False
doing actuation None-script open_channel True
Open R ===>> OK
GetIndicatorState R ===>> OK
change switch state (True, True)
update switch state R True args=() kw={} ncanvase=2
02:04:33 -- OPEN   VALVE-R (Jan Inlet)
equilibrating for 12.0sec
set_time_zero () {}
sniff (12.0,) {}
py_sniff
build tables- sniff [Detector(H2), Detector(H1), Detector(AX), Detector(L1), Detector(L2), Detector(CDD)]
add group /sniff/PM41 (Group) '' table H2
add group /sniff/Ar40 (Group) '' table H1
add group /sniff/Ar39 (Group) '' table AX
add group /sniff/Ar38 (Group) '' table L1
add group /sniff/Ar37 (Group) '' table L2
add group /sniff/Ar36 (Group) '' table CDD
flush and close file /Users/jan/PychronDev/data/isotopes/12/b8bec8-7e9c-4937-bad3-fbdb32f71e8d.h5
measuring sniff. ncounts=12.0
"sniff" increment series count="1" fit count="0" regressing="False"
starting measurement
GetData ===>> H2,-0.0978972497773158,H1,2.65277201041647,AX,0.928037810319525,L1,0.00591566216296834,L2,0.17292...
GetData ===>> H2,0.9288805048715,H1,27.8304011141268,AX,7.07642097901271,L1,0.15546342402556,L2,0.3389772769447...
GetData ===>> H2,0.514311357682276,H1,42.0809291216292,AX,9.28878203092011,L1,0.219335275873297,L2,0.1787572297...
GetData ===>> H2,0.19016727028743,H1,46.7035912377586,AX,9.7653499167481,L1,0.23097911760837,L2,0.0944316586916...
GetData ===>> H2,-0.0414339782768925,H1,48.4328559429169,AX,10.0087443598171,L1,0.225120480880623,L2,0.03535061...
GetData ===>> H2,-0.0764204372165733,H1,49.0502201291126,AX,10.087992747,L1,0.199673707414292,L2,0.040629818676...
GetData ===>> H2,0.032560535615542,H1,49.2683093414188,AX,10.1286030889831,L1,0.161313163497308,L2,0.0825328547...
GetData ===>> H2,0.0472322823807169,H1,49.5609932670585,AX,10.2277873156121,L1,0.146007673075989,L2,0.066699445...
GetData ===>> H2,-0.071073644160136,H1,49.6698594482041,AX,10.1457718705739,L1,0.138179072180809,L2,0.151655477...
GetData ===>> H2,-0.0781768471299369,H1,49.6233000752093,AX,10.155730350594,L1,0.141785554255616,L2,0.058328108...
GetData ===>> H2,-0.0764068836164467,H1,49.5566481323243,AX,10.1698154424389,L1,0.132218620059693,L2,0.21593195...
Equilibration Finished
02:04:46 -- ******* Equilibration Finished *******
checking ownership. requestor=129.138.12.150
check software interlocks R
interlocks []
actuate state mode=None-script, software_lock=False
doing actuation None-script close_channel True
GetData ===>> H2,-0.0945155998899308,H1,49.5790301685639,AX,10.1047033736684,L1,0.126577902335938,L2,0.09394154...
Close R ===>> OK
GetIndicatorState R ===>> False
change switch state (True, True)
update switch state R False args=() kw={} ncanvase=2
02:04:46 -- CLOSE  VALVE-R (Jan Inlet)
Post Equilibration Started jan_pump_extraction_line.py
02:04:46 -- ******* Post Equilibration Started jan_pump_extraction_line.py *******
testing...
no interpolation path defined
calculate duration
testing...
no interpolation path defined
executed snippet estimated_duration=4.0, duration=0.000152826309204
executed snippet estimated_duration=4.0, duration=0.00170707702637
Pump after analysis
doing GOSUB
testing...
no interpolation path defined
executed snippet estimated_duration=4.0, duration=0.000139951705933
Pump Microbone
close () {'description': 'Jan Inlet'}
closing name=--- desc=Jan Inlet
checking ownership. requestor=129.138.12.150
check software interlocks R
interlocks []
actuate state mode=None-script, software_lock=False
doing actuation None-script close_channel False
Close R ===>> OK
GetIndicatorState R ===>> False
change switch state (True, True)
update switch state R False args=() kw={} ncanvase=2
measurement finished
estimated time: 12.583 actual time: :12.703
flush and close file /Users/jan/PychronDev/data/isotopes/12/b8bec8-7e9c-4937-bad3-fbdb32f71e8d.h5
02:04:47 -- CLOSE  VALVE-R (Jan Inlet)
set_fits () {}
---------------------------------------- close None (Jan Inlet) result=[(True, True)]
using default fits file=/Users/jan/PychronDev/scripts/measurement/fits/nominal_linear.yaml
set "Ar40" to "('Linear', 'SEM')"
No fit for "PM41". defaulting to linear. check the measurement script "jan_unknown120_60.py"
set "PM41" to "linear"
set "Ar36" to "('Linear', 'SEM')"
set "Ar37" to "('linear', 'SEM')"
set "Ar38" to "('linear', 'SEM')"
set "Ar39" to "('Linear', 'SEM')"
set_baseline_fits () {}
using default fits file=/Users/jan/PychronDev/scripts/measurement/fits/nominal_linear.yaml
set "H1" to "('average', 'SEM')"
set "H2" to "('average', 'SEM')"
set "CDD" to "('average', 'SEM')"
set "L2" to "('average', 'SEM')"
set "L1" to "('average', 'SEM')"
set "AX" to "('average', 'SEM')"
multicollect () {'integration_time': 1, 'ncounts': 120}
build tables- signal [Detector(H2), Detector(H1), Detector(AX), Detector(L1), Detector(L2), Detector(CDD)]
add group /signal/PM41 (Group) '' table H2
add group /signal/Ar40 (Group) '' table H1
add group /signal/Ar39 (Group) '' table AX
add group /signal/Ar38 (Group) '' table L1
add group /signal/Ar37 (Group) '' table L2
add group /signal/Ar36 (Group) '' table CDD
flush and close file /Users/jan/PychronDev/data/isotopes/12/b8bec8-7e9c-4937-bad3-fbdb32f71e8d.h5
measuring signal. ncounts=120
action=close, ok=True, locked=[False]
is_closed ('F',) {}
is F () closed?
is closed True
open () {'description': 'CO2 Laser to Jan'}
opening name=--- desc=CO2 Laser to Jan
checking ownership. requestor=129.138.12.150
check software interlocks A
interlocks []
actuate state mode=None-script, software_lock=False
doing actuation None-script open_channel False
Open A ===>> OK
GetIndicatorState A ===>> OK
change switch state (True, True)
update switch state A True args=() kw={} ncanvase=2
02:04:47 -- OPEN   VALVE-A (CO2 Laser to Jan)
---------------------------------------- open None (CO2 Laser to Jan) result=[(True, True)], time=0.13 sec
"signal" increment series count="2" fit count="1" regressing="True"
starting measurement
GetData ===>> H2,0.054318916632936,H1,49.6320844708978,AX,10.0821141823394,L1,0.0886467064782128,L2,0.003214188...
action=open, ok=True, locked=[False]
sleep (1,) {}
SLEEP 1.0
close () {'description': 'CO2 Laser to Roughing'}
closing name=--- desc=CO2 Laser to Roughing
checking ownership. requestor=129.138.12.150
check software interlocks G
interlocks []
actuate state mode=None-script, software_lock=True
VALVE-G(CO2 Laser to Roughing) software locked
change switch state (True, False)
---------------------------------------- close None (CO2 Laser to Roughing) result=[(True, False)]
action=close, ok=True, locked=[True]
open () {'description': 'Microbone to Turbo'}
opening name=--- desc=Microbone to Turbo
checking ownership. requestor=129.138.12.150
check software interlocks U
interlocks []
actuate state mode=None-script, software_lock=False
doing actuation None-script open_channel True
GetData ===>> H2,-0.0998943476282536,H1,49.6054056411925,AX,10.1367661379347,L1,0.133373229263565,L2,0.11550893...
Open U ===>> OK
GetIndicatorState U ===>> OK
change switch state (True, True)
update switch state U True args=() kw={} ncanvase=2
02:04:49 -- OPEN   VALVE-U (Microbone to Turbo)
---------------------------------------- open None (Microbone to Turbo) result=[(True, True)], time=0.17 sec
action=open, ok=True, locked=[False]
open () {'description': 'Microbone to Getter NP-10'}
opening name=--- desc=Microbone to Getter NP-10
checking ownership. requestor=129.138.12.150
check software interlocks M
interlocks []
actuate state mode=None-script, software_lock=False
doing actuation None-script open_channel False
Open M ===>> OK
GetIndicatorState M ===>> OK
change switch state (True, True)
update switch state M True args=() kw={} ncanvase=2
02:04:49 -- OPEN   VALVE-M (Microbone to Getter NP-10)
---------------------------------------- open None (Microbone to Getter NP-10) result=[(True, True)], time=0.15 sec
action=open, ok=True, locked=[False]
open () {'description': 'Microbone to Getter D-50'}
opening name=--- desc=Microbone to Getter D-50
checking ownership. requestor=129.138.12.150
check software interlocks K
interlocks []
actuate state mode=None-script, software_lock=False
doing actuation None-script open_channel False
GetData ===>> H2,-0.062862385797553,H1,49.611270921992,AX,9.9440659602423,L1,0.156752593063798,L2,0.05175928903...
Open K ===>> OK
GetIndicatorState K ===>> OK
change switch state (True, True)
update switch state K True args=() kw={} ncanvase=2
02:04:50 -- OPEN   VALVE-K (Microbone to Getter D-50)
---------------------------------------- open None (Microbone to Getter D-50) result=[(True, True)], time=0.41 sec
action=open, ok=True, locked=[False]
open () {'description': 'Microbone to CO2 Laser'}
opening name=--- desc=Microbone to CO2 Laser
checking ownership. requestor=129.138.12.150
check software interlocks T
interlocks []
actuate state mode=None-script, software_lock=False
doing actuation None-script open_channel False
Open T ===>> OK
GetIndicatorState T ===>> OK
change switch state (True, True)
update switch state T True args=() kw={} ncanvase=2
02:04:50 -- OPEN   VALVE-T (Microbone to CO2 Laser)
---------------------------------------- open None (Microbone to CO2 Laser) result=[(True, True)], time=0.42 sec
GetData ===>> H2,-0.0191120213723423,H1,49.5933335569873,AX,9.99610788475248,L1,0.1815682576473,L2,0.0791025357...
action=open, ok=True, locked=[False]
open () {'description': 'Microbone to Inlet Pipette'}
opening name=--- desc=Microbone to Inlet Pipette
checking ownership. requestor=129.138.12.150
check software interlocks S
interlocks []
actuate state mode=None-script, software_lock=False
doing actuation None-script open_channel False
Open S ===>> OK
GetIndicatorState S ===>> OK
change switch state (True, True)
update switch state S True args=() kw={} ncanvase=2
02:04:51 -- OPEN   VALVE-S (Microbone to Inlet Pipette)
---------------------------------------- open None (Microbone to Inlet Pipette) result=[(True, True)], time=0.43 sec
action=open, ok=True, locked=[False]
sleep (1,) {}
SLEEP 1.0
testing H1>-5.0
evaluate ot="H1.bs>-5.0" t="H1>-5.0", ctx="{'H1': None}"
GetData ===>> H2,-0.109486268279238,H1,49.5971589863575,AX,10.0015721149303,L1,0.198438560117947,L2,0.086578738...
set_resource () {'name': 'CO2PumpTimeFlag', 'value': 30}
Set CO2PumpTimeFlag 30 ===>> OK
release ('JanCO2Flag',) {}
release JanCO2Flag
Set JanCO2Flag 0 ===>> OK
executed snippet estimated_duration=6.0, duration=5.95939683914
PumpMicrobone.py completed successfully
gosub finished
get_resource_value () {'name': 'JanMiniboneFlag'}
Read JanMiniboneFlag ===>> 0
Get Resource Value JanMiniboneFlag=0.0
get resource value 0.0
get_resource_value () {'name': 'JanMiniboneFlag'}
Read JanMiniboneFlag ===>> 0
Get Resource Value JanMiniboneFlag=0.0
executed snippet estimated_duration=4.0, duration=5.97375202179
jan_pump_extraction_line.py completed successfully
Post Equilibration Finished
02:04:52 -- ******* Post Equilibration Finished *******
GetData ===>> H2,-0.252629522984604,H1,49.3771315658409,AX,10.0761749795059,L1,0.169177875732324,L2,0.087068814...
GetData ===>> H2,-0.25511816054098,H1,49.5560826807026,AX,10.0742847510882,L1,0.11830316889323,L2,0.10618374955...
GetData ===>> H2,-0.253065175015284,H1,49.693599246364,AX,10.1380962030732,L1,0.119992181832341,L2,0.0485092586...
GetData ===>> H2,-0.254423118192948,H1,49.7066692233968,AX,9.9813388476503,L1,0.14023958935284,L2,0.05021978718...
testing H1>-5.0
evaluate ot="H1.bs>-5.0" t="H1>-5.0", ctx="{'H1': None}"
GetData ===>> H2,-0.245341960366366,H1,49.6745177487921,AX,10.0810775410083,L1,0.127552005793753,L2,-0.03230685...
GetData ===>> H2,-0.109562091269524,H1,49.6803966827472,AX,9.96859601591072,L1,0.126261670789417,L2,0.031827507...
GetData ===>> H2,-0.164957084908917,H1,49.7362082391848,AX,10.1069357295647,L1,0.119487500858878,L2,0.119282591...
GetData ===>> H2,-0.25000853291037,H1,49.5883472782604,AX,10.1312752261939,L1,0.102976397484406,L2,0.0902258779...
GetData ===>> H2,-0.254990448039153,H1,49.5372605550184,AX,10.0136603213697,L1,0.133118382658219,L2,-0.00156146...
testing H1>-5.0
evaluate ot="H1.bs>-5.0" t="H1>-5.0", ctx="{'H1': None}"
GetData ===>> H2,-0.235089395812087,H1,49.6213199492992,AX,10.1721712837882,L1,0.15516110977699,L2,0.0344612744...
GetData ===>> H2,-0.21294903915974,H1,49.6621943241228,AX,10.2305963903832,L1,0.119684299300475,L2,0.2064600464...
GetData ===>> H2,-0.144595729259067,H1,49.6053163243246,AX,10.0221143756653,L1,0.141031277666756,L2,0.179487349...
GetData ===>> H2,-0.0692944378107455,H1,49.6566542811198,AX,9.87153432778337,L1,0.10159257972232,L2,0.049204869...
GetData ===>> H2,-0.133588494432067,H1,49.5493420993446,AX,10.0171248132852,L1,0.102170454454971,L2,-0.02102633...
testing H1>-5.0
evaluate ot="H1.bs>-5.0" t="H1>-5.0", ctx="{'H1': None}"
GetData ===>> H2,-0.18426979398936,H1,49.6712435257695,AX,9.95739095172028,L1,0.122245442341024,L2,0.0833078276...
GetData ===>> H2,-0.243059762880697,H1,49.7569373625862,AX,10.042526536402,L1,0.146223933959646,L2,0.0503110162...
GetData ===>> H2,-0.253760300994328,H1,49.6481659821471,AX,10.1145114640323,L1,0.167936765473168,L2,0.028293127...
GetData ===>> H2,-0.226725751240472,H1,49.6617773230887,AX,9.94377339069568,L1,0.132989150098123,L2,0.171832777...
GetData ===>> H2,-0.245586838587352,H1,49.6496700071147,AX,10.0105374995777,L1,0.136191462692474,L2,0.032180952...
testing H1>-5.0
evaluate ot="H1.bs>-5.0" t="H1>-5.0", ctx="{'H1': None}"
02:05:13 -- collecting point 25
GetData ===>> H2,-0.142479730746502,H1,49.5752797072005,AX,10.0880659262805,L1,0.143388745306979,L2,0.069801816...
GetData ===>> H2,-0.153468643300603,H1,49.4635877327491,AX,10.0168808311427,L1,0.135727541857498,L2,0.133352447...
GetData ===>> H2,-0.168487987122731,H1,49.5624664806199,AX,10.0518119996923,L1,0.108492183157976,L2,0.069744786...
GetData ===>> H2,-0.24836758287889,H1,49.6101990734616,AX,9.95752506384028,L1,0.117689930098308,L2,-0.000775036...
GetData ===>> H2,-0.211222319680087,H1,49.5682553365621,AX,10.0837728303017,L1,0.148888308042565,L2,0.029843678...
testing H1>-5.0
evaluate ot="H1.bs>-5.0" t="H1>-5.0", ctx="{'H1': None}"
GetData ===>> H2,-0.113544794547863,H1,49.592306516135,AX,9.82013870045005,L1,0.116103890137871,L2,0.0875133043...
GetData ===>> H2,-0.0504686892994302,H1,49.6000913987071,AX,9.93101085852921,L1,0.137068621033004,L2,0.12083313...
GetData ===>> H2,-0.0917778527861855,H1,49.576723323837,AX,9.96404800186764,L1,0.139607491763279,L2,0.081415993...
GetData ===>> H2,-0.162336541370548,H1,49.5274265648265,AX,9.97037625876218,L1,0.145379455320189,L2,0.027107430...
GetData ===>> H2,-0.162336541370548,H1,49.5274265648265,AX,9.97037625876218,L1,0.145379455320189,L2,0.027107430...
testing H1>-5.0
evaluate ot="H1.bs>-5.0" t="H1>-5.0", ctx="{'H1': None}"
GetData ===>> H2,-0.164448144741045,H1,49.5539101798669,AX,10.0951401703092,L1,0.138993560889345,L2,0.077330045...
GetData ===>> H2,-0.145021313453715,H1,49.44219124673,AX,10.0357423660876,L1,0.12971057604937,L2,0.037494187344...
GetData ===>> H2,-0.206839686284254,H1,49.4662067479135,AX,9.89437770601024,L1,0.101345273895471,L2,0.009471908...
GetData ===>> H2,-0.146035895790706,H1,49.5161206648311,AX,9.92229619499195,L1,0.115099767970472,L2,0.054473434...
GetData ===>> H2,-0.258280936411032,H1,49.5322616371987,AX,10.0119037223872,L1,0.120784267739586,L2,0.008468821...
testing H1>-5.0
evaluate ot="H1.bs>-5.0" t="H1>-5.0", ctx="{'H1': None}"
GetData ===>> H2,-0.190870861068752,H1,49.6330373916382,AX,10.0146728192025,L1,0.10927975174086,L2,0.1248122312...
GetData ===>> H2,-0.176200342367881,H1,49.5604426765525,AX,9.85245067396644,L1,0.0978305653791058,L2,0.06755486...
GetData ===>> H2,-0.162093492713351,H1,49.4290546098122,AX,10.0309229499231,L1,0.149723410119616,L2,0.013290572...
GetData ===>> H2,-0.163679966290378,H1,49.6716900056744,AX,9.94761343256712,L1,0.130403637375917,L2,0.032363375...
GetData ===>> H2,-0.230170750656248,H1,49.6067751744983,AX,9.88793231091013,L1,0.150643189638916,L2,0.074957448...
testing H1>-5.0
evaluate ot="H1.bs>-5.0" t="H1>-5.0", ctx="{'H1': None}"
GetData ===>> H2,-0.189768029274259,H1,49.4842613860669,AX,9.94270064284908,L1,0.131404675456178,L2,0.018101165...
GetData ===>> H2,-0.130957775451373,H1,49.4503298116394,AX,9.92124804771302,L1,0.108288366045796,L2,0.112066036...
GetData ===>> H2,-0.246936264489487,H1,49.4469969530765,AX,9.94611397049455,L1,0.12590924115175,L2,0.0279510981...
GetData ===>> H2,-0.243740702631451,H1,49.5594605481636,AX,9.96326766588846,L1,0.108142440338037,L2,0.006781836...
GetData ===>> H2,-0.13987134774973,H1,49.4374749903633,AX,9.96425527961243,L1,0.0932960553487548,L2,0.118267908...
testing H1>-5.0
evaluate ot="H1.bs>-5.0" t="H1>-5.0", ctx="{'H1': None}"
02:05:39 -- collecting point 50
GetData ===>> H2,-0.0970306032112679,H1,49.4854660008149,AX,9.94866184999707,L1,0.0994695654684548,L2,0.1826018...
GetData ===>> H2,-0.172212058276434,H1,49.4920692807337,AX,9.92940194169353,L1,0.13135154187935,L2,0.1237062776...
GetData ===>> H2,-0.214379242046183,H1,49.5644456736711,AX,9.9239537521435,L1,0.105025438942351,L2,0.0082294505...
GetData ===>> H2,-0.144417384466921,H1,49.4586028273026,AX,9.91622683993533,L1,0.139392370021907,L2,0.102171234...
GetData ===>> H2,-0.019371460875436,H1,49.4781492607187,AX,9.93144965842124,L1,0.15836609911598,L2,0.0988086024...
testing H1>-5.0
evaluate ot="H1.bs>-5.0" t="H1>-5.0", ctx="{'H1': None}"
GetData ===>> H2,-0.0943760869141616,H1,49.4333242370847,AX,9.92574540662101,L1,0.123496665099769,L2,0.13706978...
GetData ===>> H2,-0.216452849554445,H1,49.4285785628598,AX,9.93755648560692,L1,0.0872829172539352,L2,0.02788269...
GetData ===>> H2,-0.198314757728872,H1,49.4648377104051,AX,9.96765713318303,L1,0.083559377074371,L2,0.049102238...
GetData ===>> H2,-0.228186537718226,H1,49.5189470438567,AX,9.89594951802041,L1,0.110174735578825,L2,0.007841898...
GetData ===>> H2,-0.147077403206756,H1,49.4856147194912,AX,9.95912223078189,L1,0.121286598211021,L2,0.149864932...
testing H1>-5.0
evaluate ot="H1.bs>-5.0" t="H1>-5.0", ctx="{'H1': None}"
GetData ===>> H2,-0.120633582157617,H1,49.5601748225895,AX,9.96307258282355,L1,0.130340849380151,L2,0.019822550...
GetData ===>> H2,-0.0488616889569567,H1,49.5843732822483,AX,9.98436321679018,L1,0.139408081005837,L2,-0.0803196...
GetData ===>> H2,-0.182440502724942,H1,49.5380639711915,AX,9.98085105454707,L1,0.135280554884283,L2,0.239296208...
GetData ===>> H2,-0.286539783440176,H1,49.5269207526884,AX,9.93280263660301,L1,0.137951897088927,L2,0.086943445...
GetData ===>> H2,-0.15601693261857,H1,49.4988513912402,AX,9.88826127209087,L1,0.136841470820341,L2,0.0931550878...
testing H1>-5.0
evaluate ot="H1.bs>-5.0" t="H1>-5.0", ctx="{'H1': None}"
GetData ===>> H2,-0.201926908894246,H1,49.371555325071,AX,9.92300309108092,L1,0.114696698852879,L2,0.0576894535...
GetData ===>> H2,-0.227909204763324,H1,49.4411944205956,AX,9.89046655769619,L1,0.0957867098617581,L2,0.07853272...
GetData ===>> H2,-0.248171190909497,H1,49.3882401800601,AX,9.92536757211355,L1,0.0862324912138997,L2,-0.0089581...
GetData ===>> H2,-0.134577054276133,H1,49.5508449347527,AX,9.91252202910224,L1,0.112423399809751,L2,0.046604906...
GetData ===>> H2,-0.125763054769716,H1,49.3872289132218,AX,9.90835427729002,L1,0.0972770557784117,L2,0.04863469...
testing H1>-5.0
evaluate ot="H1.bs>-5.0" t="H1>-5.0", ctx="{'H1': None}"
GetData ===>> H2,-0.0825423022800146,H1,49.430006709164,AX,9.94399281777723,L1,0.124868921046876,L2,0.014384904...
GetData ===>> H2,-0.0858024289545998,H1,49.4962039446163,AX,9.87663861872925,L1,0.125544754899753,L2,0.08328503...
GetData ===>> H2,-0.203522953162744,H1,49.4268826603475,AX,9.82299042158926,L1,0.13616850777695,L2,0.0989453851...
GetData ===>> H2,-0.227432606989164,H1,49.4574124315659,AX,9.87606604834895,L1,0.140900735490791,L2,-0.04138727...
GetData ===>> H2,-0.158000040282433,H1,49.4046446676355,AX,9.86433515234727,L1,0.139678797167784,L2,0.002518911...
testing H1>-5.0
evaluate ot="H1.bs>-5.0" t="H1>-5.0", ctx="{'H1': None}"
02:06:05 -- collecting point 75
GetData ===>> H2,-0.217016485280049,H1,49.4362996734549,AX,9.87544475220077,L1,0.173894510271978,L2,0.101407507...
GetData ===>> H2,-0.22428574938983,H1,49.4989703789235,AX,9.86282472976873,L1,0.173473336344062,L2,0.0811196851...
GetData ===>> H2,-0.15336053776855,H1,49.5359512952938,AX,9.81288788738783,L1,0.130577513855731,L2,0.1845412991...
GetData ===>> H2,-0.104622346734122,H1,49.4712961276929,AX,9.84513662116408,L1,0.089672079013566,L2,0.043742747...
GetData ===>> H2,-0.0866812977378832,H1,49.4672632979945,AX,9.89358571686173,L1,0.0937504998162417,L2,0.0400140...
testing H1>-5.0
evaluate ot="H1.bs>-5.0" t="H1>-5.0", ctx="{'H1': None}"
GetData ===>> H2,-0.0934902072835074,H1,49.3653548379294,AX,9.90691632045081,L1,0.0868359910056748,L2,0.0837978...
GetData ===>> H2,-0.106631793394106,H1,49.4457471540576,AX,9.83327677743998,L1,0.0775208605001933,L2,0.07041773...
GetData ===>> H2,-0.127954511169717,H1,49.2799669481959,AX,9.87739392924031,L1,0.061104993824771,L2,0.067919851...
GetData ===>> H2,-0.267204276000653,H1,49.2952973638721,AX,9.93867793859832,L1,0.0830663755381852,L2,0.10784808...
GetData ===>> H2,-0.267561821629489,H1,49.3035898305844,AX,9.81835946174034,L1,0.120196234626996,L2,0.041131529...
testing H1>-5.0
evaluate ot="H1.bs>-5.0" t="H1>-5.0", ctx="{'H1': None}"
GetData ===>> H2,-0.192123213318031,H1,49.4544513714098,AX,9.81281477256379,L1,0.166969143418664,L2,0.058476368...
GetData ===>> H2,-0.211986041707152,H1,49.5132794746109,AX,9.86791640470349,L1,0.156075335627256,L2,0.088527661...
GetData ===>> H2,-0.197435478106204,H1,49.395155680271,AX,9.96643781782408,L1,0.147521596095243,L2,0.1196702256...
GetData ===>> H2,-0.103565384000973,H1,49.355467408311,AX,9.79984990376263,L1,0.125393895221097,L2,0.0329448540...
GetData ===>> H2,-0.247485137353793,H1,49.4280727649623,AX,9.78360958241293,L1,0.0866059099911482,L2,0.08481220...
testing H1>-5.0
evaluate ot="H1.bs>-5.0" t="H1>-5.0", ctx="{'H1': None}"
GetData ===>> H2,-0.134739326731917,H1,49.3772059174012,AX,9.88639717272197,L1,0.110715141482685,L2,0.105545383...
GetData ===>> H2,-0.245459018200559,H1,49.3608793779947,AX,9.83647014577418,L1,0.109795986132209,L2,0.029342026...
GetData ===>> H2,-0.306053560799064,H1,49.3495501936082,AX,9.89531591647487,L1,0.0898925898603972,L2,0.07612092...
GetData ===>> H2,-0.220033339352556,H1,49.3763434420253,AX,9.8152154032763,L1,0.149705281269324,L2,0.1213005877...
GetData ===>> H2,-0.199095533117236,H1,49.1892775003873,AX,9.80441910131265,L1,0.140784699411804,L2,0.029182411...
testing H1>-5.0
evaluate ot="H1.bs>-5.0" t="H1>-5.0", ctx="{'H1': None}"
GetData ===>> H2,-0.291047861070718,H1,49.3843884869668,AX,9.93830005632587,L1,0.103270799862616,L2,0.087433523...
GetData ===>> H2,-0.299822493886102,H1,49.310976237308,AX,9.82656127857795,L1,0.0911808066652282,L2,0.099811680...
GetData ===>> H2,-0.265263116231459,H1,49.2886994508128,AX,9.86960962549885,L1,0.148234535145669,L2,0.037277547...
GetData ===>> H2,-0.160832256528456,H1,49.2152393688513,AX,9.6876579567592,L1,0.14371849004962,L2,0.09647192787...
GetData ===>> H2,-0.0651654724327691,H1,49.3359476107952,AX,9.81495949579557,L1,0.168962545532808,L2,0.06960791...
testing H1>-5.0
evaluate ot="H1.bs>-5.0" t="H1>-5.0", ctx="{'H1': None}"
02:06:31 -- collecting point 100
GetData ===>> H2,-0.204488019321227,H1,49.3417601177364,AX,9.75764017671323,L1,0.105939338358782,L2,0.057826307...
GetData ===>> H2,-0.187289636191665,H1,49.2381741240075,AX,9.80990240792582,L1,0.132068868668441,L2,0.039786038...
GetData ===>> H2,-0.194242055648618,H1,49.2848805479758,AX,9.86560197558141,L1,0.15739361048377,L2,0.0887328132...
GetData ===>> H2,-0.309182939961986,H1,49.2157892779813,AX,9.84614836729233,L1,0.164326795462655,L2,0.031280239...
GetData ===>> H2,-0.208782643287199,H1,49.2750896536203,AX,9.76101387765524,L1,0.140113891856061,L2,0.135701425...
testing H1>-5.0
evaluate ot="H1.bs>-5.0" t="H1>-5.0", ctx="{'H1': None}"
GetData ===>> H2,-0.261196890237472,H1,49.1909120321463,AX,9.79435495263467,L1,0.127524241945344,L2,0.100780572...
GetData ===>> H2,-0.173137488915583,H1,49.0557459665344,AX,9.77867586218774,L1,0.115781642969697,L2,0.082373302...
GetData ===>> H2,-0.249626562564415,H1,49.2153731303083,AX,9.89024724539645,L1,0.0952152276661143,L2,0.00752273...
GetData ===>> H2,-0.241918491135094,H1,49.1468020480323,AX,9.79044409193405,L1,0.149945793319185,L2,0.063175183...
GetData ===>> H2,-0.224701879683745,H1,49.1047271406935,AX,9.78983493706659,L1,0.125521824083844,L2,0.055032238...
testing H1>-5.0
evaluate ot="H1.bs>-5.0" t="H1>-5.0", ctx="{'H1': None}"
GetData ===>> H2,-0.232341678047824,H1,49.1697985029352,AX,9.85766835131125,L1,0.0871901573518638,L2,0.10520340...
GetData ===>> H2,-0.195881737247802,H1,49.1777323725793,AX,9.75158728120514,L1,0.0950259463756609,L2,0.20827447...
GetData ===>> H2,-0.195710435050153,H1,49.3301948334716,AX,9.83744523994897,L1,0.0554734570932748,L2,0.07577872...
GetData ===>> H2,-0.164255092490296,H1,49.3932222760282,AX,9.74191800669585,L1,0.0954575611111865,L2,0.02212537...
GetData ===>> H2,-0.107731764145392,H1,49.1388107332209,AX,9.76508195394414,L1,0.140237172078596,L2,0.057404341...
testing H1>-5.0
evaluate ot="H1.bs>-5.0" t="H1>-5.0", ctx="{'H1': None}"
GetData ===>> H2,-0.181774006046657,H1,49.127998022341,AX,9.82912067259242,L1,0.149150554112594,L2,0.0843335366...
GetData ===>> H2,-0.30730434326589,H1,49.213530207306,AX,9.79057810649196,L1,0.144971134643147,L2,0.10600135884...
GetData ===>> H2,-0.20771015073796,H1,49.213901762171,AX,9.80950028878233,L1,0.120390631940778,L2,0.11567994598...
GetData ===>> H2,-0.0429373920876382,H1,49.1555366359796,AX,9.66983781400883,L1,0.149863607655825,L2,-0.0148499...
GetData ===>> H2,-0.110087422371316,H1,49.2702125497416,AX,9.77767696510176,L1,0.146039084985157,L2,0.115907957...
testing H1>-5.0
evaluate ot="H1.bs>-5.0" t="H1>-5.0", ctx="{'H1': None}"
GetData ===>> H2,-0.209340406996222,H1,49.1150032165067,AX,9.69296460169767,L1,0.0994635348123251,L2,0.10627494...
measurement finished
estimated time: 125.829 actual time: :126.375
flush and close file /Users/jan/PychronDev/data/isotopes/12/b8bec8-7e9c-4937-bad3-fbdb32f71e8d.h5
baselines () {'settling_time': 15.0, 'detector': 'H1', 'mass': 34.2, 'ncounts': 60}
%%%%%%%%%%%%%%%%%%%%%%%%%%%%%%%% Baseline
build tables- baseline [Detector(H2), Detector(H1), Detector(AX), Detector(L1), Detector(L2), Detector(CDD)]
add group baseline table H2
add group baseline table H1
add group baseline table AX
add group baseline table L1
add group baseline table L2
add group baseline table CDD
flush and close file /Users/jan/PychronDev/data/isotopes/12/b8bec8-7e9c-4937-bad3-fbdb32f71e8d.h5
detector Detector(H1)
POSITION 34.2 H1
Mapping mass to dac mass func: "parabolic"
H1 map mass coeffs = [-0.00063987  0.15840543  0.57080999]
H1 map mass to dac 34.2 >> 5.23985599104
GetDeflection H1 ===>> 0
GetHighVoltage ===>> 4499.94659342336
positioning 34.2 (5.23982513402) on H1
setting magnet DAC
current  : 5.879165
requested: 5.239825
Delta Dac: 0.639340
Checking detector protection. dv=0.63934
Checking detector "CDD". Protection Threshold: 0.1 (V)
ProtectDetector CDD,On ===>> OK
GetDeflection CDD ===>> 2000
Protected = 2000
SetMagnetDAC 5.23982513402 ===>> OK
Magnet settling time: 0.500
GetMagnetMoving ===>> True
GetMagnetMoving ===>> True
GetMagnetMoving ===>> True
GetMagnetMoving ===>> True
GetMagnetMoving ===>> True
GetMagnetMoving ===>> True
GetMagnetMoving ===>> True
GetMagnetMoving ===>> True
GetMagnetMoving ===>> False
ProtectDetector CDD,Off ===>> OK
GetDeflection CDD ===>> 50
Delaying 15.0s for detectors to settle
Join finished
measuring baseline. ncounts=60
"baseline" increment series count="2" fit count="1" regressing="True"
starting measurement
GetData ===>> H2,-0.108202567781407,H1,-0.0975785284384355,AX,0.00508167924901941,L1,-0.0081170071482067,L2,-0....
GetData ===>> H2,-0.148079645572322,H1,-0.0191580572520554,AX,0.00566175027649318,L1,0.0160605395992269,L2,0.01...
GetData ===>> H2,-0.162291982840311,H1,-0.0129323348049713,AX,-0.143858201932024,L1,-0.0160448172740498,L2,-0.1...
GetData ===>> H2,-0.22576704955312,H1,-0.10561023578084,AX,-0.175831028229622,L1,-0.0399798176609791,L2,-0.0045...
testing H1>-5.0
evaluate ot="H1.bs>-5.0" t="H1>-5.0", ctx="{'H1': None}"
GetData ===>> H2,-0.180623060099494,H1,-0.0197424442676784,AX,-0.0681998844609531,L1,-0.0239806774419869,L2,-0....
GetData ===>> H2,-0.174537158786356,H1,-0.103227007109097,AX,-0.130166067827781,L1,-0.0202647070681524,L2,0.007...
GetData ===>> H2,-0.183048950250663,H1,-0.0145663262600458,AX,-0.0700315065330459,L1,-0.0167764396256251,L2,-0....
GetData ===>> H2,-0.16537016012126,H1,-0.000921082595550637,AX,-0.0577891243959765,L1,-0.00665508489645265,L2,0...
GetData ===>> H2,-0.197188674151196,H1,-0.0417081508626403,AX,-0.0885312750723724,L1,-0.0130768458118571,L2,-0....
testing H1>-5.0
evaluate ot="H1.bs>-5.0" t="H1>-5.0", ctx="{'H1': None}"
GetData ===>> H2,-0.115379995945624,H1,0.0517211814232034,AX,-0.0831532588904163,L1,0.000817345244361276,L2,-0....
GetData ===>> H2,-0.184712233029607,H1,-0.049493967696068,AX,-0.122704866114991,L1,-0.0395629925222646,L2,-0.07...
GetData ===>> H2,-0.204490714921441,H1,-0.112652344779573,AX,-0.117270804708503,L1,-0.0134699796108065,L2,-0.03...
GetData ===>> H2,-0.142047294217929,H1,0.0221751064484412,AX,-0.0740192226853539,L1,-0.0110965603813066,L2,-0.0...
GetData ===>> H2,-0.167166727105596,H1,0.030169347049447,AX,-0.0653248638298183,L1,-0.00305874026754007,L2,-0.1...
testing H1>-5.0
evaluate ot="H1.bs>-5.0" t="H1>-5.0", ctx="{'H1': None}"
GetData ===>> H2,-0.184844421826944,H1,-0.0320614825354724,AX,-0.0732193741176132,L1,0.0112748985171154,L2,0.03...
GetData ===>> H2,-0.163970233161967,H1,-0.0418750813142353,AX,-0.111963901672943,L1,0.0155501710695744,L2,-0.03...
GetData ===>> H2,-0.2290359958192,H1,-0.0391922367630525,AX,-0.173188277932682,L1,-0.00136928642658743,L2,0.020...
GetData ===>> H2,-0.24054289005344,H1,-0.0182755071284955,AX,-0.00628701509809309,L1,-0.00481268856004116,L2,0....
GetData ===>> H2,-0.260568807348198,H1,-0.0244054918889123,AX,-0.0609542060378913,L1,-0.0357293071723814,L2,-0....
testing H1>-5.0
evaluate ot="H1.bs>-5.0" t="H1>-5.0", ctx="{'H1': None}"
GetData ===>> H2,-0.170630826896747,H1,-0.055121317282114,AX,-0.148704650546686,L1,-0.0498874986785408,L2,-0.01...
GetData ===>> H2,-0.128243789651693,H1,-0.0570526651743506,AX,-0.0718283174697116,L1,-0.0430527705753509,L2,0.0...
GetData ===>> H2,-0.279518284320814,H1,-0.00872200033030772,AX,-0.0554471295862721,L1,-0.0470787607723853,L2,-0...
GetData ===>> H2,-0.295446768582454,H1,-0.0915841189672804,AX,-0.0946507250103753,L1,-0.0142178502932051,L2,-0....
GetData ===>> H2,-0.172823174743369,H1,0.0921483000418501,AX,-0.139626057674526,L1,-0.0171038533816189,L2,-0.07...
testing H1>-5.0
evaluate ot="H1.bs>-5.0" t="H1>-5.0", ctx="{'H1': None}"
02:07:37 -- collecting point 25
GetData ===>> H2,-0.0641691972729488,H1,-0.00418943099582665,AX,0.00629983239920072,L1,-0.0245942798371175,L2,0...
GetData ===>> H2,-0.0816211166694618,H1,-0.0747072720885587,AX,-0.11995890713853,L1,-0.0140644454535132,L2,-0.0...
GetData ===>> H2,-0.11581845149814,H1,-0.150583598641574,AX,-0.0823650763714125,L1,-0.0250520603669093,L2,0.126...
GetData ===>> H2,-0.250000463247981,H1,-0.0563015898676909,AX,0.0382092722503506,L1,-0.0441267651510862,L2,-0.0...
GetData ===>> H2,-0.222548340884038,H1,-0.104204137730934,AX,-0.0896787012538479,L1,-0.0199397940819642,L2,0.03...
testing H1>-5.0
evaluate ot="H1.bs>-5.0" t="H1>-5.0", ctx="{'H1': None}"
GetData ===>> H2,-0.182726517608012,H1,-0.0108570079337287,AX,-0.0971192577973157,L1,-0.00611895355792941,L2,-0...
GetData ===>> H2,-0.0994651704451328,H1,0.0712125211946858,AX,-0.153921849243876,L1,-0.0190441308919788,L2,-0.0...
GetData ===>> H2,-0.199540510527964,H1,-0.011560715544978,AX,-0.101233339929365,L1,-0.0169731290204936,L2,-0.09...
GetData ===>> H2,-0.197631029329749,H1,-0.0242385322970272,AX,-0.0844398372260316,L1,-0.0138822741689925,L2,-0....
GetData ===>> H2,-0.196442834948052,H1,-0.0806073409153506,AX,-0.162454264438485,L1,-0.0194170338226941,L2,-0.0...
testing H1>-5.0
evaluate ot="H1.bs>-5.0" t="H1>-5.0", ctx="{'H1': None}"
GetData ===>> H2,-0.131053817564756,H1,-0.0183470655365834,AX,-0.0698112500063181,L1,-0.0509643522302764,L2,-0....
GetData ===>> H2,-0.156129065807743,H1,-0.13374831822881,AX,-0.180826557389801,L1,-0.035962964213344,L2,-0.0131...
GetData ===>> H2,-0.232639088180233,H1,-0.0250375506782195,AX,-0.100143994270487,L1,-0.0122162127294495,L2,0.01...
GetData ===>> H2,-0.210253786698986,H1,-0.0451063230539227,AX,0.0410294093762033,L1,-0.0180716405434518,L2,-0.0...
GetData ===>> H2,-0.0877357274011785,H1,-0.0234395075370262,AX,-0.0378455829150447,L1,-0.00494704135636426,L2,-...
testing H1>-5.0
evaluate ot="H1.bs>-5.0" t="H1>-5.0", ctx="{'H1': None}"
GetData ===>> H2,-0.136520114432765,H1,-0.0897130269593259,AX,-0.115080873255102,L1,-0.0184721596673686,L2,-0.0...
GetData ===>> H2,-0.103811701645838,H1,-0.0529872537327723,AX,-0.0785399822920755,L1,-0.0214347864492995,L2,-0....
GetData ===>> H2,-0.133115145271433,H1,-0.0498754929218358,AX,-0.0840457519756552,L1,-0.0139649707529275,L2,-0....
GetData ===>> H2,-0.0889310344827576,H1,-0.0406350198824733,AX,-0.0771026353451614,L1,-0.0044312128124431,L2,-0...
GetData ===>> H2,-0.190303280131171,H1,-0.0704995357412528,AX,-0.0674695445265657,L1,-0.0241460661475884,L2,-0....
testing H1>-5.0
evaluate ot="H1.bs>-5.0" t="H1>-5.0", ctx="{'H1': None}"
GetData ===>> H2,-0.213347682631948,H1,-0.000754083826248619,AX,-0.120480297715815,L1,-0.0273646120574829,L2,-0...
GetData ===>> H2,-0.216108172325389,H1,-0.0424712592255403,AX,-0.162744075180009,L1,-0.0119740714930681,L2,-0.0...
GetData ===>> H2,-0.144553845506843,H1,-0.0496608851612955,AX,-0.147568423499051,L1,0.025962311723053,L2,0.0733...
GetData ===>> H2,-0.184702790913588,H1,-0.0357700151123684,AX,0.0137250955296022,L1,0.00550657651909036,L2,-0.0...
GetData ===>> H2,-0.189413428495069,H1,-0.0900943988700885,AX,-0.0134323719761397,L1,-0.0156226109891894,L2,0.0...
testing H1>-5.0
evaluate ot="H1.bs>-5.0" t="H1>-5.0", ctx="{'H1': None}"
02:08:03 -- collecting point 50
GetData ===>> H2,-0.272847066775156,H1,-0.0738848106243804,AX,-0.163057069810846,L1,-0.00738307436063507,L2,0.0...
GetData ===>> H2,-0.21706230328779,H1,-0.0799875520587577,AX,-0.116007834384769,L1,-0.00544485082058133,L2,0.06...
GetData ===>> H2,-0.178698708613456,H1,-0.0924898579439002,AX,-0.0829214411652466,L1,0.0236254294723747,L2,-0.0...
GetData ===>> H2,-0.210655219336022,H1,0.00705938433351885,AX,-0.0161697398610846,L1,0.0139159647990667,L2,-0.0...
GetData ===>> H2,-0.202650818365452,H1,-0.00768429862472149,AX,0.00169413348670562,L1,-0.00987726835162798,L2,-...
testing H1>-5.0
evaluate ot="H1.bs>-5.0" t="H1>-5.0", ctx="{'H1': None}"
GetData ===>> H2,-0.202304372126901,H1,-0.0202671970476185,AX,-0.154049377263693,L1,0.0109244090239844,L2,0.053...
GetData ===>> H2,-0.114314911485684,H1,0.0579632489685402,AX,-0.149632172990481,L1,0.00759056724889339,L2,-0.00...
GetData ===>> H2,-0.160397408087402,H1,0.0453243610713862,AX,-0.0953924503642985,L1,0.0159512585159662,L2,-0.05...
GetData ===>> H2,-0.118377124432195,H1,-0.0282454856354029,AX,-0.13574159882649,L1,-0.00990124798649264,L2,-0.0...
GetData ===>> H2,-0.119080624594233,H1,-0.0457024817166694,AX,-0.0229432345250514,L1,-0.0203282497094905,L2,-0....
testing H1>-5.0
evaluate ot="H1.bs>-5.0" t="H1>-5.0", ctx="{'H1': None}"
GetData ===>> H2,-0.10756670767626,H1,-0.0370459093393947,AX,-0.0840921150291432,L1,-0.0199182127739615,L2,-0.0...
measurement finished
estimated time: 62.915 actual time: :63.191
flush and close file /Users/jan/PychronDev/data/isotopes/12/b8bec8-7e9c-4937-bad3-fbdb32f71e8d.h5
activate_detectors ('H1', 'AX', 'CDD') {'peak_center': True}
peak_center () {'detector': 'H1', 'integration_time': 0.262144, 'isotope': 'Ar40'}
peak center: mean=49.2136142609 threshold=3
peak center started
setup peak center. detector=['H1', 'AX', 'CDD'], isotope=Ar40
VersionedUnpickler [<apptools.sweet_pickle.versioned_unpickler.VersionedUnpickler object at 0x1a201de90>] using Updater [<apptools.sweet_pickle.updater.Updater object at 0x135230b30>]
VersionedUnpickler [<apptools.sweet_pickle.versioned_unpickler.VersionedUnpickler object at 0x1a201de90>] using Updater [<apptools.sweet_pickle.updater.Updater object at 0x135230b30>]
VersionedUnpickler [<apptools.sweet_pickle.versioned_unpickler.VersionedUnpickler object at 0x16a196710>] using Updater [<apptools.sweet_pickle.updater.Updater object at 0x135230b30>]
setting integration time = 0.524288
SetIntegrationTime 0.524288 ===>> OK
Mapping mass to dac mass func: "parabolic"
H1 map mass coeffs = [-0.00063987  0.15840543  0.57080999]
H1 map mass to dac 39.9624 >> 5.8792
GetDeflection H1 ===>> 0
GetHighVoltage ===>> 4499.94659342336
do peak center. <pychron.spectrometer.jobs.peak_center.PeakCenter object at 0x1352309b0>
doing pc
starting peak center. center dac= 5.87916537794 step_width=0.001
width = 0.001
get scan parameters. half-width=0.015,window=0.015, i=0, scalar=1
Scan parameters center=5.87917 width=0.03000 (5.86417 - 5.89417)
GetData ===>> H2,-0.0652576404209367,H1,0.00388620768616583,AX,-0.0384601833076714,L1,-0.035734100191881,L2,-0....
Moving to starting dac 5.86416537794
setting magnet DAC
current  : 5.239825
requested: 5.864165
Delta Dac: 0.624340
Checking detector protection. dv=0.62434
Checking detector "CDD". Protection Threshold: 0.1 (V)
ProtectDetector CDD,On ===>> OK
GetDeflection CDD ===>> 2000
Protected = 2000
SetMagnetDAC 5.86416537794 ===>> OK
Magnet settling time: 0.500
GetMagnetMoving ===>> True
GetMagnetMoving ===>> True
GetMagnetMoving ===>> True
GetMagnetMoving ===>> True
GetMagnetMoving ===>> True
GetMagnetMoving ===>> True
GetMagnetMoving ===>> True
GetMagnetMoving ===>> True
GetMagnetMoving ===>> False
ProtectDetector CDD,Off ===>> OK
GetDeflection CDD ===>> 50
Wait until signal near baseline. tol= 0.00291465576462. timeout= 10
GetData ===>> H2,0.111480593635704,H1,0.106195247369034,AX,-0.0427622773815111,L1,0.0219076827686328,L2,0.12253...
GetData ===>> H2,2.54394037809576,H1,1.22873036715412,AX,-0.0122840464251122,L1,0.00552328932980015,L2,-0.12087...
GetData ===>> H2,2.6558819390291,H1,1.41998705811217,AX,-0.00142648071804309,L1,-0.0353111074220876,L2,-0.18092...
GetData ===>> H2,1.33920590878796,H1,0.761742075185024,AX,0.0429907874740119,L1,-0.0577901142879644,L2,-0.11527...
GetData ===>> H2,0.529078410859584,H1,0.394752955143729,AX,-0.0214238786153138,L1,-0.0506903637761878,L2,-0.080...
GetData ===>> H2,0.174484084299278,H1,0.255789208923729,AX,0.0253282031301097,L1,-0.0308268583922513,L2,0.03844...
GetData ===>> H2,0.0273042380881048,H1,0.089415349342148,AX,0.0348205735528033,L1,-0.0334851053943604,L2,0.0887...
GetData ===>> H2,-0.109215467753342,H1,0.040192878982004,AX,-0.186187895123846,L1,-0.0355483690145519,L2,-0.039...
GetData ===>> H2,-0.225017933517348,H1,0.0710178971995436,AX,-0.140766014728294,L1,-0.00284517439728516,L2,-0.0...
GetData ===>> H2,-0.249623872586569,H1,-0.0205295724059472,AX,-0.138032149893364,L1,0.00920565738490223,L2,0.05...
Peak center baseline intensity achieved
_do_sweep sm= 5.86416537794, em= 5.89416537794, stm= 0.001
calculated step values: start=5.86416537794, end=5.89416537794, width=0.001, nsteps=31.0
setting magnet DAC
current  : 5.864165
requested: 5.864165
Delta Dac: 0.000000
Checking detector protection. dv=0.00000
Checking detector "CDD". Protection Threshold: 0.1 (V)
SetMagnetDAC 5.86416537794 ===>> OK
GetData ===>> H2,-0.249623872586569,H1,-0.0205295724059472,AX,-0.138032149893364,L1,0.00920565738490223,L2,0.05...
setting magnet DAC
current  : 5.864165
requested: 5.865200
Delta Dac: 0.001034
Checking detector protection. dv=0.00103
Checking detector "CDD". Protection Threshold: 0.1 (V)
SetMagnetDAC 5.8651998607 ===>> OK
Magnet settling time: 1.049
GetData ===>> H2,-0.180485637423601,H1,0.071923392181872,AX,-0.133769020892381,L1,0.019087093608966,L2,-0.14694...
setting magnet DAC
current  : 5.865200
requested: 5.866234
Delta Dac: 0.001034
Checking detector protection. dv=0.00103
Checking detector "CDD". Protection Threshold: 0.1 (V)
SetMagnetDAC 5.86623434346 ===>> OK
Magnet settling time: 1.049
GetData ===>> H2,-0.00195562764156747,H1,0.302996645458165,AX,-0.054635534075925,L1,-0.021382126869256,L2,-0.02...
setting magnet DAC
current  : 5.866234
requested: 5.867269
Delta Dac: 0.001034
Checking detector protection. dv=0.00103
Checking detector "CDD". Protection Threshold: 0.1 (V)
SetMagnetDAC 5.86726882622 ===>> OK
Magnet settling time: 1.049
GetData ===>> H2,-0.0948167485510011,H1,0.983141671939536,AX,0.0270455805456874,L1,-0.0555109907390789,L2,0.097...
setting magnet DAC
current  : 5.867269
requested: 5.868303
Delta Dac: 0.001034
Checking detector protection. dv=0.00103
Checking detector "CDD". Protection Threshold: 0.1 (V)
SetMagnetDAC 5.86830330898 ===>> OK
Magnet settling time: 1.049
GetData ===>> H2,-0.241672187406212,H1,3.34619204954862,AX,0.388562216792452,L1,-0.0206611379471418,L2,0.008699...
setting magnet DAC
current  : 5.868303
requested: 5.869338
Delta Dac: 0.001034
Checking detector protection. dv=0.00103
Checking detector "CDD". Protection Threshold: 0.1 (V)
SetMagnetDAC 5.86933779174 ===>> OK
Magnet settling time: 1.049
GetData ===>> H2,-0.304295757423611,H1,8.64417444919672,AX,1.2003352215703,L1,0.0257977895610082,L2,0.056426775...
setting magnet DAC
current  : 5.869338
requested: 5.870372
Delta Dac: 0.001034
Checking detector protection. dv=0.00103
Checking detector "CDD". Protection Threshold: 0.1 (V)
SetMagnetDAC 5.87037227449 ===>> OK
Magnet settling time: 1.049
GetData ===>> H2,-0.171117902065985,H1,25.4928642263944,AX,3.90104017162618,L1,0.0165192435444055,L2,0.07354134...
setting magnet DAC
current  : 5.870372
requested: 5.871407
Delta Dac: 0.001034
Checking detector protection. dv=0.00103
Checking detector "CDD". Protection Threshold: 0.1 (V)
SetMagnetDAC 5.87140675725 ===>> OK
Magnet settling time: 1.049
GetData ===>> H2,-0.0258902465566736,H1,37.2248549619485,AX,6.3176642238049,L1,-0.00437842886624563,L2,-0.01516...
setting magnet DAC
current  : 5.871407
requested: 5.872441
Delta Dac: 0.001034
Checking detector protection. dv=0.00103
Checking detector "CDD". Protection Threshold: 0.1 (V)
SetMagnetDAC 5.87244124001 ===>> OK
Magnet settling time: 1.049
GetData ===>> H2,-0.0456058699710284,H1,44.2272505401959,AX,8.01431060080743,L1,0.0449623532921982,L2,-0.082814...
setting magnet DAC
current  : 5.872441
requested: 5.873476
Delta Dac: 0.001034
Checking detector protection. dv=0.00103
Checking detector "CDD". Protection Threshold: 0.1 (V)
SetMagnetDAC 5.87347572277 ===>> OK
Magnet settling time: 1.049
GetData ===>> H2,-0.201066784908083,H1,47.1867923707953,AX,9.14240218688863,L1,0.0640782089982852,L2,0.15081152...
setting magnet DAC
current  : 5.873476
requested: 5.874510
Delta Dac: 0.001034
Checking detector protection. dv=0.00103
Checking detector "CDD". Protection Threshold: 0.1 (V)
SetMagnetDAC 5.87451020553 ===>> OK
Magnet settling time: 1.049
GetData ===>> H2,-0.228332402119923,H1,47.9745789984884,AX,9.29721894164519,L1,0.0680347467139599,L2,-0.0113633...
setting magnet DAC
current  : 5.874510
requested: 5.875545
Delta Dac: 0.001034
Checking detector protection. dv=0.00103
Checking detector "CDD". Protection Threshold: 0.1 (V)
SetMagnetDAC 5.87554468829 ===>> OK
Magnet settling time: 1.049
GetData ===>> H2,-0.255844077833147,H1,48.3737153788069,AX,9.45320658336669,L1,0.102269772170451,L2,0.016626152...
setting magnet DAC
current  : 5.875545
requested: 5.876579
Delta Dac: 0.001034
Checking detector protection. dv=0.00103
Checking detector "CDD". Protection Threshold: 0.1 (V)
SetMagnetDAC 5.87657917105 ===>> OK
Magnet settling time: 1.049
GetData ===>> H2,-0.203398944278617,H1,48.3544670708218,AX,9.59151526869494,L1,0.125410345273998,L2,0.085484623...
setting magnet DAC
current  : 5.876579
requested: 5.877614
Delta Dac: 0.001034
Checking detector protection. dv=0.00103
Checking detector "CDD". Protection Threshold: 0.1 (V)
SetMagnetDAC 5.8776136538 ===>> OK
Magnet settling time: 1.049
GetData ===>> H2,-0.0717109446070001,H1,48.5045940377889,AX,9.44720269476963,L1,0.153795970795363,L2,0.15578412...
setting magnet DAC
current  : 5.877614
requested: 5.878648
Delta Dac: 0.001034
Checking detector protection. dv=0.00103
Checking detector "CDD". Protection Threshold: 0.1 (V)
SetMagnetDAC 5.87864813656 ===>> OK
Magnet settling time: 1.049
GetData ===>> H2,-0.13431828597802,H1,48.4868075486649,AX,9.39940295310248,L1,0.141171399790989,L2,0.1632891280...
setting magnet DAC
current  : 5.878648
requested: 5.879683
Delta Dac: 0.001034
Checking detector protection. dv=0.00103
Checking detector "CDD". Protection Threshold: 0.1 (V)
SetMagnetDAC 5.87968261932 ===>> OK
Magnet settling time: 1.049
GetData ===>> H2,-0.0230363814786264,H1,48.4347966685988,AX,9.38861647923068,L1,0.117936186885712,L2,0.05631284...
setting magnet DAC
current  : 5.879683
requested: 5.880717
Delta Dac: 0.001034
Checking detector protection. dv=0.00103
Checking detector "CDD". Protection Threshold: 0.1 (V)
SetMagnetDAC 5.88071710208 ===>> OK
Magnet settling time: 1.049
GetData ===>> H2,-0.0650274317181789,H1,48.4138206596369,AX,9.46959146089309,L1,0.120244531747988,L2,-0.0046456...
setting magnet DAC
current  : 5.880717
requested: 5.881752
Delta Dac: 0.001034
Checking detector protection. dv=0.00103
Checking detector "CDD". Protection Threshold: 0.1 (V)
SetMagnetDAC 5.88175158484 ===>> OK
Magnet settling time: 1.049
GetData ===>> H2,-0.196233775355227,H1,48.360892712927,AX,9.46310040105205,L1,0.116799109958971,L2,-0.034768923...
setting magnet DAC
current  : 5.881752
requested: 5.882786
Delta Dac: 0.001034
Checking detector protection. dv=0.00103
Checking detector "CDD". Protection Threshold: 0.1 (V)
SetMagnetDAC 5.8827860676 ===>> OK
Magnet settling time: 1.049
GetData ===>> H2,-0.240972278634936,H1,48.4941293452636,AX,9.33309875832319,L1,0.112843270126886,L2,0.007720552...
setting magnet DAC
current  : 5.882786
requested: 5.883821
Delta Dac: 0.001034
Checking detector protection. dv=0.00103
Checking detector "CDD". Protection Threshold: 0.1 (V)
SetMagnetDAC 5.88382055036 ===>> OK
Magnet settling time: 1.049
GetData ===>> H2,-0.224474397021801,H1,48.1007690863636,AX,9.23795651263543,L1,0.129672172428257,L2,-0.05921572...
setting magnet DAC
current  : 5.883821
requested: 5.884855
Delta Dac: 0.001034
Checking detector protection. dv=0.00103
Checking detector "CDD". Protection Threshold: 0.1 (V)
SetMagnetDAC 5.88485503311 ===>> OK
Magnet settling time: 1.049
GetData ===>> H2,-0.200460075051383,H1,46.8687395848302,AX,8.86619524925314,L1,0.109967265974294,L2,0.122919576...
setting magnet DAC
current  : 5.884855
requested: 5.885890
Delta Dac: 0.001034
Checking detector protection. dv=0.00103
Checking detector "CDD". Protection Threshold: 0.1 (V)
SetMagnetDAC 5.88588951587 ===>> OK
Magnet settling time: 1.049
GetData ===>> H2,-0.065953634263242,H1,42.5403557032195,AX,7.46061371165801,L1,0.0657819294517643,L2,0.15913734...
setting magnet DAC
current  : 5.885890
requested: 5.886924
Delta Dac: 0.001034
Checking detector protection. dv=0.00103
Checking detector "CDD". Protection Threshold: 0.1 (V)
SetMagnetDAC 5.88692399863 ===>> OK
Magnet settling time: 1.049
GetData ===>> H2,-0.0807486309053868,H1,33.1770398891936,AX,5.08809947902352,L1,0.120845850183729,L2,0.07702844...
setting magnet DAC
current  : 5.886924
requested: 5.887958
Delta Dac: 0.001034
Checking detector protection. dv=0.00103
Checking detector "CDD". Protection Threshold: 0.1 (V)
SetMagnetDAC 5.88795848139 ===>> OK
Magnet settling time: 1.049
GetData ===>> H2,-0.19112249388078,H1,20.4012622659445,AX,2.72291592497989,L1,0.0950743421303286,L2,-0.02204227...
setting magnet DAC
current  : 5.887958
requested: 5.888993
Delta Dac: 0.001034
Checking detector protection. dv=0.00103
Checking detector "CDD". Protection Threshold: 0.1 (V)
SetMagnetDAC 5.88899296415 ===>> OK
Magnet settling time: 1.049
GetData ===>> H2,-0.171441707762942,H1,9.57604023885865,AX,0.991308866721637,L1,0.0427564824394797,L2,-0.137806...
setting magnet DAC
current  : 5.888993
requested: 5.890027
Delta Dac: 0.001034
Checking detector protection. dv=0.00103
Checking detector "CDD". Protection Threshold: 0.1 (V)
SetMagnetDAC 5.89002744691 ===>> OK
Magnet settling time: 1.049
GetData ===>> H2,-0.166775313041942,H1,3.51884467140164,AX,0.305618009419597,L1,-0.0188811998764316,L2,0.043302...
setting magnet DAC
current  : 5.890027
requested: 5.891062
Delta Dac: 0.001034
Checking detector protection. dv=0.00103
Checking detector "CDD". Protection Threshold: 0.1 (V)
SetMagnetDAC 5.89106192967 ===>> OK
Magnet settling time: 1.049
GetData ===>> H2,-0.086242548932664,H1,1.07802492125966,AX,-0.0650234454568713,L1,-0.0407307779442737,L2,-0.009...
setting magnet DAC
current  : 5.891062
requested: 5.892096
Delta Dac: 0.001034
Checking detector protection. dv=0.00103
Checking detector "CDD". Protection Threshold: 0.1 (V)
SetMagnetDAC 5.89209641243 ===>> OK
Magnet settling time: 1.049
GetData ===>> H2,-0.153686202558849,H1,0.240392502109876,AX,-0.120607748320796,L1,0.0274455341459988,L2,-0.0924...
setting magnet DAC
current  : 5.892096
requested: 5.893131
Delta Dac: 0.001034
Checking detector protection. dv=0.00103
Checking detector "CDD". Protection Threshold: 0.1 (V)
SetMagnetDAC 5.89313089518 ===>> OK
Magnet settling time: 1.049
GetData ===>> H2,-0.181035646469597,H1,-0.0484805342520154,AX,-0.129413022191541,L1,0.023343485697767,L2,-0.077...
setting magnet DAC
current  : 5.893131
requested: 5.894165
Delta Dac: 0.001034
Checking detector protection. dv=0.00103
Checking detector "CDD". Protection Threshold: 0.1 (V)
SetMagnetDAC 5.89416537794 ===>> OK
Magnet settling time: 1.049
GetData ===>> H2,-0.201711209963263,H1,0.078381238560943,AX,-0.144913001990921,L1,-0.00379298836222284,L2,-0.01...
result of _do_sweep=True
result of _calculate_peak_center=([5.8712896264394958, 5.8789549571008184, 5.886620287762141], [35.896483265438604, 48.504273239387864, 35.92598932157285], 5.8776323118102374, 48.504273239387864)
Failed to find a valid peak. No peak greater than 1.0. max = 0.042249251301
new center pos Detector(H1) (Ar40) @ 5.8789549571
GetHighVoltage ===>> 4499.94659342336
GetDeflection H1 ===>> 0
dac uncorrected for HV and deflection 5.87898957792
update mftable H1 Ar40 5.87898957792 message=automated run peakcenter
get initial guess parabolic
get initial guess parabolic
get initial guess parabolic
get initial guess parabolic
get initial guess parabolic
get initial guess parabolic
dump mftable to /Users/jan/PychronDev/setupfiles/spectrometer/mftables/mftable.csv
add to repo msg=modified - automated run peakcenter
sweep finished
locally archiving mftable
setting magnet DAC
current  : 5.894165
requested: 5.878955
Delta Dac: 0.015210
Checking detector protection. dv=0.01521
Checking detector "CDD". Protection Threshold: 0.1 (V)
SetMagnetDAC 5.8789549571 ===>> OK
Magnet settling time: 0.500
setting integration time = 1.048576
SetIntegrationTime 1.048576 ===>> OK
Failed to find a valid peak. No peak greater than 1.0. max = 0.042249251301
flush and close file /Users/jan/PychronDev/data/isotopes/12/b8bec8-7e9c-4937-bad3-fbdb32f71e8d.h5
finished measure script
executed snippet estimated_duration=226.132928, duration=267.351316929
jan_unknown120_60.py completed successfully
Measurement Finished
02:08:56 -- ******* Measurement Finished *******
Post Measurement Started jan_pump_ms.py
02:08:56 -- ******* Post Measurement Started jan_pump_ms.py *******
testing...
no interpolation path defined
executed snippet estimated_duration=0, duration=4.19616699219e-05
Pumping spectrometer
open () {'name': 'O'}
opening name=O desc=---
checking ownership. requestor=129.138.12.150
check software interlocks O
interlocks []
actuate state mode=None-script, software_lock=False
doing actuation None-script open_channel True
Open O ===>> OK
GetIndicatorState O ===>> OK
change switch state (True, True)
update switch state O True args=() kw={} ncanvase=2
02:08:56 -- OPEN   VALVE-O (Jan Ion Pump)
---------------------------------------- open O () result=[(True, True)], time=0.11 sec
action=open, ok=True, locked=[False]
executed snippet estimated_duration=0, duration=0.365276813507
jan_pump_ms.py completed successfully
setting _ms_pumptime
Post Measurement Finished
02:08:56 -- ******* Post Measurement Finished *******
$$$$$$$$$$$$$$$$$$$$ state at run end measurement
state changed from measurement to success
post measurement save measured=True aborted=False
Set filtering
setting fod for Ar40= {'filter_outliers': True, 'std_devs': 2, 'iterations': 1}
setting fod for H1= {'filter_outliers': True, 'std_devs': 2, 'iterations': 1}
setting fod for PM41= {'filter_outliers': False, 'std_devs': 2, 'iterations': 1}
setting fod for H2= {'filter_outliers': True, 'std_devs': 2, 'iterations': 1}
setting fod for Ar36= {'filter_outliers': True, 'std_devs': 2, 'iterations': 1}
setting fod for CDD= {'filter_outliers': True, 'std_devs': 10, 'iterations': 1}
setting fod for Ar37= {'filter_outliers': True, 'std_devs': 2, 'iterations': 1}
setting fod for L2= {'filter_outliers': True, 'std_devs': 2, 'iterations': 1}
setting fod for Ar38= {'filter_outliers': True, 'std_devs': 2, 'iterations': 1}
setting fod for L1= {'filter_outliers': True, 'std_devs': 2, 'iterations': 1}
setting fod for Ar39= {'filter_outliers': True, 'std_devs': 2, 'iterations': 1}
setting fod for AX= {'filter_outliers': True, 'std_devs': 2, 'iterations': 1}
persistence save...
persistence save - db
post measurement save
6909815696 connecting to database sqlite:////Users/jan/PychronDev/.appdata/local_lab.db
connected to db sqlite:////Users/jan/PychronDev/.appdata/local_lab.db
create new session 6909815696
close session 6909815696
No database instance. Not saving post measurement to isotopedb database
$$$$$$$$$$$$$$$ auto_save_detector_ic=False
massspec enabled True
create new session 4985539184
MassSpec Database Version: 16.0
close session 4985539184
saving post measurement to secondary database
saving to massspec database 129.138.12.160/massspecdata
setting labnumber to 65580
setting aliquot to 6
setting step to A
setting uuid to 12b8bec8-7e9c-4937-bad3-fbdb32f71e8d
setting irradpos to 65580
setting extract_device to Fusions CO2
setting tray to 
setting position to 194
setting power_requested to 0.3
setting extract_value to 0.3
setting duration to 30.0
setting duration_at_request to 30.0
setting first_stage_delay to 30.0
setting cleanup to 30.0
setting comment to O:3 with inclusions
setting irradiation to NM-289
setting level to O
setting irradiation_level to O
setting sample to Bw-2014-12 W
setting material to Sanidine
setting project to Bustos Wells
setting mass_spectrometer to Jan
no attribute chron_dosages
no attribute production_ratios
no attribute interference_corrections
no attribute production_name
no attribute j
Reference Isotope=Ar40
Reference Detector=H1
%%%%%%%%%%%%%%%%%%%% Comment: O:3 with inclusions %%%%%%%%%%%%%%%%%%%
adding isotope PM41 H2
add baseline dbdet= PM41. original det= H2
get baseline data PM41 H2
Get data baseline <pychron.processing.isotope.Baseline object at 0x1999acb90> len t=60
baseline PM41. v=-0.171542714655, e=0.00617522003109
get signal data PM41 H2
Get data signal PM41 0.02+/-0.07 len t=120
adding isotope Ar40 H1
add baseline dbdet= Ar40. original det= H1
get baseline data Ar40 H1
Get data baseline <pychron.processing.isotope.Baseline object at 0x1999acd90> len t=60
baseline Ar40. v=-0.0395014229609, e=0.0055160998477
get signal data Ar40 H1
Get data signal Ar40 49.786+/-0.015 len t=120
adding isotope Ar39 AX
add baseline dbdet= Ar39. original det= AX
get baseline data Ar39 AX
Get data baseline <pychron.processing.isotope.Baseline object at 0x1999acf50> len t=60
baseline Ar39. v=-0.0908027047733, e=0.00675329978905
get signal data Ar39 AX
Get data signal Ar39 10.200+/-0.011 len t=120
adding isotope Ar38 L1
add baseline dbdet= Ar38. original det= L1
get baseline data Ar38 L1
Get data baseline <pychron.processing.isotope.Baseline object at 0x19999b150> len t=60
baseline Ar38. v=-0.0136166174272, e=0.00203064333714
get signal data Ar38 L1
Get data signal Ar38 0.144+/-0.005 len t=120
adding isotope Ar37 L2
add baseline dbdet= Ar37. original det= L2
get baseline data Ar37 L2
Get data baseline <pychron.processing.isotope.Baseline object at 0x19999b310> len t=60
baseline Ar37. v=-0.0275988786331, e=0.00621359091264
get signal data Ar37 L2
Get data signal Ar37 0.077+/-0.009 len t=120
adding isotope Ar36 CDD
add baseline dbdet= Ar36. original det= CDD
get baseline data Ar36 CDD
Get data baseline <pychron.processing.isotope.Baseline object at 0x19999b4d0> len t=60
baseline Ar36. v=1.48865411675e-05, e=6.80625211984e-06
get signal data Ar36 CDD
Get data signal Ar36 0.0343+/-0.0005 len t=120
65580-06A added analysis time 0.533515930176s
analysis added to mass spec database
mass spec save time= 0.543
persistence save - dvc
================= post measurement started
create new session 4989601072
close session 4989601072
---------------- Experiment Queue saving disabled
DVC saving peakcenter
Failed to find a valid peak. No peak greater than 1.0. max = 0.042249251301
Smart pull ahead: 0 behind: 0
Up-to-date with origin
add to repo msg=modified - ad8224ebc6dbfeb9f5997218dfa5fe690569839d.json
add to repo msg=modified - 80-06A.json
add to repo msg=modified - 80-06A.dat.json
add to repo msg=modified - 80-06A.blan.json
add to repo msg=modified - 80-06A.inte.json
add to repo msg=modified - 80-06A.icfa.json
add to repo msg=modified - 80-06A.base.json
not at valid file /Users/jan/PychronDev/data/.dvc/repositories/Load1789/655/tags/80-06A.tags.json
add to repo msg=modified - 80-06A.peak.json
add to repo msg=modified - 80-06A.extr.json
not at valid file /Users/jan/PychronDev/data/.dvc/repositories/Load1789/655/monitor/80-06A.moni.json
commit message=<COLLECTION>
add to repo msg=modified - 80-06A.inte.json
add to repo msg=modified - 80-06A.base.json
commit message=<ISOEVO> default collection fits
add to repo msg=modified - 80-06A.blan.json
commit message=<BLANKS> preceding ba-01-J-2309
add to repo msg=modified - 80-06A.icfa.json
commit message=<ICFactor> default
push repository <pychron.git_archive.repo_manager.GitRepoManager object at 0x1a7c59a70>
pushing to remote=origin, url=https://github.com
no changes to meta repo
create new session 4989601072
add association Load1789
get identifier "65580"
setting analysis irradiation position=<pychron.dvc.dvc_orm.IrradiationPositionTbl object at 0x19db71fd0>
close session 4989601072
================= post measurement finished
02:09:11 -- ******* Post Run Check *******
loading queue conditionals post_run_actions
loading system conditionals post_run_actions
loading conditionals from /Users/jan/PychronDev/setupfiles/spectrometer/default_conditionals.yaml
loading queue conditionals post_run_terminations
loading system conditionals post_run_terminations
loading conditionals from /Users/jan/PychronDev/setupfiles/spectrometer/default_conditionals.yaml
Checking default post run terminations n=1
GetDeflection CDD ===>> 50
testing CDD==2000
evaluate ot="CDD.deflection==2000" t="CDD==2000", ctx="{'CDD': 50.0}"
02:09:11 -- ******* Post Run Check Passed *******
02:09:11 -- Automated run 65580-06A success duration: 360.347 s
----------------- finish -----------------
----------------- stop -----------------
retroactive repository identifiers disabled
finish run. runs completed=120
update duration runid=65580-06A, duration=360.347043991, md5=301e91d8
loading script "jan_unknown120_60.py"
loading script "jan_pump_ms.py"
loading script "jan_co2.py"
loading script "jan_pump_extraction_line.py"
testing...
no interpolation path defined
executed snippet estimated_duration=213.652928, duration=0.000316143035889
script duration name:unknown120_60 seconds:214.0
loading script "jan_unknown120_60.py"
loading script "jan_pump_ms.py"
loading script "jan_co2.py"
loading script "jan_pump_extraction_line.py"
testing...
no interpolation path defined
executed snippet estimated_duration=0, duration=2.8133392334e-05
loading script "jan_unknown120_60.py"
loading script "jan_pump_ms.py"
loading script "jan_co2.py"
loading script "jan_pump_extraction_line.py"
testing...
no interpolation path defined
calculate duration
testing...
no interpolation path defined
executed snippet estimated_duration=0, duration=6.79492950439e-05
calculate duration
testing...
no interpolation path defined
executed snippet estimated_duration=0, duration=0.000127077102661
executed snippet estimated_duration=0.0, duration=0.00315594673157
script duration name:co2 seconds:0.0
loading script "jan_unknown120_60.py"
loading script "jan_pump_ms.py"
loading script "jan_co2.py"
loading script "jan_pump_extraction_line.py"
testing...
no interpolation path defined
calculate duration
testing...
no interpolation path defined
executed snippet estimated_duration=4.0, duration=0.000154972076416
executed snippet estimated_duration=4.0, duration=0.0061469078064
Script duration 214.0
Run total estimated duration= 215.000
unknown120_60 in script context. using previous estimated duration
script duration name:unknown120_60 seconds:214.0
pump_ms in script context. using previous estimated duration
co2 in script context. using previous estimated duration
script duration name:co2 seconds:0.0
pump_extraction_line in script context. using previous estimated duration
Script duration 214.0
Run total estimated duration= 215.000
script duration name:unknown120_60 seconds:214.0
script duration name:co2 seconds:0.0
Script duration 214.0
Run total estimated duration= 215.000
loading script "jan_unknown400_120.py"
loading script "jan_pump_ms.py"
loading script "jan_cocktail_x1.py"
loading script "jan_pump_extraction_line.py"
testing...
no interpolation path defined
executed snippet estimated_duration=556.052928, duration=0.000214815139771
script duration name:unknown400_120 seconds:556.0
loading script "jan_unknown400_120.py"
loading script "jan_pump_ms.py"
loading script "jan_cocktail_x1.py"
loading script "jan_pump_extraction_line.py"
testing...
no interpolation path defined
calculate duration
testing...
no interpolation path defined
executed snippet estimated_duration=0, duration=0.000107049942017
calculate duration
testing...
no interpolation path defined
executed snippet estimated_duration=0, duration=0.000102043151855
calculate duration
testing...
no interpolation path defined
executed snippet estimated_duration=32.0, duration=9.29832458496e-05
calculate duration
testing...
no interpolation path defined
executed snippet estimated_duration=34.0, duration=9.89437103271e-05
calculate duration
testing...
no interpolation path defined
executed snippet estimated_duration=4.0, duration=6.38961791992e-05
calculate duration
testing...
no interpolation path defined
executed snippet estimated_duration=38.0, duration=9.70363616943e-05
executed snippet estimated_duration=108.0, duration=0.0113978385925
script duration name:cocktail_x1 seconds:108.0
Script duration 664.0
Run total estimated duration= 665.000
unknown400_120 in script context. using previous estimated duration
script duration name:unknown400_120 seconds:556.0
cocktail_x1 in script context. using previous estimated duration
script duration name:cocktail_x1 seconds:108.0
Script duration 664.0
Run total estimated duration= 665.000
script duration name:unknown120_60 seconds:214.0
script duration name:co2 seconds:0.0
Script duration 214.0
Run total estimated duration= 215.000
script duration name:unknown120_60 seconds:214.0
script duration name:co2 seconds:0.0
Script duration 214.0
Run total estimated duration= 215.000
script duration name:unknown120_60 seconds:214.0
script duration name:co2 seconds:0.0
Script duration 214.0
Run total estimated duration= 215.000
script duration name:unknown400_120 seconds:556.0
script duration name:co2 seconds:0.0
Script duration 556.0
Run total estimated duration= 557.000
script duration name:unknown120_60 seconds:214.0
script duration name:co2 seconds:0.0
Script duration 214.0
Run total estimated duration= 215.000
script duration name:unknown120_60 seconds:214.0
script duration name:co2 seconds:0.0
Script duration 214.0
Run total estimated duration= 215.000
script duration name:unknown120_60 seconds:214.0
script duration name:co2 seconds:0.0
Script duration 214.0
Run total estimated duration= 215.000
script duration name:unknown120_60 seconds:214.0
script duration name:co2 seconds:0.0
Script duration 214.0
Run total estimated duration= 215.000
script duration name:unknown120_60 seconds:214.0
script duration name:co2 seconds:0.0
Script duration 214.0
Run total estimated duration= 215.000
script duration name:unknown120_60 seconds:214.0
script duration name:co2 seconds:0.0
Script duration 214.0
Run total estimated duration= 215.000
script duration name:unknown120_60 seconds:214.0
script duration name:co2 seconds:0.0
Script duration 214.0
Run total estimated duration= 215.000
script duration name:unknown120_60 seconds:214.0
script duration name:co2 seconds:0.0
Script duration 214.0
Run total estimated duration= 215.000
script duration name:unknown120_60 seconds:214.0
script duration name:co2 seconds:0.0
Script duration 214.0
Run total estimated duration= 215.000
script duration name:unknown120_60 seconds:214.0
script duration name:co2 seconds:0.0
Script duration 214.0
Run total estimated duration= 215.000
script duration name:unknown120_60 seconds:214.0
script duration name:co2 seconds:0.0
Script duration 214.0
Run total estimated duration= 215.000
script duration name:unknown120_60 seconds:214.0
script duration name:co2 seconds:0.0
Script duration 214.0
Run total estimated duration= 215.000
script duration name:unknown400_120 seconds:556.0
script duration name:co2 seconds:0.0
Script duration 556.0
Run total estimated duration= 557.000
script duration name:unknown400_120 seconds:556.0
loading script "jan_unknown400_120.py"
loading script "jan_pump_ms.py"
loading script "jan_sniffair_x2.py"
loading script "jan_pump_extraction_line.py"
testing...
no interpolation path defined
calculate duration
testing...
no interpolation path defined
executed snippet estimated_duration=0, duration=4.79221343994e-05
calculate duration
testing...
no interpolation path defined
executed snippet estimated_duration=0, duration=0.000123977661133
calculate duration
testing...
no interpolation path defined
executed snippet estimated_duration=32.0, duration=0.000113964080811
calculate duration
testing...
no interpolation path defined
executed snippet estimated_duration=34.0, duration=9.58442687988e-05
calculate duration
testing...
no interpolation path defined
executed snippet estimated_duration=4.0, duration=7.29560852051e-05
calculate duration
testing...
no interpolation path defined
executed snippet estimated_duration=36.0, duration=7.20024108887e-05
calculate duration
testing...
no interpolation path defined
executed snippet estimated_duration=34.0, duration=0.000127077102661
calculate duration
testing...
no interpolation path defined
executed snippet estimated_duration=4.0, duration=7.00950622559e-05
calculate duration
testing...
no interpolation path defined
executed snippet estimated_duration=36.0, duration=8.10623168945e-05
calculate duration
testing...
no interpolation path defined
executed snippet estimated_duration=70.0, duration=7.10487365723e-05
executed snippet estimated_duration=250.0, duration=0.0228798389435
script duration name:sniffair_x2 seconds:250.0
Script duration 806.0
Run total estimated duration= 807.000
script duration name:unknown400_120 seconds:556.0
script duration name:cocktail_x1 seconds:108.0
Script duration 664.0
Run total estimated duration= 665.000
script duration name:unknown400_120 seconds:556.0
sniffair_x2 in script context. using previous estimated duration
script duration name:sniffair_x2 seconds:250.0
Script duration 806.0
Run total estimated duration= 807.000
script duration name:unknown400_120 seconds:556.0
script duration name:cocktail_x1 seconds:108.0
Script duration 664.0
Run total estimated duration= 665.000
loading script "jan_ic_peak_hop3.py"
loading script "jan_pump_ms.py"
loading script "jan_air_x1.py"
loading script "jan_pump_extraction_line.py"
testing...
no interpolation path defined
executed snippet estimated_duration=133.8, duration=0.00572919845581
script duration name:ic_peak_hop3 seconds:134.0
loading script "jan_ic_peak_hop3.py"
loading script "jan_pump_ms.py"
loading script "jan_air_x1.py"
loading script "jan_pump_extraction_line.py"
testing...
no interpolation path defined
calculate duration
testing...
no interpolation path defined
executed snippet estimated_duration=0, duration=3.40938568115e-05
calculate duration
testing...
no interpolation path defined
executed snippet estimated_duration=0, duration=7.5101852417e-05
calculate duration
testing...
no interpolation path defined
executed snippet estimated_duration=32.0, duration=7.91549682617e-05
calculate duration
testing...
no interpolation path defined
executed snippet estimated_duration=34.0, duration=0.000159978866577
calculate duration
testing...
no interpolation path defined
executed snippet estimated_duration=4.0, duration=8.89301300049e-05
calculate duration
testing...
no interpolation path defined
executed snippet estimated_duration=36.0, duration=9.10758972168e-05
executed snippet estimated_duration=106.0, duration=0.00739097595215
script duration name:air_x1 seconds:106.0
Script duration 240.0
Run total estimated duration= 241.000
script duration name:unknown120_60 seconds:214.0
script duration name:co2 seconds:0.0
Script duration 214.0
Run total estimated duration= 215.000
script duration name:unknown120_60 seconds:214.0
script duration name:co2 seconds:0.0
Script duration 214.0
Run total estimated duration= 215.000
script duration name:unknown120_60 seconds:214.0
script duration name:co2 seconds:0.0
Script duration 214.0
Run total estimated duration= 215.000
script duration name:unknown120_60 seconds:214.0
script duration name:co2 seconds:0.0
Script duration 214.0
Run total estimated duration= 215.000
script duration name:unknown120_60 seconds:214.0
script duration name:co2 seconds:0.0
Script duration 214.0
Run total estimated duration= 215.000
script duration name:unknown120_60 seconds:214.0
script duration name:co2 seconds:0.0
Script duration 214.0
Run total estimated duration= 215.000
script duration name:unknown120_60 seconds:214.0
script duration name:co2 seconds:0.0
Script duration 214.0
Run total estimated duration= 215.000
script duration name:unknown120_60 seconds:214.0
script duration name:co2 seconds:0.0
Script duration 214.0
Run total estimated duration= 215.000
script duration name:unknown120_60 seconds:214.0
script duration name:co2 seconds:0.0
Script duration 214.0
Run total estimated duration= 215.000
script duration name:unknown120_60 seconds:214.0
script duration name:co2 seconds:0.0
Script duration 214.0
Run total estimated duration= 215.000
script duration name:unknown120_60 seconds:214.0
script duration name:co2 seconds:0.0
Script duration 214.0
Run total estimated duration= 215.000
script duration name:unknown120_60 seconds:214.0
script duration name:co2 seconds:0.0
Script duration 214.0
Run total estimated duration= 215.000
script duration name:unknown400_120 seconds:556.0
script duration name:co2 seconds:0.0
Script duration 556.0
Run total estimated duration= 557.000
script duration name:unknown120_60 seconds:214.0
script duration name:co2 seconds:0.0
Script duration 214.0
Run total estimated duration= 215.000
script duration name:unknown120_60 seconds:214.0
script duration name:co2 seconds:0.0
Script duration 214.0
Run total estimated duration= 215.000
script duration name:unknown120_60 seconds:214.0
script duration name:co2 seconds:0.0
Script duration 214.0
Run total estimated duration= 215.000
script duration name:unknown400_120 seconds:556.0
script duration name:cocktail_x1 seconds:108.0
Script duration 664.0
Run total estimated duration= 665.000
script duration name:unknown400_120 seconds:556.0
script duration name:cocktail_x1 seconds:108.0
Script duration 664.0
Run total estimated duration= 665.000
script duration name:unknown120_60 seconds:214.0
script duration name:co2 seconds:0.0
Script duration 214.0
Run total estimated duration= 215.000
script duration name:unknown120_60 seconds:214.0
script duration name:co2 seconds:0.0
Script duration 214.0
Run total estimated duration= 215.000
script duration name:unknown400_120 seconds:556.0
script duration name:co2 seconds:0.0
Script duration 556.0
Run total estimated duration= 557.000
nruns=48 before=5.0, run_dur=15598.0, btw=2115.0
write rem/ex queues
/Users/jan/PychronDev/experiments/rem/CurrentExperiment.rem.txt
/Users/jan/PychronDev/experiments/rem/CurrentExperiment.ex.txt
doing event level: 3
