do run
loading script "jan_unknown120_60.py"
loading script "jan_pump_ms.py"
loading script "jan_co2.py"
loading script "jan_pump_extraction_line.py"
testing...
no interpolation path defined
executed snippet estimated_duration=213.652928, duration=0.000282049179077
script duration name:unknown120_60 seconds:214.0
loading script "jan_unknown120_60.py"
loading script "jan_pump_ms.py"
loading script "jan_co2.py"
loading script "jan_pump_extraction_line.py"
testing...
no interpolation path defined
executed snippet estimated_duration=0, duration=3.00407409668e-05
loading script "jan_unknown120_60.py"
loading script "jan_pump_ms.py"
loading script "jan_co2.py"
loading script "jan_pump_extraction_line.py"
testing...
no interpolation path defined
calculate duration
testing...
no interpolation path defined
executed snippet estimated_duration=0, duration=7.29560852051e-05
calculate duration
testing...
no interpolation path defined
executed snippet estimated_duration=0, duration=0.000190019607544
executed snippet estimated_duration=0.0, duration=0.00313591957092
script duration name:co2 seconds:0.0
loading script "jan_unknown120_60.py"
loading script "jan_pump_ms.py"
loading script "jan_co2.py"
loading script "jan_pump_extraction_line.py"
testing...
no interpolation path defined
calculate duration
testing...
no interpolation path defined
executed snippet estimated_duration=4.0, duration=0.000146865844727
executed snippet estimated_duration=4.0, duration=0.00159502029419
Script duration 214.0
Run total estimated duration= 215.000
run duration: 0:03:35
doing event level: 2
23:01:30 -- Setting default integration. t=1.048576
setting integration time = 1.048576
SetIntegrationTime 1.048576 ===>> OK
----------------- start -----------------
**************** Experiment Type: Ar/Ar, Ar/Ar
create new session 4436069840
close session 4436069840
$$$$$ Clearing conditionals
adding conditionals 
Add queue conditionals
add default conditionals
adding default conditionals from /Users/jan/PychronDev/setupfiles/spectrometer/default_conditionals.yaml
Start automated run 65580-01A
loading script "jan_unknown120_60.py"
loading script "jan_pump_ms.py"
loading script "jan_co2.py"
loading script "jan_pump_extraction_line.py"
%%%%%%%%%%%%%%%%%% setting automated run 65580-01A
No value "sensitivity_multiplier" in metadata
$$$$$$$$$$$$$$$ auto_save_detector_ic=False
============================= Pre Extraction Check =============================
loading queue conditionals pre_run_terminations
loading system conditionals pre_run_terminations
loading conditionals from /Users/jan/PychronDev/setupfiles/spectrometer/default_conditionals.yaml
23:01:30 -- ******* Pre Extraction Check *******
Get a measurement from the spectrometer
GetData ===>> H2,-0.264377115812135,H1,0.0533801250785395,AX,-0.0494527574084947,L1,0.0148008768106587,L2,0.027...
Pre Extraction Termination data. keys=H2,H1,AX,L1,L2,CDD, signals=-0.26438,0.05338,-0.04945,0.01480,0.02792,0.00357
23:01:30 -- testing system defined conditionals
Checking default pre extraction terminations n=2
testing CDD
evaluate ot="CDD.inactive" t="CDD", ctx="{'CDD': False}"
GetDeflection CDD ===>> 50
testing CDD==2000
evaluate ot="CDD.deflection==2000" t="CDD==2000", ctx="{'CDD': 50.0}"
23:01:30 -- ******* Pre Extraction Check Passed *******
=================================================================================
23:01:30 -- stopping status monitor
stop 4982387056
Alive clients [4989850544]
23:01:30 -- starting status monitor
start 4982387056
Monitor already running
start extraction
do extraction
Analysis started at 23:01:30.842449
Extraction Started jan_co2.py
23:01:30 -- ******* Extraction Started jan_co2.py *******
state changed from not run to extraction
DO EXTRACTION <pychron.extraction_line.pyscript_runner.RemotePyScriptRunner object at 0x12c299590>
testing...
no interpolation path defined
calculate duration
testing...
no interpolation path defined
executed snippet estimated_duration=0, duration=5.3882598877e-05
calculate duration
testing...
no interpolation path defined
executed snippet estimated_duration=0, duration=7.89165496826e-05
executed snippet estimated_duration=100.0, duration=0.00205492973328
Jan CO2 laser analysis
doing GOSUB
testing...
no interpolation path defined
executed snippet estimated_duration=0, duration=4.60147857666e-05
Waiting for CO2 access
wait ('FelixCO2Flag', 0) {}
waiting for FelixCO2Flag = 0
Read FelixCO2Flag ===>> 0
finished waiting
CO2 free
wait ('CO2PumpTimeFlag', 0) {}
waiting for CO2PumpTimeFlag = 0
Read CO2PumpTimeFlag ===>> 0
finished waiting
acquire ('JanCO2Flag',) {'clear': True}
acquire JanCO2Flag
Set JanCO2Flag 1 ===>> OK
JanCO2Flag acquired
set extraction state False (0.75, 'red', 1.5)
CO2 acquired
executed snippet estimated_duration=0, duration=0.0164158344269
WaitForCO2Access.py completed successfully
gosub finished
doing GOSUB
testing...
no interpolation path defined
executed snippet estimated_duration=0, duration=8.20159912109e-05
Prepare for CO2 analysis
close () {'description': 'Jan Inlet'}
closing name=--- desc=Jan Inlet
checking ownership. requestor=129.138.12.150
check software interlocks R
interlocks []
actuate state mode=None-script, software_lock=False
doing actuation None-script close_channel False
Close R ===>> OK
GetIndicatorState R ===>> False
change switch state (True, True)
update switch state R False args=() kw={} ncanvase=2
23:01:31 -- CLOSE  VALVE-R (Jan Inlet)
---------------------------------------- close None (Jan Inlet) result=[(True, True)]
action=close, ok=True, locked=[False]
open () {'description': 'Jan Ion Pump'}
opening name=--- desc=Jan Ion Pump
checking ownership. requestor=129.138.12.150
check software interlocks O
interlocks []
actuate state mode=None-script, software_lock=False
doing actuation None-script open_channel False
Open O ===>> OK
GetIndicatorState O ===>> OK
change switch state (True, True)
update switch state O True args=() kw={} ncanvase=2
23:01:31 -- OPEN   VALVE-O (Jan Ion Pump)
---------------------------------------- open None (Jan Ion Pump) result=[(True, True)], time=0.12 sec
action=open, ok=True, locked=[False]
close () {'description': 'Microbone to Minibone'}
closing name=--- desc=Microbone to Minibone
checking ownership. requestor=129.138.12.150
check software interlocks L
interlocks []
actuate state mode=None-script, software_lock=False
doing actuation None-script close_channel False
Close L ===>> OK
GetIndicatorState L ===>> False
change switch state (True, True)
update switch state L False args=() kw={} ncanvase=2
23:01:32 -- CLOSE  VALVE-L (Microbone to Minibone)
---------------------------------------- close None (Microbone to Minibone) result=[(True, True)]
action=close, ok=True, locked=[False]
open () {'description': 'Microbone to Turbo'}
opening name=--- desc=Microbone to Turbo
checking ownership. requestor=129.138.12.150
check software interlocks U
interlocks []
actuate state mode=None-script, software_lock=False
doing actuation None-script open_channel False
Open U ===>> OK
GetIndicatorState U ===>> OK
change switch state (True, True)
update switch state U True args=() kw={} ncanvase=2
23:01:32 -- OPEN   VALVE-U (Microbone to Turbo)
---------------------------------------- open None (Microbone to Turbo) result=[(True, True)], time=0.12 sec
action=open, ok=True, locked=[False]
open () {'description': 'Microbone to Inlet Pipette'}
opening name=--- desc=Microbone to Inlet Pipette
checking ownership. requestor=129.138.12.150
check software interlocks S
interlocks []
actuate state mode=None-script, software_lock=False
doing actuation None-script open_channel False
Open S ===>> OK
GetIndicatorState S ===>> OK
change switch state (True, True)
update switch state S True args=() kw={} ncanvase=2
23:01:33 -- OPEN   VALVE-S (Microbone to Inlet Pipette)
---------------------------------------- open None (Microbone to Inlet Pipette) result=[(True, True)], time=0.42 sec
action=open, ok=True, locked=[False]
open () {'description': 'Microbone to Getter D-50'}
opening name=--- desc=Microbone to Getter D-50
checking ownership. requestor=129.138.12.150
check software interlocks K
interlocks []
actuate state mode=None-script, software_lock=False
doing actuation None-script open_channel False
Open K ===>> OK
GetIndicatorState K ===>> OK
change switch state (True, True)
update switch state K True args=() kw={} ncanvase=2
23:01:34 -- OPEN   VALVE-K (Microbone to Getter D-50)
---------------------------------------- open None (Microbone to Getter D-50) result=[(True, True)], time=0.42 sec
action=open, ok=True, locked=[False]
open () {'description': 'Microbone to Getter NP-10'}
opening name=--- desc=Microbone to Getter NP-10
checking ownership. requestor=129.138.12.150
check software interlocks M
interlocks []
actuate state mode=None-script, software_lock=False
doing actuation None-script open_channel False
Open M ===>> OK
GetIndicatorState M ===>> OK
change switch state (True, True)
update switch state M True args=() kw={} ncanvase=2
23:01:34 -- OPEN   VALVE-M (Microbone to Getter NP-10)
---------------------------------------- open None (Microbone to Getter NP-10) result=[(True, True)], time=0.16 sec
action=open, ok=True, locked=[False]
close () {'description': 'CO2 Laser to Felix'}
closing name=--- desc=CO2 Laser to Felix
checking ownership. requestor=129.138.12.150
check software interlocks F
interlocks []
actuate state mode=None-script, software_lock=True
VALVE-F(CO2 Laser to Felix) software locked
change switch state (True, False)
---------------------------------------- close None (CO2 Laser to Felix) result=[(True, False)]
action=close, ok=True, locked=[True]
open () {'description': 'CO2 Laser to Jan'}
opening name=--- desc=CO2 Laser to Jan
checking ownership. requestor=129.138.12.150
check software interlocks A
interlocks []
actuate state mode=None-script, software_lock=False
doing actuation None-script open_channel False
Open A ===>> OK
GetIndicatorState A ===>> OK
change switch state (True, True)
update switch state A True args=() kw={} ncanvase=2
23:01:34 -- OPEN   VALVE-A (CO2 Laser to Jan)
---------------------------------------- open None (CO2 Laser to Jan) result=[(True, True)], time=0.13 sec
action=open, ok=True, locked=[False]
open () {'description': 'Microbone to CO2 Laser'}
opening name=--- desc=Microbone to CO2 Laser
checking ownership. requestor=129.138.12.150
check software interlocks T
interlocks []
actuate state mode=None-script, software_lock=False
doing actuation None-script open_channel False
Open T ===>> OK
GetIndicatorState T ===>> OK
change switch state (True, True)
update switch state T True args=() kw={} ncanvase=2
23:01:35 -- OPEN   VALVE-T (Microbone to CO2 Laser)
---------------------------------------- open None (Microbone to CO2 Laser) result=[(True, True)], time=0.44 sec
action=open, ok=True, locked=[False]
executed snippet estimated_duration=0, duration=4.96870684624
PrepareForCO2Analysis.py completed successfully
gosub finished
set_motor ('beam', '1.25') {}
setting motor "beam" to 1.25
set motor beam to 1.25
SetMotor beam,1.25 ===>> OK
GetMotorMoving beam ===>> False
GetMotorMoving beam ===>> False
Block completed
move_to_position ('189',) {'autocenter': True}
FusionsCO2 move to position 189
sending GoToHole 189,True
GoToHole 189,True ===>> OK
GetDriveMoving ===>> OK
GetDriveMoving ===>> OK
GetDriveMoving ===>> OK
GetDriveMoving ===>> OK
GetDriveMoving ===>> OK
GetDriveMoving ===>> OK
GetDriveMoving ===>> False
GetDriveMoving ===>> False
Block completed
GetAutoCorrecting ===>> OK
GetAutoCorrecting ===>> OK
GetAutoCorrecting ===>> OK
GetAutoCorrecting ===>> False
GetAutoCorrecting ===>> False
Block completed
update position
GetPosition ===>> -1.99390,-9.96950,1.00000
got position (-1.9939, -9.9695, 1.0)
move to position succeeded
sleep (5,) {}
SLEEP 5.0
block started
WaitControl setup for 5.0  
Join finished
block finished. duration 5.04324293137
close () {'description': 'Microbone to Turbo'}
closing name=--- desc=Microbone to Turbo
checking ownership. requestor=129.138.12.150
check software interlocks U
interlocks []
actuate state mode=None-script, software_lock=False
doing actuation None-script close_channel True
Close U ===>> OK
GetIndicatorState U ===>> False
change switch state (True, True)
update switch state U False args=() kw={} ncanvase=2
23:01:47 -- CLOSE  VALVE-U (Microbone to Turbo)
---------------------------------------- close None (Microbone to Turbo) result=[(True, True)]
action=close, ok=True, locked=[False]
enable laser
enable () {}
set extraction state FusionsCO2 Enabled (False, 'red', 1.5)
enabling laser
Enable ===>> OK
begin interval
BEGIN INTERVAL Interval 1 waiting for 30.0
block started
set extract to 0.3
WaitControl setup for 30.0  
extract (0.3,) {}
GetPosition ===>> -1.99390,-9.96950,1.00000
set extraction state FusionsCO2 ON! 0.3(watts) (0.75, 'red', 1.5)
extract sample to 0.3 (watts)
set laser output
SetLaserOutput 0.3,watts ===>> OK
executing pattern triangle.lp
execute_pattern ('triangle.lp',) {}
executing pattern triangle.lp
IsPatterning ===>> OK
IsPatterning ===>> OK
IsPatterning ===>> OK
IsPatterning ===>> OK
IsPatterning ===>> OK
IsPatterning ===>> OK
IsPatterning ===>> OK
IsPatterning ===>> OK
IsPatterning ===>> OK
IsPatterning ===>> OK
IsPatterning ===>> OK
IsPatterning ===>> OK
IsPatterning ===>> OK
IsPatterning ===>> OK
IsPatterning ===>> OK
IsPatterning ===>> OK
IsPatterning ===>> OK
IsPatterning ===>> OK
IsPatterning ===>> OK
IsPatterning ===>> OK
IsPatterning ===>> OK
IsPatterning ===>> OK
IsPatterning ===>> OK
IsPatterning ===>> OK
IsPatterning ===>> OK
IsPatterning ===>> OK
IsPatterning ===>> OK
IsPatterning ===>> False
IsPatterning ===>> False
Block completed
COMPLETE INTERVAL waiting for Interval 1 to complete
Join finished
block finished. duration 30.134636879
Interval 1 finished
end_extract () {}
ending extraction. set laser power to 0
set laser power 0
SetLaserPower 0 ===>> OK
disable () {}
%%%%%%%%%%%%%%%%%%%%%%%%%%%%%%%%%%% disable
set extraction state False (0.75, 'red', 1.5)
disabling laser
Disable ===>> OK
sleep (30.0,) {}
SLEEP 30.0
block started
WaitControl setup for 30.0  
Join finished
block finished. duration 30.1329848766
executed snippet estimated_duration=165.5, duration=77.7164227962
jan_co2.py completed successfully
GetAchievedOutput ===>> No Response
Requested Output= 0.000
Achieved Output=  0.000
GetResponseBlob ===>> No Response
GetOutputBlob ===>> No Response
persistence save...
persistence save - db
AutomatedRunPersister post_extraction_save deprecated
persistence save - dvc
no extraction position for 189
create new session 4989601072
close session 4989601072
Extraction Finished
23:02:48 -- ******* Extraction Finished *******
no overlap. not waiting for min ms pumptime
23:02:48 -- Sending spectrometer configuration
======== Sending configuration ========
SetDeflection CDD,50.0 ===>> OK
SetDeflection H2,0.0 ===>> OK
SetDeflection H1,0.0 ===>> OK
SetDeflection L2,825.0 ===>> OK
SetDeflection L1,400.0 ===>> OK
SetDeflection AX,190.0 ===>> OK
SetZFocus 74.64 ===>> OK
SetZSymmetry -50.72 ===>> OK
SetExtractionLens 26.13 ===>> OK
SetIonRepeller -3.81 ===>> OK
SetElectronEnergy 75.08 ===>> OK
SetYSymmetry -2.81 ===>> OK
SetIonCounterVoltage 1590.0 ===>> OK
send trap current 200.0
GetParameter Trap Current Readback ===>> 198.370811206739
SetParameter Trap Current Set,200.0 ===>> OK
updating mftable name mftable
Using mftable located at /Users/jan/PychronDev/setupfiles/spectrometer/mftables/mftable.csv
============ MFtable ===========
Isotope  H2     H1     AX     L1     L2     CDD    
Ar40     5.8069 5.8792 5.9927 6.1468 6.2310 6.3750
Ar39     5.7061 5.7714 5.8851 6.0328 6.1161 6.2615
Ar36     5.3836 5.4404 5.5485 5.6917 5.7711 5.9126
================================
get initial guess parabolic
get initial guess parabolic
get initial guess parabolic
get initial guess parabolic
get initial guess parabolic
get initial guess parabolic
======== Configuration Finished ========
GetYSymmetry ===>> -2.81
GetZSymmetry ===>> -50.72
GetParameter Trap Current Readback ===>> 198.258926936459
GetHighVoltage ===>> 4499.94659342336
start measurement
do measurement
L#=65580 analysis type=unknown
Measurement Started jan_unknown120_60.py
23:02:48 -- ******* Measurement Started jan_unknown120_60.py *******
state changed from extraction to measurement
setting spec, defl, and gains
GetExtractionLens ===>> 26.13
GetYSymmetry ===>> -2.81
GetZSymmetry ===>> -50.72
GetZFocus ===>> 74.64
GetDeflection H2 ===>> 0
GetDeflection H1 ===>> 0
GetDeflection AX ===>> 190
GetDeflection L1 ===>> 400
GetDeflection L2 ===>> 825
GetDeflection CDD ===>> 50
GetGain H2 ===>> 0.0113
GetGain H1 ===>> 0.1
GetGain AX ===>> 0.097049
GetGain L1 ===>> 0.010355
GetGain L2 ===>> 0.095649
GetGain CDD ===>> 0
pre measurement save
New frame /Users/jan/PychronDev/data/isotopes/a8/60315c-9fc0-4377-838c-1d34369969c0.h5
flush and close file /Users/jan/PychronDev/data/isotopes/a8/60315c-9fc0-4377-838c-1d34369969c0.h5
testing...
no interpolation path defined
executed snippet estimated_duration=226.132928, duration=0.000200033187866
unknown measurement script
activate_detectors ('H2', 'H1', 'AX', 'L1', 'L2', 'CDD') {}
activate detectors
*************** Set Analysis View Ar/Ar
create graphs
clearing graphs
clear isotope group
setting isotope det=H2, iso=PM41
setting isotope det=H1, iso=Ar40
setting isotope det=AX, iso=Ar39
setting isotope det=L1, iso=Ar38
setting isotope det=L2, iso=Ar37
setting isotope det=CDD, iso=Ar36
setting previous blanks
 - setting Ar40 blank 0.594+/-0.007
 - setting Ar36 blank 0.00630+/-0.00019
 - setting Ar37 blank 0.050+/-0.005
 - setting Ar38 blank 0.0170+/-0.0021
 - setting PM41 blank 0.03+/-0.06
 - setting Ar39 blank 0.018+/-0.009
load analysis view
position_magnet ('Ar40',) {'detector': 'H1'}
detector Detector(H1)
POSITION Ar40 H1
setting detector H2 to PM41 (40.9624)
setting detector H1 to Ar40 (39.9624)
setting detector AX to Ar39 (38.9624)
setting detector L1 to Ar38 (37.9624)
setting detector L2 to Ar37 (36.9624)
setting detector CDD to Ar36 (35.9624)
Mapping mass to dac mass func: "parabolic"
H1 map mass coeffs = [-0.00063987  0.15840543  0.57076999]
H1 map mass to dac 39.9624 >> 5.87916
GetDeflection H1 ===>> 0
GetHighVoltage ===>> 4499.94659342336
positioning Ar40 (5.87912537818) on H1
setting magnet DAC
current  : 5.879123
requested: 5.879125
Delta Dac: 0.000002
Checking detector protection. dv=0.00000
Checking detector "CDD". Protection Threshold: 0.1 (V)
SetMagnetDAC 5.87912537818 ===>> OK
Magnet settling time: 0.500
equilibrate () {'delay': 3, 'inlet': 'R', 'outlet': 'O', 'eqtime': 12.0}
Equilibration Started
23:02:50 -- ******* Equilibration Started *******
checking ownership. requestor=129.138.12.150
check software interlocks O
interlocks []
actuate state mode=None-script, software_lock=False
doing actuation None-script close_channel True
Close O ===>> OK
GetIndicatorState O ===>> False
change switch state (True, True)
update switch state O False args=() kw={} ncanvase=2
23:02:50 -- CLOSE  VALVE-O (Jan Ion Pump)
waiting 3s before opening inlet value ('R',)
update labels <pychron.experiment.plot_panel.PlotPanel object at 0x1964e1890>
update labels "<pychron.graph.stacked_regression_graph.StackedRegressionGraph object at 0x18f6a30b0>"
setting label 0 H2 PM41
setting label 1 H1 Ar40
setting label 2 AX Ar39
setting label 3 L1 Ar38
setting label 4 L2 Ar37
setting label 5 CDD Ar36
update labels "<pychron.graph.stacked_graph.StackedGraph object at 0x18f6a3a70>"
setting label 0 H2 PM41
setting label 1 H1 Ar40
setting label 2 AX Ar39
setting label 3 L1 Ar38
setting label 4 L2 Ar37
setting label 5 CDD Ar36
checking ownership. requestor=129.138.12.150
check software interlocks R
interlocks []
actuate state mode=None-script, software_lock=False
doing actuation None-script open_channel True
Open R ===>> OK
GetIndicatorState R ===>> OK
change switch state (True, True)
update switch state R True args=() kw={} ncanvase=2
23:02:53 -- OPEN   VALVE-R (Jan Inlet)
set_time_zero () {}
equilibrating for 12.0sec
sniff (12.0,) {}
py_sniff
build tables- sniff [Detector(H2), Detector(H1), Detector(AX), Detector(L1), Detector(L2), Detector(CDD)]
add group /sniff/PM41 (Group) '' table H2
add group /sniff/Ar40 (Group) '' table H1
add group /sniff/Ar39 (Group) '' table AX
add group /sniff/Ar38 (Group) '' table L1
add group /sniff/Ar37 (Group) '' table L2
add group /sniff/Ar36 (Group) '' table CDD
flush and close file /Users/jan/PychronDev/data/isotopes/a8/60315c-9fc0-4377-838c-1d34369969c0.h5
measuring sniff. ncounts=12.0
"sniff" increment series count="1" fit count="0" regressing="False"
starting measurement
GetData ===>> H2,-0.180789030215949,H1,0.0415890934127862,AX,-0.083999388900144,L1,0.0108595938096813,L2,-0.122...
GetData ===>> H2,0.534833969490787,H1,111.510911007905,AX,30.4762818613835,L1,0.204993795037506,L2,0.3964413407...
GetData ===>> H2,0.785872974508333,H1,264.944636274094,AX,68.9005975321309,L1,0.579558182734621,L2,0.4157941118...
GetData ===>> H2,0.272964293829092,H1,316.347509613315,AX,80.1029312506763,L1,0.848521432529981,L2,0.3793424093...
GetData ===>> H2,0.00023273067003669,H1,334.189270256836,AX,83.6161060492866,L1,0.95419689928598,L2,0.331066105...
GetData ===>> H2,-0.0426673892422625,H1,341.019571223419,AX,84.784060705919,L1,1.03890461179617,L2,0.3946821916...
GetData ===>> H2,-0.0628650971800108,H1,344.182226873677,AX,85.2963569968266,L1,1.08546592045975,L2,0.365021403...
GetData ===>> H2,-0.0594197647796255,H1,345.671140222437,AX,85.5430507719292,L1,1.09919165463332,L2,0.321043942...
GetData ===>> H2,-0.0954284871938544,H1,346.325328402655,AX,85.773458579044,L1,1.1144007457601,L2,0.35508703494...
GetData ===>> H2,-0.0622780678085281,H1,347.068988309157,AX,85.8287675909825,L1,1.06317367974338,L2,0.288051268...
GetData ===>> H2,-0.0255763563655626,H1,346.96545610402,AX,85.9146483858623,L1,1.08787565741606,L2,0.3363515631...
Equilibration Finished
23:03:06 -- ******* Equilibration Finished *******
checking ownership. requestor=129.138.12.150
check software interlocks R
interlocks []
actuate state mode=None-script, software_lock=False
doing actuation None-script close_channel True
GetData ===>> H2,-0.0686610708446169,H1,346.957238393574,AX,85.8664269600478,L1,1.06923560668973,L2,0.390113124...
Close R ===>> OK
set states for children of R. state=False
handle state [('R', False)]
update switch state R False args=() kw={'refresh': False} ncanvase=2
refresh_canvas_needed fired
GetIndicatorState R ===>> False
change switch state (True, True)
update switch state R False args=() kw={} ncanvase=2
23:03:06 -- CLOSE  VALVE-R (Jan Inlet)
Post Equilibration Started jan_pump_extraction_line.py
23:03:06 -- ******* Post Equilibration Started jan_pump_extraction_line.py *******
testing...
no interpolation path defined
calculate duration
testing...
no interpolation path defined
executed snippet estimated_duration=4.0, duration=0.000150918960571
executed snippet estimated_duration=4.0, duration=0.00156998634338
Pump after analysis
doing GOSUB
testing...
no interpolation path defined
executed snippet estimated_duration=4.0, duration=0.0001380443573
Pump Microbone
close () {'description': 'Jan Inlet'}
closing name=--- desc=Jan Inlet
checking ownership. requestor=129.138.12.150
check software interlocks R
interlocks []
actuate state mode=None-script, software_lock=False
doing actuation None-script close_channel False
Close R ===>> OK
measurement finished
estimated time: 12.583 actual time: :12.668
flush and close file /Users/jan/PychronDev/data/isotopes/a8/60315c-9fc0-4377-838c-1d34369969c0.h5
set_fits () {}
using default fits file=/Users/jan/PychronDev/scripts/measurement/fits/nominal_linear.yaml
set "Ar40" to "('Linear', 'SEM')"
No fit for "PM41". defaulting to linear. check the measurement script "jan_unknown120_60.py"
set "PM41" to "linear"
set "Ar36" to "('Linear', 'SEM')"
set "Ar37" to "('linear', 'SEM')"
set "Ar38" to "('linear', 'SEM')"
set "Ar39" to "('Linear', 'SEM')"
set_baseline_fits () {}
using default fits file=/Users/jan/PychronDev/scripts/measurement/fits/nominal_linear.yaml
set "H1" to "('average', 'SEM')"
set "H2" to "('average', 'SEM')"
set "CDD" to "('average', 'SEM')"
set "L2" to "('average', 'SEM')"
set "L1" to "('average', 'SEM')"
set "AX" to "('average', 'SEM')"
multicollect () {'integration_time': 1, 'ncounts': 120}
build tables- signal [Detector(H2), Detector(H1), Detector(AX), Detector(L1), Detector(L2), Detector(CDD)]
add group /signal/PM41 (Group) '' table H2
add group /signal/Ar40 (Group) '' table H1
add group /signal/Ar39 (Group) '' table AX
add group /signal/Ar38 (Group) '' table L1
add group /signal/Ar37 (Group) '' table L2
add group /signal/Ar36 (Group) '' table CDD
flush and close file /Users/jan/PychronDev/data/isotopes/a8/60315c-9fc0-4377-838c-1d34369969c0.h5
measuring signal. ncounts=120
GetIndicatorState R ===>> False
change switch state (True, True)
update switch state R False args=() kw={} ncanvase=2
23:03:07 -- CLOSE  VALVE-R (Jan Inlet)
---------------------------------------- close None (Jan Inlet) result=[(True, True)]
action=close, ok=True, locked=[False]
is_closed ('F',) {}
is F () closed?
is closed True
open () {'description': 'CO2 Laser to Jan'}
opening name=--- desc=CO2 Laser to Jan
checking ownership. requestor=129.138.12.150
check software interlocks A
interlocks []
actuate state mode=None-script, software_lock=False
doing actuation None-script open_channel False
Open A ===>> OK
GetIndicatorState A ===>> OK
change switch state (True, True)
update switch state A True args=() kw={} ncanvase=2
23:03:07 -- OPEN   VALVE-A (CO2 Laser to Jan)
---------------------------------------- open None (CO2 Laser to Jan) result=[(True, True)], time=0.14 sec
starting measurement
GetData ===>> H2,-0.0814138396231246,H1,346.731321132701,AX,85.9718791696892,L1,1.17444311624022,L2,0.378691408...
action=open, ok=True, locked=[False]
sleep (1,) {}
SLEEP 1.0
"signal" increment series count="2" fit count="1" regressing="True"
GetData ===>> H2,-0.0662791869958103,H1,346.877813249988,AX,86.016760131138,L1,1.15703603735896,L2,0.3523352827...
close () {'description': 'CO2 Laser to Roughing'}
closing name=--- desc=CO2 Laser to Roughing
checking ownership. requestor=129.138.12.150
check software interlocks G
interlocks []
actuate state mode=None-script, software_lock=True
VALVE-G(CO2 Laser to Roughing) software locked
change switch state (True, False)
---------------------------------------- close None (CO2 Laser to Roughing) result=[(True, False)]
action=close, ok=True, locked=[True]
open () {'description': 'Microbone to Turbo'}
opening name=--- desc=Microbone to Turbo
checking ownership. requestor=129.138.12.150
check software interlocks U
interlocks []
actuate state mode=None-script, software_lock=False
doing actuation None-script open_channel True
Open U ===>> OK
GetIndicatorState U ===>> OK
change switch state (True, True)
update switch state U True args=() kw={} ncanvase=2
23:03:09 -- OPEN   VALVE-U (Microbone to Turbo)
---------------------------------------- open None (Microbone to Turbo) result=[(True, True)], time=0.19 sec
action=open, ok=True, locked=[False]
open () {'description': 'Microbone to Getter NP-10'}
opening name=--- desc=Microbone to Getter NP-10
checking ownership. requestor=129.138.12.150
check software interlocks M
interlocks []
actuate state mode=None-script, software_lock=False
doing actuation None-script open_channel False
Open M ===>> OK
GetIndicatorState M ===>> OK
change switch state (True, True)
update switch state M True args=() kw={} ncanvase=2
23:03:09 -- OPEN   VALVE-M (Microbone to Getter NP-10)
---------------------------------------- open None (Microbone to Getter NP-10) result=[(True, True)], time=0.13 sec
action=open, ok=True, locked=[False]
open () {'description': 'Microbone to Getter D-50'}
opening name=--- desc=Microbone to Getter D-50
checking ownership. requestor=129.138.12.150
check software interlocks K
interlocks []
actuate state mode=None-script, software_lock=False
doing actuation None-script open_channel False
GetData ===>> H2,-0.0906045242774225,H1,346.814187405644,AX,85.9900371741276,L1,1.15686604182592,L2,0.293836433...
Open K ===>> OK
GetIndicatorState K ===>> OK
change switch state (True, True)
update switch state K True args=() kw={} ncanvase=2
23:03:10 -- OPEN   VALVE-K (Microbone to Getter D-50)
---------------------------------------- open None (Microbone to Getter D-50) result=[(True, True)], time=0.45 sec
action=open, ok=True, locked=[False]
open () {'description': 'Microbone to CO2 Laser'}
opening name=--- desc=Microbone to CO2 Laser
checking ownership. requestor=129.138.12.150
check software interlocks T
interlocks []
actuate state mode=None-script, software_lock=False
doing actuation None-script open_channel False
Open T ===>> OK
GetIndicatorState T ===>> OK
change switch state (True, True)
update switch state T True args=() kw={} ncanvase=2
23:03:10 -- OPEN   VALVE-T (Microbone to CO2 Laser)
---------------------------------------- open None (Microbone to CO2 Laser) result=[(True, True)], time=0.43 sec
GetData ===>> H2,-0.136710751677213,H1,346.834621652461,AX,85.7808429919174,L1,1.12719155419253,L2,0.5007140621...
action=open, ok=True, locked=[False]
open () {'description': 'Microbone to Inlet Pipette'}
opening name=--- desc=Microbone to Inlet Pipette
checking ownership. requestor=129.138.12.150
check software interlocks S
interlocks []
actuate state mode=None-script, software_lock=False
doing actuation None-script open_channel False
Open S ===>> OK
GetIndicatorState S ===>> OK
change switch state (True, True)
update switch state S True args=() kw={} ncanvase=2
23:03:11 -- OPEN   VALVE-S (Microbone to Inlet Pipette)
---------------------------------------- open None (Microbone to Inlet Pipette) result=[(True, True)], time=0.45 sec
action=open, ok=True, locked=[False]
sleep (1,) {}
SLEEP 1.0
testing H1>-5.0
evaluate ot="H1.bs>-5.0" t="H1>-5.0", ctx="{'H1': None}"
GetData ===>> H2,-0.0979960974521604,H1,346.62342462236,AX,85.4730244055828,L1,1.09328954767755,L2,0.4143887908...
set_resource () {'name': 'CO2PumpTimeFlag', 'value': 30}
Set CO2PumpTimeFlag 30 ===>> OK
release ('JanCO2Flag',) {}
release JanCO2Flag
Set JanCO2Flag 0 ===>> OK
executed snippet estimated_duration=6.0, duration=6.0515358448
PumpMicrobone.py completed successfully
gosub finished
get_resource_value () {'name': 'JanMiniboneFlag'}
Read JanMiniboneFlag ===>> 0
Get Resource Value JanMiniboneFlag=0.0
get resource value 0.0
get_resource_value () {'name': 'JanMiniboneFlag'}
Read JanMiniboneFlag ===>> 0
Get Resource Value JanMiniboneFlag=0.0
executed snippet estimated_duration=4.0, duration=6.06394505501
jan_pump_extraction_line.py completed successfully
Post Equilibration Finished
23:03:12 -- ******* Post Equilibration Finished *******
GetData ===>> H2,-0.24037597597855,H1,346.475462510239,AX,85.7970332578869,L1,1.09853500006374,L2,0.27139377187...
GetData ===>> H2,-0.292603850425855,H1,346.449566786892,AX,85.6667523946459,L1,1.11942504696692,L2,0.3160903226...
GetData ===>> H2,-0.2411862938059,H1,346.240433492722,AX,85.618667854929,L1,1.14200622338581,L2,0.3836025791863...
GetData ===>> H2,-0.179952408104799,H1,345.997746016499,AX,85.6238112275436,L1,1.13999280010832,L2,0.3573478697...
testing H1>-5.0
evaluate ot="H1.bs>-5.0" t="H1>-5.0", ctx="{'H1': None}"
GetData ===>> H2,-0.121481667028862,H1,345.964903088626,AX,85.515563671089,L1,1.08692055186032,L2,0.36499856482...
GetData ===>> H2,-0.239241164083789,H1,345.77192549619,AX,85.4667147356356,L1,1.08009436646522,L2,0.44402997781...
GetData ===>> H2,-0.180571784287053,H1,345.376351429546,AX,85.4035001897011,L1,1.08791993591708,L2,0.2986747878...
GetData ===>> H2,-0.170807579587004,H1,345.490004423241,AX,85.3496680432552,L1,1.09362466306505,L2,0.3414089803...
GetData ===>> H2,-0.25661161736559,H1,345.478945972766,AX,85.5799984099053,L1,1.050520355375,L2,0.3060126646131...
testing H1>-5.0
evaluate ot="H1.bs>-5.0" t="H1>-5.0", ctx="{'H1': None}"
GetData ===>> H2,-0.141276975808749,H1,345.402784938927,AX,85.6091664714361,L1,1.05890069535382,L2,0.3362716512...
GetData ===>> H2,-0.00806746696449167,H1,345.004092487086,AX,85.4316828762835,L1,1.07504520853165,L2,0.28134228...
GetData ===>> H2,0.033571130408278,H1,344.937170629162,AX,85.1436062001178,L1,1.10734818239977,L2,0.41410315907...
GetData ===>> H2,-0.131532663295917,H1,345.032295549659,AX,85.2856972232455,L1,1.08944449411319,L2,0.2709830756...
GetData ===>> H2,-0.143797209152038,H1,344.98316951956,AX,85.304114619354,L1,1.10767361144294,L2,0.337264846761...
testing H1>-5.0
evaluate ot="H1.bs>-5.0" t="H1>-5.0", ctx="{'H1': None}"
GetData ===>> H2,-0.204302021355483,H1,344.69631151972,AX,85.2700676927749,L1,1.1094554171763,L2,0.382197730131...
GetData ===>> H2,-0.162828023836877,H1,344.530392668169,AX,85.1437896298561,L1,1.11156802637667,L2,0.3038785740...
GetData ===>> H2,-0.137125816015423,H1,344.45627839545,AX,85.1758935379387,L1,1.10778504469041,L2,0.27718933942...
GetData ===>> H2,-0.228135379724005,H1,344.482344322537,AX,85.1337847225713,L1,1.05593474394607,L2,0.4605075089...
GetData ===>> H2,-0.230387458369469,H1,344.298865855827,AX,85.0598872965997,L1,1.11462481343145,L2,0.3984061428...
testing H1>-5.0
evaluate ot="H1.bs>-5.0" t="H1>-5.0", ctx="{'H1': None}"
23:03:33 -- collecting point 25
GetData ===>> H2,-0.154644224398523,H1,343.955440013652,AX,84.8408364571023,L1,1.09885130259125,L2,0.3241828901...
GetData ===>> H2,-0.0636798383505736,H1,343.720326733627,AX,85.0832708679952,L1,1.14016395162824,L2,0.311490761...
GetData ===>> H2,-0.0732742134451586,H1,343.683665724894,AX,85.0622871410194,L1,1.11881840874116,L2,0.318932345...
GetData ===>> H2,-0.159934181611458,H1,343.621181603823,AX,85.0256440029353,L1,1.1249699819082,L2,0.34058698922...
GetData ===>> H2,-0.096358906662126,H1,343.638032753632,AX,84.9963040931981,L1,1.07102312760647,L2,0.2802241662...
testing H1>-5.0
evaluate ot="H1.bs>-5.0" t="H1>-5.0", ctx="{'H1': None}"
GetData ===>> H2,-0.106374712303318,H1,343.760948105146,AX,84.9437902746771,L1,1.08148378038497,L2,0.3224136527...
GetData ===>> H2,-0.180261425729269,H1,343.201682132427,AX,84.8957768105652,L1,1.06511685946989,L2,0.3173686517...
GetData ===>> H2,-0.186085302626483,H1,343.065001924441,AX,84.9344761728005,L1,1.04015494555754,L2,0.4199987724...
GetData ===>> H2,-0.162869879875099,H1,343.157215470685,AX,84.833477189154,L1,1.03239668141883,L2,0.43928773099...
GetData ===>> H2,-0.22479075989647,H1,342.764743408274,AX,84.7203046958626,L1,1.03342809818512,L2,0.34784815517...
testing H1>-5.0
evaluate ot="H1.bs>-5.0" t="H1>-5.0", ctx="{'H1': None}"
GetData ===>> H2,-0.215475339116179,H1,342.701390314778,AX,84.6863821746738,L1,1.07761941007226,L2,0.2831335830...
GetData ===>> H2,-0.26209120917205,H1,342.904284115243,AX,84.6465944659342,L1,1.05878072804194,L2,0.36395940471...
GetData ===>> H2,-0.224889065984234,H1,342.546048759063,AX,84.5976867799292,L1,1.05240421015518,L2,0.2173357068...
GetData ===>> H2,-0.132194086453514,H1,342.430659609766,AX,84.5443214652818,L1,1.07424034586981,L2,0.3500403134...
GetData ===>> H2,-0.0977916307636033,H1,341.964951851097,AX,84.5663007787113,L1,1.06421597829252,L2,0.383762482...
testing H1>-5.0
evaluate ot="H1.bs>-5.0" t="H1>-5.0", ctx="{'H1': None}"
GetData ===>> H2,-0.159418262783198,H1,342.166513730768,AX,84.7014115982714,L1,1.09920810314958,L2,0.2355292369...
GetData ===>> H2,-0.183515719313494,H1,342.147282471113,AX,84.607523399737,L1,1.07897942700825,L2,0.28746934839...
GetData ===>> H2,-0.131566479320947,H1,341.965436500506,AX,84.6473431889348,L1,1.09821491149696,L2,0.3647473382...
GetData ===>> H2,-0.127993712891239,H1,342.072309743503,AX,84.6402838404225,L1,1.06204937559071,L2,0.4277801660...
GetData ===>> H2,-0.103949745463337,H1,342.065782926612,AX,84.4759930628159,L1,1.05439969449193,L2,0.3204047517...
testing H1>-5.0
evaluate ot="H1.bs>-5.0" t="H1>-5.0", ctx="{'H1': None}"
GetData ===>> H2,-0.0466652693923036,H1,341.693257443808,AX,84.5900642922127,L1,1.07358967737216,L2,0.313122838...
GetData ===>> H2,-0.0924836883826366,H1,341.603664111765,AX,84.3578188734786,L1,1.09471354494648,L2,0.404769179...
GetData ===>> H2,-0.12401742802984,H1,341.645094836302,AX,84.3454996395633,L1,1.0997673678614,L2,0.347791068389...
GetData ===>> H2,-0.19234832545391,H1,341.20314522522,AX,84.3713862520143,L1,1.05180490293076,L2,0.355064198503...
GetData ===>> H2,-0.162732159424862,H1,341.117302758789,AX,84.3971113624353,L1,1.0608329875254,L2,0.18214548839...
testing H1>-5.0
evaluate ot="H1.bs>-5.0" t="H1>-5.0", ctx="{'H1': None}"
23:03:59 -- collecting point 50
GetData ===>> H2,-0.244669190661367,H1,341.190207432995,AX,84.293840529943,L1,1.03573843284,L2,0.31413862093484...
GetData ===>> H2,-0.202408172307778,H1,340.861594985025,AX,84.3781039228391,L1,1.07438690971874,L2,0.3708340578...
GetData ===>> H2,-0.156195264398678,H1,340.770513638941,AX,84.5170892205325,L1,1.06212643083343,L2,0.2801328918...
GetData ===>> H2,-0.268956947675215,H1,340.725516265274,AX,84.2369949242071,L1,1.04139028401719,L2,0.2458259780...
GetData ===>> H2,-0.110530143891433,H1,340.54270968274,AX,84.2492794993448,L1,1.08362831035404,L2,0.35181006105...
testing H1>-5.0
evaluate ot="H1.bs>-5.0" t="H1>-5.0", ctx="{'H1': None}"
GetData ===>> H2,-0.0466394745571775,H1,340.562461246211,AX,84.2364630049356,L1,1.10522110968001,L2,0.358992146...
GetData ===>> H2,-0.137374576939871,H1,340.648605240293,AX,84.0608344265166,L1,1.07976189493459,L2,0.3990230076...
GetData ===>> H2,-0.239964064560037,H1,340.349075593751,AX,84.0581432206908,L1,1.06540621903447,L2,0.2989030181...
GetData ===>> H2,-0.175883114350543,H1,339.993195815743,AX,83.8990744322957,L1,1.05437192426328,L2,0.3170490678...
GetData ===>> H2,-0.0924200159527418,H1,340.027736358424,AX,84.1447206693066,L1,1.09044411584366,L2,0.450595529...
testing H1>-5.0
evaluate ot="H1.bs>-5.0" t="H1>-5.0", ctx="{'H1': None}"
GetData ===>> H2,-0.144732188153028,H1,340.068366582719,AX,83.9752064723813,L1,1.11355388858806,L2,0.2680169886...
GetData ===>> H2,-0.166039687955194,H1,339.582086339513,AX,83.9155172569142,L1,1.1180864362632,L2,0.38980471992...
GetData ===>> H2,-0.230329580318738,H1,339.55624188518,AX,83.9916935684616,L1,1.05345302319632,L2,0.32828079788...
GetData ===>> H2,-0.198469838303267,H1,339.451000261244,AX,83.8042629967797,L1,1.05967483286773,L2,0.4297913190...
GetData ===>> H2,-0.0635876575835441,H1,339.743010121488,AX,83.7711639131606,L1,1.10636942282741,L2,0.340027582...
testing H1>-5.0
evaluate ot="H1.bs>-5.0" t="H1>-5.0", ctx="{'H1': None}"
GetData ===>> H2,-0.0474418023402373,H1,339.22851967307,AX,83.8319262612779,L1,1.09640463167519,L2,0.3317053677...
GetData ===>> H2,-0.226360861730758,H1,339.30982128618,AX,83.7663697609926,L1,1.06115507046783,L2,0.30677729685...
GetData ===>> H2,-0.232737326005918,H1,339.293038163197,AX,83.8358928306486,L1,1.09287224896333,L2,0.4162854077...
GetData ===>> H2,-0.269278151679014,H1,339.214891433279,AX,83.9072862684087,L1,1.07188675731768,L2,0.2164455224...
GetData ===>> H2,-0.23310470098833,H1,338.61214689998,AX,83.895770217427,L1,1.04678253859405,L2,0.3004549987105...
testing H1>-5.0
evaluate ot="H1.bs>-5.0" t="H1>-5.0", ctx="{'H1': None}"
GetData ===>> H2,-0.26231040735664,H1,338.561313838597,AX,83.9437817926573,L1,1.07905274142357,L2,0.35679978366...
GetData ===>> H2,-0.2702054257204,H1,338.378016483582,AX,83.9166789275213,L1,1.09301134671228,L2,0.357245103339...
GetData ===>> H2,-0.146431706894756,H1,338.289311283922,AX,83.6502185706176,L1,1.10539708346485,L2,0.3438635793...
GetData ===>> H2,-0.181007621291326,H1,338.384757219368,AX,83.6630564636092,L1,1.09207436890424,L2,0.4018560672...
GetData ===>> H2,-0.144536281306646,H1,338.372078356135,AX,83.7264967747175,L1,1.0973925937998,L2,0.19769650953...
testing H1>-5.0
evaluate ot="H1.bs>-5.0" t="H1>-5.0", ctx="{'H1': None}"
23:04:25 -- collecting point 75
GetData ===>> H2,-0.134198409519997,H1,337.949087511203,AX,83.730609599444,L1,1.07670314008572,L2,0.44618799640...
GetData ===>> H2,-0.212314682224652,H1,338.137186700731,AX,83.6165537530659,L1,1.08377247473032,L2,0.3410550666...
GetData ===>> H2,-0.100982787417364,H1,337.851952959554,AX,83.4857124522646,L1,1.08997339616279,L2,0.3750253258...
GetData ===>> H2,-0.0980434898680458,H1,337.705338027611,AX,83.5717573516906,L1,1.08332987102683,L2,0.363365603...
GetData ===>> H2,-0.201364734946217,H1,337.770059324977,AX,83.4931226053426,L1,1.0413435934267,L2,0.29382502232...
testing H1>-5.0
evaluate ot="H1.bs>-5.0" t="H1>-5.0", ctx="{'H1': None}"
GetData ===>> H2,-0.126042925021891,H1,337.594709146569,AX,83.4144823981346,L1,1.03351132201187,L2,0.3219228377...
GetData ===>> H2,-0.147424551088867,H1,337.197761470387,AX,83.5138466057696,L1,1.04285041526373,L2,0.4170623460...
GetData ===>> H2,-0.199926143460557,H1,337.322410670745,AX,83.4711751110773,L1,1.06942900849063,L2,0.2773376557...
GetData ===>> H2,-0.123757792134416,H1,337.195423593111,AX,83.4680755552749,L1,1.07460802280569,L2,0.2902648801...
GetData ===>> H2,-0.12302347721889,H1,337.255350129131,AX,83.1485297020451,L1,1.07894403402355,L2,0.34229947877...
testing H1>-5.0
evaluate ot="H1.bs>-5.0" t="H1>-5.0", ctx="{'H1': None}"
GetData ===>> H2,-0.0817728464914031,H1,337.15062354625,AX,83.1358461233571,L1,1.04299176968369,L2,0.2917368459...
GetData ===>> H2,-0.227855352914897,H1,336.736233936215,AX,83.1752073691547,L1,1.05574285060446,L2,0.3115478268...
GetData ===>> H2,-0.295865494774864,H1,336.803044836822,AX,83.1131973909157,L1,1.05337981747222,L2,0.3245139124...
GetData ===>> H2,-0.0953404522953635,H1,336.446691206159,AX,83.2202171167338,L1,1.04171838586385,L2,0.352906179...
GetData ===>> H2,0.0390996571405559,H1,336.286934365399,AX,83.1734695138778,L1,1.06473400720438,L2,0.3695321753...
testing H1>-5.0
evaluate ot="H1.bs>-5.0" t="H1>-5.0", ctx="{'H1': None}"
GetData ===>> H2,-0.120864884314896,H1,336.124441956516,AX,83.0376290049168,L1,1.05924039963429,L2,0.2086510560...
GetData ===>> H2,-0.279817704837431,H1,336.139690227828,AX,82.93538799113,L1,1.07433510674764,L2,0.375653460817...
GetData ===>> H2,-0.221795380909149,H1,336.188631964677,AX,82.9643274740517,L1,1.08664984883185,L2,0.3098587125...
GetData ===>> H2,-0.225604116039688,H1,335.755446080987,AX,83.1590284747624,L1,1.06981076618831,L2,0.3369337804...
GetData ===>> H2,-0.270462092453613,H1,335.501493739919,AX,82.8988127490482,L1,1.05087526395816,L2,0.2774517454...
testing H1>-5.0
evaluate ot="H1.bs>-5.0" t="H1>-5.0", ctx="{'H1': None}"
GetData ===>> H2,-0.1957212258163,H1,335.632039538112,AX,83.1178327958116,L1,1.05537927274849,L2,0.355475255305...
GetData ===>> H2,-0.14851860523455,H1,335.631720236729,AX,83.0513295499018,L1,1.05025007709702,L2,0.29947359633...
GetData ===>> H2,-0.139426646449441,H1,335.522022920401,AX,82.9380351488125,L1,1.0263152426258,L2,0.32486776505...
GetData ===>> H2,-0.0586820216666789,H1,335.593247205602,AX,82.8531196479046,L1,1.02032580773946,L2,0.316307180...
GetData ===>> H2,-0.0671541396229387,H1,335.352787674562,AX,83.0188012342315,L1,1.0463545417045,L2,0.3576675880...
testing H1>-5.0
evaluate ot="H1.bs>-5.0" t="H1>-5.0", ctx="{'H1': None}"
23:04:52 -- collecting point 100
GetData ===>> H2,-0.0880257567662337,H1,335.159957812033,AX,82.8834973516752,L1,1.04934204309585,L2,0.426180415...
GetData ===>> H2,-0.0965390227370869,H1,335.042434599886,AX,82.7598841244487,L1,1.03264002619505,L2,0.383088607...
GetData ===>> H2,-0.151173611255852,H1,334.98180219754,AX,82.7315465620072,L1,1.07870260645613,L2,0.23492425221...
GetData ===>> H2,-0.216001804964824,H1,334.621458948372,AX,82.7595699657116,L1,1.09260291032131,L2,0.3468776844...
GetData ===>> H2,-0.146905851497047,H1,334.772708405425,AX,82.6149506531908,L1,1.08636017893911,L2,0.3602253729...
testing H1>-5.0
evaluate ot="H1.bs>-5.0" t="H1>-5.0", ctx="{'H1': None}"
GetData ===>> H2,-0.148586135982003,H1,334.764928686243,AX,82.7338609649381,L1,1.06791475405631,L2,0.3643819190...
GetData ===>> H2,-0.118356830511427,H1,334.538133382027,AX,82.6393985875864,L1,1.03328308853489,L2,0.3018700616...
GetData ===>> H2,-0.201397091039062,H1,334.412646328427,AX,82.6063478701715,L1,1.04786838999521,L2,0.2704582997...
GetData ===>> H2,-0.124542090775594,H1,334.202424264531,AX,82.757255133794,L1,1.06874137366677,L2,0.37359776164...
GetData ===>> H2,-0.13807351186394,H1,334.167677430344,AX,82.7512532852421,L1,1.07178949194884,L2,0.31090869902...
testing H1>-5.0
evaluate ot="H1.bs>-5.0" t="H1>-5.0", ctx="{'H1': None}"
GetData ===>> H2,-0.138784569741988,H1,333.83164328212,AX,82.5040973925294,L1,1.04541654410396,L2,0.35421925394...
GetData ===>> H2,-0.203362550108924,H1,334.09243465295,AX,82.4766683063051,L1,1.08865498601797,L2,0.25973176022...
GetData ===>> H2,-0.276565276706096,H1,334.051940330665,AX,82.5564770903484,L1,1.08733800464267,L2,0.3327898403...
GetData ===>> H2,-0.1825889075756,H1,333.862163258022,AX,82.4363189417045,L1,1.0576328989376,L2,0.3251645456893...
GetData ===>> H2,-0.142844586243155,H1,333.577130527185,AX,82.3888584549368,L1,1.06951370189298,L2,0.4211528011...
testing H1>-5.0
evaluate ot="H1.bs>-5.0" t="H1>-5.0", ctx="{'H1': None}"
GetData ===>> H2,-0.176481115497814,H1,333.210029698586,AX,82.4356256428673,L1,1.01039145847959,L2,0.3553724909...
GetData ===>> H2,-0.209011680023226,H1,333.044173229262,AX,82.4441765709813,L1,1.01280031998819,L2,0.3960986468...
GetData ===>> H2,-0.190579659202678,H1,333.082535438029,AX,82.3138128446756,L1,1.04967291712731,L2,0.2870357630...
GetData ===>> H2,-0.211980654078108,H1,332.664645120955,AX,82.3157437772301,L1,1.01450858457282,L2,0.3758590331...
GetData ===>> H2,-0.1609308378611,H1,332.62920520021,AX,82.4852547935115,L1,1.0570217843155,L2,0.29754505584762...
testing H1>-5.0
evaluate ot="H1.bs>-5.0" t="H1>-5.0", ctx="{'H1': None}"
GetData ===>> H2,-0.085833576467066,H1,332.679921307711,AX,82.3662051218486,L1,1.04357992529232,L2,0.3591520084...
measurement finished
estimated time: 125.829 actual time: :126.463
flush and close file /Users/jan/PychronDev/data/isotopes/a8/60315c-9fc0-4377-838c-1d34369969c0.h5
baselines () {'settling_time': 15.0, 'detector': 'H1', 'mass': 34.2, 'ncounts': 60}
%%%%%%%%%%%%%%%%%%%%%%%%%%%%%%%% Baseline
build tables- baseline [Detector(H2), Detector(H1), Detector(AX), Detector(L1), Detector(L2), Detector(CDD)]
add group baseline table H2
add group baseline table H1
add group baseline table AX
add group baseline table L1
add group baseline table L2
add group baseline table CDD
flush and close file /Users/jan/PychronDev/data/isotopes/a8/60315c-9fc0-4377-838c-1d34369969c0.h5
detector Detector(H1)
POSITION 34.2 H1
Mapping mass to dac mass func: "parabolic"
H1 map mass coeffs = [-0.00063987  0.15840543  0.57076999]
H1 map mass to dac 34.2 >> 5.23981599104
GetDeflection H1 ===>> 0
GetHighVoltage ===>> 4499.94659342336
positioning 34.2 (5.23978513426) on H1
setting magnet DAC
current  : 5.879125
requested: 5.239785
Delta Dac: 0.639340
Checking detector protection. dv=0.63934
Checking detector "CDD". Protection Threshold: 0.1 (V)
ProtectDetector CDD,On ===>> OK
GetDeflection CDD ===>> 2000
Protected = 2000
SetMagnetDAC 5.23978513426 ===>> OK
Magnet settling time: 0.500
GetMagnetMoving ===>> True
GetMagnetMoving ===>> True
GetMagnetMoving ===>> True
GetMagnetMoving ===>> True
GetMagnetMoving ===>> True
GetMagnetMoving ===>> True
GetMagnetMoving ===>> True
GetMagnetMoving ===>> True
GetMagnetMoving ===>> False
ProtectDetector CDD,Off ===>> OK
GetDeflection CDD ===>> 50
Delaying 15.0s for detectors to settle
Join finished
measuring baseline. ncounts=60
"baseline" increment series count="2" fit count="1" regressing="True"
starting measurement
GetData ===>> H2,-0.278304408469844,H1,0.0318398660162924,AX,-0.0603629348692811,L1,-0.0449145276545606,L2,-0.0...
GetData ===>> H2,-0.177987452467472,H1,-0.0237376518502195,AX,-0.0619744301947878,L1,-0.0557275553594885,L2,0.0...
GetData ===>> H2,-0.269236489751315,H1,-0.140187074519748,AX,-0.0234651452042527,L1,-0.0393797277229199,L2,0.01...
GetData ===>> H2,-0.201302718842909,H1,-0.107159303974646,AX,-0.0608382707978272,L1,-0.00564636668895055,L2,-0....
testing H1>-5.0
evaluate ot="H1.bs>-5.0" t="H1>-5.0", ctx="{'H1': None}"
GetData ===>> H2,-0.144264708287881,H1,-0.0180131258613823,AX,-0.147313350296767,L1,-0.0048426781789442,L2,0.06...
GetData ===>> H2,-0.152733505352279,H1,0.00400549822170433,AX,-0.0890760144416464,L1,-0.0179972909275564,L2,-0....
GetData ===>> H2,-0.130638840345588,H1,-0.000145728810552059,AX,-0.205151464723003,L1,-0.0359282155613047,L2,-0...
GetData ===>> H2,-0.262088519597327,H1,0.00830005217931098,AX,-0.0793397871243649,L1,-0.00689855345943656,L2,-0...
GetData ===>> H2,-0.16887934201988,H1,-0.149522535029534,AX,-0.0647336192178475,L1,-0.0215798380383939,L2,0.045...
testing H1>-5.0
evaluate ot="H1.bs>-5.0" t="H1>-5.0", ctx="{'H1': None}"
GetData ===>> H2,-0.146889641752478,H1,-0.071226664300039,AX,-0.181151084050246,L1,-0.0136569524920006,L2,-0.05...
GetData ===>> H2,-0.150818476073833,H1,-0.0520215452150861,AX,-0.106900058350137,L1,-0.0362421472995747,L2,-0.0...
GetData ===>> H2,-0.144649772581765,H1,-0.0202671970476185,AX,-0.129065460700836,L1,-0.00323630844101668,L2,-0....
GetData ===>> H2,-0.203074088473586,H1,0.00574715622929674,AX,-0.0669826481915971,L1,0.0100002314929098,L2,0.05...
GetData ===>> H2,-0.176038354703318,H1,-0.0190149415444594,AX,-0.15598546393433,L1,-0.0118506011942076,L2,-0.09...
testing H1>-5.0
evaluate ot="H1.bs>-5.0" t="H1>-5.0", ctx="{'H1': None}"
GetData ===>> H2,-0.195478431088787,H1,0.0797675868586591,AX,-0.0512035696610051,L1,-0.0674505862961695,L2,0.07...
GetData ===>> H2,-0.143012145575332,H1,-0.0064795969437313,AX,-0.106401771193203,L1,-0.0514680407630123,L2,-0.0...
GetData ===>> H2,-0.183873202836414,H1,-0.0305351012348297,AX,-0.10140717055499,L1,-0.026531915070708,L2,-0.017...
GetData ===>> H2,-0.117308261917527,H1,-0.00546572785757855,AX,-0.121546243088245,L1,-0.00386856968527348,L2,-0...
GetData ===>> H2,-0.172719300760322,H1,-0.00718333533027398,AX,-0.0331721737214058,L1,-0.00666108172981925,L2,-...
testing H1>-5.0
evaluate ot="H1.bs>-5.0" t="H1>-5.0", ctx="{'H1': None}"
GetData ===>> H2,-0.276103253748338,H1,-0.015794784021783,AX,-0.0930165913875121,L1,-0.0130900304259548,L2,-0.0...
GetData ===>> H2,-0.201134195105859,H1,0.0274011198432734,AX,-0.0861900200816339,L1,0.0150794540676361,L2,-0.00...
GetData ===>> H2,-0.177170869928542,H1,0.0357776281571855,AX,-0.0787949932424073,L1,0.00101899051597749,L2,-0.0...
GetData ===>> H2,-0.198294529671147,H1,-0.00922295592407068,AX,-0.00527780716127438,L1,-0.0179936933515603,L2,-...
GetData ===>> H2,-0.208404048864202,H1,-0.061356337205498,AX,-0.0567224802840925,L1,0.00667509392952029,L2,-0.0...
testing H1>-5.0
evaluate ot="H1.bs>-5.0" t="H1>-5.0", ctx="{'H1': None}"
23:05:57 -- collecting point 25
GetData ===>> H2,-0.288221291077143,H1,-0.0416366091552821,AX,0.0395787113516564,L1,-0.00847555942869565,L2,-0....
GetData ===>> H2,-0.12878042226172,H1,-0.0403130783446002,AX,-0.00434979062842904,L1,-0.0488428404260013,L2,-0....
GetData ===>> H2,-0.105208302908947,H1,-0.0783546284205404,AX,-0.016390117825437,L1,-0.0553217477479697,L2,-0.0...
GetData ===>> H2,-0.194457691657905,H1,-0.00461884110232165,AX,-0.135776385713544,L1,0.00298524352816266,L2,-0....
GetData ===>> H2,-0.225966336937459,H1,-0.00875778295583702,AX,-0.164471329288219,L1,-0.0129102387454816,L2,0.0...
testing H1>-5.0
evaluate ot="H1.bs>-5.0" t="H1>-5.0", ctx="{'H1': None}"
GetData ===>> H2,-0.295124660920195,H1,0.0245136540604431,AX,-0.145307524075786,L1,-0.0109670850517016,L2,0.050...
GetData ===>> H2,-0.289228463833004,H1,-0.0229147713888487,AX,-0.216703374760543,L1,0.0122051951658876,L2,-0.01...
GetData ===>> H2,-0.263079584469883,H1,-0.00402243767914074,AX,-0.205116702641759,L1,-0.0312384421653108,L2,-0....
GetData ===>> H2,-0.241668149595407,H1,-0.0532376210865547,AX,-0.0232215872355647,L1,-0.0174504446134113,L2,0.0...
GetData ===>> H2,-0.23871073839888,H1,0.000438772628341821,AX,-0.0202872457086664,L1,-0.0200441030846598,L2,-0....
testing H1>-5.0
evaluate ot="H1.bs>-5.0" t="H1>-5.0", ctx="{'H1': None}"
GetData ===>> H2,-0.136668838798908,H1,-0.0234037301597877,AX,-0.0717587641152891,L1,-0.0220473454546873,L2,-0....
GetData ===>> H2,-0.191474811424421,H1,-0.00950921513769281,AX,-0.0639221011560824,L1,-0.00288476841191857,L2,0...
GetData ===>> H2,-0.244541359885321,H1,0.0378062327354602,AX,-0.0668087560529858,L1,0.0112953041028972,L2,-0.03...
GetData ===>> H2,-0.303740857767678,H1,0.0383670894894773,AX,-0.0920430519275652,L1,0.0122244021951957,L2,0.035...
GetData ===>> H2,-0.204314151750826,H1,-0.0230698073553135,AX,-0.135254581102168,L1,-0.0372629567792628,L2,-0.0...
testing H1>-5.0
evaluate ot="H1.bs>-5.0" t="H1>-5.0", ctx="{'H1': None}"
GetData ===>> H2,-0.176948155380041,H1,-0.0385006473973658,AX,-0.0667739775879662,L1,-0.0441698662164569,L2,-0....
GetData ===>> H2,-0.168944116698817,H1,-0.046990172308514,AX,-0.0596325361126273,L1,-0.0446762898862647,L2,-0.0...
GetData ===>> H2,-0.195513501760227,H1,0.051649572963375,AX,-0.0545659684314727,L1,-0.00451878556729766,L2,-0.0...
GetData ===>> H2,-0.217668700602553,H1,0.0666526638951616,AX,-0.104257948500624,L1,0.0214323846279848,L2,0.0509...
GetData ===>> H2,-0.128996690195035,H1,-0.0405157823966327,AX,-0.169467441968596,L1,0.0187316896531403,L2,0.016...
testing H1>-5.0
evaluate ot="H1.bs>-5.0" t="H1>-5.0", ctx="{'H1': None}"
GetData ===>> H2,-0.144776773376353,H1,-0.0265401649834239,AX,-0.0204496226508327,L1,-0.00165968147946287,L2,-0...
GetData ===>> H2,-0.163806874581602,H1,-0.0535952876481669,AX,-0.0079806049037178,L1,-0.0041049076217966,L2,-0....
GetData ===>> H2,-0.0829134648028276,H1,-0.0713935455188828,AX,-0.0213078962737692,L1,-0.0218663387506333,L2,-0...
GetData ===>> H2,-0.104435592225677,H1,-0.0633471699634789,AX,-0.125879422503474,L1,-0.0428420290710515,L2,-0.0...
GetData ===>> H2,-0.227191607806666,H1,0.000426843993417592,AX,-0.129633143826612,L1,-0.00261360628447561,L2,-0...
testing H1>-5.0
evaluate ot="H1.bs>-5.0" t="H1>-5.0", ctx="{'H1': None}"
23:06:24 -- collecting point 50
GetData ===>> H2,-0.202950074668338,H1,-0.0908333028106998,AX,-0.100039694578197,L1,-0.00823452736286452,L2,-0....
GetData ===>> H2,-0.154196977452115,H1,-0.0147333019868466,AX,-0.00887378765873764,L1,-0.0451348027761339,L2,0....
GetData ===>> H2,-0.283765822011913,H1,-0.00751731113848282,AX,-0.161039975630013,L1,-0.00254881425276747,L2,-0...
GetData ===>> H2,-0.275390035791952,H1,-0.0614517073426189,AX,-0.193714069427455,L1,-0.0314971234832437,L2,-0.1...
GetData ===>> H2,-0.183388911125208,H1,-0.0392280084968054,AX,-0.105405189222902,L1,-0.0252485880236979,L2,0.00...
testing H1>-5.0
evaluate ot="H1.bs>-5.0" t="H1>-5.0", ctx="{'H1': None}"
GetData ===>> H2,-0.144772720181481,H1,-0.0847788968016737,AX,-0.0602122181144244,L1,-0.0276126106404236,L2,-0....
GetData ===>> H2,-0.02686855014628,H1,-0.0505073908773966,AX,0.00365471923220225,L1,-0.00793832582563467,L2,-0....
GetData ===>> H2,-0.148020215881209,H1,0.0486539982772928,AX,-0.0383674136857788,L1,-0.0370568862217175,L2,-0.0...
GetData ===>> H2,-0.167292246683105,H1,0.0115926683230018,AX,-0.126018451802181,L1,-0.00393815198900525,L2,-0.0...
GetData ===>> H2,-0.300360452540512,H1,-0.103477248787143,AX,-0.0669130913734413,L1,-0.0100067577012203,L2,-0.0...
testing H1>-5.0
evaluate ot="H1.bs>-5.0" t="H1>-5.0", ctx="{'H1': None}"
GetData ===>> H2,-0.170414942006896,H1,-0.0230698073553135,AX,-0.0656842460541643,L1,-0.00308633552704131,L2,0....
measurement finished
estimated time: 62.915 actual time: :63.226
flush and close file /Users/jan/PychronDev/data/isotopes/a8/60315c-9fc0-4377-838c-1d34369969c0.h5
activate_detectors ('H1', 'AX', 'CDD') {'peak_center': True}
peak_center () {'detector': 'H1', 'integration_time': 0.262144, 'isotope': 'Ar40'}
peak center: mean=333.289417876 threshold=3
peak center started
setup peak center. detector=['H1', 'AX', 'CDD'], isotope=Ar40
VersionedUnpickler [<apptools.sweet_pickle.versioned_unpickler.VersionedUnpickler object at 0x173a47890>] using Updater [<apptools.sweet_pickle.updater.Updater object at 0x135230b30>]
VersionedUnpickler [<apptools.sweet_pickle.versioned_unpickler.VersionedUnpickler object at 0x173a47890>] using Updater [<apptools.sweet_pickle.updater.Updater object at 0x135230b30>]
VersionedUnpickler [<apptools.sweet_pickle.versioned_unpickler.VersionedUnpickler object at 0x1782bfd70>] using Updater [<apptools.sweet_pickle.updater.Updater object at 0x135230b30>]
setting integration time = 0.524288
SetIntegrationTime 0.524288 ===>> OK
Mapping mass to dac mass func: "parabolic"
H1 map mass coeffs = [-0.00063987  0.15840543  0.57076999]
H1 map mass to dac 39.9624 >> 5.87916
GetDeflection H1 ===>> 0
GetHighVoltage ===>> 4499.94659342336
do peak center. <pychron.spectrometer.jobs.peak_center.PeakCenter object at 0x1352309b0>
doing pc
starting peak center. center dac= 5.87912537818 step_width=0.001
width = 0.001
get scan parameters. half-width=0.015,window=0.015, i=0, scalar=1
Scan parameters center=5.87913 width=0.03000 (5.86413 - 5.89413)
GetData ===>> H2,-0.209868505732392,H1,-0.002579126689972,AX,-0.138721630364119,L1,-0.0105918369562424,L2,-0.04...
Moving to starting dac 5.86412537818
setting magnet DAC
current  : 5.239785
requested: 5.864125
Delta Dac: 0.624340
Checking detector protection. dv=0.62434
Checking detector "CDD". Protection Threshold: 0.1 (V)
ProtectDetector CDD,On ===>> OK
GetDeflection CDD ===>> 2000
Protected = 2000
SetMagnetDAC 5.86412537818 ===>> OK
Magnet settling time: 0.500
GetMagnetMoving ===>> True
GetMagnetMoving ===>> True
GetMagnetMoving ===>> True
GetMagnetMoving ===>> True
GetMagnetMoving ===>> True
GetMagnetMoving ===>> True
GetMagnetMoving ===>> True
GetMagnetMoving ===>> True
GetMagnetMoving ===>> False
ProtectDetector CDD,Off ===>> OK
GetDeflection CDD ===>> 50
Wait until signal near baseline. tol= -0.00193434501748. timeout= 10
GetData ===>> H2,2.07672966968182,H1,0.975643982930064,AX,0.0938949031977023,L1,0.0395909396398701,L2,0.0293596...
GetData ===>> H2,21.3838459549715,H1,12.0163463736532,AX,1.07683089502238,L1,0.0296101092621522,L2,-0.020949391...
GetData ===>> H2,21.519804561933,H1,11.5246827045258,AX,1.76492110906092,L1,-0.0139805511926633,L2,-0.094440900...
GetData ===>> H2,11.1962567185453,H1,5.60949710782872,AX,0.668558369802601,L1,-0.0214276360640781,L2,-0.1299231...
GetData ===>> H2,4.49720231081325,H1,2.82514126412197,AX,0.328502540006966,L1,0.0142399248362564,L2,0.062283215...
GetData ===>> H2,1.44066285229316,H1,1.58035883718826,AX,0.141170146746091,L1,0.0449383370105541,L2,0.018220592...
GetData ===>> H2,0.20014234154262,H1,0.873797868232163,AX,0.0509288890411058,L1,0.018705474503111,L2,0.03049867...
GetData ===>> H2,-0.0833929780094777,H1,0.532583466676928,AX,0.0367702214082962,L1,-0.00272999092396564,L2,0.06...
GetData ===>> H2,-0.0545794146959744,H1,0.412612183116212,AX,0.0491885377161693,L1,-0.0187302619759832,L2,-0.06...
GetData ===>> H2,0.0456710875078813,H1,0.311284716017801,AX,0.046774385845333,L1,-0.0311810128828103,L2,-0.1387...
GetData ===>> H2,0.0875047688426887,H1,0.238554603668262,AX,0.0650865760848857,L1,-0.0080078800060707,L2,-0.094...
GetData ===>> H2,0.0380588891552269,H1,0.315799255951999,AX,0.141007808957497,L1,-0.000627661057249071,L2,-0.12...
GetData ===>> H2,0.0356197004920432,H1,0.3324020903406,AX,-0.018477884311318,L1,-0.000111611180445226,L2,-0.049...
GetData ===>> H2,0.0325061355948813,H1,0.178113691008419,AX,-0.108232674253253,L1,-0.0115281327842547,L2,0.1154...
GetData ===>> H2,0.039556416808252,H1,0.269134934950555,AX,0.072710798753275,L1,-0.0327817312754886,L2,0.015646...
GetData ===>> H2,-0.00319505812343232,H1,0.22373330402552,AX,-0.0063914153219152,L1,-0.0331788805338652,L2,-0.0...
GetData ===>> H2,-0.123499502616771,H1,0.174034705944704,AX,-0.107189759012322,L1,0.00143909779996791,L2,-0.021...
GetData ===>> H2,-0.101288461607132,H1,0.274554905278435,AX,-0.0716776184723064,L1,0.0286154521236377,L2,-0.003...
GetData ===>> H2,-0.0767890889463221,H1,0.197031857079932,AX,-0.00191370513326448,L1,0.0617132090299081,L2,-0.0...
GetData ===>> H2,-0.117074181126143,H1,0.273862469832786,AX,-0.0666000850764244,L1,0.0945275444383941,L2,0.0084...
GetData ===>> H2,-0.197167095407395,H1,0.220630893949614,AX,-0.0876967748046316,L1,0.0756079899765812,L2,-0.072...
Peak center failed to move to a baseline position
_do_sweep sm= 5.86412537818, em= 5.89412537818, stm= 0.001
calculated step values: start=5.86412537818, end=5.89412537818, width=0.001, nsteps=31.0
setting magnet DAC
current  : 5.864125
requested: 5.864125
Delta Dac: 0.000000
Checking detector protection. dv=0.00000
Checking detector "CDD". Protection Threshold: 0.1 (V)
SetMagnetDAC 5.86412537818 ===>> OK
GetData ===>> H2,-0.197167095407395,H1,0.220630893949614,AX,-0.0876967748046316,L1,0.0756079899765812,L2,-0.072...
setting magnet DAC
current  : 5.864125
requested: 5.865160
Delta Dac: 0.001034
Checking detector protection. dv=0.00103
Checking detector "CDD". Protection Threshold: 0.1 (V)
SetMagnetDAC 5.86515986094 ===>> OK
Magnet settling time: 1.049
GetData ===>> H2,-0.0693893720050885,H1,0.619353441228499,AX,0.119906199842785,L1,0.00870692457605629,L2,-0.001...
setting magnet DAC
current  : 5.865160
requested: 5.866194
Delta Dac: 0.001034
Checking detector protection. dv=0.00103
Checking detector "CDD". Protection Threshold: 0.1 (V)
SetMagnetDAC 5.8661943437 ===>> OK
Magnet settling time: 1.049
GetData ===>> H2,-0.0607149935948001,H1,2.08446204856829,AX,0.335519989844989,L1,-0.0584907272258333,L2,-0.1385...
setting magnet DAC
current  : 5.866194
requested: 5.867229
Delta Dac: 0.001034
Checking detector protection. dv=0.00103
Checking detector "CDD". Protection Threshold: 0.1 (V)
SetMagnetDAC 5.86722882645 ===>> OK
Magnet settling time: 1.049
GetData ===>> H2,-0.183367495881622,H1,7.44905785193242,AX,1.19159388273804,L1,-0.0602265063558009,L2,0.0794216...
setting magnet DAC
current  : 5.867229
requested: 5.868263
Delta Dac: 0.001034
Checking detector protection. dv=0.00103
Checking detector "CDD". Protection Threshold: 0.1 (V)
SetMagnetDAC 5.86826330921 ===>> OK
Magnet settling time: 1.049
GetData ===>> H2,-0.166235409384759,H1,24.9507106140726,AX,3.81691896437254,L1,0.00308848842041063,L2,-0.086932...
setting magnet DAC
current  : 5.868263
requested: 5.869298
Delta Dac: 0.001034
Checking detector protection. dv=0.00103
Checking detector "CDD". Protection Threshold: 0.1 (V)
SetMagnetDAC 5.86929779197 ===>> OK
Magnet settling time: 1.049
GetData ===>> H2,-0.116535641676984,H1,66.8121295027901,AX,11.356267038372,L1,0.052215482640288,L2,-0.034154258...
setting magnet DAC
current  : 5.869298
requested: 5.870332
Delta Dac: 0.001034
Checking detector protection. dv=0.00103
Checking detector "CDD". Protection Threshold: 0.1 (V)
SetMagnetDAC 5.87033227473 ===>> OK
Magnet settling time: 1.049
GetData ===>> H2,-0.0972034864230656,H1,135.0511427716,AX,25.4983261124454,L1,0.148450843510417,L2,0.0925965933...
setting magnet DAC
current  : 5.870332
requested: 5.871367
Delta Dac: 0.001034
Checking detector protection. dv=0.00103
Checking detector "CDD". Protection Threshold: 0.1 (V)
SetMagnetDAC 5.87136675749 ===>> OK
Magnet settling time: 1.049
GetData ===>> H2,-0.176788559839021,H1,212.523774267369,AX,43.6642521732677,L1,0.34050014570331,L2,0.1096948384...
setting magnet DAC
current  : 5.871367
requested: 5.872401
Delta Dac: 0.001034
Checking detector protection. dv=0.00103
Checking detector "CDD". Protection Threshold: 0.1 (V)
SetMagnetDAC 5.87240124025 ===>> OK
Magnet settling time: 1.049
GetData ===>> H2,-0.0878295478026091,H1,292.997966130545,AX,67.5927740173989,L1,0.622100004267579,L2,0.32586986...
setting magnet DAC
current  : 5.872401
requested: 5.873436
Delta Dac: 0.001034
Checking detector protection. dv=0.00103
Checking detector "CDD". Protection Threshold: 0.1 (V)
SetMagnetDAC 5.87343572301 ===>> OK
Magnet settling time: 1.049
GetData ===>> H2,-0.0593033445381722,H1,311.149804043348,AX,75.0494497818962,L1,0.736772372172758,L2,0.26651960...
setting magnet DAC
current  : 5.873436
requested: 5.874470
Delta Dac: 0.001034
Checking detector protection. dv=0.00103
Checking detector "CDD". Protection Threshold: 0.1 (V)
SetMagnetDAC 5.87447020576 ===>> OK
Magnet settling time: 1.049
GetData ===>> H2,-0.29116466842179,H1,317.301055285521,AX,77.7361983614384,L1,0.832801833127713,L2,0.2044973096...
setting magnet DAC
current  : 5.874470
requested: 5.875505
Delta Dac: 0.001034
Checking detector protection. dv=0.00103
Checking detector "CDD". Protection Threshold: 0.1 (V)
SetMagnetDAC 5.87550468852 ===>> OK
Magnet settling time: 1.049
GetData ===>> H2,-0.153459184107708,H1,318.600749754757,AX,78.3758680864605,L1,0.913783315716357,L2,0.305231050...
setting magnet DAC
current  : 5.875505
requested: 5.876539
Delta Dac: 0.001034
Checking detector protection. dv=0.00103
Checking detector "CDD". Protection Threshold: 0.1 (V)
SetMagnetDAC 5.87653917128 ===>> OK
Magnet settling time: 1.049
GetData ===>> H2,-0.204285847474787,H1,319.171506138043,AX,78.484697398895,L1,0.936534847859942,L2,0.3877445479...
setting magnet DAC
current  : 5.876539
requested: 5.877574
Delta Dac: 0.001034
Checking detector protection. dv=0.00103
Checking detector "CDD". Protection Threshold: 0.1 (V)
SetMagnetDAC 5.87757365404 ===>> OK
Magnet settling time: 1.049
GetData ===>> H2,-0.365795411319203,H1,319.244362341047,AX,78.5943067477793,L1,0.927081678229962,L2,0.214311396...
setting magnet DAC
current  : 5.877574
requested: 5.878608
Delta Dac: 0.001034
Checking detector protection. dv=0.00103
Checking detector "CDD". Protection Threshold: 0.1 (V)
SetMagnetDAC 5.8786081368 ===>> OK
Magnet settling time: 1.049
GetData ===>> H2,-0.225243950898832,H1,318.967486707002,AX,78.468354450553,L1,0.991958897369221,L2,0.2870360884...
setting magnet DAC
current  : 5.878608
requested: 5.879643
Delta Dac: 0.001034
Checking detector protection. dv=0.00103
Checking detector "CDD". Protection Threshold: 0.1 (V)
SetMagnetDAC 5.87964261956 ===>> OK
Magnet settling time: 1.049
GetData ===>> H2,-0.219309496119919,H1,318.880672278122,AX,78.3451291049177,L1,0.989593728481377,L2,0.363418835...
setting magnet DAC
current  : 5.879643
requested: 5.880677
Delta Dac: 0.001034
Checking detector protection. dv=0.00103
Checking detector "CDD". Protection Threshold: 0.1 (V)
SetMagnetDAC 5.88067710232 ===>> OK
Magnet settling time: 1.049
GetData ===>> H2,-0.165614488371042,H1,318.881414687554,AX,78.503028570056,L1,0.9799169143831,L2,0.379414692414...
setting magnet DAC
current  : 5.880677
requested: 5.881712
Delta Dac: 0.001034
Checking detector protection. dv=0.00103
Checking detector "CDD". Protection Threshold: 0.1 (V)
SetMagnetDAC 5.88171158507 ===>> OK
Magnet settling time: 1.049
GetData ===>> H2,-0.031742511679158,H1,318.832543931614,AX,78.2319262360284,L1,1.02407921069967,L2,0.2346731275...
setting magnet DAC
current  : 5.881712
requested: 5.882746
Delta Dac: 0.001034
Checking detector protection. dv=0.00103
Checking detector "CDD". Protection Threshold: 0.1 (V)
SetMagnetDAC 5.88274606783 ===>> OK
Magnet settling time: 1.049
GetData ===>> H2,-0.108729621067083,H1,318.18386487308,AX,77.9381534542114,L1,1.03473388971608,L2,0.18934450994...
setting magnet DAC
current  : 5.882746
requested: 5.883781
Delta Dac: 0.001034
Checking detector protection. dv=0.00103
Checking detector "CDD". Protection Threshold: 0.1 (V)
SetMagnetDAC 5.88378055059 ===>> OK
Magnet settling time: 1.049
GetData ===>> H2,-0.110406941776298,H1,315.781654621215,AX,76.8318727212195,L1,0.997419476765915,L2,0.307899023...
setting magnet DAC
current  : 5.883781
requested: 5.884815
Delta Dac: 0.001034
Checking detector protection. dv=0.00103
Checking detector "CDD". Protection Threshold: 0.1 (V)
SetMagnetDAC 5.88481503335 ===>> OK
Magnet settling time: 1.049
GetData ===>> H2,-0.14207053707491,H1,307.566477929956,AX,73.1065780512471,L1,0.954613875926409,L2,0.1565824978...
setting magnet DAC
current  : 5.884815
requested: 5.885850
Delta Dac: 0.001034
Checking detector protection. dv=0.00103
Checking detector "CDD". Protection Threshold: 0.1 (V)
SetMagnetDAC 5.88584951611 ===>> OK
Magnet settling time: 1.049
GetData ===>> H2,-0.170904724929318,H1,281.200734999171,AX,62.5586463523617,L1,0.790831606012799,L2,0.265926967...
setting magnet DAC
current  : 5.885850
requested: 5.886884
Delta Dac: 0.001034
Checking detector protection. dv=0.00103
Checking detector "CDD". Protection Threshold: 0.1 (V)
SetMagnetDAC 5.88688399887 ===>> OK
Magnet settling time: 1.049
GetData ===>> H2,-0.0527332158436527,H1,221.961626266119,AX,43.7985494386962,L1,0.602564501487341,L2,0.09307530...
setting magnet DAC
current  : 5.886884
requested: 5.887918
Delta Dac: 0.001034
Checking detector protection. dv=0.00103
Checking detector "CDD". Protection Threshold: 0.1 (V)
SetMagnetDAC 5.88791848163 ===>> OK
Magnet settling time: 1.049
GetData ===>> H2,-0.165838563791512,H1,140.069224210936,AX,23.7753224112252,L1,0.436544530214524,L2,0.005465813...
setting magnet DAC
current  : 5.887918
requested: 5.888953
Delta Dac: 0.001034
Checking detector protection. dv=0.00103
Checking detector "CDD". Protection Threshold: 0.1 (V)
SetMagnetDAC 5.88895296438 ===>> OK
Magnet settling time: 1.049
GetData ===>> H2,-0.218264924927886,H1,67.6917410605303,AX,9.67279754535193,L1,0.270647149244516,L2,-0.07243806...
setting magnet DAC
current  : 5.888953
requested: 5.889987
Delta Dac: 0.001034
Checking detector protection. dv=0.00103
Checking detector "CDD". Protection Threshold: 0.1 (V)
SetMagnetDAC 5.88998744714 ===>> OK
Magnet settling time: 1.049
GetData ===>> H2,-0.291489574454923,H1,24.862290201591,AX,2.74869631375218,L1,0.182248860262874,L2,0.0328223470...
setting magnet DAC
current  : 5.889987
requested: 5.891022
Delta Dac: 0.001034
Checking detector protection. dv=0.00103
Checking detector "CDD". Protection Threshold: 0.1 (V)
SetMagnetDAC 5.8910219299 ===>> OK
Magnet settling time: 1.049
GetData ===>> H2,-0.150354455226641,H1,7.37716151324224,AX,0.624117625981348,L1,0.0656543811068752,L2,-0.132065...
setting magnet DAC
current  : 5.891022
requested: 5.892056
Delta Dac: 0.001034
Checking detector protection. dv=0.00103
Checking detector "CDD". Protection Threshold: 0.1 (V)
SetMagnetDAC 5.89205641266 ===>> OK
Magnet settling time: 1.049
GetData ===>> H2,-0.121408628719802,H1,1.91850222086047,AX,0.0190855593685764,L1,0.0777208414156442,L2,-0.01086...
setting magnet DAC
current  : 5.892056
requested: 5.893091
Delta Dac: 0.001034
Checking detector protection. dv=0.00103
Checking detector "CDD". Protection Threshold: 0.1 (V)
SetMagnetDAC 5.89309089542 ===>> OK
Magnet settling time: 1.049
GetData ===>> H2,-0.1169794649837,H1,0.265720742866527,AX,-0.222213828732314,L1,0.0532249431526577,L2,0.0114785...
setting magnet DAC
current  : 5.893091
requested: 5.894125
Delta Dac: 0.001034
Checking detector protection. dv=0.00103
Checking detector "CDD". Protection Threshold: 0.1 (V)
SetMagnetDAC 5.89412537818 ===>> OK
Magnet settling time: 1.049
GetData ===>> H2,-0.168384073378605,H1,-0.00950921513769281,AX,-0.0993327714944872,L1,0.0276905570649345,L2,-0....
result of _do_sweep=True
result of _calculate_peak_center=([5.8716704683584187, 5.879155438298298, 5.8866404082381774], [236.14996486451599, 319.24144225275023, 235.91071499586923], 5.8775321918053125, 319.24144225275023)
Failed to find a valid peak. No peak greater than 1.0. max = 0.0326454471976
new center pos Detector(H1) (Ar40) @ 5.8791554383
GetHighVoltage ===>> 4499.94659342336
GetDeflection H1 ===>> 0
dac uncorrected for HV and deflection 5.8791900603
update mftable H1 Ar40 5.8791900603 message=automated run peakcenter
get initial guess parabolic
get initial guess parabolic
get initial guess parabolic
get initial guess parabolic
get initial guess parabolic
get initial guess parabolic
dump mftable to /Users/jan/PychronDev/setupfiles/spectrometer/mftables/mftable.csv
add to repo msg=modified - automated run peakcenter
locally archiving mftable
setting magnet DAC
current  : 5.894125
requested: 5.879155
Delta Dac: 0.014970
Checking detector protection. dv=0.01497
Checking detector "CDD". Protection Threshold: 0.1 (V)
SetMagnetDAC 5.8791554383 ===>> OK
Magnet settling time: 0.500
sweep finished
setting integration time = 1.048576
SetIntegrationTime 1.048576 ===>> OK
Failed to find a valid peak. No peak greater than 1.0. max = 0.0326454471976
flush and close file /Users/jan/PychronDev/data/isotopes/a8/60315c-9fc0-4377-838c-1d34369969c0.h5
finished measure script
executed snippet estimated_duration=226.132928, duration=273.162059069
jan_unknown120_60.py completed successfully
Measurement Finished
23:07:22 -- ******* Measurement Finished *******
Post Measurement Started jan_pump_ms.py
23:07:22 -- ******* Post Measurement Started jan_pump_ms.py *******
testing...
no interpolation path defined
executed snippet estimated_duration=0, duration=2.69412994385e-05
Pumping spectrometer
open () {'name': 'O'}
opening name=O desc=---
checking ownership. requestor=129.138.12.150
check software interlocks O
interlocks []
actuate state mode=None-script, software_lock=False
doing actuation None-script open_channel True
Open O ===>> OK
GetIndicatorState O ===>> OK
change switch state (True, True)
update switch state O True args=() kw={} ncanvase=2
23:07:22 -- OPEN   VALVE-O (Jan Ion Pump)
---------------------------------------- open O () result=[(True, True)], time=0.11 sec
action=open, ok=True, locked=[False]
executed snippet estimated_duration=0, duration=0.361471891403
jan_pump_ms.py completed successfully
setting _ms_pumptime
Post Measurement Finished
23:07:22 -- ******* Post Measurement Finished *******
$$$$$$$$$$$$$$$$$$$$ state at run end measurement
state changed from measurement to success
post measurement save measured=True aborted=False
Set filtering
setting fod for Ar40= {'filter_outliers': True, 'std_devs': 2, 'iterations': 1}
setting fod for H1= {'filter_outliers': True, 'std_devs': 2, 'iterations': 1}
setting fod for PM41= {'filter_outliers': False, 'std_devs': 2, 'iterations': 1}
setting fod for H2= {'filter_outliers': True, 'std_devs': 2, 'iterations': 1}
setting fod for Ar36= {'filter_outliers': True, 'std_devs': 2, 'iterations': 1}
setting fod for CDD= {'filter_outliers': True, 'std_devs': 10, 'iterations': 1}
setting fod for Ar37= {'filter_outliers': True, 'std_devs': 2, 'iterations': 1}
setting fod for L2= {'filter_outliers': True, 'std_devs': 2, 'iterations': 1}
setting fod for Ar38= {'filter_outliers': True, 'std_devs': 2, 'iterations': 1}
setting fod for L1= {'filter_outliers': True, 'std_devs': 2, 'iterations': 1}
setting fod for Ar39= {'filter_outliers': True, 'std_devs': 2, 'iterations': 1}
setting fod for AX= {'filter_outliers': True, 'std_devs': 2, 'iterations': 1}
persistence save...
persistence save - db
post measurement save
6303448912 connecting to database sqlite:////Users/jan/PychronDev/.appdata/local_lab.db
connected to db sqlite:////Users/jan/PychronDev/.appdata/local_lab.db
create new session 6303448912
close session 6303448912
No database instance. Not saving post measurement to isotopedb database
$$$$$$$$$$$$$$$ auto_save_detector_ic=False
massspec enabled True
create new session 4985539184
MassSpec Database Version: 16.0
close session 4985539184
saving post measurement to secondary database
saving to massspec database 129.138.12.160/massspecdata
setting labnumber to 65580
setting aliquot to 1
setting step to A
setting uuid to a860315c-9fc0-4377-838c-1d34369969c0
setting irradpos to 65580
setting extract_device to Fusions CO2
setting tray to 
setting position to 189
setting power_requested to 0.3
setting extract_value to 0.3
setting duration to 30.0
setting duration_at_request to 30.0
setting first_stage_delay to 30.0
setting cleanup to 30.0
setting comment to O:3 with inclusions
setting irradiation to NM-289
setting level to O
setting irradiation_level to O
setting sample to Bw-2014-12 W
setting material to Sanidine
setting project to Bustos Wells
setting mass_spectrometer to Jan
no attribute chron_dosages
no attribute production_ratios
no attribute interference_corrections
no attribute production_name
no attribute j
Reference Isotope=Ar40
Reference Detector=H1
%%%%%%%%%%%%%%%%%%%% Comment: O:3 with inclusions %%%%%%%%%%%%%%%%%%%
adding isotope PM41 H2
add baseline dbdet= PM41. original det= H2
get baseline data PM41 H2
Get data baseline <pychron.processing.isotope.Baseline object at 0x17df8db50> len t=60
baseline PM41. v=-0.194463357554, e=0.00729769670662
get signal data PM41 H2
Get data signal PM41 0.04+/-0.07 len t=120
adding isotope Ar40 H1
add baseline dbdet= Ar40. original det= H1
get baseline data Ar40 H1
Get data baseline <pychron.processing.isotope.Baseline object at 0x17df8d190> len t=60
baseline Ar40. v=-0.0207152534861, e=0.00515649322795
get signal data Ar40 H1
Get data signal Ar40 348.548+/-0.032 len t=120
adding isotope Ar39 AX
add baseline dbdet= Ar39. original det= AX
get baseline data Ar39 AX
Get data baseline <pychron.processing.isotope.Baseline object at 0x17df8d5d0> len t=60
baseline Ar39. v=-0.0818406125653, e=0.00671885164447
get signal data Ar39 AX
Get data signal Ar39 86.267+/-0.021 len t=120
adding isotope Ar38 L1
add baseline dbdet= Ar38. original det= L1
get baseline data Ar38 L1
Get data baseline <pychron.processing.isotope.Baseline object at 0x17df8d510> len t=60
baseline Ar38. v=-0.0159672214467, e=0.0025774623096
get signal data Ar38 L1
Get data signal Ar38 1.124+/-0.005 len t=120
adding isotope Ar37 L2
add baseline dbdet= Ar37. original det= L2
get baseline data Ar37 L2
Get data baseline <pychron.processing.isotope.Baseline object at 0x17df8da50> len t=60
baseline Ar37. v=-0.0255593778183, e=0.00678184158843
get signal data Ar37 L2
Get data signal Ar37 0.369+/-0.011 len t=120
adding isotope Ar36 CDD
add baseline dbdet= Ar36. original det= CDD
get baseline data Ar36 CDD
Get data baseline <pychron.processing.isotope.Baseline object at 0x17df8d6d0> len t=60
baseline Ar36. v=0.000126535600941, e=2.05790859107e-05
get signal data Ar36 CDD
Get data signal Ar36 0.0258+/-0.0004 len t=120
65580-01A added analysis time 0.478491067886s
analysis added to mass spec database
mass spec save time= 0.498
persistence save - dvc
================= post measurement started
create new session 4989601072
close session 4989601072
---------------- Experiment Queue saving disabled
DVC saving peakcenter
Failed to find a valid peak. No peak greater than 1.0. max = 0.0326454471976
Smart pull ahead: 0 behind: 0
Up-to-date with origin
add to repo msg=modified - ad8224ebc6dbfeb9f5997218dfa5fe690569839d.json
add to repo msg=modified - 80-01A.json
add to repo msg=modified - 80-01A.dat.json
add to repo msg=modified - 80-01A.blan.json
add to repo msg=modified - 80-01A.inte.json
add to repo msg=modified - 80-01A.icfa.json
add to repo msg=modified - 80-01A.base.json
not at valid file /Users/jan/PychronDev/data/.dvc/repositories/Load1789/655/tags/80-01A.tags.json
add to repo msg=modified - 80-01A.peak.json
add to repo msg=modified - 80-01A.extr.json
not at valid file /Users/jan/PychronDev/data/.dvc/repositories/Load1789/655/monitor/80-01A.moni.json
commit message=<COLLECTION>
add to repo msg=modified - 80-01A.inte.json
add to repo msg=modified - 80-01A.base.json
commit message=<ISOEVO> default collection fits
add to repo msg=modified - 80-01A.blan.json
commit message=<BLANKS> preceding bu-FC-J-7744
add to repo msg=modified - 80-01A.icfa.json
commit message=<ICFactor> default
push repository <pychron.git_archive.repo_manager.GitRepoManager object at 0x193eba4d0>
pushing to remote=origin, url=https://github.com
no changes to meta repo
create new session 4989601072
add association Load1789
get identifier "65580"
setting analysis irradiation position=<pychron.dvc.dvc_orm.IrradiationPositionTbl object at 0x18f597c10>
close session 4989601072
================= post measurement finished
23:07:36 -- ******* Post Run Check *******
loading queue conditionals post_run_actions
loading system conditionals post_run_actions
loading conditionals from /Users/jan/PychronDev/setupfiles/spectrometer/default_conditionals.yaml
loading queue conditionals post_run_terminations
loading system conditionals post_run_terminations
loading conditionals from /Users/jan/PychronDev/setupfiles/spectrometer/default_conditionals.yaml
Checking default post run terminations n=1
GetDeflection CDD ===>> 50
testing CDD==2000
evaluate ot="CDD.deflection==2000" t="CDD==2000", ctx="{'CDD': 50.0}"
23:07:36 -- ******* Post Run Check Passed *******
23:07:36 -- Automated run 65580-01A success duration: 365.471 s
----------------- finish -----------------
----------------- stop -----------------
retroactive repository identifiers disabled
finish run. runs completed=99
update duration runid=65580-01A, duration=365.471076012, md5=301e91d8
loading script "jan_unknown120_60.py"
loading script "jan_pump_ms.py"
loading script "jan_co2.py"
loading script "jan_pump_extraction_line.py"
testing...
no interpolation path defined
executed snippet estimated_duration=213.652928, duration=0.000255107879639
script duration name:unknown120_60 seconds:214.0
loading script "jan_unknown120_60.py"
loading script "jan_pump_ms.py"
loading script "jan_co2.py"
loading script "jan_pump_extraction_line.py"
testing...
no interpolation path defined
executed snippet estimated_duration=0, duration=2.59876251221e-05
loading script "jan_unknown120_60.py"
loading script "jan_pump_ms.py"
loading script "jan_co2.py"
loading script "jan_pump_extraction_line.py"
testing...
no interpolation path defined
calculate duration
testing...
no interpolation path defined
executed snippet estimated_duration=0, duration=5.29289245605e-05
calculate duration
testing...
no interpolation path defined
executed snippet estimated_duration=0, duration=9.3936920166e-05
executed snippet estimated_duration=0.0, duration=0.00236487388611
script duration name:co2 seconds:0.0
loading script "jan_unknown120_60.py"
loading script "jan_pump_ms.py"
loading script "jan_co2.py"
loading script "jan_pump_extraction_line.py"
testing...
no interpolation path defined
calculate duration
testing...
no interpolation path defined
executed snippet estimated_duration=4.0, duration=0.000146865844727
executed snippet estimated_duration=4.0, duration=0.00147199630737
Script duration 214.0
Run total estimated duration= 215.000
unknown120_60 in script context. using previous estimated duration
script duration name:unknown120_60 seconds:214.0
pump_ms in script context. using previous estimated duration
co2 in script context. using previous estimated duration
script duration name:co2 seconds:0.0
pump_extraction_line in script context. using previous estimated duration
Script duration 214.0
Run total estimated duration= 215.000
script duration name:unknown120_60 seconds:214.0
script duration name:co2 seconds:0.0
Script duration 214.0
Run total estimated duration= 215.000
loading script "jan_unknown400_120.py"
loading script "jan_pump_ms.py"
loading script "jan_cocktail_x1.py"
loading script "jan_pump_extraction_line.py"
testing...
no interpolation path defined
executed snippet estimated_duration=556.052928, duration=0.000216007232666
script duration name:unknown400_120 seconds:556.0
loading script "jan_unknown400_120.py"
loading script "jan_pump_ms.py"
loading script "jan_cocktail_x1.py"
loading script "jan_pump_extraction_line.py"
testing...
no interpolation path defined
calculate duration
testing...
no interpolation path defined
executed snippet estimated_duration=0, duration=7.20024108887e-05
calculate duration
testing...
no interpolation path defined
executed snippet estimated_duration=0, duration=0.000100135803223
calculate duration
testing...
no interpolation path defined
executed snippet estimated_duration=32.0, duration=8.9168548584e-05
calculate duration
testing...
no interpolation path defined
executed snippet estimated_duration=34.0, duration=0.000115156173706
calculate duration
testing...
no interpolation path defined
executed snippet estimated_duration=4.0, duration=6.29425048828e-05
calculate duration
testing...
no interpolation path defined
executed snippet estimated_duration=38.0, duration=0.000100135803223
executed snippet estimated_duration=108.0, duration=0.00839900970459
script duration name:cocktail_x1 seconds:108.0
Script duration 664.0
Run total estimated duration= 665.000
script duration name:unknown120_60 seconds:214.0
script duration name:co2 seconds:0.0
Script duration 214.0
Run total estimated duration= 215.000
unknown400_120 in script context. using previous estimated duration
script duration name:unknown400_120 seconds:556.0
cocktail_x1 in script context. using previous estimated duration
script duration name:cocktail_x1 seconds:108.0
Script duration 664.0
Run total estimated duration= 665.000
script duration name:unknown120_60 seconds:214.0
script duration name:co2 seconds:0.0
Script duration 214.0
Run total estimated duration= 215.000
script duration name:unknown120_60 seconds:214.0
script duration name:co2 seconds:0.0
Script duration 214.0
Run total estimated duration= 215.000
script duration name:unknown120_60 seconds:214.0
script duration name:co2 seconds:0.0
Script duration 214.0
Run total estimated duration= 215.000
script duration name:unknown120_60 seconds:214.0
script duration name:co2 seconds:0.0
Script duration 214.0
Run total estimated duration= 215.000
script duration name:unknown120_60 seconds:214.0
script duration name:co2 seconds:0.0
Script duration 214.0
Run total estimated duration= 215.000
script duration name:unknown400_120 seconds:556.0
script duration name:co2 seconds:0.0
Script duration 556.0
Run total estimated duration= 557.000
script duration name:unknown120_60 seconds:214.0
script duration name:co2 seconds:0.0
Script duration 214.0
Run total estimated duration= 215.000
script duration name:unknown120_60 seconds:214.0
script duration name:co2 seconds:0.0
Script duration 214.0
Run total estimated duration= 215.000
script duration name:unknown120_60 seconds:214.0
script duration name:co2 seconds:0.0
Script duration 214.0
Run total estimated duration= 215.000
script duration name:unknown120_60 seconds:214.0
script duration name:co2 seconds:0.0
Script duration 214.0
Run total estimated duration= 215.000
script duration name:unknown400_120 seconds:556.0
loading script "jan_unknown400_120.py"
loading script "jan_pump_ms.py"
loading script "jan_sniffair_x2.py"
loading script "jan_pump_extraction_line.py"
testing...
no interpolation path defined
calculate duration
testing...
no interpolation path defined
executed snippet estimated_duration=0, duration=6.8187713623e-05
calculate duration
testing...
no interpolation path defined
executed snippet estimated_duration=0, duration=0.000135898590088
calculate duration
testing...
no interpolation path defined
executed snippet estimated_duration=32.0, duration=8.79764556885e-05
calculate duration
testing...
no interpolation path defined
executed snippet estimated_duration=34.0, duration=9.51290130615e-05
calculate duration
testing...
no interpolation path defined
executed snippet estimated_duration=4.0, duration=6.50882720947e-05
calculate duration
testing...
no interpolation path defined
executed snippet estimated_duration=36.0, duration=9.20295715332e-05
calculate duration
testing...
no interpolation path defined
executed snippet estimated_duration=34.0, duration=0.000112056732178
calculate duration
testing...
no interpolation path defined
executed snippet estimated_duration=4.0, duration=8.20159912109e-05
calculate duration
testing...
no interpolation path defined
executed snippet estimated_duration=36.0, duration=8.79764556885e-05
calculate duration
testing...
no interpolation path defined
executed snippet estimated_duration=70.0, duration=0.000123023986816
executed snippet estimated_duration=250.0, duration=0.0138721466064
script duration name:sniffair_x2 seconds:250.0
Script duration 806.0
Run total estimated duration= 807.000
script duration name:unknown400_120 seconds:556.0
sniffair_x2 in script context. using previous estimated duration
script duration name:sniffair_x2 seconds:250.0
Script duration 806.0
Run total estimated duration= 807.000
loading script "jan_ic_peak_hop3.py"
loading script "jan_pump_ms.py"
loading script "jan_air_x1.py"
loading script "jan_pump_extraction_line.py"
testing...
no interpolation path defined
executed snippet estimated_duration=133.8, duration=0.00859403610229
script duration name:ic_peak_hop3 seconds:134.0
loading script "jan_ic_peak_hop3.py"
loading script "jan_pump_ms.py"
loading script "jan_air_x1.py"
loading script "jan_pump_extraction_line.py"
testing...
no interpolation path defined
calculate duration
testing...
no interpolation path defined
executed snippet estimated_duration=0, duration=4.6968460083e-05
calculate duration
testing...
no interpolation path defined
executed snippet estimated_duration=0, duration=0.000110864639282
calculate duration
testing...
no interpolation path defined
executed snippet estimated_duration=32.0, duration=8.79764556885e-05
calculate duration
testing...
no interpolation path defined
executed snippet estimated_duration=34.0, duration=9.70363616943e-05
calculate duration
testing...
no interpolation path defined
executed snippet estimated_duration=4.0, duration=6.60419464111e-05
calculate duration
testing...
no interpolation path defined
executed snippet estimated_duration=36.0, duration=0.000102043151855
executed snippet estimated_duration=106.0, duration=0.00826001167297
script duration name:air_x1 seconds:106.0
Script duration 240.0
Run total estimated duration= 241.000
script duration name:unknown120_60 seconds:214.0
script duration name:co2 seconds:0.0
Script duration 214.0
Run total estimated duration= 215.000
script duration name:unknown120_60 seconds:214.0
script duration name:co2 seconds:0.0
Script duration 214.0
Run total estimated duration= 215.000
script duration name:unknown120_60 seconds:214.0
script duration name:co2 seconds:0.0
Script duration 214.0
Run total estimated duration= 215.000
script duration name:unknown120_60 seconds:214.0
script duration name:co2 seconds:0.0
Script duration 214.0
Run total estimated duration= 215.000
script duration name:unknown120_60 seconds:214.0
script duration name:co2 seconds:0.0
Script duration 214.0
Run total estimated duration= 215.000
script duration name:unknown400_120 seconds:556.0
script duration name:cocktail_x1 seconds:108.0
Script duration 664.0
Run total estimated duration= 665.000
script duration name:unknown400_120 seconds:556.0
script duration name:cocktail_x1 seconds:108.0
Script duration 664.0
Run total estimated duration= 665.000
script duration name:unknown120_60 seconds:214.0
script duration name:co2 seconds:0.0
Script duration 214.0
Run total estimated duration= 215.000
script duration name:unknown120_60 seconds:214.0
script duration name:co2 seconds:0.0
Script duration 214.0
Run total estimated duration= 215.000
script duration name:unknown120_60 seconds:214.0
script duration name:co2 seconds:0.0
Script duration 214.0
Run total estimated duration= 215.000
script duration name:unknown400_120 seconds:556.0
script duration name:co2 seconds:0.0
Script duration 556.0
Run total estimated duration= 557.000
script duration name:unknown120_60 seconds:214.0
script duration name:co2 seconds:0.0
Script duration 214.0
Run total estimated duration= 215.000
script duration name:unknown120_60 seconds:214.0
script duration name:co2 seconds:0.0
Script duration 214.0
Run total estimated duration= 215.000
script duration name:unknown120_60 seconds:214.0
script duration name:co2 seconds:0.0
Script duration 214.0
Run total estimated duration= 215.000
script duration name:unknown120_60 seconds:214.0
script duration name:co2 seconds:0.0
Script duration 214.0
Run total estimated duration= 215.000
script duration name:unknown120_60 seconds:214.0
script duration name:co2 seconds:0.0
Script duration 214.0
Run total estimated duration= 215.000
script duration name:unknown120_60 seconds:214.0
script duration name:co2 seconds:0.0
Script duration 214.0
Run total estimated duration= 215.000
script duration name:unknown120_60 seconds:214.0
script duration name:co2 seconds:0.0
Script duration 214.0
Run total estimated duration= 215.000
script duration name:unknown120_60 seconds:214.0
script duration name:co2 seconds:0.0
Script duration 214.0
Run total estimated duration= 215.000
script duration name:unknown120_60 seconds:214.0
script duration name:co2 seconds:0.0
Script duration 214.0
Run total estimated duration= 215.000
script duration name:unknown120_60 seconds:214.0
script duration name:co2 seconds:0.0
Script duration 214.0
Run total estimated duration= 215.000
script duration name:unknown120_60 seconds:214.0
script duration name:co2 seconds:0.0
Script duration 214.0
Run total estimated duration= 215.000
script duration name:unknown120_60 seconds:214.0
script duration name:co2 seconds:0.0
Script duration 214.0
Run total estimated duration= 215.000
script duration name:unknown400_120 seconds:556.0
script duration name:co2 seconds:0.0
Script duration 556.0
Run total estimated duration= 557.000
script duration name:unknown400_120 seconds:556.0
script duration name:sniffair_x2 seconds:250.0
Script duration 806.0
Run total estimated duration= 807.000
script duration name:unknown400_120 seconds:556.0
script duration name:cocktail_x1 seconds:108.0
Script duration 664.0
Run total estimated duration= 665.000
script duration name:unknown400_120 seconds:556.0
script duration name:sniffair_x2 seconds:250.0
Script duration 806.0
Run total estimated duration= 807.000
script duration name:unknown400_120 seconds:556.0
script duration name:cocktail_x1 seconds:108.0
Script duration 664.0
Run total estimated duration= 665.000
ic_peak_hop3 in script context. using previous estimated duration
script duration name:ic_peak_hop3 seconds:134.0
air_x1 in script context. using previous estimated duration
script duration name:air_x1 seconds:106.0
Script duration 240.0
Run total estimated duration= 241.000
script duration name:unknown120_60 seconds:214.0
script duration name:co2 seconds:0.0
Script duration 214.0
Run total estimated duration= 215.000
script duration name:unknown120_60 seconds:214.0
script duration name:co2 seconds:0.0
Script duration 214.0
Run total estimated duration= 215.000
script duration name:unknown120_60 seconds:214.0
script duration name:co2 seconds:0.0
Script duration 214.0
Run total estimated duration= 215.000
script duration name:unknown120_60 seconds:214.0
script duration name:co2 seconds:0.0
Script duration 214.0
Run total estimated duration= 215.000
script duration name:unknown120_60 seconds:214.0
script duration name:co2 seconds:0.0
Script duration 214.0
Run total estimated duration= 215.000
script duration name:unknown120_60 seconds:214.0
script duration name:co2 seconds:0.0
Script duration 214.0
Run total estimated duration= 215.000
script duration name:unknown120_60 seconds:214.0
script duration name:co2 seconds:0.0
Script duration 214.0
Run total estimated duration= 215.000
script duration name:unknown120_60 seconds:214.0
script duration name:co2 seconds:0.0
Script duration 214.0
Run total estimated duration= 215.000
script duration name:unknown120_60 seconds:214.0
script duration name:co2 seconds:0.0
Script duration 214.0
Run total estimated duration= 215.000
script duration name:unknown120_60 seconds:214.0
script duration name:co2 seconds:0.0
Script duration 214.0
Run total estimated duration= 215.000
script duration name:unknown120_60 seconds:214.0
script duration name:co2 seconds:0.0
Script duration 214.0
Run total estimated duration= 215.000
script duration name:unknown120_60 seconds:214.0
script duration name:co2 seconds:0.0
Script duration 214.0
Run total estimated duration= 215.000
script duration name:unknown400_120 seconds:556.0
script duration name:co2 seconds:0.0
Script duration 556.0
Run total estimated duration= 557.000
script duration name:unknown120_60 seconds:214.0
script duration name:co2 seconds:0.0
Script duration 214.0
Run total estimated duration= 215.000
script duration name:unknown120_60 seconds:214.0
script duration name:co2 seconds:0.0
Script duration 214.0
Run total estimated duration= 215.000
script duration name:unknown120_60 seconds:214.0
script duration name:co2 seconds:0.0
Script duration 214.0
Run total estimated duration= 215.000
script duration name:unknown400_120 seconds:556.0
script duration name:cocktail_x1 seconds:108.0
Script duration 664.0
Run total estimated duration= 665.000
script duration name:unknown400_120 seconds:556.0
script duration name:cocktail_x1 seconds:108.0
Script duration 664.0
Run total estimated duration= 665.000
script duration name:unknown120_60 seconds:214.0
script duration name:co2 seconds:0.0
Script duration 214.0
Run total estimated duration= 215.000
script duration name:unknown120_60 seconds:214.0
script duration name:co2 seconds:0.0
Script duration 214.0
Run total estimated duration= 215.000
script duration name:unknown400_120 seconds:556.0
script duration name:co2 seconds:0.0
Script duration 556.0
Run total estimated duration= 557.000
nruns=69 before=5.0, run_dur=22565.0, btw=3060.0
write rem/ex queues
/Users/jan/PychronDev/experiments/rem/CurrentExperiment.rem.txt
/Users/jan/PychronDev/experiments/rem/CurrentExperiment.ex.txt
doing event level: 3
