do run
loading script "jan_unknown120_60.py"
loading script "jan_pump_ms.py"
loading script "jan_co2.py"
loading script "jan_pump_extraction_line.py"
testing...
no interpolation path defined
executed snippet estimated_duration=213.652928, duration=0.000190019607544
script duration name:unknown120_60 seconds:214.0
loading script "jan_unknown120_60.py"
loading script "jan_pump_ms.py"
loading script "jan_co2.py"
loading script "jan_pump_extraction_line.py"
testing...
no interpolation path defined
executed snippet estimated_duration=0, duration=4.60147857666e-05
loading script "jan_unknown120_60.py"
loading script "jan_pump_ms.py"
loading script "jan_co2.py"
loading script "jan_pump_extraction_line.py"
testing...
no interpolation path defined
calculate duration
testing...
no interpolation path defined
executed snippet estimated_duration=0, duration=4.41074371338e-05
calculate duration
testing...
no interpolation path defined
executed snippet estimated_duration=0, duration=7.41481781006e-05
executed snippet estimated_duration=0.0, duration=0.00200605392456
script duration name:co2 seconds:0.0
loading script "jan_unknown120_60.py"
loading script "jan_pump_ms.py"
loading script "jan_co2.py"
loading script "jan_pump_extraction_line.py"
testing...
no interpolation path defined
calculate duration
testing...
no interpolation path defined
executed snippet estimated_duration=4.0, duration=0.000115871429443
executed snippet estimated_duration=4.0, duration=0.00105500221252
Script duration 214.0
Run total estimated duration= 215.000
run duration: 0:03:35
doing event level: 2
01:56:13 -- Setting default integration. t=1.048576
setting integration time = 1.048576
SetIntegrationTime 1.048576 ===>> OK
----------------- start -----------------
**************** Experiment Type: Ar/Ar, Ar/Ar
create new session 4436069840
close session 4436069840
$$$$$ Clearing conditionals
adding conditionals 
Add queue conditionals
add default conditionals
adding default conditionals from /Users/jan/PychronDev/setupfiles/spectrometer/default_conditionals.yaml
Start automated run 65580-05C
loading script "jan_unknown120_60.py"
loading script "jan_pump_ms.py"
loading script "jan_co2.py"
loading script "jan_pump_extraction_line.py"
%%%%%%%%%%%%%%%%%% setting automated run 65580-05C
No value "sensitivity_multiplier" in metadata
$$$$$$$$$$$$$$$ auto_save_detector_ic=False
============================= Pre Extraction Check =============================
loading queue conditionals pre_run_terminations
loading system conditionals pre_run_terminations
loading conditionals from /Users/jan/PychronDev/setupfiles/spectrometer/default_conditionals.yaml
01:56:13 -- ******* Pre Extraction Check *******
Get a measurement from the spectrometer
GetData ===>> H2,-0.298718323690303,H1,-0.040646943623268,AX,-0.0592151629330657,L1,-0.00614054329108279,L2,0.0...
Pre Extraction Termination data. keys=H2,H1,AX,L1,L2,CDD, signals=-0.29872,-0.04065,-0.05922,-0.00614,0.04614,0.00000
01:56:13 -- testing system defined conditionals
Checking default pre extraction terminations n=2
testing CDD
evaluate ot="CDD.inactive" t="CDD", ctx="{'CDD': False}"
GetDeflection CDD ===>> 50
testing CDD==2000
evaluate ot="CDD.deflection==2000" t="CDD==2000", ctx="{'CDD': 50.0}"
01:56:13 -- ******* Pre Extraction Check Passed *******
=================================================================================
01:56:13 -- stopping status monitor
stop 4982387056
Alive clients [4989850544]
01:56:13 -- starting status monitor
start 4982387056
Monitor already running
start extraction
do extraction
Analysis started at 01:56:13.810887
Extraction Started jan_co2.py
01:56:13 -- ******* Extraction Started jan_co2.py *******
state changed from not run to extraction
DO EXTRACTION <pychron.extraction_line.pyscript_runner.RemotePyScriptRunner object at 0x12c299590>
testing...
no interpolation path defined
calculate duration
testing...
no interpolation path defined
executed snippet estimated_duration=0, duration=4.6968460083e-05
calculate duration
testing...
no interpolation path defined
executed snippet estimated_duration=0, duration=0.000103950500488
executed snippet estimated_duration=100.0, duration=0.00291800498962
Jan CO2 laser analysis
doing GOSUB
testing...
no interpolation path defined
executed snippet estimated_duration=0, duration=5.41210174561e-05
Waiting for CO2 access
wait ('FelixCO2Flag', 0) {}
waiting for FelixCO2Flag = 0
Read FelixCO2Flag ===>> 0
finished waiting
CO2 free
wait ('CO2PumpTimeFlag', 0) {}
waiting for CO2PumpTimeFlag = 0
Read CO2PumpTimeFlag ===>> 0
finished waiting
acquire ('JanCO2Flag',) {'clear': True}
acquire JanCO2Flag
Set JanCO2Flag 1 ===>> OK
JanCO2Flag acquired
set extraction state False (0.75, 'red', 1.5)
CO2 acquired
executed snippet estimated_duration=0, duration=0.0169360637665
WaitForCO2Access.py completed successfully
gosub finished
doing GOSUB
testing...
no interpolation path defined
executed snippet estimated_duration=0, duration=0.000108957290649
Prepare for CO2 analysis
close () {'description': 'Jan Inlet'}
closing name=--- desc=Jan Inlet
checking ownership. requestor=129.138.12.150
check software interlocks R
interlocks []
actuate state mode=None-script, software_lock=False
doing actuation None-script close_channel False
Close R ===>> OK
GetIndicatorState R ===>> False
change switch state (True, True)
update switch state R False args=() kw={} ncanvase=2
01:56:14 -- CLOSE  VALVE-R (Jan Inlet)
---------------------------------------- close None (Jan Inlet) result=[(True, True)]
action=close, ok=True, locked=[False]
open () {'description': 'Jan Ion Pump'}
opening name=--- desc=Jan Ion Pump
checking ownership. requestor=129.138.12.150
check software interlocks O
interlocks []
actuate state mode=None-script, software_lock=False
doing actuation None-script open_channel False
Open O ===>> OK
GetIndicatorState O ===>> OK
change switch state (True, True)
update switch state O True args=() kw={} ncanvase=2
01:56:14 -- OPEN   VALVE-O (Jan Ion Pump)
---------------------------------------- open None (Jan Ion Pump) result=[(True, True)], time=0.11 sec
action=open, ok=True, locked=[False]
close () {'description': 'Microbone to Minibone'}
closing name=--- desc=Microbone to Minibone
checking ownership. requestor=129.138.12.150
check software interlocks L
interlocks []
actuate state mode=None-script, software_lock=False
doing actuation None-script close_channel False
Close L ===>> OK
GetIndicatorState L ===>> False
change switch state (True, True)
update switch state L False args=() kw={} ncanvase=2
01:56:15 -- CLOSE  VALVE-L (Microbone to Minibone)
---------------------------------------- close None (Microbone to Minibone) result=[(True, True)]
action=close, ok=True, locked=[False]
open () {'description': 'Microbone to Turbo'}
opening name=--- desc=Microbone to Turbo
checking ownership. requestor=129.138.12.150
check software interlocks U
interlocks []
actuate state mode=None-script, software_lock=False
doing actuation None-script open_channel False
Open U ===>> OK
GetIndicatorState U ===>> OK
change switch state (True, True)
update switch state U True args=() kw={} ncanvase=2
01:56:15 -- OPEN   VALVE-U (Microbone to Turbo)
---------------------------------------- open None (Microbone to Turbo) result=[(True, True)], time=0.12 sec
action=open, ok=True, locked=[False]
open () {'description': 'Microbone to Inlet Pipette'}
opening name=--- desc=Microbone to Inlet Pipette
checking ownership. requestor=129.138.12.150
check software interlocks S
interlocks []
actuate state mode=None-script, software_lock=False
doing actuation None-script open_channel False
Open S ===>> OK
GetIndicatorState S ===>> OK
change switch state (True, True)
update switch state S True args=() kw={} ncanvase=2
01:56:16 -- OPEN   VALVE-S (Microbone to Inlet Pipette)
---------------------------------------- open None (Microbone to Inlet Pipette) result=[(True, True)], time=0.41 sec
action=open, ok=True, locked=[False]
open () {'description': 'Microbone to Getter D-50'}
opening name=--- desc=Microbone to Getter D-50
checking ownership. requestor=129.138.12.150
check software interlocks K
interlocks []
actuate state mode=None-script, software_lock=False
doing actuation None-script open_channel False
Open K ===>> OK
GetIndicatorState K ===>> OK
change switch state (True, True)
update switch state K True args=() kw={} ncanvase=2
01:56:17 -- OPEN   VALVE-K (Microbone to Getter D-50)
---------------------------------------- open None (Microbone to Getter D-50) result=[(True, True)], time=0.42 sec
action=open, ok=True, locked=[False]
open () {'description': 'Microbone to Getter NP-10'}
opening name=--- desc=Microbone to Getter NP-10
checking ownership. requestor=129.138.12.150
check software interlocks M
interlocks []
actuate state mode=None-script, software_lock=False
doing actuation None-script open_channel False
Open M ===>> OK
GetIndicatorState M ===>> OK
change switch state (True, True)
update switch state M True args=() kw={} ncanvase=2
01:56:17 -- OPEN   VALVE-M (Microbone to Getter NP-10)
---------------------------------------- open None (Microbone to Getter NP-10) result=[(True, True)], time=0.15 sec
action=open, ok=True, locked=[False]
close () {'description': 'CO2 Laser to Felix'}
closing name=--- desc=CO2 Laser to Felix
checking ownership. requestor=129.138.12.150
check software interlocks F
interlocks []
actuate state mode=None-script, software_lock=True
VALVE-F(CO2 Laser to Felix) software locked
change switch state (True, False)
---------------------------------------- close None (CO2 Laser to Felix) result=[(True, False)]
action=close, ok=True, locked=[True]
open () {'description': 'CO2 Laser to Jan'}
opening name=--- desc=CO2 Laser to Jan
checking ownership. requestor=129.138.12.150
check software interlocks A
interlocks []
actuate state mode=None-script, software_lock=False
doing actuation None-script open_channel False
Open A ===>> OK
GetIndicatorState A ===>> OK
change switch state (True, True)
update switch state A True args=() kw={} ncanvase=2
01:56:17 -- OPEN   VALVE-A (CO2 Laser to Jan)
---------------------------------------- open None (CO2 Laser to Jan) result=[(True, True)], time=0.12 sec
action=open, ok=True, locked=[False]
open () {'description': 'Microbone to CO2 Laser'}
opening name=--- desc=Microbone to CO2 Laser
checking ownership. requestor=129.138.12.150
check software interlocks T
interlocks []
actuate state mode=None-script, software_lock=False
doing actuation None-script open_channel False
Open T ===>> OK
GetIndicatorState T ===>> OK
change switch state (True, True)
update switch state T True args=() kw={} ncanvase=2
01:56:18 -- OPEN   VALVE-T (Microbone to CO2 Laser)
---------------------------------------- open None (Microbone to CO2 Laser) result=[(True, True)], time=0.41 sec
action=open, ok=True, locked=[False]
executed snippet estimated_duration=0, duration=4.87274694443
PrepareForCO2Analysis.py completed successfully
gosub finished
set_motor ('beam', '1.25') {}
setting motor "beam" to 1.25
set motor beam to 1.25
SetMotor beam,1.25 ===>> OK
GetMotorMoving beam ===>> False
GetMotorMoving beam ===>> False
Block completed
move_to_position ('193',) {'autocenter': True}
FusionsCO2 move to position 193
sending GoToHole 193,True
GoToHole 193,True ===>> OK
GetDriveMoving ===>> False
GetDriveMoving ===>> OK
GetDriveMoving ===>> OK
GetDriveMoving ===>> OK
GetDriveMoving ===>> OK
GetDriveMoving ===>> OK
GetDriveMoving ===>> False
Block completed
GetAutoCorrecting ===>> False
GetAutoCorrecting ===>> False
Block completed
update position
GetPosition ===>> 5.98170,-9.96950,1.00000
got position (5.9817, -9.9695, 1.0)
move to position succeeded
sleep (5,) {}
SLEEP 5.0
block started
WaitControl setup for 5.0  
Join finished
block finished. duration 5.02283000946
close () {'description': 'Microbone to Turbo'}
closing name=--- desc=Microbone to Turbo
checking ownership. requestor=129.138.12.150
check software interlocks U
interlocks []
actuate state mode=None-script, software_lock=False
doing actuation None-script close_channel True
Close U ===>> OK
GetIndicatorState U ===>> False
change switch state (True, True)
update switch state U False args=() kw={} ncanvase=2
01:56:28 -- CLOSE  VALVE-U (Microbone to Turbo)
---------------------------------------- close None (Microbone to Turbo) result=[(True, True)]
action=close, ok=True, locked=[False]
enable laser
enable () {}
set extraction state FusionsCO2 Enabled (False, 'red', 1.5)
enabling laser
Enable ===>> OK
begin interval
BEGIN INTERVAL Interval 1 waiting for 30.0
block started
set extract to 5.0
WaitControl setup for 30.0  
extract (5.0,) {}
GetPosition ===>> 5.98170,-9.96950,1.00000
set extraction state FusionsCO2 ON! 5.0(watts) (0.75, 'red', 1.5)
extract sample to 5.0 (watts)
set laser output
SetLaserOutput 5.0,watts ===>> OK
executing pattern triangle.lp
execute_pattern ('triangle.lp',) {}
executing pattern triangle.lp
IsPatterning ===>> OK
IsPatterning ===>> OK
IsPatterning ===>> OK
IsPatterning ===>> OK
IsPatterning ===>> OK
IsPatterning ===>> OK
IsPatterning ===>> OK
IsPatterning ===>> OK
IsPatterning ===>> OK
IsPatterning ===>> OK
IsPatterning ===>> OK
IsPatterning ===>> OK
IsPatterning ===>> OK
IsPatterning ===>> OK
IsPatterning ===>> OK
IsPatterning ===>> OK
IsPatterning ===>> OK
IsPatterning ===>> OK
IsPatterning ===>> OK
IsPatterning ===>> OK
IsPatterning ===>> OK
IsPatterning ===>> OK
IsPatterning ===>> OK
IsPatterning ===>> OK
IsPatterning ===>> OK
IsPatterning ===>> OK
IsPatterning ===>> False
IsPatterning ===>> False
Block completed
COMPLETE INTERVAL waiting for Interval 1 to complete
Join finished
block finished. duration 30.1405739784
Interval 1 finished
end_extract () {}
ending extraction. set laser power to 0
set laser power 0
SetLaserPower 0 ===>> OK
disable () {}
%%%%%%%%%%%%%%%%%%%%%%%%%%%%%%%%%%% disable
set extraction state False (0.75, 'red', 1.5)
disabling laser
Disable ===>> OK
sleep (30.0,) {}
SLEEP 30.0
block started
WaitControl setup for 30.0  
Join finished
block finished. duration 30.1524589062
executed snippet estimated_duration=166.5, duration=75.7184078693
jan_co2.py completed successfully
GetAchievedOutput ===>> No Response
Requested Output= 0.000
Achieved Output=  0.000
GetResponseBlob ===>> No Response
GetOutputBlob ===>> No Response
persistence save...
persistence save - db
AutomatedRunPersister post_extraction_save deprecated
persistence save - dvc
no extraction position for 193
create new session 4989601072
close session 4989601072
Extraction Finished
01:57:29 -- ******* Extraction Finished *******
no overlap. not waiting for min ms pumptime
01:57:29 -- Sending spectrometer configuration
======== Sending configuration ========
SetDeflection CDD,50.0 ===>> OK
SetDeflection H2,0.0 ===>> OK
SetDeflection H1,0.0 ===>> OK
SetDeflection L2,825.0 ===>> OK
SetDeflection L1,400.0 ===>> OK
SetDeflection AX,190.0 ===>> OK
SetZFocus 74.64 ===>> OK
SetZSymmetry -50.72 ===>> OK
SetExtractionLens 26.13 ===>> OK
SetIonRepeller -3.81 ===>> OK
SetElectronEnergy 75.08 ===>> OK
SetYSymmetry -2.81 ===>> OK
SetIonCounterVoltage 1590.0 ===>> OK
send trap current 200.0
GetParameter Trap Current Readback ===>> 198.370811206739
SetParameter Trap Current Set,200.0 ===>> OK
updating mftable name mftable
Using mftable located at /Users/jan/PychronDev/setupfiles/spectrometer/mftables/mftable.csv
============ MFtable ===========
Isotope  H2     H1     AX     L1     L2     CDD    
Ar40     5.8070 5.8789 5.9923 6.1469 6.2307 6.3751
Ar39     5.7062 5.7712 5.8847 6.0330 6.1159 6.2617
Ar36     5.3838 5.4402 5.5481 5.6918 5.7709 5.9127
================================
get initial guess parabolic
get initial guess parabolic
get initial guess parabolic
get initial guess parabolic
get initial guess parabolic
get initial guess parabolic
======== Configuration Finished ========
GetYSymmetry ===>> -2.81
GetZSymmetry ===>> -50.72
GetParameter Trap Current Readback ===>> 197.699505585058
GetHighVoltage ===>> 4499.94659342336
start measurement
do measurement
L#=65580 analysis type=unknown
Measurement Started jan_unknown120_60.py
01:57:29 -- ******* Measurement Started jan_unknown120_60.py *******
state changed from extraction to measurement
setting spec, defl, and gains
GetExtractionLens ===>> 26.13
GetYSymmetry ===>> -2.81
GetZSymmetry ===>> -50.72
GetZFocus ===>> 74.64
GetDeflection H2 ===>> 0
GetDeflection H1 ===>> 0
GetDeflection AX ===>> 190
GetDeflection L1 ===>> 400
GetDeflection L2 ===>> 825
GetDeflection CDD ===>> 50
GetGain H2 ===>> 0.0113
GetGain H1 ===>> 0.1
GetGain AX ===>> 0.097049
GetGain L1 ===>> 0.010355
GetGain L2 ===>> 0.095649
GetGain CDD ===>> 0
pre measurement save
New frame /Users/jan/PychronDev/data/isotopes/b9/4f8e19-35bb-4931-8bad-00598af0337a.h5
flush and close file /Users/jan/PychronDev/data/isotopes/b9/4f8e19-35bb-4931-8bad-00598af0337a.h5
testing...
no interpolation path defined
executed snippet estimated_duration=226.132928, duration=0.000170946121216
unknown measurement script
activate_detectors ('H2', 'H1', 'AX', 'L1', 'L2', 'CDD') {}
activate detectors
*************** Set Analysis View Ar/Ar
create graphs
clearing graphs
clear isotope group
setting isotope det=H2, iso=PM41
setting isotope det=H1, iso=Ar40
setting isotope det=AX, iso=Ar39
setting isotope det=L1, iso=Ar38
setting isotope det=L2, iso=Ar37
setting isotope det=CDD, iso=Ar36
setting previous blanks
 - setting Ar40 blank 0.083+/-0.006
 - setting Ar36 blank 0.00406+/-0.00016
 - setting Ar37 blank 0.061+/-0.005
 - setting Ar38 blank 0.0057+/-0.0022
 - setting PM41 blank 0.01+/-0.07
 - setting Ar39 blank 0.044+/-0.009
load analysis view
position_magnet ('Ar40',) {'detector': 'H1'}
detector Detector(H1)
POSITION Ar40 H1
setting detector H2 to PM41 (40.9624)
setting detector H1 to Ar40 (39.9624)
setting detector AX to Ar39 (38.9624)
setting detector L1 to Ar38 (37.9624)
setting detector L2 to Ar37 (36.9624)
setting detector CDD to Ar36 (35.9624)
Mapping mass to dac mass func: "parabolic"
H1 map mass coeffs = [-0.00063987  0.15840543  0.57053999]
H1 map mass to dac 39.9624 >> 5.87893
GetDeflection H1 ===>> 0
GetHighVoltage ===>> 4499.94659342336
positioning Ar40 (5.87889537953) on H1
setting magnet DAC
current  : 5.301499
requested: 5.878895
Delta Dac: 0.577397
Checking detector protection. dv=0.57740
Checking detector "CDD". Protection Threshold: 0.1 (V)
ProtectDetector CDD,On ===>> OK
GetDeflection CDD ===>> 2000
Protected = 2000
SetMagnetDAC 5.87889537953 ===>> OK
Magnet settling time: 0.500
GetMagnetMoving ===>> True
GetMagnetMoving ===>> True
GetMagnetMoving ===>> True
GetMagnetMoving ===>> True
GetMagnetMoving ===>> True
GetMagnetMoving ===>> True
GetMagnetMoving ===>> True
GetMagnetMoving ===>> True
GetMagnetMoving ===>> False
ProtectDetector CDD,Off ===>> OK
GetDeflection CDD ===>> 50
equilibrate () {'delay': 3, 'inlet': 'R', 'outlet': 'O', 'eqtime': 12.0}
Equilibration Started
01:57:33 -- ******* Equilibration Started *******
checking ownership. requestor=129.138.12.150
check software interlocks O
interlocks []
actuate state mode=None-script, software_lock=False
doing actuation None-script close_channel True
Close O ===>> OK
update labels <pychron.experiment.plot_panel.PlotPanel object at 0x1a7c59950>
update labels "<pychron.graph.stacked_regression_graph.StackedRegressionGraph object at 0x19d757650>"
setting label 0 H2 PM41
setting label 1 H1 Ar40
setting label 2 AX Ar39
setting label 3 L1 Ar38
setting label 4 L2 Ar37
setting label 5 CDD Ar36
update labels "<pychron.graph.stacked_graph.StackedGraph object at 0x19d757290>"
setting label 0 H2 PM41
setting label 1 H1 Ar40
setting label 2 AX Ar39
setting label 3 L1 Ar38
setting label 4 L2 Ar37
setting label 5 CDD Ar36
GetIndicatorState O ===>> False
change switch state (True, True)
update switch state O False args=() kw={} ncanvase=2
01:57:33 -- CLOSE  VALVE-O (Jan Ion Pump)
waiting 3s before opening inlet value ('R',)
checking ownership. requestor=129.138.12.150
check software interlocks R
interlocks []
actuate state mode=None-script, software_lock=False
doing actuation None-script open_channel True
Open R ===>> OK
GetIndicatorState R ===>> OK
change switch state (True, True)
update switch state R True args=() kw={} ncanvase=2
01:57:37 -- OPEN   VALVE-R (Jan Inlet)
equilibrating for 12.0sec
set_time_zero () {}
sniff (12.0,) {}
py_sniff
build tables- sniff [Detector(H2), Detector(H1), Detector(AX), Detector(L1), Detector(L2), Detector(CDD)]
add group /sniff/PM41 (Group) '' table H2
add group /sniff/Ar40 (Group) '' table H1
add group /sniff/Ar39 (Group) '' table AX
add group /sniff/Ar38 (Group) '' table L1
add group /sniff/Ar37 (Group) '' table L2
add group /sniff/Ar36 (Group) '' table CDD
flush and close file /Users/jan/PychronDev/data/isotopes/b9/4f8e19-35bb-4931-8bad-00598af0337a.h5
measuring sniff. ncounts=12.0
"sniff" increment series count="1" fit count="0" regressing="False"
starting measurement
GetData ===>> H2,-0.179230434498647,H1,-0.000181514502073221,AX,0.0421319543316944,L1,0.00863572433717086,L2,-0...
GetData ===>> H2,0.402731238844256,H1,193.831993524029,AX,52.4342739362317,L1,0.211581236921865,L2,0.5052497797...
GetData ===>> H2,0.812381071904024,H1,624.58099799931,AX,162.707524930473,L1,1.09391679114522,L2,0.793403167355...
GetData ===>> H2,0.395798387588253,H1,781.806773705929,AX,198.363266375729,L1,1.79288740774237,L2,0.89267691723...
GetData ===>> H2,0.00592850678522681,H1,834.631701280553,AX,208.940675395572,L1,2.21872972813616,L2,0.862179791...
GetData ===>> H2,0.0673970274857744,H1,855.250423874607,AX,212.742543865751,L1,2.42627036195234,L2,0.9123953008...
GetData ===>> H2,0.0975582688740144,H1,863.441096940673,AX,214.304339397309,L1,2.53307842739052,L2,0.8203306900...
GetData ===>> H2,-0.0283942644153717,H1,866.932110466531,AX,214.868137125128,L1,2.6274135939909,L2,0.8064307975...
GetData ===>> H2,-0.295975542024711,H1,868.240916881371,AX,215.211569148213,L1,2.67166030863892,L2,0.8180882667...
GetData ===>> H2,-0.200108168424879,H1,869.183642394925,AX,215.342993170846,L1,2.71125423472068,L2,0.9643328644...
GetData ===>> H2,-0.0591512535189472,H1,869.514338569285,AX,215.634510247723,L1,2.75803668276398,L2,0.986105959...
Equilibration Finished
01:57:49 -- ******* Equilibration Finished *******
checking ownership. requestor=129.138.12.150
check software interlocks R
interlocks []
actuate state mode=None-script, software_lock=False
doing actuation None-script close_channel True
GetData ===>> H2,-0.0767809570517374,H1,869.227048546089,AX,215.568718459215,L1,2.74927774056886,L2,0.902947835...
Close R ===>> OK
GetIndicatorState R ===>> False
change switch state (True, True)
update switch state R False args=() kw={} ncanvase=2
01:57:49 -- CLOSE  VALVE-R (Jan Inlet)
Post Equilibration Started jan_pump_extraction_line.py
01:57:49 -- ******* Post Equilibration Started jan_pump_extraction_line.py *******
testing...
no interpolation path defined
calculate duration
testing...
no interpolation path defined
executed snippet estimated_duration=4.0, duration=0.000157117843628
executed snippet estimated_duration=4.0, duration=0.00180411338806
Pump after analysis
doing GOSUB
testing...
no interpolation path defined
executed snippet estimated_duration=4.0, duration=0.000114917755127
Pump Microbone
close () {'description': 'Jan Inlet'}
closing name=--- desc=Jan Inlet
checking ownership. requestor=129.138.12.150
check software interlocks R
interlocks []
actuate state mode=None-script, software_lock=False
doing actuation None-script close_channel False
Close R ===>> OK
measurement finished
estimated time: 12.583 actual time: :12.654
flush and close file /Users/jan/PychronDev/data/isotopes/b9/4f8e19-35bb-4931-8bad-00598af0337a.h5
set_fits () {}
using default fits file=/Users/jan/PychronDev/scripts/measurement/fits/nominal_linear.yaml
set "Ar40" to "('Linear', 'SEM')"
No fit for "PM41". defaulting to linear. check the measurement script "jan_unknown120_60.py"
set "PM41" to "linear"
set "Ar36" to "('Linear', 'SEM')"
set "Ar37" to "('linear', 'SEM')"
set "Ar38" to "('linear', 'SEM')"
GetIndicatorState R ===>> False
set "Ar39" to "('Linear', 'SEM')"
change switch state (True, True)
set_baseline_fits () {}
update switch state R False args=() kw={} ncanvase=2
using default fits file=/Users/jan/PychronDev/scripts/measurement/fits/nominal_linear.yaml
set "H1" to "('average', 'SEM')"
set "H2" to "('average', 'SEM')"
set "CDD" to "('average', 'SEM')"
set "L2" to "('average', 'SEM')"
set "L1" to "('average', 'SEM')"
01:57:50 -- CLOSE  VALVE-R (Jan Inlet)
set "AX" to "('average', 'SEM')"
---------------------------------------- close None (Jan Inlet) result=[(True, True)]
multicollect () {'integration_time': 1, 'ncounts': 120}
build tables- signal [Detector(H2), Detector(H1), Detector(AX), Detector(L1), Detector(L2), Detector(CDD)]
add group /signal/PM41 (Group) '' table H2
add group /signal/Ar40 (Group) '' table H1
add group /signal/Ar39 (Group) '' table AX
add group /signal/Ar38 (Group) '' table L1
add group /signal/Ar37 (Group) '' table L2
add group /signal/Ar36 (Group) '' table CDD
flush and close file /Users/jan/PychronDev/data/isotopes/b9/4f8e19-35bb-4931-8bad-00598af0337a.h5
measuring signal. ncounts=120
action=close, ok=True, locked=[False]
is_closed ('F',) {}
is F () closed?
is closed True
open () {'description': 'CO2 Laser to Jan'}
opening name=--- desc=CO2 Laser to Jan
checking ownership. requestor=129.138.12.150
check software interlocks A
interlocks []
actuate state mode=None-script, software_lock=False
doing actuation None-script open_channel False
Open A ===>> OK
GetIndicatorState A ===>> OK
change switch state (True, True)
update switch state A True args=() kw={} ncanvase=2
01:57:50 -- OPEN   VALVE-A (CO2 Laser to Jan)
---------------------------------------- open None (CO2 Laser to Jan) result=[(True, True)], time=0.12 sec
starting measurement
GetData ===>> H2,-0.0668082361598991,H1,868.972782748766,AX,215.491282143918,L1,2.79534027272416,L2,0.930651580...
action=open, ok=True, locked=[False]
sleep (1,) {}
SLEEP 1.0
"signal" increment series count="2" fit count="1" regressing="True"
GetData ===>> H2,-0.0107076082850032,H1,868.771614858157,AX,215.446598436321,L1,2.78781345654017,L2,0.910540088...
close () {'description': 'CO2 Laser to Roughing'}
closing name=--- desc=CO2 Laser to Roughing
checking ownership. requestor=129.138.12.150
check software interlocks G
interlocks []
actuate state mode=None-script, software_lock=True
VALVE-G(CO2 Laser to Roughing) software locked
change switch state (True, False)
---------------------------------------- close None (CO2 Laser to Roughing) result=[(True, False)]
action=close, ok=True, locked=[True]
open () {'description': 'Microbone to Turbo'}
opening name=--- desc=Microbone to Turbo
checking ownership. requestor=129.138.12.150
check software interlocks U
interlocks []
actuate state mode=None-script, software_lock=False
doing actuation None-script open_channel True
Open U ===>> OK
GetIndicatorState U ===>> OK
change switch state (True, True)
update switch state U True args=() kw={} ncanvase=2
01:57:52 -- OPEN   VALVE-U (Microbone to Turbo)
---------------------------------------- open None (Microbone to Turbo) result=[(True, True)], time=0.16 sec
action=open, ok=True, locked=[False]
open () {'description': 'Microbone to Getter NP-10'}
opening name=--- desc=Microbone to Getter NP-10
checking ownership. requestor=129.138.12.150
check software interlocks M
interlocks []
actuate state mode=None-script, software_lock=False
doing actuation None-script open_channel False
Open M ===>> OK
GetIndicatorState M ===>> OK
change switch state (True, True)
update switch state M True args=() kw={} ncanvase=2
01:57:52 -- OPEN   VALVE-M (Microbone to Getter NP-10)
---------------------------------------- open None (Microbone to Getter NP-10) result=[(True, True)], time=0.13 sec
action=open, ok=True, locked=[False]
open () {'description': 'Microbone to Getter D-50'}
opening name=--- desc=Microbone to Getter D-50
checking ownership. requestor=129.138.12.150
check software interlocks K
interlocks []
actuate state mode=None-script, software_lock=False
doing actuation None-script open_channel False
GetData ===>> H2,-0.0760382194992011,H1,868.796908276895,AX,215.137334220602,L1,2.813057655795,L2,0.88339166979...
Open K ===>> OK
GetIndicatorState K ===>> OK
change switch state (True, True)
update switch state K True args=() kw={} ncanvase=2
01:57:53 -- OPEN   VALVE-K (Microbone to Getter D-50)
---------------------------------------- open None (Microbone to Getter D-50) result=[(True, True)], time=0.41 sec
action=open, ok=True, locked=[False]
open () {'description': 'Microbone to CO2 Laser'}
opening name=--- desc=Microbone to CO2 Laser
checking ownership. requestor=129.138.12.150
check software interlocks T
interlocks []
actuate state mode=None-script, software_lock=False
doing actuation None-script open_channel False
Open T ===>> OK
GetIndicatorState T ===>> OK
change switch state (True, True)
update switch state T True args=() kw={} ncanvase=2
01:57:53 -- OPEN   VALVE-T (Microbone to CO2 Laser)
---------------------------------------- open None (Microbone to CO2 Laser) result=[(True, True)], time=0.42 sec
GetData ===>> H2,-0.133388337768077,H1,868.424189864365,AX,215.128760671445,L1,2.81234812180262,L2,0.9089597513...
action=open, ok=True, locked=[False]
open () {'description': 'Microbone to Inlet Pipette'}
opening name=--- desc=Microbone to Inlet Pipette
checking ownership. requestor=129.138.12.150
check software interlocks S
interlocks []
actuate state mode=None-script, software_lock=False
doing actuation None-script open_channel False
Open S ===>> OK
GetIndicatorState S ===>> OK
change switch state (True, True)
update switch state S True args=() kw={} ncanvase=2
01:57:54 -- OPEN   VALVE-S (Microbone to Inlet Pipette)
---------------------------------------- open None (Microbone to Inlet Pipette) result=[(True, True)], time=0.42 sec
action=open, ok=True, locked=[False]
sleep (1,) {}
SLEEP 1.0
testing H1>-5.0
evaluate ot="H1.bs>-5.0" t="H1>-5.0", ctx="{'H1': None}"
GetData ===>> H2,-0.112329284052231,H1,868.203728637468,AX,215.052884523219,L1,2.79060864645378,L2,0.8890474350...
set_resource () {'name': 'CO2PumpTimeFlag', 'value': 30}
Set CO2PumpTimeFlag 30 ===>> OK
release ('JanCO2Flag',) {}
release JanCO2Flag
Set JanCO2Flag 0 ===>> OK
executed snippet estimated_duration=6.0, duration=5.95468115807
PumpMicrobone.py completed successfully
gosub finished
get_resource_value () {'name': 'JanMiniboneFlag'}
Read JanMiniboneFlag ===>> 0
Get Resource Value JanMiniboneFlag=0.0
get resource value 0.0
get_resource_value () {'name': 'JanMiniboneFlag'}
Read JanMiniboneFlag ===>> 0
Get Resource Value JanMiniboneFlag=0.0
executed snippet estimated_duration=4.0, duration=5.96752810478
jan_pump_extraction_line.py completed successfully
Post Equilibration Finished
01:57:55 -- ******* Post Equilibration Finished *******
GetData ===>> H2,-0.0989452621774819,H1,867.912624131585,AX,215.179600108319,L1,2.77061661037044,L2,1.004243785...
GetData ===>> H2,-0.0380641452737072,H1,867.288501212267,AX,214.847222662067,L1,2.77823826247702,L2,0.902100471...
GetData ===>> H2,-0.13183970910644,H1,866.804344776852,AX,214.802521194585,L1,2.79323647956862,L2,0.86399973123...
GetData ===>> H2,-0.165591540638069,H1,866.117711922689,AX,214.879998551665,L1,2.74859699266207,L2,0.9696267106...
testing H1>-5.0
evaluate ot="H1.bs>-5.0" t="H1>-5.0", ctx="{'H1': None}"
GetData ===>> H2,-0.248604324820782,H1,866.128198215746,AX,214.751266276502,L1,2.75406365530943,L2,0.8879483129...
GetData ===>> H2,-0.179616392470829,H1,866.20082926395,AX,214.709054095431,L1,2.75601385351362,L2,0.71107634791...
GetData ===>> H2,-0.120344109660657,H1,865.836135216147,AX,214.676827417374,L1,2.73012521762288,L2,0.8404805247...
GetData ===>> H2,-0.187926141480336,H1,864.996434929622,AX,214.429379560024,L1,2.75665762823052,L2,0.9945672319...
GetData ===>> H2,-0.081061595454412,H1,864.717930554464,AX,214.359596849673,L1,2.76248734668227,L2,0.8477359578...
testing H1>-5.0
evaluate ot="H1.bs>-5.0" t="H1>-5.0", ctx="{'H1': None}"
GetData ===>> H2,-0.0985174031565773,H1,864.291851205941,AX,214.343215492076,L1,2.76752132807045,L2,0.776632251...
GetData ===>> H2,-0.235666573800461,H1,864.043827224878,AX,214.316476719923,L1,2.76684281274096,L2,0.8245639786...
GetData ===>> H2,-0.163492301425023,H1,864.202070682563,AX,214.28781624856,L1,2.74012445672268,L2,0.87940764635...
GetData ===>> H2,-0.153488912973099,H1,863.594789446156,AX,214.122591516118,L1,2.72413979057374,L2,0.8408352729...
GetData ===>> H2,-0.0870022236422784,H1,863.16627727464,AX,213.946124738658,L1,2.75183429026311,L2,0.7768840797...
testing H1>-5.0
evaluate ot="H1.bs>-5.0" t="H1>-5.0", ctx="{'H1': None}"
GetData ===>> H2,-0.172711206643716,H1,863.05680685505,AX,213.772206333574,L1,2.7526768983037,L2,0.901676792542...
GetData ===>> H2,-0.176235439389812,H1,862.771312563494,AX,213.897867204246,L1,2.7385555510877,L2,0.88555547588...
GetData ===>> H2,-0.182936976775345,H1,862.247137485923,AX,213.787712186507,L1,2.71457397711987,L2,0.7147254303...
GetData ===>> H2,-0.221163610136079,H1,861.545484926491,AX,213.656146641345,L1,2.7484332917901,L2,0.84073228141...
GetData ===>> H2,-0.199776476295828,H1,861.472590838342,AX,213.412472410013,L1,2.76570294286602,L2,0.9446954706...
testing H1>-5.0
evaluate ot="H1.bs>-5.0" t="H1>-5.0", ctx="{'H1': None}"
01:58:16 -- collecting point 25
GetData ===>> H2,-0.270656940261596,H1,861.043782147241,AX,213.400653107522,L1,2.76104362480402,L2,0.9162203571...
GetData ===>> H2,-0.20726549460461,H1,860.421638285895,AX,213.40284181559,L1,2.74277477384657,L2,0.900211106538...
GetData ===>> H2,-0.161196868136644,H1,860.22598346434,AX,213.356397603913,L1,2.71814251652807,L2,0.84053774213...
GetData ===>> H2,-0.224633199040574,H1,860.203357363858,AX,213.361309004924,L1,2.72878258492959,L2,0.9217864295...
GetData ===>> H2,-0.0890475769752015,H1,860.022937190874,AX,213.325400152376,L1,2.74807725047837,L2,0.825936977...
testing H1>-5.0
evaluate ot="H1.bs>-5.0" t="H1>-5.0", ctx="{'H1': None}"
GetData ===>> H2,-0.152709180120071,H1,859.781611712482,AX,213.210915335334,L1,2.72723704868339,L2,0.9683662446...
GetData ===>> H2,-0.137770690413966,H1,859.302231832869,AX,212.966888295384,L1,2.73101662891042,L2,0.7969981338...
GetData ===>> H2,-0.169176222923636,H1,858.448956721335,AX,212.984377275242,L1,2.72594653605622,L2,0.9171136557...
GetData ===>> H2,-0.0907576329049335,H1,858.133506177943,AX,212.848233816269,L1,2.73653987089029,L2,0.843535979...
GetData ===>> H2,-0.189553652184402,H1,858.187440923619,AX,212.663525949919,L1,2.69577720859699,L2,0.8848227530...
testing H1>-5.0
evaluate ot="H1.bs>-5.0" t="H1>-5.0", ctx="{'H1': None}"
GetData ===>> H2,-0.225738772004393,H1,858.172237707944,AX,212.708172767232,L1,2.65596415980716,L2,0.9411556671...
GetData ===>> H2,-0.127696317138194,H1,857.601176388966,AX,212.74606355349,L1,2.67475821140659,L2,0.91735416059...
GetData ===>> H2,-0.250931126276457,H1,856.814369504315,AX,212.644665064032,L1,2.68460779222511,L2,0.9433551413...
GetData ===>> H2,-0.253971384935138,H1,856.483319973223,AX,212.403782652704,L1,2.68780172423436,L2,0.8149993000...
GetData ===>> H2,-0.161231978264884,H1,856.693610985629,AX,212.320377069102,L1,2.703006462856,L2,0.854064882312...
testing H1>-5.0
evaluate ot="H1.bs>-5.0" t="H1>-5.0", ctx="{'H1': None}"
GetData ===>> H2,-0.0306043537891943,H1,856.154354535474,AX,212.467656562889,L1,2.70074453285852,L2,0.840171551...
GetData ===>> H2,-0.0677943724086692,H1,855.905232934207,AX,212.346041818671,L1,2.75496097797383,L2,0.896489738...
GetData ===>> H2,-0.0081300108477919,H1,855.47826702831,AX,212.087898718128,L1,2.71376811254501,L2,0.8370017733...
GetData ===>> H2,-0.039179842725213,H1,855.329291146408,AX,212.040394673274,L1,2.67091982578424,L2,0.7881483469...
GetData ===>> H2,-0.0750771969379957,H1,854.708942640816,AX,211.989931945291,L1,2.68880035145294,L2,0.809656766...
testing H1>-5.0
evaluate ot="H1.bs>-5.0" t="H1>-5.0", ctx="{'H1': None}"
GetData ===>> H2,-0.167234210922271,H1,854.708125269625,AX,212.136310937293,L1,2.68178595983674,L2,0.8541793332...
GetData ===>> H2,-0.206858551549246,H1,854.600180527973,AX,211.949747751059,L1,2.70778357378425,L2,0.8281223736...
GetData ===>> H2,-0.158634885627594,H1,854.143046879512,AX,211.753182091243,L1,2.67949229027389,L2,0.8736952113...
GetData ===>> H2,-0.0930160843155047,H1,853.645640863265,AX,211.68813287641,L1,2.64139301582264,L2,0.8619966548...
GetData ===>> H2,-0.056909344144301,H1,853.899230416494,AX,211.527505770293,L1,2.68222652769733,L2,0.8522107961...
testing H1>-5.0
evaluate ot="H1.bs>-5.0" t="H1>-5.0", ctx="{'H1': None}"
01:58:42 -- collecting point 50
GetData ===>> H2,-0.135675052613289,H1,853.302086287904,AX,211.400569633774,L1,2.70119906044236,L2,0.7917545652...
GetData ===>> H2,-0.163029201445007,H1,853.077035710738,AX,211.598175038285,L1,2.7017393458013,L2,0.80545943005...
GetData ===>> H2,-0.136253757740731,H1,852.619295583785,AX,211.375304543219,L1,2.69734975677773,L2,0.8398282492...
GetData ===>> H2,-0.00114285782341185,H1,851.954737738762,AX,211.178014622627,L1,2.72867354554101,L2,0.88506317...
GetData ===>> H2,-0.0648130585356839,H1,851.353900808588,AX,211.18396453653,L1,2.68471115933326,L2,0.9377992748...
testing H1>-5.0
evaluate ot="H1.bs>-5.0" t="H1>-5.0", ctx="{'H1': None}"
GetData ===>> H2,-0.116137809700604,H1,851.113396699983,AX,211.1880521801,L1,2.66833817539948,L2,0.850608528289...
GetData ===>> H2,-0.110230936436372,H1,851.028934923861,AX,211.047370522106,L1,2.66732144560973,L2,0.8753779975...
GetData ===>> H2,-0.201622232956009,H1,850.783849180671,AX,211.072372238583,L1,2.67840340051794,L2,0.9117883448...
GetData ===>> H2,-0.159724845651351,H1,850.079734483485,AX,210.800166563576,L1,2.67590519231292,L2,0.8695055449...
GetData ===>> H2,-0.127305635419656,H1,849.752178182893,AX,210.751579967956,L1,2.66290081251603,L2,0.8274358563...
testing H1>-5.0
evaluate ot="H1.bs>-5.0" t="H1>-5.0", ctx="{'H1': None}"
GetData ===>> H2,0.0070859574281551,H1,849.867238345572,AX,210.751362550388,L1,2.65598860114278,L2,0.7719735475...
GetData ===>> H2,-0.0452478244929741,H1,849.479243154375,AX,210.564555750565,L1,2.69622337673178,L2,0.797696534...
GetData ===>> H2,-0.0574098449523506,H1,848.979514941624,AX,210.770230431699,L1,2.68787246879125,L2,0.903852461...
GetData ===>> H2,-0.13461221350517,H1,848.908232375519,AX,210.812079425829,L1,2.69545347556001,L2,0.80414267058...
GetData ===>> H2,-0.234461058971832,H1,848.380902949169,AX,210.428537031291,L1,2.65358545392438,L2,0.8426891395...
testing H1>-5.0
evaluate ot="H1.bs>-5.0" t="H1>-5.0", ctx="{'H1': None}"
GetData ===>> H2,-0.145332047381005,H1,848.079784577742,AX,210.592953740745,L1,2.64904255750177,L2,0.8617448424...
GetData ===>> H2,-0.0980976523870401,H1,847.33933203992,AX,210.472164652846,L1,2.66933188527887,L2,0.8193353222...
GetData ===>> H2,-0.160735024785014,H1,846.863751449189,AX,210.243133504638,L1,2.69756334620237,L2,0.8561708013...
GetData ===>> H2,-0.109754354440194,H1,846.71227693109,AX,210.306388132687,L1,2.67047387496041,L2,0.79446790456...
GetData ===>> H2,0.00166286602660926,H1,846.611886626211,AX,210.079197281066,L1,2.66243751307209,L2,0.927020664...
testing H1>-5.0
evaluate ot="H1.bs>-5.0" t="H1>-5.0", ctx="{'H1': None}"
GetData ===>> H2,-0.0635741015254239,H1,846.561417978888,AX,209.866517466204,L1,2.66587126733079,L2,0.834324135...
GetData ===>> H2,-0.0692835881381022,H1,846.033019989468,AX,210.053437161843,L1,2.66413863445149,L2,0.896741642...
GetData ===>> H2,-0.12080672105805,H1,845.597447673918,AX,209.842700977108,L1,2.70001106691311,L2,0.75310066879...
GetData ===>> H2,-0.138147864108892,H1,845.486005862197,AX,209.861888941094,L1,2.72010630112712,L2,0.9501944530...
GetData ===>> H2,-0.0937624803909644,H1,845.216414787702,AX,209.666877236046,L1,2.71306302765832,L2,0.829873015...
testing H1>-5.0
evaluate ot="H1.bs>-5.0" t="H1>-5.0", ctx="{'H1': None}"
01:59:08 -- collecting point 75
GetData ===>> H2,-0.165451153495036,H1,844.58573566127,AX,209.713071500855,L1,2.71927825649489,L2,0.81189899259...
GetData ===>> H2,-0.0937855081655904,H1,844.345331285135,AX,209.467540379818,L1,2.70283904835424,L2,0.834896274...
GetData ===>> H2,0.0263259710571928,H1,844.119824376529,AX,209.422873795008,L1,2.68928881265932,L2,0.7745146307...
GetData ===>> H2,-0.0506356197452709,H1,843.72795533556,AX,209.262681826181,L1,2.65887576315591,L2,0.8631069263...
GetData ===>> H2,-0.0694232768825406,H1,843.213230485961,AX,209.359820754234,L1,2.6622160598707,L2,0.8003756931...
testing H1>-5.0
evaluate ot="H1.bs>-5.0" t="H1>-5.0", ctx="{'H1': None}"
GetData ===>> H2,-0.0971917503091228,H1,842.832355768629,AX,209.299557821625,L1,2.63871811058115,L2,0.845481450...
GetData ===>> H2,-0.194802700725825,H1,842.228332605154,AX,209.328615649015,L1,2.64031266391048,L2,0.7997345202...
GetData ===>> H2,-0.158310713724092,H1,842.596455698285,AX,209.070640981397,L1,2.66251223751551,L2,0.9039211675...
GetData ===>> H2,-0.190667290181968,H1,842.265858009442,AX,209.011111866552,L1,2.63926498329479,L2,0.9231837247...
GetData ===>> H2,-0.219229013480146,H1,842.229202368709,AX,209.004808148084,L1,2.64738974552034,L2,0.7708632755...
testing H1>-5.0
evaluate ot="H1.bs>-5.0" t="H1>-5.0", ctx="{'H1': None}"
GetData ===>> H2,-0.197036273392065,H1,841.771577879204,AX,208.647989976072,L1,2.63697182191935,L2,0.7840042251...
GetData ===>> H2,-0.248765736934628,H1,841.052229764891,AX,208.804542312465,L1,2.64203774700107,L2,0.8065930026...
GetData ===>> H2,-0.226179085806815,H1,840.796819302213,AX,208.628086543191,L1,2.656215364922,L2,0.822104071996...
GetData ===>> H2,-0.125104588842953,H1,840.601500121678,AX,208.737342761,L1,2.64638893977523,L2,0.7314740953833...
GetData ===>> H2,-0.172666688898981,H1,840.169631600918,AX,208.862834169454,L1,2.67130324866443,L2,0.8192781174...
testing H1>-5.0
evaluate ot="H1.bs>-5.0" t="H1>-5.0", ctx="{'H1': None}"
GetData ===>> H2,-0.205182115159668,H1,840.277564136373,AX,208.562957398935,L1,2.66071491078053,L2,0.7974446518...
GetData ===>> H2,-0.11693751901104,H1,839.655670436132,AX,208.683647298816,L1,2.68210278624091,L2,0.87479417042...
GetData ===>> H2,-0.141132366345148,H1,839.439659292003,AX,208.578576862736,L1,2.69360646852445,L2,0.8755268168...
GetData ===>> H2,-0.149310040329885,H1,838.94493189789,AX,208.480457412955,L1,2.7049856787932,L2,0.822367221790...
GetData ===>> H2,-0.0410458807609431,H1,838.155334985049,AX,207.997558818098,L1,2.70055537850596,L2,0.885830248...
testing H1>-5.0
evaluate ot="H1.bs>-5.0" t="H1>-5.0", ctx="{'H1': None}"
GetData ===>> H2,-0.0896234961708409,H1,837.780357775935,AX,208.089863637086,L1,2.64492251755057,L2,0.834713189...
GetData ===>> H2,-0.122940982151724,H1,837.521589844404,AX,208.146847601738,L1,2.63827574640593,L2,0.8264747402...
GetData ===>> H2,-0.147405640582998,H1,837.865170868092,AX,207.975892758335,L1,2.61577683600741,L2,0.8832771840...
GetData ===>> H2,-0.204279108350999,H1,837.963611023145,AX,207.909997966022,L1,2.64667409934941,L2,0.8424259341...
GetData ===>> H2,-0.131524547434914,H1,837.347749219321,AX,207.983690351813,L1,2.65603884183058,L2,0.7643392559...
testing H1>-5.0
evaluate ot="H1.bs>-5.0" t="H1>-5.0", ctx="{'H1': None}"
01:59:35 -- collecting point 100
GetData ===>> H2,-0.184955027593732,H1,837.100391878176,AX,207.805645440576,L1,2.64934951529312,L2,0.8345758764...
GetData ===>> H2,-0.303096491417862,H1,836.746277130782,AX,207.651712291189,L1,2.66130583728569,L2,0.7816231531...
GetData ===>> H2,-0.220120909066254,H1,836.189311376972,AX,207.492674126102,L1,2.68067509726265,L2,0.9053754589...
GetData ===>> H2,-0.110050866612137,H1,836.119269150806,AX,207.522635888102,L1,2.66306657231496,L2,0.8358803605...
GetData ===>> H2,-0.0165865924266792,H1,835.521213685141,AX,207.22822035162,L1,2.64651115014738,L2,0.8251246173...
testing H1>-5.0
evaluate ot="H1.bs>-5.0" t="H1>-5.0", ctx="{'H1': None}"
GetData ===>> H2,-0.169107401225059,H1,835.234029642374,AX,207.293534799381,L1,2.64526059259982,L2,0.9038639124...
GetData ===>> H2,-0.127492190997541,H1,834.950577948544,AX,207.310807037569,L1,2.65016177093055,L2,0.8243923551...
GetData ===>> H2,-0.0961652448404941,H1,834.842775438499,AX,207.076525366546,L1,2.63503452824626,L2,0.876316707...
GetData ===>> H2,-0.196790809446599,H1,834.184426306933,AX,207.238996850993,L1,2.66284646556555,L2,0.7967119054...
GetData ===>> H2,-0.138904877407756,H1,833.774547649544,AX,207.051126544515,L1,2.66005609779931,L2,0.7449071715...
testing H1>-5.0
evaluate ot="H1.bs>-5.0" t="H1>-5.0", ctx="{'H1': None}"
GetData ===>> H2,-0.0992011575006597,H1,833.366719494947,AX,207.003329931192,L1,2.61422363720076,L2,0.867227633...
GetData ===>> H2,-0.14726786308832,H1,832.777289781623,AX,206.852564379624,L1,2.5932969208913,L2,0.816051825692...
GetData ===>> H2,-0.19991131166775,H1,832.721204654368,AX,206.763992095111,L1,2.58164957666571,L2,0.96123919310...
GetData ===>> H2,-0.117691169802649,H1,832.208062481382,AX,206.747699905616,L1,2.61065106316968,L2,0.8399426832...
GetData ===>> H2,-0.1429918764329,H1,832.419777379507,AX,206.662671835742,L1,2.64684248263983,L2,0.843478760324...
testing H1>-5.0
evaluate ot="H1.bs>-5.0" t="H1>-5.0", ctx="{'H1': None}"
GetData ===>> H2,-0.147319192154547,H1,832.383157727602,AX,206.677713560524,L1,2.64302595319172,L2,0.8558045512...
GetData ===>> H2,-0.14427551728852,H1,831.590556529779,AX,206.55820110224,L1,2.67837485424434,L2,0.811189711227...
GetData ===>> H2,-0.119824663870897,H1,831.548742004946,AX,206.512296481442,L1,2.69155307805078,L2,0.7964829234...
GetData ===>> H2,-0.0395788612745511,H1,831.163508256969,AX,206.291166503861,L1,2.65120502029374,L2,0.843627530...
GetData ===>> H2,-0.150664535694769,H1,830.798062408782,AX,206.116925076385,L1,2.64493066381935,L2,0.8448520292...
testing H1>-5.0
evaluate ot="H1.bs>-5.0" t="H1>-5.0", ctx="{'H1': None}"
GetData ===>> H2,-0.144207960865526,H1,830.431622442008,AX,206.231681560001,L1,2.64772789378837,L2,0.8748399606...
measurement finished
estimated time: 125.829 actual time: :126.341
flush and close file /Users/jan/PychronDev/data/isotopes/b9/4f8e19-35bb-4931-8bad-00598af0337a.h5
baselines () {'settling_time': 15.0, 'detector': 'H1', 'mass': 34.2, 'ncounts': 60}
%%%%%%%%%%%%%%%%%%%%%%%%%%%%%%%% Baseline
build tables- baseline [Detector(H2), Detector(H1), Detector(AX), Detector(L1), Detector(L2), Detector(CDD)]
add group baseline table H2
add group baseline table H1
add group baseline table AX
add group baseline table L1
add group baseline table L2
add group baseline table CDD
flush and close file /Users/jan/PychronDev/data/isotopes/b9/4f8e19-35bb-4931-8bad-00598af0337a.h5
detector Detector(H1)
POSITION 34.2 H1
Mapping mass to dac mass func: "parabolic"
H1 map mass coeffs = [-0.00063987  0.15840543  0.57053999]
H1 map mass to dac 34.2 >> 5.23958599104
GetDeflection H1 ===>> 0
GetHighVoltage ===>> 4499.94659342336
positioning 34.2 (5.23955513561) on H1
setting magnet DAC
current  : 5.878895
requested: 5.239555
Delta Dac: 0.639340
Checking detector protection. dv=0.63934
Checking detector "CDD". Protection Threshold: 0.1 (V)
ProtectDetector CDD,On ===>> OK
GetDeflection CDD ===>> 2000
Protected = 2000
SetMagnetDAC 5.23955513561 ===>> OK
Magnet settling time: 0.500
GetMagnetMoving ===>> True
GetMagnetMoving ===>> True
GetMagnetMoving ===>> True
GetMagnetMoving ===>> True
GetMagnetMoving ===>> True
GetMagnetMoving ===>> True
GetMagnetMoving ===>> True
GetMagnetMoving ===>> True
GetMagnetMoving ===>> False
ProtectDetector CDD,Off ===>> OK
GetDeflection CDD ===>> 50
Delaying 15.0s for detectors to settle
Join finished
measuring baseline. ncounts=60
"baseline" increment series count="2" fit count="1" regressing="True"
starting measurement
GetData ===>> H2,-0.240763643589133,H1,-0.0680201068311124,AX,-0.119483859957418,L1,-0.0869240908073939,L2,-0.0...
GetData ===>> H2,-0.210785883932157,H1,-0.088247115144857,AX,-0.140298575094927,L1,-0.0918645497417444,L2,-0.04...
GetData ===>> H2,-0.246131740844131,H1,-0.0808576391730263,AX,-0.139046297545649,L1,-0.0357952109902456,L2,-0.0...
GetData ===>> H2,-0.136812153161643,H1,0.0481527554891283,AX,-0.0553659703398355,L1,-0.035172103079611,L2,-0.01...
testing H1>-5.0
evaluate ot="H1.bs>-5.0" t="H1>-5.0", ctx="{'H1': None}"
GetData ===>> H2,-0.168598647464578,H1,-0.0545371368118939,AX,-0.0465655876101449,L1,-0.0252629679453684,L2,-0....
GetData ===>> H2,-0.15607637685701,H1,0.0183929792467065,AX,-0.122102383863247,L1,-0.0105175050024522,L2,0.0148...
GetData ===>> H2,-0.206017669180257,H1,-0.0194442880533384,AX,-0.0906290844109147,L1,-0.0388251217304033,L2,-0....
GetData ===>> H2,-0.245074202826284,H1,-0.0706306576751412,AX,0.0616211596458597,L1,-0.0666542508463931,L2,0.02...
GetData ===>> H2,-0.252434549807966,H1,-0.0291398729629798,AX,-0.150710406713911,L1,-0.032744927836143,L2,-0.03...
testing H1>-5.0
evaluate ot="H1.bs>-5.0" t="H1>-5.0", ctx="{'H1': None}"
GetData ===>> H2,-0.20734230009492,H1,0.0578797005620359,AX,-0.0965513849096121,L1,-0.0350870218872359,L2,-0.01...
GetData ===>> H2,-0.186742105125202,H1,0.0544184707047314,AX,-0.0833155309694012,L1,-0.0399199300550806,L2,-0.0...
GetData ===>> H2,-0.27406556036489,H1,0.058810672459564,AX,-0.0864681919405578,L1,-0.0298946293499214,L2,-0.030...
GetData ===>> H2,-0.18107373751373,H1,-0.0272556876761641,AX,-0.113702002233519,L1,-0.036169057197932,L2,-0.076...
GetData ===>> H2,-0.190384172265339,H1,-0.116214914995649,AX,-0.165653727165331,L1,-0.0310408338969796,L2,0.014...
testing H1>-5.0
evaluate ot="H1.bs>-5.0" t="H1>-5.0", ctx="{'H1': None}"
GetData ===>> H2,-0.154734752599811,H1,-0.0925375281892514,AX,-0.0621947044610381,L1,-0.0433030203714385,L2,0.0...
GetData ===>> H2,-0.287326846204438,H1,-0.0308332244119079,AX,-0.128578872527671,L1,-0.0155518417249408,L2,-0.0...
GetData ===>> H2,-0.23138749042322,H1,-0.00831646301333573,AX,-0.108186322702172,L1,-0.0130576681605184,L2,-0.1...
GetData ===>> H2,-0.169278779973219,H1,-0.023809206353209,AX,-0.0779024519923206,L1,-0.0126309559652799,L2,-0.0...
GetData ===>> H2,-0.0838751799390228,H1,-0.0161406577588562,AX,-0.0367787201871466,L1,-0.0187851290828906,L2,0....
testing H1>-5.0
evaluate ot="H1.bs>-5.0" t="H1>-5.0", ctx="{'H1': None}"
GetData ===>> H2,-0.180188557704328,H1,-0.0932525791436987,AX,-0.17373306128225,L1,-0.0451946593117186,L2,0.058...
GetData ===>> H2,-0.0885204159486328,H1,-0.0255742012339909,AX,-0.101036331511561,L1,-0.0483485942562919,L2,-0....
GetData ===>> H2,-0.170584951701903,H1,0.0245733116017945,AX,-0.147290161790623,L1,-0.0329089750472771,L2,-0.12...
GetData ===>> H2,-0.191805083143269,H1,0.00121413694660357,AX,-0.0775083402632271,L1,-0.00891563791346386,L2,-0...
GetData ===>> H2,-0.29414083341291,H1,0.0051984113955907,AX,-0.20589305282895,L1,-0.0427222876109745,L2,-0.0173...
testing H1>-5.0
evaluate ot="H1.bs>-5.0" t="H1>-5.0", ctx="{'H1': None}"
02:00:40 -- collecting point 25
GetData ===>> H2,-0.238795554331427,H1,-0.0234991364707724,AX,-0.181487199806908,L1,-0.0480362372851412,L2,-0.0...
GetData ===>> H2,-0.213367883785078,H1,0.0163409069335653,AX,-0.111025314458104,L1,-0.000465648246241996,L2,0.0...
GetData ===>> H2,-0.177231609499784,H1,-0.0467278663095037,AX,0.0251541462990992,L1,-0.0106565772429149,L2,-0.0...
GetData ===>> H2,-0.207483782527448,H1,0.0130004140715069,AX,-0.0225489001557589,L1,-0.0277947119859196,L2,-0.0...
GetData ===>> H2,-0.193134160863114,H1,0.0754859815794486,AX,-0.149887240111881,L1,-0.0551314075550802,L2,-0.02...
testing H1>-5.0
evaluate ot="H1.bs>-5.0" t="H1>-5.0", ctx="{'H1': None}"
GetData ===>> H2,-0.296490870938941,H1,0.0640147260805747,AX,-0.163694648350526,L1,-0.0225471947341201,L2,-0.03...
GetData ===>> H2,-0.234229628458744,H1,-0.00755309419468981,AX,-0.134047056739908,L1,-0.0254594914810662,L2,0.0...
GetData ===>> H2,-0.228182498937631,H1,-0.0462270984023181,AX,-0.13315502224709,L1,-0.00894681440601027,L2,-0.1...
GetData ===>> H2,-0.200102775134704,H1,-0.0807146116738487,AX,-0.00765580914255297,L1,0.0183521125938364,L2,-0....
GetData ===>> H2,-0.140160596988248,H1,-0.0512465871956856,AX,-0.0322328261766775,L1,-0.0206267748598989,L2,0.0...
testing H1>-5.0
evaluate ot="H1.bs>-5.0" t="H1>-5.0", ctx="{'H1': None}"
GetData ===>> H2,-0.275861490004105,H1,-0.0639193780390233,AX,-0.0879633520570764,L1,-0.0261101487099909,L2,-0....
GetData ===>> H2,-0.18537316158127,H1,0.0229983644283617,AX,-0.0900959437830248,L1,-0.0334789284931002,L2,0.035...
GetData ===>> H2,-0.193822901399065,H1,0.00940950856456198,AX,-0.0303077152242984,L1,-0.00244922568741872,L2,0....
GetData ===>> H2,-0.226008079120083,H1,-0.0220084024711962,AX,-0.156298480315858,L1,-0.0163434695446961,L2,0.00...
GetData ===>> H2,-0.318000103405089,H1,0.00270523905456801,AX,-0.0310731253438522,L1,-0.0204984940533989,L2,0.0...
testing H1>-5.0
evaluate ot="H1.bs>-5.0" t="H1>-5.0", ctx="{'H1': None}"
GetData ===>> H2,-0.222273563450311,H1,-0.0142204470827466,AX,-0.0464960161966681,L1,-0.0259855325365672,L2,0.0...
GetData ===>> H2,-0.173005289167748,H1,-0.0120974383633897,AX,-0.0699503594495851,L1,0.00350988261840311,L2,-0....
GetData ===>> H2,-0.272562240026781,H1,0.0548839394808322,AX,-0.117444606680621,L1,0.00729059959242566,L2,-0.05...
GetData ===>> H2,-0.21799748910169,H1,0.0620213983545838,AX,-0.10337722927196,L1,0.015392862686675,L2,-0.032853...
GetData ===>> H2,-0.226181778804804,H1,0.0828089497211472,AX,-0.143881391256305,L1,0.0390534251949488,L2,-0.126...
testing H1>-5.0
evaluate ot="H1.bs>-5.0" t="H1>-5.0", ctx="{'H1': None}"
GetData ===>> H2,-0.263430537722429,H1,0.00393392388333709,AX,-0.0804293657373665,L1,0.0153400268341228,L2,-0.0...
GetData ===>> H2,-0.169102003427093,H1,-0.0630729857677313,AX,0.0209420658766342,L1,-0.000315634060062673,L2,-0...
GetData ===>> H2,-0.182143687187678,H1,-0.105085930343951,AX,-0.0816348427516319,L1,-0.0233658390598893,L2,-0.1...
GetData ===>> H2,-0.228894648266575,H1,-0.0863878790231752,AX,-0.179945693852391,L1,-0.0564649101117882,L2,-0.0...
GetData ===>> H2,-0.204206325558284,H1,-0.0793439211057344,AX,-0.139799985039324,L1,-0.0299700888393627,L2,0.03...
testing H1>-5.0
evaluate ot="H1.bs>-5.0" t="H1>-5.0", ctx="{'H1': None}"
02:01:07 -- collecting point 50
GetData ===>> H2,-0.200419626570659,H1,-0.00740996189307881,AX,-0.0571398641550774,L1,-0.00582029083226847,L2,-...
GetData ===>> H2,-0.275297354440248,H1,-0.0221872917234521,AX,-0.123237828073408,L1,-0.0164478158388043,L2,-0.0...
GetData ===>> H2,-0.185184328789681,H1,0.0712880393821226,AX,-0.0436783321534821,L1,-0.0418601069763952,L2,-0.0...
GetData ===>> H2,-0.200012437142089,H1,-0.0305231762892209,AX,-0.0878590393061395,L1,-0.0548476862315364,L2,-0....
GetData ===>> H2,-0.178717602854479,H1,-0.0531780098686373,AX,-0.121650519725771,L1,-0.0303497732327042,L2,0.04...
testing H1>-5.0
evaluate ot="H1.bs>-5.0" t="H1>-5.0", ctx="{'H1': None}"
GetData ===>> H2,-0.0753848956491293,H1,-0.0223184769718941,AX,-0.108626661545848,L1,-0.00737707795735424,L2,-0...
GetData ===>> H2,-0.184433012843272,H1,-0.0122047825817482,AX,-0.130131312003651,L1,0.00206809117980458,L2,0.04...
GetData ===>> H2,-0.16546330245116,H1,0.0203019214892521,AX,-0.0192549859553828,L1,-0.0286428774357949,L2,-0.01...
GetData ===>> H2,-0.276976246333277,H1,-0.049493967696068,AX,-0.0662407062345281,L1,-0.0554402596305965,L2,0.03...
GetData ===>> H2,-0.365084588678076,H1,0.0412310878563861,AX,-0.121523070486967,L1,-0.00323270911724287,L2,-0.0...
testing H1>-5.0
evaluate ot="H1.bs>-5.0" t="H1>-5.0", ctx="{'H1': None}"
GetData ===>> H2,-0.270394902773742,H1,-0.0512704321472988,AX,-0.0580441897339635,L1,-0.0221732091237615,L2,-0....
measurement finished
estimated time: 62.915 actual time: :63.214
flush and close file /Users/jan/PychronDev/data/isotopes/b9/4f8e19-35bb-4931-8bad-00598af0337a.h5
activate_detectors ('H1', 'AX', 'CDD') {'peak_center': True}
peak_center () {'detector': 'H1', 'integration_time': 0.262144, 'isotope': 'Ar40'}
peak center: mean=831.804198367 threshold=3
peak center started
setup peak center. detector=['H1', 'AX', 'CDD'], isotope=Ar40
VersionedUnpickler [<apptools.sweet_pickle.versioned_unpickler.VersionedUnpickler object at 0x16a196710>] using Updater [<apptools.sweet_pickle.updater.Updater object at 0x135230b30>]
VersionedUnpickler [<apptools.sweet_pickle.versioned_unpickler.VersionedUnpickler object at 0x16a196710>] using Updater [<apptools.sweet_pickle.updater.Updater object at 0x135230b30>]
VersionedUnpickler [<apptools.sweet_pickle.versioned_unpickler.VersionedUnpickler object at 0x1961d5290>] using Updater [<apptools.sweet_pickle.updater.Updater object at 0x135230b30>]
setting integration time = 0.524288
SetIntegrationTime 0.524288 ===>> OK
Mapping mass to dac mass func: "parabolic"
H1 map mass coeffs = [-0.00063987  0.15840543  0.57053999]
H1 map mass to dac 39.9624 >> 5.87893
GetDeflection H1 ===>> 0
GetHighVoltage ===>> 4499.94659342336
do peak center. <pychron.spectrometer.jobs.peak_center.PeakCenter object at 0x1352309b0>
doing pc
starting peak center. center dac= 5.87889537953 step_width=0.001
width = 0.001
get scan parameters. half-width=0.015,window=0.015, i=0, scalar=1
Scan parameters center=5.87890 width=0.03000 (5.86390 - 5.89390)
GetData ===>> H2,-0.207114577034047,H1,0.00968389214774952,AX,0.00067325240159141,L1,-0.023210026093604,L2,-0.0...
Moving to starting dac 5.86389537953
setting magnet DAC
current  : 5.239555
requested: 5.863895
Delta Dac: 0.624340
Checking detector protection. dv=0.62434
Checking detector "CDD". Protection Threshold: 0.1 (V)
ProtectDetector CDD,On ===>> OK
GetDeflection CDD ===>> 2000
Protected = 2000
SetMagnetDAC 5.86389537953 ===>> OK
Magnet settling time: 0.500
GetMagnetMoving ===>> True
GetMagnetMoving ===>> True
GetMagnetMoving ===>> True
GetMagnetMoving ===>> True
GetMagnetMoving ===>> True
GetMagnetMoving ===>> True
GetMagnetMoving ===>> True
GetMagnetMoving ===>> True
GetMagnetMoving ===>> False
ProtectDetector CDD,Off ===>> OK
GetDeflection CDD ===>> 50
Wait until signal near baseline. tol= 0.00726291911081. timeout= 10
GetData ===>> H2,5.95331605803264,H1,2.96480160282926,AX,0.00966433457982026,L1,0.0333709919952746,L2,-0.001525...
GetData ===>> H2,71.3453918473455,H1,37.4507951872377,AX,2.92456784416776,L1,0.0671489637650843,L2,-0.149631052...
GetData ===>> H2,72.8194002105797,H1,31.2850953463798,AX,4.42482503378711,L1,0.0867599471989265,L2,-0.090413872...
GetData ===>> H2,38.1643324057987,H1,15.0055069756104,AX,1.88363941324358,L1,0.0678879131929216,L2,-0.086864487...
GetData ===>> H2,15.5537814565671,H1,7.48911797146798,AX,0.859907395595628,L1,0.0870824751180042,L2,-0.15316209...
GetData ===>> H2,5.16917659687089,H1,3.97521166274715,AX,0.339052142425246,L1,0.0790919014504165,L2,-0.10715791...
GetData ===>> H2,1.44804279103692,H1,2.30591536082214,AX,0.24618979104643,L1,0.0429537603766041,L2,-0.123725144...
GetData ===>> H2,0.400490409686886,H1,1.4161689307197,AX,0.0595715530658137,L1,0.0174695117996482,L2,-0.0746681...
GetData ===>> H2,0.288455355218072,H1,1.07107160763962,AX,-0.066182741780872,L1,0.00769994319658965,L2,-0.03645...
GetData ===>> H2,0.321630588614798,H1,0.745626477541373,AX,0.0666160075393708,L1,-0.00878973186498065,L2,0.0060...
GetData ===>> H2,0.366539257857404,H1,0.685018580434771,AX,0.123268237991974,L1,-0.0276963560572711,L2,-0.00373...
GetData ===>> H2,0.275473842698018,H1,0.612083876673464,AX,0.12083364705149,L1,-0.0527720101210154,L2,-0.049838...
GetData ===>> H2,0.211661746878193,H1,0.625882150075463,AX,0.0343331676893381,L1,-0.0250724934068965,L2,-0.0669...
GetData ===>> H2,0.248389099115026,H1,0.566756625189879,AX,-0.047354060153416,L1,0.0159601629258156,L2,0.030316...
GetData ===>> H2,0.175196430434791,H1,0.592597344641743,AX,-0.284486830104391,L1,0.0241815320760117,L2,-0.01609...
GetData ===>> H2,0.157266958447167,H1,0.579281730692683,AX,-0.284255491816621,L1,0.0231321841404272,L2,-0.06868...
GetData ===>> H2,0.195292339210871,H1,0.577608439136257,AX,0.0842525512130204,L1,0.0349959348635686,L2,-0.02019...
GetData ===>> H2,0.151821653613396,H1,0.63554446154066,AX,0.155642488102952,L1,-0.0024540251589396,L2,0.0167628...
GetData ===>> H2,0.127524106149903,H1,0.622964506112944,AX,0.0557251252793102,L1,-0.00214205475140978,L2,-0.023...
GetData ===>> H2,0.026001413896895,H1,0.587385637272564,AX,0.0716679367025093,L1,0.0153819190344434,L2,-0.07844...
GetData ===>> H2,-0.0601514387658666,H1,0.559132373886295,AX,0.0330334306494371,L1,0.0469679144417464,L2,-0.116...
Peak center failed to move to a baseline position
_do_sweep sm= 5.86389537953, em= 5.89389537953, stm= 0.001
calculated step values: start=5.86389537953, end=5.89389537953, width=0.001, nsteps=31.0
setting magnet DAC
current  : 5.863895
requested: 5.863895
Delta Dac: 0.000000
Checking detector protection. dv=0.00000
Checking detector "CDD". Protection Threshold: 0.1 (V)
SetMagnetDAC 5.86389537953 ===>> OK
GetData ===>> H2,-0.0601514387658666,H1,0.559132373886295,AX,0.0330334306494371,L1,0.0469679144417464,L2,-0.116...
setting magnet DAC
current  : 5.863895
requested: 5.864930
Delta Dac: 0.001034
Checking detector protection. dv=0.00103
Checking detector "CDD". Protection Threshold: 0.1 (V)
SetMagnetDAC 5.86492986229 ===>> OK
Magnet settling time: 1.049
GetData ===>> H2,-0.128634439076827,H1,1.13064590603258,AX,0.205268326408035,L1,-0.00876095311848863,L2,0.05875...
setting magnet DAC
current  : 5.864930
requested: 5.865964
Delta Dac: 0.001034
Checking detector protection. dv=0.00103
Checking detector "CDD". Protection Threshold: 0.1 (V)
SetMagnetDAC 5.86596434505 ===>> OK
Magnet settling time: 1.049
GetData ===>> H2,-0.168384073378605,H1,3.88457636774515,AX,0.790280568415384,L1,-0.050326629566213,L2,-0.107248...
setting magnet DAC
current  : 5.865964
requested: 5.866999
Delta Dac: 0.001034
Checking detector protection. dv=0.00103
Checking detector "CDD". Protection Threshold: 0.1 (V)
SetMagnetDAC 5.86699882781 ===>> OK
Magnet settling time: 1.049
GetData ===>> H2,-0.104522936428352,H1,14.6595472377905,AX,2.4917682719934,L1,-0.0186488024857238,L2,0.03439427...
setting magnet DAC
current  : 5.866999
requested: 5.868033
Delta Dac: 0.001034
Checking detector protection. dv=0.00103
Checking detector "CDD". Protection Threshold: 0.1 (V)
SetMagnetDAC 5.86803331057 ===>> OK
Magnet settling time: 1.049
GetData ===>> H2,-0.0462596670134468,H1,51.0843049310255,AX,8.06873996891139,L1,0.0296461494059289,L2,-0.106177...
setting magnet DAC
current  : 5.868033
requested: 5.869068
Delta Dac: 0.001034
Checking detector protection. dv=0.00103
Checking detector "CDD". Protection Threshold: 0.1 (V)
SetMagnetDAC 5.86906779333 ===>> OK
Magnet settling time: 1.049
GetData ===>> H2,-0.124227025592316,H1,146.038511098138,AX,24.7959149145437,L1,0.102151654493218,L2,-0.12055762...
setting magnet DAC
current  : 5.869068
requested: 5.870102
Delta Dac: 0.001034
Checking detector protection. dv=0.00103
Checking detector "CDD". Protection Threshold: 0.1 (V)
SetMagnetDAC 5.87010227608 ===>> OK
Magnet settling time: 1.049
GetData ===>> H2,-0.124727339611811,H1,316.898869418235,AX,59.6822093690701,L1,0.37353728265342,L2,-0.077216773...
setting magnet DAC
current  : 5.870102
requested: 5.871137
Delta Dac: 0.001034
Checking detector protection. dv=0.00103
Checking detector "CDD". Protection Threshold: 0.1 (V)
SetMagnetDAC 5.87113675884 ===>> OK
Magnet settling time: 1.049
GetData ===>> H2,-0.161661393339862,H1,512.869828769103,AX,105.606226253064,L1,0.782592392056731,L2,0.121118168...
setting magnet DAC
current  : 5.871137
requested: 5.872171
Delta Dac: 0.001034
Checking detector protection. dv=0.00103
Checking detector "CDD". Protection Threshold: 0.1 (V)
SetMagnetDAC 5.8721712416 ===>> OK
Magnet settling time: 1.049
GetData ===>> H2,-0.0897304050186186,H1,719.327955308882,AX,165.633597883077,L1,1.52829918604806,L2,0.531748598...
setting magnet DAC
current  : 5.872171
requested: 5.873206
Delta Dac: 0.001034
Checking detector protection. dv=0.00103
Checking detector "CDD". Protection Threshold: 0.1 (V)
SetMagnetDAC 5.87320572436 ===>> OK
Magnet settling time: 1.049
GetData ===>> H2,-0.0876887309204296,H1,771.423831810504,AX,185.845365514268,L1,1.88829792081496,L2,0.466171957...
setting magnet DAC
current  : 5.873206
requested: 5.874240
Delta Dac: 0.001034
Checking detector protection. dv=0.00103
Checking detector "CDD". Protection Threshold: 0.1 (V)
SetMagnetDAC 5.87424020712 ===>> OK
Magnet settling time: 1.049
GetData ===>> H2,0.0197997919359551,H1,788.326895418445,AX,193.800823391514,L1,2.12245569815984,L2,0.7363670766...
setting magnet DAC
current  : 5.874240
requested: 5.875275
Delta Dac: 0.001034
Checking detector protection. dv=0.00103
Checking detector "CDD". Protection Threshold: 0.1 (V)
SetMagnetDAC 5.87527468988 ===>> OK
Magnet settling time: 1.049
GetData ===>> H2,-0.0882790669479916,H1,792.985319384146,AX,195.959842564678,L1,2.29887577879766,L2,0.877026469...
setting magnet DAC
current  : 5.875275
requested: 5.876309
Delta Dac: 0.001034
Checking detector protection. dv=0.00103
Checking detector "CDD". Protection Threshold: 0.1 (V)
SetMagnetDAC 5.87630917264 ===>> OK
Magnet settling time: 1.049
GetData ===>> H2,-0.0853622919394733,H1,793.962346959132,AX,196.460828429647,L1,2.37287923412719,L2,0.749559437...
setting magnet DAC
current  : 5.876309
requested: 5.877344
Delta Dac: 0.001034
Checking detector protection. dv=0.00103
Checking detector "CDD". Protection Threshold: 0.1 (V)
SetMagnetDAC 5.87734365539 ===>> OK
Magnet settling time: 1.049
GetData ===>> H2,0.0120081331089066,H1,794.162490087544,AX,196.872727277772,L1,2.40586464168054,L2,0.8478618455...
setting magnet DAC
current  : 5.877344
requested: 5.878378
Delta Dac: 0.001034
Checking detector protection. dv=0.00103
Checking detector "CDD". Protection Threshold: 0.1 (V)
SetMagnetDAC 5.87837813815 ===>> OK
Magnet settling time: 1.049
GetData ===>> H2,-0.0410309536693738,H1,793.625653148507,AX,196.699598068571,L1,2.48945270719597,L2,0.790016642...
setting magnet DAC
current  : 5.878378
requested: 5.879413
Delta Dac: 0.001034
Checking detector protection. dv=0.00103
Checking detector "CDD". Protection Threshold: 0.1 (V)
SetMagnetDAC 5.87941262091 ===>> OK
Magnet settling time: 1.049
GetData ===>> H2,-0.0691886530611568,H1,793.463843378743,AX,196.899512549008,L1,2.49421553353071,L2,0.869608567...
setting magnet DAC
current  : 5.879413
requested: 5.880447
Delta Dac: 0.001034
Checking detector protection. dv=0.00103
Checking detector "CDD". Protection Threshold: 0.1 (V)
SetMagnetDAC 5.88044710367 ===>> OK
Magnet settling time: 1.049
GetData ===>> H2,-0.102665119046355,H1,793.35299006888,AX,196.825978494216,L1,2.48545617672568,L2,0.73197764605...
setting magnet DAC
current  : 5.880447
requested: 5.881482
Delta Dac: 0.001034
Checking detector protection. dv=0.00103
Checking detector "CDD". Protection Threshold: 0.1 (V)
SetMagnetDAC 5.88148158643 ===>> OK
Magnet settling time: 1.049
GetData ===>> H2,-0.134953251346393,H1,792.640832820103,AX,196.176986972874,L1,2.53027048002043,L2,0.7459696558...
setting magnet DAC
current  : 5.881482
requested: 5.882516
Delta Dac: 0.001034
Checking detector protection. dv=0.00103
Checking detector "CDD". Protection Threshold: 0.1 (V)
SetMagnetDAC 5.88251606919 ===>> OK
Magnet settling time: 1.049
GetData ===>> H2,-0.116627655251392,H1,791.505196559069,AX,195.882870468629,L1,2.56905465437968,L2,0.7681278419...
setting magnet DAC
current  : 5.882516
requested: 5.883551
Delta Dac: 0.001034
Checking detector protection. dv=0.00103
Checking detector "CDD". Protection Threshold: 0.1 (V)
SetMagnetDAC 5.88355055195 ===>> OK
Magnet settling time: 1.049
GetData ===>> H2,-0.166991267301027,H1,787.322115486735,AX,193.743442536005,L1,2.52343054021001,L2,0.6743849638...
setting magnet DAC
current  : 5.883551
requested: 5.884585
Delta Dac: 0.001034
Checking detector protection. dv=0.00103
Checking detector "CDD". Protection Threshold: 0.1 (V)
SetMagnetDAC 5.8845850347 ===>> OK
Magnet settling time: 1.049
GetData ===>> H2,-0.083606991501953,H1,772.916975975102,AX,186.813751084308,L1,2.42415944629132,L2,0.7757208836...
setting magnet DAC
current  : 5.884585
requested: 5.885620
Delta Dac: 0.001034
Checking detector protection. dv=0.00103
Checking detector "CDD". Protection Threshold: 0.1 (V)
SetMagnetDAC 5.88561951746 ===>> OK
Magnet settling time: 1.049
GetData ===>> H2,-0.173098368742783,H1,727.00678241654,AX,167.350210415414,L1,2.26022044667619,L2,0.54100605629...
setting magnet DAC
current  : 5.885620
requested: 5.886654
Delta Dac: 0.001034
Checking detector protection. dv=0.00103
Checking detector "CDD". Protection Threshold: 0.1 (V)
SetMagnetDAC 5.88665400022 ===>> OK
Magnet settling time: 1.049
GetData ===>> H2,-0.108489049356989,H1,619.252853636602,AX,130.397188281644,L1,1.8453596283752,L2,0.40479448202...
setting magnet DAC
current  : 5.886654
requested: 5.887688
Delta Dac: 0.001034
Checking detector protection. dv=0.00103
Checking detector "CDD". Protection Threshold: 0.1 (V)
SetMagnetDAC 5.88768848298 ===>> OK
Magnet settling time: 1.049
GetData ===>> H2,-0.196017967852884,H1,434.785483407131,AX,79.5936204628281,L1,1.3194410769629,L2,0.14971667271...
setting magnet DAC
current  : 5.887688
requested: 5.888723
Delta Dac: 0.001034
Checking detector protection. dv=0.00103
Checking detector "CDD". Protection Threshold: 0.1 (V)
SetMagnetDAC 5.88872296574 ===>> OK
Magnet settling time: 1.049
GetData ===>> H2,-0.256629091388141,H1,239.389243312217,AX,37.0430976613288,L1,0.866299990568113,L2,0.010339760...
setting magnet DAC
current  : 5.888723
requested: 5.889757
Delta Dac: 0.001034
Checking detector protection. dv=0.00103
Checking detector "CDD". Protection Threshold: 0.1 (V)
SetMagnetDAC 5.8897574485 ===>> OK
Magnet settling time: 1.049
GetData ===>> H2,-0.35057552981302,H1,99.8107810418061,AX,12.9112240558202,L1,0.483428582237301,L2,-0.116683539...
setting magnet DAC
current  : 5.889757
requested: 5.890792
Delta Dac: 0.001034
Checking detector protection. dv=0.00103
Checking detector "CDD". Protection Threshold: 0.1 (V)
SetMagnetDAC 5.89079193126 ===>> OK
Magnet settling time: 1.049
GetData ===>> H2,-0.146525008652238,H1,16.1691035967078,AX,1.29229473917062,L1,0.223405626345456,L2,-0.11884848...
setting magnet DAC
current  : 5.890792
requested: 5.891826
Delta Dac: 0.001034
Checking detector protection. dv=0.00103
Checking detector "CDD". Protection Threshold: 0.1 (V)
SetMagnetDAC 5.89182641402 ===>> OK
Magnet settling time: 1.049
GetData ===>> H2,-0.173136139946357,H1,4.00584024893302,AX,0.190162134468511,L1,0.145454356163471,L2,-0.0595571...
setting magnet DAC
current  : 5.891826
requested: 5.892861
Delta Dac: 0.001034
Checking detector protection. dv=0.00103
Checking detector "CDD". Protection Threshold: 0.1 (V)
SetMagnetDAC 5.89286089677 ===>> OK
Magnet settling time: 1.049
GetData ===>> H2,-0.0825097911170376,H1,0.797239029268204,AX,-0.156380007230898,L1,0.109757388257971,L2,-0.1484...
setting magnet DAC
current  : 5.892861
requested: 5.893895
Delta Dac: 0.001034
Checking detector protection. dv=0.00103
Checking detector "CDD". Protection Threshold: 0.1 (V)
SetMagnetDAC 5.89389537953 ===>> OK
Magnet settling time: 1.049
GetData ===>> H2,-0.157706918836393,H1,0.0302409401477412,AX,-0.0807423275514333,L1,0.0799763217770981,L2,0.025...
result of _do_sweep=True
result of _calculate_peak_center=([5.8714705298331094, 5.879161774391191, 5.8868530189492727], [579.4825709994052, 794.15486940730398, 583.76414112749956], 5.8773042662715032, 794.15486940730398)
Failed to find a valid peak. No peak greater than 1.0. max = 0.0386263436873
new center pos Detector(H1) (Ar40) @ 5.87916177439
GetHighVoltage ===>> 4499.94659342336
GetDeflection H1 ===>> 0
dac uncorrected for HV and deflection 5.87919639643
update mftable H1 Ar40 5.87919639643 message=automated run peakcenter
get initial guess parabolic
get initial guess parabolic
get initial guess parabolic
get initial guess parabolic
get initial guess parabolic
get initial guess parabolic
dump mftable to /Users/jan/PychronDev/setupfiles/spectrometer/mftables/mftable.csv
add to repo msg=modified - automated run peakcenter
sweep finished
locally archiving mftable
setting magnet DAC
current  : 5.893895
requested: 5.879162
Delta Dac: 0.014734
Checking detector protection. dv=0.01473
Checking detector "CDD". Protection Threshold: 0.1 (V)
SetMagnetDAC 5.87916177439 ===>> OK
Magnet settling time: 0.500
setting integration time = 1.048576
SetIntegrationTime 1.048576 ===>> OK
Failed to find a valid peak. No peak greater than 1.0. max = 0.0386788495722
flush and close file /Users/jan/PychronDev/data/isotopes/b9/4f8e19-35bb-4931-8bad-00598af0337a.h5
finished measure script
executed snippet estimated_duration=226.132928, duration=275.194650888
jan_unknown120_60.py completed successfully
Measurement Finished
02:02:05 -- ******* Measurement Finished *******
Post Measurement Started jan_pump_ms.py
02:02:05 -- ******* Post Measurement Started jan_pump_ms.py *******
testing...
no interpolation path defined
executed snippet estimated_duration=0, duration=2.78949737549e-05
Pumping spectrometer
open () {'name': 'O'}
opening name=O desc=---
checking ownership. requestor=129.138.12.150
check software interlocks O
interlocks []
actuate state mode=None-script, software_lock=False
doing actuation None-script open_channel True
Open O ===>> OK
GetIndicatorState O ===>> OK
change switch state (True, True)
update switch state O True args=() kw={} ncanvase=2
02:02:05 -- OPEN   VALVE-O (Jan Ion Pump)
---------------------------------------- open O () result=[(True, True)], time=0.11 sec
action=open, ok=True, locked=[False]
executed snippet estimated_duration=0, duration=0.369796991348
jan_pump_ms.py completed successfully
setting _ms_pumptime
Post Measurement Finished
02:02:05 -- ******* Post Measurement Finished *******
$$$$$$$$$$$$$$$$$$$$ state at run end measurement
state changed from measurement to success
post measurement save measured=True aborted=False
Set filtering
setting fod for Ar40= {'filter_outliers': True, 'std_devs': 2, 'iterations': 1}
setting fod for H1= {'filter_outliers': True, 'std_devs': 2, 'iterations': 1}
setting fod for PM41= {'filter_outliers': False, 'std_devs': 2, 'iterations': 1}
setting fod for H2= {'filter_outliers': True, 'std_devs': 2, 'iterations': 1}
setting fod for Ar36= {'filter_outliers': True, 'std_devs': 2, 'iterations': 1}
setting fod for CDD= {'filter_outliers': True, 'std_devs': 10, 'iterations': 1}
setting fod for Ar37= {'filter_outliers': True, 'std_devs': 2, 'iterations': 1}
setting fod for L2= {'filter_outliers': True, 'std_devs': 2, 'iterations': 1}
setting fod for Ar38= {'filter_outliers': True, 'std_devs': 2, 'iterations': 1}
setting fod for L1= {'filter_outliers': True, 'std_devs': 2, 'iterations': 1}
setting fod for Ar39= {'filter_outliers': True, 'std_devs': 2, 'iterations': 1}
setting fod for AX= {'filter_outliers': True, 'std_devs': 2, 'iterations': 1}
persistence save...
persistence save - db
post measurement save
6594425776 connecting to database sqlite:////Users/jan/PychronDev/.appdata/local_lab.db
connected to db sqlite:////Users/jan/PychronDev/.appdata/local_lab.db
create new session 6594425776
close session 6594425776
No database instance. Not saving post measurement to isotopedb database
$$$$$$$$$$$$$$$ auto_save_detector_ic=False
massspec enabled True
create new session 4985539184
MassSpec Database Version: 16.0
close session 4985539184
saving post measurement to secondary database
saving to massspec database 129.138.12.160/massspecdata
setting labnumber to 65580
setting aliquot to 5
setting step to C
setting uuid to b94f8e19-35bb-4931-8bad-00598af0337a
setting irradpos to 65580
setting extract_device to Fusions CO2
setting tray to 
setting position to 193
setting power_requested to 5.0
setting extract_value to 5.0
setting duration to 30.0
setting duration_at_request to 30.0
setting first_stage_delay to 30.0
setting cleanup to 30.0
setting comment to O:3 with inclusions
setting irradiation to NM-289
setting level to O
setting irradiation_level to O
setting sample to Bw-2014-12 W
setting material to Sanidine
setting project to Bustos Wells
setting mass_spectrometer to Jan
no attribute chron_dosages
no attribute production_ratios
no attribute interference_corrections
no attribute production_name
no attribute j
Reference Isotope=Ar40
Reference Detector=H1
%%%%%%%%%%%%%%%%%%%% Comment: O:3 with inclusions %%%%%%%%%%%%%%%%%%%
adding isotope PM41 H2
add baseline dbdet= PM41. original det= H2
get baseline data PM41 H2
Get data baseline <pychron.processing.isotope.Baseline object at 0x161795410> len t=60
baseline PM41. v=-0.214405205573, e=0.00575601146414
get signal data PM41 H2
Get data signal PM41 0.08+/-0.07 len t=120
adding isotope Ar40 H1
add baseline dbdet= Ar40. original det= H1
get baseline data Ar40 H1
Get data baseline <pychron.processing.isotope.Baseline object at 0x161795a10> len t=60
baseline Ar40. v=-0.0164406219293, e=0.00647850319066
get signal data Ar40 H1
Get data signal Ar40 873.33+/-0.06 len t=120
adding isotope Ar39 AX
add baseline dbdet= Ar39. original det= AX
get baseline data Ar39 AX
Get data baseline <pychron.processing.isotope.Baseline object at 0x1617954d0> len t=60
baseline Ar39. v=-0.0991950107678, e=0.00599986156175
get signal data Ar39 AX
Get data signal Ar39 216.492+/-0.021 len t=120
adding isotope Ar38 L1
add baseline dbdet= Ar38. original det= L1
get baseline data Ar38 L1
Get data baseline <pychron.processing.isotope.Baseline object at 0x1617950d0> len t=60
baseline Ar38. v=-0.0238138191057, e=0.0025733210059
get signal data Ar38 L1
Get data signal Ar38 2.801+/-0.005 len t=120
adding isotope Ar37 L2
add baseline dbdet= Ar37. original det= L2
get baseline data Ar37 L2
Get data baseline <pychron.processing.isotope.Baseline object at 0x161795e50> len t=60
baseline Ar37. v=-0.02907854759, e=0.00631607736368
get signal data Ar37 L2
Get data signal Ar37 0.919+/-0.011 len t=120
adding isotope Ar36 CDD
add baseline dbdet= Ar36. original det= CDD
get baseline data Ar36 CDD
Get data baseline <pychron.processing.isotope.Baseline object at 0x18eb2be90> len t=60
baseline Ar36. v=0.000186081766747, e=2.46738539404e-05
get signal data Ar36 CDD
Get data signal Ar36 0.0287+/-0.0004 len t=120
65580-05C added analysis time 0.488455057144s
analysis added to mass spec database
mass spec save time= 0.497
persistence save - dvc
================= post measurement started
create new session 4989601072
close session 4989601072
---------------- Experiment Queue saving disabled
DVC saving peakcenter
Failed to find a valid peak. No peak greater than 1.0. max = 0.0386788495722
Smart pull ahead: 0 behind: 0
Up-to-date with origin
add to repo msg=modified - ad8224ebc6dbfeb9f5997218dfa5fe690569839d.json
add to repo msg=modified - 80-05C.json
add to repo msg=modified - 80-05C.dat.json
add to repo msg=modified - 80-05C.blan.json
add to repo msg=modified - 80-05C.inte.json
add to repo msg=modified - 80-05C.icfa.json
add to repo msg=modified - 80-05C.base.json
not at valid file /Users/jan/PychronDev/data/.dvc/repositories/Load1789/655/tags/80-05C.tags.json
add to repo msg=modified - 80-05C.peak.json
add to repo msg=modified - 80-05C.extr.json
not at valid file /Users/jan/PychronDev/data/.dvc/repositories/Load1789/655/monitor/80-05C.moni.json
commit message=<COLLECTION>
add to repo msg=modified - 80-05C.inte.json
add to repo msg=modified - 80-05C.base.json
commit message=<ISOEVO> default collection fits
add to repo msg=modified - 80-05C.blan.json
commit message=<BLANKS> preceding ba-01-J-2309
add to repo msg=modified - 80-05C.icfa.json
commit message=<ICFactor> default
push repository <pychron.git_archive.repo_manager.GitRepoManager object at 0x17b1356b0>
pushing to remote=origin, url=https://github.com
no changes to meta repo
create new session 4989601072
add association Load1789
get identifier "65580"
setting analysis irradiation position=<pychron.dvc.dvc_orm.IrradiationPositionTbl object at 0x16ae5cbd0>
close session 4989601072
================= post measurement finished
02:02:19 -- ******* Post Run Check *******
loading queue conditionals post_run_actions
loading system conditionals post_run_actions
loading conditionals from /Users/jan/PychronDev/setupfiles/spectrometer/default_conditionals.yaml
loading queue conditionals post_run_terminations
loading system conditionals post_run_terminations
loading conditionals from /Users/jan/PychronDev/setupfiles/spectrometer/default_conditionals.yaml
Checking default post run terminations n=1
GetDeflection CDD ===>> 50
testing CDD==2000
evaluate ot="CDD.deflection==2000" t="CDD==2000", ctx="{'CDD': 50.0}"
02:02:19 -- ******* Post Run Check Passed *******
02:02:19 -- Automated run 65580-05C success duration: 365.897 s
----------------- finish -----------------
----------------- stop -----------------
retroactive repository identifiers disabled
finish run. runs completed=119
update duration runid=65580-05C, duration=365.897405863, md5=301e91d8
loading script "jan_unknown120_60.py"
loading script "jan_pump_ms.py"
loading script "jan_co2.py"
loading script "jan_pump_extraction_line.py"
testing...
no interpolation path defined
executed snippet estimated_duration=213.652928, duration=0.000443935394287
script duration name:unknown120_60 seconds:214.0
loading script "jan_unknown120_60.py"
loading script "jan_pump_ms.py"
loading script "jan_co2.py"
loading script "jan_pump_extraction_line.py"
testing...
no interpolation path defined
executed snippet estimated_duration=0, duration=3.19480895996e-05
loading script "jan_unknown120_60.py"
loading script "jan_pump_ms.py"
loading script "jan_co2.py"
loading script "jan_pump_extraction_line.py"
testing...
no interpolation path defined
calculate duration
testing...
no interpolation path defined
executed snippet estimated_duration=0, duration=5.69820404053e-05
calculate duration
testing...
no interpolation path defined
executed snippet estimated_duration=0, duration=9.70363616943e-05
executed snippet estimated_duration=0.0, duration=0.00351715087891
script duration name:co2 seconds:0.0
loading script "jan_unknown120_60.py"
loading script "jan_pump_ms.py"
loading script "jan_co2.py"
loading script "jan_pump_extraction_line.py"
testing...
no interpolation path defined
calculate duration
testing...
no interpolation path defined
executed snippet estimated_duration=4.0, duration=0.000144004821777
executed snippet estimated_duration=4.0, duration=0.00450491905212
Script duration 214.0
Run total estimated duration= 215.000
unknown120_60 in script context. using previous estimated duration
script duration name:unknown120_60 seconds:214.0
pump_ms in script context. using previous estimated duration
co2 in script context. using previous estimated duration
script duration name:co2 seconds:0.0
pump_extraction_line in script context. using previous estimated duration
Script duration 214.0
Run total estimated duration= 215.000
script duration name:unknown120_60 seconds:214.0
script duration name:co2 seconds:0.0
Script duration 214.0
Run total estimated duration= 215.000
script duration name:unknown120_60 seconds:214.0
script duration name:co2 seconds:0.0
Script duration 214.0
Run total estimated duration= 215.000
loading script "jan_unknown400_120.py"
loading script "jan_pump_ms.py"
loading script "jan_cocktail_x1.py"
loading script "jan_pump_extraction_line.py"
testing...
no interpolation path defined
executed snippet estimated_duration=556.052928, duration=0.000174045562744
script duration name:unknown400_120 seconds:556.0
loading script "jan_unknown400_120.py"
loading script "jan_pump_ms.py"
loading script "jan_cocktail_x1.py"
loading script "jan_pump_extraction_line.py"
testing...
no interpolation path defined
calculate duration
testing...
no interpolation path defined
executed snippet estimated_duration=0, duration=4.79221343994e-05
calculate duration
testing...
no interpolation path defined
executed snippet estimated_duration=0, duration=0.000180959701538
calculate duration
testing...
no interpolation path defined
executed snippet estimated_duration=32.0, duration=0.000132083892822
calculate duration
testing...
no interpolation path defined
executed snippet estimated_duration=34.0, duration=9.98973846436e-05
calculate duration
testing...
no interpolation path defined
executed snippet estimated_duration=4.0, duration=0.000109910964966
calculate duration
testing...
no interpolation path defined
executed snippet estimated_duration=38.0, duration=0.000152111053467
executed snippet estimated_duration=108.0, duration=0.0312600135803
script duration name:cocktail_x1 seconds:108.0
Script duration 664.0
Run total estimated duration= 665.000
unknown400_120 in script context. using previous estimated duration
script duration name:unknown400_120 seconds:556.0
cocktail_x1 in script context. using previous estimated duration
script duration name:cocktail_x1 seconds:108.0
Script duration 664.0
Run total estimated duration= 665.000
script duration name:unknown120_60 seconds:214.0
script duration name:co2 seconds:0.0
Script duration 214.0
Run total estimated duration= 215.000
script duration name:unknown120_60 seconds:214.0
script duration name:co2 seconds:0.0
Script duration 214.0
Run total estimated duration= 215.000
script duration name:unknown120_60 seconds:214.0
script duration name:co2 seconds:0.0
Script duration 214.0
Run total estimated duration= 215.000
script duration name:unknown400_120 seconds:556.0
script duration name:co2 seconds:0.0
Script duration 556.0
Run total estimated duration= 557.000
script duration name:unknown120_60 seconds:214.0
script duration name:co2 seconds:0.0
Script duration 214.0
Run total estimated duration= 215.000
script duration name:unknown120_60 seconds:214.0
script duration name:co2 seconds:0.0
Script duration 214.0
Run total estimated duration= 215.000
script duration name:unknown120_60 seconds:214.0
script duration name:co2 seconds:0.0
Script duration 214.0
Run total estimated duration= 215.000
script duration name:unknown120_60 seconds:214.0
script duration name:co2 seconds:0.0
Script duration 214.0
Run total estimated duration= 215.000
script duration name:unknown120_60 seconds:214.0
script duration name:co2 seconds:0.0
Script duration 214.0
Run total estimated duration= 215.000
script duration name:unknown120_60 seconds:214.0
script duration name:co2 seconds:0.0
Script duration 214.0
Run total estimated duration= 215.000
script duration name:unknown120_60 seconds:214.0
script duration name:co2 seconds:0.0
Script duration 214.0
Run total estimated duration= 215.000
script duration name:unknown120_60 seconds:214.0
script duration name:co2 seconds:0.0
Script duration 214.0
Run total estimated duration= 215.000
script duration name:unknown120_60 seconds:214.0
script duration name:co2 seconds:0.0
Script duration 214.0
Run total estimated duration= 215.000
script duration name:unknown120_60 seconds:214.0
script duration name:co2 seconds:0.0
Script duration 214.0
Run total estimated duration= 215.000
script duration name:unknown120_60 seconds:214.0
script duration name:co2 seconds:0.0
Script duration 214.0
Run total estimated duration= 215.000
script duration name:unknown120_60 seconds:214.0
script duration name:co2 seconds:0.0
Script duration 214.0
Run total estimated duration= 215.000
script duration name:unknown400_120 seconds:556.0
script duration name:co2 seconds:0.0
Script duration 556.0
Run total estimated duration= 557.000
script duration name:unknown400_120 seconds:556.0
loading script "jan_unknown400_120.py"
loading script "jan_pump_ms.py"
loading script "jan_sniffair_x2.py"
loading script "jan_pump_extraction_line.py"
testing...
no interpolation path defined
calculate duration
testing...
no interpolation path defined
executed snippet estimated_duration=0, duration=7.70092010498e-05
calculate duration
testing...
no interpolation path defined
executed snippet estimated_duration=0, duration=0.000118017196655
calculate duration
testing...
no interpolation path defined
executed snippet estimated_duration=32.0, duration=0.000126838684082
calculate duration
testing...
no interpolation path defined
executed snippet estimated_duration=34.0, duration=0.000159025192261
calculate duration
testing...
no interpolation path defined
executed snippet estimated_duration=4.0, duration=6.69956207275e-05
calculate duration
testing...
no interpolation path defined
executed snippet estimated_duration=36.0, duration=9.41753387451e-05
calculate duration
testing...
no interpolation path defined
executed snippet estimated_duration=34.0, duration=0.000138998031616
calculate duration
testing...
no interpolation path defined
executed snippet estimated_duration=4.0, duration=6.79492950439e-05
calculate duration
testing...
no interpolation path defined
executed snippet estimated_duration=36.0, duration=8.89301300049e-05
calculate duration
testing...
no interpolation path defined
executed snippet estimated_duration=70.0, duration=0.000113010406494
executed snippet estimated_duration=250.0, duration=0.0290548801422
script duration name:sniffair_x2 seconds:250.0
Script duration 806.0
Run total estimated duration= 807.000
script duration name:unknown400_120 seconds:556.0
script duration name:cocktail_x1 seconds:108.0
Script duration 664.0
Run total estimated duration= 665.000
script duration name:unknown400_120 seconds:556.0
sniffair_x2 in script context. using previous estimated duration
script duration name:sniffair_x2 seconds:250.0
Script duration 806.0
Run total estimated duration= 807.000
script duration name:unknown400_120 seconds:556.0
script duration name:cocktail_x1 seconds:108.0
Script duration 664.0
Run total estimated duration= 665.000
loading script "jan_ic_peak_hop3.py"
loading script "jan_pump_ms.py"
loading script "jan_air_x1.py"
loading script "jan_pump_extraction_line.py"
testing...
no interpolation path defined
executed snippet estimated_duration=133.8, duration=0.00773406028748
script duration name:ic_peak_hop3 seconds:134.0
loading script "jan_ic_peak_hop3.py"
loading script "jan_pump_ms.py"
loading script "jan_air_x1.py"
loading script "jan_pump_extraction_line.py"
testing...
no interpolation path defined
calculate duration
testing...
no interpolation path defined
executed snippet estimated_duration=0, duration=5.00679016113e-05
calculate duration
testing...
no interpolation path defined
executed snippet estimated_duration=0, duration=8.20159912109e-05
calculate duration
testing...
no interpolation path defined
executed snippet estimated_duration=32.0, duration=9.3936920166e-05
calculate duration
testing...
no interpolation path defined
executed snippet estimated_duration=34.0, duration=0.0001220703125
calculate duration
testing...
no interpolation path defined
executed snippet estimated_duration=4.0, duration=6.31809234619e-05
calculate duration
testing...
no interpolation path defined
executed snippet estimated_duration=36.0, duration=8.98838043213e-05
executed snippet estimated_duration=106.0, duration=0.00740694999695
script duration name:air_x1 seconds:106.0
Script duration 240.0
Run total estimated duration= 241.000
script duration name:unknown120_60 seconds:214.0
script duration name:co2 seconds:0.0
Script duration 214.0
Run total estimated duration= 215.000
script duration name:unknown120_60 seconds:214.0
script duration name:co2 seconds:0.0
Script duration 214.0
Run total estimated duration= 215.000
script duration name:unknown120_60 seconds:214.0
script duration name:co2 seconds:0.0
Script duration 214.0
Run total estimated duration= 215.000
script duration name:unknown120_60 seconds:214.0
script duration name:co2 seconds:0.0
Script duration 214.0
Run total estimated duration= 215.000
script duration name:unknown120_60 seconds:214.0
script duration name:co2 seconds:0.0
Script duration 214.0
Run total estimated duration= 215.000
script duration name:unknown120_60 seconds:214.0
script duration name:co2 seconds:0.0
Script duration 214.0
Run total estimated duration= 215.000
script duration name:unknown120_60 seconds:214.0
script duration name:co2 seconds:0.0
Script duration 214.0
Run total estimated duration= 215.000
script duration name:unknown120_60 seconds:214.0
script duration name:co2 seconds:0.0
Script duration 214.0
Run total estimated duration= 215.000
script duration name:unknown120_60 seconds:214.0
script duration name:co2 seconds:0.0
Script duration 214.0
Run total estimated duration= 215.000
script duration name:unknown120_60 seconds:214.0
script duration name:co2 seconds:0.0
Script duration 214.0
Run total estimated duration= 215.000
script duration name:unknown120_60 seconds:214.0
script duration name:co2 seconds:0.0
Script duration 214.0
Run total estimated duration= 215.000
script duration name:unknown120_60 seconds:214.0
script duration name:co2 seconds:0.0
Script duration 214.0
Run total estimated duration= 215.000
script duration name:unknown400_120 seconds:556.0
script duration name:co2 seconds:0.0
Script duration 556.0
Run total estimated duration= 557.000
script duration name:unknown120_60 seconds:214.0
script duration name:co2 seconds:0.0
Script duration 214.0
Run total estimated duration= 215.000
script duration name:unknown120_60 seconds:214.0
script duration name:co2 seconds:0.0
Script duration 214.0
Run total estimated duration= 215.000
script duration name:unknown120_60 seconds:214.0
script duration name:co2 seconds:0.0
Script duration 214.0
Run total estimated duration= 215.000
script duration name:unknown400_120 seconds:556.0
script duration name:cocktail_x1 seconds:108.0
Script duration 664.0
Run total estimated duration= 665.000
script duration name:unknown400_120 seconds:556.0
script duration name:cocktail_x1 seconds:108.0
Script duration 664.0
Run total estimated duration= 665.000
script duration name:unknown120_60 seconds:214.0
script duration name:co2 seconds:0.0
Script duration 214.0
Run total estimated duration= 215.000
script duration name:unknown120_60 seconds:214.0
script duration name:co2 seconds:0.0
Script duration 214.0
Run total estimated duration= 215.000
script duration name:unknown400_120 seconds:556.0
script duration name:co2 seconds:0.0
Script duration 556.0
Run total estimated duration= 557.000
nruns=49 before=5.0, run_dur=15813.0, btw=2160.0
write rem/ex queues
/Users/jan/PychronDev/experiments/rem/CurrentExperiment.rem.txt
/Users/jan/PychronDev/experiments/rem/CurrentExperiment.ex.txt
doing event level: 3
