do run
loading script "jan_unknown120_60.py"
loading script "jan_pump_ms.py"
loading script "jan_co2.py"
loading script "jan_pump_extraction_line.py"
testing...
no interpolation path defined
executed snippet estimated_duration=213.652928, duration=0.000221014022827
script duration name:unknown120_60 seconds:214.0
loading script "jan_unknown120_60.py"
loading script "jan_pump_ms.py"
loading script "jan_co2.py"
loading script "jan_pump_extraction_line.py"
testing...
no interpolation path defined
executed snippet estimated_duration=0, duration=2.59876251221e-05
loading script "jan_unknown120_60.py"
loading script "jan_pump_ms.py"
loading script "jan_co2.py"
loading script "jan_pump_extraction_line.py"
testing...
no interpolation path defined
calculate duration
testing...
no interpolation path defined
executed snippet estimated_duration=0, duration=6.19888305664e-05
calculate duration
testing...
no interpolation path defined
executed snippet estimated_duration=0, duration=9.70363616943e-05
executed snippet estimated_duration=0.0, duration=0.00251793861389
script duration name:co2 seconds:0.0
loading script "jan_unknown120_60.py"
loading script "jan_pump_ms.py"
loading script "jan_co2.py"
loading script "jan_pump_extraction_line.py"
testing...
no interpolation path defined
calculate duration
testing...
no interpolation path defined
executed snippet estimated_duration=4.0, duration=0.000148057937622
executed snippet estimated_duration=4.0, duration=0.00126099586487
Script duration 214.0
Run total estimated duration= 215.000
run duration: 0:03:35
doing event level: 2
00:22:07 -- Setting default integration. t=1.048576
setting integration time = 1.048576
SetIntegrationTime 1.048576 ===>> OK
----------------- start -----------------
**************** Experiment Type: Ar/Ar, Ar/Ar
create new session 4436069840
close session 4436069840
$$$$$ Clearing conditionals
adding conditionals 
Add queue conditionals
add default conditionals
adding default conditionals from /Users/jan/PychronDev/setupfiles/spectrometer/default_conditionals.yaml
Start automated run 65580-03C
loading script "jan_unknown120_60.py"
loading script "jan_pump_ms.py"
loading script "jan_co2.py"
loading script "jan_pump_extraction_line.py"
%%%%%%%%%%%%%%%%%% setting automated run 65580-03C
No value "sensitivity_multiplier" in metadata
$$$$$$$$$$$$$$$ auto_save_detector_ic=False
============================= Pre Extraction Check =============================
loading queue conditionals pre_run_terminations
loading system conditionals pre_run_terminations
loading conditionals from /Users/jan/PychronDev/setupfiles/spectrometer/default_conditionals.yaml
00:22:07 -- ******* Pre Extraction Check *******
Get a measurement from the spectrometer
GetData ===>> H2,-0.140798541197164,H1,-0.082049527048622,AX,-0.0526412992150353,L1,0.00655871599481523,L2,0.09...
Pre Extraction Termination data. keys=H2,H1,AX,L1,L2,CDD, signals=-0.14080,-0.08205,-0.05264,0.00656,0.09449,0.00417
00:22:07 -- testing system defined conditionals
Checking default pre extraction terminations n=2
testing CDD
evaluate ot="CDD.inactive" t="CDD", ctx="{'CDD': False}"
GetDeflection CDD ===>> 50
testing CDD==2000
evaluate ot="CDD.deflection==2000" t="CDD==2000", ctx="{'CDD': 50.0}"
00:22:07 -- ******* Pre Extraction Check Passed *******
=================================================================================
00:22:07 -- stopping status monitor
stop 4982387056
Alive clients [4989850544]
00:22:07 -- starting status monitor
start 4982387056
Monitor already running
start extraction
do extraction
Analysis started at 00:22:07.158108
Extraction Started jan_co2.py
00:22:07 -- ******* Extraction Started jan_co2.py *******
state changed from not run to extraction
DO EXTRACTION <pychron.extraction_line.pyscript_runner.RemotePyScriptRunner object at 0x12c299590>
testing...
no interpolation path defined
calculate duration
testing...
no interpolation path defined
executed snippet estimated_duration=0, duration=4.98294830322e-05
calculate duration
testing...
no interpolation path defined
executed snippet estimated_duration=0, duration=9.70363616943e-05
executed snippet estimated_duration=100.0, duration=0.00296497344971
Jan CO2 laser analysis
doing GOSUB
testing...
no interpolation path defined
executed snippet estimated_duration=0, duration=4.50611114502e-05
Waiting for CO2 access
wait ('FelixCO2Flag', 0) {}
waiting for FelixCO2Flag = 0
Read FelixCO2Flag ===>> 0
finished waiting
CO2 free
wait ('CO2PumpTimeFlag', 0) {}
waiting for CO2PumpTimeFlag = 0
Read CO2PumpTimeFlag ===>> 0
finished waiting
acquire ('JanCO2Flag',) {'clear': True}
acquire JanCO2Flag
Set JanCO2Flag 1 ===>> OK
JanCO2Flag acquired
set extraction state False (0.75, 'red', 1.5)
CO2 acquired
executed snippet estimated_duration=0, duration=0.0201601982117
WaitForCO2Access.py completed successfully
gosub finished
doing GOSUB
testing...
no interpolation path defined
executed snippet estimated_duration=0, duration=9.60826873779e-05
Prepare for CO2 analysis
close () {'description': 'Jan Inlet'}
closing name=--- desc=Jan Inlet
checking ownership. requestor=129.138.12.150
check software interlocks R
interlocks []
actuate state mode=None-script, software_lock=False
doing actuation None-script close_channel False
Close R ===>> OK
GetIndicatorState R ===>> False
change switch state (True, True)
update switch state R False args=() kw={} ncanvase=2
00:22:07 -- CLOSE  VALVE-R (Jan Inlet)
---------------------------------------- close None (Jan Inlet) result=[(True, True)]
action=close, ok=True, locked=[False]
open () {'description': 'Jan Ion Pump'}
opening name=--- desc=Jan Ion Pump
checking ownership. requestor=129.138.12.150
check software interlocks O
interlocks []
actuate state mode=None-script, software_lock=False
doing actuation None-script open_channel False
Open O ===>> OK
GetIndicatorState O ===>> OK
change switch state (True, True)
update switch state O True args=() kw={} ncanvase=2
00:22:08 -- OPEN   VALVE-O (Jan Ion Pump)
---------------------------------------- open None (Jan Ion Pump) result=[(True, True)], time=0.13 sec
action=open, ok=True, locked=[False]
close () {'description': 'Microbone to Minibone'}
closing name=--- desc=Microbone to Minibone
checking ownership. requestor=129.138.12.150
check software interlocks L
interlocks []
actuate state mode=None-script, software_lock=False
doing actuation None-script close_channel False
Close L ===>> OK
GetIndicatorState L ===>> False
change switch state (True, True)
update switch state L False args=() kw={} ncanvase=2
00:22:08 -- CLOSE  VALVE-L (Microbone to Minibone)
---------------------------------------- close None (Microbone to Minibone) result=[(True, True)]
action=close, ok=True, locked=[False]
open () {'description': 'Microbone to Turbo'}
opening name=--- desc=Microbone to Turbo
checking ownership. requestor=129.138.12.150
check software interlocks U
interlocks []
actuate state mode=None-script, software_lock=False
doing actuation None-script open_channel False
Open U ===>> OK
GetIndicatorState U ===>> OK
change switch state (True, True)
update switch state U True args=() kw={} ncanvase=2
00:22:09 -- OPEN   VALVE-U (Microbone to Turbo)
---------------------------------------- open None (Microbone to Turbo) result=[(True, True)], time=0.15 sec
action=open, ok=True, locked=[False]
open () {'description': 'Microbone to Inlet Pipette'}
opening name=--- desc=Microbone to Inlet Pipette
checking ownership. requestor=129.138.12.150
check software interlocks S
interlocks []
actuate state mode=None-script, software_lock=False
doing actuation None-script open_channel False
Open S ===>> OK
GetIndicatorState S ===>> OK
change switch state (True, True)
update switch state S True args=() kw={} ncanvase=2
00:22:09 -- OPEN   VALVE-S (Microbone to Inlet Pipette)
---------------------------------------- open None (Microbone to Inlet Pipette) result=[(True, True)], time=0.42 sec
action=open, ok=True, locked=[False]
open () {'description': 'Microbone to Getter D-50'}
opening name=--- desc=Microbone to Getter D-50
checking ownership. requestor=129.138.12.150
check software interlocks K
interlocks []
actuate state mode=None-script, software_lock=False
doing actuation None-script open_channel False
Open K ===>> OK
GetIndicatorState K ===>> OK
change switch state (True, True)
update switch state K True args=() kw={} ncanvase=2
00:22:10 -- OPEN   VALVE-K (Microbone to Getter D-50)
---------------------------------------- open None (Microbone to Getter D-50) result=[(True, True)], time=0.43 sec
action=open, ok=True, locked=[False]
open () {'description': 'Microbone to Getter NP-10'}
opening name=--- desc=Microbone to Getter NP-10
checking ownership. requestor=129.138.12.150
check software interlocks M
interlocks []
actuate state mode=None-script, software_lock=False
doing actuation None-script open_channel False
Open M ===>> OK
GetIndicatorState M ===>> OK
change switch state (True, True)
update switch state M True args=() kw={} ncanvase=2
00:22:10 -- OPEN   VALVE-M (Microbone to Getter NP-10)
---------------------------------------- open None (Microbone to Getter NP-10) result=[(True, True)], time=0.18 sec
action=open, ok=True, locked=[False]
close () {'description': 'CO2 Laser to Felix'}
closing name=--- desc=CO2 Laser to Felix
checking ownership. requestor=129.138.12.150
check software interlocks F
interlocks []
actuate state mode=None-script, software_lock=True
VALVE-F(CO2 Laser to Felix) software locked
change switch state (True, False)
---------------------------------------- close None (CO2 Laser to Felix) result=[(True, False)]
action=close, ok=True, locked=[True]
open () {'description': 'CO2 Laser to Jan'}
opening name=--- desc=CO2 Laser to Jan
checking ownership. requestor=129.138.12.150
check software interlocks A
interlocks []
actuate state mode=None-script, software_lock=False
doing actuation None-script open_channel False
Open A ===>> OK
GetIndicatorState A ===>> OK
change switch state (True, True)
update switch state A True args=() kw={} ncanvase=2
00:22:11 -- OPEN   VALVE-A (CO2 Laser to Jan)
---------------------------------------- open None (CO2 Laser to Jan) result=[(True, True)], time=0.14 sec
action=open, ok=True, locked=[False]
open () {'description': 'Microbone to CO2 Laser'}
opening name=--- desc=Microbone to CO2 Laser
checking ownership. requestor=129.138.12.150
check software interlocks T
interlocks []
actuate state mode=None-script, software_lock=False
doing actuation None-script open_channel False
Open T ===>> OK
GetIndicatorState T ===>> OK
change switch state (True, True)
update switch state T True args=() kw={} ncanvase=2
00:22:12 -- OPEN   VALVE-T (Microbone to CO2 Laser)
---------------------------------------- open None (Microbone to CO2 Laser) result=[(True, True)], time=0.45 sec
action=open, ok=True, locked=[False]
executed snippet estimated_duration=0, duration=5.11678004265
PrepareForCO2Analysis.py completed successfully
gosub finished
set_motor ('beam', '1.25') {}
setting motor "beam" to 1.25
set motor beam to 1.25
SetMotor beam,1.25 ===>> OK
GetMotorMoving beam ===>> False
GetMotorMoving beam ===>> False
Block completed
move_to_position ('191',) {'autocenter': True}
FusionsCO2 move to position 191
sending GoToHole 191,True
GoToHole 191,True ===>> OK
GetDriveMoving ===>> False
GetDriveMoving ===>> OK
GetDriveMoving ===>> OK
GetDriveMoving ===>> OK
GetDriveMoving ===>> OK
GetDriveMoving ===>> OK
GetDriveMoving ===>> False
Block completed
GetAutoCorrecting ===>> False
GetAutoCorrecting ===>> False
Block completed
update position
GetPosition ===>> 1.99390,-9.96950,1.00000
got position (1.9939, -9.9695, 1.0)
move to position succeeded
sleep (5,) {}
SLEEP 5.0
block started
WaitControl setup for 5.0  
Join finished
block finished. duration 5.04687786102
close () {'description': 'Microbone to Turbo'}
closing name=--- desc=Microbone to Turbo
checking ownership. requestor=129.138.12.150
check software interlocks U
interlocks []
actuate state mode=None-script, software_lock=False
doing actuation None-script close_channel True
Close U ===>> OK
GetIndicatorState U ===>> False
change switch state (True, True)
update switch state U False args=() kw={} ncanvase=2
00:22:21 -- CLOSE  VALVE-U (Microbone to Turbo)
---------------------------------------- close None (Microbone to Turbo) result=[(True, True)]
action=close, ok=True, locked=[False]
enable laser
enable () {}
set extraction state FusionsCO2 Enabled (False, 'red', 1.5)
enabling laser
Enable ===>> OK
begin interval
BEGIN INTERVAL Interval 1 waiting for 30.0
block started
set extract to 5.0
WaitControl setup for 30.0  
extract (5.0,) {}
GetPosition ===>> 1.99390,-9.96950,1.00000
set extraction state FusionsCO2 ON! 5.0(watts) (0.75, 'red', 1.5)
extract sample to 5.0 (watts)
set laser output
SetLaserOutput 5.0,watts ===>> OK
executing pattern triangle.lp
execute_pattern ('triangle.lp',) {}
executing pattern triangle.lp
IsPatterning ===>> OK
IsPatterning ===>> OK
IsPatterning ===>> OK
IsPatterning ===>> OK
IsPatterning ===>> OK
IsPatterning ===>> OK
IsPatterning ===>> OK
IsPatterning ===>> OK
IsPatterning ===>> OK
IsPatterning ===>> OK
IsPatterning ===>> OK
IsPatterning ===>> OK
IsPatterning ===>> OK
IsPatterning ===>> OK
IsPatterning ===>> OK
IsPatterning ===>> OK
IsPatterning ===>> OK
IsPatterning ===>> OK
IsPatterning ===>> OK
IsPatterning ===>> OK
IsPatterning ===>> OK
IsPatterning ===>> OK
IsPatterning ===>> OK
IsPatterning ===>> OK
IsPatterning ===>> OK
IsPatterning ===>> OK
IsPatterning ===>> False
IsPatterning ===>> False
Block completed
COMPLETE INTERVAL waiting for Interval 1 to complete
Join finished
block finished. duration 30.1356499195
Interval 1 finished
end_extract () {}
ending extraction. set laser power to 0
set laser power 0
SetLaserPower 0 ===>> OK
disable () {}
%%%%%%%%%%%%%%%%%%%%%%%%%%%%%%%%%%% disable
set extraction state False (0.75, 'red', 1.5)
disabling laser
Disable ===>> OK
sleep (30.0,) {}
SLEEP 30.0
block started
WaitControl setup for 30.0  
Join finished
block finished. duration 30.1112909317
executed snippet estimated_duration=166.0, duration=75.6417930126
jan_co2.py completed successfully
GetAchievedOutput ===>> No Response
Requested Output= 0.000
Achieved Output=  0.000
GetResponseBlob ===>> No Response
GetOutputBlob ===>> No Response
persistence save...
persistence save - db
AutomatedRunPersister post_extraction_save deprecated
persistence save - dvc
no extraction position for 191
create new session 4989601072
close session 4989601072
Extraction Finished
00:23:22 -- ******* Extraction Finished *******
no overlap. not waiting for min ms pumptime
00:23:22 -- Sending spectrometer configuration
======== Sending configuration ========
SetDeflection CDD,50.0 ===>> OK
SetDeflection H2,0.0 ===>> OK
SetDeflection H1,0.0 ===>> OK
SetDeflection L2,825.0 ===>> OK
SetDeflection L1,400.0 ===>> OK
SetDeflection AX,190.0 ===>> OK
SetZFocus 74.64 ===>> OK
SetZSymmetry -50.72 ===>> OK
SetExtractionLens 26.13 ===>> OK
SetIonRepeller -3.81 ===>> OK
SetElectronEnergy 75.08 ===>> OK
SetYSymmetry -2.81 ===>> OK
SetIonCounterVoltage 1590.0 ===>> OK
send trap current 200.0
GetParameter Trap Current Readback ===>> 198.258926936459
SetParameter Trap Current Set,200.0 ===>> OK
updating mftable name mftable
Using mftable located at /Users/jan/PychronDev/setupfiles/spectrometer/mftables/mftable.csv
============ MFtable ===========
Isotope  H2     H1     AX     L1     L2     CDD    
Ar40     5.8067 5.8790 5.9925 6.1466 6.2308 6.3748
Ar39     5.7059 5.7713 5.8849 6.0327 6.1159 6.2613
Ar36     5.3834 5.4403 5.5483 5.6915 5.7709 5.9124
================================
get initial guess parabolic
get initial guess parabolic
get initial guess parabolic
get initial guess parabolic
get initial guess parabolic
get initial guess parabolic
======== Configuration Finished ========
GetYSymmetry ===>> -2.81
GetZSymmetry ===>> -50.72
GetParameter Trap Current Readback ===>> 198.147042666178
GetHighVoltage ===>> 4499.94659342336
start measurement
do measurement
L#=65580 analysis type=unknown
Measurement Started jan_unknown120_60.py
00:23:23 -- ******* Measurement Started jan_unknown120_60.py *******
state changed from extraction to measurement
setting spec, defl, and gains
GetExtractionLens ===>> 26.13
GetYSymmetry ===>> -2.81
GetZSymmetry ===>> -50.72
GetZFocus ===>> 74.64
GetDeflection H2 ===>> 0
GetDeflection H1 ===>> 0
GetDeflection AX ===>> 190
GetDeflection L1 ===>> 400
GetDeflection L2 ===>> 825
GetDeflection CDD ===>> 50
GetGain H2 ===>> 0.0113
GetGain H1 ===>> 0.1
GetGain AX ===>> 0.097049
GetGain L1 ===>> 0.010355
GetGain L2 ===>> 0.095649
GetGain CDD ===>> 0
pre measurement save
New frame /Users/jan/PychronDev/data/isotopes/e3/46d344-4003-42cc-b3de-bfef30a90591.h5
flush and close file /Users/jan/PychronDev/data/isotopes/e3/46d344-4003-42cc-b3de-bfef30a90591.h5
testing...
no interpolation path defined
executed snippet estimated_duration=226.132928, duration=0.000139951705933
unknown measurement script
activate_detectors ('H2', 'H1', 'AX', 'L1', 'L2', 'CDD') {}
activate detectors
*************** Set Analysis View Ar/Ar
create graphs
clearing graphs
clear isotope group
setting isotope det=H2, iso=PM41
setting isotope det=H1, iso=Ar40
setting isotope det=AX, iso=Ar39
setting isotope det=L1, iso=Ar38
setting isotope det=L2, iso=Ar37
setting isotope det=CDD, iso=Ar36
setting previous blanks
 - setting Ar40 blank 0.156+/-0.008
 - setting Ar36 blank 0.00426+/-0.00016
 - setting Ar37 blank 0.049+/-0.005
 - setting Ar38 blank 0.0133+/-0.0021
 - setting PM41 blank 0.03+/-0.06
 - setting Ar39 blank 0.005+/-0.009
load analysis view
position_magnet ('Ar40',) {'detector': 'H1'}
detector Detector(H1)
POSITION Ar40 H1
setting detector H2 to PM41 (40.9624)
setting detector H1 to Ar40 (39.9624)
setting detector AX to Ar39 (38.9624)
setting detector L1 to Ar38 (37.9624)
setting detector L2 to Ar37 (36.9624)
setting detector CDD to Ar36 (35.9624)
Mapping mass to dac mass func: "parabolic"
H1 map mass coeffs = [-0.00063987  0.15840543  0.57058999]
H1 map mass to dac 39.9624 >> 5.87898
GetDeflection H1 ===>> 0
GetHighVoltage ===>> 4499.94659342336
positioning Ar40 (5.87894537924) on H1
setting magnet DAC
current  : 5.878945
requested: 5.878945
Delta Dac: 0.000000
Checking detector protection. dv=0.00000
Checking detector "CDD". Protection Threshold: 0.1 (V)
SetMagnetDAC 5.87894537924 ===>> OK
Magnet settling time: 0.500
equilibrate () {'delay': 3, 'inlet': 'R', 'outlet': 'O', 'eqtime': 12.0}
Equilibration Started
00:23:24 -- ******* Equilibration Started *******
checking ownership. requestor=129.138.12.150
check software interlocks O
interlocks []
actuate state mode=None-script, software_lock=False
doing actuation None-script close_channel True
Close O ===>> OK
GetIndicatorState O ===>> False
change switch state (True, True)
update switch state O False args=() kw={} ncanvase=2
00:23:25 -- CLOSE  VALVE-O (Jan Ion Pump)
waiting 3s before opening inlet value ('R',)
update labels <pychron.experiment.plot_panel.PlotPanel object at 0x16f653290>
update labels "<pychron.graph.stacked_regression_graph.StackedRegressionGraph object at 0x19b7c0890>"
setting label 0 H2 PM41
setting label 1 H1 Ar40
setting label 2 AX Ar39
setting label 3 L1 Ar38
setting label 4 L2 Ar37
setting label 5 CDD Ar36
update labels "<pychron.graph.stacked_graph.StackedGraph object at 0x182123f50>"
setting label 0 H2 PM41
setting label 1 H1 Ar40
setting label 2 AX Ar39
setting label 3 L1 Ar38
setting label 4 L2 Ar37
setting label 5 CDD Ar36
checking ownership. requestor=129.138.12.150
check software interlocks R
interlocks []
actuate state mode=None-script, software_lock=False
doing actuation None-script open_channel True
Open R ===>> OK
GetIndicatorState R ===>> OK
change switch state (True, True)
update switch state R True args=() kw={} ncanvase=2
State checksums do not match. Local:-598318598 Remote:-1449001502
State checksum failed
00:23:28 -- OPEN   VALVE-R (Jan Inlet)
set_time_zero () {}
equilibrating for 12.0sec
sniff (12.0,) {}
py_sniff
build tables- sniff [Detector(H2), Detector(H1), Detector(AX), Detector(L1), Detector(L2), Detector(CDD)]
add group /sniff/PM41 (Group) '' table H2
add group /sniff/Ar40 (Group) '' table H1
add group /sniff/Ar39 (Group) '' table AX
add group /sniff/Ar38 (Group) '' table L1
add group /sniff/Ar37 (Group) '' table L2
add group /sniff/Ar36 (Group) '' table CDD
flush and close file /Users/jan/PychronDev/data/isotopes/e3/46d344-4003-42cc-b3de-bfef30a90591.h5
measuring sniff. ncounts=12.0
starting measurement
GetData ===>> H2,-0.0936635958872649,H1,0.0322097704141157,AX,-0.0511919749814741,L1,-0.0215510676415515,L2,0.0...
"sniff" increment series count="1" fit count="0" regressing="False"
GetData ===>> H2,0.236676097143305,H1,147.488786828021,AX,39.9545956113294,L1,0.142506037485883,L2,0.3742373077...
GetData ===>> H2,1.0092678760069,H1,627.650711541477,AX,163.146562338574,L1,1.04687596794301,L2,0.7414743498297...
GetData ===>> H2,0.439897451753688,H1,822.490467934055,AX,207.600674819866,L1,1.82189089582607,L2,0.82671501838...
GetData ===>> H2,0.148880105721296,H1,886.186281512277,AX,220.301019131373,L1,2.27600950852109,L2,0.84612232043...
GetData ===>> H2,-0.0157781739904372,H1,909.898119295738,AX,224.97620464387,L1,2.53184327727198,L2,0.8192094718...
GetData ===>> H2,-0.0662737607231169,H1,919.798865317002,AX,227.027706499549,L1,2.6924750182868,L2,0.9874239631...
GetData ===>> H2,-0.076377065639328,H1,923.96046179459,AX,227.804219733644,L1,2.79574468238628,L2,0.92230182295...
GetData ===>> H2,0.026183047572043,H1,925.825677328631,AX,228.093195602167,L1,2.80768255425196,L2,0.85567865309...
GetData ===>> H2,0.00554090265882763,H1,926.665584473322,AX,228.203765750163,L1,2.85040260390176,L2,0.831360513...
GetData ===>> H2,-0.106006670299595,H1,926.709237106142,AX,228.16148293318,L1,2.89830491146418,L2,0.85051697093...
GetData ===>> H2,-0.0935552283198774,H1,926.485557195818,AX,228.301897420645,L1,2.91715249468001,L2,0.925222437...
Equilibration Finished
00:23:40 -- ******* Equilibration Finished *******
checking ownership. requestor=129.138.12.150
check software interlocks R
interlocks []
actuate state mode=None-script, software_lock=False
doing actuation None-script close_channel True
Close R ===>> OK
GetIndicatorState R ===>> False
change switch state (True, True)
update switch state R False args=() kw={} ncanvase=2
00:23:41 -- CLOSE  VALVE-R (Jan Inlet)
Post Equilibration Started jan_pump_extraction_line.py
00:23:41 -- ******* Post Equilibration Started jan_pump_extraction_line.py *******
testing...
no interpolation path defined
calculate duration
testing...
no interpolation path defined
executed snippet estimated_duration=4.0, duration=0.000216007232666
executed snippet estimated_duration=4.0, duration=0.00144100189209
Pump after analysis
doing GOSUB
testing...
no interpolation path defined
executed snippet estimated_duration=4.0, duration=0.000217199325562
Pump Microbone
close () {'description': 'Jan Inlet'}
closing name=--- desc=Jan Inlet
checking ownership. requestor=129.138.12.150
check software interlocks R
interlocks []
actuate state mode=None-script, software_lock=False
doing actuation None-script close_channel False
Close R ===>> OK
measurement finished
estimated time: 12.583 actual time: :12.654
flush and close file /Users/jan/PychronDev/data/isotopes/e3/46d344-4003-42cc-b3de-bfef30a90591.h5
set_fits () {}
using default fits file=/Users/jan/PychronDev/scripts/measurement/fits/nominal_linear.yaml
set "Ar40" to "('Linear', 'SEM')"
No fit for "PM41". defaulting to linear. check the measurement script "jan_unknown120_60.py"
set "PM41" to "linear"
set "Ar36" to "('Linear', 'SEM')"
set "Ar37" to "('linear', 'SEM')"
set "Ar38" to "('linear', 'SEM')"
set "Ar39" to "('Linear', 'SEM')"
set_baseline_fits () {}
using default fits file=/Users/jan/PychronDev/scripts/measurement/fits/nominal_linear.yaml
set "H1" to "('average', 'SEM')"
set "H2" to "('average', 'SEM')"
set "CDD" to "('average', 'SEM')"
set "L2" to "('average', 'SEM')"
set "L1" to "('average', 'SEM')"
set "AX" to "('average', 'SEM')"
multicollect () {'integration_time': 1, 'ncounts': 120}
build tables- signal [Detector(H2), Detector(H1), Detector(AX), Detector(L1), Detector(L2), Detector(CDD)]
add group /signal/PM41 (Group) '' table H2
add group /signal/Ar40 (Group) '' table H1
add group /signal/Ar39 (Group) '' table AX
add group /signal/Ar38 (Group) '' table L1
add group /signal/Ar37 (Group) '' table L2
add group /signal/Ar36 (Group) '' table CDD
flush and close file /Users/jan/PychronDev/data/isotopes/e3/46d344-4003-42cc-b3de-bfef30a90591.h5
GetIndicatorState R ===>> False
measuring signal. ncounts=120
change switch state (True, True)
update switch state R False args=() kw={} ncanvase=2
00:23:41 -- CLOSE  VALVE-R (Jan Inlet)
---------------------------------------- close None (Jan Inlet) result=[(True, True)]
action=close, ok=True, locked=[False]
is_closed ('F',) {}
is F () closed?
is closed True
open () {'description': 'CO2 Laser to Jan'}
opening name=--- desc=CO2 Laser to Jan
checking ownership. requestor=129.138.12.150
check software interlocks A
interlocks []
actuate state mode=None-script, software_lock=False
doing actuation None-script open_channel False
Open A ===>> OK
GetIndicatorState A ===>> OK
change switch state (True, True)
update switch state A True args=() kw={} ncanvase=2
00:23:42 -- OPEN   VALVE-A (CO2 Laser to Jan)
---------------------------------------- open None (CO2 Laser to Jan) result=[(True, True)], time=0.14 sec
starting measurement
GetData ===>> H2,-0.1716494782099,H1,926.641019788262,AX,228.38283501583,L1,2.94399419226851,L2,0.8919097912764...
"signal" increment series count="2" fit count="1" regressing="True"
action=open, ok=True, locked=[False]
sleep (1,) {}
SLEEP 1.0
GetData ===>> H2,-0.0592068548555238,H1,927.084074490192,AX,228.591259050647,L1,2.91394539257061,L2,0.828888990...
close () {'description': 'CO2 Laser to Roughing'}
closing name=--- desc=CO2 Laser to Roughing
checking ownership. requestor=129.138.12.150
check software interlocks G
interlocks []
actuate state mode=None-script, software_lock=True
VALVE-G(CO2 Laser to Roughing) software locked
change switch state (True, False)
---------------------------------------- close None (CO2 Laser to Roughing) result=[(True, False)]
action=close, ok=True, locked=[True]
open () {'description': 'Microbone to Turbo'}
opening name=--- desc=Microbone to Turbo
checking ownership. requestor=129.138.12.150
check software interlocks U
interlocks []
actuate state mode=None-script, software_lock=False
doing actuation None-script open_channel True
Open U ===>> OK
GetIndicatorState U ===>> OK
change switch state (True, True)
update switch state U True args=() kw={} ncanvase=2
00:23:43 -- OPEN   VALVE-U (Microbone to Turbo)
---------------------------------------- open None (Microbone to Turbo) result=[(True, True)], time=0.18 sec
action=open, ok=True, locked=[False]
open () {'description': 'Microbone to Getter NP-10'}
opening name=--- desc=Microbone to Getter NP-10
checking ownership. requestor=129.138.12.150
check software interlocks M
interlocks []
actuate state mode=None-script, software_lock=False
doing actuation None-script open_channel False
Open M ===>> OK
GetIndicatorState M ===>> OK
change switch state (True, True)
update switch state M True args=() kw={} ncanvase=2
00:23:43 -- OPEN   VALVE-M (Microbone to Getter NP-10)
---------------------------------------- open None (Microbone to Getter NP-10) result=[(True, True)], time=0.14 sec
action=open, ok=True, locked=[False]
open () {'description': 'Microbone to Getter D-50'}
opening name=--- desc=Microbone to Getter D-50
checking ownership. requestor=129.138.12.150
check software interlocks K
interlocks []
actuate state mode=None-script, software_lock=False
doing actuation None-script open_channel False
GetData ===>> H2,0.014041292460696,H1,926.629602069224,AX,228.391659111089,L1,2.90578258648877,L2,0.87045564455...
Open K ===>> OK
GetIndicatorState K ===>> OK
change switch state (True, True)
update switch state K True args=() kw={} ncanvase=2
00:23:44 -- OPEN   VALVE-K (Microbone to Getter D-50)
---------------------------------------- open None (Microbone to Getter D-50) result=[(True, True)], time=0.41 sec
action=open, ok=True, locked=[False]
open () {'description': 'Microbone to CO2 Laser'}
opening name=--- desc=Microbone to CO2 Laser
checking ownership. requestor=129.138.12.150
check software interlocks T
interlocks []
actuate state mode=None-script, software_lock=False
doing actuation None-script open_channel False
Open T ===>> OK
GetIndicatorState T ===>> OK
change switch state (True, True)
update switch state T True args=() kw={} ncanvase=2
00:23:45 -- OPEN   VALVE-T (Microbone to CO2 Laser)
---------------------------------------- open None (Microbone to CO2 Laser) result=[(True, True)], time=0.42 sec
GetData ===>> H2,0.00888561139957325,H1,926.181745978722,AX,228.144778763133,L1,2.93744907028594,L2,0.923435698...
action=open, ok=True, locked=[False]
open () {'description': 'Microbone to Inlet Pipette'}
opening name=--- desc=Microbone to Inlet Pipette
checking ownership. requestor=129.138.12.150
check software interlocks S
interlocks []
actuate state mode=None-script, software_lock=False
doing actuation None-script open_channel False
Open S ===>> OK
GetIndicatorState S ===>> OK
change switch state (True, True)
update switch state S True args=() kw={} ncanvase=2
00:23:46 -- OPEN   VALVE-S (Microbone to Inlet Pipette)
---------------------------------------- open None (Microbone to Inlet Pipette) result=[(True, True)], time=0.43 sec
action=open, ok=True, locked=[False]
sleep (1,) {}
SLEEP 1.0
testing H1>-5.0
evaluate ot="H1.bs>-5.0" t="H1>-5.0", ctx="{'H1': None}"
GetData ===>> H2,-0.0405790606390798,H1,925.662936486754,AX,227.940496179964,L1,2.9117016383918,L2,0.9307203060...
set_resource () {'name': 'CO2PumpTimeFlag', 'value': 30}
Set CO2PumpTimeFlag 30 ===>> OK
release ('JanCO2Flag',) {}
release JanCO2Flag
Set JanCO2Flag 0 ===>> OK
executed snippet estimated_duration=6.0, duration=5.93987393379
PumpMicrobone.py completed successfully
gosub finished
get_resource_value () {'name': 'JanMiniboneFlag'}
Read JanMiniboneFlag ===>> 0
Get Resource Value JanMiniboneFlag=0.0
get resource value 0.0
get_resource_value () {'name': 'JanMiniboneFlag'}
Read JanMiniboneFlag ===>> 0
Get Resource Value JanMiniboneFlag=0.0
executed snippet estimated_duration=4.0, duration=5.95301389694
jan_pump_extraction_line.py completed successfully
Post Equilibration Finished
00:23:47 -- ******* Post Equilibration Finished *******
GetData ===>> H2,-0.0536168839343731,H1,924.901301613608,AX,227.942560992113,L1,2.9388433280762,L2,0.7957959804...
GetData ===>> H2,-0.0780711449443434,H1,924.507847385804,AX,227.986405241596,L1,2.95772322814865,L2,0.862374374...
GetData ===>> H2,-0.10059697180883,H1,924.012287084867,AX,227.93384862911,L1,2.89185680956676,L2,0.868063243109...
GetData ===>> H2,-0.185118236568453,H1,923.890246671916,AX,227.904340442844,L1,2.9058595029619,L2,0.82980436186...
testing H1>-5.0
evaluate ot="H1.bs>-5.0" t="H1>-5.0", ctx="{'H1': None}"
GetData ===>> H2,-0.267682793148334,H1,924.143283747554,AX,227.546269232949,L1,2.89075252770945,L2,0.8543624550...
GetData ===>> H2,-0.20709166972676,H1,923.731146105089,AX,227.364292416836,L1,2.88075479058596,L2,0.84252892748...
GetData ===>> H2,0.00720157292794295,H1,923.218769306897,AX,227.37890212381,L1,2.8886214206549,L2,0.94453508834...
GetData ===>> H2,-0.0327053751255982,H1,922.839578717108,AX,227.251236928985,L1,2.94108494370471,L2,0.777822718...
GetData ===>> H2,-0.063045402664094,H1,922.461457239033,AX,227.323307578306,L1,2.92585118427185,L2,0.7685969869...
testing H1>-5.0
evaluate ot="H1.bs>-5.0" t="H1>-5.0", ctx="{'H1': None}"
GetData ===>> H2,-0.0477350247874701,H1,922.040791004289,AX,227.156671873389,L1,2.89211883484286,L2,0.887478899...
GetData ===>> H2,-0.122583947407969,H1,921.384512273857,AX,227.205733952211,L1,2.86545922736598,L2,0.7691921686...
GetData ===>> H2,-0.10022603497711,H1,920.992127220216,AX,226.851431302383,L1,2.86375376584551,L2,0.88612791951...
GetData ===>> H2,-0.166638989796519,H1,920.548904788497,AX,227.056629505129,L1,2.90128249320019,L2,0.8210514800...
GetData ===>> H2,-0.186128461249992,H1,920.15782214713,AX,227.003761956514,L1,2.89389280673241,L2,0.83011330167...
testing H1>-5.0
evaluate ot="H1.bs>-5.0" t="H1>-5.0", ctx="{'H1': None}"
GetData ===>> H2,-0.0645365415297263,H1,920.062338586967,AX,226.738603471962,L1,2.91431481625136,L2,0.808718707...
GetData ===>> H2,-0.0394716433775036,H1,919.929969788509,AX,226.610218287494,L1,2.93028518769896,L2,0.838672473...
GetData ===>> H2,-0.0521405975883431,H1,918.901238505173,AX,226.63144218991,L1,2.91102475303356,L2,0.8643316736...
GetData ===>> H2,-0.0933669372143623,H1,918.792753940202,AX,226.609088331824,L1,2.89855747497055,L2,0.967873521...
GetData ===>> H2,-0.143097275578006,H1,918.610696219341,AX,226.156890091063,L1,2.87456187021133,L2,0.8292208115...
testing H1>-5.0
evaluate ot="H1.bs>-5.0" t="H1>-5.0", ctx="{'H1': None}"
00:24:07 -- collecting point 25
GetData ===>> H2,-0.216120290062464,H1,918.317901799158,AX,226.381398809122,L1,2.88033917368897,L2,0.8126998004...
GetData ===>> H2,-0.321592585132694,H1,918.218174486062,AX,226.439111622549,L1,2.86428703813564,L2,0.9049632166...
GetData ===>> H2,-0.0995057872767763,H1,917.405111469965,AX,226.112355885517,L1,2.85219510156077,L2,0.816498008...
GetData ===>> H2,-0.00242895113446393,H1,916.950170511171,AX,225.996492929487,L1,2.82466113504349,L2,0.95324194...
GetData ===>> H2,-0.020915750852922,H1,916.807794154554,AX,226.044984153351,L1,2.86384424217892,L2,0.9208816345...
testing H1>-5.0
evaluate ot="H1.bs>-5.0" t="H1>-5.0", ctx="{'H1': None}"
GetData ===>> H2,-0.119408007883304,H1,916.320695310211,AX,225.722125676918,L1,2.8953939677608,L2,0.85883760202...
GetData ===>> H2,-0.113039926808666,H1,915.979288920885,AX,225.77769050601,L1,2.87081016492853,L2,0.86911635028...
GetData ===>> H2,-0.163644863746121,H1,915.587311626701,AX,225.603899900266,L1,2.82838417379818,L2,0.8766486924...
GetData ===>> H2,-0.0906356881475207,H1,915.27936207034,AX,225.658130183475,L1,2.85120501673359,L2,0.8010283200...
GetData ===>> H2,-0.040359214305252,H1,915.46894455036,AX,225.586769546285,L1,2.8685239354816,L2,0.892905911245...
testing H1>-5.0
evaluate ot="H1.bs>-5.0" t="H1>-5.0", ctx="{'H1': None}"
GetData ===>> H2,-0.120521310990604,H1,915.287871584441,AX,225.367494987702,L1,2.8496933504571,L2,0.81875183553...
GetData ===>> H2,-0.096188267747373,H1,914.195456735791,AX,225.256440881054,L1,2.86040664175435,L2,0.7915599405...
GetData ===>> H2,-0.146218267810916,H1,914.004733570168,AX,225.157761359253,L1,2.83730095349721,L2,0.8016351524...
GetData ===>> H2,-0.105179885408419,H1,914.098626143741,AX,225.12775660993,L1,2.87986185002524,L2,0.78787359298...
GetData ===>> H2,-0.0724987070980394,H1,913.310848190882,AX,225.316637143364,L1,2.83771299143266,L2,0.837459496...
testing H1>-5.0
evaluate ot="H1.bs>-5.0" t="H1>-5.0", ctx="{'H1': None}"
GetData ===>> H2,-0.277994204624493,H1,912.785568650271,AX,225.108590835421,L1,2.8697631407414,L2,0.90689848060...
GetData ===>> H2,-0.364589647636133,H1,912.617009365077,AX,224.803642616737,L1,2.87227122440476,L2,0.9674495524...
GetData ===>> H2,-0.244285693991352,H1,912.510449600871,AX,224.81696491364,L1,2.84869972910597,L2,0.75789579104...
GetData ===>> H2,-0.0614252621958998,H1,912.115865663828,AX,224.587002134066,L1,2.84900940542045,L2,0.872699290...
GetData ===>> H2,-0.0173406117532259,H1,911.424361455751,AX,224.634743095753,L1,2.86262698386458,L2,0.819781520...
testing H1>-5.0
evaluate ot="H1.bs>-5.0" t="H1>-5.0", ctx="{'H1': None}"
GetData ===>> H2,-0.111748554383631,H1,911.077520379788,AX,224.462333970695,L1,2.86864050649368,L2,0.8013374605...
GetData ===>> H2,-0.234101801433341,H1,910.951705953899,AX,224.47981755894,L1,2.87491969628037,L2,0.79716987131...
GetData ===>> H2,-0.185298977645948,H1,910.419319755203,AX,224.460261013381,L1,2.8475487929237,L2,0.75029694929...
GetData ===>> H2,-0.19697153616523,H1,909.750343668018,AX,224.456090185497,L1,2.85022049411208,L2,0.88166294968...
GetData ===>> H2,-0.0972838333391131,H1,909.616910129493,AX,224.309263985758,L1,2.87874268595013,L2,0.811658751...
testing H1>-5.0
evaluate ot="H1.bs>-5.0" t="H1>-5.0", ctx="{'H1': None}"
00:24:33 -- collecting point 50
GetData ===>> H2,-0.181490665614327,H1,909.192882385008,AX,224.248025703229,L1,2.90869646112716,L2,0.8830138673...
GetData ===>> H2,-0.263859465760354,H1,908.913313734707,AX,224.417407839055,L1,2.88984723275843,L2,0.7300210558...
GetData ===>> H2,-0.197542020226387,H1,908.542695509106,AX,224.140520616839,L1,2.88518348253661,L2,0.9252797054...
GetData ===>> H2,-0.267596769090422,H1,908.467087923923,AX,223.867199271168,L1,2.84857914943495,L2,0.9193927498...
GetData ===>> H2,-0.107846761087434,H1,908.077188974397,AX,223.811624195096,L1,2.82510455133736,L2,0.8311087811...
testing H1>-5.0
evaluate ot="H1.bs>-5.0" t="H1>-5.0", ctx="{'H1': None}"
GetData ===>> H2,-0.176383925586756,H1,907.558307516772,AX,223.855803066986,L1,2.81400787117711,L2,0.8984019312...
GetData ===>> H2,-0.18891184492385,H1,906.994697290788,AX,223.903935680926,L1,2.80885062571042,L2,0.90923459081...
GetData ===>> H2,-0.18425765365,H1,907.344143165386,AX,223.574383442096,L1,2.84126452223861,L2,0.90633736455790...
GetData ===>> H2,-0.187798034182686,H1,906.965265336125,AX,223.805513476447,L1,2.87122954950865,L2,0.8609894093...
GetData ===>> H2,-0.134648724896932,H1,905.799946001684,AX,223.569224066811,L1,2.86325752952186,L2,0.7355358580...
testing H1>-5.0
evaluate ot="H1.bs>-5.0" t="H1>-5.0", ctx="{'H1': None}"
GetData ===>> H2,-0.179550267738136,H1,905.706613323693,AX,223.499846573822,L1,2.85010547888924,L2,0.7834089515...
GetData ===>> H2,-0.162676800733032,H1,905.384961031205,AX,223.415924629575,L1,2.86797812457347,L2,0.7998375655...
GetData ===>> H2,-0.226352782862896,H1,905.016438020447,AX,223.246485923654,L1,2.85940762763946,L2,0.8836206416...
GetData ===>> H2,-0.169321961611073,H1,904.790485512704,AX,223.254282211405,L1,2.8229888980252,L2,0.81176171192...
GetData ===>> H2,-0.184304866007707,H1,904.28074856178,AX,223.412361533426,L1,2.86143178348608,L2,0.84294090202...
testing H1>-5.0
evaluate ot="H1.bs>-5.0" t="H1>-5.0", ctx="{'H1': None}"
GetData ===>> H2,-0.138215456635957,H1,903.876532967962,AX,223.195754887947,L1,2.84642811105644,L2,0.8440967288...
GetData ===>> H2,-0.0765410635462113,H1,904.097133172406,AX,223.013428205341,L1,2.80610981215539,L2,0.828145257...
GetData ===>> H2,-0.094270435171681,H1,903.247947051758,AX,223.096879689206,L1,2.82235400438691,L2,0.8489261757...
GetData ===>> H2,-0.106273231323813,H1,903.007358673462,AX,222.740156378306,L1,2.81530411915407,L2,0.8482623985...
GetData ===>> H2,-0.0730952551340041,H1,902.384157779106,AX,222.651403868562,L1,2.80803268965686,L2,0.889837436...
testing H1>-5.0
evaluate ot="H1.bs>-5.0" t="H1>-5.0", ctx="{'H1': None}"
GetData ===>> H2,-0.128480343677743,H1,902.31358340575,AX,222.269288543578,L1,2.82616936779725,L2,0.80962244678...
GetData ===>> H2,-0.201757046330239,H1,902.105723681944,AX,222.491617448792,L1,2.8247938844221,L2,0.83152070673...
GetData ===>> H2,-0.196090803345083,H1,901.896228409872,AX,222.335415509838,L1,2.8378717874058,L2,0.88007163878...
GetData ===>> H2,-0.310766085195516,H1,901.408140952822,AX,222.353709121775,L1,2.81076925849169,L2,0.8018297976...
GetData ===>> H2,-0.244424292536605,H1,901.155650803748,AX,222.12138151703,L1,2.83947492829323,L2,0.97036008033...
testing H1>-5.0
evaluate ot="H1.bs>-5.0" t="H1>-5.0", ctx="{'H1': None}"
00:25:00 -- collecting point 75
GetData ===>> H2,-0.24487775355741,H1,901.077172298249,AX,222.120536962842,L1,2.84019511391876,L2,0.90803217405...
GetData ===>> H2,-0.155673771147843,H1,900.098468356734,AX,222.080449415915,L1,2.8431447861128,L2,0.81235659625...
GetData ===>> H2,-0.107444943169966,H1,899.924003553517,AX,221.874138681937,L1,2.85933774101105,L2,0.8401829950...
GetData ===>> H2,-0.159229176703211,H1,899.543070236469,AX,221.836214973747,L1,2.8108717754889,L2,0.88798266027...
GetData ===>> H2,-0.0898199795743383,H1,899.207197350744,AX,221.886078137036,L1,2.79978409649867,L2,0.779803046...
testing H1>-5.0
evaluate ot="H1.bs>-5.0" t="H1>-5.0", ctx="{'H1': None}"
GetData ===>> H2,-0.0256714755179727,H1,898.998989492236,AX,221.877837109412,L1,2.76848387852562,L2,0.798268998...
GetData ===>> H2,-0.101267064220026,H1,898.249750810667,AX,221.650310559068,L1,2.80941555538642,L2,0.8477474021...
GetData ===>> H2,-0.100238219225966,H1,897.758777912949,AX,221.645151018093,L1,2.80513755509648,L2,0.7835119794...
GetData ===>> H2,-0.0613601806060927,H1,897.552620417131,AX,221.77586572399,L1,2.78334176056057,L2,0.8784689062...
GetData ===>> H2,-0.060329672507974,H1,897.636369739693,AX,221.53659670939,L1,2.7937282408056,L2,0.908971202999...
testing H1>-5.0
evaluate ot="H1.bs>-5.0" t="H1>-5.0", ctx="{'H1': None}"
GetData ===>> H2,-0.284665923063405,H1,897.475147164823,AX,221.460489399609,L1,2.83597596156911,L2,0.7416574305...
GetData ===>> H2,-0.20240143206521,H1,897.091128092241,AX,221.28479916933,L1,2.8276750608665,L2,0.8368530137313...
GetData ===>> H2,-0.26306479309687,H1,896.874565177574,AX,221.190277742742,L1,2.77931148812647,L2,0.72149776269...
GetData ===>> H2,-0.121829268837541,H1,896.611010306145,AX,221.199348902628,L1,2.82318046765548,L2,0.8138209426...
GetData ===>> H2,-0.100782435683824,H1,896.330676787975,AX,220.970545041816,L1,2.8213018549492,L2,0.77543035290...
testing H1>-5.0
evaluate ot="H1.bs>-5.0" t="H1>-5.0", ctx="{'H1': None}"
GetData ===>> H2,-0.0939697286830447,H1,895.580756601952,AX,220.788230475964,L1,2.80495842811487,L2,0.854488351...
GetData ===>> H2,-0.143744512954205,H1,895.18104867286,AX,221.056956887757,L1,2.85676593444357,L2,0.88280779396...
GetData ===>> H2,-0.130564509465382,H1,894.494011926014,AX,220.859372931733,L1,2.82683047962464,L2,0.7916400800...
GetData ===>> H2,-0.167465002537148,H1,894.654513947637,AX,220.770058760364,L1,2.78594696375159,L2,0.8902267154...
GetData ===>> H2,-0.104285374415004,H1,893.798706169156,AX,220.601112541082,L1,2.78884794689593,L2,0.8230537029...
testing H1>-5.0
evaluate ot="H1.bs>-5.0" t="H1>-5.0", ctx="{'H1': None}"
GetData ===>> H2,-0.226196590282282,H1,893.775233218913,AX,220.542124274305,L1,2.79269829838485,L2,0.7315313021...
GetData ===>> H2,-0.205587770869426,H1,893.093730914916,AX,220.608685235356,L1,2.7803370177328,L2,0.73550153254...
GetData ===>> H2,-0.152009417840901,H1,892.939705654923,AX,220.503459819452,L1,2.76689878532144,L2,0.9003027112...
GetData ===>> H2,-0.201371475806521,H1,893.013001071852,AX,220.184756174557,L1,2.7922311666677,L2,0.79106765611...
GetData ===>> H2,-0.255840045088286,H1,892.841497992298,AX,220.194026137966,L1,2.78576661598171,L2,0.8153768350...
testing H1>-5.0
evaluate ot="H1.bs>-5.0" t="H1>-5.0", ctx="{'H1': None}"
00:25:26 -- collecting point 100
GetData ===>> H2,-0.192752707265389,H1,891.919054995638,AX,220.270945731382,L1,2.78970075418375,L2,0.8847655092...
GetData ===>> H2,-0.131735557934461,H1,891.3400993291,AX,220.154847917246,L1,2.812815671065,L2,0.94220957556085...
GetData ===>> H2,-0.106600673361046,H1,891.139548607744,AX,219.979132766495,L1,2.8424545442605,L2,0.84485202922...
GetData ===>> H2,-0.134379619658529,H1,891.054409769416,AX,219.920452206834,L1,2.797217619209,L2,0.899466821423...
GetData ===>> H2,-0.196294470473646,H1,890.27719879617,AX,219.852338187513,L1,2.78514088587206,L2,0.85865447171...
testing H1>-5.0
evaluate ot="H1.bs>-5.0" t="H1>-5.0", ctx="{'H1': None}"
GetData ===>> H2,-0.204075584921052,H1,890.133080115856,AX,219.957223808354,L1,2.8311139484241,L2,0.78541229063...
GetData ===>> H2,-0.184724372881483,H1,889.725531291018,AX,219.491771042712,L1,2.85443988350837,L2,0.8041655705...
GetData ===>> H2,-0.161693801364396,H1,889.10132604844,AX,219.707998041507,L1,2.80822554223591,L2,0.92122522659...
GetData ===>> H2,-0.06995489214958,H1,889.031035145569,AX,219.550742038713,L1,2.77398731039945,L2,0.84299812084...
GetData ===>> H2,-0.150644280226131,H1,888.668859750081,AX,219.37673242074,L1,2.8061248547543,L2,0.794433558016...
testing H1>-5.0
evaluate ot="H1.bs>-5.0" t="H1>-5.0", ctx="{'H1': None}"
GetData ===>> H2,-0.129714399864174,H1,888.475081543645,AX,219.435679020673,L1,2.76655476305516,L2,0.8151137044...
GetData ===>> H2,-0.0231478315186909,H1,888.327092737078,AX,219.555901874029,L1,2.78303305521773,L2,0.769981934...
GetData ===>> H2,-0.0638831756379353,H1,887.828450847379,AX,219.557210369446,L1,2.79933990997364,L2,0.736256695...
GetData ===>> H2,-0.22117169271439,H1,887.468153457189,AX,219.341865075705,L1,2.8087658202666,L2,0.946368044470...
GetData ===>> H2,-0.19661142858028,H1,887.197655692133,AX,218.93761581663,L1,2.81369750440801,L2,0.783122763689...
testing H1>-5.0
evaluate ot="H1.bs>-5.0" t="H1>-5.0", ctx="{'H1': None}"
GetData ===>> H2,-0.188505977431219,H1,886.780557574631,AX,218.953415730505,L1,2.78451518991783,L2,0.7190610407...
GetData ===>> H2,-0.154565856118059,H1,886.407383987835,AX,218.878888186581,L1,2.78548790228184,L2,0.8510319821...
GetData ===>> H2,-0.176868516993512,H1,885.935996098874,AX,218.745949295969,L1,2.79261088047574,L2,0.7586282413...
GetData ===>> H2,-0.22523111063895,H1,885.916641322554,AX,218.755927155256,L1,2.80267514600147,L2,0.72380870163...
GetData ===>> H2,-0.165086678753575,H1,885.841527999299,AX,218.649532937779,L1,2.79588814194318,L2,0.8637822523...
testing H1>-5.0
evaluate ot="H1.bs>-5.0" t="H1>-5.0", ctx="{'H1': None}"
GetData ===>> H2,-0.0652630620440546,H1,885.110706483562,AX,218.374522783488,L1,2.7525310054165,L2,0.7811881559...
measurement finished
estimated time: 125.829 actual time: :126.223
flush and close file /Users/jan/PychronDev/data/isotopes/e3/46d344-4003-42cc-b3de-bfef30a90591.h5
baselines () {'settling_time': 15.0, 'detector': 'H1', 'mass': 34.2, 'ncounts': 60}
%%%%%%%%%%%%%%%%%%%%%%%%%%%%%%%% Baseline
build tables- baseline [Detector(H2), Detector(H1), Detector(AX), Detector(L1), Detector(L2), Detector(CDD)]
add group baseline table H2
add group baseline table H1
add group baseline table AX
add group baseline table L1
add group baseline table L2
add group baseline table CDD
flush and close file /Users/jan/PychronDev/data/isotopes/e3/46d344-4003-42cc-b3de-bfef30a90591.h5
detector Detector(H1)
POSITION 34.2 H1
Mapping mass to dac mass func: "parabolic"
H1 map mass coeffs = [-0.00063987  0.15840543  0.57058999]
H1 map mass to dac 34.2 >> 5.23963599104
GetDeflection H1 ===>> 0
GetHighVoltage ===>> 4499.94659342336
positioning 34.2 (5.23960513532) on H1
setting magnet DAC
current  : 5.878945
requested: 5.239605
Delta Dac: 0.639340
Checking detector protection. dv=0.63934
Checking detector "CDD". Protection Threshold: 0.1 (V)
ProtectDetector CDD,On ===>> OK
GetDeflection CDD ===>> 2000
Protected = 2000
SetMagnetDAC 5.23960513532 ===>> OK
Magnet settling time: 0.500
GetMagnetMoving ===>> True
GetMagnetMoving ===>> True
GetMagnetMoving ===>> True
GetMagnetMoving ===>> True
GetMagnetMoving ===>> True
GetMagnetMoving ===>> True
GetMagnetMoving ===>> True
GetMagnetMoving ===>> True
GetMagnetMoving ===>> False
ProtectDetector CDD,Off ===>> OK
GetDeflection CDD ===>> 50
Delaying 15.0s for detectors to settle
Join finished
measuring baseline. ncounts=60
"baseline" increment series count="2" fit count="1" regressing="True"
starting measurement
GetData ===>> H2,-0.112141125476883,H1,-0.0439855351537453,AX,-0.124396430953068,L1,-0.0631680450133464,L2,-0.0...
GetData ===>> H2,-0.162553930475163,H1,-0.0483493832916569,AX,-0.179864561283183,L1,-0.0268278598830047,L2,-0.0...
GetData ===>> H2,-0.258024237553176,H1,-0.0245366742299911,AX,-0.0431797211317945,L1,0.00169117058247837,L2,-0....
GetData ===>> H2,-0.226117146675896,H1,-0.114713646691933,AX,-0.103423583114326,L1,-0.0405020224614138,L2,0.037...
testing H1>-5.0
evaluate ot="H1.bs>-5.0" t="H1>-5.0", ctx="{'H1': None}"
GetData ===>> H2,-0.140106532270506,H1,-0.0804285560622507,AX,-0.134454475261506,L1,-0.0526476020012985,L2,-0.0...
GetData ===>> H2,-0.209432017728702,H1,-0.0224615879559796,AX,0.00411876897500829,L1,-0.0302455710569095,L2,-0....
GetData ===>> H2,-0.269116878845657,H1,-0.0449870908951986,AX,-0.070483610473286,L1,-0.0296610606744632,L2,-0.0...
GetData ===>> H2,-0.27215648383862,H1,0.0143843190187233,AX,-0.0567340743047349,L1,-0.00822493392738151,L2,0.00...
GetData ===>> H2,-0.111675453440023,H1,-0.0847073858802226,AX,-0.167833011079078,L1,-0.0533162775268024,L2,-0.0...
testing H1>-5.0
evaluate ot="H1.bs>-5.0" t="H1>-5.0", ctx="{'H1': None}"
GetData ===>> H2,-0.291693642875485,H1,-0.0663631465343649,AX,-0.0998890392697405,L1,-0.0771303233616625,L2,-0....
GetData ===>> H2,-0.238301843949263,H1,-0.0138864936395365,AX,0.0170086346723305,L1,-0.0766329105393084,L2,-0.0...
GetData ===>> H2,-0.206873374235376,H1,0.0353003154063504,AX,-0.0922400785569063,L1,-0.092103330643833,L2,-0.00...
GetData ===>> H2,-0.318451907621794,H1,0.0534756046865816,AX,-0.0392487215230985,L1,-0.0703687471647415,L2,-0.0...
GetData ===>> H2,-0.238211724905161,H1,0.00542506650578218,AX,-0.0744365323714703,L1,-0.0589961625566293,L2,-0....
testing H1>-5.0
evaluate ot="H1.bs>-5.0" t="H1>-5.0", ctx="{'H1': None}"
GetData ===>> H2,-0.21512120635184,H1,-0.0199928948012794,AX,-0.0618469027601612,L1,-0.0509380305198823,L2,-0.0...
GetData ===>> H2,-0.221992044347234,H1,-0.0916556249740406,AX,-0.128833752350519,L1,-0.0432144158931351,L2,-0.1...
GetData ===>> H2,-0.246155958111817,H1,-0.0316679645835148,AX,-0.110851501017196,L1,-0.0320408115960718,L2,-0.0...
GetData ===>> H2,-0.191690500169439,H1,-0.0367955014749509,AX,-0.0781922390100641,L1,-0.00373780164098055,L2,-0...
GetData ===>> H2,-0.253597615772844,H1,-0.138172026829308,AX,-0.134489262608807,L1,-0.020246723228864,L2,0.0544...
testing H1>-5.0
evaluate ot="H1.bs>-5.0" t="H1>-5.0", ctx="{'H1': None}"
GetData ===>> H2,-0.299967383034497,H1,0.00445880355310915,AX,-0.120990099133829,L1,-0.0111612974215153,L2,0.02...
GetData ===>> H2,-0.291018323387819,H1,0.0416368275837133,AX,-0.11695796037623,L1,-0.0273346601238874,L2,0.0032...
GetData ===>> H2,-0.256361601464443,H1,0.0265778256573813,AX,-0.155823158747316,L1,-0.00759414548052519,L2,-0.0...
GetData ===>> H2,-0.204535192232105,H1,0.0271744149716426,AX,-0.00357256997417172,L1,-0.0307989081837772,L2,-0....
GetData ===>> H2,-0.222596830325919,H1,-0.00811369373872033,AX,0.000998077040029481,L1,-0.066803718022122,L2,-0...
testing H1>-5.0
evaluate ot="H1.bs>-5.0" t="H1>-5.0", ctx="{'H1': None}"
00:26:31 -- collecting point 25
GetData ===>> H2,-0.213743618654252,H1,-0.0187644885637493,AX,-0.13765485913773,L1,-0.0309953235637628,L2,-0.02...
GetData ===>> H2,-0.127699020771053,H1,0.0475679754077031,AX,-0.147858278598841,L1,0.0238369483354684,L2,-0.003...
GetData ===>> H2,-0.0539615041092436,H1,0.0379852292304641,AX,0.00842293575487111,L1,0.0268318018895878,L2,-0.0...
GetData ===>> H2,-0.175579377070756,H1,-0.111758703585374,AX,-0.144252419693214,L1,-0.00975497132514394,L2,-0.0...
GetData ===>> H2,-0.248754976198844,H1,-0.0185498140814698,AX,-0.0504383178495533,L1,-0.00945401839330151,L2,0....
testing H1>-5.0
evaluate ot="H1.bs>-5.0" t="H1>-5.0", ctx="{'H1': None}"
GetData ===>> H2,-0.228550022060187,H1,-0.0622623498385931,AX,-0.157225930346819,L1,-0.0143376961970749,L2,0.01...
GetData ===>> H2,-0.174082170731702,H1,0.0041844342914878,AX,-0.12181272760635,L1,-0.0245775021444088,L2,-0.040...
GetData ===>> H2,-0.137192062664081,H1,0.0207433695649463,AX,-0.0551920574409768,L1,-0.0623510333444261,L2,-0.0...
GetData ===>> H2,-0.179384279462968,H1,0.0604100546460763,AX,-0.136217018538827,L1,-0.0171446294403304,L2,-0.13...
GetData ===>> H2,-0.186902591112543,H1,0.00908740705696256,AX,-0.0241262280469801,L1,0.00539261133673196,L2,-0....
testing H1>-5.0
evaluate ot="H1.bs>-5.0" t="H1>-5.0", ctx="{'H1': None}"
GetData ===>> H2,-0.154075366469742,H1,-0.0359846526624128,AX,-0.163578725290548,L1,-0.0185465057741729,L2,0.03...
GetData ===>> H2,-0.219652066383986,H1,-0.064849209183193,AX,-0.0401764053615318,L1,-0.0202203468730867,L2,-0.0...
GetData ===>> H2,-0.23548494754377,H1,-0.0165819432054402,AX,-0.104443362059135,L1,0.00514309207108549,L2,0.059...
GetData ===>> H2,-0.178940282605561,H1,-0.0631564332111754,AX,-0.0576384036546889,L1,0.0178260135976748,L2,0.01...
GetData ===>> H2,-0.183739653709044,H1,-0.00664658616111853,AX,-0.0982202264023364,L1,0.0199918438402195,L2,-0....
testing H1>-5.0
evaluate ot="H1.bs>-5.0" t="H1>-5.0", ctx="{'H1': None}"
GetData ===>> H2,-0.131800483452593,H1,0.0767620954789773,AX,-0.0814957500121896,L1,-0.00594143621879501,L2,-0....
GetData ===>> H2,-0.183848921294071,H1,-0.00389122844917085,AX,-0.120851062648376,L1,-0.0225028446031676,L2,-0....
GetData ===>> H2,-0.19976973448505,H1,-0.00118350867015489,AX,-0.104037769440882,L1,-0.027436496334143,L2,-0.01...
GetData ===>> H2,-0.16137646880152,H1,-0.0368074256732019,AX,-0.107780745688173,L1,0.00667869326852456,L2,-0.11...
GetData ===>> H2,-0.151613801402606,H1,-0.0126818666037252,AX,-0.0652321198145035,L1,-0.0199050241740621,L2,0.1...
testing H1>-5.0
evaluate ot="H1.bs>-5.0" t="H1>-5.0", ctx="{'H1': None}"
GetData ===>> H2,-0.212080324799927,H1,-0.0113818072992487,AX,-0.133816705022624,L1,-0.0413307872188375,L2,0.03...
GetData ===>> H2,-0.227872854793792,H1,-0.0960293118965837,AX,-0.0667044206206038,L1,-0.0546274076091721,L2,-0....
GetData ===>> H2,-0.229314647243712,H1,-0.0402296118508837,AX,-0.0677129917804282,L1,-0.0707022313903832,L2,-0....
GetData ===>> H2,-0.246322786766586,H1,-0.0128249913669219,AX,0.0359578633904266,L1,-0.0284428222580951,L2,0.01...
GetData ===>> H2,-0.184047219032498,H1,0.0375914373638821,AX,-0.0760130194785374,L1,-0.0209624552107982,L2,-0.0...
testing H1>-5.0
evaluate ot="H1.bs>-5.0" t="H1>-5.0", ctx="{'H1': None}"
00:26:58 -- collecting point 50
GetData ===>> H2,-0.182597002329694,H1,0.0307540255171325,AX,-0.141562431460115,L1,-0.0335627424511322,L2,-0.07...
GetData ===>> H2,-0.191458634602825,H1,-0.0189076046294588,AX,-0.108093619533766,L1,-0.0310276598743399,L2,-0.0...
GetData ===>> H2,-0.144087709436904,H1,0.00101134877568145,AX,-0.145237957106273,L1,-0.0353806088725375,L2,0.00...
GetData ===>> H2,-0.260357645290068,H1,0.0117238980221536,AX,-0.0786095307993487,L1,-0.0408697054343394,L2,-0.0...
GetData ===>> H2,-0.210818213083759,H1,-0.0232963979512888,AX,-0.146049568654488,L1,0.00618559580584437,L2,-0.0...
testing H1>-5.0
evaluate ot="H1.bs>-5.0" t="H1>-5.0", ctx="{'H1': None}"
GetData ===>> H2,-0.239048652057939,H1,0.0400138785400241,AX,0.0251541462990992,L1,0.0084737238875346,L2,0.0114...
GetData ===>> H2,-0.315545028147899,H1,-0.00370037835313293,AX,0.0110449742968619,L1,-0.000150015803005901,L2,-...
GetData ===>> H2,-0.157062565323859,H1,0.0428063218799625,AX,-0.0343086561615783,L1,0.0386999078142507,L2,0.012...
GetData ===>> H2,-0.0332553522968598,H1,-0.00135050672305221,AX,0.0136090714374175,L1,0.00529304281172666,L2,-0...
GetData ===>> H2,-0.128205940549953,H1,-0.0513777343593034,AX,-0.100619135898153,L1,0.0215597484302867,L2,-0.08...
testing H1>-5.0
evaluate ot="H1.bs>-5.0" t="H1>-5.0", ctx="{'H1': None}"
GetData ===>> H2,-0.0998889322442738,H1,0.0046615987081335,AX,-0.0322328261766775,L1,-0.00606497902248367,L2,-0...
measurement finished
estimated time: 62.915 actual time: :63.098
flush and close file /Users/jan/PychronDev/data/isotopes/e3/46d344-4003-42cc-b3de-bfef30a90591.h5
activate_detectors ('H1', 'AX', 'CDD') {'peak_center': True}
peak_center () {'detector': 'H1', 'integration_time': 0.262144, 'isotope': 'Ar40'}
peak center: mean=886.68141662 threshold=3
peak center started
setup peak center. detector=['H1', 'AX', 'CDD'], isotope=Ar40
VersionedUnpickler [<apptools.sweet_pickle.versioned_unpickler.VersionedUnpickler object at 0x16ee667d0>] using Updater [<apptools.sweet_pickle.updater.Updater object at 0x135230b30>]
VersionedUnpickler [<apptools.sweet_pickle.versioned_unpickler.VersionedUnpickler object at 0x16ee667d0>] using Updater [<apptools.sweet_pickle.updater.Updater object at 0x135230b30>]
VersionedUnpickler [<apptools.sweet_pickle.versioned_unpickler.VersionedUnpickler object at 0x19bced6b0>] using Updater [<apptools.sweet_pickle.updater.Updater object at 0x135230b30>]
setting integration time = 0.524288
SetIntegrationTime 0.524288 ===>> OK
Mapping mass to dac mass func: "parabolic"
H1 map mass coeffs = [-0.00063987  0.15840543  0.57058999]
H1 map mass to dac 39.9624 >> 5.87898
GetDeflection H1 ===>> 0
GetHighVoltage ===>> 4499.94659342336
do peak center. <pychron.spectrometer.jobs.peak_center.PeakCenter object at 0x1352309b0>
doing pc
starting peak center. center dac= 5.87894537924 step_width=0.001
width = 0.001
get scan parameters. half-width=0.015,window=0.015, i=0, scalar=1
Scan parameters center=5.87895 width=0.03000 (5.86395 - 5.89395)
GetData ===>> H2,-0.240338285362139,H1,0.0295369435712402,AX,-0.0715964727616593,L1,0.0166970353915017,L2,-0.05...
Moving to starting dac 5.86394537924
setting magnet DAC
current  : 5.239605
requested: 5.863945
Delta Dac: 0.624340
Checking detector protection. dv=0.62434
Checking detector "CDD". Protection Threshold: 0.1 (V)
ProtectDetector CDD,On ===>> OK
GetDeflection CDD ===>> 2000
Protected = 2000
SetMagnetDAC 5.86394537924 ===>> OK
Magnet settling time: 0.500
GetMagnetMoving ===>> True
GetMagnetMoving ===>> True
GetMagnetMoving ===>> True
GetMagnetMoving ===>> True
GetMagnetMoving ===>> True
GetMagnetMoving ===>> True
GetMagnetMoving ===>> True
GetMagnetMoving ===>> True
GetMagnetMoving ===>> False
ProtectDetector CDD,Off ===>> OK
GetDeflection CDD ===>> 50
Wait until signal near baseline. tol= 0.0221527076784. timeout= 10
GetData ===>> H2,7.33388480334771,H1,3.78988486605956,AX,-0.18528476001262,L1,-0.00473111634468046,L2,-0.021427...
GetData ===>> H2,77.7346564904387,H1,39.5915262382776,AX,3.11429272846332,L1,0.0203928682661878,L2,-0.108684193...
GetData ===>> H2,76.6989397968337,H1,32.9926326655202,AX,4.7693820776966,L1,0.0140552026404161,L2,-0.1841613433...
GetData ===>> H2,39.9540369350971,H1,16.0170149587044,AX,2.17924382584981,L1,0.0066618987120821,L2,-0.033357464...
GetData ===>> H2,16.2240107873221,H1,8.00076502341545,AX,0.953281641698014,L1,0.00792290896884684,L2,-0.1219477...
GetData ===>> H2,5.34532342193694,H1,4.17511937868629,AX,0.479557631182209,L1,0.0255095820248104,L2,-0.15436945...
GetData ===>> H2,1.51155032997403,H1,2.41784541439067,AX,0.303085939650086,L1,-0.0196598118049113,L2,-0.0007287...
GetData ===>> H2,0.546956698877936,H1,1.47545025521569,AX,0.170418554558816,L1,-0.0211641589238103,L2,0.0648127...
GetData ===>> H2,0.355227263032084,H1,1.1422338930384,AX,0.102170471333706,L1,-0.00635523867341058,L2,-0.090186...
GetData ===>> H2,0.234457530558481,H1,0.825751060171221,AX,0.084437972055723,L1,-0.00565716206806824,L2,-0.0176...
GetData ===>> H2,0.16728364687151,H1,0.785740667135859,AX,0.224763647981435,L1,-0.00436643247624341,L2,-0.04018...
GetData ===>> H2,0.122104555536813,H1,0.714480174885179,AX,0.229754148893559,L1,0.00152552204321537,L2,0.134070...
GetData ===>> H2,0.227364888472602,H1,0.705121412740417,AX,0.150539814666265,L1,0.0138896752376162,L2,0.0751823...
GetData ===>> H2,0.27031217086573,H1,0.648556567738257,AX,-0.00604341414033195,L1,0.0190822932789178,L2,0.01421...
GetData ===>> H2,0.200493155410141,H1,0.597355056851101,AX,-0.025831105182177,L1,-0.026836972786998,L2,-0.02998...
GetData ===>> H2,0.172374702626325,H1,0.61177301887112,AX,0.0351223022149779,L1,-0.0583329142425535,L2,-0.10563...
GetData ===>> H2,0.216400632803668,H1,0.61514468181032,AX,0.043965688329841,L1,-0.043025230743445,L2,-0.1544150...
GetData ===>> H2,0.181288791789199,H1,0.681357426231455,AX,0.0872656836515904,L1,-0.014419190596439,L2,-0.08133...
GetData ===>> H2,0.0838454318562892,H1,0.627532330505631,AX,0.065897635228061,L1,0.00173438369299127,L2,-0.0597...
GetData ===>> H2,0.0605560602000782,H1,0.623490632365376,AX,0.0284844876513859,L1,0.0160873330454164,L2,-0.0730...
GetData ===>> H2,-0.0375727694077269,H1,0.640543398480653,AX,0.19278408583547,L1,0.0254999752488162,L2,-0.01983...
Peak center failed to move to a baseline position
_do_sweep sm= 5.86394537924, em= 5.89394537924, stm= 0.001
calculated step values: start=5.86394537924, end=5.89394537924, width=0.001, nsteps=31.0
setting magnet DAC
current  : 5.863945
requested: 5.863945
Delta Dac: 0.000000
Checking detector protection. dv=0.00000
Checking detector "CDD". Protection Threshold: 0.1 (V)
SetMagnetDAC 5.86394537924 ===>> OK
GetData ===>> H2,-0.0375727694077269,H1,0.640543398480653,AX,0.19278408583547,L1,0.0254999752488162,L2,-0.01983...
setting magnet DAC
current  : 5.863945
requested: 5.864980
Delta Dac: 0.001034
Checking detector protection. dv=0.00103
Checking detector "CDD". Protection Threshold: 0.1 (V)
SetMagnetDAC 5.864979862 ===>> OK
Magnet settling time: 1.049
GetData ===>> H2,0.00592170659941569,H1,1.36801050897113,AX,0.171833648682095,L1,-0.00241082983287165,L2,0.0322...
setting magnet DAC
current  : 5.864980
requested: 5.866014
Delta Dac: 0.001034
Checking detector protection. dv=0.00103
Checking detector "CDD". Protection Threshold: 0.1 (V)
SetMagnetDAC 5.86601434476 ===>> OK
Magnet settling time: 1.049
GetData ===>> H2,0.00716484787759268,H1,4.10437588002932,AX,0.723613816216368,L1,-0.00887606761078222,L2,-0.066...
setting magnet DAC
current  : 5.866014
requested: 5.867049
Delta Dac: 0.001034
Checking detector protection. dv=0.00103
Checking detector "CDD". Protection Threshold: 0.1 (V)
SetMagnetDAC 5.86704882751 ===>> OK
Magnet settling time: 1.049
GetData ===>> H2,-0.00138479201395662,H1,14.7942016607016,AX,2.49808640409197,L1,0.00993461898014967,L2,0.00917...
setting magnet DAC
current  : 5.867049
requested: 5.868083
Delta Dac: 0.001034
Checking detector protection. dv=0.00103
Checking detector "CDD". Protection Threshold: 0.1 (V)
SetMagnetDAC 5.86808331027 ===>> OK
Magnet settling time: 1.049
GetData ===>> H2,-0.0781199306905298,H1,50.6888526398557,AX,8.13040070640466,L1,0.00741225271757448,L2,-0.00676...
setting magnet DAC
current  : 5.868083
requested: 5.869118
Delta Dac: 0.001034
Checking detector protection. dv=0.00103
Checking detector "CDD". Protection Threshold: 0.1 (V)
SetMagnetDAC 5.86911779303 ===>> OK
Magnet settling time: 1.049
GetData ===>> H2,-0.137473848388512,H1,148.345162386676,AX,25.0041999833819,L1,0.0878984685416466,L2,-0.0682052...
setting magnet DAC
current  : 5.869118
requested: 5.870152
Delta Dac: 0.001034
Checking detector protection. dv=0.00103
Checking detector "CDD". Protection Threshold: 0.1 (V)
SetMagnetDAC 5.87015227579 ===>> OK
Magnet settling time: 1.049
GetData ===>> H2,-0.078166005925344,H1,324.746765508767,AX,60.3491550422941,L1,0.32959819079241,L2,-0.019355577...
setting magnet DAC
current  : 5.870152
requested: 5.871187
Delta Dac: 0.001034
Checking detector protection. dv=0.00103
Checking detector "CDD". Protection Threshold: 0.1 (V)
SetMagnetDAC 5.87118675855 ===>> OK
Magnet settling time: 1.049
GetData ===>> H2,-0.1660032429018,H1,540.762047026827,AX,110.628124756787,L1,0.744568013508422,L2,0.14720769005...
setting magnet DAC
current  : 5.871187
requested: 5.872221
Delta Dac: 0.001034
Checking detector protection. dv=0.00103
Checking detector "CDD". Protection Threshold: 0.1 (V)
SetMagnetDAC 5.87222124131 ===>> OK
Magnet settling time: 1.049
GetData ===>> H2,-0.204067497821697,H1,710.896576618493,AX,157.896564160429,L1,1.32346564297098,L2,0.1911243831...
setting magnet DAC
current  : 5.872221
requested: 5.873256
Delta Dac: 0.001034
Checking detector protection. dv=0.00103
Checking detector "CDD". Protection Threshold: 0.1 (V)
SetMagnetDAC 5.87325572407 ===>> OK
Magnet settling time: 1.049
GetData ===>> H2,-0.0942294584290611,H1,800.588898356305,AX,188.507403951187,L1,1.77059459090992,L2,0.490660843...
setting magnet DAC
current  : 5.873256
requested: 5.874290
Delta Dac: 0.001034
Checking detector protection. dv=0.00103
Checking detector "CDD". Protection Threshold: 0.1 (V)
SetMagnetDAC 5.87429020682 ===>> OK
Magnet settling time: 1.049
GetData ===>> H2,-0.111013462360933,H1,839.61259723807,AX,205.431906021834,L1,2.27075645004151,L2,0.70287988142...
setting magnet DAC
current  : 5.874290
requested: 5.875325
Delta Dac: 0.001034
Checking detector protection. dv=0.00103
Checking detector "CDD". Protection Threshold: 0.1 (V)
SetMagnetDAC 5.87532468958 ===>> OK
Magnet settling time: 1.049
GetData ===>> H2,-0.133096890972054,H1,844.751880132769,AX,207.941586934499,L1,2.48207559948736,L2,0.7918695285...
setting magnet DAC
current  : 5.875325
requested: 5.876359
Delta Dac: 0.001034
Checking detector protection. dv=0.00103
Checking detector "CDD". Protection Threshold: 0.1 (V)
SetMagnetDAC 5.87635917234 ===>> OK
Magnet settling time: 1.049
GetData ===>> H2,-0.0563873692395019,H1,845.937131253526,AX,208.396273137941,L1,2.56931179866406,L2,0.813855263...
setting magnet DAC
current  : 5.876359
requested: 5.877394
Delta Dac: 0.001034
Checking detector protection. dv=0.00103
Checking detector "CDD". Protection Threshold: 0.1 (V)
SetMagnetDAC 5.8773936551 ===>> OK
Magnet settling time: 1.049
GetData ===>> H2,-0.286598882211757,H1,846.06943488148,AX,208.263581341976,L1,2.58805848880777,L2,0.71446764377...
setting magnet DAC
current  : 5.877394
requested: 5.878428
Delta Dac: 0.001034
Checking detector protection. dv=0.00103
Checking detector "CDD". Protection Threshold: 0.1 (V)
SetMagnetDAC 5.87842813786 ===>> OK
Magnet settling time: 1.049
GetData ===>> H2,-0.149620510688337,H1,846.465214819191,AX,208.314429000105,L1,2.62514020832721,L2,0.7485305058...
setting magnet DAC
current  : 5.878428
requested: 5.879463
Delta Dac: 0.001034
Checking detector protection. dv=0.00103
Checking detector "CDD". Protection Threshold: 0.1 (V)
SetMagnetDAC 5.87946262062 ===>> OK
Magnet settling time: 1.049
GetData ===>> H2,-0.138994580854017,H1,846.111714254483,AX,208.36437686853,L1,2.66596399453375,L2,0.85580455124...
setting magnet DAC
current  : 5.879463
requested: 5.880497
Delta Dac: 0.001034
Checking detector protection. dv=0.00103
Checking detector "CDD". Protection Threshold: 0.1 (V)
SetMagnetDAC 5.88049710338 ===>> OK
Magnet settling time: 1.049
GetData ===>> H2,-0.203118571355029,H1,846.16347684115,AX,208.508791507215,L1,2.66713453545023,L2,0.77448582995...
setting magnet DAC
current  : 5.880497
requested: 5.881532
Delta Dac: 0.001034
Checking detector protection. dv=0.00103
Checking detector "CDD". Protection Threshold: 0.1 (V)
SetMagnetDAC 5.88153158613 ===>> OK
Magnet settling time: 1.049
GetData ===>> H2,-0.161415629470768,H1,845.226693255251,AX,207.881242064965,L1,2.67886558822037,L2,0.7852359038...
setting magnet DAC
current  : 5.881532
requested: 5.882566
Delta Dac: 0.001034
Checking detector protection. dv=0.00103
Checking detector "CDD". Protection Threshold: 0.1 (V)
SetMagnetDAC 5.88256606889 ===>> OK
Magnet settling time: 1.049
GetData ===>> H2,-0.123989030643028,H1,844.349845947727,AX,207.521016085759,L1,2.67822396798466,L2,0.7671901886...
setting magnet DAC
current  : 5.882566
requested: 5.883601
Delta Dac: 0.001034
Checking detector protection. dv=0.00103
Checking detector "CDD". Protection Threshold: 0.1 (V)
SetMagnetDAC 5.88360055165 ===>> OK
Magnet settling time: 1.049
GetData ===>> H2,-0.106283120633881,H1,840.415920269671,AX,205.685894570833,L1,2.64126678851621,L2,0.8702953861...
setting magnet DAC
current  : 5.883601
requested: 5.884635
Delta Dac: 0.001034
Checking detector protection. dv=0.00103
Checking detector "CDD". Protection Threshold: 0.1 (V)
SetMagnetDAC 5.88463503441 ===>> OK
Magnet settling time: 1.049
GetData ===>> H2,-0.273684267770184,H1,827.631664914482,AX,199.673742192033,L1,2.53717874146414,L2,0.6923903915...
setting magnet DAC
current  : 5.884635
requested: 5.885670
Delta Dac: 0.001034
Checking detector protection. dv=0.00103
Checking detector "CDD". Protection Threshold: 0.1 (V)
SetMagnetDAC 5.88566951717 ===>> OK
Magnet settling time: 1.049
GetData ===>> H2,-0.187436972485449,H1,783.507112554769,AX,181.353770599415,L1,2.3493559159445,L2,0.56974415329...
setting magnet DAC
current  : 5.885670
requested: 5.886704
Delta Dac: 0.001034
Checking detector protection. dv=0.00103
Checking detector "CDD". Protection Threshold: 0.1 (V)
SetMagnetDAC 5.88670399993 ===>> OK
Magnet settling time: 1.049
GetData ===>> H2,-0.159276448518961,H1,676.052875026007,AX,143.716543241251,L1,1.98291272235204,L2,0.4070543394...
setting magnet DAC
current  : 5.886704
requested: 5.887738
Delta Dac: 0.001034
Checking detector protection. dv=0.00103
Checking detector "CDD". Protection Threshold: 0.1 (V)
SetMagnetDAC 5.88773848269 ===>> OK
Magnet settling time: 1.049
GetData ===>> H2,-0.246755991599802,H1,489.622578748131,AX,90.9401061833214,L1,1.44048901301759,L2,0.0416847170...
setting magnet DAC
current  : 5.887738
requested: 5.888773
Delta Dac: 0.001034
Checking detector protection. dv=0.00103
Checking detector "CDD". Protection Threshold: 0.1 (V)
SetMagnetDAC 5.88877296544 ===>> OK
Magnet settling time: 1.049
GetData ===>> H2,-0.355568190316399,H1,275.939704020943,AX,43.6561572332152,L1,0.961069583032337,L2,0.006581788...
setting magnet DAC
current  : 5.888773
requested: 5.889807
Delta Dac: 0.001034
Checking detector protection. dv=0.00103
Checking detector "CDD". Protection Threshold: 0.1 (V)
SetMagnetDAC 5.8898074482 ===>> OK
Magnet settling time: 1.049
GetData ===>> H2,-0.257161364032677,H1,66.2709750588504,AX,7.72617711361905,L1,0.397401794098689,L2,-0.00018218...
setting magnet DAC
current  : 5.889807
requested: 5.890842
Delta Dac: 0.001034
Checking detector protection. dv=0.00103
Checking detector "CDD". Protection Threshold: 0.1 (V)
SetMagnetDAC 5.89084193096 ===>> OK
Magnet settling time: 1.049
GetData ===>> H2,-0.204544626790672,H1,19.529139565966,AX,1.85025734759438,L1,0.209532480318195,L2,-0.144117806...
setting magnet DAC
current  : 5.890842
requested: 5.891876
Delta Dac: 0.001034
Checking detector protection. dv=0.00103
Checking detector "CDD". Protection Threshold: 0.1 (V)
SetMagnetDAC 5.89187641372 ===>> OK
Magnet settling time: 1.049
GetData ===>> H2,-0.164885537672114,H1,4.97340644701658,AX,0.120045316361131,L1,0.17779903304471,L2,0.137856606...
setting magnet DAC
current  : 5.891876
requested: 5.892911
Delta Dac: 0.001034
Checking detector protection. dv=0.00103
Checking detector "CDD". Protection Threshold: 0.1 (V)
SetMagnetDAC 5.89291089648 ===>> OK
Magnet settling time: 1.049
GetData ===>> H2,-0.163246577261938,H1,1.04520470410667,AX,-0.146256680609158,L1,0.0802004514769528,L2,0.101715...
setting magnet DAC
current  : 5.892911
requested: 5.893945
Delta Dac: 0.001034
Checking detector protection. dv=0.00103
Checking detector "CDD". Protection Threshold: 0.1 (V)
SetMagnetDAC 5.89394537924 ===>> OK
Magnet settling time: 1.049
GetData ===>> H2,-0.202449961722057,H1,0.0481169525287985,AX,-0.221102688381284,L1,0.0675220422264137,L2,0.0701...
result of _do_sweep=True
result of _calculate_peak_center=([5.8716946709248825, 5.8793568919185937, 5.8870191129123048], [624.29503249774211, 846.45529696767608, 619.2644881838537], 5.8784571614231202, 846.45529696767608)
Failed to find a valid peak. No peak greater than 1.0. max = 0.0758000095376
new center pos Detector(H1) (Ar40) @ 5.87935689192
GetHighVoltage ===>> 4499.94659342336
GetDeflection H1 ===>> 0
dac uncorrected for HV and deflection 5.8793915151
update mftable H1 Ar40 5.8793915151 message=automated run peakcenter
get initial guess parabolic
get initial guess parabolic
get initial guess parabolic
get initial guess parabolic
get initial guess parabolic
get initial guess parabolic
dump mftable to /Users/jan/PychronDev/setupfiles/spectrometer/mftables/mftable.csv
add to repo msg=modified - automated run peakcenter
locally archiving mftable
setting magnet DAC
current  : 5.893945
requested: 5.879357
Delta Dac: 0.014588
Checking detector protection. dv=0.01459
Checking detector "CDD". Protection Threshold: 0.1 (V)
SetMagnetDAC 5.87935689192 ===>> OK
Magnet settling time: 0.500
sweep finished
setting integration time = 1.048576
SetIntegrationTime 1.048576 ===>> OK
Failed to find a valid peak. No peak greater than 1.0. max = 0.0757594366327
flush and close file /Users/jan/PychronDev/data/isotopes/e3/46d344-4003-42cc-b3de-bfef30a90591.h5
finished measure script
executed snippet estimated_duration=226.132928, duration=272.581589222
jan_unknown120_60.py completed successfully
Measurement Finished
00:27:55 -- ******* Measurement Finished *******
Post Measurement Started jan_pump_ms.py
00:27:55 -- ******* Post Measurement Started jan_pump_ms.py *******
testing...
no interpolation path defined
executed snippet estimated_duration=0, duration=3.09944152832e-05
Pumping spectrometer
open () {'name': 'O'}
opening name=O desc=---
checking ownership. requestor=129.138.12.150
check software interlocks O
interlocks []
actuate state mode=None-script, software_lock=False
doing actuation None-script open_channel True
Open O ===>> OK
GetIndicatorState O ===>> OK
change switch state (True, True)
update switch state O True args=() kw={} ncanvase=2
00:27:55 -- OPEN   VALVE-O (Jan Ion Pump)
---------------------------------------- open O () result=[(True, True)], time=0.11 sec
action=open, ok=True, locked=[False]
executed snippet estimated_duration=0, duration=0.365849018097
jan_pump_ms.py completed successfully
setting _ms_pumptime
Post Measurement Finished
00:27:56 -- ******* Post Measurement Finished *******
$$$$$$$$$$$$$$$$$$$$ state at run end measurement
state changed from measurement to success
post measurement save measured=True aborted=False
Set filtering
setting fod for Ar40= {'filter_outliers': True, 'std_devs': 2, 'iterations': 1}
setting fod for H1= {'filter_outliers': True, 'std_devs': 2, 'iterations': 1}
setting fod for PM41= {'filter_outliers': False, 'std_devs': 2, 'iterations': 1}
setting fod for H2= {'filter_outliers': True, 'std_devs': 2, 'iterations': 1}
setting fod for Ar36= {'filter_outliers': True, 'std_devs': 2, 'iterations': 1}
setting fod for CDD= {'filter_outliers': True, 'std_devs': 10, 'iterations': 1}
setting fod for Ar37= {'filter_outliers': True, 'std_devs': 2, 'iterations': 1}
setting fod for L2= {'filter_outliers': True, 'std_devs': 2, 'iterations': 1}
setting fod for Ar38= {'filter_outliers': True, 'std_devs': 2, 'iterations': 1}
setting fod for L1= {'filter_outliers': True, 'std_devs': 2, 'iterations': 1}
setting fod for Ar39= {'filter_outliers': True, 'std_devs': 2, 'iterations': 1}
setting fod for AX= {'filter_outliers': True, 'std_devs': 2, 'iterations': 1}
persistence save...
persistence save - db
post measurement save
7049816400 connecting to database sqlite:////Users/jan/PychronDev/.appdata/local_lab.db
connected to db sqlite:////Users/jan/PychronDev/.appdata/local_lab.db
create new session 7049816400
close session 7049816400
No database instance. Not saving post measurement to isotopedb database
$$$$$$$$$$$$$$$ auto_save_detector_ic=False
massspec enabled True
create new session 4985539184
MassSpec Database Version: 16.0
close session 4985539184
saving post measurement to secondary database
saving to massspec database 129.138.12.160/massspecdata
setting labnumber to 65580
setting aliquot to 3
setting step to C
setting uuid to e346d344-4003-42cc-b3de-bfef30a90591
setting irradpos to 65580
setting extract_device to Fusions CO2
setting tray to 
setting position to 191
setting power_requested to 5.0
setting extract_value to 5.0
setting duration to 30.0
setting duration_at_request to 30.0
setting first_stage_delay to 30.0
setting cleanup to 30.0
setting comment to O:3 with inclusions
setting irradiation to NM-289
setting level to O
setting irradiation_level to O
setting sample to Bw-2014-12 W
setting material to Sanidine
setting project to Bustos Wells
setting mass_spectrometer to Jan
no attribute chron_dosages
no attribute production_ratios
no attribute interference_corrections
no attribute production_name
no attribute j
Reference Isotope=Ar40
Reference Detector=H1
%%%%%%%%%%%%%%%%%%%% Comment: O:3 with inclusions %%%%%%%%%%%%%%%%%%%
adding isotope PM41 H2
add baseline dbdet= PM41. original det= H2
get baseline data PM41 H2
Get data baseline <pychron.processing.isotope.Baseline object at 0x16ee25c90> len t=60
baseline PM41. v=-0.20618605096, e=0.00688160657959
get signal data PM41 H2
Get data signal PM41 0.10+/-0.08 len t=120
adding isotope Ar40 H1
add baseline dbdet= Ar40. original det= H1
get baseline data Ar40 H1
Get data baseline <pychron.processing.isotope.Baseline object at 0x16ee25e90> len t=60
baseline Ar40. v=-0.0118109862064, e=0.00512936304091
get signal data Ar40 H1
Get data signal Ar40 931.31+/-0.06 len t=120
adding isotope Ar39 AX
add baseline dbdet= Ar39. original det= AX
get baseline data Ar39 AX
Get data baseline <pychron.processing.isotope.Baseline object at 0x16ee23090> len t=60
baseline Ar39. v=-0.0858742024941, e=0.00699891113695
get signal data Ar39 AX
Get data signal Ar39 229.468+/-0.026 len t=120
adding isotope Ar38 L1
add baseline dbdet= Ar38. original det= L1
get baseline data Ar38 L1
Get data baseline <pychron.processing.isotope.Baseline object at 0x16ee23250> len t=60
baseline Ar38. v=-0.023775465275, e=0.0035141970142
get signal data Ar38 L1
Get data signal Ar38 2.948+/-0.005 len t=120
adding isotope Ar37 L2
add baseline dbdet= Ar37. original det= L2
get baseline data Ar37 L2
Get data baseline <pychron.processing.isotope.Baseline object at 0x16ee23410> len t=60
baseline Ar37. v=-0.0271992713634, e=0.00582470580093
get signal data Ar37 L2
Get data signal Ar37 0.897+/-0.012 len t=120
adding isotope Ar36 CDD
add baseline dbdet= Ar36. original det= CDD
get baseline data Ar36 CDD
Get data baseline <pychron.processing.isotope.Baseline object at 0x16ee235d0> len t=60
baseline Ar36. v=0.000205930488146, e=2.24044473617e-05
get signal data Ar36 CDD
Get data signal Ar36 0.0653+/-0.0007 len t=120
65580-03C added analysis time 0.454603910446s
analysis added to mass spec database
mass spec save time= 0.462
persistence save - dvc
================= post measurement started
create new session 4989601072
close session 4989601072
---------------- Experiment Queue saving disabled
DVC saving peakcenter
Failed to find a valid peak. No peak greater than 1.0. max = 0.0757594366327
Smart pull ahead: 0 behind: 0
Up-to-date with origin
add to repo msg=modified - ad8224ebc6dbfeb9f5997218dfa5fe690569839d.json
add to repo msg=modified - 80-03C.json
add to repo msg=modified - 80-03C.dat.json
add to repo msg=modified - 80-03C.blan.json
add to repo msg=modified - 80-03C.inte.json
add to repo msg=modified - 80-03C.icfa.json
add to repo msg=modified - 80-03C.base.json
not at valid file /Users/jan/PychronDev/data/.dvc/repositories/Load1789/655/tags/80-03C.tags.json
add to repo msg=modified - 80-03C.peak.json
add to repo msg=modified - 80-03C.extr.json
not at valid file /Users/jan/PychronDev/data/.dvc/repositories/Load1789/655/monitor/80-03C.moni.json
commit message=<COLLECTION>
add to repo msg=modified - 80-03C.inte.json
add to repo msg=modified - 80-03C.base.json
commit message=<ISOEVO> default collection fits
add to repo msg=modified - 80-03C.blan.json
commit message=<BLANKS> preceding bc-02-J-359
add to repo msg=modified - 80-03C.icfa.json
commit message=<ICFactor> default
push repository <pychron.git_archive.repo_manager.GitRepoManager object at 0x193effb90>
pushing to remote=origin, url=https://github.com
no changes to meta repo
create new session 4989601072
add association Load1789
get identifier "65580"
setting analysis irradiation position=<pychron.dvc.dvc_orm.IrradiationPositionTbl object at 0x1a458bb10>
close session 4989601072
================= post measurement finished
00:28:10 -- ******* Post Run Check *******
loading queue conditionals post_run_actions
loading system conditionals post_run_actions
loading conditionals from /Users/jan/PychronDev/setupfiles/spectrometer/default_conditionals.yaml
loading queue conditionals post_run_terminations
loading system conditionals post_run_terminations
loading conditionals from /Users/jan/PychronDev/setupfiles/spectrometer/default_conditionals.yaml
Checking default post run terminations n=1
GetDeflection CDD ===>> 50
testing CDD==2000
evaluate ot="CDD.deflection==2000" t="CDD==2000", ctx="{'CDD': 50.0}"
00:28:10 -- ******* Post Run Check Passed *******
00:28:10 -- Automated run 65580-03C success duration: 363.165 s
----------------- finish -----------------
----------------- stop -----------------
retroactive repository identifiers disabled
finish run. runs completed=109
update duration runid=65580-03C, duration=363.165349007, md5=301e91d8
loading script "jan_unknown120_60.py"
loading script "jan_pump_ms.py"
loading script "jan_co2.py"
loading script "jan_pump_extraction_line.py"
testing...
no interpolation path defined
executed snippet estimated_duration=213.652928, duration=0.000432968139648
script duration name:unknown120_60 seconds:214.0
loading script "jan_unknown120_60.py"
loading script "jan_pump_ms.py"
loading script "jan_co2.py"
loading script "jan_pump_extraction_line.py"
testing...
no interpolation path defined
executed snippet estimated_duration=0, duration=2.8133392334e-05
loading script "jan_unknown120_60.py"
loading script "jan_pump_ms.py"
loading script "jan_co2.py"
loading script "jan_pump_extraction_line.py"
testing...
no interpolation path defined
calculate duration
testing...
no interpolation path defined
executed snippet estimated_duration=0, duration=5.69820404053e-05
calculate duration
testing...
no interpolation path defined
executed snippet estimated_duration=0, duration=0.00010085105896
executed snippet estimated_duration=0.0, duration=0.00262999534607
script duration name:co2 seconds:0.0
loading script "jan_unknown120_60.py"
loading script "jan_pump_ms.py"
loading script "jan_co2.py"
loading script "jan_pump_extraction_line.py"
testing...
no interpolation path defined
calculate duration
testing...
no interpolation path defined
executed snippet estimated_duration=4.0, duration=0.000152826309204
executed snippet estimated_duration=4.0, duration=0.00146293640137
Script duration 214.0
Run total estimated duration= 215.000
loading script "jan_unknown400_120.py"
loading script "jan_pump_ms.py"
loading script "jan_co2.py"
loading script "jan_pump_extraction_line.py"
testing...
no interpolation path defined
executed snippet estimated_duration=556.052928, duration=0.000194072723389
script duration name:unknown400_120 seconds:556.0
pump_ms in script context. using previous estimated duration
co2 in script context. using previous estimated duration
script duration name:co2 seconds:0.0
pump_extraction_line in script context. using previous estimated duration
Script duration 556.0
Run total estimated duration= 557.000
unknown120_60 in script context. using previous estimated duration
script duration name:unknown120_60 seconds:214.0
script duration name:co2 seconds:0.0
Script duration 214.0
Run total estimated duration= 215.000
script duration name:unknown120_60 seconds:214.0
script duration name:co2 seconds:0.0
Script duration 214.0
Run total estimated duration= 215.000
script duration name:unknown120_60 seconds:214.0
script duration name:co2 seconds:0.0
Script duration 214.0
Run total estimated duration= 215.000
script duration name:unknown120_60 seconds:214.0
script duration name:co2 seconds:0.0
Script duration 214.0
Run total estimated duration= 215.000
unknown400_120 in script context. using previous estimated duration
script duration name:unknown400_120 seconds:556.0
loading script "jan_unknown400_120.py"
loading script "jan_pump_ms.py"
loading script "jan_sniffair_x2.py"
loading script "jan_pump_extraction_line.py"
testing...
no interpolation path defined
calculate duration
testing...
no interpolation path defined
executed snippet estimated_duration=0, duration=7.60555267334e-05
calculate duration
testing...
no interpolation path defined
executed snippet estimated_duration=0, duration=0.000112056732178
calculate duration
testing...
no interpolation path defined
executed snippet estimated_duration=32.0, duration=9.89437103271e-05
calculate duration
testing...
no interpolation path defined
executed snippet estimated_duration=34.0, duration=9.70363616943e-05
calculate duration
testing...
no interpolation path defined
executed snippet estimated_duration=4.0, duration=6.29425048828e-05
calculate duration
testing...
no interpolation path defined
executed snippet estimated_duration=36.0, duration=9.08374786377e-05
calculate duration
testing...
no interpolation path defined
executed snippet estimated_duration=34.0, duration=0.00010085105896
calculate duration
testing...
no interpolation path defined
executed snippet estimated_duration=4.0, duration=6.60419464111e-05
calculate duration
testing...
no interpolation path defined
executed snippet estimated_duration=36.0, duration=8.89301300049e-05
calculate duration
testing...
no interpolation path defined
executed snippet estimated_duration=70.0, duration=9.89437103271e-05
executed snippet estimated_duration=250.0, duration=0.0143890380859
script duration name:sniffair_x2 seconds:250.0
Script duration 806.0
Run total estimated duration= 807.000
script duration name:unknown400_120 seconds:556.0
sniffair_x2 in script context. using previous estimated duration
script duration name:sniffair_x2 seconds:250.0
Script duration 806.0
Run total estimated duration= 807.000
loading script "jan_ic_peak_hop3.py"
loading script "jan_pump_ms.py"
loading script "jan_air_x1.py"
loading script "jan_pump_extraction_line.py"
testing...
no interpolation path defined
executed snippet estimated_duration=133.8, duration=0.00794386863708
script duration name:ic_peak_hop3 seconds:134.0
loading script "jan_ic_peak_hop3.py"
loading script "jan_pump_ms.py"
loading script "jan_air_x1.py"
loading script "jan_pump_extraction_line.py"
testing...
no interpolation path defined
calculate duration
testing...
no interpolation path defined
executed snippet estimated_duration=0, duration=4.31537628174e-05
calculate duration
testing...
no interpolation path defined
executed snippet estimated_duration=0, duration=0.000100135803223
calculate duration
testing...
no interpolation path defined
executed snippet estimated_duration=32.0, duration=9.01222229004e-05
calculate duration
testing...
no interpolation path defined
executed snippet estimated_duration=34.0, duration=0.000181913375854
calculate duration
testing...
no interpolation path defined
executed snippet estimated_duration=4.0, duration=6.38961791992e-05
calculate duration
testing...
no interpolation path defined
executed snippet estimated_duration=36.0, duration=0.000116109848022
executed snippet estimated_duration=106.0, duration=0.0082380771637
script duration name:air_x1 seconds:106.0
Script duration 240.0
Run total estimated duration= 241.000
script duration name:unknown120_60 seconds:214.0
script duration name:co2 seconds:0.0
Script duration 214.0
Run total estimated duration= 215.000
script duration name:unknown120_60 seconds:214.0
script duration name:co2 seconds:0.0
Script duration 214.0
Run total estimated duration= 215.000
script duration name:unknown120_60 seconds:214.0
script duration name:co2 seconds:0.0
Script duration 214.0
Run total estimated duration= 215.000
script duration name:unknown120_60 seconds:214.0
script duration name:co2 seconds:0.0
Script duration 214.0
Run total estimated duration= 215.000
script duration name:unknown120_60 seconds:214.0
script duration name:co2 seconds:0.0
Script duration 214.0
Run total estimated duration= 215.000
script duration name:unknown400_120 seconds:556.0
loading script "jan_unknown400_120.py"
loading script "jan_pump_ms.py"
loading script "jan_cocktail_x1.py"
loading script "jan_pump_extraction_line.py"
testing...
no interpolation path defined
calculate duration
testing...
no interpolation path defined
executed snippet estimated_duration=0, duration=5.29289245605e-05
calculate duration
testing...
no interpolation path defined
executed snippet estimated_duration=0, duration=9.89437103271e-05
calculate duration
testing...
no interpolation path defined
executed snippet estimated_duration=32.0, duration=9.20295715332e-05
calculate duration
testing...
no interpolation path defined
executed snippet estimated_duration=34.0, duration=9.91821289062e-05
calculate duration
testing...
no interpolation path defined
executed snippet estimated_duration=4.0, duration=6.60419464111e-05
calculate duration
testing...
no interpolation path defined
executed snippet estimated_duration=38.0, duration=9.79900360107e-05
executed snippet estimated_duration=108.0, duration=0.0082368850708
script duration name:cocktail_x1 seconds:108.0
Script duration 664.0
Run total estimated duration= 665.000
script duration name:unknown400_120 seconds:556.0
cocktail_x1 in script context. using previous estimated duration
script duration name:cocktail_x1 seconds:108.0
Script duration 664.0
Run total estimated duration= 665.000
script duration name:unknown120_60 seconds:214.0
script duration name:co2 seconds:0.0
Script duration 214.0
Run total estimated duration= 215.000
script duration name:unknown120_60 seconds:214.0
script duration name:co2 seconds:0.0
Script duration 214.0
Run total estimated duration= 215.000
script duration name:unknown120_60 seconds:214.0
script duration name:co2 seconds:0.0
Script duration 214.0
Run total estimated duration= 215.000
script duration name:unknown400_120 seconds:556.0
script duration name:co2 seconds:0.0
Script duration 556.0
Run total estimated duration= 557.000
script duration name:unknown120_60 seconds:214.0
script duration name:co2 seconds:0.0
Script duration 214.0
Run total estimated duration= 215.000
script duration name:unknown120_60 seconds:214.0
script duration name:co2 seconds:0.0
Script duration 214.0
Run total estimated duration= 215.000
script duration name:unknown120_60 seconds:214.0
script duration name:co2 seconds:0.0
Script duration 214.0
Run total estimated duration= 215.000
script duration name:unknown120_60 seconds:214.0
script duration name:co2 seconds:0.0
Script duration 214.0
Run total estimated duration= 215.000
script duration name:unknown120_60 seconds:214.0
script duration name:co2 seconds:0.0
Script duration 214.0
Run total estimated duration= 215.000
script duration name:unknown120_60 seconds:214.0
script duration name:co2 seconds:0.0
Script duration 214.0
Run total estimated duration= 215.000
script duration name:unknown120_60 seconds:214.0
script duration name:co2 seconds:0.0
Script duration 214.0
Run total estimated duration= 215.000
script duration name:unknown120_60 seconds:214.0
script duration name:co2 seconds:0.0
Script duration 214.0
Run total estimated duration= 215.000
script duration name:unknown120_60 seconds:214.0
script duration name:co2 seconds:0.0
Script duration 214.0
Run total estimated duration= 215.000
script duration name:unknown120_60 seconds:214.0
script duration name:co2 seconds:0.0
Script duration 214.0
Run total estimated duration= 215.000
script duration name:unknown120_60 seconds:214.0
script duration name:co2 seconds:0.0
Script duration 214.0
Run total estimated duration= 215.000
script duration name:unknown120_60 seconds:214.0
script duration name:co2 seconds:0.0
Script duration 214.0
Run total estimated duration= 215.000
script duration name:unknown400_120 seconds:556.0
script duration name:co2 seconds:0.0
Script duration 556.0
Run total estimated duration= 557.000
script duration name:unknown400_120 seconds:556.0
script duration name:sniffair_x2 seconds:250.0
Script duration 806.0
Run total estimated duration= 807.000
script duration name:unknown400_120 seconds:556.0
script duration name:cocktail_x1 seconds:108.0
Script duration 664.0
Run total estimated duration= 665.000
script duration name:unknown400_120 seconds:556.0
script duration name:sniffair_x2 seconds:250.0
Script duration 806.0
Run total estimated duration= 807.000
script duration name:unknown400_120 seconds:556.0
script duration name:cocktail_x1 seconds:108.0
Script duration 664.0
Run total estimated duration= 665.000
ic_peak_hop3 in script context. using previous estimated duration
script duration name:ic_peak_hop3 seconds:134.0
air_x1 in script context. using previous estimated duration
script duration name:air_x1 seconds:106.0
Script duration 240.0
Run total estimated duration= 241.000
script duration name:unknown120_60 seconds:214.0
script duration name:co2 seconds:0.0
Script duration 214.0
Run total estimated duration= 215.000
script duration name:unknown120_60 seconds:214.0
script duration name:co2 seconds:0.0
Script duration 214.0
Run total estimated duration= 215.000
script duration name:unknown120_60 seconds:214.0
script duration name:co2 seconds:0.0
Script duration 214.0
Run total estimated duration= 215.000
script duration name:unknown120_60 seconds:214.0
script duration name:co2 seconds:0.0
Script duration 214.0
Run total estimated duration= 215.000
script duration name:unknown120_60 seconds:214.0
script duration name:co2 seconds:0.0
Script duration 214.0
Run total estimated duration= 215.000
script duration name:unknown120_60 seconds:214.0
script duration name:co2 seconds:0.0
Script duration 214.0
Run total estimated duration= 215.000
script duration name:unknown120_60 seconds:214.0
script duration name:co2 seconds:0.0
Script duration 214.0
Run total estimated duration= 215.000
script duration name:unknown120_60 seconds:214.0
script duration name:co2 seconds:0.0
Script duration 214.0
Run total estimated duration= 215.000
script duration name:unknown120_60 seconds:214.0
script duration name:co2 seconds:0.0
Script duration 214.0
Run total estimated duration= 215.000
script duration name:unknown120_60 seconds:214.0
script duration name:co2 seconds:0.0
Script duration 214.0
Run total estimated duration= 215.000
script duration name:unknown120_60 seconds:214.0
script duration name:co2 seconds:0.0
Script duration 214.0
Run total estimated duration= 215.000
script duration name:unknown120_60 seconds:214.0
script duration name:co2 seconds:0.0
Script duration 214.0
Run total estimated duration= 215.000
script duration name:unknown400_120 seconds:556.0
script duration name:co2 seconds:0.0
Script duration 556.0
Run total estimated duration= 557.000
script duration name:unknown120_60 seconds:214.0
script duration name:co2 seconds:0.0
Script duration 214.0
Run total estimated duration= 215.000
script duration name:unknown120_60 seconds:214.0
script duration name:co2 seconds:0.0
Script duration 214.0
Run total estimated duration= 215.000
script duration name:unknown120_60 seconds:214.0
script duration name:co2 seconds:0.0
Script duration 214.0
Run total estimated duration= 215.000
script duration name:unknown400_120 seconds:556.0
script duration name:cocktail_x1 seconds:108.0
Script duration 664.0
Run total estimated duration= 665.000
script duration name:unknown400_120 seconds:556.0
script duration name:cocktail_x1 seconds:108.0
Script duration 664.0
Run total estimated duration= 665.000
script duration name:unknown120_60 seconds:214.0
script duration name:co2 seconds:0.0
Script duration 214.0
Run total estimated duration= 215.000
script duration name:unknown120_60 seconds:214.0
script duration name:co2 seconds:0.0
Script duration 214.0
Run total estimated duration= 215.000
script duration name:unknown400_120 seconds:556.0
script duration name:co2 seconds:0.0
Script duration 556.0
Run total estimated duration= 557.000
nruns=59 before=5.0, run_dur=19515.0, btw=2610.0
write rem/ex queues
/Users/jan/PychronDev/experiments/rem/CurrentExperiment.rem.txt
/Users/jan/PychronDev/experiments/rem/CurrentExperiment.ex.txt
doing event level: 3
