do run
loading script "jan_unknown120_60.py"
loading script "jan_pump_ms.py"
loading script "jan_co2.py"
loading script "jan_pump_extraction_line.py"
testing...
no interpolation path defined
executed snippet estimated_duration=213.652928, duration=0.000335931777954
script duration name:unknown120_60 seconds:214.0
loading script "jan_unknown120_60.py"
loading script "jan_pump_ms.py"
loading script "jan_co2.py"
loading script "jan_pump_extraction_line.py"
testing...
no interpolation path defined
executed snippet estimated_duration=0, duration=4.00543212891e-05
loading script "jan_unknown120_60.py"
loading script "jan_pump_ms.py"
loading script "jan_co2.py"
loading script "jan_pump_extraction_line.py"
testing...
no interpolation path defined
calculate duration
testing...
no interpolation path defined
executed snippet estimated_duration=0, duration=5.69820404053e-05
calculate duration
testing...
no interpolation path defined
executed snippet estimated_duration=0, duration=9.20295715332e-05
executed snippet estimated_duration=0.0, duration=0.00323486328125
script duration name:co2 seconds:0.0
loading script "jan_unknown120_60.py"
loading script "jan_pump_ms.py"
loading script "jan_co2.py"
loading script "jan_pump_extraction_line.py"
testing...
no interpolation path defined
calculate duration
testing...
no interpolation path defined
executed snippet estimated_duration=4.0, duration=0.00019097328186
executed snippet estimated_duration=4.0, duration=0.00169205665588
Script duration 214.0
Run total estimated duration= 215.000
run duration: 0:03:35
doing event level: 2
00:01:24 -- Setting default integration. t=1.048576
setting integration time = 1.048576
SetIntegrationTime 1.048576 ===>> OK
----------------- start -----------------
**************** Experiment Type: Ar/Ar, Ar/Ar
create new session 4436069840
close session 4436069840
$$$$$ Clearing conditionals
adding conditionals 
Add queue conditionals
add default conditionals
adding default conditionals from /Users/jan/PychronDev/setupfiles/spectrometer/default_conditionals.yaml
Start automated run 65580-02C
loading script "jan_unknown120_60.py"
loading script "jan_pump_ms.py"
loading script "jan_co2.py"
loading script "jan_pump_extraction_line.py"
%%%%%%%%%%%%%%%%%% setting automated run 65580-02C
No value "sensitivity_multiplier" in metadata
$$$$$$$$$$$$$$$ auto_save_detector_ic=False
============================= Pre Extraction Check =============================
loading queue conditionals pre_run_terminations
loading system conditionals pre_run_terminations
loading conditionals from /Users/jan/PychronDev/setupfiles/spectrometer/default_conditionals.yaml
00:01:24 -- ******* Pre Extraction Check *******
Get a measurement from the spectrometer
GetData ===>> H2,-0.153149729015826,H1,0.0244778595526853,AX,-0.0568500144346155,L1,-0.00235443565605821,L2,0.0...
Pre Extraction Termination data. keys=H2,H1,AX,L1,L2,CDD, signals=-0.15315,0.02448,-0.05685,-0.00235,0.04427,0.00283
00:01:24 -- testing system defined conditionals
Checking default pre extraction terminations n=2
testing CDD
evaluate ot="CDD.inactive" t="CDD", ctx="{'CDD': False}"
GetDeflection CDD ===>> 50
testing CDD==2000
evaluate ot="CDD.deflection==2000" t="CDD==2000", ctx="{'CDD': 50.0}"
00:01:24 -- ******* Pre Extraction Check Passed *******
=================================================================================
00:01:24 -- stopping status monitor
stop 4982387056
Alive clients [4989850544]
00:01:24 -- starting status monitor
start 4982387056
Monitor already running
start extraction
do extraction
Analysis started at 00:01:24.299264
Extraction Started jan_co2.py
00:01:24 -- ******* Extraction Started jan_co2.py *******
state changed from not run to extraction
DO EXTRACTION <pychron.extraction_line.pyscript_runner.RemotePyScriptRunner object at 0x12c299590>
testing...
no interpolation path defined
calculate duration
testing...
no interpolation path defined
executed snippet estimated_duration=0, duration=5.10215759277e-05
calculate duration
testing...
no interpolation path defined
executed snippet estimated_duration=0, duration=9.79900360107e-05
executed snippet estimated_duration=100.0, duration=0.00277900695801
Jan CO2 laser analysis
doing GOSUB
testing...
no interpolation path defined
executed snippet estimated_duration=0, duration=4.60147857666e-05
Waiting for CO2 access
wait ('FelixCO2Flag', 0) {}
waiting for FelixCO2Flag = 0
Read FelixCO2Flag ===>> 0
finished waiting
CO2 free
wait ('CO2PumpTimeFlag', 0) {}
waiting for CO2PumpTimeFlag = 0
Read CO2PumpTimeFlag ===>> 0
finished waiting
acquire ('JanCO2Flag',) {'clear': True}
acquire JanCO2Flag
Set JanCO2Flag 1 ===>> OK
JanCO2Flag acquired
set extraction state False (0.75, 'red', 1.5)
CO2 acquired
executed snippet estimated_duration=0, duration=0.0241310596466
WaitForCO2Access.py completed successfully
gosub finished
doing GOSUB
testing...
no interpolation path defined
executed snippet estimated_duration=0, duration=9.48905944824e-05
Prepare for CO2 analysis
close () {'description': 'Jan Inlet'}
closing name=--- desc=Jan Inlet
checking ownership. requestor=129.138.12.150
check software interlocks R
interlocks []
actuate state mode=None-script, software_lock=False
doing actuation None-script close_channel False
Close R ===>> OK
GetIndicatorState R ===>> False
change switch state (True, True)
update switch state R False args=() kw={} ncanvase=2
00:01:24 -- CLOSE  VALVE-R (Jan Inlet)
---------------------------------------- close None (Jan Inlet) result=[(True, True)]
action=close, ok=True, locked=[False]
open () {'description': 'Jan Ion Pump'}
opening name=--- desc=Jan Ion Pump
checking ownership. requestor=129.138.12.150
check software interlocks O
interlocks []
actuate state mode=None-script, software_lock=False
doing actuation None-script open_channel False
Open O ===>> OK
GetIndicatorState O ===>> OK
change switch state (True, True)
update switch state O True args=() kw={} ncanvase=2
00:01:25 -- OPEN   VALVE-O (Jan Ion Pump)
---------------------------------------- open None (Jan Ion Pump) result=[(True, True)], time=0.10 sec
action=open, ok=True, locked=[False]
close () {'description': 'Microbone to Minibone'}
closing name=--- desc=Microbone to Minibone
checking ownership. requestor=129.138.12.150
check software interlocks L
interlocks []
actuate state mode=None-script, software_lock=False
doing actuation None-script close_channel False
Close L ===>> OK
GetIndicatorState L ===>> False
change switch state (True, True)
update switch state L False args=() kw={} ncanvase=2
00:01:25 -- CLOSE  VALVE-L (Microbone to Minibone)
---------------------------------------- close None (Microbone to Minibone) result=[(True, True)]
action=close, ok=True, locked=[False]
open () {'description': 'Microbone to Turbo'}
opening name=--- desc=Microbone to Turbo
checking ownership. requestor=129.138.12.150
check software interlocks U
interlocks []
actuate state mode=None-script, software_lock=False
doing actuation None-script open_channel False
Open U ===>> OK
GetIndicatorState U ===>> OK
change switch state (True, True)
update switch state U True args=() kw={} ncanvase=2
00:01:26 -- OPEN   VALVE-U (Microbone to Turbo)
---------------------------------------- open None (Microbone to Turbo) result=[(True, True)], time=0.14 sec
action=open, ok=True, locked=[False]
open () {'description': 'Microbone to Inlet Pipette'}
opening name=--- desc=Microbone to Inlet Pipette
checking ownership. requestor=129.138.12.150
check software interlocks S
interlocks []
actuate state mode=None-script, software_lock=False
doing actuation None-script open_channel False
Open S ===>> OK
GetIndicatorState S ===>> OK
change switch state (True, True)
update switch state S True args=() kw={} ncanvase=2
00:01:26 -- OPEN   VALVE-S (Microbone to Inlet Pipette)
---------------------------------------- open None (Microbone to Inlet Pipette) result=[(True, True)], time=0.43 sec
action=open, ok=True, locked=[False]
open () {'description': 'Microbone to Getter D-50'}
opening name=--- desc=Microbone to Getter D-50
checking ownership. requestor=129.138.12.150
check software interlocks K
interlocks []
actuate state mode=None-script, software_lock=False
doing actuation None-script open_channel False
Open K ===>> OK
GetIndicatorState K ===>> OK
change switch state (True, True)
update switch state K True args=() kw={} ncanvase=2
00:01:27 -- OPEN   VALVE-K (Microbone to Getter D-50)
---------------------------------------- open None (Microbone to Getter D-50) result=[(True, True)], time=0.41 sec
action=open, ok=True, locked=[False]
open () {'description': 'Microbone to Getter NP-10'}
opening name=--- desc=Microbone to Getter NP-10
checking ownership. requestor=129.138.12.150
check software interlocks M
interlocks []
actuate state mode=None-script, software_lock=False
doing actuation None-script open_channel False
Open M ===>> OK
GetIndicatorState M ===>> OK
change switch state (True, True)
update switch state M True args=() kw={} ncanvase=2
00:01:27 -- OPEN   VALVE-M (Microbone to Getter NP-10)
---------------------------------------- open None (Microbone to Getter NP-10) result=[(True, True)], time=0.17 sec
action=open, ok=True, locked=[False]
close () {'description': 'CO2 Laser to Felix'}
closing name=--- desc=CO2 Laser to Felix
checking ownership. requestor=129.138.12.150
check software interlocks F
interlocks []
actuate state mode=None-script, software_lock=True
VALVE-F(CO2 Laser to Felix) software locked
change switch state (True, False)
---------------------------------------- close None (CO2 Laser to Felix) result=[(True, False)]
action=close, ok=True, locked=[True]
open () {'description': 'CO2 Laser to Jan'}
opening name=--- desc=CO2 Laser to Jan
checking ownership. requestor=129.138.12.150
check software interlocks A
interlocks []
actuate state mode=None-script, software_lock=False
doing actuation None-script open_channel False
Open A ===>> OK
GetIndicatorState A ===>> OK
change switch state (True, True)
update switch state A True args=() kw={} ncanvase=2
00:01:28 -- OPEN   VALVE-A (CO2 Laser to Jan)
---------------------------------------- open None (CO2 Laser to Jan) result=[(True, True)], time=0.15 sec
action=open, ok=True, locked=[False]
open () {'description': 'Microbone to CO2 Laser'}
opening name=--- desc=Microbone to CO2 Laser
checking ownership. requestor=129.138.12.150
check software interlocks T
interlocks []
actuate state mode=None-script, software_lock=False
doing actuation None-script open_channel False
Open T ===>> OK
GetIndicatorState T ===>> OK
change switch state (True, True)
update switch state T True args=() kw={} ncanvase=2
00:01:29 -- OPEN   VALVE-T (Microbone to CO2 Laser)
---------------------------------------- open None (Microbone to CO2 Laser) result=[(True, True)], time=0.43 sec
action=open, ok=True, locked=[False]
executed snippet estimated_duration=0, duration=5.00956392288
PrepareForCO2Analysis.py completed successfully
gosub finished
set_motor ('beam', '1.25') {}
setting motor "beam" to 1.25
set motor beam to 1.25
SetMotor beam,1.25 ===>> OK
GetMotorMoving beam ===>> False
GetMotorMoving beam ===>> False
Block completed
move_to_position ('190',) {'autocenter': True}
FusionsCO2 move to position 190
sending GoToHole 190,True
GoToHole 190,True ===>> OK
GetDriveMoving ===>> False
GetDriveMoving ===>> False
Block completed
GetAutoCorrecting ===>> False
GetAutoCorrecting ===>> False
Block completed
update position
GetPosition ===>> 0.00000,-9.96950,1.00000
got position (0.0, -9.9695, 1.0)
move to position succeeded
sleep (5,) {}
SLEEP 5.0
block started
WaitControl setup for 5.0  
Join finished
block finished. duration 5.04861092567
close () {'description': 'Microbone to Turbo'}
closing name=--- desc=Microbone to Turbo
checking ownership. requestor=129.138.12.150
check software interlocks U
interlocks []
actuate state mode=None-script, software_lock=False
doing actuation None-script close_channel True
Close U ===>> OK
GetIndicatorState U ===>> False
change switch state (True, True)
update switch state U False args=() kw={} ncanvase=2
00:01:37 -- CLOSE  VALVE-U (Microbone to Turbo)
---------------------------------------- close None (Microbone to Turbo) result=[(True, True)]
action=close, ok=True, locked=[False]
enable laser
enable () {}
set extraction state FusionsCO2 Enabled (False, 'red', 1.5)
enabling laser
Enable ===>> OK
begin interval
BEGIN INTERVAL Interval 1 waiting for 30.0
block started
set extract to 5.0
WaitControl setup for 30.0  
extract (5.0,) {}
GetPosition ===>> 0.00000,-9.96950,1.00000
set extraction state FusionsCO2 ON! 5.0(watts) (0.75, 'red', 1.5)
extract sample to 5.0 (watts)
set laser output
SetLaserOutput 5.0,watts ===>> OK
executing pattern triangle.lp
execute_pattern ('triangle.lp',) {}
executing pattern triangle.lp
IsPatterning ===>> OK
IsPatterning ===>> OK
IsPatterning ===>> OK
IsPatterning ===>> OK
IsPatterning ===>> OK
IsPatterning ===>> OK
IsPatterning ===>> OK
IsPatterning ===>> OK
IsPatterning ===>> OK
IsPatterning ===>> OK
IsPatterning ===>> OK
IsPatterning ===>> OK
IsPatterning ===>> OK
IsPatterning ===>> OK
IsPatterning ===>> OK
IsPatterning ===>> OK
IsPatterning ===>> OK
IsPatterning ===>> OK
IsPatterning ===>> OK
IsPatterning ===>> OK
IsPatterning ===>> OK
IsPatterning ===>> OK
IsPatterning ===>> OK
IsPatterning ===>> OK
IsPatterning ===>> OK
IsPatterning ===>> OK
IsPatterning ===>> False
IsPatterning ===>> False
Block completed
COMPLETE INTERVAL waiting for Interval 1 to complete
Join finished
block finished. duration 30.1427688599
Interval 1 finished
end_extract () {}
ending extraction. set laser power to 0
set laser power 0
SetLaserPower 0 ===>> OK
disable () {}
%%%%%%%%%%%%%%%%%%%%%%%%%%%%%%%%%%% disable
set extraction state False (0.75, 'red', 1.5)
disabling laser
Disable ===>> OK
sleep (30.0,) {}
SLEEP 30.0
block started
WaitControl setup for 30.0  
Join finished
block finished. duration 30.1742959023
executed snippet estimated_duration=166.5, duration=74.5565230846
jan_co2.py completed successfully
GetAchievedOutput ===>> No Response
Requested Output= 0.000
Achieved Output=  0.000
GetResponseBlob ===>> No Response
GetOutputBlob ===>> No Response
persistence save...
persistence save - db
AutomatedRunPersister post_extraction_save deprecated
persistence save - dvc
no extraction position for 190
create new session 4989601072
close session 4989601072
Extraction Finished
00:02:38 -- ******* Extraction Finished *******
no overlap. not waiting for min ms pumptime
00:02:38 -- Sending spectrometer configuration
======== Sending configuration ========
SetDeflection CDD,50.0 ===>> OK
SetDeflection H2,0.0 ===>> OK
SetDeflection H1,0.0 ===>> OK
SetDeflection L2,825.0 ===>> OK
SetDeflection L1,400.0 ===>> OK
SetDeflection AX,190.0 ===>> OK
SetZFocus 74.64 ===>> OK
SetZSymmetry -50.72 ===>> OK
SetExtractionLens 26.13 ===>> OK
SetIonRepeller -3.81 ===>> OK
SetElectronEnergy 75.08 ===>> OK
SetYSymmetry -2.81 ===>> OK
SetIonCounterVoltage 1590.0 ===>> OK
send trap current 200.0
GetParameter Trap Current Readback ===>> 198.482695477019
SetParameter Trap Current Set,200.0 ===>> OK
updating mftable name mftable
Using mftable located at /Users/jan/PychronDev/setupfiles/spectrometer/mftables/mftable.csv
============ MFtable ===========
Isotope  H2     H1     AX     L1     L2     CDD    
Ar40     5.8068 5.8791 5.9927 6.1468 6.2310 6.3750
Ar39     5.7061 5.7714 5.8851 6.0328 6.1161 6.2615
Ar36     5.3836 5.4404 5.5484 5.6917 5.7711 5.9126
================================
get initial guess parabolic
get initial guess parabolic
get initial guess parabolic
get initial guess parabolic
get initial guess parabolic
get initial guess parabolic
======== Configuration Finished ========
GetYSymmetry ===>> -2.81
GetZSymmetry ===>> -50.72
GetParameter Trap Current Readback ===>> 198.035158395898
GetHighVoltage ===>> 4499.94659342336
start measurement
do measurement
L#=65580 analysis type=unknown
Measurement Started jan_unknown120_60.py
00:02:39 -- ******* Measurement Started jan_unknown120_60.py *******
state changed from extraction to measurement
setting spec, defl, and gains
GetExtractionLens ===>> 26.13
GetYSymmetry ===>> -2.81
GetZSymmetry ===>> -50.72
GetZFocus ===>> 74.64
GetDeflection H2 ===>> 0
GetDeflection H1 ===>> 0
GetDeflection AX ===>> 190
GetDeflection L1 ===>> 400
GetDeflection L2 ===>> 825
GetDeflection CDD ===>> 50
GetGain H2 ===>> 0.0113
GetGain H1 ===>> 0.1
GetGain AX ===>> 0.097049
GetGain L1 ===>> 0.010355
GetGain L2 ===>> 0.095649
GetGain CDD ===>> 0
pre measurement save
New frame /Users/jan/PychronDev/data/isotopes/07/c237d2-7d11-46d4-8abf-41b75669fd19.h5
flush and close file /Users/jan/PychronDev/data/isotopes/07/c237d2-7d11-46d4-8abf-41b75669fd19.h5
testing...
no interpolation path defined
executed snippet estimated_duration=226.132928, duration=0.000236034393311
unknown measurement script
activate_detectors ('H2', 'H1', 'AX', 'L1', 'L2', 'CDD') {}
activate detectors
*************** Set Analysis View Ar/Ar
create graphs
clearing graphs
clear isotope group
setting isotope det=H2, iso=PM41
setting isotope det=H1, iso=Ar40
setting isotope det=AX, iso=Ar39
setting isotope det=L1, iso=Ar38
setting isotope det=L2, iso=Ar37
setting isotope det=CDD, iso=Ar36
setting previous blanks
 - setting Ar40 blank 0.156+/-0.008
 - setting Ar36 blank 0.00426+/-0.00016
 - setting Ar37 blank 0.049+/-0.005
 - setting Ar38 blank 0.0133+/-0.0021
 - setting PM41 blank 0.03+/-0.06
 - setting Ar39 blank 0.005+/-0.009
load analysis view
position_magnet ('Ar40',) {'detector': 'H1'}
detector Detector(H1)
POSITION Ar40 H1
setting detector H2 to PM41 (40.9624)
setting detector H1 to Ar40 (39.9624)
setting detector AX to Ar39 (38.9624)
setting detector L1 to Ar38 (37.9624)
setting detector L2 to Ar37 (36.9624)
setting detector CDD to Ar36 (35.9624)
Mapping mass to dac mass func: "parabolic"
H1 map mass coeffs = [-0.00063987  0.15840543  0.57074999]
H1 map mass to dac 39.9624 >> 5.87914
GetDeflection H1 ===>> 0
GetHighVoltage ===>> 4499.94659342336
positioning Ar40 (5.8791053783) on H1
setting magnet DAC
current  : 5.879105
requested: 5.879105
Delta Dac: 0.000000
Checking detector protection. dv=0.00000
Checking detector "CDD". Protection Threshold: 0.1 (V)
SetMagnetDAC 5.8791053783 ===>> OK
Magnet settling time: 0.500
equilibrate () {'delay': 3, 'inlet': 'R', 'outlet': 'O', 'eqtime': 12.0}
Equilibration Started
00:02:40 -- ******* Equilibration Started *******
checking ownership. requestor=129.138.12.150
check software interlocks O
interlocks []
actuate state mode=None-script, software_lock=False
doing actuation None-script close_channel True
Close O ===>> OK
GetIndicatorState O ===>> False
change switch state (True, True)
update switch state O False args=() kw={} ncanvase=2
00:02:40 -- CLOSE  VALVE-O (Jan Ion Pump)
waiting 3s before opening inlet value ('R',)
update labels <pychron.experiment.plot_panel.PlotPanel object at 0x12d5a6ef0>
update labels "<pychron.graph.stacked_regression_graph.StackedRegressionGraph object at 0x1961d74d0>"
setting label 0 H2 PM41
setting label 1 H1 Ar40
setting label 2 AX Ar39
setting label 3 L1 Ar38
setting label 4 L2 Ar37
setting label 5 CDD Ar36
update labels "<pychron.graph.stacked_graph.StackedGraph object at 0x1821da170>"
setting label 0 H2 PM41
setting label 1 H1 Ar40
setting label 2 AX Ar39
setting label 3 L1 Ar38
setting label 4 L2 Ar37
setting label 5 CDD Ar36
checking ownership. requestor=129.138.12.150
check software interlocks R
interlocks []
actuate state mode=None-script, software_lock=False
doing actuation None-script open_channel True
Open R ===>> OK
GetIndicatorState R ===>> OK
change switch state (True, True)
update switch state R True args=() kw={} ncanvase=2
00:02:44 -- OPEN   VALVE-R (Jan Inlet)
equilibrating for 12.0sec
set_time_zero () {}
sniff (12.0,) {}
py_sniff
build tables- sniff [Detector(H2), Detector(H1), Detector(AX), Detector(L1), Detector(L2), Detector(CDD)]
add group /sniff/PM41 (Group) '' table H2
add group /sniff/Ar40 (Group) '' table H1
add group /sniff/Ar39 (Group) '' table AX
add group /sniff/Ar38 (Group) '' table L1
add group /sniff/Ar37 (Group) '' table L2
add group /sniff/Ar36 (Group) '' table CDD
flush and close file /Users/jan/PychronDev/data/isotopes/07/c237d2-7d11-46d4-8abf-41b75669fd19.h5
measuring sniff. ncounts=12.0
"sniff" increment series count="1" fit count="0" regressing="False"
starting measurement
GetData ===>> H2,-0.243221254283247,H1,-0.0529753314622237,AX,-0.0810321061113717,L1,-0.00503940786381599,L2,-0...
GetData ===>> H2,0.458127403365322,H1,44.0314674657732,AX,12.1444827148432,L1,0.0607931852740969,L2,0.387680184...
GetData ===>> H2,0.76540875479639,H1,119.579548517566,AX,30.3548442069356,L1,0.319774427580337,L2,0.25265303098...
GetData ===>> H2,0.15152756126284,H1,145.655192323264,AX,35.8902376989829,L1,0.433956134102874,L2,0.25441124715...
GetData ===>> H2,0.0255514832903464,H1,154.52069053248,AX,37.4547565484212,L1,0.459179582786169,L2,0.2403464214...
GetData ===>> H2,-0.0264120189189221,H1,157.955584559547,AX,38.0241169430748,L1,0.461085607349107,L2,0.17757079...
GetData ===>> H2,-0.00429380488949873,H1,159.415820283615,AX,38.2216651257792,L1,0.430873224568455,L2,0.0536979...
GetData ===>> H2,-0.0586440483008795,H1,160.052870720366,AX,38.2767967602029,L1,0.479628992802195,L2,0.19836972...
GetData ===>> H2,-0.070543437223509,H1,160.282252298834,AX,38.2631397783489,L1,0.51460317674812,L2,0.1611333742...
GetData ===>> H2,-0.0620055565865813,H1,160.240166098076,AX,38.2538278563,L1,0.470345298396486,L2,0.13906535390...
GetData ===>> H2,-0.13106058106323,H1,160.292946939289,AX,38.1913975378557,L1,0.471627385366058,L2,0.1442312095...
Equilibration Finished
00:02:56 -- ******* Equilibration Finished *******
checking ownership. requestor=129.138.12.150
check software interlocks R
interlocks []
actuate state mode=None-script, software_lock=False
doing actuation None-script close_channel True
GetData ===>> H2,-0.123538719728253,H1,160.289489347265,AX,38.2503169969963,L1,0.493364904553252,L2,0.144482097...
Close R ===>> OK
GetIndicatorState R ===>> False
change switch state (True, True)
update switch state R False args=() kw={} ncanvase=2
00:02:57 -- CLOSE  VALVE-R (Jan Inlet)
Post Equilibration Started jan_pump_extraction_line.py
00:02:57 -- ******* Post Equilibration Started jan_pump_extraction_line.py *******
testing...
no interpolation path defined
calculate duration
testing...
no interpolation path defined
executed snippet estimated_duration=4.0, duration=0.000146150588989
executed snippet estimated_duration=4.0, duration=0.00149989128113
Pump after analysis
doing GOSUB
testing...
no interpolation path defined
executed snippet estimated_duration=4.0, duration=0.000137090682983
Pump Microbone
close () {'description': 'Jan Inlet'}
closing name=--- desc=Jan Inlet
checking ownership. requestor=129.138.12.150
check software interlocks R
interlocks []
actuate state mode=None-script, software_lock=False
doing actuation None-script close_channel False
Close R ===>> OK
measurement finished
estimated time: 12.583 actual time: :12.674
flush and close file /Users/jan/PychronDev/data/isotopes/07/c237d2-7d11-46d4-8abf-41b75669fd19.h5
set_fits () {}
using default fits file=/Users/jan/PychronDev/scripts/measurement/fits/nominal_linear.yaml
set "Ar40" to "('Linear', 'SEM')"
No fit for "PM41". defaulting to linear. check the measurement script "jan_unknown120_60.py"
set "PM41" to "linear"
set "Ar36" to "('Linear', 'SEM')"
set "Ar37" to "('linear', 'SEM')"
set "Ar38" to "('linear', 'SEM')"
set "Ar39" to "('Linear', 'SEM')"
set_baseline_fits () {}
GetIndicatorState R ===>> False
change switch state (True, True)
using default fits file=/Users/jan/PychronDev/scripts/measurement/fits/nominal_linear.yaml
update switch state R False args=() kw={} ncanvase=2
set "H1" to "('average', 'SEM')"
set "H2" to "('average', 'SEM')"
set "CDD" to "('average', 'SEM')"
00:02:57 -- CLOSE  VALVE-R (Jan Inlet)
set "L2" to "('average', 'SEM')"
---------------------------------------- close None (Jan Inlet) result=[(True, True)]
set "L1" to "('average', 'SEM')"
set "AX" to "('average', 'SEM')"
multicollect () {'integration_time': 1, 'ncounts': 120}
build tables- signal [Detector(H2), Detector(H1), Detector(AX), Detector(L1), Detector(L2), Detector(CDD)]
add group /signal/PM41 (Group) '' table H2
add group /signal/Ar40 (Group) '' table H1
add group /signal/Ar39 (Group) '' table AX
add group /signal/Ar38 (Group) '' table L1
add group /signal/Ar37 (Group) '' table L2
add group /signal/Ar36 (Group) '' table CDD
flush and close file /Users/jan/PychronDev/data/isotopes/07/c237d2-7d11-46d4-8abf-41b75669fd19.h5
measuring signal. ncounts=120
action=close, ok=True, locked=[False]
is_closed ('F',) {}
is F () closed?
is closed True
open () {'description': 'CO2 Laser to Jan'}
opening name=--- desc=CO2 Laser to Jan
checking ownership. requestor=129.138.12.150
check software interlocks A
interlocks []
actuate state mode=None-script, software_lock=False
doing actuation None-script open_channel False
Open A ===>> OK
GetIndicatorState A ===>> OK
change switch state (True, True)
update switch state A True args=() kw={} ncanvase=2
00:02:58 -- OPEN   VALVE-A (CO2 Laser to Jan)
---------------------------------------- open None (CO2 Laser to Jan) result=[(True, True)], time=0.13 sec
starting measurement
GetData ===>> H2,-0.179021255974792,H1,160.560846436566,AX,38.2960080710282,L1,0.52975775242491,L2,0.2232933078...
action=open, ok=True, locked=[False]
sleep (1,) {}
SLEEP 1.0
"signal" increment series count="2" fit count="1" regressing="True"
close () {'description': 'CO2 Laser to Roughing'}
closing name=--- desc=CO2 Laser to Roughing
GetData ===>> H2,0.00919034280011915,H1,160.314918157597,AX,38.4997862677347,L1,0.523744723817452,L2,0.16948291...
checking ownership. requestor=129.138.12.150
check software interlocks G
interlocks []
actuate state mode=None-script, software_lock=True
VALVE-G(CO2 Laser to Roughing) software locked
change switch state (True, False)
---------------------------------------- close None (CO2 Laser to Roughing) result=[(True, False)]
action=close, ok=True, locked=[True]
open () {'description': 'Microbone to Turbo'}
opening name=--- desc=Microbone to Turbo
checking ownership. requestor=129.138.12.150
check software interlocks U
interlocks []
actuate state mode=None-script, software_lock=False
doing actuation None-script open_channel True
Open U ===>> OK
GetIndicatorState U ===>> OK
change switch state (True, True)
update switch state U True args=() kw={} ncanvase=2
00:02:59 -- OPEN   VALVE-U (Microbone to Turbo)
---------------------------------------- open None (Microbone to Turbo) result=[(True, True)], time=0.21 sec
action=open, ok=True, locked=[False]
open () {'description': 'Microbone to Getter NP-10'}
opening name=--- desc=Microbone to Getter NP-10
checking ownership. requestor=129.138.12.150
check software interlocks M
interlocks []
actuate state mode=None-script, software_lock=False
doing actuation None-script open_channel False
Open M ===>> OK
GetIndicatorState M ===>> OK
change switch state (True, True)
update switch state M True args=() kw={} ncanvase=2
00:02:59 -- OPEN   VALVE-M (Microbone to Getter NP-10)
---------------------------------------- open None (Microbone to Getter NP-10) result=[(True, True)], time=0.17 sec
action=open, ok=True, locked=[False]
open () {'description': 'Microbone to Getter D-50'}
opening name=--- desc=Microbone to Getter D-50
checking ownership. requestor=129.138.12.150
check software interlocks K
interlocks []
actuate state mode=None-script, software_lock=False
doing actuation None-script open_channel False
GetData ===>> H2,-0.157007178930738,H1,160.295266354959,AX,38.3425642203892,L1,0.481958594767102,L2,0.137240835...
Open K ===>> OK
GetIndicatorState K ===>> OK
change switch state (True, True)
update switch state K True args=() kw={} ncanvase=2
00:03:00 -- OPEN   VALVE-K (Microbone to Getter D-50)
---------------------------------------- open None (Microbone to Getter D-50) result=[(True, True)], time=0.43 sec
action=open, ok=True, locked=[False]
open () {'description': 'Microbone to CO2 Laser'}
opening name=--- desc=Microbone to CO2 Laser
checking ownership. requestor=129.138.12.150
check software interlocks T
interlocks []
actuate state mode=None-script, software_lock=False
doing actuation None-script open_channel False
Open T ===>> OK
GetIndicatorState T ===>> OK
change switch state (True, True)
update switch state T True args=() kw={} ncanvase=2
00:03:01 -- OPEN   VALVE-T (Microbone to CO2 Laser)
---------------------------------------- open None (Microbone to CO2 Laser) result=[(True, True)], time=0.41 sec
GetData ===>> H2,-0.174502056501073,H1,160.250885437945,AX,38.2379951347316,L1,0.466911221042405,L2,0.131528038...
action=open, ok=True, locked=[False]
open () {'description': 'Microbone to Inlet Pipette'}
opening name=--- desc=Microbone to Inlet Pipette
checking ownership. requestor=129.138.12.150
check software interlocks S
interlocks []
actuate state mode=None-script, software_lock=False
doing actuation None-script open_channel False
Open S ===>> OK
GetIndicatorState S ===>> OK
change switch state (True, True)
update switch state S True args=() kw={} ncanvase=2
00:03:02 -- OPEN   VALVE-S (Microbone to Inlet Pipette)
---------------------------------------- open None (Microbone to Inlet Pipette) result=[(True, True)], time=0.68 sec
testing H1>-5.0
evaluate ot="H1.bs>-5.0" t="H1>-5.0", ctx="{'H1': None}"
GetData ===>> H2,-0.26729971222098,H1,160.336118733829,AX,38.2509136968436,L1,0.485248196332117,L2,0.3301414656...
action=open, ok=True, locked=[False]
sleep (1,) {}
SLEEP 1.0
set_resource () {'name': 'CO2PumpTimeFlag', 'value': 30}
GetData ===>> H2,-0.246336240582938,H1,160.13979184419,AX,38.1574507973031,L1,0.462859818699028,L2,0.1051122091...
Set CO2PumpTimeFlag 30 ===>> OK
release ('JanCO2Flag',) {}
release JanCO2Flag
Set JanCO2Flag 0 ===>> OK
executed snippet estimated_duration=6.0, duration=6.32550597191
PumpMicrobone.py completed successfully
gosub finished
get_resource_value () {'name': 'JanMiniboneFlag'}
Read JanMiniboneFlag ===>> 0
Get Resource Value JanMiniboneFlag=0.0
get resource value 0.0
get_resource_value () {'name': 'JanMiniboneFlag'}
Read JanMiniboneFlag ===>> 0
Get Resource Value JanMiniboneFlag=0.0
executed snippet estimated_duration=4.0, duration=6.3389108181
jan_pump_extraction_line.py completed successfully
Post Equilibration Finished
00:03:03 -- ******* Post Equilibration Finished *******
GetData ===>> H2,-0.192065249588048,H1,159.928065658076,AX,38.2391745358477,L1,0.477961564633353,L2,0.119271190...
GetData ===>> H2,-0.149924512417818,H1,159.770511684712,AX,37.9835829880841,L1,0.491571157183749,L2,0.159399681...
GetData ===>> H2,-0.198471186820674,H1,159.799253974004,AX,38.1182280755226,L1,0.484124110632391,L2,0.230278553...
testing H1>-5.0
evaluate ot="H1.bs>-5.0" t="H1>-5.0", ctx="{'H1': None}"
GetData ===>> H2,-0.218955502697753,H1,159.86823273939,AX,37.9643233600833,L1,0.456436993151696,L2,0.1069817129...
GetData ===>> H2,-0.185502645103595,H1,159.829288134688,AX,37.9801994964173,L1,0.451696270228735,L2,0.125963804...
GetData ===>> H2,-0.123500854933217,H1,159.86353319136,AX,37.9571832715503,L1,0.471768621173794,L2,0.2020211234...
GetData ===>> H2,-0.116121571364674,H1,159.705038569215,AX,38.0489303778039,L1,0.479734593309802,L2,0.148713071...
GetData ===>> H2,-0.0869047281229663,H1,159.767037181599,AX,38.1357913392602,L1,0.510780716366572,L2,0.29971324...
testing H1>-5.0
evaluate ot="H1.bs>-5.0" t="H1>-5.0", ctx="{'H1': None}"
GetData ===>> H2,-0.157446209982576,H1,159.774543908213,AX,38.0094115890194,L1,0.498600397421674,L2,0.094135310...
GetData ===>> H2,-0.190893779416087,H1,159.724319144255,AX,38.0381587564756,L1,0.469270875174373,L2,0.112123036...
GetData ===>> H2,-0.0665464277246345,H1,159.57888470214,AX,38.1163276284662,L1,0.467047481891716,L2,0.186355310...
GetData ===>> H2,-0.098168063275796,H1,159.349640721428,AX,37.9708538053626,L1,0.438512931855852,L2,0.132873536...
GetData ===>> H2,-0.0472897580992074,H1,159.470256178048,AX,38.0203330127422,L1,0.477379090083747,L2,0.15438127...
testing H1>-5.0
evaluate ot="H1.bs>-5.0" t="H1>-5.0", ctx="{'H1': None}"
GetData ===>> H2,-0.125587287315259,H1,159.373440277516,AX,37.9770518281869,L1,0.495299157082471,L2,0.144082958...
GetData ===>> H2,-0.142671619174616,H1,159.393150665669,AX,37.9931377233205,L1,0.520630011516445,L2,0.134412901...
GetData ===>> H2,-0.14356210114788,H1,159.29169828658,AX,37.9312053664364,L1,0.496005071267632,L2,0.14614709443...
GetData ===>> H2,-0.109275044422992,H1,159.203514098842,AX,38.0266673538207,L1,0.497888155258459,L2,0.181403940...
GetData ===>> H2,-0.252140066693996,H1,158.899959242488,AX,37.9276293535926,L1,0.502945774191652,L2,0.178243867...
testing H1>-5.0
evaluate ot="H1.bs>-5.0" t="H1>-5.0", ctx="{'H1': None}"
00:03:23 -- collecting point 25
GetData ===>> H2,-0.101369943595869,H1,159.045127594945,AX,37.891168615544,L1,0.448851411930841,L2,0.1290879451...
GetData ===>> H2,-0.0702084855800779,H1,159.141612352368,AX,37.9299994893531,L1,0.464312789170887,L2,0.29023064...
GetData ===>> H2,-0.199857377711829,H1,158.881041914261,AX,37.9595124173132,L1,0.464746020194191,L2,0.116249975...
GetData ===>> H2,-0.162464814949087,H1,158.762734549311,AX,37.8689319308331,L1,0.463813307457051,L2,0.172905065...
GetData ===>> H2,-0.207700718819653,H1,158.781202577496,AX,37.8600245952719,L1,0.464722701346601,L2,0.170041856...
testing H1>-5.0
evaluate ot="H1.bs>-5.0" t="H1>-5.0", ctx="{'H1': None}"
GetData ===>> H2,-0.169652565571527,H1,158.823938226147,AX,37.7899950358063,L1,0.484997569890309,L2,0.197764971...
GetData ===>> H2,-0.103626287212333,H1,158.934674728204,AX,37.8288612179042,L1,0.500720603541185,L2,0.176133408...
GetData ===>> H2,-0.238904602451605,H1,158.751630457198,AX,37.7757807503146,L1,0.467496787188669,L2,0.146363774...
GetData ===>> H2,-0.192596348011713,H1,158.678005671827,AX,37.7687712261308,L1,0.43848962770228,L2,0.1283696119...
GetData ===>> H2,-0.0484748349094946,H1,158.650805084498,AX,37.875235356621,L1,0.46545174712953,L2,0.1889565932...
testing H1>-5.0
evaluate ot="H1.bs>-5.0" t="H1>-5.0", ctx="{'H1': None}"
GetData ===>> H2,-0.174076770170255,H1,158.527846356349,AX,37.8181706413679,L1,0.475226431777039,L2,0.140958328...
GetData ===>> H2,-0.219392038926538,H1,158.790997938495,AX,37.7667764980988,L1,0.45391848079495,L2,0.1634944404...
GetData ===>> H2,-0.228533867448849,H1,158.438845463194,AX,37.6754435570689,L1,0.455199752217349,L2,0.120479702...
GetData ===>> H2,-0.23519299403305,H1,158.470024947564,AX,37.6843576805927,L1,0.500224001101168,L2,0.0809487386...
GetData ===>> H2,-0.224859439582056,H1,158.474940645411,AX,37.6839839380748,L1,0.462649989391418,L2,0.083558555...
testing H1>-5.0
evaluate ot="H1.bs>-5.0" t="H1>-5.0", ctx="{'H1': None}"
GetData ===>> H2,-0.230804709961277,H1,158.251449222903,AX,37.8022018670603,L1,0.427374659488094,L2,0.241967424...
GetData ===>> H2,-0.294928707586731,H1,158.206027321787,AX,37.7355025310249,L1,0.458727754122123,L2,0.160369176...
GetData ===>> H2,-0.224548357669777,H1,158.284065276039,AX,37.7307110723434,L1,0.498971538213959,L2,0.215201560...
GetData ===>> H2,-0.260087298287773,H1,158.29416955356,AX,37.5308521578751,L1,0.498019774891468,L2,0.1293387930...
GetData ===>> H2,-0.220352628728088,H1,158.169810728792,AX,37.5499184494492,L1,0.489276254688702,L2,0.252493194...
testing H1>-5.0
evaluate ot="H1.bs>-5.0" t="H1>-5.0", ctx="{'H1': None}"
GetData ===>> H2,-0.208633093268041,H1,158.042618812647,AX,37.4960621703047,L1,0.464815977053628,L2,0.210522583...
GetData ===>> H2,-0.0892725277098826,H1,158.077114191296,AX,37.4482723337664,L1,0.422912193562596,L2,0.13559879...
GetData ===>> H2,-0.122742180100427,H1,158.03442286771,AX,37.5574877221414,L1,0.41630197240811,L2,0.13377434707...
GetData ===>> H2,-0.112591888650865,H1,158.014745593538,AX,37.6231272216856,L1,0.44238930448361,L2,0.2329609318...
GetData ===>> H2,-0.10766953002067,H1,157.989675904979,AX,37.5978608969663,L1,0.501748302301343,L2,0.1690494490...
testing H1>-5.0
evaluate ot="H1.bs>-5.0" t="H1>-5.0", ctx="{'H1': None}"
00:03:49 -- collecting point 50
GetData ===>> H2,-0.161664094012109,H1,158.088557194957,AX,37.5776933160225,L1,0.505509617961566,L2,0.082624027...
GetData ===>> H2,-0.146823451721677,H1,158.028596291183,AX,37.6604544224825,L1,0.472259891231934,L2,0.116797207...
GetData ===>> H2,-0.0605262898076606,H1,157.83735048786,AX,37.618655027998,L1,0.461717466397552,L2,0.1309807222...
GetData ===>> H2,-0.147808157399291,H1,157.878545377411,AX,37.5110835261875,L1,0.479529532848083,L2,0.110219232...
GetData ===>> H2,-0.174175330011388,H1,157.785802987773,AX,37.5432767153218,L1,0.458620938829341,L2,0.133466474...
testing H1>-5.0
evaluate ot="H1.bs>-5.0" t="H1>-5.0", ctx="{'H1': None}"
GetData ===>> H2,-0.252197888185585,H1,157.584546499207,AX,37.626796487515,L1,0.451828779554312,L2,0.2223916547...
GetData ===>> H2,-0.215119859818261,H1,157.480709431851,AX,37.4476087245558,L1,0.421462278421962,L2,0.071193353...
GetData ===>> H2,-0.209520933318138,H1,157.54527275604,AX,37.4248408548058,L1,0.458532540804076,L2,0.1505264038...
GetData ===>> H2,-0.197969527251881,H1,157.732257101243,AX,37.3932218660072,L1,0.435194461222008,L2,0.176555496...
GetData ===>> H2,-0.211417632691367,H1,157.638558355763,AX,37.4866160331504,L1,0.461072111753353,L2,0.187119714...
testing H1>-5.0
evaluate ot="H1.bs>-5.0" t="H1>-5.0", ctx="{'H1': None}"
GetData ===>> H2,-0.208599410558418,H1,157.364719661215,AX,37.4123914057651,L1,0.446718590582352,L2,0.135712828...
GetData ===>> H2,-0.156122310827752,H1,157.305874566323,AX,37.4102613005167,L1,0.455175205289975,L2,0.157666020...
GetData ===>> H2,-0.252550189477759,H1,157.538386880669,AX,37.4166102361096,L1,0.407115639547526,L2,0.124219347...
GetData ===>> H2,-0.181080484045332,H1,157.341025896041,AX,37.4580195311835,L1,0.446797076463162,L2,0.106149551...
GetData ===>> H2,-0.288796062024121,H1,156.979975418847,AX,37.3609893256987,L1,0.479782482268559,L2,0.200617599...
testing H1>-5.0
evaluate ot="H1.bs>-5.0" t="H1>-5.0", ctx="{'H1': None}"
GetData ===>> H2,-0.186728618804141,H1,157.098492599319,AX,37.4281747673103,L1,0.482241080969745,L2,0.100187837...
GetData ===>> H2,-0.192245879767647,H1,157.289238680193,AX,37.570690157305,L1,0.485556573498013,L2,0.2450611044...
GetData ===>> H2,-0.226895400652919,H1,157.01708012108,AX,37.4485350134604,L1,0.469150546749003,L2,0.0880261800...
GetData ===>> H2,-0.217440968536351,H1,156.867665204264,AX,37.3739587007475,L1,0.467042571559539,L2,0.207852244...
GetData ===>> H2,-0.267998657108611,H1,156.830361348412,AX,37.2813106522141,L1,0.478097971657229,L2,0.114699502...
testing H1>-5.0
evaluate ot="H1.bs>-5.0" t="H1>-5.0", ctx="{'H1': None}"
GetData ===>> H2,-0.327613134595707,H1,156.915214999316,AX,37.274375047056,L1,0.496993924258604,L2,0.1716502620...
GetData ===>> H2,-0.201349905039393,H1,156.850215908571,AX,37.3849934895837,L1,0.508043345709645,L2,0.165752906...
GetData ===>> H2,-0.0895570975633253,H1,156.858305662546,AX,37.2903607208542,L1,0.460434158309492,L2,0.11423208...
GetData ===>> H2,-0.182313682492928,H1,156.949050080418,AX,37.2999918748298,L1,0.480768553092211,L2,0.207772363...
GetData ===>> H2,-0.164504844777215,H1,156.800934695957,AX,37.296026008692,L1,0.500483362265798,L2,0.1961903574...
testing H1>-5.0
evaluate ot="H1.bs>-5.0" t="H1>-5.0", ctx="{'H1': None}"
00:04:16 -- collecting point 75
GetData ===>> H2,-0.0805359184819819,H1,156.656399809341,AX,37.272744825568,L1,0.482728694927731,L2,0.141745177...
GetData ===>> H2,-0.113608408997823,H1,156.602382719065,AX,37.2447528689514,L1,0.475365259761853,L2,0.277189339...
GetData ===>> H2,-0.114630251856468,H1,156.516265670683,AX,37.2185059092256,L1,0.428139217970629,L2,0.271496446...
GetData ===>> H2,-0.179604247140711,H1,156.635046217446,AX,37.2509457509149,L1,0.41606553752543,L2,0.1408785032...
GetData ===>> H2,-0.281673816989949,H1,156.616906179538,AX,37.3121943273483,L1,0.461676977179803,L2,0.061088059...
testing H1>-5.0
evaluate ot="H1.bs>-5.0" t="H1>-5.0", ctx="{'H1': None}"
GetData ===>> H2,-0.269306374187758,H1,156.305856550003,AX,37.1045477655281,L1,0.470092338390115,L2,0.204063687...
GetData ===>> H2,-0.164526444716356,H1,156.301056515665,AX,37.2670668601341,L1,0.456758601941055,L2,0.158224894...
GetData ===>> H2,-0.207835459763275,H1,156.342009633784,AX,37.1558910353741,L1,0.447020273957383,L2,0.141528508...
GetData ===>> H2,-0.206638904014265,H1,156.352886731776,AX,37.1310313136647,L1,0.450171308800167,L2,0.118723944...
GetData ===>> H2,-0.0845943813393202,H1,156.132640762207,AX,37.1791949598698,L1,0.433585890980824,L2,0.18276154...
testing H1>-5.0
evaluate ot="H1.bs>-5.0" t="H1>-5.0", ctx="{'H1': None}"
GetData ===>> H2,-0.0466571236612046,H1,156.00875325089,AX,37.0869736522656,L1,0.431744681060013,L2,0.060985415...
GetData ===>> H2,-0.115212187489089,H1,156.050978146611,AX,37.084834016857,L1,0.477182481631301,L2,0.1012935189...
GetData ===>> H2,-0.165055630363314,H1,156.12671766422,AX,37.1608636195664,L1,0.451594435517065,L2,0.3302442029...
GetData ===>> H2,-0.240186175524769,H1,156.101923463239,AX,37.272040245407,L1,0.444598471899561,L2,0.1890706862...
GetData ===>> H2,-0.261429554466855,H1,156.072359776913,AX,37.0908941190065,L1,0.467895776894953,L2,0.144322441...
testing H1>-5.0
evaluate ot="H1.bs>-5.0" t="H1>-5.0", ctx="{'H1': None}"
GetData ===>> H2,-0.326826039629872,H1,155.907297340062,AX,37.1068948637601,L1,0.445829534498847,L2,0.240700300...
GetData ===>> H2,-0.297355067553721,H1,155.846112214717,AX,37.0325334758794,L1,0.416413453954598,L2,0.124424575...
GetData ===>> H2,-0.196237821706587,H1,155.855109158985,AX,36.9945379910032,L1,0.471272462184123,L2,0.265370403...
GetData ===>> H2,-0.16838542291386,H1,155.73534278169,AX,37.0882436480948,L1,0.455095428180108,L2,0.10610395357...
GetData ===>> H2,-0.125848233403102,H1,155.782043356234,AX,37.0992048427038,L1,0.509257541468211,L2,0.141060960...
testing H1>-5.0
evaluate ot="H1.bs>-5.0" t="H1>-5.0", ctx="{'H1': None}"
GetData ===>> H2,-0.188247077607303,H1,155.71049118175,AX,36.8437753962169,L1,0.49880337698718,L2,0.19536882986...
GetData ===>> H2,-0.144765964853467,H1,155.657082665615,AX,36.9397619366409,L1,0.515453762006247,L2,0.167737662...
GetData ===>> H2,-0.112202040464828,H1,155.757588711454,AX,36.9691823867943,L1,0.515555935425831,L2,0.082316319...
GetData ===>> H2,-0.137094720516322,H1,155.820036376686,AX,37.0009847480991,L1,0.485159739245396,L2,0.055659471...
GetData ===>> H2,-0.153321349258585,H1,155.759327785967,AX,36.9968157121586,L1,0.467398576707386,L2,0.206049237...
testing H1>-5.0
evaluate ot="H1.bs>-5.0" t="H1>-5.0", ctx="{'H1': None}"
00:04:42 -- collecting point 100
GetData ===>> H2,-0.186820325470493,H1,155.278721635393,AX,36.9705625163652,L1,0.406655436895917,L2,0.198312669...
GetData ===>> H2,-0.153086215353915,H1,155.351700303279,AX,36.7954121856058,L1,0.440487005355922,L2,0.197080353...
GetData ===>> H2,-0.189556348776785,H1,155.322665046724,AX,36.7144428562116,L1,0.436250222145625,L2,0.108201469...
GetData ===>> H2,-0.257446307756768,H1,155.300374167005,AX,36.9464678169128,L1,0.494464174605296,L2,0.089359669...
GetData ===>> H2,-0.266303640916584,H1,155.186251375716,AX,37.0297855645949,L1,0.486847926242523,L2,0.178802862...
testing H1>-5.0
evaluate ot="H1.bs>-5.0" t="H1>-5.0", ctx="{'H1': None}"
GetData ===>> H2,-0.250169924946762,H1,155.257749584401,AX,36.8436098287985,L1,0.487418089658912,L2,0.132177980...
GetData ===>> H2,-0.209181433669691,H1,155.243960220644,AX,36.8099079924982,L1,0.46859803630336,L2,0.2530868735...
GetData ===>> H2,-0.0978430863031657,H1,155.096632101888,AX,36.9643658634369,L1,0.47376455147055,L2,0.156411416...
GetData ===>> H2,-0.155761589048769,H1,155.183329371257,AX,36.9480408573982,L1,0.496857397871279,L2,0.127411842...
GetData ===>> H2,-0.216862858840057,H1,154.942875211303,AX,36.7398870122023,L1,0.47184231018966,L2,0.1122826390...
testing H1>-5.0
evaluate ot="H1.bs>-5.0" t="H1>-5.0", ctx="{'H1': None}"
GetData ===>> H2,-0.16849743377948,H1,154.929645803714,AX,36.8207362068887,L1,0.478288452953687,L2,0.1653650849...
GetData ===>> H2,-0.0703766406741134,H1,154.90966597497,AX,36.7810147227091,L1,0.461961632023543,L2,0.092938528...
GetData ===>> H2,-0.0510753272563043,H1,155.026536165882,AX,36.7986670327088,L1,0.486736109097001,L2,0.11847312...
GetData ===>> H2,-0.121652087922587,H1,154.894343985488,AX,36.8868033563173,L1,0.448382864709027,L2,0.262666856...
GetData ===>> H2,-0.182116703571161,H1,154.822471032427,AX,36.6159333242308,L1,0.4369136534851,L2,0.20286552999...
testing H1>-5.0
evaluate ot="H1.bs>-5.0" t="H1>-5.0", ctx="{'H1': None}"
GetData ===>> H2,-0.27127774324096,H1,154.758810444763,AX,36.6634329834607,L1,0.438147430682906,L2,0.1926190459...
GetData ===>> H2,-0.11003326564909,H1,154.697419913874,AX,36.8531579368504,L1,0.456738961421698,L2,0.1821340799...
GetData ===>> H2,-0.0311911033150148,H1,154.506738516235,AX,36.8904180491933,L1,0.452459449161756,L2,0.19995578...
GetData ===>> H2,-0.142279730901404,H1,154.144782193221,AX,36.6994359969805,L1,0.479249576647144,L2,0.143832071...
GetData ===>> H2,-0.32505722156953,H1,154.302557313323,AX,36.6851079097438,L1,0.450400713342248,L2,0.1984153632...
testing H1>-5.0
evaluate ot="H1.bs>-5.0" t="H1>-5.0", ctx="{'H1': None}"
GetData ===>> H2,-0.316714306095235,H1,154.461169577437,AX,36.6651701370013,L1,0.466599423716174,L2,0.147789311...
measurement finished
estimated time: 125.829 actual time: :126.373
flush and close file /Users/jan/PychronDev/data/isotopes/07/c237d2-7d11-46d4-8abf-41b75669fd19.h5
baselines () {'settling_time': 15.0, 'detector': 'H1', 'mass': 34.2, 'ncounts': 60}
%%%%%%%%%%%%%%%%%%%%%%%%%%%%%%%% Baseline
build tables- baseline [Detector(H2), Detector(H1), Detector(AX), Detector(L1), Detector(L2), Detector(CDD)]
add group baseline table H2
add group baseline table H1
add group baseline table AX
add group baseline table L1
add group baseline table L2
add group baseline table CDD
flush and close file /Users/jan/PychronDev/data/isotopes/07/c237d2-7d11-46d4-8abf-41b75669fd19.h5
detector Detector(H1)
POSITION 34.2 H1
Mapping mass to dac mass func: "parabolic"
H1 map mass coeffs = [-0.00063987  0.15840543  0.57074999]
H1 map mass to dac 34.2 >> 5.23979599104
GetDeflection H1 ===>> 0
GetHighVoltage ===>> 4499.94659342336
positioning 34.2 (5.23976513438) on H1
setting magnet DAC
current  : 5.879105
requested: 5.239765
Delta Dac: 0.639340
Checking detector protection. dv=0.63934
Checking detector "CDD". Protection Threshold: 0.1 (V)
ProtectDetector CDD,On ===>> OK
GetDeflection CDD ===>> 2000
Protected = 2000
SetMagnetDAC 5.23976513438 ===>> OK
Magnet settling time: 0.500
GetMagnetMoving ===>> True
GetMagnetMoving ===>> True
GetMagnetMoving ===>> True
GetMagnetMoving ===>> True
GetMagnetMoving ===>> True
GetMagnetMoving ===>> True
GetMagnetMoving ===>> True
GetMagnetMoving ===>> True
GetMagnetMoving ===>> False
ProtectDetector CDD,Off ===>> OK
GetDeflection CDD ===>> 50
Delaying 15.0s for detectors to settle
Join finished
measuring baseline. ncounts=60
"baseline" increment series count="2" fit count="1" regressing="True"
starting measurement
GetData ===>> H2,-0.287831826810697,H1,-0.0717511471935104,AX,-0.0151606343878571,L1,-0.0281337471535533,L2,-0....
GetData ===>> H2,-0.0880257567662337,H1,-0.0475505510029837,AX,0.00978035397048519,L1,-0.0397127161852027,L2,-0...
GetData ===>> H2,-0.184909166797186,H1,-0.0436993745293933,AX,0.0035039035420924,L1,-0.0394216513378199,L2,-0.0...
GetData ===>> H2,-0.168048034096716,H1,0.0106382756858593,AX,-0.0825389407112453,L1,-0.0452030391982449,L2,-0.0...
testing H1>-5.0
evaluate ot="H1.bs>-5.0" t="H1>-5.0", ctx="{'H1': None}"
GetData ===>> H2,-0.124666491787378,H1,-0.0826335469248594,AX,-0.0358626004680212,L1,-0.025356436935115,L2,-0.0...
GetData ===>> H2,-0.204911220686805,H1,-0.0584951908259466,AX,-0.184720805841073,L1,-0.0219310699990475,L2,-0.0...
GetData ===>> H2,-0.258748624029784,H1,0.0161738796430335,AX,-0.0836516651291723,L1,-0.0241496615240297,L2,-0.0...
GetData ===>> H2,-0.188845774463318,H1,0.0274965746796198,AX,0.0169738262561114,L1,-0.0133141662228187,L2,-0.11...
GetData ===>> H2,-0.163307333732207,H1,-0.035257267990718,AX,-0.0268864903477683,L1,-0.014710968818094,L2,0.005...
testing H1>-5.0
evaluate ot="H1.bs>-5.0" t="H1>-5.0", ctx="{'H1': None}"
GetData ===>> H2,-0.15342404989355,H1,-0.011155189728984,AX,-0.0906406743921583,L1,0.0202777730091729,L2,-0.070...
GetData ===>> H2,-0.140717448584907,H1,-0.0886761647283184,AX,-0.11639020327763,L1,0.0203462530475714,L2,-0.046...
GetData ===>> H2,-0.162308185962481,H1,-0.0826097094456245,AX,-0.0832343949637411,L1,0.0155009368842162,L2,-0.0...
GetData ===>> H2,-0.289498370836711,H1,0.00111870716790214,AX,-0.0477366989382838,L1,-0.0321881052964614,L2,-0....
GetData ===>> H2,-0.295081712536024,H1,-0.0267309715350049,AX,0.0116598873643428,L1,-0.0388957967656732,L2,-0.0...
testing H1>-5.0
evaluate ot="H1.bs>-5.0" t="H1>-5.0", ctx="{'H1': None}"
GetData ===>> H2,-0.201537299705305,H1,-0.00699249151099297,AX,0.0394046290413376,L1,-0.002918363211326,L2,-0.0...
GetData ===>> H2,-0.229834239757217,H1,0.0379852292304641,AX,-0.037045436965534,L1,-0.0470272938255396,L2,0.078...
GetData ===>> H2,-0.271574695353527,H1,0.0575455076332389,AX,-0.0814841589415906,L1,-0.0993870347266378,L2,-0.0...
GetData ===>> H2,-0.226880590091402,H1,-0.026206252642935,AX,-0.0649307011543486,L1,-0.0666088123837915,L2,-0.0...
GetData ===>> H2,-0.24754432793136,H1,-0.096708586718086,AX,-0.0822028027073111,L1,-0.0102357579357827,L2,-0.05...
testing H1>-5.0
evaluate ot="H1.bs>-5.0" t="H1>-5.0", ctx="{'H1': None}"
GetData ===>> H2,-0.206320879164876,H1,-0.0757323595222957,AX,-0.105660129768441,L1,-0.0210559641709538,L2,-0.0...
GetData ===>> H2,-0.277490608778164,H1,-0.0833367500076896,AX,-0.0250424582467344,L1,-0.0227797300581484,L2,-0....
GetData ===>> H2,-0.332120103284285,H1,0.043462676704409,AX,-0.167798235655341,L1,-0.00224044646190689,L2,-0.00...
GetData ===>> H2,-0.264163335942733,H1,0.00535349115236023,AX,-0.0972235606204467,L1,-0.0143017425757798,L2,-0....
GetData ===>> H2,-0.291445269638457,H1,-0.0620596898302626,AX,-0.0949636410836645,L1,-0.0525746311371687,L2,-0....
testing H1>-5.0
evaluate ot="H1.bs>-5.0" t="H1>-5.0", ctx="{'H1': None}"
00:05:48 -- collecting point 25
GetData ===>> H2,-0.313802954171802,H1,0.00950494624734084,AX,-0.0959719193626159,L1,-0.0220293648019738,L2,-0....
GetData ===>> H2,-0.180150774099367,H1,-0.0733722587565431,AX,-0.119402754109269,L1,0.0111776724700397,L2,-0.01...
GetData ===>> H2,-0.143779643779969,H1,-0.0960412290384792,AX,-0.0910115530617344,L1,-0.0182551138576729,L2,-0....
GetData ===>> H2,-0.173546219191967,H1,-0.0406350198824733,AX,-0.0115184885312259,L1,-0.0404277656355,L2,0.0143...
GetData ===>> H2,-0.195883086073718,H1,-0.00812562135445989,AX,0.0737060893322747,L1,-0.0620878529086907,L2,-0....
testing H1>-5.0
evaluate ot="H1.bs>-5.0" t="H1>-5.0", ctx="{'H1': None}"
GetData ===>> H2,-0.27015973574181,H1,-0.0653022007133018,AX,-0.121940176465629,L1,-0.0401067782052838,L2,0.046...
GetData ===>> H2,-0.231579949422643,H1,-0.0637286423773585,AX,-0.0930629501664563,L1,-0.0536224897395043,L2,0.0...
GetData ===>> H2,-0.0386315087251556,H1,-0.0753866916774591,AX,0.00487285452533169,L1,0.041992668263207,L2,-0.1...
GetData ===>> H2,-0.159318317676826,H1,-0.0375228749670107,AX,-0.00997575508854602,L1,0.00802733612731011,L2,-0...
GetData ===>> H2,-0.214419640630232,H1,-0.0568976818424936,AX,-0.115996247425198,L1,0.0287499893808573,L2,-0.07...
testing H1>-5.0
evaluate ot="H1.bs>-5.0" t="H1>-5.0", ctx="{'H1': None}"
GetData ===>> H2,-0.297285290163363,H1,0.0157085908031764,AX,-0.10375964781109,L1,-0.0113051560200753,L2,0.0566...
GetData ===>> H2,-0.18899409536641,H1,0.00537734959780174,AX,-0.104246360141433,L1,-0.0133980660392015,L2,0.019...
GetData ===>> H2,-0.125683283723882,H1,-0.0754820484435868,AX,-0.156727427054487,L1,-0.0217500612027043,L2,0.00...
GetData ===>> H2,-0.152409164631234,H1,-0.0674479222041889,AX,-0.0615338801665134,L1,-0.0291196395990103,L2,-0....
GetData ===>> H2,-0.187071166380056,H1,-0.00776779226334663,AX,-0.111268652753703,L1,-0.0336262011259857,L2,0.0...
testing H1>-5.0
evaluate ot="H1.bs>-5.0" t="H1>-5.0", ctx="{'H1': None}"
GetData ===>> H2,-0.241460873367996,H1,-0.0197305180361205,AX,-0.18783841021108,L1,-0.0549135294470156,L2,-0.04...
GetData ===>> H2,-0.252827182008406,H1,-0.00228091934604253,AX,-0.251061325305362,L1,-0.0190705103317281,L2,-0....
GetData ===>> H2,-0.128311377019412,H1,0.0306108386379346,AX,0.0292851790409309,L1,-0.0154858699286619,L2,-0.00...
GetData ===>> H2,-0.00404898370090725,H1,-0.0419346992651668,AX,-0.0587050377270131,L1,-0.0302276050553886,L2,0...
GetData ===>> H2,-0.0750067097179292,H1,-0.000670584337103386,AX,-0.0313862459306219,L1,-0.00164888181338263,L2...
testing H1>-5.0
evaluate ot="H1.bs>-5.0" t="H1>-5.0", ctx="{'H1': None}"
GetData ===>> H2,-0.154237514156319,H1,-0.0350307044722829,AX,-0.148275668425079,L1,-0.0048270835882636,L2,-0.0...
GetData ===>> H2,-0.236836984068413,H1,-0.0382979392637981,AX,-0.121094376367406,L1,-0.00173887867679812,L2,-0....
GetData ===>> H2,-0.232826143030784,H1,-0.0507339193616339,AX,-0.0693011803460183,L1,0.00411499230125776,L2,0.0...
GetData ===>> H2,-0.231531498514809,H1,-0.110114382931381,AX,-0.0867115916648001,L1,0.00695824585988034,L2,-0.1...
GetData ===>> H2,-0.214325377042885,H1,-0.124447160754548,AX,-0.0856104928210709,L1,-0.00331549323848675,L2,-0....
testing H1>-5.0
evaluate ot="H1.bs>-5.0" t="H1>-5.0", ctx="{'H1': None}"
00:06:14 -- collecting point 50
GetData ===>> H2,-0.207940556584881,H1,-0.0541079408239884,AX,-0.0704488333217336,L1,-0.00490385672450415,L2,0....
GetData ===>> H2,-0.15045657782864,H1,0.0146229252536269,AX,-0.07996571675503,L1,-0.0152987475714164,L2,-0.0477...
GetData ===>> H2,-0.196430696109578,H1,-0.0225092915718815,AX,-0.13739975993719,L1,-0.00737707795735424,L2,-0.0...
GetData ===>> H2,-0.185290884823589,H1,0.0137997361468358,AX,-0.0269676733480249,L1,-0.0629814420578786,L2,-0.0...
GetData ===>> H2,-0.105455938119082,H1,-0.0205414985422035,AX,-0.0913244808395186,L1,-0.0349779731088658,L2,0.0...
testing H1>-5.0
evaluate ot="H1.bs>-5.0" t="H1>-5.0", ctx="{'H1': None}"
GetData ===>> H2,-0.20879881073838,H1,0.0213041307383534,AX,-0.0396197961196151,L1,0.0183761360346314,L2,0.0038...
GetData ===>> H2,-0.218966281573066,H1,0.017736788757783,AX,-0.114119141747316,L1,0.025696915986273,L2,0.040287...
GetData ===>> H2,-0.124086392816327,H1,-0.0715127462190377,AX,-0.0745756352024925,L1,0.018454212612661,L2,-0.04...
GetData ===>> H2,-0.124444732510992,H1,0.0703649927402019,AX,-0.112972003780362,L1,-0.0161635595998285,L2,-0.09...
GetData ===>> H2,-0.162811821457994,H1,0.052532747546974,AX,-0.145817680331746,L1,-0.0103676405232954,L2,-0.056...
testing H1>-5.0
evaluate ot="H1.bs>-5.0" t="H1>-5.0", ctx="{'H1': None}"
GetData ===>> H2,-0.0796972237269939,H1,-0.0198140016269164,AX,-0.10127969479325,L1,-0.0117966573842906,L2,-0.0...
measurement finished
estimated time: 62.915 actual time: :63.214
flush and close file /Users/jan/PychronDev/data/isotopes/07/c237d2-7d11-46d4-8abf-41b75669fd19.h5
activate_detectors ('H1', 'AX', 'CDD') {'peak_center': True}
peak_center () {'detector': 'H1', 'integration_time': 0.262144, 'isotope': 'Ar40'}
peak center: mean=154.652449512 threshold=3
peak center started
setup peak center. detector=['H1', 'AX', 'CDD'], isotope=Ar40
VersionedUnpickler [<apptools.sweet_pickle.versioned_unpickler.VersionedUnpickler object at 0x1824ea770>] using Updater [<apptools.sweet_pickle.updater.Updater object at 0x135230b30>]
VersionedUnpickler [<apptools.sweet_pickle.versioned_unpickler.VersionedUnpickler object at 0x1824ea770>] using Updater [<apptools.sweet_pickle.updater.Updater object at 0x135230b30>]
VersionedUnpickler [<apptools.sweet_pickle.versioned_unpickler.VersionedUnpickler object at 0x19ec67a10>] using Updater [<apptools.sweet_pickle.updater.Updater object at 0x135230b30>]
setting integration time = 0.524288
SetIntegrationTime 0.524288 ===>> OK
Mapping mass to dac mass func: "parabolic"
H1 map mass coeffs = [-0.00063987  0.15840543  0.57074999]
H1 map mass to dac 39.9624 >> 5.87914
GetDeflection H1 ===>> 0
GetHighVoltage ===>> 4499.94659342336
do peak center. <pychron.spectrometer.jobs.peak_center.PeakCenter object at 0x1352309b0>
doing pc
starting peak center. center dac= 5.8791053783 step_width=0.001
width = 0.001
get scan parameters. half-width=0.015,window=0.015, i=0, scalar=1
Scan parameters center=5.87911 width=0.03000 (5.86411 - 5.89411)
GetData ===>> H2,-0.171119251275593,H1,0.0514466826053496,AX,0.0465770780019883,L1,-0.00414449668289014,L2,0.07...
Moving to starting dac 5.8641053783
setting magnet DAC
current  : 5.239765
requested: 5.864105
Delta Dac: 0.624340
Checking detector protection. dv=0.62434
Checking detector "CDD". Protection Threshold: 0.1 (V)
ProtectDetector CDD,On ===>> OK
GetDeflection CDD ===>> 2000
Protected = 2000
SetMagnetDAC 5.8641053783 ===>> OK
Magnet settling time: 0.500
GetMagnetMoving ===>> True
GetMagnetMoving ===>> True
GetMagnetMoving ===>> True
GetMagnetMoving ===>> True
GetMagnetMoving ===>> True
GetMagnetMoving ===>> True
GetMagnetMoving ===>> True
GetMagnetMoving ===>> True
GetMagnetMoving ===>> False
ProtectDetector CDD,Off ===>> OK
GetDeflection CDD ===>> 50
Wait until signal near baseline. tol= 0.038585011954. timeout= 10
GetData ===>> H2,1.04018114581888,H1,0.43796005359249,AX,-0.0761521200558141,L1,0.021694010515648,L2,-0.0868417...
GetData ===>> H2,12.4264687196982,H1,6.20837058299892,AX,0.499698115382026,L1,0.0177190920554381,L2,-0.06174199...
GetData ===>> H2,12.2888527257549,H1,5.59233980888465,AX,0.770546011700307,L1,-0.0387161134982236,L2,-0.0757149...
GetData ===>> H2,6.39795821244783,H1,2.72542073589313,AX,0.328711662005712,L1,-0.0405439413950468,L2,-0.0313540...
GetData ===>> H2,2.64180218864819,H1,1.38104414169977,AX,0.216175942381361,L1,-0.022895795936331,L2,0.009155413...
GetData ===>> H2,0.941290992591183,H1,0.735307147799369,AX,-0.0451741498908099,L1,-0.0103005005128589,L2,-0.035...
GetData ===>> H2,0.245461111036382,H1,0.352114060202147,AX,-0.115834029845795,L1,-0.015842839215009,L2,-0.13185...
GetData ===>> H2,-0.0248846803754868,H1,0.26839478553502,AX,-0.00103205916716735,L1,-0.0462696219823332,L2,-0.0...
GetData ===>> H2,-0.0946083587554886,H1,0.140288072480544,AX,-0.0659972552971735,L1,-0.0440692967763353,L2,-0.0...
GetData ===>> H2,-0.244945031089135,H1,0.189111080474969,AX,-0.0830837136308241,L1,0.00139828660957086,L2,-0.01...
GetData ===>> H2,-0.195011464843253,H1,0.0849109974407238,AX,-0.043063764714075,L1,0.0239125812351421,L2,-0.114...
GetData ===>> H2,-0.109591878734371,H1,0.171625558857946,AX,-0.0208671621154524,L1,0.00525004222780678,L2,-0.08...
GetData ===>> H2,-0.106612955841461,H1,0.0930380438967095,AX,-0.124547048313846,L1,0.00378962126692487,L2,-0.10...
GetData ===>> H2,-0.102340578291407,H1,0.130535862760284,AX,-0.114072793000777,L1,0.00389527565336847,L2,-0.083...
GetData ===>> H2,-0.121641267624447,H1,0.121166051989019,AX,-0.0684549225117827,L1,-0.0105211017225329,L2,-0.05...
GetData ===>> H2,-0.0826886013632029,H1,0.128127761548602,AX,-0.0277331097355016,L1,-0.0370508957353415,L2,0.00...
GetData ===>> H2,-0.19153461574391,H1,0.0637521297394585,AX,-0.0313050666159691,L1,-0.0596120844179167,L2,0.019...
GetData ===>> H2,-0.26505379440384,H1,0.0884381975944983,AX,-0.0249960670514908,L1,-0.0567235584270899,L2,0.006...
GetData ===>> H2,-0.284086911082255,H1,0.184697666373102,AX,0.0284148626243875,L1,-0.0381914199721971,L2,-0.131...
GetData ===>> H2,-0.244503683169921,H1,0.0917271853419833,AX,-0.134718973423846,L1,-0.0209198375909407,L2,0.178...
GetData ===>> H2,-0.211165745625996,H1,0.0748543926134772,AX,-0.171319834290098,L1,0.000267642331915808,L2,0.06...
Peak center failed to move to a baseline position
_do_sweep sm= 5.8641053783, em= 5.8941053783, stm= 0.001
calculated step values: start=5.8641053783, end=5.8941053783, width=0.001, nsteps=31.0
setting magnet DAC
current  : 5.864105
requested: 5.864105
Delta Dac: 0.000000
Checking detector protection. dv=0.00000
Checking detector "CDD". Protection Threshold: 0.1 (V)
SetMagnetDAC 5.8641053783 ===>> OK
GetData ===>> H2,-0.211165745625996,H1,0.0748543926134772,AX,-0.171319834290098,L1,0.000267642331915808,L2,0.06...
setting magnet DAC
current  : 5.864105
requested: 5.865140
Delta Dac: 0.001034
Checking detector protection. dv=0.00103
Checking detector "CDD". Protection Threshold: 0.1 (V)
SetMagnetDAC 5.86513986105 ===>> OK
Magnet settling time: 1.049
GetData ===>> H2,-0.139567166178069,H1,0.197866915195566,AX,0.0550531745702956,L1,-0.0527887572502157,L2,-0.051...
setting magnet DAC
current  : 5.865140
requested: 5.866174
Delta Dac: 0.001034
Checking detector protection. dv=0.00103
Checking detector "CDD". Protection Threshold: 0.1 (V)
SetMagnetDAC 5.86617434381 ===>> OK
Magnet settling time: 1.049
GetData ===>> H2,-0.245695821142649,H1,0.934021612622016,AX,0.177146234633632,L1,-0.052685881586879,L2,-0.03845...
setting magnet DAC
current  : 5.866174
requested: 5.867209
Delta Dac: 0.001034
Checking detector protection. dv=0.00103
Checking detector "CDD". Protection Threshold: 0.1 (V)
SetMagnetDAC 5.86720882657 ===>> OK
Magnet settling time: 1.049
GetData ===>> H2,-0.144854111953902,H1,3.44615765058502,AX,0.516961376960088,L1,-0.0155600428944853,L2,-0.13826...
setting magnet DAC
current  : 5.867209
requested: 5.868243
Delta Dac: 0.001034
Checking detector protection. dv=0.00103
Checking detector "CDD". Protection Threshold: 0.1 (V)
SetMagnetDAC 5.86824330933 ===>> OK
Magnet settling time: 1.049
GetData ===>> H2,-0.179320824184541,H1,11.5478900486704,AX,1.67287857851213,L1,0.0164016660750267,L2,-0.0006604...
setting magnet DAC
current  : 5.868243
requested: 5.869278
Delta Dac: 0.001034
Checking detector protection. dv=0.00103
Checking detector "CDD". Protection Threshold: 0.1 (V)
SetMagnetDAC 5.86927779209 ===>> OK
Magnet settling time: 1.049
GetData ===>> H2,-0.173365462407008,H1,31.8573236841244,AX,5.18557115651151,L1,0.0332123577520875,L2,-0.0448989...
setting magnet DAC
current  : 5.869278
requested: 5.870312
Delta Dac: 0.001034
Checking detector protection. dv=0.00103
Checking detector "CDD". Protection Threshold: 0.1 (V)
SetMagnetDAC 5.87031227485 ===>> OK
Magnet settling time: 1.049
GetData ===>> H2,-0.220421266105313,H1,65.9044986743026,AX,11.7760662517402,L1,0.0790075602286329,L2,0.00457759...
setting magnet DAC
current  : 5.870312
requested: 5.871347
Delta Dac: 0.001034
Checking detector protection. dv=0.00103
Checking detector "CDD". Protection Threshold: 0.1 (V)
SetMagnetDAC 5.87134675761 ===>> OK
Magnet settling time: 1.049
GetData ===>> H2,-0.17251829515285,H1,102.277115453498,AX,20.3302832951186,L1,0.132273080999559,L2,0.0580902416...
setting magnet DAC
current  : 5.871347
requested: 5.872381
Delta Dac: 0.001034
Checking detector protection. dv=0.00103
Checking detector "CDD". Protection Threshold: 0.1 (V)
SetMagnetDAC 5.87238124036 ===>> OK
Magnet settling time: 1.049
GetData ===>> H2,-0.23478905682884,H1,128.523294211638,AX,27.5263892738146,L1,0.185686167201315,L2,-0.047266252...
setting magnet DAC
current  : 5.872381
requested: 5.873416
Delta Dac: 0.001034
Checking detector protection. dv=0.00103
Checking detector "CDD". Protection Threshold: 0.1 (V)
SetMagnetDAC 5.87341572312 ===>> OK
Magnet settling time: 1.049
GetData ===>> H2,-0.212043958557285,H1,145.269243323216,AX,33.4334595726565,L1,0.290178703149781,L2,0.186560671...
setting magnet DAC
current  : 5.873416
requested: 5.874450
Delta Dac: 0.001034
Checking detector protection. dv=0.00103
Checking detector "CDD". Protection Threshold: 0.1 (V)
SetMagnetDAC 5.87445020588 ===>> OK
Magnet settling time: 1.049
GetData ===>> H2,-0.159595190472467,H1,147.795784410323,AX,34.6223134098915,L1,0.374397005882508,L2,0.258510071...
setting magnet DAC
current  : 5.874450
requested: 5.875485
Delta Dac: 0.001034
Checking detector protection. dv=0.00103
Checking detector "CDD". Protection Threshold: 0.1 (V)
SetMagnetDAC 5.87548468864 ===>> OK
Magnet settling time: 1.049
GetData ===>> H2,-0.126609404556003,H1,148.58501787285,AX,35.1491806137497,L1,0.385364796975407,L2,0.1079392778...
setting magnet DAC
current  : 5.875485
requested: 5.876519
Delta Dac: 0.001034
Checking detector protection. dv=0.00103
Checking detector "CDD". Protection Threshold: 0.1 (V)
SetMagnetDAC 5.8765191714 ===>> OK
Magnet settling time: 1.049
GetData ===>> H2,-0.145248239016068,H1,148.821708125113,AX,35.0724070472526,L1,0.44646920313064,L2,0.0247125170...
setting magnet DAC
current  : 5.876519
requested: 5.877554
Delta Dac: 0.001034
Checking detector protection. dv=0.00103
Checking detector "CDD". Protection Threshold: 0.1 (V)
SetMagnetDAC 5.87755365416 ===>> OK
Magnet settling time: 1.049
GetData ===>> H2,-0.216135100612348,H1,148.546175315703,AX,35.1209184704505,L1,0.457560177320977,L2,0.039930403...
setting magnet DAC
current  : 5.877554
requested: 5.878588
Delta Dac: 0.001034
Checking detector protection. dv=0.00103
Checking detector "CDD". Protection Threshold: 0.1 (V)
SetMagnetDAC 5.87858813692 ===>> OK
Magnet settling time: 1.049
GetData ===>> H2,-0.211297751311892,H1,148.585557990781,AX,35.1348295870249,L1,0.430162386468237,L2,0.139772364...
setting magnet DAC
current  : 5.878588
requested: 5.879623
Delta Dac: 0.001034
Checking detector protection. dv=0.00103
Checking detector "CDD". Protection Threshold: 0.1 (V)
SetMagnetDAC 5.87962261968 ===>> OK
Magnet settling time: 1.049
GetData ===>> H2,-0.272108504322033,H1,148.619090125418,AX,35.183449569133,L1,0.443350487350291,L2,0.2089249357...
setting magnet DAC
current  : 5.879623
requested: 5.880657
Delta Dac: 0.001034
Checking detector protection. dv=0.00103
Checking detector "CDD". Protection Threshold: 0.1 (V)
SetMagnetDAC 5.88065710243 ===>> OK
Magnet settling time: 1.049
GetData ===>> H2,-0.221783237182459,H1,148.732615367931,AX,35.0297711447059,L1,0.428324239863106,L2,0.202968228...
setting magnet DAC
current  : 5.880657
requested: 5.881692
Delta Dac: 0.001034
Checking detector protection. dv=0.00103
Checking detector "CDD". Protection Threshold: 0.1 (V)
SetMagnetDAC 5.88169158519 ===>> OK
Magnet settling time: 1.049
GetData ===>> H2,-0.27510951318086,H1,148.675032915549,AX,34.962784299218,L1,0.46126227859703,L2,0.032207251554...
setting magnet DAC
current  : 5.881692
requested: 5.882726
Delta Dac: 0.001034
Checking detector protection. dv=0.00103
Checking detector "CDD". Protection Threshold: 0.1 (V)
SetMagnetDAC 5.88272606795 ===>> OK
Magnet settling time: 1.049
GetData ===>> H2,-0.198340379883409,H1,148.196693852599,AX,34.8218331341069,L1,0.400691201599237,L2,0.182636054...
setting magnet DAC
current  : 5.882726
requested: 5.883761
Delta Dac: 0.001034
Checking detector protection. dv=0.00103
Checking detector "CDD". Protection Threshold: 0.1 (V)
SetMagnetDAC 5.88376055071 ===>> OK
Magnet settling time: 1.049
GetData ===>> H2,-0.129077789607492,H1,147.534536423656,AX,34.4417002844251,L1,0.400082680852171,L2,0.124310560...
setting magnet DAC
current  : 5.883761
requested: 5.884795
Delta Dac: 0.001034
Checking detector protection. dv=0.00103
Checking detector "CDD". Protection Threshold: 0.1 (V)
SetMagnetDAC 5.88479503347 ===>> OK
Magnet settling time: 1.049
GetData ===>> H2,-0.115875287089483,H1,144.967887944392,AX,33.3515026479254,L1,0.402558635452358,L2,0.085872120...
setting magnet DAC
current  : 5.884795
requested: 5.885830
Delta Dac: 0.001034
Checking detector protection. dv=0.00103
Checking detector "CDD". Protection Threshold: 0.1 (V)
SetMagnetDAC 5.88582951623 ===>> OK
Magnet settling time: 1.049
GetData ===>> H2,-0.173926608375976,H1,130.105020810337,AX,27.4255012811806,L1,0.351660336204622,L2,0.083000117...
setting magnet DAC
current  : 5.885830
requested: 5.886864
Delta Dac: 0.001034
Checking detector protection. dv=0.00103
Checking detector "CDD". Protection Threshold: 0.1 (V)
SetMagnetDAC 5.88686399899 ===>> OK
Magnet settling time: 1.049
GetData ===>> H2,-0.167706586384075,H1,100.78835622734,AX,18.7000602381641,L1,0.287000784956802,L2,0.0463782326...
setting magnet DAC
current  : 5.886864
requested: 5.887898
Delta Dac: 0.001034
Checking detector protection. dv=0.00103
Checking detector "CDD". Protection Threshold: 0.1 (V)
SetMagnetDAC 5.88789848174 ===>> OK
Magnet settling time: 1.049
GetData ===>> H2,-0.207110534571427,H1,61.5356919548063,AX,9.80579824037637,L1,0.176575006970763,L2,-0.22009057...
setting magnet DAC
current  : 5.887898
requested: 5.888933
Delta Dac: 0.001034
Checking detector protection. dv=0.00103
Checking detector "CDD". Protection Threshold: 0.1 (V)
SetMagnetDAC 5.8889329645 ===>> OK
Magnet settling time: 1.049
GetData ===>> H2,-0.104598648888911,H1,28.7136291451614,AX,3.71149088723409,L1,0.106626625781431,L2,-0.05004321...
setting magnet DAC
current  : 5.888933
requested: 5.889967
Delta Dac: 0.001034
Checking detector protection. dv=0.00103
Checking detector "CDD". Protection Threshold: 0.1 (V)
SetMagnetDAC 5.88996744726 ===>> OK
Magnet settling time: 1.049
GetData ===>> H2,-0.154818524321131,H1,10.3038363561481,AX,0.989724103859019,L1,0.0520328291404933,L2,-0.237913...
setting magnet DAC
current  : 5.889967
requested: 5.891002
Delta Dac: 0.001034
Checking detector protection. dv=0.00103
Checking detector "CDD". Protection Threshold: 0.1 (V)
SetMagnetDAC 5.89100193002 ===>> OK
Magnet settling time: 1.049
GetData ===>> H2,-0.211868860196092,H1,2.97612794854654,AX,0.0751673623909369,L1,0.0169895671391034,L2,-0.05388...
setting magnet DAC
current  : 5.891002
requested: 5.892036
Delta Dac: 0.001034
Checking detector protection. dv=0.00103
Checking detector "CDD". Protection Threshold: 0.1 (V)
SetMagnetDAC 5.89203641278 ===>> OK
Magnet settling time: 1.049
GetData ===>> H2,-0.24482124012095,H1,0.625116858211095,AX,0.0150245748100878,L1,0.00715573563589486,L2,0.02797...
setting magnet DAC
current  : 5.892036
requested: 5.893071
Delta Dac: 0.001034
Checking detector protection. dv=0.00103
Checking detector "CDD". Protection Threshold: 0.1 (V)
SetMagnetDAC 5.89307089554 ===>> OK
Magnet settling time: 1.049
GetData ===>> H2,-0.196244565622298,H1,0.0759982209323386,AX,-0.0365467919595835,L1,-0.00132848645066826,L2,0.0...
setting magnet DAC
current  : 5.893071
requested: 5.894105
Delta Dac: 0.001034
Checking detector protection. dv=0.00103
Checking detector "CDD". Protection Threshold: 0.1 (V)
SetMagnetDAC 5.8941053783 ===>> OK
Magnet settling time: 1.049
GetData ===>> H2,-0.28562371284848,H1,-0.00302047192859407,AX,-0.0661363701930792,L1,0.0434806557227271,L2,-0.0...
result of _do_sweep=True
result of _calculate_peak_center=([5.8716805285964355, 5.8791105610751861, 5.8865405935539368], [110.74532142556738, 148.81949944527804, 109.9534858364521], 5.8765274638462461, 148.81949944527804)
Failed to find a valid peak. No peak greater than 1.0. max = 0.0368101172823
new center pos Detector(H1) (Ar40) @ 5.87911056108
GetHighVoltage ===>> 4499.94659342336
GetDeflection H1 ===>> 0
dac uncorrected for HV and deflection 5.87914518281
update mftable H1 Ar40 5.87914518281 message=automated run peakcenter
get initial guess parabolic
get initial guess parabolic
get initial guess parabolic
get initial guess parabolic
get initial guess parabolic
get initial guess parabolic
dump mftable to /Users/jan/PychronDev/setupfiles/spectrometer/mftables/mftable.csv
add to repo msg=modified - automated run peakcenter
locally archiving mftable
setting magnet DAC
current  : 5.894105
requested: 5.879111
Delta Dac: 0.014995
Checking detector protection. dv=0.01499
Checking detector "CDD". Protection Threshold: 0.1 (V)
SetMagnetDAC 5.87911056108 ===>> OK
Magnet settling time: 0.500
sweep finished
setting integration time = 1.048576
SetIntegrationTime 1.048576 ===>> OK
Failed to find a valid peak. No peak greater than 1.0. max = 0.0367940074948
flush and close file /Users/jan/PychronDev/data/isotopes/07/c237d2-7d11-46d4-8abf-41b75669fd19.h5
finished measure script
executed snippet estimated_duration=226.132928, duration=273.048423052
jan_unknown120_60.py completed successfully
Measurement Finished
00:07:12 -- ******* Measurement Finished *******
Post Measurement Started jan_pump_ms.py
00:07:12 -- ******* Post Measurement Started jan_pump_ms.py *******
testing...
no interpolation path defined
executed snippet estimated_duration=0, duration=2.90870666504e-05
Pumping spectrometer
open () {'name': 'O'}
opening name=O desc=---
checking ownership. requestor=129.138.12.150
check software interlocks O
interlocks []
actuate state mode=None-script, software_lock=False
doing actuation None-script open_channel True
Open O ===>> OK
GetIndicatorState O ===>> OK
change switch state (True, True)
update switch state O True args=() kw={} ncanvase=2
00:07:12 -- OPEN   VALVE-O (Jan Ion Pump)
---------------------------------------- open O () result=[(True, True)], time=0.15 sec
action=open, ok=True, locked=[False]
executed snippet estimated_duration=0, duration=0.406795024872
jan_pump_ms.py completed successfully
setting _ms_pumptime
Post Measurement Finished
00:07:12 -- ******* Post Measurement Finished *******
$$$$$$$$$$$$$$$$$$$$ state at run end measurement
state changed from measurement to success
post measurement save measured=True aborted=False
Set filtering
setting fod for Ar40= {'filter_outliers': True, 'std_devs': 2, 'iterations': 1}
setting fod for H1= {'filter_outliers': True, 'std_devs': 2, 'iterations': 1}
setting fod for PM41= {'filter_outliers': False, 'std_devs': 2, 'iterations': 1}
setting fod for H2= {'filter_outliers': True, 'std_devs': 2, 'iterations': 1}
setting fod for Ar36= {'filter_outliers': True, 'std_devs': 2, 'iterations': 1}
setting fod for CDD= {'filter_outliers': True, 'std_devs': 10, 'iterations': 1}
setting fod for Ar37= {'filter_outliers': True, 'std_devs': 2, 'iterations': 1}
setting fod for L2= {'filter_outliers': True, 'std_devs': 2, 'iterations': 1}
setting fod for Ar38= {'filter_outliers': True, 'std_devs': 2, 'iterations': 1}
setting fod for L1= {'filter_outliers': True, 'std_devs': 2, 'iterations': 1}
setting fod for Ar39= {'filter_outliers': True, 'std_devs': 2, 'iterations': 1}
setting fod for AX= {'filter_outliers': True, 'std_devs': 2, 'iterations': 1}
persistence save...
persistence save - db
post measurement save
6770794320 connecting to database sqlite:////Users/jan/PychronDev/.appdata/local_lab.db
connected to db sqlite:////Users/jan/PychronDev/.appdata/local_lab.db
create new session 6770794320
close session 6770794320
No database instance. Not saving post measurement to isotopedb database
$$$$$$$$$$$$$$$ auto_save_detector_ic=False
massspec enabled True
create new session 4985539184
MassSpec Database Version: 16.0
close session 4985539184
saving post measurement to secondary database
saving to massspec database 129.138.12.160/massspecdata
setting labnumber to 65580
setting aliquot to 2
setting step to C
setting uuid to 07c237d2-7d11-46d4-8abf-41b75669fd19
setting irradpos to 65580
setting extract_device to Fusions CO2
setting tray to 
setting position to 190
setting power_requested to 5.0
setting extract_value to 5.0
setting duration to 30.0
setting duration_at_request to 30.0
setting first_stage_delay to 30.0
setting cleanup to 30.0
setting comment to O:3 with inclusions
setting irradiation to NM-289
setting level to O
setting irradiation_level to O
setting sample to Bw-2014-12 W
setting material to Sanidine
setting project to Bustos Wells
setting mass_spectrometer to Jan
no attribute chron_dosages
no attribute production_ratios
no attribute interference_corrections
no attribute production_name
no attribute j
Reference Isotope=Ar40
Reference Detector=H1
%%%%%%%%%%%%%%%%%%%% Comment: O:3 with inclusions %%%%%%%%%%%%%%%%%%%
adding isotope PM41 H2
add baseline dbdet= PM41. original det= H2
get baseline data PM41 H2
Get data baseline <pychron.processing.isotope.Baseline object at 0x165742690> len t=60
baseline PM41. v=-0.198121791923, e=0.00784791921078
get signal data PM41 H2
Get data signal PM41 0.04+/-0.07 len t=120
adding isotope Ar40 H1
add baseline dbdet= Ar40. original det= H1
get baseline data Ar40 H1
Get data baseline <pychron.processing.isotope.Baseline object at 0x19aaefa90> len t=60
baseline Ar40. v=-0.0288553789281, e=0.00555185102573
get signal data Ar40 H1
Get data signal Ar40 160.993+/-0.023 len t=120
adding isotope Ar39 AX
add baseline dbdet= Ar39. original det= AX
get baseline data Ar39 AX
Get data baseline <pychron.processing.isotope.Baseline object at 0x189a120d0> len t=60
baseline Ar39. v=-0.0756469453736, e=0.00697187590681
get signal data Ar39 AX
Get data signal Ar39 38.466+/-0.015 len t=120
adding isotope Ar38 L1
add baseline dbdet= Ar38. original det= L1
get baseline data Ar38 L1
Get data baseline <pychron.processing.isotope.Baseline object at 0x189a12350> len t=60
baseline Ar38. v=-0.0176879816142, e=0.00305160910214
get signal data Ar38 L1
Get data signal Ar38 0.498+/-0.005 len t=120
adding isotope Ar37 L2
add baseline dbdet= Ar37. original det= L2
get baseline data Ar37 L2
Get data baseline <pychron.processing.isotope.Baseline object at 0x189a124d0> len t=60
baseline Ar37. v=-0.0307909040997, e=0.00611251960644
get signal data Ar37 L2
Get data signal Ar37 0.179+/-0.011 len t=120
adding isotope Ar36 CDD
add baseline dbdet= Ar36. original det= CDD
get baseline data Ar36 CDD
Get data baseline <pychron.processing.isotope.Baseline object at 0x189a125d0> len t=60
baseline Ar36. v=4.21785332211e-05, e=9.42282935489e-06
get signal data Ar36 CDD
Get data signal Ar36 0.0316+/-0.0004 len t=120
65580-02C added analysis time 0.462652921677s
analysis added to mass spec database
mass spec save time= 0.473
persistence save - dvc
================= post measurement started
create new session 4989601072
close session 4989601072
---------------- Experiment Queue saving disabled
DVC saving peakcenter
Failed to find a valid peak. No peak greater than 1.0. max = 0.0367940074948
Smart pull ahead: 0 behind: 0
Up-to-date with origin
add to repo msg=modified - ad8224ebc6dbfeb9f5997218dfa5fe690569839d.json
add to repo msg=modified - 80-02C.json
add to repo msg=modified - 80-02C.dat.json
add to repo msg=modified - 80-02C.blan.json
add to repo msg=modified - 80-02C.inte.json
add to repo msg=modified - 80-02C.icfa.json
add to repo msg=modified - 80-02C.base.json
not at valid file /Users/jan/PychronDev/data/.dvc/repositories/Load1789/655/tags/80-02C.tags.json
add to repo msg=modified - 80-02C.peak.json
add to repo msg=modified - 80-02C.extr.json
not at valid file /Users/jan/PychronDev/data/.dvc/repositories/Load1789/655/monitor/80-02C.moni.json
commit message=<COLLECTION>
add to repo msg=modified - 80-02C.inte.json
add to repo msg=modified - 80-02C.base.json
commit message=<ISOEVO> default collection fits
add to repo msg=modified - 80-02C.blan.json
commit message=<BLANKS> preceding bc-02-J-359
add to repo msg=modified - 80-02C.icfa.json
commit message=<ICFactor> default
push repository <pychron.git_archive.repo_manager.GitRepoManager object at 0x1410ee7d0>
pushing to remote=origin, url=https://github.com
no changes to meta repo
create new session 4989601072
add association Load1789
get identifier "65580"
setting analysis irradiation position=<pychron.dvc.dvc_orm.IrradiationPositionTbl object at 0x13ea1c750>
close session 4989601072
================= post measurement finished
00:07:26 -- ******* Post Run Check *******
loading queue conditionals post_run_actions
loading system conditionals post_run_actions
loading conditionals from /Users/jan/PychronDev/setupfiles/spectrometer/default_conditionals.yaml
loading queue conditionals post_run_terminations
loading system conditionals post_run_terminations
loading conditionals from /Users/jan/PychronDev/setupfiles/spectrometer/default_conditionals.yaml
Checking default post run terminations n=1
GetDeflection CDD ===>> 50
testing CDD==2000
evaluate ot="CDD.deflection==2000" t="CDD==2000", ctx="{'CDD': 50.0}"
00:07:26 -- ******* Post Run Check Passed *******
00:07:26 -- Automated run 65580-02C success duration: 362.235 s
----------------- finish -----------------
----------------- stop -----------------
retroactive repository identifiers disabled
finish run. runs completed=106
update duration runid=65580-02C, duration=362.234520912, md5=301e91d8
loading script "jan_unknown120_60.py"
loading script "jan_pump_ms.py"
loading script "jan_co2.py"
loading script "jan_pump_extraction_line.py"
testing...
no interpolation path defined
executed snippet estimated_duration=213.652928, duration=0.000205039978027
script duration name:unknown120_60 seconds:214.0
loading script "jan_unknown120_60.py"
loading script "jan_pump_ms.py"
loading script "jan_co2.py"
loading script "jan_pump_extraction_line.py"
testing...
no interpolation path defined
executed snippet estimated_duration=0, duration=2.88486480713e-05
loading script "jan_unknown120_60.py"
loading script "jan_pump_ms.py"
loading script "jan_co2.py"
loading script "jan_pump_extraction_line.py"
testing...
no interpolation path defined
calculate duration
testing...
no interpolation path defined
executed snippet estimated_duration=0, duration=5.29289245605e-05
calculate duration
testing...
no interpolation path defined
executed snippet estimated_duration=0, duration=9.79900360107e-05
executed snippet estimated_duration=0.0, duration=0.00234317779541
script duration name:co2 seconds:0.0
loading script "jan_unknown120_60.py"
loading script "jan_pump_ms.py"
loading script "jan_co2.py"
loading script "jan_pump_extraction_line.py"
testing...
no interpolation path defined
calculate duration
testing...
no interpolation path defined
executed snippet estimated_duration=4.0, duration=0.000148057937622
executed snippet estimated_duration=4.0, duration=0.00144481658936
Script duration 214.0
Run total estimated duration= 215.000
unknown120_60 in script context. using previous estimated duration
script duration name:unknown120_60 seconds:214.0
pump_ms in script context. using previous estimated duration
co2 in script context. using previous estimated duration
script duration name:co2 seconds:0.0
pump_extraction_line in script context. using previous estimated duration
Script duration 214.0
Run total estimated duration= 215.000
script duration name:unknown120_60 seconds:214.0
script duration name:co2 seconds:0.0
Script duration 214.0
Run total estimated duration= 215.000
script duration name:unknown120_60 seconds:214.0
script duration name:co2 seconds:0.0
Script duration 214.0
Run total estimated duration= 215.000
loading script "jan_unknown400_120.py"
loading script "jan_pump_ms.py"
loading script "jan_co2.py"
loading script "jan_pump_extraction_line.py"
testing...
no interpolation path defined
executed snippet estimated_duration=556.052928, duration=0.000185012817383
script duration name:unknown400_120 seconds:556.0
script duration name:co2 seconds:0.0
Script duration 556.0
Run total estimated duration= 557.000
script duration name:unknown120_60 seconds:214.0
script duration name:co2 seconds:0.0
Script duration 214.0
Run total estimated duration= 215.000
script duration name:unknown120_60 seconds:214.0
script duration name:co2 seconds:0.0
Script duration 214.0
Run total estimated duration= 215.000
script duration name:unknown120_60 seconds:214.0
script duration name:co2 seconds:0.0
Script duration 214.0
Run total estimated duration= 215.000
script duration name:unknown120_60 seconds:214.0
script duration name:co2 seconds:0.0
Script duration 214.0
Run total estimated duration= 215.000
unknown400_120 in script context. using previous estimated duration
script duration name:unknown400_120 seconds:556.0
loading script "jan_unknown400_120.py"
loading script "jan_pump_ms.py"
loading script "jan_sniffair_x2.py"
loading script "jan_pump_extraction_line.py"
testing...
no interpolation path defined
calculate duration
testing...
no interpolation path defined
executed snippet estimated_duration=0, duration=4.79221343994e-05
calculate duration
testing...
no interpolation path defined
executed snippet estimated_duration=0, duration=0.000111103057861
calculate duration
testing...
no interpolation path defined
executed snippet estimated_duration=32.0, duration=8.9168548584e-05
calculate duration
testing...
no interpolation path defined
executed snippet estimated_duration=34.0, duration=9.79900360107e-05
calculate duration
testing...
no interpolation path defined
executed snippet estimated_duration=4.0, duration=6.103515625e-05
calculate duration
testing...
no interpolation path defined
executed snippet estimated_duration=36.0, duration=8.79764556885e-05
calculate duration
testing...
no interpolation path defined
executed snippet estimated_duration=34.0, duration=9.60826873779e-05
calculate duration
testing...
no interpolation path defined
executed snippet estimated_duration=4.0, duration=6.29425048828e-05
calculate duration
testing...
no interpolation path defined
executed snippet estimated_duration=36.0, duration=8.89301300049e-05
calculate duration
testing...
no interpolation path defined
executed snippet estimated_duration=70.0, duration=9.70363616943e-05
executed snippet estimated_duration=250.0, duration=0.0125460624695
script duration name:sniffair_x2 seconds:250.0
Script duration 806.0
Run total estimated duration= 807.000
script duration name:unknown400_120 seconds:556.0
sniffair_x2 in script context. using previous estimated duration
script duration name:sniffair_x2 seconds:250.0
Script duration 806.0
Run total estimated duration= 807.000
loading script "jan_ic_peak_hop3.py"
loading script "jan_pump_ms.py"
loading script "jan_air_x1.py"
loading script "jan_pump_extraction_line.py"
testing...
no interpolation path defined
executed snippet estimated_duration=133.8, duration=0.00947308540344
script duration name:ic_peak_hop3 seconds:134.0
loading script "jan_ic_peak_hop3.py"
loading script "jan_pump_ms.py"
loading script "jan_air_x1.py"
loading script "jan_pump_extraction_line.py"
testing...
no interpolation path defined
calculate duration
testing...
no interpolation path defined
executed snippet estimated_duration=0, duration=4.60147857666e-05
calculate duration
testing...
no interpolation path defined
executed snippet estimated_duration=0, duration=0.000123977661133
calculate duration
testing...
no interpolation path defined
executed snippet estimated_duration=32.0, duration=9.10758972168e-05
calculate duration
testing...
no interpolation path defined
executed snippet estimated_duration=34.0, duration=9.70363616943e-05
calculate duration
testing...
no interpolation path defined
executed snippet estimated_duration=4.0, duration=6.29425048828e-05
calculate duration
testing...
no interpolation path defined
executed snippet estimated_duration=36.0, duration=8.79764556885e-05
executed snippet estimated_duration=106.0, duration=0.00877404212952
script duration name:air_x1 seconds:106.0
Script duration 240.0
Run total estimated duration= 241.000
script duration name:unknown120_60 seconds:214.0
script duration name:co2 seconds:0.0
Script duration 214.0
Run total estimated duration= 215.000
script duration name:unknown120_60 seconds:214.0
script duration name:co2 seconds:0.0
Script duration 214.0
Run total estimated duration= 215.000
script duration name:unknown120_60 seconds:214.0
script duration name:co2 seconds:0.0
Script duration 214.0
Run total estimated duration= 215.000
script duration name:unknown120_60 seconds:214.0
script duration name:co2 seconds:0.0
Script duration 214.0
Run total estimated duration= 215.000
script duration name:unknown120_60 seconds:214.0
script duration name:co2 seconds:0.0
Script duration 214.0
Run total estimated duration= 215.000
script duration name:unknown400_120 seconds:556.0
loading script "jan_unknown400_120.py"
loading script "jan_pump_ms.py"
loading script "jan_cocktail_x1.py"
loading script "jan_pump_extraction_line.py"
testing...
no interpolation path defined
calculate duration
testing...
no interpolation path defined
executed snippet estimated_duration=0, duration=4.60147857666e-05
calculate duration
testing...
no interpolation path defined
executed snippet estimated_duration=0, duration=9.60826873779e-05
calculate duration
testing...
no interpolation path defined
executed snippet estimated_duration=32.0, duration=8.89301300049e-05
calculate duration
testing...
no interpolation path defined
executed snippet estimated_duration=34.0, duration=9.82284545898e-05
calculate duration
testing...
no interpolation path defined
executed snippet estimated_duration=4.0, duration=8.10623168945e-05
calculate duration
testing...
no interpolation path defined
executed snippet estimated_duration=38.0, duration=0.000120162963867
executed snippet estimated_duration=108.0, duration=0.00790905952454
script duration name:cocktail_x1 seconds:108.0
Script duration 664.0
Run total estimated duration= 665.000
script duration name:unknown400_120 seconds:556.0
cocktail_x1 in script context. using previous estimated duration
script duration name:cocktail_x1 seconds:108.0
Script duration 664.0
Run total estimated duration= 665.000
script duration name:unknown120_60 seconds:214.0
script duration name:co2 seconds:0.0
Script duration 214.0
Run total estimated duration= 215.000
script duration name:unknown120_60 seconds:214.0
script duration name:co2 seconds:0.0
Script duration 214.0
Run total estimated duration= 215.000
script duration name:unknown120_60 seconds:214.0
script duration name:co2 seconds:0.0
Script duration 214.0
Run total estimated duration= 215.000
script duration name:unknown400_120 seconds:556.0
script duration name:co2 seconds:0.0
Script duration 556.0
Run total estimated duration= 557.000
script duration name:unknown120_60 seconds:214.0
script duration name:co2 seconds:0.0
Script duration 214.0
Run total estimated duration= 215.000
script duration name:unknown120_60 seconds:214.0
script duration name:co2 seconds:0.0
Script duration 214.0
Run total estimated duration= 215.000
script duration name:unknown120_60 seconds:214.0
script duration name:co2 seconds:0.0
Script duration 214.0
Run total estimated duration= 215.000
script duration name:unknown120_60 seconds:214.0
script duration name:co2 seconds:0.0
Script duration 214.0
Run total estimated duration= 215.000
script duration name:unknown120_60 seconds:214.0
script duration name:co2 seconds:0.0
Script duration 214.0
Run total estimated duration= 215.000
script duration name:unknown120_60 seconds:214.0
script duration name:co2 seconds:0.0
Script duration 214.0
Run total estimated duration= 215.000
script duration name:unknown120_60 seconds:214.0
script duration name:co2 seconds:0.0
Script duration 214.0
Run total estimated duration= 215.000
script duration name:unknown120_60 seconds:214.0
script duration name:co2 seconds:0.0
Script duration 214.0
Run total estimated duration= 215.000
script duration name:unknown120_60 seconds:214.0
script duration name:co2 seconds:0.0
Script duration 214.0
Run total estimated duration= 215.000
script duration name:unknown120_60 seconds:214.0
script duration name:co2 seconds:0.0
Script duration 214.0
Run total estimated duration= 215.000
script duration name:unknown120_60 seconds:214.0
script duration name:co2 seconds:0.0
Script duration 214.0
Run total estimated duration= 215.000
script duration name:unknown120_60 seconds:214.0
script duration name:co2 seconds:0.0
Script duration 214.0
Run total estimated duration= 215.000
script duration name:unknown400_120 seconds:556.0
script duration name:co2 seconds:0.0
Script duration 556.0
Run total estimated duration= 557.000
script duration name:unknown400_120 seconds:556.0
script duration name:sniffair_x2 seconds:250.0
Script duration 806.0
Run total estimated duration= 807.000
script duration name:unknown400_120 seconds:556.0
script duration name:cocktail_x1 seconds:108.0
Script duration 664.0
Run total estimated duration= 665.000
script duration name:unknown400_120 seconds:556.0
script duration name:sniffair_x2 seconds:250.0
Script duration 806.0
Run total estimated duration= 807.000
script duration name:unknown400_120 seconds:556.0
script duration name:cocktail_x1 seconds:108.0
Script duration 664.0
Run total estimated duration= 665.000
ic_peak_hop3 in script context. using previous estimated duration
script duration name:ic_peak_hop3 seconds:134.0
air_x1 in script context. using previous estimated duration
script duration name:air_x1 seconds:106.0
Script duration 240.0
Run total estimated duration= 241.000
script duration name:unknown120_60 seconds:214.0
script duration name:co2 seconds:0.0
Script duration 214.0
Run total estimated duration= 215.000
script duration name:unknown120_60 seconds:214.0
script duration name:co2 seconds:0.0
Script duration 214.0
Run total estimated duration= 215.000
script duration name:unknown120_60 seconds:214.0
script duration name:co2 seconds:0.0
Script duration 214.0
Run total estimated duration= 215.000
script duration name:unknown120_60 seconds:214.0
script duration name:co2 seconds:0.0
Script duration 214.0
Run total estimated duration= 215.000
script duration name:unknown120_60 seconds:214.0
script duration name:co2 seconds:0.0
Script duration 214.0
Run total estimated duration= 215.000
script duration name:unknown120_60 seconds:214.0
script duration name:co2 seconds:0.0
Script duration 214.0
Run total estimated duration= 215.000
script duration name:unknown120_60 seconds:214.0
script duration name:co2 seconds:0.0
Script duration 214.0
Run total estimated duration= 215.000
script duration name:unknown120_60 seconds:214.0
script duration name:co2 seconds:0.0
Script duration 214.0
Run total estimated duration= 215.000
script duration name:unknown120_60 seconds:214.0
script duration name:co2 seconds:0.0
Script duration 214.0
Run total estimated duration= 215.000
script duration name:unknown120_60 seconds:214.0
script duration name:co2 seconds:0.0
Script duration 214.0
Run total estimated duration= 215.000
script duration name:unknown120_60 seconds:214.0
script duration name:co2 seconds:0.0
Script duration 214.0
Run total estimated duration= 215.000
script duration name:unknown120_60 seconds:214.0
script duration name:co2 seconds:0.0
Script duration 214.0
Run total estimated duration= 215.000
script duration name:unknown400_120 seconds:556.0
script duration name:co2 seconds:0.0
Script duration 556.0
Run total estimated duration= 557.000
script duration name:unknown120_60 seconds:214.0
script duration name:co2 seconds:0.0
Script duration 214.0
Run total estimated duration= 215.000
script duration name:unknown120_60 seconds:214.0
script duration name:co2 seconds:0.0
Script duration 214.0
Run total estimated duration= 215.000
script duration name:unknown120_60 seconds:214.0
script duration name:co2 seconds:0.0
Script duration 214.0
Run total estimated duration= 215.000
script duration name:unknown400_120 seconds:556.0
script duration name:cocktail_x1 seconds:108.0
Script duration 664.0
Run total estimated duration= 665.000
script duration name:unknown400_120 seconds:556.0
script duration name:cocktail_x1 seconds:108.0
Script duration 664.0
Run total estimated duration= 665.000
script duration name:unknown120_60 seconds:214.0
script duration name:co2 seconds:0.0
Script duration 214.0
Run total estimated duration= 215.000
script duration name:unknown120_60 seconds:214.0
script duration name:co2 seconds:0.0
Script duration 214.0
Run total estimated duration= 215.000
script duration name:unknown400_120 seconds:556.0
script duration name:co2 seconds:0.0
Script duration 556.0
Run total estimated duration= 557.000
nruns=62 before=5.0, run_dur=20160.0, btw=2745.0
write rem/ex queues
/Users/jan/PychronDev/experiments/rem/CurrentExperiment.rem.txt
/Users/jan/PychronDev/experiments/rem/CurrentExperiment.ex.txt
doing event level: 3
