do run
loading script "jan_unknown120_60.py"
loading script "jan_pump_ms.py"
loading script "jan_co2.py"
loading script "jan_pump_extraction_line.py"
testing...
no interpolation path defined
executed snippet estimated_duration=213.652928, duration=0.000364065170288
script duration name:unknown120_60 seconds:214.0
loading script "jan_unknown120_60.py"
loading script "jan_pump_ms.py"
loading script "jan_co2.py"
loading script "jan_pump_extraction_line.py"
testing...
no interpolation path defined
executed snippet estimated_duration=0, duration=2.69412994385e-05
loading script "jan_unknown120_60.py"
loading script "jan_pump_ms.py"
loading script "jan_co2.py"
loading script "jan_pump_extraction_line.py"
testing...
no interpolation path defined
calculate duration
testing...
no interpolation path defined
executed snippet estimated_duration=0, duration=6.103515625e-05
calculate duration
testing...
no interpolation path defined
executed snippet estimated_duration=0, duration=9.60826873779e-05
executed snippet estimated_duration=0.0, duration=0.00276303291321
script duration name:co2 seconds:0.0
loading script "jan_unknown120_60.py"
loading script "jan_pump_ms.py"
loading script "jan_co2.py"
loading script "jan_pump_extraction_line.py"
testing...
no interpolation path defined
calculate duration
testing...
no interpolation path defined
executed snippet estimated_duration=4.0, duration=0.000241041183472
executed snippet estimated_duration=4.0, duration=0.00170111656189
Script duration 214.0
Run total estimated duration= 215.000
run duration: 0:03:35
doing event level: 2
03:02:56 -- Setting default integration. t=1.048576
setting integration time = 1.048576
SetIntegrationTime 1.048576 ===>> OK
----------------- start -----------------
**************** Experiment Type: Ar/Ar, Ar/Ar
create new session 4436069840
close session 4436069840
$$$$$ Clearing conditionals
adding conditionals 
Add queue conditionals
add default conditionals
adding default conditionals from /Users/jan/PychronDev/setupfiles/spectrometer/default_conditionals.yaml
Start automated run 65580-07C
loading script "jan_unknown120_60.py"
loading script "jan_pump_ms.py"
loading script "jan_co2.py"
loading script "jan_pump_extraction_line.py"
%%%%%%%%%%%%%%%%%% setting automated run 65580-07C
No value "sensitivity_multiplier" in metadata
$$$$$$$$$$$$$$$ auto_save_detector_ic=False
============================= Pre Extraction Check =============================
loading queue conditionals pre_run_terminations
loading system conditionals pre_run_terminations
loading conditionals from /Users/jan/PychronDev/setupfiles/spectrometer/default_conditionals.yaml
03:02:57 -- ******* Pre Extraction Check *******
Get a measurement from the spectrometer
GetData ===>> H2,-0.224700533008477,H1,-0.0779612924667326,AX,-0.0121100565234383,L1,-0.0294286844032505,L2,-0....
Pre Extraction Termination data. keys=H2,H1,AX,L1,L2,CDD, signals=-0.22470,-0.07796,-0.01211,-0.02943,-0.03331,0.00208
03:02:57 -- testing system defined conditionals
Checking default pre extraction terminations n=2
testing CDD
evaluate ot="CDD.inactive" t="CDD", ctx="{'CDD': False}"
GetDeflection CDD ===>> 50
testing CDD==2000
evaluate ot="CDD.deflection==2000" t="CDD==2000", ctx="{'CDD': 50.0}"
03:02:57 -- ******* Pre Extraction Check Passed *******
=================================================================================
03:02:57 -- stopping status monitor
stop 4982387056
Alive clients [4989850544]
03:02:57 -- starting status monitor
start 4982387056
Monitor already running
start extraction
do extraction
Analysis started at 03:02:57.066191
Extraction Started jan_co2.py
03:02:57 -- ******* Extraction Started jan_co2.py *******
state changed from not run to extraction
DO EXTRACTION <pychron.extraction_line.pyscript_runner.RemotePyScriptRunner object at 0x12c299590>
testing...
no interpolation path defined
calculate duration
testing...
no interpolation path defined
executed snippet estimated_duration=0, duration=5.10215759277e-05
calculate duration
testing...
no interpolation path defined
executed snippet estimated_duration=0, duration=0.000120162963867
executed snippet estimated_duration=100.0, duration=0.00778484344482
Jan CO2 laser analysis
doing GOSUB
testing...
no interpolation path defined
executed snippet estimated_duration=0, duration=5.60283660889e-05
Waiting for CO2 access
wait ('FelixCO2Flag', 0) {}
waiting for FelixCO2Flag = 0
Read FelixCO2Flag ===>> 0
finished waiting
CO2 free
wait ('CO2PumpTimeFlag', 0) {}
waiting for CO2PumpTimeFlag = 0
Read CO2PumpTimeFlag ===>> 0
finished waiting
acquire ('JanCO2Flag',) {'clear': True}
acquire JanCO2Flag
Set JanCO2Flag 1 ===>> OK
JanCO2Flag acquired
set extraction state False (0.75, 'red', 1.5)
CO2 acquired
executed snippet estimated_duration=0, duration=0.0231428146362
WaitForCO2Access.py completed successfully
gosub finished
doing GOSUB
testing...
no interpolation path defined
executed snippet estimated_duration=0, duration=0.000111103057861
Prepare for CO2 analysis
close () {'description': 'Jan Inlet'}
closing name=--- desc=Jan Inlet
checking ownership. requestor=129.138.12.150
check software interlocks R
interlocks []
actuate state mode=None-script, software_lock=False
doing actuation None-script close_channel False
Close R ===>> OK
GetIndicatorState R ===>> False
change switch state (True, True)
update switch state R False args=() kw={} ncanvase=2
03:02:57 -- CLOSE  VALVE-R (Jan Inlet)
---------------------------------------- close None (Jan Inlet) result=[(True, True)]
action=close, ok=True, locked=[False]
open () {'description': 'Jan Ion Pump'}
opening name=--- desc=Jan Ion Pump
checking ownership. requestor=129.138.12.150
check software interlocks O
interlocks []
actuate state mode=None-script, software_lock=False
doing actuation None-script open_channel False
Open O ===>> OK
GetIndicatorState O ===>> OK
change switch state (True, True)
update switch state O True args=() kw={} ncanvase=2
03:02:57 -- OPEN   VALVE-O (Jan Ion Pump)
---------------------------------------- open None (Jan Ion Pump) result=[(True, True)], time=0.14 sec
action=open, ok=True, locked=[False]
close () {'description': 'Microbone to Minibone'}
closing name=--- desc=Microbone to Minibone
checking ownership. requestor=129.138.12.150
check software interlocks L
interlocks []
actuate state mode=None-script, software_lock=False
doing actuation None-script close_channel False
Close L ===>> OK
GetIndicatorState L ===>> False
change switch state (True, True)
update switch state L False args=() kw={} ncanvase=2
03:02:58 -- CLOSE  VALVE-L (Microbone to Minibone)
---------------------------------------- close None (Microbone to Minibone) result=[(True, True)]
action=close, ok=True, locked=[False]
open () {'description': 'Microbone to Turbo'}
opening name=--- desc=Microbone to Turbo
checking ownership. requestor=129.138.12.150
check software interlocks U
interlocks []
actuate state mode=None-script, software_lock=False
doing actuation None-script open_channel False
Open U ===>> OK
GetIndicatorState U ===>> OK
change switch state (True, True)
update switch state U True args=() kw={} ncanvase=2
03:02:59 -- OPEN   VALVE-U (Microbone to Turbo)
---------------------------------------- open None (Microbone to Turbo) result=[(True, True)], time=0.14 sec
action=open, ok=True, locked=[False]
open () {'description': 'Microbone to Inlet Pipette'}
opening name=--- desc=Microbone to Inlet Pipette
checking ownership. requestor=129.138.12.150
check software interlocks S
interlocks []
actuate state mode=None-script, software_lock=False
doing actuation None-script open_channel False
Open S ===>> OK
GetIndicatorState S ===>> OK
change switch state (True, True)
update switch state S True args=() kw={} ncanvase=2
03:02:59 -- OPEN   VALVE-S (Microbone to Inlet Pipette)
---------------------------------------- open None (Microbone to Inlet Pipette) result=[(True, True)], time=0.44 sec
action=open, ok=True, locked=[False]
open () {'description': 'Microbone to Getter D-50'}
opening name=--- desc=Microbone to Getter D-50
checking ownership. requestor=129.138.12.150
check software interlocks K
interlocks []
actuate state mode=None-script, software_lock=False
doing actuation None-script open_channel False
Open K ===>> OK
GetIndicatorState K ===>> OK
change switch state (True, True)
update switch state K True args=() kw={} ncanvase=2
03:03:00 -- OPEN   VALVE-K (Microbone to Getter D-50)
---------------------------------------- open None (Microbone to Getter D-50) result=[(True, True)], time=0.43 sec
action=open, ok=True, locked=[False]
open () {'description': 'Microbone to Getter NP-10'}
opening name=--- desc=Microbone to Getter NP-10
checking ownership. requestor=129.138.12.150
check software interlocks M
interlocks []
actuate state mode=None-script, software_lock=False
doing actuation None-script open_channel False
Open M ===>> OK
GetIndicatorState M ===>> OK
change switch state (True, True)
update switch state M True args=() kw={} ncanvase=2
03:03:00 -- OPEN   VALVE-M (Microbone to Getter NP-10)
---------------------------------------- open None (Microbone to Getter NP-10) result=[(True, True)], time=0.16 sec
action=open, ok=True, locked=[False]
close () {'description': 'CO2 Laser to Felix'}
closing name=--- desc=CO2 Laser to Felix
checking ownership. requestor=129.138.12.150
check software interlocks F
interlocks []
actuate state mode=None-script, software_lock=True
VALVE-F(CO2 Laser to Felix) software locked
change switch state (True, False)
---------------------------------------- close None (CO2 Laser to Felix) result=[(True, False)]
action=close, ok=True, locked=[True]
open () {'description': 'CO2 Laser to Jan'}
opening name=--- desc=CO2 Laser to Jan
checking ownership. requestor=129.138.12.150
check software interlocks A
interlocks []
actuate state mode=None-script, software_lock=False
doing actuation None-script open_channel False
Open A ===>> OK
GetIndicatorState A ===>> OK
change switch state (True, True)
update switch state A True args=() kw={} ncanvase=2
03:03:01 -- OPEN   VALVE-A (CO2 Laser to Jan)
---------------------------------------- open None (CO2 Laser to Jan) result=[(True, True)], time=0.12 sec
action=open, ok=True, locked=[False]
open () {'description': 'Microbone to CO2 Laser'}
opening name=--- desc=Microbone to CO2 Laser
checking ownership. requestor=129.138.12.150
check software interlocks T
interlocks []
actuate state mode=None-script, software_lock=False
doing actuation None-script open_channel False
Open T ===>> OK
GetIndicatorState T ===>> OK
change switch state (True, True)
update switch state T True args=() kw={} ncanvase=2
03:03:01 -- OPEN   VALVE-T (Microbone to CO2 Laser)
---------------------------------------- open None (Microbone to CO2 Laser) result=[(True, True)], time=0.42 sec
action=open, ok=True, locked=[False]
executed snippet estimated_duration=0, duration=5.04272508621
PrepareForCO2Analysis.py completed successfully
gosub finished
set_motor ('beam', '1.25') {}
setting motor "beam" to 1.25
set motor beam to 1.25
SetMotor beam,1.25 ===>> OK
GetMotorMoving beam ===>> False
GetMotorMoving beam ===>> False
Block completed
move_to_position ('195',) {'autocenter': True}
FusionsCO2 move to position 195
sending GoToHole 195,True
GoToHole 195,True ===>> OK
GetDriveMoving ===>> False
GetDriveMoving ===>> False
Block completed
GetAutoCorrecting ===>> False
GetAutoCorrecting ===>> False
Block completed
update position
GetPosition ===>> 9.96950,-9.96950,1.00000
got position (9.9695, -9.9695, 1.0)
move to position succeeded
sleep (5,) {}
SLEEP 5.0
block started
WaitControl setup for 5.0  
Join finished
block finished. duration 5.06508111954
close () {'description': 'Microbone to Turbo'}
closing name=--- desc=Microbone to Turbo
checking ownership. requestor=129.138.12.150
check software interlocks U
interlocks []
actuate state mode=None-script, software_lock=False
doing actuation None-script close_channel True
Close U ===>> OK
GetIndicatorState U ===>> False
change switch state (True, True)
update switch state U False args=() kw={} ncanvase=2
03:03:10 -- CLOSE  VALVE-U (Microbone to Turbo)
---------------------------------------- close None (Microbone to Turbo) result=[(True, True)]
action=close, ok=True, locked=[False]
enable laser
enable () {}
set extraction state FusionsCO2 Enabled (False, 'red', 1.5)
enabling laser
Enable ===>> OK
begin interval
BEGIN INTERVAL Interval 1 waiting for 30.0
block started
set extract to 5.0
WaitControl setup for 30.0  
extract (5.0,) {}
GetPosition ===>> 9.96950,-9.96950,1.00000
set extraction state FusionsCO2 ON! 5.0(watts) (0.75, 'red', 1.5)
extract sample to 5.0 (watts)
set laser output
SetLaserOutput 5.0,watts ===>> OK
executing pattern triangle.lp
execute_pattern ('triangle.lp',) {}
executing pattern triangle.lp
IsPatterning ===>> OK
IsPatterning ===>> OK
IsPatterning ===>> OK
IsPatterning ===>> OK
IsPatterning ===>> OK
IsPatterning ===>> OK
IsPatterning ===>> OK
IsPatterning ===>> OK
IsPatterning ===>> OK
IsPatterning ===>> OK
IsPatterning ===>> OK
IsPatterning ===>> OK
IsPatterning ===>> OK
IsPatterning ===>> OK
IsPatterning ===>> OK
IsPatterning ===>> OK
IsPatterning ===>> OK
IsPatterning ===>> OK
IsPatterning ===>> OK
IsPatterning ===>> OK
IsPatterning ===>> OK
IsPatterning ===>> OK
IsPatterning ===>> OK
IsPatterning ===>> OK
IsPatterning ===>> OK
IsPatterning ===>> OK
IsPatterning ===>> False
IsPatterning ===>> False
Block completed
COMPLETE INTERVAL waiting for Interval 1 to complete
Join finished
block finished. duration 30.1390278339
Interval 1 finished
end_extract () {}
ending extraction. set laser power to 0
set laser power 0
SetLaserPower 0 ===>> OK
disable () {}
%%%%%%%%%%%%%%%%%%%%%%%%%%%%%%%%%%% disable
set extraction state False (0.75, 'red', 1.5)
disabling laser
Disable ===>> OK
sleep (30.0,) {}
SLEEP 30.0
block started
WaitControl setup for 30.0  
Join finished
block finished. duration 30.1076538563
executed snippet estimated_duration=166.5, duration=74.6516449451
jan_co2.py completed successfully
GetAchievedOutput ===>> No Response
Requested Output= 0.000
Achieved Output=  0.000
GetResponseBlob ===>> No Response
GetOutputBlob ===>> No Response
persistence save...
persistence save - db
AutomatedRunPersister post_extraction_save deprecated
persistence save - dvc
no extraction position for 195
create new session 4989601072
close session 4989601072
Extraction Finished
03:04:11 -- ******* Extraction Finished *******
no overlap. not waiting for min ms pumptime
03:04:11 -- Sending spectrometer configuration
======== Sending configuration ========
SetDeflection CDD,50.0 ===>> OK
SetDeflection H2,0.0 ===>> OK
SetDeflection H1,0.0 ===>> OK
SetDeflection L2,825.0 ===>> OK
SetDeflection L1,400.0 ===>> OK
SetDeflection AX,190.0 ===>> OK
SetZFocus 74.64 ===>> OK
SetZSymmetry -50.72 ===>> OK
SetExtractionLens 26.13 ===>> OK
SetIonRepeller -3.81 ===>> OK
SetElectronEnergy 75.08 ===>> OK
SetYSymmetry -2.81 ===>> OK
SetIonCounterVoltage 1590.0 ===>> OK
send trap current 200.0
GetParameter Trap Current Readback ===>> 198.258926936459
SetParameter Trap Current Set,200.0 ===>> OK
updating mftable name mftable
Using mftable located at /Users/jan/PychronDev/setupfiles/spectrometer/mftables/mftable.csv
============ MFtable ===========
Isotope  H2     H1     AX     L1     L2     CDD    
Ar40     5.8073 5.8792 5.9925 6.1472 6.2310 6.3754
Ar39     5.7065 5.7715 5.8850 6.0332 6.1161 6.2619
Ar36     5.3840 5.4405 5.5483 5.6921 5.7711 5.9130
================================
get initial guess parabolic
get initial guess parabolic
get initial guess parabolic
get initial guess parabolic
get initial guess parabolic
get initial guess parabolic
======== Configuration Finished ========
GetYSymmetry ===>> -2.81
GetZSymmetry ===>> -50.72
GetParameter Trap Current Readback ===>> 198.258926936459
GetHighVoltage ===>> 4499.94659342336
start measurement
do measurement
L#=65580 analysis type=unknown
Measurement Started jan_unknown120_60.py
03:04:11 -- ******* Measurement Started jan_unknown120_60.py *******
state changed from extraction to measurement
setting spec, defl, and gains
GetExtractionLens ===>> 26.13
GetYSymmetry ===>> -2.81
GetZSymmetry ===>> -50.72
GetZFocus ===>> 74.64
GetDeflection H2 ===>> 0
GetDeflection H1 ===>> 0
GetDeflection AX ===>> 190
GetDeflection L1 ===>> 400
GetDeflection L2 ===>> 825
GetDeflection CDD ===>> 50
GetGain H2 ===>> 0.0113
GetGain H1 ===>> 0.1
GetGain AX ===>> 0.097049
GetGain L1 ===>> 0.010355
GetGain L2 ===>> 0.095649
GetGain CDD ===>> 0
pre measurement save
New frame /Users/jan/PychronDev/data/isotopes/8f/7efbcb-27cf-4e6d-b387-421a7499bf68.h5
flush and close file /Users/jan/PychronDev/data/isotopes/8f/7efbcb-27cf-4e6d-b387-421a7499bf68.h5
testing...
no interpolation path defined
executed snippet estimated_duration=226.132928, duration=0.000121831893921
unknown measurement script
activate_detectors ('H2', 'H1', 'AX', 'L1', 'L2', 'CDD') {}
activate detectors
*************** Set Analysis View Ar/Ar
create graphs
clearing graphs
clear isotope group
setting isotope det=H2, iso=PM41
setting isotope det=H1, iso=Ar40
setting isotope det=AX, iso=Ar39
setting isotope det=L1, iso=Ar38
setting isotope det=L2, iso=Ar37
setting isotope det=CDD, iso=Ar36
setting previous blanks
 - setting Ar40 blank 0.151+/-0.007
 - setting Ar36 blank 0.00421+/-0.00016
 - setting Ar37 blank 0.042+/-0.005
 - setting Ar38 blank 0.0090+/-0.0020
 - setting PM41 blank 0.03+/-0.06
 - setting Ar39 blank 0.040+/-0.009
load analysis view
position_magnet ('Ar40',) {'detector': 'H1'}
detector Detector(H1)
POSITION Ar40 H1
setting detector H2 to PM41 (40.9624)
setting detector H1 to Ar40 (39.9624)
setting detector AX to Ar39 (38.9624)
setting detector L1 to Ar38 (37.9624)
setting detector L2 to Ar37 (36.9624)
setting detector CDD to Ar36 (35.9624)
Mapping mass to dac mass func: "parabolic"
H1 map mass coeffs = [-0.00063987  0.15840543  0.57079999]
H1 map mass to dac 39.9624 >> 5.87919
GetDeflection H1 ===>> 0
GetHighVoltage ===>> 4499.94659342336
positioning Ar40 (5.879155378) on H1
setting magnet DAC
current  : 5.879153
requested: 5.879155
Delta Dac: 0.000002
Checking detector protection. dv=0.00000
Checking detector "CDD". Protection Threshold: 0.1 (V)
SetMagnetDAC 5.879155378 ===>> OK
Magnet settling time: 0.500
equilibrate () {'delay': 3, 'inlet': 'R', 'outlet': 'O', 'eqtime': 12.0}
Equilibration Started
03:04:15 -- ******* Equilibration Started *******
checking ownership. requestor=129.138.12.150
check software interlocks O
interlocks []
actuate state mode=None-script, software_lock=False
doing actuation None-script close_channel True
Close O ===>> OK
update labels <pychron.experiment.plot_panel.PlotPanel object at 0x18efd9410>
update labels "<pychron.graph.stacked_regression_graph.StackedRegressionGraph object at 0x177b6f3b0>"
setting label 0 H2 PM41
setting label 1 H1 Ar40
setting label 2 AX Ar39
setting label 3 L1 Ar38
setting label 4 L2 Ar37
setting label 5 CDD Ar36
update labels "<pychron.graph.stacked_graph.StackedGraph object at 0x18eb0d3b0>"
setting label 0 H2 PM41
setting label 1 H1 Ar40
setting label 2 AX Ar39
setting label 3 L1 Ar38
setting label 4 L2 Ar37
setting label 5 CDD Ar36
GetIndicatorState O ===>> False
change switch state (True, True)
update switch state O False args=() kw={} ncanvase=2
03:04:15 -- CLOSE  VALVE-O (Jan Ion Pump)
waiting 3s before opening inlet value ('R',)
checking ownership. requestor=129.138.12.150
check software interlocks R
interlocks []
actuate state mode=None-script, software_lock=False
doing actuation None-script open_channel True
Open R ===>> OK
GetIndicatorState R ===>> OK
change switch state (True, True)
update switch state R True args=() kw={} ncanvase=2
03:04:18 -- OPEN   VALVE-R (Jan Inlet)
equilibrating for 12.0sec
set_time_zero () {}
sniff (12.0,) {}
py_sniff
build tables- sniff [Detector(H2), Detector(H1), Detector(AX), Detector(L1), Detector(L2), Detector(CDD)]
add group /sniff/PM41 (Group) '' table H2
add group /sniff/Ar40 (Group) '' table H1
add group /sniff/Ar39 (Group) '' table AX
add group /sniff/Ar38 (Group) '' table L1
add group /sniff/Ar37 (Group) '' table L2
add group /sniff/Ar36 (Group) '' table CDD
flush and close file /Users/jan/PychronDev/data/isotopes/8f/7efbcb-27cf-4e6d-b387-421a7499bf68.h5
measuring sniff. ncounts=12.0
"sniff" increment series count="1" fit count="0" regressing="False"
starting measurement
GetData ===>> H2,-0.106247522665079,H1,56.0789168878796,AX,15.3372685371944,L1,0.0201468212486786,L2,0.13204114...
GetData ===>> H2,0.861395460221572,H1,745.244935300761,AX,198.024290520408,L1,0.989591209946879,L2,1.0358110045...
GetData ===>> H2,0.492775111561749,H1,1174.9799216579,AX,302.298513304515,L1,2.36426707626892,L2,1.244770321078...
GetData ===>> H2,0.116281607951876,H1,1312.62237115644,AX,331.967433532739,L1,3.17378288036083,L2,1.31748260497...
GetData ===>> H2,-0.0063364969307935,H1,1362.33054424905,AX,341.58764929534,L1,3.69209520138579,L2,1.2907641841...
GetData ===>> H2,0.0631370010864689,H1,1382.16229602734,AX,345.468113038959,L1,4.04224790897098,L2,1.3334161879...
GetData ===>> H2,0.112889788327061,H1,1390.93234083045,AX,347.306686777532,L1,4.17516481437857,L2,1.30726721315...
GetData ===>> H2,0.015183232120156,H1,1394.22209738384,AX,348.180084270235,L1,4.21860354969866,L2,1.25004662537...
GetData ===>> H2,-0.0847122122600236,H1,1395.02994966033,AX,347.986749958918,L1,4.3351549481545,L2,1.3947436218...
GetData ===>> H2,0.0186818986399549,H1,1395.72065668187,AX,348.376369748865,L1,4.39759903509832,L2,1.2550249689...
GetData ===>> H2,0.0227398125910413,H1,1396.08782027744,AX,348.247777688599,L1,4.40149700843226,L2,1.3030551142...
Equilibration Finished
03:04:30 -- ******* Equilibration Finished *******
checking ownership. requestor=129.138.12.150
check software interlocks R
interlocks []
actuate state mode=None-script, software_lock=False
doing actuation None-script close_channel True
GetData ===>> H2,0.0402512022945772,H1,1395.98871560474,AX,348.388960418019,L1,4.45745073506693,L2,1.2704089888...
Close R ===>> OK
GetIndicatorState R ===>> False
change switch state (True, True)
update switch state R False args=() kw={} ncanvase=2
03:04:31 -- CLOSE  VALVE-R (Jan Inlet)
Post Equilibration Started jan_pump_extraction_line.py
03:04:31 -- ******* Post Equilibration Started jan_pump_extraction_line.py *******
testing...
no interpolation path defined
calculate duration
testing...
no interpolation path defined
executed snippet estimated_duration=4.0, duration=0.000235080718994
executed snippet estimated_duration=4.0, duration=0.00159096717834
Pump after analysis
doing GOSUB
testing...
no interpolation path defined
executed snippet estimated_duration=4.0, duration=0.000190019607544
Pump Microbone
close () {'description': 'Jan Inlet'}
closing name=--- desc=Jan Inlet
checking ownership. requestor=129.138.12.150
check software interlocks R
interlocks []
actuate state mode=None-script, software_lock=False
doing actuation None-script close_channel False
Close R ===>> OK
measurement finished
estimated time: 12.583 actual time: :12.675
flush and close file /Users/jan/PychronDev/data/isotopes/8f/7efbcb-27cf-4e6d-b387-421a7499bf68.h5
set_fits () {}
using default fits file=/Users/jan/PychronDev/scripts/measurement/fits/nominal_linear.yaml
set "Ar40" to "('Linear', 'SEM')"
No fit for "PM41". defaulting to linear. check the measurement script "jan_unknown120_60.py"
set "PM41" to "linear"
set "Ar36" to "('Linear', 'SEM')"
set "Ar37" to "('linear', 'SEM')"
set "Ar38" to "('linear', 'SEM')"
set "Ar39" to "('Linear', 'SEM')"
set_baseline_fits () {}
using default fits file=/Users/jan/PychronDev/scripts/measurement/fits/nominal_linear.yaml
set "H1" to "('average', 'SEM')"
set "H2" to "('average', 'SEM')"
set "CDD" to "('average', 'SEM')"
set "L2" to "('average', 'SEM')"
set "L1" to "('average', 'SEM')"
set "AX" to "('average', 'SEM')"
multicollect () {'integration_time': 1, 'ncounts': 120}
build tables- signal [Detector(H2), Detector(H1), Detector(AX), Detector(L1), Detector(L2), Detector(CDD)]
add group /signal/PM41 (Group) '' table H2
add group /signal/Ar40 (Group) '' table H1
add group /signal/Ar39 (Group) '' table AX
add group /signal/Ar38 (Group) '' table L1
add group /signal/Ar37 (Group) '' table L2
add group /signal/Ar36 (Group) '' table CDD
flush and close file /Users/jan/PychronDev/data/isotopes/8f/7efbcb-27cf-4e6d-b387-421a7499bf68.h5
measuring signal. ncounts=120
GetIndicatorState R ===>> False
change switch state (True, True)
update switch state R False args=() kw={} ncanvase=2
03:04:32 -- CLOSE  VALVE-R (Jan Inlet)
---------------------------------------- close None (Jan Inlet) result=[(True, True)]
"signal" increment series count="2" fit count="1" regressing="True"
action=close, ok=True, locked=[False]
is_closed ('F',) {}
is F () closed?
is closed True
open () {'description': 'CO2 Laser to Jan'}
opening name=--- desc=CO2 Laser to Jan
checking ownership. requestor=129.138.12.150
check software interlocks A
interlocks []
actuate state mode=None-script, software_lock=False
doing actuation None-script open_channel False
Open A ===>> OK
GetIndicatorState A ===>> OK
change switch state (True, True)
update switch state A True args=() kw={} ncanvase=2
03:04:32 -- OPEN   VALVE-A (CO2 Laser to Jan)
---------------------------------------- open None (CO2 Laser to Jan) result=[(True, True)], time=0.16 sec
starting measurement
GetData ===>> H2,-0.0886423833982368,H1,1395.58167787017,AX,347.969189022845,L1,4.47083888285147,L2,1.307347554...
action=open, ok=True, locked=[False]
sleep (1,) {}
SLEEP 1.0
GetData ===>> H2,0.0729192171085627,H1,1395.65463074643,AX,348.089282785849,L1,4.48811191871228,L2,1.4020891300...
close () {'description': 'CO2 Laser to Roughing'}
closing name=--- desc=CO2 Laser to Roughing
checking ownership. requestor=129.138.12.150
check software interlocks G
interlocks []
actuate state mode=None-script, software_lock=True
VALVE-G(CO2 Laser to Roughing) software locked
change switch state (True, False)
---------------------------------------- close None (CO2 Laser to Roughing) result=[(True, False)]
action=close, ok=True, locked=[True]
open () {'description': 'Microbone to Turbo'}
opening name=--- desc=Microbone to Turbo
checking ownership. requestor=129.138.12.150
check software interlocks U
interlocks []
actuate state mode=None-script, software_lock=False
doing actuation None-script open_channel True
Open U ===>> OK
GetIndicatorState U ===>> OK
change switch state (True, True)
update switch state U True args=() kw={} ncanvase=2
03:04:33 -- OPEN   VALVE-U (Microbone to Turbo)
---------------------------------------- open None (Microbone to Turbo) result=[(True, True)], time=0.22 sec
action=open, ok=True, locked=[False]
open () {'description': 'Microbone to Getter NP-10'}
opening name=--- desc=Microbone to Getter NP-10
checking ownership. requestor=129.138.12.150
check software interlocks M
interlocks []
actuate state mode=None-script, software_lock=False
doing actuation None-script open_channel False
Open M ===>> OK
GetIndicatorState M ===>> OK
change switch state (True, True)
update switch state M True args=() kw={} ncanvase=2
03:04:34 -- OPEN   VALVE-M (Microbone to Getter NP-10)
---------------------------------------- open None (Microbone to Getter NP-10) result=[(True, True)], time=0.16 sec
action=open, ok=True, locked=[False]
open () {'description': 'Microbone to Getter D-50'}
opening name=--- desc=Microbone to Getter D-50
checking ownership. requestor=129.138.12.150
check software interlocks K
interlocks []
actuate state mode=None-script, software_lock=False
doing actuation None-script open_channel False
GetData ===>> H2,-0.0641217534231857,H1,1394.90301657312,AX,348.33073751182,L1,4.49598411333066,L2,1.2813433475...
Open K ===>> OK
GetIndicatorState K ===>> OK
change switch state (True, True)
update switch state K True args=() kw={} ncanvase=2
03:04:35 -- OPEN   VALVE-K (Microbone to Getter D-50)
---------------------------------------- open None (Microbone to Getter D-50) result=[(True, True)], time=0.44 sec
action=open, ok=True, locked=[False]
open () {'description': 'Microbone to CO2 Laser'}
opening name=--- desc=Microbone to CO2 Laser
checking ownership. requestor=129.138.12.150
check software interlocks T
interlocks []
actuate state mode=None-script, software_lock=False
doing actuation None-script open_channel False
Open T ===>> OK
GetData ===>> H2,-0.0685742683421832,H1,1394.40331387739,AX,347.870959298542,L1,4.48587349228652,L2,1.207890148...
GetIndicatorState T ===>> OK
change switch state (True, True)
update switch state T True args=() kw={} ncanvase=2
03:04:35 -- OPEN   VALVE-T (Microbone to CO2 Laser)
---------------------------------------- open None (Microbone to CO2 Laser) result=[(True, True)], time=0.45 sec
action=open, ok=True, locked=[False]
open () {'description': 'Microbone to Inlet Pipette'}
opening name=--- desc=Microbone to Inlet Pipette
checking ownership. requestor=129.138.12.150
check software interlocks S
interlocks []
actuate state mode=None-script, software_lock=False
doing actuation None-script open_channel False
Open S ===>> OK
GetIndicatorState S ===>> OK
change switch state (True, True)
update switch state S True args=() kw={} ncanvase=2
03:04:36 -- OPEN   VALVE-S (Microbone to Inlet Pipette)
---------------------------------------- open None (Microbone to Inlet Pipette) result=[(True, True)], time=0.43 sec
action=open, ok=True, locked=[False]
sleep (1,) {}
SLEEP 1.0
testing H1>-5.0
evaluate ot="H1.bs>-5.0" t="H1>-5.0", ctx="{'H1': None}"
GetData ===>> H2,-0.0206074528521954,H1,1394.10511314501,AX,347.824653730432,L1,4.47354522383307,L2,1.271705442...
set_resource () {'name': 'CO2PumpTimeFlag', 'value': 30}
Set CO2PumpTimeFlag 30 ===>> OK
release ('JanCO2Flag',) {}
release JanCO2Flag
Set JanCO2Flag 0 ===>> OK
executed snippet estimated_duration=6.0, duration=6.15883803368
PumpMicrobone.py completed successfully
gosub finished
get_resource_value () {'name': 'JanMiniboneFlag'}
Read JanMiniboneFlag ===>> 0
Get Resource Value JanMiniboneFlag=0.0
get resource value 0.0
get_resource_value () {'name': 'JanMiniboneFlag'}
Read JanMiniboneFlag ===>> 0
Get Resource Value JanMiniboneFlag=0.0
executed snippet estimated_duration=4.0, duration=6.17317700386
jan_pump_extraction_line.py completed successfully
Post Equilibration Finished
03:04:37 -- ******* Post Equilibration Finished *******
GetData ===>> H2,-0.0239429008054904,H1,1393.59617176386,AX,347.884601985198,L1,4.50076685906802,L2,1.227681668...
GetData ===>> H2,-0.0641935968900946,H1,1393.53929006744,AX,347.480933754823,L1,4.46904622302566,L2,1.308460865...
GetData ===>> H2,-0.131739615790229,H1,1392.3565622807,AX,347.518800066,L1,4.48910391683696,L2,1.41639152303279...
GetData ===>> H2,-0.0721922861740199,H1,1391.79510833898,AX,347.162678433537,L1,4.48489311626679,L2,1.336068214...
testing H1>-5.0
evaluate ot="H1.bs>-5.0" t="H1>-5.0", ctx="{'H1': None}"
GetData ===>> H2,-0.00365997923109054,H1,1391.57373773592,AX,347.092712942325,L1,4.47666133170365,L2,1.23643205...
GetData ===>> H2,0.00190486483035664,H1,1390.68934047161,AX,346.888573912721,L1,4.47764985261807,L2,1.272428252...
GetData ===>> H2,-0.103976812681845,H1,1390.58390473224,AX,346.622445673621,L1,4.44911792871938,L2,1.2537057975...
GetData ===>> H2,-0.123621210451543,H1,1389.79449666802,AX,346.46705211561,L1,4.45301993249864,L2,1.25242105665...
GetData ===>> H2,-0.0984727207475335,H1,1389.36957025212,AX,346.642122685994,L1,4.4797415547015,L2,1.2646497315...
testing H1>-5.0
evaluate ot="H1.bs>-5.0" t="H1>-5.0", ctx="{'H1': None}"
GetData ===>> H2,-0.0822144771300347,H1,1389.17618462932,AX,346.588836774269,L1,4.45438827058328,L2,1.310136595...
GetData ===>> H2,-0.157069319743532,H1,1387.75984660624,AX,346.427969474224,L1,4.44848533742177,L2,1.1865093304...
GetData ===>> H2,-0.0507862621934241,H1,1387.77470583828,AX,346.414975424087,L1,4.42426807369527,L2,1.370966379...
GetData ===>> H2,-0.0547361830379369,H1,1386.92714396022,AX,346.095685681129,L1,4.39527049191647,L2,1.263456621...
GetData ===>> H2,-0.101330687101841,H1,1385.78058766245,AX,345.88333003715,L1,4.39766774333591,L2,1.21759046595...
testing H1>-5.0
evaluate ot="H1.bs>-5.0" t="H1>-5.0", ctx="{'H1': None}"
GetData ===>> H2,-0.202045541553157,H1,1385.58155644507,AX,345.709056509613,L1,4.42016990754541,L2,1.3904283968...
GetData ===>> H2,-0.202045541553157,H1,1385.58155644507,AX,345.709056509613,L1,4.42016990754541,L2,1.3904283968...
GetData ===>> H2,-0.126374163504365,H1,1384.43595413395,AX,345.179920460385,L1,4.40090916272227,L2,1.2660493600...
GetData ===>> H2,-0.176926558584802,H1,1383.52061463341,AX,345.020737928697,L1,4.42162167284913,L2,1.2716136579...
GetData ===>> H2,-0.0921775155601941,H1,1383.0610342265,AX,345.139965139223,L1,4.42669395409325,L2,1.3194569404...
testing H1>-5.0
evaluate ot="H1.bs>-5.0" t="H1>-5.0", ctx="{'H1': None}"
03:04:57 -- collecting point 25
GetData ===>> H2,-0.0736931275746451,H1,1382.836712624,AX,345.286027341083,L1,4.40647142731138,L2,1.29140680834...
GetData ===>> H2,-0.242621032909879,H1,1381.80490872093,AX,345.363867817647,L1,4.38366421159923,L2,1.2181179344...
GetData ===>> H2,-0.179655527334804,H1,1381.45458057659,AX,345.214379436124,L1,4.4008155779441,L2,1.31276502533...
GetData ===>> H2,-0.164037736019906,H1,1380.53121454223,AX,344.580993027482,L1,4.38951554799121,L2,1.2599003243...
GetData ===>> H2,-0.146512758658955,H1,1380.22314251316,AX,344.194530864762,L1,4.39033275338908,L2,1.2567227117...
testing H1>-5.0
evaluate ot="H1.bs>-5.0" t="H1>-5.0", ctx="{'H1': None}"
GetData ===>> H2,-0.156900458044254,H1,1379.77330433505,AX,344.30816080342,L1,4.4109364839532,L2,1.283913618354...
GetData ===>> H2,-0.134132145388459,H1,1379.48974415685,AX,344.266724325565,L1,4.39254199589065,L2,1.3743283458...
GetData ===>> H2,-0.150285077237956,H1,1378.75464581991,AX,344.046426410372,L1,4.37848175979939,L2,1.3680749532...
GetData ===>> H2,-0.211866166353972,H1,1378.18211542015,AX,343.860975439074,L1,4.36904932834764,L2,1.2057461200...
GetData ===>> H2,-0.275216761341245,H1,1377.16895168801,AX,343.811525392337,L1,4.38462876635008,L2,1.2327506032...
testing H1>-5.0
evaluate ot="H1.bs>-5.0" t="H1>-5.0", ctx="{'H1': None}"
GetData ===>> H2,-0.142635133596698,H1,1376.55539829697,AX,343.89881518977,L1,4.41592681959975,L2,1.26808000470...
GetData ===>> H2,-0.056400682567545,H1,1376.20945685935,AX,343.528978476396,L1,4.42438225647507,L2,1.2668180171...
GetData ===>> H2,-0.0753903175782274,H1,1376.0084833261,AX,343.177892978712,L1,4.38046272603938,L2,1.3203752498...
GetData ===>> H2,-0.126129453558271,H1,1375.92722259012,AX,343.145807606372,L1,4.39012529205841,L2,1.2994284955...
GetData ===>> H2,-0.129600866893557,H1,1375.11476048833,AX,343.343450738961,L1,4.40336309332953,L2,1.2381180017...
testing H1>-5.0
evaluate ot="H1.bs>-5.0" t="H1>-5.0", ctx="{'H1': None}"
GetData ===>> H2,-0.109514701959914,H1,1374.53585490288,AX,343.103759448156,L1,4.40738871910668,L2,1.3159559663...
GetData ===>> H2,-0.0531623492490654,H1,1373.57636956282,AX,343.084051637204,L1,4.34980163901937,L2,1.232716197...
GetData ===>> H2,-0.105288142172879,H1,1373.47456635024,AX,342.869914116049,L1,4.33457760910671,L2,1.2178083330...
GetData ===>> H2,-0.0769110666673801,H1,1372.63010843483,AX,342.700560552022,L1,4.31296646916832,L2,1.284739791...
GetData ===>> H2,-0.168199185529198,H1,1372.14426858259,AX,342.609027699239,L1,4.34041348607058,L2,1.4015267197...
testing H1>-5.0
evaluate ot="H1.bs>-5.0" t="H1>-5.0", ctx="{'H1': None}"
GetData ===>> H2,-0.205931421299669,H1,1371.4737325195,AX,342.609988316467,L1,4.3493301628173,L2,1.276730801383...
GetData ===>> H2,-0.147823015129134,H1,1371.44019143159,AX,342.374400867393,L1,4.36181016246333,L2,1.2454126383...
GetData ===>> H2,-0.0104384560382253,H1,1370.75562990831,AX,342.181659120377,L1,4.38866318114695,L2,1.262573271...
GetData ===>> H2,-0.0583511066498428,H1,1370.27220438597,AX,341.881495694378,L1,4.40158474901322,L2,1.174187424...
GetData ===>> H2,-0.084318083357505,H1,1369.73915520295,AX,342.049307345628,L1,4.3430115066736,L2,1.33390984969...
testing H1>-5.0
evaluate ot="H1.bs>-5.0" t="H1>-5.0", ctx="{'H1': None}"
03:05:24 -- collecting point 50
GetData ===>> H2,-0.12759628226973,H1,1369.01960861769,AX,341.95435506181,L1,4.34526279239197,L2,1.317826962905...
GetData ===>> H2,-0.134175419967185,H1,1368.46344450957,AX,341.780400559356,L1,4.32326967493293,L2,1.3401784258...
GetData ===>> H2,-0.191813171309349,H1,1367.35332454537,AX,341.836858230421,L1,4.34838142671978,L2,1.3037896359...
GetData ===>> H2,-0.0955395456315033,H1,1367.16437633767,AX,341.633475143409,L1,4.32980346841004,L2,1.265911690...
GetData ===>> H2,-0.123595516683981,H1,1366.54094104225,AX,341.443395885246,L1,4.34199323862146,L2,1.1996123995...
testing H1>-5.0
evaluate ot="H1.bs>-5.0" t="H1>-5.0", ctx="{'H1': None}"
GetData ===>> H2,-0.313451556304899,H1,1366.38355595061,AX,341.374002081487,L1,4.29626911750024,L2,1.3225562696...
GetData ===>> H2,-0.296555285395667,H1,1366.44648914741,AX,341.082690772508,L1,4.31171103611792,L2,1.3081624513...
GetData ===>> H2,-0.200430412846328,H1,1365.54900218664,AX,341.111490321178,L1,4.38466822702352,L2,1.3420269300...
GetData ===>> H2,-0.248420043169201,H1,1364.45340395316,AX,341.224579201053,L1,4.37334676272118,L2,1.2463990624...
GetData ===>> H2,-0.173138837884644,H1,1363.82690441904,AX,341.068707185956,L1,4.37041657241026,L2,1.2429236828...
testing H1>-5.0
evaluate ot="H1.bs>-5.0" t="H1>-5.0", ctx="{'H1': None}"
GetData ===>> H2,-0.153348375831681,H1,1363.14930949052,AX,340.613622939202,L1,4.3264989537048,L2,1.18873317271...
GetData ===>> H2,-0.0622672217154178,H1,1363.00209676211,AX,340.405406813082,L1,4.30876086840348,L2,1.355076080...
GetData ===>> H2,-0.0118534732951897,H1,1362.36760869153,AX,340.415962685129,L1,4.31700453621253,L2,1.244208297...
GetData ===>> H2,-0.0261715174376562,H1,1361.44667851181,AX,340.262467708168,L1,4.30650246544293,L2,1.338662908...
GetData ===>> H2,-0.160374449786736,H1,1361.23752810536,AX,339.97927874245,L1,4.3407475072402,L2,1.333175098254...
testing H1>-5.0
evaluate ot="H1.bs>-5.0" t="H1>-5.0", ctx="{'H1': None}"
GetData ===>> H2,-0.101502602468664,H1,1361.12190236278,AX,340.159214665384,L1,4.34135285267423,L2,1.2065028304...
GetData ===>> H2,-0.0567031693908595,H1,1360.20384651372,AX,340.12594246239,L1,4.31737169934822,L2,1.3373425908...
GetData ===>> H2,-0.158434980716344,H1,1359.07156357513,AX,339.634744175641,L1,4.28017430593475,L2,1.2958479174...
GetData ===>> H2,-0.140567425723809,H1,1358.57355770861,AX,339.577879547931,L1,4.25460427697195,L2,1.2556214697...
GetData ===>> H2,-0.0665884802627669,H1,1358.2446856501,AX,339.578834620902,L1,4.27056067432407,L2,1.3017697148...
testing H1>-5.0
evaluate ot="H1.bs>-5.0" t="H1>-5.0", ctx="{'H1': None}"
GetData ===>> H2,-0.00643576625402262,H1,1358.12059773925,AX,339.555659147415,L1,4.30360357906468,L2,1.23074364...
GetData ===>> H2,-0.0487463128091789,H1,1357.20805560782,AX,339.19733183307,L1,4.30232479147957,L2,1.1599697229...
GetData ===>> H2,-0.0710424562007572,H1,1357.30403826814,AX,338.793263071334,L1,4.27079783663976,L2,1.252157228...
GetData ===>> H2,-0.121343705383908,H1,1357.13586372596,AX,338.586162526328,L1,4.27639641521266,L2,1.3334391489...
GetData ===>> H2,-0.0738476745232216,H1,1356.07014398956,AX,338.647925244168,L1,4.27511653254518,L2,1.317459647...
testing H1>-5.0
evaluate ot="H1.bs>-5.0" t="H1>-5.0", ctx="{'H1': None}"
03:05:50 -- collecting point 75
GetData ===>> H2,-0.160417665372898,H1,1355.20415027555,AX,338.778668492075,L1,4.3240364603403,L2,1.28028772045...
GetData ===>> H2,-0.115221660613162,H1,1354.40898423952,AX,338.549709133057,L1,4.29996273621687,L2,1.3590225957...
GetData ===>> H2,-0.165733275892858,H1,1353.85264453466,AX,338.629366360836,L1,4.27177783396487,L2,1.1984315598...
GetData ===>> H2,-0.140307922036223,H1,1353.60736862915,AX,338.183032374449,L1,4.29928420303103,L2,1.2603018352...
GetData ===>> H2,-0.0695792380175676,H1,1353.41673981032,AX,338.030234433222,L1,4.27707713474404,L2,1.292164192...
testing H1>-5.0
evaluate ot="H1.bs>-5.0" t="H1>-5.0", ctx="{'H1': None}"
GetData ===>> H2,-0.105089219574399,H1,1352.90770548268,AX,337.95944020172,L1,4.30341277196873,L2,1.23904700490...
GetData ===>> H2,-0.0330503021829564,H1,1352.57343164037,AX,338.034139774781,L1,4.34346377323005,L2,1.322223374...
GetData ===>> H2,-0.0329145053748388,H1,1351.77045305362,AX,337.850183584888,L1,4.36925530626601,L2,1.278658405...
GetData ===>> H2,-0.119635276681214,H1,1351.50166456646,AX,337.640844467951,L1,4.34004446891303,L2,1.2394254902...
GetData ===>> H2,-0.0504551176109067,H1,1350.97258493659,AX,337.242574523237,L1,4.31707592818111,L2,1.152869637...
testing H1>-5.0
evaluate ot="H1.bs>-5.0" t="H1>-5.0", ctx="{'H1': None}"
GetData ===>> H2,-0.0643820143941844,H1,1350.79110336522,AX,337.25563555233,L1,4.31398168737342,L2,1.2701451110...
GetData ===>> H2,-0.153842950740923,H1,1350.07836895095,AX,337.426228522952,L1,4.30060198971472,L2,1.2446326822...
GetData ===>> H2,-0.134210580440858,H1,1349.75497296888,AX,337.282869226833,L1,4.29140811299254,L2,1.3126043332...
GetData ===>> H2,-0.0298097489899017,H1,1348.73114321826,AX,336.978914609709,L1,4.3067370285259,L2,1.2269706626...
GetData ===>> H2,-0.130025258137662,H1,1347.79243241317,AX,336.890976830976,L1,4.31387389837057,L2,1.2434168809...
testing H1>-5.0
evaluate ot="H1.bs>-5.0" t="H1>-5.0", ctx="{'H1': None}"
GetData ===>> H2,-0.157967621693502,H1,1347.45373536253,AX,336.825468801676,L1,4.27608079531764,L2,1.1827380864...
GetData ===>> H2,-0.167477149334018,H1,1346.88942716139,AX,336.914833620027,L1,4.31303638106233,L2,1.2080162689...
GetData ===>> H2,-0.0612015426719349,H1,1346.58644566391,AX,336.817107236654,L1,4.32031377344905,L2,1.266313226...
GetData ===>> H2,-0.224433888144178,H1,1346.16351927629,AX,336.439324498783,L1,4.33106022007631,L2,1.2513313345...
GetData ===>> H2,-0.140503901932399,H1,1345.1742712253,AX,336.066075236006,L1,4.31767184883091,L2,1.27644395879...
testing H1>-5.0
evaluate ot="H1.bs>-5.0" t="H1>-5.0", ctx="{'H1': None}"
GetData ===>> H2,-0.0628312048528061,H1,1345.01551120687,AX,336.274767678956,L1,4.28055841573725,L2,1.275927644...
GetData ===>> H2,-0.0350273204316299,H1,1344.89717205233,AX,336.090523800967,L1,4.29236124136986,L2,1.150919786...
GetData ===>> H2,-0.237270139647912,H1,1344.06476311607,AX,335.937741807106,L1,4.28828828305368,L2,1.3445988209...
GetData ===>> H2,-0.114037458853434,H1,1343.16966261557,AX,335.647863318675,L1,4.2558670583588,L2,1.27871577550...
GetData ===>> H2,-0.145169926394256,H1,1342.65992520872,AX,336.169926007273,L1,4.29594450514163,L2,1.2742754564...
testing H1>-5.0
evaluate ot="H1.bs>-5.0" t="H1>-5.0", ctx="{'H1': None}"
03:06:16 -- collecting point 100
GetData ===>> H2,-0.0742150540171487,H1,1342.10580510808,AX,335.702501460565,L1,4.31792683597506,L2,1.282215396...
GetData ===>> H2,-0.00285064422073506,H1,1341.47194899828,AX,335.502149922068,L1,4.29875130424032,L2,1.22600737...
GetData ===>> H2,-0.142590539953181,H1,1340.62058852137,AX,335.386488711843,L1,4.28122918190346,L2,1.1323408367...
GetData ===>> H2,-0.0701678025226708,H1,1340.16144301836,AX,335.516714498929,L1,4.282659593775,L2,1.22551426409...
GetData ===>> H2,-0.16314531575424,H1,1339.76932911903,AX,335.523633743142,L1,4.29227683921486,L2,1.35819656741...
testing H1>-5.0
evaluate ot="H1.bs>-5.0" t="H1>-5.0", ctx="{'H1': None}"
GetData ===>> H2,-0.111998989234395,H1,1339.34427810975,AX,335.382192531431,L1,4.27232743496508,L2,1.2600150416...
GetData ===>> H2,-0.100242280639347,H1,1338.47948406893,AX,334.988331222795,L1,4.32380612811397,L2,1.2204801112...
GetData ===>> H2,-0.0908023456548862,H1,1338.61026273247,AX,334.579145856173,L1,4.25722298644405,L2,1.280517203...
GetData ===>> H2,-0.112151954831956,H1,1338.61356458531,AX,334.318101013761,L1,4.26719724856673,L2,1.1492911182...
GetData ===>> H2,-0.19542717375807,H1,1337.88598406036,AX,334.565679596825,L1,4.29892165460535,L2,1.23092713213...
testing H1>-5.0
evaluate ot="H1.bs>-5.0" t="H1>-5.0", ctx="{'H1': None}"
GetData ===>> H2,-0.146388479050301,H1,1337.28266657448,AX,334.372968074044,L1,4.27253245119913,L2,1.3314989675...
GetData ===>> H2,-0.163253327996947,H1,1336.9737446767,AX,334.302589370466,L1,4.27319259778649,L2,1.26775876993...
GetData ===>> H2,-0.225150313622969,H1,1335.95578992416,AX,333.876591894611,L1,4.24212587645893,L2,1.2973627611...
GetData ===>> H2,-0.131245899352927,H1,1335.19432603848,AX,334.044520427144,L1,4.2550896113132,L2,1.33262403835...
GetData ===>> H2,-0.128956140271471,H1,1335.21052442852,AX,334.002965859816,L1,4.27810992274551,L2,1.2569865528...
testing H1>-5.0
evaluate ot="H1.bs>-5.0" t="H1>-5.0", ctx="{'H1': None}"
GetData ===>> H2,-0.156342521102147,H1,1334.8353364219,AX,333.851174158095,L1,4.28590956514381,L2,1.21129546755...
GetData ===>> H2,-0.136889217683649,H1,1334.13924417104,AX,333.165349760268,L1,4.2693080099583,L2,1.24480473082...
GetData ===>> H2,-0.130942895614603,H1,1333.46530403512,AX,333.428656726723,L1,4.26403251794239,L2,1.2864380582...
GetData ===>> H2,-0.14929113296831,H1,1333.28343923715,AX,333.594884998524,L1,4.23915244523322,L2,1.26571665962...
GetData ===>> H2,-0.0885610719105617,H1,1332.92326718525,AX,333.536735698911,L1,4.23199855626022,L2,1.207557648...
testing H1>-5.0
evaluate ot="H1.bs>-5.0" t="H1>-5.0", ctx="{'H1': None}"
GetData ===>> H2,-0.107059346955516,H1,1332.16565205252,AX,333.54233913464,L1,4.2323266111091,L2,1.202627618900...
measurement finished
estimated time: 125.829 actual time: :126.467
flush and close file /Users/jan/PychronDev/data/isotopes/8f/7efbcb-27cf-4e6d-b387-421a7499bf68.h5
baselines () {'settling_time': 15.0, 'detector': 'H1', 'mass': 34.2, 'ncounts': 60}
%%%%%%%%%%%%%%%%%%%%%%%%%%%%%%%% Baseline
build tables- baseline [Detector(H2), Detector(H1), Detector(AX), Detector(L1), Detector(L2), Detector(CDD)]
add group baseline table H2
add group baseline table H1
add group baseline table AX
add group baseline table L1
add group baseline table L2
add group baseline table CDD
flush and close file /Users/jan/PychronDev/data/isotopes/8f/7efbcb-27cf-4e6d-b387-421a7499bf68.h5
detector Detector(H1)
POSITION 34.2 H1
Mapping mass to dac mass func: "parabolic"
H1 map mass coeffs = [-0.00063987  0.15840543  0.57079999]
H1 map mass to dac 34.2 >> 5.23984599104
GetDeflection H1 ===>> 0
GetHighVoltage ===>> 4499.94659342336
positioning 34.2 (5.23981513408) on H1
setting magnet DAC
current  : 5.879155
requested: 5.239815
Delta Dac: 0.639340
Checking detector protection. dv=0.63934
Checking detector "CDD". Protection Threshold: 0.1 (V)
ProtectDetector CDD,On ===>> OK
GetDeflection CDD ===>> 2000
Protected = 2000
SetMagnetDAC 5.23981513408 ===>> OK
Magnet settling time: 0.500
GetMagnetMoving ===>> True
GetMagnetMoving ===>> True
GetMagnetMoving ===>> True
GetMagnetMoving ===>> True
GetMagnetMoving ===>> True
GetMagnetMoving ===>> True
GetMagnetMoving ===>> True
GetMagnetMoving ===>> True
GetMagnetMoving ===>> False
ProtectDetector CDD,Off ===>> OK
GetDeflection CDD ===>> 50
Delaying 15.0s for detectors to settle
Join finished
measuring baseline. ncounts=60
"baseline" increment series count="2" fit count="1" regressing="True"
starting measurement
GetData ===>> H2,-0.218390944735866,H1,-0.115571517052637,AX,-0.254385270368626,L1,-0.0790635423398362,L2,-0.05...
GetData ===>> H2,-0.190165762176198,H1,-0.111425075493199,AX,-0.109217639492978,L1,-0.0657442466538388,L2,-0.01...
GetData ===>> H2,-0.165951949665087,H1,-0.0633829330640932,AX,-0.156368039375002,L1,-0.030129390346343,L2,-0.05...
GetData ===>> H2,-0.0567520005909559,H1,-0.0629776171757744,AX,0.0121239752702769,L1,-0.0259196291283276,L2,-0....
testing H1>-5.0
evaluate ot="H1.bs>-5.0" t="H1>-5.0", ctx="{'H1': None}"
GetData ===>> H2,-0.192167696909459,H1,0.0188105572518584,AX,-0.0710748201487345,L1,-0.0512957605915222,L2,-0.0...
GetData ===>> H2,-0.282615737567773,H1,-0.102988681119487,AX,-0.0402691732590139,L1,-0.080880452420263,L2,0.039...
GetData ===>> H2,-0.251602178159464,H1,-0.0293902999824567,AX,-0.16505093788691,L1,-0.108341907649969,L2,-0.034...
GetData ===>> H2,-0.176501363290967,H1,-0.0137552973390907,AX,-0.181012001328384,L1,-0.0987457296949397,L2,-0.1...
GetData ===>> H2,-0.166799608101586,H1,-0.0588647601674317,AX,-0.1210480309441,L1,-0.0624120423694479,L2,-0.102...
testing H1>-5.0
evaluate ot="H1.bs>-5.0" t="H1>-5.0", ctx="{'H1': None}"
GetData ===>> H2,-0.230215169346088,H1,-0.00890091333014527,AX,-0.0334504971787414,L1,-0.070335278601856,L2,-0....
GetData ===>> H2,-0.225430407475114,H1,0.010304240412551,AX,-0.151232128418118,L1,-0.0768481402683708,L2,-0.029...
GetData ===>> H2,-0.263477599588934,H1,0.0298591108817138,AX,-0.0888094402377679,L1,-0.0432455472853554,L2,-0.0...
GetData ===>> H2,-0.202245057310179,H1,-0.0254668713530524,AX,-0.161700752469047,L1,-0.0379446368338892,L2,-0.0...
GetData ===>> H2,-0.123937644714873,H1,-0.0527488080516168,AX,-0.197028387244766,L1,-0.0542730362088282,L2,-0.0...
testing H1>-5.0
evaluate ot="H1.bs>-5.0" t="H1>-5.0", ctx="{'H1': None}"
GetData ===>> H2,-0.26053787302624,H1,-0.0351022509019082,AX,-0.135451707617685,L1,-0.0613772312682584,L2,0.134...
GetData ===>> H2,-0.273310566622954,H1,-0.0484328430136348,AX,-0.0707734195865948,L1,-0.0231153385735076,L2,0.0...
GetData ===>> H2,-0.237765154255333,H1,-0.0793320019750297,AX,-0.0903393344320773,L1,-0.0347406980534541,L2,-0....
GetData ===>> H2,-0.391440063241606,H1,-0.0818707447723497,AX,-0.0227808617429596,L1,-0.0637063033359614,L2,-0....
GetData ===>> H2,-0.344793473138166,H1,0.00447073266853795,AX,-0.111523577934312,L1,-0.0400840212445651,L2,-0.0...
testing H1>-5.0
evaluate ot="H1.bs>-5.0" t="H1>-5.0", ctx="{'H1': None}"
GetData ===>> H2,-0.216980100259257,H1,0.0715384798609221,AX,-0.0495571113394487,L1,-0.0263485926609864,L2,0.05...
GetData ===>> H2,-0.197906143949437,H1,-0.0346848960078415,AX,-0.109426219087844,L1,-0.0140884151138674,L2,-0.1...
GetData ===>> H2,-0.232909576569557,H1,0.0524492036716897,AX,-0.189762235158943,L1,0.029035887012002,L2,0.03925...
GetData ===>> H2,-0.369843588749203,H1,0.0597535887173485,AX,-0.077206959628501,L1,0.0036227376189156,L2,-0.024...
GetData ===>> H2,-0.463183468424105,H1,0.00245473234812295,AX,-0.0703676865862923,L1,-0.0279816020433328,L2,-0....
testing H1>-5.0
evaluate ot="H1.bs>-5.0" t="H1>-5.0", ctx="{'H1': None}"
03:07:22 -- collecting point 25
GetData ===>> H2,-0.242053081066719,H1,0.0170090188824414,AX,-0.133826945092808,L1,-0.0387580398812814,L2,-0.00...
GetData ===>> H2,-0.222763847922216,H1,-0.0419346992651668,AX,-0.118603278559248,L1,-0.0374522504290752,L2,0.08...
GetData ===>> H2,-0.281531379923162,H1,-0.0382502431727215,AX,-0.07042564854705,L1,-0.0393054626044085,L2,-0.01...
GetData ===>> H2,-0.204377499159614,H1,-0.0346968204575358,AX,-0.177534868634416,L1,-0.0182239356219473,L2,-0.1...
GetData ===>> H2,-0.176926558584802,H1,-0.0098789654103147,AX,-0.127408733861169,L1,-0.00720078210456658,L2,0.0...
testing H1>-5.0
evaluate ot="H1.bs>-5.0" t="H1>-5.0", ctx="{'H1': None}"
GetData ===>> H2,-0.203745356994947,H1,0.0461955457737197,AX,-0.0322212292367641,L1,-0.0355303948475348,L2,0.03...
GetData ===>> H2,-0.265173040459177,H1,-0.0761972212928839,AX,-0.118162984871072,L1,-0.00751019726972312,L2,-0....
GetData ===>> H2,-0.165875009374623,H1,-0.00279383542751683,AX,-0.132205054442194,L1,-0.012149085049562,L2,-0.0...
GetData ===>> H2,-0.209165266765529,H1,-0.0027461224145096,AX,-0.155846345219215,L1,0.0120635444553863,L2,0.006...
GetData ===>> H2,-0.241743521825697,H1,0.00591416612361075,AX,-0.108360140904851,L1,0.0166826237212506,L2,0.009...
testing H1>-5.0
evaluate ot="H1.bs>-5.0" t="H1>-5.0", ctx="{'H1': None}"
GetData ===>> H2,-0.191153966810942,H1,0.00439915799754793,AX,0.00908423970056359,L1,-0.0113770845482738,L2,0.0...
GetData ===>> H2,-0.196164987160746,H1,-0.0429601224627206,AX,-0.0768592115823908,L1,-0.051069638382106,L2,-0.0...
GetData ===>> H2,-0.256362945650765,H1,0.00022405741744187,AX,-0.0323719893479785,L1,-0.00598341695321426,L2,-0...
GetData ===>> H2,-0.100010777759642,H1,0.0227716695266224,AX,-0.0822491666389724,L1,0.0287980388362659,L2,-0.05...
GetData ===>> H2,-0.15027832519312,H1,0.098410804345961,AX,-0.112276762065625,L1,0.00168997022094964,L2,-0.0649...
testing H1>-5.0
evaluate ot="H1.bs>-5.0" t="H1>-5.0", ctx="{'H1': None}"
GetData ===>> H2,-0.250017947509205,H1,-0.0483493832916569,AX,-0.148611897815794,L1,0.00865612457846547,L2,0.05...
GetData ===>> H2,-0.20885809119495,H1,0.00159585697099303,AX,-0.0619280566015827,L1,0.0135773894407142,L2,0.023...
GetData ===>> H2,-0.254657044381091,H1,-0.0162241443439236,AX,-0.0683158109305329,L1,-0.0298299493368195,L2,0.0...
GetData ===>> H2,-0.165659033837664,H1,0.0353838449734801,AX,-0.00691341476143737,L1,-0.0127244506345226,L2,-0....
GetData ===>> H2,-0.229210995101089,H1,0.0473412248665152,AX,0.0895857865214504,L1,-0.0123756391747322,L2,-0.12...
testing H1>-5.0
evaluate ot="H1.bs>-5.0" t="H1>-5.0", ctx="{'H1': None}"
GetData ===>> H2,-0.280483652000721,H1,-0.015770930616532,AX,-0.0330793990587658,L1,-0.012876677276039,L2,-0.04...
GetData ===>> H2,-0.351835390268697,H1,0.00442301621548253,AX,-0.106934822475151,L1,-0.0217440674782431,L2,-0.0...
GetData ===>> H2,-0.239562907626616,H1,0.0458613918410623,AX,-0.147382915781927,L1,-0.00965665303029928,L2,-0.0...
GetData ===>> H2,-0.162814521856086,H1,-0.0552286153651103,AX,-0.111315002836249,L1,-0.0219478521065675,L2,-0.0...
GetData ===>> H2,-0.155340056919324,H1,-0.0137552973390907,AX,-0.130803255735938,L1,-0.0184205967222681,L2,-0.0...
testing H1>-5.0
evaluate ot="H1.bs>-5.0" t="H1>-5.0", ctx="{'H1': None}"
03:07:48 -- collecting point 50
GetData ===>> H2,-0.189223314757323,H1,0.0486898014296468,AX,-0.16318458585314,L1,0.0273710675757926,L2,0.02106...
GetData ===>> H2,-0.119472942289796,H1,-0.000312728594819967,AX,-0.0537659599463351,L1,0.0103026802622848,L2,-0...
GetData ===>> H2,-0.110753528933559,H1,-0.00304432837256989,AX,-0.0665305279848091,L1,0.0346569828671289,L2,-0....
GetData ===>> H2,-0.153553775681516,H1,-0.0274703434864907,AX,-0.0698692122985027,L1,0.0425928890264196,L2,-0.0...
GetData ===>> H2,-0.254369341372292,H1,-0.0299865522687124,AX,-0.109669561383234,L1,0.0467164546413127,L2,0.058...
testing H1>-5.0
evaluate ot="H1.bs>-5.0" t="H1>-5.0", ctx="{'H1': None}"
GetData ===>> H2,-0.148783323462745,H1,0.061102332469676,AX,-0.149469857201301,L1,0.0103818945355582,L2,-0.1246...
GetData ===>> H2,-0.122716484343115,H1,0.067583717363351,AX,-0.0997383837280351,L1,-0.00926816647107522,L2,-0.0...
GetData ===>> H2,-0.213637229044568,H1,-0.0380475345319596,AX,0.0490144382227716,L1,0.00266351041928594,L2,-0.1...
GetData ===>> H2,-0.162124549221156,H1,-0.0170828594628024,AX,-0.0995529612025119,L1,-0.0129414028668854,L2,-0....
GetData ===>> H2,-0.157629922545026,H1,-0.0603907094478327,AX,-0.145574196997917,L1,-0.011771483507384,L2,0.021...
testing H1>-5.0
evaluate ot="H1.bs>-5.0" t="H1>-5.0", ctx="{'H1': None}"
GetData ===>> H2,-0.207249324961234,H1,0.0349303995896612,AX,0.0281015506190733,L1,-0.0134879579234155,L2,-0.02...
measurement finished
estimated time: 62.915 actual time: :63.208
flush and close file /Users/jan/PychronDev/data/isotopes/8f/7efbcb-27cf-4e6d-b387-421a7499bf68.h5
activate_detectors ('H1', 'AX', 'CDD') {'peak_center': True}
peak_center () {'detector': 'H1', 'integration_time': 0.262144, 'isotope': 'Ar40'}
peak center: mean=1334.41466282 threshold=3
peak center started
setup peak center. detector=['H1', 'AX', 'CDD'], isotope=Ar40
VersionedUnpickler [<apptools.sweet_pickle.versioned_unpickler.VersionedUnpickler object at 0x19ee16e90>] using Updater [<apptools.sweet_pickle.updater.Updater object at 0x135230b30>]
VersionedUnpickler [<apptools.sweet_pickle.versioned_unpickler.VersionedUnpickler object at 0x19ee16e90>] using Updater [<apptools.sweet_pickle.updater.Updater object at 0x135230b30>]
VersionedUnpickler [<apptools.sweet_pickle.versioned_unpickler.VersionedUnpickler object at 0x199f062f0>] using Updater [<apptools.sweet_pickle.updater.Updater object at 0x135230b30>]
setting integration time = 0.524288
SetIntegrationTime 0.524288 ===>> OK
Mapping mass to dac mass func: "parabolic"
H1 map mass coeffs = [-0.00063987  0.15840543  0.57079999]
H1 map mass to dac 39.9624 >> 5.87919
GetDeflection H1 ===>> 0
GetHighVoltage ===>> 4499.94659342336
do peak center. <pychron.spectrometer.jobs.peak_center.PeakCenter object at 0x1352309b0>
doing pc
starting peak center. center dac= 5.879155378 step_width=0.001
width = 0.001
get scan parameters. half-width=0.015,window=0.015, i=0, scalar=1
Scan parameters center=5.87916 width=0.03000 (5.86416 - 5.89416)
GetData ===>> H2,-0.228636179597258,H1,0.0224614562823746,AX,-0.0726281774721512,L1,-0.0574403855574394,L2,0.06...
Moving to starting dac 5.864155378
setting magnet DAC
current  : 5.239815
requested: 5.864155
Delta Dac: 0.624340
Checking detector protection. dv=0.62434
Checking detector "CDD". Protection Threshold: 0.1 (V)
ProtectDetector CDD,On ===>> OK
GetDeflection CDD ===>> 2000
Protected = 2000
SetMagnetDAC 5.864155378 ===>> OK
Magnet settling time: 0.500
GetMagnetMoving ===>> True
GetMagnetMoving ===>> True
GetMagnetMoving ===>> True
GetMagnetMoving ===>> True
GetMagnetMoving ===>> True
GetMagnetMoving ===>> True
GetMagnetMoving ===>> True
GetMagnetMoving ===>> True
GetMagnetMoving ===>> False
ProtectDetector CDD,Off ===>> OK
GetDeflection CDD ===>> 50
Wait until signal near baseline. tol= 0.0168460922118. timeout= 10
GetData ===>> H2,7.55201278596315,H1,3.25892071757845,AX,-0.0367323345858186,L1,0.025586436562316,L2,0.06973531...
GetData ===>> H2,98.4953112995596,H1,52.278120906795,AX,3.70978845314739,L1,0.0168215919071779,L2,-0.1600871212...
GetData ===>> H2,115.620427515653,H1,54.0829231099145,AX,8.13235842071266,L1,0.0487840716785423,L2,-0.018763582...
GetData ===>> H2,62.8270318525358,H1,25.9873075497762,AX,3.73615581427042,L1,0.0486999831108655,L2,0.0739287986...
GetData ===>> H2,26.0890087183075,H1,13.1222101038065,AX,1.68071111473689,L1,0.0502112816270301,L2,-0.014710595...
GetData ===>> H2,8.78184203510114,H1,7.03370385722779,AX,0.78648246330686,L1,0.0460503507850724,L2,-0.001685229...
GetData ===>> H2,2.47811053982098,H1,3.99682087741058,AX,0.407140789942152,L1,0.0409282362718765,L2,-0.09148321...
GetData ===>> H2,0.7608071248639,H1,2.62325104559891,AX,0.340190824147431,L1,0.0226471677698408,L2,-0.040141381...
GetData ===>> H2,0.554382149829459,H1,1.83543553824752,AX,0.234559198228854,L1,-0.00886167837124118,L2,-0.04733...
GetData ===>> H2,0.661999931349517,H1,1.51632854833002,AX,0.141007808957497,L1,0.0197567620552754,L2,-0.0704582...
GetData ===>> H2,0.647686856071799,H1,1.38978217990628,AX,0.00929307345888567,L1,0.0298527820496271,L2,0.059343...
GetData ===>> H2,0.568452782116069,H1,1.22491948000769,AX,0.11640516622193,L1,0.0126614988652595,L2,0.004099330...
GetData ===>> H2,0.509834955339325,H1,1.22216326784612,AX,0.223788789268312,L1,0.0167232077142492,L2,-0.0544361...
GetData ===>> H2,0.487368610249821,H1,1.22122856954519,AX,0.12006850246678,L1,0.0397304335268099,L2,-0.03347129...
GetData ===>> H2,0.392319683853534,H1,1.21599161434276,AX,0.14374439641016,L1,0.00380402861799836,L2,-0.1235200...
GetData ===>> H2,0.314102709207386,H1,1.2209409718132,AX,0.107734273782962,L1,-0.00148208549969574,L2,-0.005693...
GetData ===>> H2,0.234611468105404,H1,1.18319840047201,AX,0.0994582328805898,L1,0.0299200587076886,L2,-0.112535...
GetData ===>> H2,0.16139025911148,H1,1.28490374834767,AX,0.14789580719726,L1,0.062502282768034,L2,-0.0445802614...
GetData ===>> H2,0.0972550604643753,H1,1.17340571938136,AX,0.200580747428823,L1,0.0432472785911,L2,-0.055528617...
GetData ===>> H2,0.0628068482747085,H1,1.2361608133604,AX,0.204479312182135,L1,-0.00456317146723885,L2,-0.11855...
GetData ===>> H2,0.0961488275305251,H1,1.18269434216656,AX,0.214388866346951,L1,-0.0220264220829388,L2,0.033437...
Peak center failed to move to a baseline position
_do_sweep sm= 5.864155378, em= 5.894155378, stm= 0.001
calculated step values: start=5.864155378, end=5.894155378, width=0.001, nsteps=31.0
setting magnet DAC
current  : 5.864155
requested: 5.864155
Delta Dac: 0.000000
Checking detector protection. dv=0.00000
Checking detector "CDD". Protection Threshold: 0.1 (V)
SetMagnetDAC 5.864155378 ===>> OK
GetData ===>> H2,0.0961488275305251,H1,1.18269434216656,AX,0.214388866346951,L1,-0.0220264220829388,L2,0.033437...
setting magnet DAC
current  : 5.864155
requested: 5.865190
Delta Dac: 0.001034
Checking detector protection. dv=0.00103
Checking detector "CDD". Protection Threshold: 0.1 (V)
SetMagnetDAC 5.86518986076 ===>> OK
Magnet settling time: 1.049
GetData ===>> H2,0.0326285937146183,H1,2.387705696613,AX,0.678426492877714,L1,-0.0130888318253879,L2,-0.0712547...
setting magnet DAC
current  : 5.865190
requested: 5.866224
Delta Dac: 0.001034
Checking detector protection. dv=0.00103
Checking detector "CDD". Protection Threshold: 0.1 (V)
SetMagnetDAC 5.86622434352 ===>> OK
Magnet settling time: 1.049
GetData ===>> H2,-0.0127227602579859,H1,8.28276146280012,AX,1.58152956560623,L1,-0.00745143310561519,L2,0.03658...
setting magnet DAC
current  : 5.866224
requested: 5.867259
Delta Dac: 0.001034
Checking detector protection. dv=0.00103
Checking detector "CDD". Protection Threshold: 0.1 (V)
SetMagnetDAC 5.86725882628 ===>> OK
Magnet settling time: 1.049
GetData ===>> H2,0.0109876072449967,H1,30.7772510276773,AX,5.23181654845082,L1,-0.0350786335616664,L2,-0.118757...
setting magnet DAC
current  : 5.867259
requested: 5.868293
Delta Dac: 0.001034
Checking detector protection. dv=0.00103
Checking detector "CDD". Protection Threshold: 0.1 (V)
SetMagnetDAC 5.86829330904 ===>> OK
Magnet settling time: 1.049
GetData ===>> H2,0.0626758812027455,H1,105.957597053662,AX,17.3182902064199,L1,0.0192575068069249,L2,-0.0001594...
setting magnet DAC
current  : 5.868293
requested: 5.869328
Delta Dac: 0.001034
Checking detector protection. dv=0.00103
Checking detector "CDD". Protection Threshold: 0.1 (V)
SetMagnetDAC 5.86932779179 ===>> OK
Magnet settling time: 1.049
GetData ===>> H2,0.0489572009505073,H1,296.72105824545,AX,51.9944429914005,L1,0.261701732438504,L2,-0.058942609...
setting magnet DAC
current  : 5.869328
requested: 5.870362
Delta Dac: 0.001034
Checking detector protection. dv=0.00103
Checking detector "CDD". Protection Threshold: 0.1 (V)
SetMagnetDAC 5.87036227455 ===>> OK
Magnet settling time: 1.049
GetData ===>> H2,-0.0745037978385159,H1,600.384037306873,AX,116.976744178129,L1,0.727129158296205,L2,0.17152478...
setting magnet DAC
current  : 5.870362
requested: 5.871397
Delta Dac: 0.001034
Checking detector protection. dv=0.00103
Checking detector "CDD". Protection Threshold: 0.1 (V)
SetMagnetDAC 5.87139675731 ===>> OK
Magnet settling time: 1.049
GetData ===>> H2,-0.0516866324563332,H1,913.006371142442,AX,195.342550430834,L1,1.47766180127786,L2,0.342087575...
setting magnet DAC
current  : 5.871397
requested: 5.872431
Delta Dac: 0.001034
Checking detector protection. dv=0.00103
Checking detector "CDD". Protection Threshold: 0.1 (V)
SetMagnetDAC 5.87243124007 ===>> OK
Magnet settling time: 1.049
GetData ===>> H2,-0.0586719745806617,H1,1127.69453519042,AX,259.717441182712,L1,2.25872753653553,L2,0.481956520...
setting magnet DAC
current  : 5.872431
requested: 5.873466
Delta Dac: 0.001034
Checking detector protection. dv=0.00103
Checking detector "CDD". Protection Threshold: 0.1 (V)
SetMagnetDAC 5.87346572283 ===>> OK
Magnet settling time: 1.049
GetData ===>> H2,-0.158557895640069,H1,1227.35801003829,AX,297.287619673593,L1,2.91467326467079,L2,0.8874445527...
setting magnet DAC
current  : 5.873466
requested: 5.874500
Delta Dac: 0.001034
Checking detector protection. dv=0.00103
Checking detector "CDD". Protection Threshold: 0.1 (V)
SetMagnetDAC 5.87450020559 ===>> OK
Magnet settling time: 1.049
GetData ===>> H2,-0.0933308728723067,H1,1260.90101026353,AX,312.094719949202,L1,3.41266687076235,L2,1.026985371...
setting magnet DAC
current  : 5.874500
requested: 5.875535
Delta Dac: 0.001034
Checking detector protection. dv=0.00103
Checking detector "CDD". Protection Threshold: 0.1 (V)
SetMagnetDAC 5.87553468835 ===>> OK
Magnet settling time: 1.049
GetData ===>> H2,-0.0114952281295689,H1,1270.21469842553,AX,316.621025432713,L1,3.63852148367085,L2,1.047746991...
setting magnet DAC
current  : 5.875535
requested: 5.876569
Delta Dac: 0.001034
Checking detector protection. dv=0.00103
Checking detector "CDD". Protection Threshold: 0.1 (V)
SetMagnetDAC 5.8765691711 ===>> OK
Magnet settling time: 1.049
GetData ===>> H2,-0.0748616673333826,H1,1272.27423509747,AX,317.659252141307,L1,3.91070655141486,L2,1.287390477...
setting magnet DAC
current  : 5.876569
requested: 5.877604
Delta Dac: 0.001034
Checking detector protection. dv=0.00103
Checking detector "CDD". Protection Threshold: 0.1 (V)
SetMagnetDAC 5.87760365386 ===>> OK
Magnet settling time: 1.049
GetData ===>> H2,-0.06807378474871,H1,1272.71160337412,AX,317.859777725863,L1,4.00132990397198,L2,1.25028750704...
setting magnet DAC
current  : 5.877604
requested: 5.878638
Delta Dac: 0.001034
Checking detector protection. dv=0.00103
Checking detector "CDD". Protection Threshold: 0.1 (V)
SetMagnetDAC 5.87863813662 ===>> OK
Magnet settling time: 1.049
GetData ===>> H2,-0.0984507769633796,H1,1271.54411712932,AX,317.977252237325,L1,4.04638343382927,L2,1.317551476...
setting magnet DAC
current  : 5.878638
requested: 5.879673
Delta Dac: 0.001034
Checking detector protection. dv=0.00103
Checking detector "CDD". Protection Threshold: 0.1 (V)
SetMagnetDAC 5.87967261938 ===>> OK
Magnet settling time: 1.049
GetData ===>> H2,-0.0669072605783806,H1,1271.79305771608,AX,317.507168179739,L1,4.05639571228665,L2,1.285118456...
setting magnet DAC
current  : 5.879673
requested: 5.880707
Delta Dac: 0.001034
Checking detector protection. dv=0.00103
Checking detector "CDD". Protection Threshold: 0.1 (V)
SetMagnetDAC 5.88070710214 ===>> OK
Magnet settling time: 1.049
GetData ===>> H2,-0.0353436658320999,H1,1271.8506119915,AX,317.854281017618,L1,4.06382311547834,L2,1.1832768265...
setting magnet DAC
current  : 5.880707
requested: 5.881742
Delta Dac: 0.001034
Checking detector protection. dv=0.00103
Checking detector "CDD". Protection Threshold: 0.1 (V)
SetMagnetDAC 5.8817415849 ===>> OK
Magnet settling time: 1.049
GetData ===>> H2,-0.0192357037343613,H1,1271.10190024486,AX,317.25769845717,L1,4.10557610194947,L2,1.1714023188...
setting magnet DAC
current  : 5.881742
requested: 5.882776
Delta Dac: 0.001034
Checking detector protection. dv=0.00103
Checking detector "CDD". Protection Threshold: 0.1 (V)
SetMagnetDAC 5.88277606766 ===>> OK
Magnet settling time: 1.049
GetData ===>> H2,-0.044317155957838,H1,1268.52406265628,AX,316.039881721675,L1,4.04249312696828,L2,1.1931351564...
setting magnet DAC
current  : 5.882776
requested: 5.883811
Delta Dac: 0.001034
Checking detector protection. dv=0.00103
Checking detector "CDD". Protection Threshold: 0.1 (V)
SetMagnetDAC 5.88381055042 ===>> OK
Magnet settling time: 1.049
GetData ===>> H2,-0.224162255335763,H1,1261.28727640552,AX,312.256791337181,L1,3.98762762320069,L2,1.0157251541...
setting magnet DAC
current  : 5.883811
requested: 5.884845
Delta Dac: 0.001034
Checking detector protection. dv=0.00103
Checking detector "CDD". Protection Threshold: 0.1 (V)
SetMagnetDAC 5.88484503317 ===>> OK
Magnet settling time: 1.049
GetData ===>> H2,-0.198793477872201,H1,1235.46242289965,AX,300.210118284679,L1,3.85694452574733,L2,1.1623254979...
setting magnet DAC
current  : 5.884845
requested: 5.885880
Delta Dac: 0.001034
Checking detector protection. dv=0.00103
Checking detector "CDD". Protection Threshold: 0.1 (V)
SetMagnetDAC 5.88587951593 ===>> OK
Magnet settling time: 1.049
GetData ===>> H2,-0.168133057025628,H1,1152.24997471427,AX,266.263756907644,L1,3.52793018620167,L2,0.7063994877...
setting magnet DAC
current  : 5.885880
requested: 5.886914
Delta Dac: 0.001034
Checking detector protection. dv=0.00103
Checking detector "CDD". Protection Threshold: 0.1 (V)
SetMagnetDAC 5.88691399869 ===>> OK
Magnet settling time: 1.049
GetData ===>> H2,-0.239787718804289,H1,968.136200852365,AX,203.451708029268,L1,2.87715601850606,L2,0.5250060743...
setting magnet DAC
current  : 5.886914
requested: 5.887948
Delta Dac: 0.001034
Checking detector protection. dv=0.00103
Checking detector "CDD". Protection Threshold: 0.1 (V)
SetMagnetDAC 5.88794848145 ===>> OK
Magnet settling time: 1.049
GetData ===>> H2,-0.298517065941052,H1,683.407392966107,AX,125.21702700274,L1,2.0802559593906,L2,0.303771677696...
setting magnet DAC
current  : 5.887948
requested: 5.888983
Delta Dac: 0.001034
Checking detector protection. dv=0.00103
Checking detector "CDD". Protection Threshold: 0.1 (V)
SetMagnetDAC 5.88898296421 ===>> OK
Magnet settling time: 1.049
GetData ===>> H2,-0.254870800278842,H1,228.438505485496,AX,31.9622649323718,L1,1.04803211910649,L2,-0.053093228...
setting magnet DAC
current  : 5.888983
requested: 5.890017
Delta Dac: 0.001034
Checking detector protection. dv=0.00103
Checking detector "CDD". Protection Threshold: 0.1 (V)
SetMagnetDAC 5.89001744697 ===>> OK
Magnet settling time: 1.049
GetData ===>> H2,-0.114776415238478,H1,79.7501219656675,AX,8.96748395788108,L1,0.626649397552682,L2,-0.01152273...
setting magnet DAC
current  : 5.890017
requested: 5.891052
Delta Dac: 0.001034
Checking detector protection. dv=0.00103
Checking detector "CDD". Protection Threshold: 0.1 (V)
SetMagnetDAC 5.89105192973 ===>> OK
Magnet settling time: 1.049
GetData ===>> H2,-0.15412401101925,H1,22.9675583491171,AX,1.94465537583062,L1,0.393077126289776,L2,-0.139151056...
setting magnet DAC
current  : 5.891052
requested: 5.892086
Delta Dac: 0.001034
Checking detector protection. dv=0.00103
Checking detector "CDD". Protection Threshold: 0.1 (V)
SetMagnetDAC 5.89208641248 ===>> OK
Magnet settling time: 1.049
GetData ===>> H2,-0.150953448278118,H1,5.64413905867525,AX,0.107664724290632,L1,0.285325906951386,L2,0.03724203...
setting magnet DAC
current  : 5.892086
requested: 5.893121
Delta Dac: 0.001034
Checking detector protection. dv=0.00103
Checking detector "CDD". Protection Threshold: 0.1 (V)
SetMagnetDAC 5.89312089524 ===>> OK
Magnet settling time: 1.049
GetData ===>> H2,-0.180100075938137,H1,1.08955889041995,AX,-0.00451219416037724,L1,0.173602640663199,L2,0.04724...
setting magnet DAC
current  : 5.893121
requested: 5.894155
Delta Dac: 0.001034
Checking detector protection. dv=0.00103
Checking detector "CDD". Protection Threshold: 0.1 (V)
SetMagnetDAC 5.894155378 ===>> OK
Magnet settling time: 1.049
GetData ===>> H2,-0.275249075551842,H1,0.0643966856242574,AX,-0.235315067775132,L1,0.0936700710037866,L2,0.1344...
result of _do_sweep=True
result of _calculate_peak_center=([5.8715201074603094, 5.8792756184823531, 5.8870311295043969], [938.6054608435843, 1272.6940735834726, 935.89736789532162], 5.8775621916286456, 1272.6940735834726)
Failed to find a valid peak. No peak greater than 1.0. max = 0.0455469817441
new center pos Detector(H1) (Ar40) @ 5.87927561848
GetHighVoltage ===>> 4499.94659342336
GetDeflection H1 ===>> 0
dac uncorrected for HV and deflection 5.87931024119
update mftable H1 Ar40 5.87931024119 message=automated run peakcenter
get initial guess parabolic
get initial guess parabolic
get initial guess parabolic
get initial guess parabolic
get initial guess parabolic
get initial guess parabolic
dump mftable to /Users/jan/PychronDev/setupfiles/spectrometer/mftables/mftable.csv
add to repo msg=modified - automated run peakcenter
locally archiving mftable
setting magnet DAC
current  : 5.894155
requested: 5.879276
Delta Dac: 0.014880
Checking detector protection. dv=0.01488
Checking detector "CDD". Protection Threshold: 0.1 (V)
SetMagnetDAC 5.87927561848 ===>> OK
Magnet settling time: 0.500
sweep finished
setting integration time = 1.048576
SetIntegrationTime 1.048576 ===>> OK
Failed to find a valid peak. No peak greater than 1.0. max = 0.0455469817441
flush and close file /Users/jan/PychronDev/data/isotopes/8f/7efbcb-27cf-4e6d-b387-421a7499bf68.h5
finished measure script
executed snippet estimated_duration=226.132928, duration=274.273442984
jan_unknown120_60.py completed successfully
Measurement Finished
03:08:46 -- ******* Measurement Finished *******
Post Measurement Started jan_pump_ms.py
03:08:46 -- ******* Post Measurement Started jan_pump_ms.py *******
testing...
no interpolation path defined
executed snippet estimated_duration=0, duration=4.10079956055e-05
Pumping spectrometer
open () {'name': 'O'}
opening name=O desc=---
checking ownership. requestor=129.138.12.150
check software interlocks O
interlocks []
actuate state mode=None-script, software_lock=False
doing actuation None-script open_channel True
Open O ===>> OK
GetIndicatorState O ===>> OK
change switch state (True, True)
update switch state O True args=() kw={} ncanvase=2
03:08:46 -- OPEN   VALVE-O (Jan Ion Pump)
---------------------------------------- open O () result=[(True, True)], time=0.12 sec
action=open, ok=True, locked=[False]
executed snippet estimated_duration=0, duration=0.384380102158
jan_pump_ms.py completed successfully
setting _ms_pumptime
Post Measurement Finished
03:08:46 -- ******* Post Measurement Finished *******
$$$$$$$$$$$$$$$$$$$$ state at run end measurement
state changed from measurement to success
post measurement save measured=True aborted=False
Set filtering
setting fod for Ar40= {'filter_outliers': True, 'std_devs': 2, 'iterations': 1}
setting fod for H1= {'filter_outliers': True, 'std_devs': 2, 'iterations': 1}
setting fod for PM41= {'filter_outliers': False, 'std_devs': 2, 'iterations': 1}
setting fod for H2= {'filter_outliers': True, 'std_devs': 2, 'iterations': 1}
setting fod for Ar36= {'filter_outliers': True, 'std_devs': 2, 'iterations': 1}
setting fod for CDD= {'filter_outliers': True, 'std_devs': 10, 'iterations': 1}
setting fod for Ar37= {'filter_outliers': True, 'std_devs': 2, 'iterations': 1}
setting fod for L2= {'filter_outliers': True, 'std_devs': 2, 'iterations': 1}
setting fod for Ar38= {'filter_outliers': True, 'std_devs': 2, 'iterations': 1}
setting fod for L1= {'filter_outliers': True, 'std_devs': 2, 'iterations': 1}
setting fod for Ar39= {'filter_outliers': True, 'std_devs': 2, 'iterations': 1}
setting fod for AX= {'filter_outliers': True, 'std_devs': 2, 'iterations': 1}
persistence save...
persistence save - db
post measurement save
7014510032 connecting to database sqlite:////Users/jan/PychronDev/.appdata/local_lab.db
connected to db sqlite:////Users/jan/PychronDev/.appdata/local_lab.db
create new session 7014510032
close session 7014510032
No database instance. Not saving post measurement to isotopedb database
$$$$$$$$$$$$$$$ auto_save_detector_ic=False
massspec enabled True
create new session 4985539184
MassSpec Database Version: 16.0
close session 4985539184
saving post measurement to secondary database
saving to massspec database 129.138.12.160/massspecdata
setting labnumber to 65580
setting aliquot to 7
setting step to C
setting uuid to 8f7efbcb-27cf-4e6d-b387-421a7499bf68
setting irradpos to 65580
setting extract_device to Fusions CO2
setting tray to 
setting position to 195
setting power_requested to 5.0
setting extract_value to 5.0
setting duration to 30.0
setting duration_at_request to 30.0
setting first_stage_delay to 30.0
setting cleanup to 30.0
setting comment to O:3 with inclusions
setting irradiation to NM-289
setting level to O
setting irradiation_level to O
setting sample to Bw-2014-12 W
setting material to Sanidine
setting project to Bustos Wells
setting mass_spectrometer to Jan
no attribute chron_dosages
no attribute production_ratios
no attribute interference_corrections
no attribute production_name
no attribute j
Reference Isotope=Ar40
Reference Detector=H1
%%%%%%%%%%%%%%%%%%%% Comment: O:3 with inclusions %%%%%%%%%%%%%%%%%%%
adding isotope PM41 H2
add baseline dbdet= PM41. original det= H2
get baseline data PM41 H2
Get data baseline <pychron.processing.isotope.Baseline object at 0x19fed0e10> len t=60
baseline PM41. v=-0.2089104098, e=0.00718117678207
get signal data PM41 H2
Get data signal PM41 0.11+/-0.07 len t=120
adding isotope Ar40 H1
add baseline dbdet= Ar40. original det= H1
get baseline data Ar40 H1
Get data baseline <pychron.processing.isotope.Baseline object at 0x196856050> len t=60
baseline Ar40. v=-0.0101746408425, e=0.00551675495164
get signal data Ar40 H1
Get data signal Ar40 1402.77+/-0.10 len t=120
adding isotope Ar39 AX
add baseline dbdet= Ar39. original det= AX
get baseline data Ar39 AX
Get data baseline <pychron.processing.isotope.Baseline object at 0x196856210> len t=60
baseline Ar39. v=-0.0983356732825, e=0.00704386875543
get signal data Ar39 AX
Get data signal Ar39 349.89+/-0.04 len t=120
adding isotope Ar38 L1
add baseline dbdet= Ar38. original det= L1
get baseline data Ar38 L1
Get data baseline <pychron.processing.isotope.Baseline object at 0x1968563d0> len t=60
baseline Ar38. v=-0.0206849780525, e=0.00394003822498
get signal data Ar38 L1
Get data signal Ar38 4.504+/-0.006 len t=120
adding isotope Ar37 L2
add baseline dbdet= Ar37. original det= L2
get baseline data Ar37 L2
Get data baseline <pychron.processing.isotope.Baseline object at 0x196856590> len t=60
baseline Ar37. v=-0.0316365856682, e=0.00710341159689
get signal data Ar37 L2
Get data signal Ar37 1.327+/-0.011 len t=120
adding isotope Ar36 CDD
add baseline dbdet= Ar36. original det= CDD
get baseline data Ar36 CDD
Get data baseline <pychron.processing.isotope.Baseline object at 0x196856750> len t=60
baseline Ar36. v=0.000290287556765, e=2.46230585899e-05
get signal data Ar36 CDD
Get data signal Ar36 0.0391+/-0.0005 len t=120
65580-07C added analysis time 0.478498935699s
analysis added to mass spec database
mass spec save time= 0.486
persistence save - dvc
================= post measurement started
create new session 4989601072
close session 4989601072
---------------- Experiment Queue saving disabled
DVC saving peakcenter
Failed to find a valid peak. No peak greater than 1.0. max = 0.0455469817441
Smart pull ahead: 0 behind: 0
Up-to-date with origin
add to repo msg=modified - ad8224ebc6dbfeb9f5997218dfa5fe690569839d.json
add to repo msg=modified - 80-07C.json
add to repo msg=modified - 80-07C.dat.json
add to repo msg=modified - 80-07C.blan.json
add to repo msg=modified - 80-07C.inte.json
add to repo msg=modified - 80-07C.icfa.json
add to repo msg=modified - 80-07C.base.json
not at valid file /Users/jan/PychronDev/data/.dvc/repositories/Load1789/655/tags/80-07C.tags.json
add to repo msg=modified - 80-07C.peak.json
add to repo msg=modified - 80-07C.extr.json
not at valid file /Users/jan/PychronDev/data/.dvc/repositories/Load1789/655/monitor/80-07C.moni.json
commit message=<COLLECTION>
add to repo msg=modified - 80-07C.inte.json
add to repo msg=modified - 80-07C.base.json
commit message=<ISOEVO> default collection fits
add to repo msg=modified - 80-07C.blan.json
commit message=<BLANKS> preceding bc-02-J-360
add to repo msg=modified - 80-07C.icfa.json
commit message=<ICFactor> default
push repository <pychron.git_archive.repo_manager.GitRepoManager object at 0x18e975cb0>
pushing to remote=origin, url=https://github.com
no changes to meta repo
create new session 4989601072
add association Load1789
get identifier "65580"
setting analysis irradiation position=<pychron.dvc.dvc_orm.IrradiationPositionTbl object at 0x19efdb750>
close session 4989601072
================= post measurement finished
03:09:01 -- ******* Post Run Check *******
loading queue conditionals post_run_actions
loading system conditionals post_run_actions
loading conditionals from /Users/jan/PychronDev/setupfiles/spectrometer/default_conditionals.yaml
loading queue conditionals post_run_terminations
loading system conditionals post_run_terminations
loading conditionals from /Users/jan/PychronDev/setupfiles/spectrometer/default_conditionals.yaml
Checking default post run terminations n=1
GetDeflection CDD ===>> 50
testing CDD==2000
evaluate ot="CDD.deflection==2000" t="CDD==2000", ctx="{'CDD': 50.0}"
03:09:01 -- ******* Post Run Check Passed *******
03:09:01 -- Automated run 65580-07C success duration: 364.364 s
----------------- finish -----------------
----------------- stop -----------------
retroactive repository identifiers disabled
finish run. runs completed=127
update duration runid=65580-07C, duration=364.36421299, md5=301e91d8
loading script "jan_unknown120_60.py"
loading script "jan_pump_ms.py"
loading script "jan_co2.py"
loading script "jan_pump_extraction_line.py"
testing...
no interpolation path defined
executed snippet estimated_duration=213.652928, duration=0.000198841094971
script duration name:unknown120_60 seconds:214.0
loading script "jan_unknown120_60.py"
loading script "jan_pump_ms.py"
loading script "jan_co2.py"
loading script "jan_pump_extraction_line.py"
testing...
no interpolation path defined
executed snippet estimated_duration=0, duration=2.88486480713e-05
loading script "jan_unknown120_60.py"
loading script "jan_pump_ms.py"
loading script "jan_co2.py"
loading script "jan_pump_extraction_line.py"
testing...
no interpolation path defined
calculate duration
testing...
no interpolation path defined
executed snippet estimated_duration=0, duration=5.29289245605e-05
calculate duration
testing...
no interpolation path defined
executed snippet estimated_duration=0, duration=8.9168548584e-05
executed snippet estimated_duration=0.0, duration=0.00275707244873
script duration name:co2 seconds:0.0
loading script "jan_unknown120_60.py"
loading script "jan_pump_ms.py"
loading script "jan_co2.py"
loading script "jan_pump_extraction_line.py"
testing...
no interpolation path defined
calculate duration
testing...
no interpolation path defined
executed snippet estimated_duration=4.0, duration=0.00014591217041
executed snippet estimated_duration=4.0, duration=0.00138998031616
Script duration 214.0
Run total estimated duration= 215.000
loading script "jan_unknown400_120.py"
loading script "jan_pump_ms.py"
loading script "jan_co2.py"
loading script "jan_pump_extraction_line.py"
testing...
no interpolation path defined
executed snippet estimated_duration=556.052928, duration=0.000149965286255
script duration name:unknown400_120 seconds:556.0
pump_ms in script context. using previous estimated duration
co2 in script context. using previous estimated duration
script duration name:co2 seconds:0.0
pump_extraction_line in script context. using previous estimated duration
Script duration 556.0
Run total estimated duration= 557.000
unknown120_60 in script context. using previous estimated duration
script duration name:unknown120_60 seconds:214.0
script duration name:co2 seconds:0.0
Script duration 214.0
Run total estimated duration= 215.000
script duration name:unknown120_60 seconds:214.0
script duration name:co2 seconds:0.0
Script duration 214.0
Run total estimated duration= 215.000
script duration name:unknown120_60 seconds:214.0
script duration name:co2 seconds:0.0
Script duration 214.0
Run total estimated duration= 215.000
script duration name:unknown120_60 seconds:214.0
script duration name:co2 seconds:0.0
Script duration 214.0
Run total estimated duration= 215.000
script duration name:unknown120_60 seconds:214.0
script duration name:co2 seconds:0.0
Script duration 214.0
Run total estimated duration= 215.000
script duration name:unknown120_60 seconds:214.0
script duration name:co2 seconds:0.0
Script duration 214.0
Run total estimated duration= 215.000
script duration name:unknown120_60 seconds:214.0
script duration name:co2 seconds:0.0
Script duration 214.0
Run total estimated duration= 215.000
script duration name:unknown120_60 seconds:214.0
script duration name:co2 seconds:0.0
Script duration 214.0
Run total estimated duration= 215.000
script duration name:unknown120_60 seconds:214.0
script duration name:co2 seconds:0.0
Script duration 214.0
Run total estimated duration= 215.000
script duration name:unknown120_60 seconds:214.0
script duration name:co2 seconds:0.0
Script duration 214.0
Run total estimated duration= 215.000
script duration name:unknown120_60 seconds:214.0
script duration name:co2 seconds:0.0
Script duration 214.0
Run total estimated duration= 215.000
script duration name:unknown120_60 seconds:214.0
script duration name:co2 seconds:0.0
Script duration 214.0
Run total estimated duration= 215.000
unknown400_120 in script context. using previous estimated duration
script duration name:unknown400_120 seconds:556.0
script duration name:co2 seconds:0.0
Script duration 556.0
Run total estimated duration= 557.000
script duration name:unknown400_120 seconds:556.0
loading script "jan_unknown400_120.py"
loading script "jan_pump_ms.py"
loading script "jan_sniffair_x2.py"
loading script "jan_pump_extraction_line.py"
testing...
no interpolation path defined
calculate duration
testing...
no interpolation path defined
executed snippet estimated_duration=0, duration=6.19888305664e-05
calculate duration
testing...
no interpolation path defined
executed snippet estimated_duration=0, duration=0.000113010406494
calculate duration
testing...
no interpolation path defined
executed snippet estimated_duration=32.0, duration=9.70363616943e-05
calculate duration
testing...
no interpolation path defined
executed snippet estimated_duration=34.0, duration=0.000128984451294
calculate duration
testing...
no interpolation path defined
executed snippet estimated_duration=4.0, duration=0.0001380443573
calculate duration
testing...
no interpolation path defined
executed snippet estimated_duration=36.0, duration=9.51290130615e-05
calculate duration
testing...
no interpolation path defined
executed snippet estimated_duration=34.0, duration=0.000105857849121
calculate duration
testing...
no interpolation path defined
executed snippet estimated_duration=4.0, duration=8.39233398438e-05
calculate duration
testing...
no interpolation path defined
executed snippet estimated_duration=36.0, duration=9.29832458496e-05
calculate duration
testing...
no interpolation path defined
executed snippet estimated_duration=70.0, duration=9.48905944824e-05
executed snippet estimated_duration=250.0, duration=0.0299119949341
script duration name:sniffair_x2 seconds:250.0
Script duration 806.0
Run total estimated duration= 807.000
script duration name:unknown400_120 seconds:556.0
loading script "jan_unknown400_120.py"
loading script "jan_pump_ms.py"
loading script "jan_cocktail_x1.py"
loading script "jan_pump_extraction_line.py"
testing...
no interpolation path defined
calculate duration
testing...
no interpolation path defined
executed snippet estimated_duration=0, duration=4.60147857666e-05
calculate duration
testing...
no interpolation path defined
executed snippet estimated_duration=0, duration=0.000137805938721
calculate duration
testing...
no interpolation path defined
executed snippet estimated_duration=32.0, duration=0.000114917755127
calculate duration
testing...
no interpolation path defined
executed snippet estimated_duration=34.0, duration=0.000114917755127
calculate duration
testing...
no interpolation path defined
executed snippet estimated_duration=4.0, duration=9.10758972168e-05
calculate duration
testing...
no interpolation path defined
executed snippet estimated_duration=38.0, duration=0.000134944915771
executed snippet estimated_duration=108.0, duration=0.00996208190918
script duration name:cocktail_x1 seconds:108.0
Script duration 664.0
Run total estimated duration= 665.000
script duration name:unknown400_120 seconds:556.0
sniffair_x2 in script context. using previous estimated duration
script duration name:sniffair_x2 seconds:250.0
Script duration 806.0
Run total estimated duration= 807.000
script duration name:unknown400_120 seconds:556.0
cocktail_x1 in script context. using previous estimated duration
script duration name:cocktail_x1 seconds:108.0
Script duration 664.0
Run total estimated duration= 665.000
loading script "jan_ic_peak_hop3.py"
loading script "jan_pump_ms.py"
loading script "jan_air_x1.py"
loading script "jan_pump_extraction_line.py"
testing...
no interpolation path defined
executed snippet estimated_duration=133.8, duration=0.00775718688965
script duration name:ic_peak_hop3 seconds:134.0
loading script "jan_ic_peak_hop3.py"
loading script "jan_pump_ms.py"
loading script "jan_air_x1.py"
loading script "jan_pump_extraction_line.py"
testing...
no interpolation path defined
calculate duration
testing...
no interpolation path defined
executed snippet estimated_duration=0, duration=6.19888305664e-05
calculate duration
testing...
no interpolation path defined
executed snippet estimated_duration=0, duration=0.000139951705933
calculate duration
testing...
no interpolation path defined
executed snippet estimated_duration=32.0, duration=0.000112056732178
calculate duration
testing...
no interpolation path defined
executed snippet estimated_duration=34.0, duration=0.000101804733276
calculate duration
testing...
no interpolation path defined
executed snippet estimated_duration=4.0, duration=6.00814819336e-05
calculate duration
testing...
no interpolation path defined
executed snippet estimated_duration=36.0, duration=8.79764556885e-05
executed snippet estimated_duration=106.0, duration=0.0122439861298
script duration name:air_x1 seconds:106.0
Script duration 240.0
Run total estimated duration= 241.000
script duration name:unknown120_60 seconds:214.0
script duration name:co2 seconds:0.0
Script duration 214.0
Run total estimated duration= 215.000
script duration name:unknown120_60 seconds:214.0
script duration name:co2 seconds:0.0
Script duration 214.0
Run total estimated duration= 215.000
script duration name:unknown120_60 seconds:214.0
script duration name:co2 seconds:0.0
Script duration 214.0
Run total estimated duration= 215.000
script duration name:unknown120_60 seconds:214.0
script duration name:co2 seconds:0.0
Script duration 214.0
Run total estimated duration= 215.000
script duration name:unknown120_60 seconds:214.0
script duration name:co2 seconds:0.0
Script duration 214.0
Run total estimated duration= 215.000
script duration name:unknown120_60 seconds:214.0
script duration name:co2 seconds:0.0
Script duration 214.0
Run total estimated duration= 215.000
script duration name:unknown120_60 seconds:214.0
script duration name:co2 seconds:0.0
Script duration 214.0
Run total estimated duration= 215.000
script duration name:unknown120_60 seconds:214.0
script duration name:co2 seconds:0.0
Script duration 214.0
Run total estimated duration= 215.000
script duration name:unknown120_60 seconds:214.0
script duration name:co2 seconds:0.0
Script duration 214.0
Run total estimated duration= 215.000
script duration name:unknown120_60 seconds:214.0
script duration name:co2 seconds:0.0
Script duration 214.0
Run total estimated duration= 215.000
script duration name:unknown120_60 seconds:214.0
script duration name:co2 seconds:0.0
Script duration 214.0
Run total estimated duration= 215.000
script duration name:unknown120_60 seconds:214.0
script duration name:co2 seconds:0.0
Script duration 214.0
Run total estimated duration= 215.000
script duration name:unknown400_120 seconds:556.0
script duration name:co2 seconds:0.0
Script duration 556.0
Run total estimated duration= 557.000
script duration name:unknown120_60 seconds:214.0
script duration name:co2 seconds:0.0
Script duration 214.0
Run total estimated duration= 215.000
script duration name:unknown120_60 seconds:214.0
script duration name:co2 seconds:0.0
Script duration 214.0
Run total estimated duration= 215.000
script duration name:unknown120_60 seconds:214.0
script duration name:co2 seconds:0.0
Script duration 214.0
Run total estimated duration= 215.000
script duration name:unknown400_120 seconds:556.0
script duration name:cocktail_x1 seconds:108.0
Script duration 664.0
Run total estimated duration= 665.000
script duration name:unknown400_120 seconds:556.0
script duration name:cocktail_x1 seconds:108.0
Script duration 664.0
Run total estimated duration= 665.000
script duration name:unknown120_60 seconds:214.0
script duration name:co2 seconds:0.0
Script duration 214.0
Run total estimated duration= 215.000
script duration name:unknown120_60 seconds:214.0
script duration name:co2 seconds:0.0
Script duration 214.0
Run total estimated duration= 215.000
script duration name:unknown400_120 seconds:556.0
script duration name:co2 seconds:0.0
Script duration 556.0
Run total estimated duration= 557.000
nruns=41 before=5.0, run_dur=13193.0, btw=1800.0
write rem/ex queues
/Users/jan/PychronDev/experiments/rem/CurrentExperiment.rem.txt
/Users/jan/PychronDev/experiments/rem/CurrentExperiment.ex.txt
doing event level: 3
