do run
loading script "jan_unknown120_60.py"
loading script "jan_pump_ms.py"
loading script "jan_co2.py"
loading script "jan_pump_extraction_line.py"
testing...
no interpolation path defined
executed snippet estimated_duration=213.652928, duration=0.000277996063232
script duration name:unknown120_60 seconds:214.0
loading script "jan_unknown120_60.py"
loading script "jan_pump_ms.py"
loading script "jan_co2.py"
loading script "jan_pump_extraction_line.py"
testing...
no interpolation path defined
executed snippet estimated_duration=0, duration=2.59876251221e-05
loading script "jan_unknown120_60.py"
loading script "jan_pump_ms.py"
loading script "jan_co2.py"
loading script "jan_pump_extraction_line.py"
testing...
no interpolation path defined
calculate duration
testing...
no interpolation path defined
executed snippet estimated_duration=0, duration=6.103515625e-05
calculate duration
testing...
no interpolation path defined
executed snippet estimated_duration=0, duration=0.000108957290649
executed snippet estimated_duration=0.0, duration=0.00296401977539
script duration name:co2 seconds:0.0
loading script "jan_unknown120_60.py"
loading script "jan_pump_ms.py"
loading script "jan_co2.py"
loading script "jan_pump_extraction_line.py"
testing...
no interpolation path defined
calculate duration
testing...
no interpolation path defined
executed snippet estimated_duration=4.0, duration=0.000147104263306
executed snippet estimated_duration=4.0, duration=0.00139403343201
Script duration 214.0
Run total estimated duration= 215.000
run duration: 0:03:35
doing event level: 2
00:08:17 -- Setting default integration. t=1.048576
setting integration time = 1.048576
SetIntegrationTime 1.048576 ===>> OK
----------------- start -----------------
**************** Experiment Type: Ar/Ar, Ar/Ar
create new session 4436069840
close session 4436069840
$$$$$ Clearing conditionals
adding conditionals 
Add queue conditionals
add default conditionals
adding default conditionals from /Users/jan/PychronDev/setupfiles/spectrometer/default_conditionals.yaml
Start automated run 65580-03A
loading script "jan_unknown120_60.py"
loading script "jan_pump_ms.py"
loading script "jan_co2.py"
loading script "jan_pump_extraction_line.py"
%%%%%%%%%%%%%%%%%% setting automated run 65580-03A
No value "sensitivity_multiplier" in metadata
$$$$$$$$$$$$$$$ auto_save_detector_ic=False
============================= Pre Extraction Check =============================
loading queue conditionals pre_run_terminations
loading system conditionals pre_run_terminations
loading conditionals from /Users/jan/PychronDev/setupfiles/spectrometer/default_conditionals.yaml
00:08:18 -- ******* Pre Extraction Check *******
Get a measurement from the spectrometer
GetData ===>> H2,-0.116867157676682,H1,0.0117835479423125,AX,-0.172794177437061,L1,-0.00425486536460815,L2,0.04...
Pre Extraction Termination data. keys=H2,H1,AX,L1,L2,CDD, signals=-0.11687,0.01178,-0.17279,-0.00425,0.04472,0.00417
00:08:18 -- testing system defined conditionals
Checking default pre extraction terminations n=2
testing CDD
evaluate ot="CDD.inactive" t="CDD", ctx="{'CDD': False}"
GetDeflection CDD ===>> 50
testing CDD==2000
evaluate ot="CDD.deflection==2000" t="CDD==2000", ctx="{'CDD': 50.0}"
00:08:18 -- ******* Pre Extraction Check Passed *******
=================================================================================
00:08:18 -- stopping status monitor
stop 4982387056
Alive clients [4989850544]
00:08:18 -- starting status monitor
start 4982387056
Monitor already running
start extraction
do extraction
Analysis started at 00:08:18.075582
Extraction Started jan_co2.py
00:08:18 -- ******* Extraction Started jan_co2.py *******
state changed from not run to extraction
DO EXTRACTION <pychron.extraction_line.pyscript_runner.RemotePyScriptRunner object at 0x12c299590>
testing...
no interpolation path defined
calculate duration
testing...
no interpolation path defined
executed snippet estimated_duration=0, duration=4.2200088501e-05
calculate duration
testing...
no interpolation path defined
executed snippet estimated_duration=0, duration=7.10487365723e-05
executed snippet estimated_duration=100.0, duration=0.00191187858582
Jan CO2 laser analysis
doing GOSUB
testing...
no interpolation path defined
executed snippet estimated_duration=0, duration=3.40938568115e-05
Waiting for CO2 access
wait ('FelixCO2Flag', 0) {}
waiting for FelixCO2Flag = 0
Read FelixCO2Flag ===>> 0
finished waiting
CO2 free
wait ('CO2PumpTimeFlag', 0) {}
waiting for CO2PumpTimeFlag = 0
Read CO2PumpTimeFlag ===>> 0
finished waiting
acquire ('JanCO2Flag',) {'clear': True}
acquire JanCO2Flag
Set JanCO2Flag 1 ===>> OK
JanCO2Flag acquired
set extraction state False (0.75, 'red', 1.5)
CO2 acquired
executed snippet estimated_duration=0, duration=0.0162649154663
WaitForCO2Access.py completed successfully
gosub finished
doing GOSUB
testing...
no interpolation path defined
executed snippet estimated_duration=0, duration=7.70092010498e-05
Prepare for CO2 analysis
close () {'description': 'Jan Inlet'}
closing name=--- desc=Jan Inlet
checking ownership. requestor=129.138.12.150
check software interlocks R
interlocks []
actuate state mode=None-script, software_lock=False
doing actuation None-script close_channel False
Close R ===>> OK
GetIndicatorState R ===>> False
change switch state (True, True)
update switch state R False args=() kw={} ncanvase=2
00:08:18 -- CLOSE  VALVE-R (Jan Inlet)
---------------------------------------- close None (Jan Inlet) result=[(True, True)]
action=close, ok=True, locked=[False]
open () {'description': 'Jan Ion Pump'}
opening name=--- desc=Jan Ion Pump
checking ownership. requestor=129.138.12.150
check software interlocks O
interlocks []
actuate state mode=None-script, software_lock=False
doing actuation None-script open_channel False
Open O ===>> OK
GetIndicatorState O ===>> OK
change switch state (True, True)
update switch state O True args=() kw={} ncanvase=2
00:08:18 -- OPEN   VALVE-O (Jan Ion Pump)
---------------------------------------- open None (Jan Ion Pump) result=[(True, True)], time=0.12 sec
action=open, ok=True, locked=[False]
close () {'description': 'Microbone to Minibone'}
closing name=--- desc=Microbone to Minibone
checking ownership. requestor=129.138.12.150
check software interlocks L
interlocks []
actuate state mode=None-script, software_lock=False
doing actuation None-script close_channel False
Close L ===>> OK
GetIndicatorState L ===>> False
change switch state (True, True)
update switch state L False args=() kw={} ncanvase=2
00:08:19 -- CLOSE  VALVE-L (Microbone to Minibone)
---------------------------------------- close None (Microbone to Minibone) result=[(True, True)]
action=close, ok=True, locked=[False]
open () {'description': 'Microbone to Turbo'}
opening name=--- desc=Microbone to Turbo
checking ownership. requestor=129.138.12.150
check software interlocks U
interlocks []
actuate state mode=None-script, software_lock=False
doing actuation None-script open_channel False
Open U ===>> OK
GetIndicatorState U ===>> OK
change switch state (True, True)
update switch state U True args=() kw={} ncanvase=2
00:08:19 -- OPEN   VALVE-U (Microbone to Turbo)
---------------------------------------- open None (Microbone to Turbo) result=[(True, True)], time=0.15 sec
action=open, ok=True, locked=[False]
open () {'description': 'Microbone to Inlet Pipette'}
opening name=--- desc=Microbone to Inlet Pipette
checking ownership. requestor=129.138.12.150
check software interlocks S
interlocks []
actuate state mode=None-script, software_lock=False
doing actuation None-script open_channel False
Open S ===>> OK
GetIndicatorState S ===>> OK
change switch state (True, True)
update switch state S True args=() kw={} ncanvase=2
00:08:20 -- OPEN   VALVE-S (Microbone to Inlet Pipette)
---------------------------------------- open None (Microbone to Inlet Pipette) result=[(True, True)], time=0.41 sec
action=open, ok=True, locked=[False]
open () {'description': 'Microbone to Getter D-50'}
opening name=--- desc=Microbone to Getter D-50
checking ownership. requestor=129.138.12.150
check software interlocks K
interlocks []
actuate state mode=None-script, software_lock=False
doing actuation None-script open_channel False
Open K ===>> OK
GetIndicatorState K ===>> OK
change switch state (True, True)
update switch state K True args=() kw={} ncanvase=2
00:08:21 -- OPEN   VALVE-K (Microbone to Getter D-50)
---------------------------------------- open None (Microbone to Getter D-50) result=[(True, True)], time=0.42 sec
action=open, ok=True, locked=[False]
open () {'description': 'Microbone to Getter NP-10'}
opening name=--- desc=Microbone to Getter NP-10
checking ownership. requestor=129.138.12.150
check software interlocks M
interlocks []
actuate state mode=None-script, software_lock=False
doing actuation None-script open_channel False
Open M ===>> OK
GetIndicatorState M ===>> OK
change switch state (True, True)
update switch state M True args=() kw={} ncanvase=2
00:08:21 -- OPEN   VALVE-M (Microbone to Getter NP-10)
---------------------------------------- open None (Microbone to Getter NP-10) result=[(True, True)], time=0.16 sec
action=open, ok=True, locked=[False]
close () {'description': 'CO2 Laser to Felix'}
closing name=--- desc=CO2 Laser to Felix
checking ownership. requestor=129.138.12.150
check software interlocks F
interlocks []
actuate state mode=None-script, software_lock=True
VALVE-F(CO2 Laser to Felix) software locked
change switch state (True, False)
---------------------------------------- close None (CO2 Laser to Felix) result=[(True, False)]
action=close, ok=True, locked=[True]
open () {'description': 'CO2 Laser to Jan'}
opening name=--- desc=CO2 Laser to Jan
checking ownership. requestor=129.138.12.150
check software interlocks A
interlocks []
actuate state mode=None-script, software_lock=False
doing actuation None-script open_channel False
Open A ===>> OK
GetIndicatorState A ===>> OK
change switch state (True, True)
update switch state A True args=() kw={} ncanvase=2
00:08:22 -- OPEN   VALVE-A (CO2 Laser to Jan)
---------------------------------------- open None (CO2 Laser to Jan) result=[(True, True)], time=0.14 sec
action=open, ok=True, locked=[False]
open () {'description': 'Microbone to CO2 Laser'}
opening name=--- desc=Microbone to CO2 Laser
checking ownership. requestor=129.138.12.150
check software interlocks T
interlocks []
actuate state mode=None-script, software_lock=False
doing actuation None-script open_channel False
Open T ===>> OK
GetIndicatorState T ===>> OK
change switch state (True, True)
update switch state T True args=() kw={} ncanvase=2
00:08:22 -- OPEN   VALVE-T (Microbone to CO2 Laser)
---------------------------------------- open None (Microbone to CO2 Laser) result=[(True, True)], time=0.43 sec
action=open, ok=True, locked=[False]
executed snippet estimated_duration=0, duration=4.9907040596
PrepareForCO2Analysis.py completed successfully
gosub finished
set_motor ('beam', '1.25') {}
setting motor "beam" to 1.25
set motor beam to 1.25
SetMotor beam,1.25 ===>> OK
GetMotorMoving beam ===>> False
GetMotorMoving beam ===>> False
Block completed
move_to_position ('191',) {'autocenter': True}
FusionsCO2 move to position 191
sending GoToHole 191,True
GoToHole 191,True ===>> OK
GetDriveMoving ===>> OK
GetDriveMoving ===>> OK
GetDriveMoving ===>> OK
GetDriveMoving ===>> OK
GetDriveMoving ===>> OK
GetDriveMoving ===>> OK
GetDriveMoving ===>> False
GetDriveMoving ===>> OK
GetDriveMoving ===>> OK
GetDriveMoving ===>> OK
GetDriveMoving ===>> OK
GetDriveMoving ===>> OK
GetDriveMoving ===>> False
Block completed
GetAutoCorrecting ===>> False
GetAutoCorrecting ===>> False
Block completed
update position
GetPosition ===>> 1.99390,-9.96950,1.00000
got position (1.9939, -9.9695, 1.0)
move to position succeeded
sleep (5,) {}
SLEEP 5.0
block started
WaitControl setup for 5.0  
Join finished
block finished. duration 5.03025102615
close () {'description': 'Microbone to Turbo'}
closing name=--- desc=Microbone to Turbo
checking ownership. requestor=129.138.12.150
check software interlocks U
interlocks []
actuate state mode=None-script, software_lock=False
doing actuation None-script close_channel True
Close U ===>> OK
GetIndicatorState U ===>> False
change switch state (True, True)
update switch state U False args=() kw={} ncanvase=2
00:08:34 -- CLOSE  VALVE-U (Microbone to Turbo)
---------------------------------------- close None (Microbone to Turbo) result=[(True, True)]
action=close, ok=True, locked=[False]
enable laser
enable () {}
set extraction state FusionsCO2 Enabled (False, 'red', 1.5)
enabling laser
Enable ===>> OK
begin interval
BEGIN INTERVAL Interval 1 waiting for 30.0
block started
set extract to 0.3
WaitControl setup for 30.0  
extract (0.3,) {}
GetPosition ===>> 1.99390,-9.96950,1.00000
set extraction state FusionsCO2 ON! 0.3(watts) (0.75, 'red', 1.5)
extract sample to 0.3 (watts)
set laser output
SetLaserOutput 0.3,watts ===>> OK
executing pattern triangle.lp
execute_pattern ('triangle.lp',) {}
executing pattern triangle.lp
IsPatterning ===>> OK
IsPatterning ===>> OK
IsPatterning ===>> OK
IsPatterning ===>> OK
IsPatterning ===>> OK
IsPatterning ===>> OK
IsPatterning ===>> OK
IsPatterning ===>> OK
IsPatterning ===>> OK
IsPatterning ===>> OK
IsPatterning ===>> OK
IsPatterning ===>> OK
IsPatterning ===>> OK
IsPatterning ===>> OK
IsPatterning ===>> OK
IsPatterning ===>> OK
IsPatterning ===>> OK
IsPatterning ===>> OK
IsPatterning ===>> OK
IsPatterning ===>> OK
IsPatterning ===>> OK
IsPatterning ===>> OK
IsPatterning ===>> OK
IsPatterning ===>> OK
IsPatterning ===>> OK
IsPatterning ===>> OK
IsPatterning ===>> False
IsPatterning ===>> False
Block completed
COMPLETE INTERVAL waiting for Interval 1 to complete
Join finished
block finished. duration 30.1606299877
Interval 1 finished
end_extract () {}
ending extraction. set laser power to 0
set laser power 0
SetLaserPower 0 ===>> OK
disable () {}
%%%%%%%%%%%%%%%%%%%%%%%%%%%%%%%%%%% disable
set extraction state False (0.75, 'red', 1.5)
disabling laser
Disable ===>> OK
sleep (30.0,) {}
SLEEP 30.0
block started
WaitControl setup for 30.0  
Join finished
block finished. duration 30.165749073
executed snippet estimated_duration=166.5, duration=77.3789908886
jan_co2.py completed successfully
GetAchievedOutput ===>> No Response
Requested Output= 0.000
Achieved Output=  0.000
GetResponseBlob ===>> No Response
GetOutputBlob ===>> No Response
persistence save...
persistence save - db
AutomatedRunPersister post_extraction_save deprecated
persistence save - dvc
no extraction position for 191
create new session 4989601072
close session 4989601072
Extraction Finished
00:09:35 -- ******* Extraction Finished *******
no overlap. not waiting for min ms pumptime
00:09:35 -- Sending spectrometer configuration
======== Sending configuration ========
SetDeflection CDD,50.0 ===>> OK
SetDeflection H2,0.0 ===>> OK
SetDeflection H1,0.0 ===>> OK
SetDeflection L2,825.0 ===>> OK
SetDeflection L1,400.0 ===>> OK
SetDeflection AX,190.0 ===>> OK
SetZFocus 74.64 ===>> OK
SetZSymmetry -50.72 ===>> OK
SetExtractionLens 26.13 ===>> OK
SetIonRepeller -3.81 ===>> OK
SetElectronEnergy 75.08 ===>> OK
SetYSymmetry -2.81 ===>> OK
SetIonCounterVoltage 1590.0 ===>> OK
send trap current 200.0
GetParameter Trap Current Readback ===>> 198.482695477019
SetParameter Trap Current Set,200.0 ===>> OK
updating mftable name mftable
Using mftable located at /Users/jan/PychronDev/setupfiles/spectrometer/mftables/mftable.csv
============ MFtable ===========
Isotope  H2     H1     AX     L1     L2     CDD    
Ar40     5.8068 5.8792 5.9927 6.1468 6.2310 6.3750
Ar39     5.7061 5.7714 5.8851 6.0328 6.1161 6.2615
Ar36     5.3836 5.4404 5.5484 5.6917 5.7711 5.9126
================================
get initial guess parabolic
get initial guess parabolic
get initial guess parabolic
get initial guess parabolic
get initial guess parabolic
get initial guess parabolic
======== Configuration Finished ========
GetYSymmetry ===>> -2.81
GetZSymmetry ===>> -50.72
GetParameter Trap Current Readback ===>> 197.811389855338
GetHighVoltage ===>> 4499.94659342336
start measurement
do measurement
L#=65580 analysis type=unknown
Measurement Started jan_unknown120_60.py
00:09:35 -- ******* Measurement Started jan_unknown120_60.py *******
state changed from extraction to measurement
setting spec, defl, and gains
GetExtractionLens ===>> 26.13
GetYSymmetry ===>> -2.81
GetZSymmetry ===>> -50.72
GetZFocus ===>> 74.64
GetDeflection H2 ===>> 0
GetDeflection H1 ===>> 0
GetDeflection AX ===>> 190
GetDeflection L1 ===>> 400
GetDeflection L2 ===>> 825
GetDeflection CDD ===>> 50
GetGain H2 ===>> 0.0113
GetGain H1 ===>> 0.1
GetGain AX ===>> 0.097049
GetGain L1 ===>> 0.010355
GetGain L2 ===>> 0.095649
GetGain CDD ===>> 0
pre measurement save
New frame /Users/jan/PychronDev/data/isotopes/01/60c133-6bf0-4d88-947f-271f1b8e9f81.h5
flush and close file /Users/jan/PychronDev/data/isotopes/01/60c133-6bf0-4d88-947f-271f1b8e9f81.h5
testing...
no interpolation path defined
executed snippet estimated_duration=226.132928, duration=0.00020694732666
unknown measurement script
activate_detectors ('H2', 'H1', 'AX', 'L1', 'L2', 'CDD') {}
activate detectors
*************** Set Analysis View Ar/Ar
create graphs
clearing graphs
clear isotope group
setting isotope det=H2, iso=PM41
setting isotope det=H1, iso=Ar40
setting isotope det=AX, iso=Ar39
setting isotope det=L1, iso=Ar38
setting isotope det=L2, iso=Ar37
setting isotope det=CDD, iso=Ar36
setting previous blanks
 - setting Ar40 blank 0.156+/-0.008
 - setting Ar36 blank 0.00426+/-0.00016
 - setting Ar37 blank 0.049+/-0.005
 - setting Ar38 blank 0.0133+/-0.0021
 - setting PM41 blank 0.03+/-0.06
 - setting Ar39 blank 0.005+/-0.009
load analysis view
position_magnet ('Ar40',) {'detector': 'H1'}
detector Detector(H1)
POSITION Ar40 H1
setting detector H2 to PM41 (40.9624)
setting detector H1 to Ar40 (39.9624)
setting detector AX to Ar39 (38.9624)
setting detector L1 to Ar38 (37.9624)
setting detector L2 to Ar37 (36.9624)
setting detector CDD to Ar36 (35.9624)
Mapping mass to dac mass func: "parabolic"
H1 map mass coeffs = [-0.00063987  0.15840543  0.57075999]
H1 map mass to dac 39.9624 >> 5.87915
GetDeflection H1 ===>> 0
GetHighVoltage ===>> 4499.94659342336
positioning Ar40 (5.87911537824) on H1
setting magnet DAC
current  : 5.879111
requested: 5.879115
Delta Dac: 0.000005
Checking detector protection. dv=0.00000
Checking detector "CDD". Protection Threshold: 0.1 (V)
SetMagnetDAC 5.87911537824 ===>> OK
Magnet settling time: 0.500
equilibrate () {'delay': 3, 'inlet': 'R', 'outlet': 'O', 'eqtime': 12.0}
Equilibration Started
00:09:37 -- ******* Equilibration Started *******
checking ownership. requestor=129.138.12.150
check software interlocks O
interlocks []
actuate state mode=None-script, software_lock=False
doing actuation None-script close_channel True
Close O ===>> OK
update labels <pychron.experiment.plot_panel.PlotPanel object at 0x16f58f4d0>
update labels "<pychron.graph.stacked_regression_graph.StackedRegressionGraph object at 0x178cca530>"
setting label 0 H2 PM41
setting label 1 H1 Ar40
setting label 2 AX Ar39
setting label 3 L1 Ar38
setting label 4 L2 Ar37
setting label 5 CDD Ar36
update labels "<pychron.graph.stacked_graph.StackedGraph object at 0x178ccaa70>"
setting label 0 H2 PM41
setting label 1 H1 Ar40
setting label 2 AX Ar39
setting label 3 L1 Ar38
setting label 4 L2 Ar37
setting label 5 CDD Ar36
GetIndicatorState O ===>> False
change switch state (True, True)
update switch state O False args=() kw={} ncanvase=2
00:09:37 -- CLOSE  VALVE-O (Jan Ion Pump)
waiting 3s before opening inlet value ('R',)
checking ownership. requestor=129.138.12.150
check software interlocks R
interlocks []
actuate state mode=None-script, software_lock=False
doing actuation None-script open_channel True
Open R ===>> OK
set states for children of R. state=True
handle state [('R', True)]
update switch state R True args=() kw={'refresh': False} ncanvase=2
refresh_canvas_needed fired
GetIndicatorState R ===>> OK
change switch state (True, True)
update switch state R True args=() kw={} ncanvase=2
00:09:41 -- OPEN   VALVE-R (Jan Inlet)
equilibrating for 12.0sec
set_time_zero () {}
sniff (12.0,) {}
py_sniff
build tables- sniff [Detector(H2), Detector(H1), Detector(AX), Detector(L1), Detector(L2), Detector(CDD)]
add group /sniff/PM41 (Group) '' table H2
add group /sniff/Ar40 (Group) '' table H1
add group /sniff/Ar39 (Group) '' table AX
add group /sniff/Ar38 (Group) '' table L1
add group /sniff/Ar37 (Group) '' table L2
add group /sniff/Ar36 (Group) '' table CDD
flush and close file /Users/jan/PychronDev/data/isotopes/01/60c133-6bf0-4d88-947f-271f1b8e9f81.h5
measuring sniff. ncounts=12.0
"sniff" increment series count="1" fit count="0" regressing="False"
starting measurement
GetData ===>> H2,-0.152997025355644,H1,0.404339642025176,AX,0.144041837048758,L1,-0.00831247368721783,L2,0.0747...
GetData ===>> H2,0.641070825271507,H1,23.1147060946166,AX,5.93488869679032,L1,0.106551865940437,L2,0.3324473740...
GetData ===>> H2,0.576274021267066,H1,44.5013071755965,AX,9.82920598682949,L1,0.255774703406802,L2,0.1459760317...
GetData ===>> H2,0.097487246365,H1,51.6040036550657,AX,10.7515766301083,L1,0.25848042436779,L2,0.11306925305165...
GetData ===>> H2,0.0349700391068879,H1,54.0998586600814,AX,11.1398037549499,L1,0.233257240342744,L2,0.181883093...
GetData ===>> H2,-0.028361660012513,H1,54.9403638479405,AX,11.2910494723478,L1,0.199739165921766,L2,0.144778601...
GetData ===>> H2,-0.0481219039650343,H1,55.266159610824,AX,11.1914961038753,L1,0.184066615071356,L2,0.219310119...
GetData ===>> H2,0.0609161565444028,H1,55.3931247164841,AX,11.1525865086386,L1,0.228745183070921,L2,0.119316794...
GetData ===>> H2,0.0211804910560717,H1,55.5892845232294,AX,11.2057086174021,L1,0.19295796473686,L2,0.0965745123...
GetData ===>> H2,-0.0966067348089277,H1,55.6841618882039,AX,11.1312664468483,L1,0.17695580758479,L2,0.014840879...
GetData ===>> H2,-0.137973473529064,H1,55.6262668952328,AX,11.1951502124444,L1,0.20530398178724,L2,0.1862868562...
Equilibration Finished
00:09:53 -- ******* Equilibration Finished *******
checking ownership. requestor=129.138.12.150
check software interlocks R
interlocks []
actuate state mode=None-script, software_lock=False
doing actuation None-script close_channel True
GetData ===>> H2,-0.139063032735013,H1,55.8044834143335,AX,11.3344708902634,L1,0.189650195869843,L2,0.056480582...
Close R ===>> OK
GetIndicatorState R ===>> False
change switch state (True, True)
update switch state R False args=() kw={} ncanvase=2
00:09:53 -- CLOSE  VALVE-R (Jan Inlet)
Post Equilibration Started jan_pump_extraction_line.py
00:09:53 -- ******* Post Equilibration Started jan_pump_extraction_line.py *******
testing...
no interpolation path defined
calculate duration
testing...
no interpolation path defined
executed snippet estimated_duration=4.0, duration=0.000185966491699
executed snippet estimated_duration=4.0, duration=0.00148987770081
Pump after analysis
doing GOSUB
testing...
no interpolation path defined
executed snippet estimated_duration=4.0, duration=0.000133991241455
Pump Microbone
close () {'description': 'Jan Inlet'}
closing name=--- desc=Jan Inlet
checking ownership. requestor=129.138.12.150
check software interlocks R
interlocks []
actuate state mode=None-script, software_lock=False
doing actuation None-script close_channel False
Close R ===>> OK
measurement finished
estimated time: 12.583 actual time: :12.702
flush and close file /Users/jan/PychronDev/data/isotopes/01/60c133-6bf0-4d88-947f-271f1b8e9f81.h5
set_fits () {}
using default fits file=/Users/jan/PychronDev/scripts/measurement/fits/nominal_linear.yaml
set "Ar40" to "('Linear', 'SEM')"
No fit for "PM41". defaulting to linear. check the measurement script "jan_unknown120_60.py"
set "PM41" to "linear"
set "Ar36" to "('Linear', 'SEM')"
set "Ar37" to "('linear', 'SEM')"
set "Ar38" to "('linear', 'SEM')"
set "Ar39" to "('Linear', 'SEM')"
set_baseline_fits () {}
using default fits file=/Users/jan/PychronDev/scripts/measurement/fits/nominal_linear.yaml
set "H1" to "('average', 'SEM')"
set "H2" to "('average', 'SEM')"
set "CDD" to "('average', 'SEM')"
set "L2" to "('average', 'SEM')"
set "L1" to "('average', 'SEM')"
set "AX" to "('average', 'SEM')"
multicollect () {'integration_time': 1, 'ncounts': 120}
build tables- signal [Detector(H2), Detector(H1), Detector(AX), Detector(L1), Detector(L2), Detector(CDD)]
add group /signal/PM41 (Group) '' table H2
add group /signal/Ar40 (Group) '' table H1
add group /signal/Ar39 (Group) '' table AX
add group /signal/Ar38 (Group) '' table L1
add group /signal/Ar37 (Group) '' table L2
add group /signal/Ar36 (Group) '' table CDD
flush and close file /Users/jan/PychronDev/data/isotopes/01/60c133-6bf0-4d88-947f-271f1b8e9f81.h5
measuring signal. ncounts=120
GetIndicatorState R ===>> False
change switch state (True, True)
update switch state R False args=() kw={} ncanvase=2
00:09:54 -- CLOSE  VALVE-R (Jan Inlet)
---------------------------------------- close None (Jan Inlet) result=[(True, True)]
"signal" increment series count="2" fit count="1" regressing="True"
action=close, ok=True, locked=[False]
is_closed ('F',) {}
is F () closed?
is closed True
open () {'description': 'CO2 Laser to Jan'}
opening name=--- desc=CO2 Laser to Jan
checking ownership. requestor=129.138.12.150
check software interlocks A
interlocks []
actuate state mode=None-script, software_lock=False
doing actuation None-script open_channel False
Open A ===>> OK
GetIndicatorState A ===>> OK
change switch state (True, True)
update switch state A True args=() kw={} ncanvase=2
00:09:54 -- OPEN   VALVE-A (CO2 Laser to Jan)
---------------------------------------- open None (CO2 Laser to Jan) result=[(True, True)], time=0.15 sec
starting measurement
GetData ===>> H2,-0.0254921073106555,H1,55.8529112464104,AX,11.3180552703815,L1,0.193864125101176,L2,-0.0082857...
action=open, ok=True, locked=[False]
sleep (1,) {}
SLEEP 1.0
GetData ===>> H2,-0.100690381000161,H1,55.8817936308235,AX,11.2622470011586,L1,0.206600567856888,L2,0.151952003...
close () {'description': 'CO2 Laser to Roughing'}
closing name=--- desc=CO2 Laser to Roughing
checking ownership. requestor=129.138.12.150
check software interlocks G
interlocks []
actuate state mode=None-script, software_lock=True
VALVE-G(CO2 Laser to Roughing) software locked
change switch state (True, False)
---------------------------------------- close None (CO2 Laser to Roughing) result=[(True, False)]
action=close, ok=True, locked=[True]
open () {'description': 'Microbone to Turbo'}
opening name=--- desc=Microbone to Turbo
checking ownership. requestor=129.138.12.150
check software interlocks U
interlocks []
actuate state mode=None-script, software_lock=False
doing actuation None-script open_channel True
Open U ===>> OK
GetIndicatorState U ===>> OK
change switch state (True, True)
update switch state U True args=() kw={} ncanvase=2
00:09:56 -- OPEN   VALVE-U (Microbone to Turbo)
---------------------------------------- open None (Microbone to Turbo) result=[(True, True)], time=0.20 sec
action=open, ok=True, locked=[False]
open () {'description': 'Microbone to Getter NP-10'}
opening name=--- desc=Microbone to Getter NP-10
checking ownership. requestor=129.138.12.150
check software interlocks M
interlocks []
actuate state mode=None-script, software_lock=False
doing actuation None-script open_channel False
Open M ===>> OK
GetIndicatorState M ===>> OK
change switch state (True, True)
update switch state M True args=() kw={} ncanvase=2
00:09:56 -- OPEN   VALVE-M (Microbone to Getter NP-10)
---------------------------------------- open None (Microbone to Getter NP-10) result=[(True, True)], time=0.14 sec
action=open, ok=True, locked=[False]
open () {'description': 'Microbone to Getter D-50'}
opening name=--- desc=Microbone to Getter D-50
checking ownership. requestor=129.138.12.150
check software interlocks K
interlocks []
actuate state mode=None-script, software_lock=False
doing actuation None-script open_channel False
GetData ===>> H2,-0.158324221071857,H1,55.7992832782538,AX,11.2777455829449,L1,0.204030580069026,L2,0.051588232...
Open K ===>> OK
GetIndicatorState K ===>> OK
change switch state (True, True)
update switch state K True args=() kw={} ncanvase=2
00:09:57 -- OPEN   VALVE-K (Microbone to Getter D-50)
---------------------------------------- open None (Microbone to Getter D-50) result=[(True, True)], time=0.43 sec
action=open, ok=True, locked=[False]
open () {'description': 'Microbone to CO2 Laser'}
opening name=--- desc=Microbone to CO2 Laser
checking ownership. requestor=129.138.12.150
check software interlocks T
interlocks []
actuate state mode=None-script, software_lock=False
doing actuation None-script open_channel False
Open T ===>> OK
GetIndicatorState T ===>> OK
change switch state (True, True)
update switch state T True args=() kw={} ncanvase=2
00:09:58 -- OPEN   VALVE-T (Microbone to CO2 Laser)
---------------------------------------- open None (Microbone to CO2 Laser) result=[(True, True)], time=0.44 sec
GetData ===>> H2,-0.206229243226639,H1,55.6949877141327,AX,11.2270862650438,L1,0.164341305335586,L2,0.071467100...
action=open, ok=True, locked=[False]
open () {'description': 'Microbone to Inlet Pipette'}
opening name=--- desc=Microbone to Inlet Pipette
checking ownership. requestor=129.138.12.150
check software interlocks S
interlocks []
actuate state mode=None-script, software_lock=False
doing actuation None-script open_channel False
Open S ===>> OK
GetIndicatorState S ===>> OK
change switch state (True, True)
update switch state S True args=() kw={} ncanvase=2
00:09:58 -- OPEN   VALVE-S (Microbone to Inlet Pipette)
---------------------------------------- open None (Microbone to Inlet Pipette) result=[(True, True)], time=0.45 sec
action=open, ok=True, locked=[False]
sleep (1,) {}
SLEEP 1.0
testing H1>-5.0
evaluate ot="H1.bs>-5.0" t="H1>-5.0", ctx="{'H1': None}"
GetData ===>> H2,-0.220592426632088,H1,55.7285841012114,AX,11.2509711935127,L1,0.156854185577593,L2,0.070041341...
set_resource () {'name': 'CO2PumpTimeFlag', 'value': 30}
Set CO2PumpTimeFlag 30 ===>> OK
release ('JanCO2Flag',) {}
release JanCO2Flag
Set JanCO2Flag 0 ===>> OK
executed snippet estimated_duration=6.0, duration=6.10180997849
PumpMicrobone.py completed successfully
gosub finished
get_resource_value () {'name': 'JanMiniboneFlag'}
Read JanMiniboneFlag ===>> 0
Get Resource Value JanMiniboneFlag=0.0
get resource value 0.0
get_resource_value () {'name': 'JanMiniboneFlag'}
Read JanMiniboneFlag ===>> 0
Get Resource Value JanMiniboneFlag=0.0
executed snippet estimated_duration=4.0, duration=6.11696505547
jan_pump_extraction_line.py completed successfully
Post Equilibration Finished
00:10:00 -- ******* Post Equilibration Finished *******
GetData ===>> H2,-0.214784567964576,H1,55.6940270756427,AX,11.1458759783558,L1,0.131463847267271,L2,0.010908164...
GetData ===>> H2,-0.181058895130065,H1,55.6408525009927,AX,11.1713763061717,L1,0.134604071544836,L2,-0.02319138...
GetData ===>> H2,-0.145041578969378,H1,55.6669034515936,AX,11.204592637241,L1,0.163381280116863,L2,-0.006086146...
GetData ===>> H2,-0.113191524841629,H1,55.7712580299993,AX,11.1639473202771,L1,0.175698009922512,L2,0.054804154...
testing H1>-5.0
evaluate ot="H1.bs>-5.0" t="H1>-5.0", ctx="{'H1': None}"
GetData ===>> H2,-0.0719889048977839,H1,55.8527892005017,AX,11.2023239236616,L1,0.175941325328227,L2,0.03494014...
GetData ===>> H2,-0.159581684639363,H1,55.7571853435425,AX,11.1485871271254,L1,0.142102270444558,L2,0.126636512...
GetData ===>> H2,-0.220428071313808,H1,55.6690834966527,AX,11.2180219928468,L1,0.159962924344806,L2,0.068695444...
GetData ===>> H2,-0.162672750086432,H1,55.7400848457115,AX,11.1625988819869,L1,0.165517883213339,L2,0.124618403...
GetData ===>> H2,-0.159735650182638,H1,55.6505314332015,AX,11.185438907621,L1,0.151796355615245,L2,0.0015500916...
testing H1>-5.0
evaluate ot="H1.bs>-5.0" t="H1>-5.0", ctx="{'H1': None}"
GetData ===>> H2,-0.149006168200349,H1,55.5056315244428,AX,11.2547501079085,L1,0.093371995576595,L2,0.052933888...
GetData ===>> H2,-0.228310392955534,H1,55.7831657236063,AX,11.2080509887338,L1,0.161194586915553,L2,0.147823525...
GetData ===>> H2,-0.276821798720601,H1,55.7506255603986,AX,11.1810740236078,L1,0.190078897583812,L2,0.083615539...
GetData ===>> H2,-0.198453656081793,H1,55.6587629123953,AX,11.1653815876656,L1,0.175152084623778,L2,0.081427389...
GetData ===>> H2,-0.17843148668588,H1,55.7344563681337,AX,11.1731784677233,L1,0.185366593875751,L2,0.0748890094...
testing H1>-5.0
evaluate ot="H1.bs>-5.0" t="H1>-5.0", ctx="{'H1': None}"
GetData ===>> H2,-0.16629884939842,H1,55.6314333929483,AX,11.131425901572,L1,0.149498614665714,L2,0.10530599746...
GetData ===>> H2,-0.176725436451422,H1,55.5383954501546,AX,11.0873522093979,L1,0.118100361403424,L2,0.091240263...
GetData ===>> H2,-0.119214555262617,H1,55.6235237069248,AX,11.1567578083116,L1,0.128448939729283,L2,-0.03423238...
GetData ===>> H2,-0.101646088893555,H1,55.7112129204652,AX,11.1604781920533,L1,0.105375074093272,L2,0.008981762...
GetData ===>> H2,-0.208701805684594,H1,55.7575362251377,AX,11.1498507185999,L1,0.124747034382074,L2,0.017975768...
testing H1>-5.0
evaluate ot="H1.bs>-5.0" t="H1>-5.0", ctx="{'H1': None}"
00:10:20 -- collecting point 25
GetData ===>> H2,-0.149767858960328,H1,55.6733217325193,AX,11.1489428940297,L1,0.142495157324913,L2,0.126875952...
GetData ===>> H2,-0.132125105471007,H1,55.7050062310701,AX,11.1417541876512,L1,0.131087085719672,L2,0.078806234...
GetData ===>> H2,-0.14838624380283,H1,55.7661560098939,AX,11.095456722219,L1,0.108898623612864,L2,0.06574138064...
GetData ===>> H2,-0.197455707699852,H1,55.6568726740285,AX,11.1342347983702,L1,0.135622437742946,L2,0.102991962...
GetData ===>> H2,-0.251045436530547,H1,55.6167117103996,AX,11.1594117344375,L1,0.157151712361214,L2,0.042830523...
testing H1>-5.0
evaluate ot="H1.bs>-5.0" t="H1>-5.0", ctx="{'H1': None}"
GetData ===>> H2,-0.220011783626668,H1,55.6291625467155,AX,11.1971857788422,L1,0.128229225825239,L2,0.113730469...
GetData ===>> H2,-0.201991617771522,H1,55.6924260275203,AX,11.0814060364406,L1,0.117419537384605,L2,0.094477250...
GetData ===>> H2,-0.141579703669278,H1,55.7505035211074,AX,11.1484153780255,L1,0.139184503910807,L2,0.095195329...
GetData ===>> H2,-0.173503053654762,H1,55.6588238882915,AX,11.126581041419,L1,0.127719797626995,L2,0.0537207643...
GetData ===>> H2,-0.0677645318503569,H1,55.693401902087,AX,11.1426251475261,L1,0.132138913398628,L2,-0.00879857...
testing H1>-5.0
evaluate ot="H1.bs>-5.0" t="H1>-5.0", ctx="{'H1': None}"
GetData ===>> H2,-0.0512531054113893,H1,55.6933866539896,AX,11.1691941391828,L1,0.141697310667158,L2,0.02347062...
GetData ===>> H2,-0.148382191897894,H1,55.6440838110998,AX,11.0770416415898,L1,0.149485320466911,L2,0.065319378...
GetData ===>> H2,-0.1821693215638,H1,55.6651350507232,AX,11.1072284073206,L1,0.137553144608385,L2,0.10415467250...
GetData ===>> H2,-0.15403888292063,H1,55.4761054675852,AX,11.1678946684604,L1,0.164724615321926,L2,0.1005411979...
GetData ===>> H2,-0.191802387086624,H1,55.7322447035035,AX,11.0892893873817,L1,0.175339705308783,L2,0.099332937...
testing H1>-5.0
evaluate ot="H1.bs>-5.0" t="H1>-5.0", ctx="{'H1': None}"
GetData ===>> H2,-0.211025656273832,H1,55.5815907299186,AX,11.197455555723,L1,0.129413564273965,L2,0.0321353462...
GetData ===>> H2,-0.199536465357604,H1,55.7106791638448,AX,11.116585405203,L1,0.0873539935987462,L2,0.079296271...
GetData ===>> H2,-0.205191549178627,H1,55.6452574675252,AX,11.0408341127355,L1,0.152267813413064,L2,0.075413712...
GetData ===>> H2,-0.227030041230842,H1,55.6244838161407,AX,11.108270756844,L1,0.180410407289394,L2,0.0489197826...
GetData ===>> H2,-0.084167741929333,H1,55.5602986254195,AX,11.067112107187,L1,0.179038355884256,L2,0.0365478169...
testing H1>-5.0
evaluate ot="H1.bs>-5.0" t="H1>-5.0", ctx="{'H1': None}"
GetData ===>> H2,-0.0795766308654565,H1,55.6010774929422,AX,11.1493845374149,L1,0.139889090602751,L2,0.06552467...
GetData ===>> H2,-0.123295300984785,H1,55.5179436801967,AX,11.1555677438156,L1,0.133161863142308,L2,0.077022061...
GetData ===>> H2,-0.165206821723009,H1,55.6316924853492,AX,11.0533594463181,L1,0.163867326878951,L2,0.123740482...
GetData ===>> H2,-0.242907689698444,H1,55.7003857216833,AX,11.0273055245614,L1,0.149453897884451,L2,0.047311906...
GetData ===>> H2,-0.181977736927665,H1,55.6594946250679,AX,10.9856280733062,L1,0.141329838774756,L2,0.069185896...
testing H1>-5.0
evaluate ot="H1.bs>-5.0" t="H1>-5.0", ctx="{'H1': None}"
00:10:46 -- collecting point 50
GetData ===>> H2,-0.11786705955589,H1,55.6299245711585,AX,11.1292303544047,L1,0.136231331879812,L2,-0.016958185...
GetData ===>> H2,-0.256619682302435,H1,55.57645671345,AX,11.0628586368986,L1,0.125039082110336,L2,0.04463217379...
GetData ===>> H2,-0.179732447190513,H1,55.4668894934206,AX,11.1124034700559,L1,0.12609269614589,L2,0.1595935797...
GetData ===>> H2,-0.101028813667954,H1,55.4854135141943,AX,11.0673817855834,L1,0.135336125164943,L2,0.109512441...
GetData ===>> H2,-0.0363822488542262,H1,55.580905166835,AX,11.0235928264907,L1,0.105504080457458,L2,0.077632436...
testing H1>-5.0
evaluate ot="H1.bs>-5.0" t="H1>-5.0", ctx="{'H1': None}"
GetData ===>> H2,-0.0927465027230686,H1,55.6321192269181,AX,11.1375712295578,L1,0.118409403008448,L2,0.08803757...
GetData ===>> H2,-0.210985245561251,H1,55.5459704454636,AX,11.0624541373546,L1,0.174588032983063,L2,0.013609751...
GetData ===>> H2,-0.214847856746487,H1,55.4937319165149,AX,11.0112303855297,L1,0.16850407677947,L2,0.0486803101...
GetData ===>> H2,-0.302045264005892,H1,55.5220429159178,AX,10.9880287848705,L1,0.159961714533631,L2,0.146956795...
GetData ===>> H2,-0.172461635209639,H1,55.5412455466386,AX,11.0361038062266,L1,0.162270296619393,L2,0.110150833...
testing H1>-5.0
evaluate ot="H1.bs>-5.0" t="H1>-5.0", ctx="{'H1': None}"
GetData ===>> H2,-0.139075198438077,H1,55.6455318303203,AX,11.0410547022856,L1,0.157174692435008,L2,0.006291704...
GetData ===>> H2,-0.252165615761692,H1,55.4662801962301,AX,10.9445910086022,L1,0.132312819649028,L2,0.129122151...
GetData ===>> H2,-0.151974312503514,H1,55.4723885319447,AX,11.0185692569797,L1,0.135309548036188,L2,0.135062862...
GetData ===>> H2,-0.195696946577991,H1,55.4758464972552,AX,11.1092150119982,L1,0.134897611449789,L2,0.089678798...
GetData ===>> H2,-0.163621912023768,H1,55.5806004733109,AX,11.083551523136,L1,0.15894794345914,L2,0.06414462736...
testing H1>-5.0
evaluate ot="H1.bs>-5.0" t="H1>-5.0", ctx="{'H1': None}"
GetData ===>> H2,-0.122923401158269,H1,55.4809345986617,AX,11.0060359082373,L1,0.160811037459138,L2,0.038554589...
GetData ===>> H2,-0.03141384291018,H1,55.5223172189102,AX,11.0408831325947,L1,0.134929019515007,L2,0.1417793889...
GetData ===>> H2,-0.0125697503693843,H1,55.4849717094279,AX,10.899345030891,L1,0.124300531400942,L2,0.051611039...
GetData ===>> H2,-0.0912860450710984,H1,55.4811783451293,AX,10.9637343481526,L1,0.129861500002088,L2,0.00983666...
GetData ===>> H2,-0.208359586765798,H1,55.5405596887393,AX,10.8930736697796,L1,0.108668265150122,L2,0.148678858...
testing H1>-5.0
evaluate ot="H1.bs>-5.0" t="H1>-5.0", ctx="{'H1': None}"
GetData ===>> H2,-0.169765913279763,H1,55.4688087985532,AX,10.8930124279052,L1,0.140061921230953,L2,0.080766396...
GetData ===>> H2,-0.268530901473074,H1,55.5141036232065,AX,11.0147711112174,L1,0.177218524158799,L2,0.022877800...
GetData ===>> H2,-0.22239883046191,H1,55.4908676436292,AX,11.0291190363638,L1,0.154448893010641,L2,0.2026601331...
GetData ===>> H2,-0.236519505454325,H1,55.4691439182774,AX,11.0193901649814,L1,0.147155479072846,L2,0.056092834...
GetData ===>> H2,-0.218404419001355,H1,55.5662894999987,AX,11.0333956198565,L1,0.156331720626147,L2,0.012116459...
testing H1>-5.0
evaluate ot="H1.bs>-5.0" t="H1>-5.0", ctx="{'H1': None}"
00:11:12 -- collecting point 75
GetData ===>> H2,-0.221587937683733,H1,55.4402049982807,AX,11.0501237932997,L1,0.149490154719005,L2,-0.01928286...
GetData ===>> H2,-0.316885933001024,H1,55.314065638155,AX,11.0495967836967,L1,0.103297344760189,L2,0.0752654268...
GetData ===>> H2,-0.21368975062257,H1,55.5218295695528,AX,11.0043208082562,L1,0.130947011279697,L2,0.1136848685...
GetData ===>> H2,-0.167262554005403,H1,55.5346157410401,AX,11.0722483763148,L1,0.129333879668747,L2,0.103641710...
GetData ===>> H2,-0.171939540966136,H1,55.3265817068591,AX,10.9030688325967,L1,0.156573599204381,L2,0.029718265...
testing H1>-5.0
evaluate ot="H1.bs>-5.0" t="H1>-5.0", ctx="{'H1': None}"
GetData ===>> H2,-0.221930082263381,H1,55.4491296717538,AX,10.9468703742629,L1,0.164962831027655,L2,0.024416862...
GetData ===>> H2,-0.256971845590475,H1,55.4191446301484,AX,10.9370547560973,L1,0.146417243680161,L2,0.073759766...
GetData ===>> H2,-0.130211769014448,H1,55.3430280406626,AX,10.9516866195113,L1,0.114410698460229,L2,0.131528038...
GetData ===>> H2,-0.100510330713039,H1,55.534280449659,AX,11.0088413834357,L1,0.112668322045758,L2,0.0872511689...
GetData ===>> H2,-0.11703358859041,H1,55.3557144832387,AX,10.9534636626494,L1,0.134008561966366,L2,-0.017869831...
testing H1>-5.0
evaluate ot="H1.bs>-5.0" t="H1>-5.0", ctx="{'H1': None}"
GetData ===>> H2,-0.222894497063284,H1,55.3742666752971,AX,11.0126515618188,L1,0.113526199838672,L2,0.075185580...
GetData ===>> H2,-0.234249811541055,H1,55.3527750152822,AX,10.9669824514827,L1,0.132384073766074,L2,-0.01478159...
GetData ===>> H2,-0.187603847724838,H1,55.5590029261019,AX,10.9641633370511,L1,0.170443335344255,L2,0.048623292...
GetData ===>> H2,-0.196058432073102,H1,55.3790498610408,AX,10.9184186893109,L1,0.182523946923968,L2,0.045920716...
GetData ===>> H2,-0.178700058203148,H1,55.2945783371224,AX,10.9655361135542,L1,0.158259653032637,L2,0.097258411...
testing H1>-5.0
evaluate ot="H1.bs>-5.0" t="H1>-5.0", ctx="{'H1': None}"
GetData ===>> H2,-0.158572753397687,H1,55.2476383276068,AX,10.9872081271637,L1,0.102925722529031,L2,0.088185741...
GetData ===>> H2,-0.129606273251246,H1,55.4564556799886,AX,11.0245730637856,L1,0.156331720626147,L2,0.147948973...
GetData ===>> H2,-0.193225815642047,H1,55.3376522931108,AX,10.9149270999243,L1,0.147133729962568,L2,0.040572806...
GetData ===>> H2,-0.223204277650167,H1,55.3331143026795,AX,10.8652123852035,L1,0.144869661048702,L2,0.079695140...
GetData ===>> H2,-0.234656156592998,H1,55.3707174843927,AX,10.9984284326919,L1,0.177540573098945,L2,0.043241022...
testing H1>-5.0
evaluate ot="H1.bs>-5.0" t="H1>-5.0", ctx="{'H1': None}"
GetData ===>> H2,-0.141879720630673,H1,55.3339975230842,AX,10.9017826358359,L1,0.12088932036969,L2,0.0465820997...
GetData ===>> H2,-0.135910324146687,H1,55.3225465872783,AX,10.9547259947088,L1,0.103911509544553,L2,0.084287949...
GetData ===>> H2,-0.243752813836354,H1,55.2770575286909,AX,10.9247651098314,L1,0.130619775950749,L2,0.066425711...
GetData ===>> H2,-0.258135788036084,H1,55.2511384464746,AX,10.9582066798918,L1,0.140188826714656,L2,-0.00242766...
GetData ===>> H2,-0.200995329659867,H1,55.1959390497115,AX,10.9098308174198,L1,0.155480353889777,L2,0.076629591...
testing H1>-5.0
evaluate ot="H1.bs>-5.0" t="H1>-5.0", ctx="{'H1': None}"
00:11:39 -- collecting point 100
GetData ===>> H2,-0.155996667466029,H1,55.2972424411427,AX,10.9473850767284,L1,0.152887995108515,L2,0.116033364...
GetData ===>> H2,-0.161318402732516,H1,55.3236124555367,AX,10.8238813795198,L1,0.145971428686286,L2,0.084253758...
GetData ===>> H2,-0.0869074363431301,H1,55.2497383874175,AX,10.9539416312177,L1,0.17438106051534,L2,0.119122977...
GetData ===>> H2,-0.105470823123663,H1,55.2278720654239,AX,10.9734538988834,L1,0.149816472061085,L2,0.058031589...
GetData ===>> H2,-0.103546436268627,H1,55.2173739091153,AX,10.9505223665222,L1,0.115009257041422,L2,0.030732975...
testing H1>-5.0
evaluate ot="H1.bs>-5.0" t="H1>-5.0", ctx="{'H1': None}"
GetData ===>> H2,-0.120478025424848,H1,55.2856425767777,AX,10.901684640552,L1,0.138104152173101,L2,0.0901119026...
GetData ===>> H2,-0.196618172273318,H1,55.2583520374561,AX,10.8300628334897,L1,0.124066426889713,L2,0.058704460...
GetData ===>> H2,-0.190851987100807,H1,55.301368106148,AX,11.0022259749398,L1,0.146390663375135,L2,0.1297036637...
GetData ===>> H2,-0.184136249540359,H1,55.365157791221,AX,10.9831784254008,L1,0.158708427611291,L2,0.1072325028...
GetData ===>> H2,-0.129721157743279,H1,55.3483126361847,AX,10.8775316525622,L1,0.145611408114484,L2,0.105385792...
testing H1>-5.0
evaluate ot="H1.bs>-5.0" t="H1>-5.0", ctx="{'H1': None}"
GetData ===>> H2,-0.157359755981651,H1,55.2704364761261,AX,10.9370792633403,L1,0.164944692579363,L2,0.039113300...
GetData ===>> H2,-0.173637945412313,H1,55.28171530233,AX,10.9130282151327,L1,0.133327332245492,L2,0.10404068068...
GetData ===>> H2,-0.0460461772251101,H1,55.3152532416562,AX,10.9681591481959,L1,0.119517684420716,L2,0.10954664...
GetData ===>> H2,-0.143787750878152,H1,55.3341802591026,AX,10.918296175395,L1,0.11054384898924,L2,0.02656018977...
GetData ===>> H2,-0.16193820889762,H1,55.1759747875825,AX,10.9196560880461,L1,0.129498078933816,L2,0.0689691847...
testing H1>-5.0
evaluate ot="H1.bs>-5.0" t="H1>-5.0", ctx="{'H1': None}"
GetData ===>> H2,-0.253738789033465,H1,55.409475992235,AX,10.943095968246,L1,0.168208925790543,L2,0.07939883749...
GetData ===>> H2,-0.283759104569659,H1,55.3495919371243,AX,10.8759151237705,L1,0.13515612688219,L2,-0.022177237...
GetData ===>> H2,-0.164361744140337,H1,55.2138138607502,AX,10.8656287180426,L1,0.120530696913794,L2,0.025237705...
GetData ===>> H2,-0.132919037691037,H1,55.2727956623961,AX,10.8282634411934,L1,0.127625640716627,L2,0.088789799...
GetData ===>> H2,-0.0964889155441869,H1,55.2595695613489,AX,10.9548975750201,L1,0.133260902718968,L2,0.07047477...
testing H1>-5.0
evaluate ot="H1.bs>-5.0" t="H1>-5.0", ctx="{'H1': None}"
GetData ===>> H2,-0.161746464206597,H1,55.2531472536672,AX,10.979099891102,L1,0.130896295149449,L2,0.1247780263...
measurement finished
estimated time: 125.829 actual time: :126.399
flush and close file /Users/jan/PychronDev/data/isotopes/01/60c133-6bf0-4d88-947f-271f1b8e9f81.h5
baselines () {'settling_time': 15.0, 'detector': 'H1', 'mass': 34.2, 'ncounts': 60}
%%%%%%%%%%%%%%%%%%%%%%%%%%%%%%%% Baseline
build tables- baseline [Detector(H2), Detector(H1), Detector(AX), Detector(L1), Detector(L2), Detector(CDD)]
add group baseline table H2
add group baseline table H1
add group baseline table AX
add group baseline table L1
add group baseline table L2
add group baseline table CDD
flush and close file /Users/jan/PychronDev/data/isotopes/01/60c133-6bf0-4d88-947f-271f1b8e9f81.h5
detector Detector(H1)
POSITION 34.2 H1
Mapping mass to dac mass func: "parabolic"
H1 map mass coeffs = [-0.00063987  0.15840543  0.57075999]
H1 map mass to dac 34.2 >> 5.23980599104
GetDeflection H1 ===>> 0
GetHighVoltage ===>> 4499.94659342336
positioning 34.2 (5.23977513432) on H1
setting magnet DAC
current  : 5.879115
requested: 5.239775
Delta Dac: 0.639340
Checking detector protection. dv=0.63934
Checking detector "CDD". Protection Threshold: 0.1 (V)
ProtectDetector CDD,On ===>> OK
GetDeflection CDD ===>> 2000
Protected = 2000
SetMagnetDAC 5.23977513432 ===>> OK
Magnet settling time: 0.500
GetMagnetMoving ===>> True
GetMagnetMoving ===>> True
GetMagnetMoving ===>> True
GetMagnetMoving ===>> True
GetMagnetMoving ===>> True
GetMagnetMoving ===>> True
GetMagnetMoving ===>> True
GetMagnetMoving ===>> True
GetMagnetMoving ===>> False
ProtectDetector CDD,Off ===>> OK
GetDeflection CDD ===>> 50
Delaying 15.0s for detectors to settle
Join finished
measuring baseline. ncounts=60
"baseline" increment series count="2" fit count="1" regressing="True"
starting measurement
GetData ===>> H2,-0.249209608347525,H1,0.0184526331408421,AX,-0.0738337511391777,L1,-0.0259340080905924,L2,-0.0...
GetData ===>> H2,-0.201945782355025,H1,-0.0314056184226306,AX,-0.0836168926837512,L1,-0.00560558404115129,L2,-0...
GetData ===>> H2,-0.264030225675595,H1,-0.11955098612566,AX,-0.129725826471337,L1,0.00885052895033437,L2,-0.061...
GetData ===>> H2,-0.285849379378536,H1,-0.033742859992114,AX,-0.0898757326711643,L1,0.0148128842922381,L2,0.002...
testing H1>-5.0
evaluate ot="H1.bs>-5.0" t="H1>-5.0", ctx="{'H1': None}"
GetData ===>> H2,-0.361009370519011,H1,-0.0981743745671391,AX,-0.0202756473452986,L1,-0.00646918129023653,L2,-0...
GetData ===>> H2,-0.281878063227843,H1,-0.085863472845049,AX,-0.0211919137940512,L1,-0.0346400342167759,L2,-0.0...
GetData ===>> H2,-0.223062857131277,H1,-0.0400030595885113,AX,-0.0859466190526302,L1,-0.0159188769124378,L2,-0....
GetData ===>> H2,-0.123387259790259,H1,0.0302528723357788,AX,-0.0161697398610846,L1,-0.026100562905313,L2,-0.09...
GetData ===>> H2,-0.115496377773633,H1,0.000868204431792208,AX,-0.0975944141971351,L1,-0.0388359027001082,L2,-0...
testing H1>-5.0
evaluate ot="H1.bs>-5.0" t="H1>-5.0", ctx="{'H1': None}"
GetData ===>> H2,-0.238258802107455,H1,-0.00214970783327644,AX,-0.0164945072132835,L1,-0.0103376673596904,L2,0....
GetData ===>> H2,-0.370242414562265,H1,-0.0603191810951252,AX,-0.045788704003153,L1,0.0413672256921119,L2,0.012...
GetData ===>> H2,-0.249214988500016,H1,-0.0317991374060743,AX,-0.0719442396166499,L1,-0.0162343245619395,L2,-0....
GetData ===>> H2,-0.202373123002563,H1,0.00994634671369639,AX,-0.0435159939617893,L1,-0.0450043142925723,L2,-0....
GetData ===>> H2,-0.242522787359533,H1,-0.139400137648926,AX,-0.0558181424223308,L1,-0.048955328893308,L2,-0.03...
testing H1>-5.0
evaluate ot="H1.bs>-5.0" t="H1>-5.0", ctx="{'H1': None}"
GetData ===>> H2,-0.258224490042636,H1,-0.0597946382796309,AX,-0.0748654321283457,L1,-0.0529980940091799,L2,0.0...
GetData ===>> H2,-0.273658514858849,H1,-0.0573387876179109,AX,-0.0841616595679576,L1,-0.0461846346887222,L2,0.0...
GetData ===>> H2,-0.334685131994163,H1,0.0270193014079602,AX,-0.145748113727147,L1,-0.0777448811045438,L2,-0.00...
GetData ===>> H2,-0.243842974620064,H1,-0.0285316904498732,AX,-0.0409417378711861,L1,-0.07391942419878,L2,0.015...
GetData ===>> H2,-0.202289543451876,H1,0.0271982786182125,AX,-0.0545775627090248,L1,-0.029282548121438,L2,-0.03...
testing H1>-5.0
evaluate ot="H1.bs>-5.0" t="H1>-5.0", ctx="{'H1': None}"
GetData ===>> H2,-0.225552946352367,H1,-0.119843960366395,AX,-0.012307245055203,L1,0.0426361929070822,L2,-0.055...
GetData ===>> H2,-0.294845493496268,H1,-0.00535837641193453,AX,-0.0868622673794077,L1,0.00322775064930221,L2,-0...
GetData ===>> H2,-0.270960627374049,H1,-0.0620954533909533,AX,-0.0263761956527645,L1,-0.0523497339916006,L2,-0....
GetData ===>> H2,-0.150935955483208,H1,-0.0491482092038307,AX,-0.0300061883728596,L1,-0.0223146540343988,L2,-0....
GetData ===>> H2,-0.105773931701863,H1,-0.0579706384494781,AX,-0.0722572287233905,L1,-0.0143472838077274,L2,0.1...
testing H1>-5.0
evaluate ot="H1.bs>-5.0" t="H1>-5.0", ctx="{'H1': None}"
00:12:44 -- collecting point 25
GetData ===>> H2,-0.235137831462237,H1,-0.0188479729602563,AX,-0.0415447228822174,L1,0.0112796998277019,L2,0.02...
GetData ===>> H2,-0.243180881649138,H1,-0.103727489839289,AX,-0.09134766063487,L1,0.0122111973586131,L2,-0.0256...
GetData ===>> H2,-0.218421935522473,H1,-0.0881040982082524,AX,-0.133351965630983,L1,-0.0348090050828546,L2,-0.0...
GetData ===>> H2,-0.247925023547323,H1,-0.0276969241202128,AX,-0.125531848387305,L1,-0.0245787005519564,L2,0.08...
GetData ===>> H2,-0.33469719187585,H1,-0.0607602717890508,AX,-0.0777517624020494,L1,-0.0270770698124433,L2,-0.0...
testing H1>-5.0
evaluate ot="H1.bs>-5.0" t="H1>-5.0", ctx="{'H1': None}"
GetData ===>> H2,-0.268345425227605,H1,0.0254085209140833,AX,-0.0602122181144244,L1,-0.0190597187511018,L2,-0.1...
GetData ===>> H2,-0.205504215069155,H1,-0.100831805095791,AX,-0.132286149616977,L1,-0.0184110035870446,L2,-0.15...
GetData ===>> H2,-0.278301722758895,H1,-0.0757561986399534,AX,-0.0939089940016815,L1,-0.00596062743339604,L2,-0...
GetData ===>> H2,-0.241977710902644,H1,-0.0554074452477458,AX,-0.0711559662944171,L1,-0.0165749489416636,L2,-0....
GetData ===>> H2,-0.160400109060892,H1,-0.0175002877623285,AX,-0.205881465558339,L1,-0.0124943083478055,L2,-0.0...
testing H1>-5.0
evaluate ot="H1.bs>-5.0" t="H1>-5.0", ctx="{'H1': None}"
GetData ===>> H2,-0.147538013461817,H1,-0.0267786731160456,AX,-0.0825505316562124,L1,-0.0392359882870659,L2,-0....
GetData ===>> H2,-0.312570330963596,H1,-0.0167489155697751,AX,-0.0536963936803176,L1,-0.0738763660546049,L2,-0....
GetData ===>> H2,-0.323002454848638,H1,-0.0192892464709658,AX,0.0075760091925463,L1,-0.0702396535214062,L2,-0.1...
GetData ===>> H2,-0.176450068811335,H1,-0.045165939079994,AX,-0.18381679777764,L1,-0.0310875416563505,L2,-0.006...
GetData ===>> H2,-0.122276942645228,H1,-0.00938994056480775,AX,-0.0502528013526366,L1,0.0180722437275989,L2,-0....
testing H1>-5.0
evaluate ot="H1.bs>-5.0" t="H1>-5.0", ctx="{'H1': None}"
GetData ===>> H2,-0.136036070724147,H1,-0.0543583053739692,AX,-0.0991589371624421,L1,-0.00163688217081893,L2,-0...
GetData ===>> H2,-0.130584781571909,H1,-0.0858992278990332,AX,-0.0218762084267117,L1,-0.043641865425986,L2,0.02...
GetData ===>> H2,-0.196202753280077,H1,-0.0730504225209703,AX,-0.125763564602695,L1,-0.0202695027532,L2,-0.0037...
GetData ===>> H2,-0.17258844516604,H1,-0.0392280084968054,AX,-0.0475395821764112,L1,-0.0336525423450765,L2,-0.0...
GetData ===>> H2,-0.0571629882251839,H1,-0.0301535022722675,AX,-0.104373832016084,L1,-0.0349552045333383,L2,-0....
testing H1>-5.0
evaluate ot="H1.bs>-5.0" t="H1>-5.0", ctx="{'H1': None}"
GetData ===>> H2,-0.0806592108808883,H1,-0.00853115944463561,AX,-0.124801938700934,L1,-0.0238800047244721,L2,0....
GetData ===>> H2,-0.0229276486823118,H1,-0.000658655833052202,AX,-0.0491860746321267,L1,-0.0378104609344099,L2,...
GetData ===>> H2,-0.0747572898936734,H1,-0.0758396355071465,AX,0.0293896175337308,L1,0.00316052036735685,L2,0.0...
GetData ===>> H2,-0.0832602334395642,H1,-0.0587097796420409,AX,-0.0762216702699137,L1,-0.0107968464354702,L2,-0...
GetData ===>> H2,-0.071713656447515,H1,-0.0738728908433515,AX,-0.09244869455308,L1,-0.0270339377665819,L2,-0.00...
testing H1>-5.0
evaluate ot="H1.bs>-5.0" t="H1>-5.0", ctx="{'H1': None}"
00:13:11 -- collecting point 50
GetData ===>> H2,-0.0956492486325145,H1,-0.0807742064900417,AX,-0.118811838031765,L1,0.00190603760194364,L2,-0....
GetData ===>> H2,-0.114829195997413,H1,-0.0652783591049253,AX,-0.00904778334546847,L1,0.00211250631938162,L2,-0...
GetData ===>> H2,-0.14603049213055,H1,-0.0666969249160097,AX,-0.137422950801292,L1,-0.00834844871027355,L2,-0.0...
GetData ===>> H2,-0.160040873935781,H1,-0.0520096228294296,AX,-0.0699851367793493,L1,0.0224753733159494,L2,-0.0...
GetData ===>> H2,-0.231083317766453,H1,-0.13401064602816,AX,-0.111685802701453,L1,-0.0267703490222851,L2,-0.077...
testing H1>-5.0
evaluate ot="H1.bs>-5.0" t="H1>-5.0", ctx="{'H1': None}"
GetData ===>> H2,-0.179870091943947,H1,-0.0447605494023005,AX,-0.0671101688957598,L1,0.0056289405713617,L2,-0.0...
GetData ===>> H2,-0.0497629400483448,H1,-0.00059901329103591,AX,-0.0521891123708591,L1,0.0321055927994041,L2,-0...
GetData ===>> H2,-0.138506099913086,H1,-0.00650345256325553,AX,-0.213551936641711,L1,0.0298671984385728,L2,0.05...
GetData ===>> H2,-0.209687984959154,H1,-0.10093905417341,AX,-0.0337288198400924,L1,-0.00382178131409481,L2,-0.0...
GetData ===>> H2,-0.2823819443687,H1,0.0247164898462106,AX,-0.0287884742764763,L1,-0.0297041814536692,L2,0.0207...
testing H1>-5.0
evaluate ot="H1.bs>-5.0" t="H1>-5.0", ctx="{'H1': None}"
GetData ===>> H2,-0.267408589176384,H1,-0.0140892512200839,AX,-0.115648637995223,L1,-0.033801009743693,L2,-0.09...
measurement finished
estimated time: 62.915 actual time: :63.258
flush and close file /Users/jan/PychronDev/data/isotopes/01/60c133-6bf0-4d88-947f-271f1b8e9f81.h5
activate_detectors ('H1', 'AX', 'CDD') {'peak_center': True}
peak_center () {'detector': 'H1', 'integration_time': 0.262144, 'isotope': 'Ar40'}
peak center: mean=55.2865517858 threshold=3
peak center started
setup peak center. detector=['H1', 'AX', 'CDD'], isotope=Ar40
VersionedUnpickler [<apptools.sweet_pickle.versioned_unpickler.VersionedUnpickler object at 0x1667bd830>] using Updater [<apptools.sweet_pickle.updater.Updater object at 0x135230b30>]
VersionedUnpickler [<apptools.sweet_pickle.versioned_unpickler.VersionedUnpickler object at 0x1667bd830>] using Updater [<apptools.sweet_pickle.updater.Updater object at 0x135230b30>]
VersionedUnpickler [<apptools.sweet_pickle.versioned_unpickler.VersionedUnpickler object at 0x1824ea770>] using Updater [<apptools.sweet_pickle.updater.Updater object at 0x135230b30>]
setting integration time = 0.524288
SetIntegrationTime 0.524288 ===>> OK
Mapping mass to dac mass func: "parabolic"
H1 map mass coeffs = [-0.00063987  0.15840543  0.57075999]
H1 map mass to dac 39.9624 >> 5.87915
GetDeflection H1 ===>> 0
GetHighVoltage ===>> 4499.94659342336
do peak center. <pychron.spectrometer.jobs.peak_center.PeakCenter object at 0x1352309b0>
doing pc
starting peak center. center dac= 5.87911537824 step_width=0.001
width = 0.001
get scan parameters. half-width=0.015,window=0.015, i=0, scalar=1
Scan parameters center=5.87912 width=0.03000 (5.86412 - 5.89412)
GetData ===>> H2,-0.242455495393442,H1,-0.0189076046294588,AX,-0.181382888144637,L1,-0.0288141790057538,L2,-0.0...
Moving to starting dac 5.86411537824
setting magnet DAC
current  : 5.239775
requested: 5.864115
Delta Dac: 0.624340
Checking detector protection. dv=0.62434
Checking detector "CDD". Protection Threshold: 0.1 (V)
ProtectDetector CDD,On ===>> OK
GetDeflection CDD ===>> 2000
Protected = 2000
SetMagnetDAC 5.86411537824 ===>> OK
Magnet settling time: 0.500
GetMagnetMoving ===>> True
GetMagnetMoving ===>> True
GetMagnetMoving ===>> True
GetMagnetMoving ===>> True
GetMagnetMoving ===>> True
GetMagnetMoving ===>> True
GetMagnetMoving ===>> True
GetMagnetMoving ===>> True
GetMagnetMoving ===>> False
ProtectDetector CDD,Off ===>> OK
GetDeflection CDD ===>> 50
Wait until signal near baseline. tol= -0.0141807034721. timeout= 10
GetData ===>> H2,0.222283733503629,H1,0.254500091581256,AX,-0.0718630941283043,L1,-0.007477817058465,L2,0.05909...
GetData ===>> H2,3.36294322497629,H1,1.74267423777061,AX,0.0851796589567245,L1,-0.0485460562965598,L2,-0.066088...
GetData ===>> H2,2.97767854049695,H1,1.59108662259084,AX,0.0706482601630652,L1,-0.0754084046627047,L2,-0.055232...
GetData ===>> H2,1.43709973408186,H1,0.784519043473853,AX,-0.0694982530317466,L1,-0.0512096193976868,L2,0.06670...
GetData ===>> H2,0.481804936342633,H1,0.378832951031583,AX,-0.0758275517328656,L1,-0.0471146677884696,L2,-0.240...
GetData ===>> H2,0.0782754420478534,H1,0.129224513337012,AX,0.0519483590972565,L1,-0.0488572007260097,L2,0.0376...
GetData ===>> H2,-0.0925973362151385,H1,0.0614365372699989,AX,-0.0706574960448626,L1,-0.0268872451398823,L2,-0....
GetData ===>> H2,-0.118995395164478,H1,0.043892293101311,AX,-0.106424947396647,L1,-0.0247779843421332,L2,-0.064...
GetData ===>> H2,-0.0778651583756767,H1,0.117923777078244,AX,-0.0984983638681227,L1,-0.0758102121285173,L2,-0.0...
GetData ===>> H2,-0.0938207732032793,H1,0.100879719750169,AX,-0.0442233226736333,L1,-0.0843854416224638,L2,0.04...
GetData ===>> H2,-0.111357323483814,H1,0.0463268208380498,AX,0.0641364868235305,L1,-0.0423115635623671,L2,-0.03...
GetData ===>> H2,-0.145097068611552,H1,0.112774497346702,AX,-0.191537061898007,L1,0.0109154432938001,L2,0.01924...
GetData ===>> H2,-0.166445974871457,H1,-0.00917524597554547,AX,-0.143499802727329,L1,0.0307033842587446,L2,0.05...
GetData ===>> H2,-0.0768649863487147,H1,-0.0818826636007184,AX,-0.0265037695773051,L1,0.0152379630577529,L2,-0....
Peak center baseline intensity achieved
_do_sweep sm= 5.86411537824, em= 5.89411537824, stm= 0.001
calculated step values: start=5.86411537824, end=5.89411537824, width=0.001, nsteps=31.0
setting magnet DAC
current  : 5.864115
requested: 5.864115
Delta Dac: 0.000000
Checking detector protection. dv=0.00000
Checking detector "CDD". Protection Threshold: 0.1 (V)
SetMagnetDAC 5.86411537824 ===>> OK
GetData ===>> H2,-0.0768649863487147,H1,-0.0818826636007184,AX,-0.0265037695773051,L1,0.0152379630577529,L2,-0....
setting magnet DAC
current  : 5.864115
requested: 5.865150
Delta Dac: 0.001034
Checking detector protection. dv=0.00103
Checking detector "CDD". Protection Threshold: 0.1 (V)
SetMagnetDAC 5.865149861 ===>> OK
Magnet settling time: 1.049
GetData ===>> H2,-0.165366110437373,H1,-0.113128950152519,AX,-0.0481889064715519,L1,-0.00228364251890645,L2,-0....
setting magnet DAC
current  : 5.865150
requested: 5.866184
Delta Dac: 0.001034
Checking detector protection. dv=0.00103
Checking detector "CDD". Protection Threshold: 0.1 (V)
SetMagnetDAC 5.86618434375 ===>> OK
Magnet settling time: 1.049
GetData ===>> H2,-0.21136510055793,H1,0.193262252776516,AX,0.0568836718746406,L1,-0.00257881061557283,L2,-0.006...
setting magnet DAC
current  : 5.866184
requested: 5.867219
Delta Dac: 0.001034
Checking detector protection. dv=0.00103
Checking detector "CDD". Protection Threshold: 0.1 (V)
SetMagnetDAC 5.86721882651 ===>> OK
Magnet settling time: 1.049
GetData ===>> H2,-0.234119629385584,H1,1.00295454916235,AX,-0.0918228452226036,L1,0.0159649617691202,L2,-0.0842...
setting magnet DAC
current  : 5.867219
requested: 5.868253
Delta Dac: 0.001034
Checking detector protection. dv=0.00103
Checking detector "CDD". Protection Threshold: 0.1 (V)
SetMagnetDAC 5.86825330927 ===>> OK
Magnet settling time: 1.049
GetData ===>> H2,-0.188988917241115,H1,3.40444688888402,AX,0.347697160886773,L1,0.00330458580675092,L2,-0.02714...
setting magnet DAC
current  : 5.868253
requested: 5.869288
Delta Dac: 0.001034
Checking detector protection. dv=0.00103
Checking detector "CDD". Protection Threshold: 0.1 (V)
SetMagnetDAC 5.86928779203 ===>> OK
Magnet settling time: 1.049
GetData ===>> H2,-0.305194219752573,H1,9.5188980320503,AX,1.19532342521339,L1,0.0346617906172403,L2,0.051345407...
setting magnet DAC
current  : 5.869288
requested: 5.870322
Delta Dac: 0.001034
Checking detector protection. dv=0.00103
Checking detector "CDD". Protection Threshold: 0.1 (V)
SetMagnetDAC 5.87032227479 ===>> OK
Magnet settling time: 1.049
GetData ===>> H2,-0.296555285395667,H1,27.0489507966463,AX,4.00471195331846,L1,0.027923574579561,L2,0.005875761...
setting magnet DAC
current  : 5.870322
requested: 5.871357
Delta Dac: 0.001034
Checking detector protection. dv=0.00103
Checking detector "CDD". Protection Threshold: 0.1 (V)
SetMagnetDAC 5.87135675755 ===>> OK
Magnet settling time: 1.049
GetData ===>> H2,-0.0985427626022459,H1,40.4314669259843,AX,6.72293845290089,L1,0.0363999424305066,L2,-0.080106...
setting magnet DAC
current  : 5.871357
requested: 5.872391
Delta Dac: 0.001034
Checking detector protection. dv=0.00103
Checking detector "CDD". Protection Threshold: 0.1 (V)
SetMagnetDAC 5.87239124031 ===>> OK
Magnet settling time: 1.049
GetData ===>> H2,-0.1372469365459,H1,48.8194620340657,AX,8.74629455116971,L1,0.0656158762625825,L2,0.0338930782...
setting magnet DAC
current  : 5.872391
requested: 5.873426
Delta Dac: 0.001034
Checking detector protection. dv=0.00103
Checking detector "CDD". Protection Threshold: 0.1 (V)
SetMagnetDAC 5.87342572306 ===>> OK
Magnet settling time: 1.049
GetData ===>> H2,-0.319897353679292,H1,52.6305196563335,AX,9.91515438089574,L1,0.0810295335484509,L2,-0.0358844...
setting magnet DAC
current  : 5.873426
requested: 5.874460
Delta Dac: 0.001034
Checking detector protection. dv=0.00103
Checking detector "CDD". Protection Threshold: 0.1 (V)
SetMagnetDAC 5.87446020582 ===>> OK
Magnet settling time: 1.049
GetData ===>> H2,-0.335442199488553,H1,53.8476325006455,AX,10.1997494223334,L1,0.116055612755609,L2,0.030020277...
setting magnet DAC
current  : 5.874460
requested: 5.875495
Delta Dac: 0.001034
Checking detector protection. dv=0.00103
Checking detector "CDD". Protection Threshold: 0.1 (V)
SetMagnetDAC 5.87549468858 ===>> OK
Magnet settling time: 1.049
GetData ===>> H2,-0.1944594416339,H1,54.0955563924582,AX,10.4865740533642,L1,0.0989316709394746,L2,0.0525074904...
setting magnet DAC
current  : 5.875495
requested: 5.876529
Delta Dac: 0.001034
Checking detector protection. dv=0.00103
Checking detector "CDD". Protection Threshold: 0.1 (V)
SetMagnetDAC 5.87652917134 ===>> OK
Magnet settling time: 1.049
GetData ===>> H2,-0.230516406780119,H1,54.0226217875124,AX,10.4955617266065,L1,0.112338945239812,L2,0.034667657...
setting magnet DAC
current  : 5.876529
requested: 5.877564
Delta Dac: 0.001034
Checking detector protection. dv=0.00103
Checking detector "CDD". Protection Threshold: 0.1 (V)
SetMagnetDAC 5.8775636541 ===>> OK
Magnet settling time: 1.049
GetData ===>> H2,-0.241736792182736,H1,54.074622787457,AX,10.5158112996754,L1,0.140734267964727,L2,-0.034837218...
setting magnet DAC
current  : 5.877564
requested: 5.878598
Delta Dac: 0.001034
Checking detector protection. dv=0.00103
Checking detector "CDD". Protection Threshold: 0.1 (V)
SetMagnetDAC 5.87859813686 ===>> OK
Magnet settling time: 1.049
GetData ===>> H2,-0.220227454510704,H1,54.1498604734192,AX,10.5260475261957,L1,0.128113877227854,L2,-0.05789566...
setting magnet DAC
current  : 5.878598
requested: 5.879633
Delta Dac: 0.001034
Checking detector protection. dv=0.00103
Checking detector "CDD". Protection Threshold: 0.1 (V)
SetMagnetDAC 5.87963261962 ===>> OK
Magnet settling time: 1.049
GetData ===>> H2,-0.150624275833412,H1,54.086952293914,AX,10.5367001493299,L1,0.121116334371363,L2,-0.032492366...
setting magnet DAC
current  : 5.879633
requested: 5.880667
Delta Dac: 0.001034
Checking detector protection. dv=0.00103
Checking detector "CDD". Protection Threshold: 0.1 (V)
SetMagnetDAC 5.88066710237 ===>> OK
Magnet settling time: 1.049
GetData ===>> H2,-0.149828286573632,H1,54.129342199272,AX,10.4729719261302,L1,0.149485320466911,L2,0.0502061245...
setting magnet DAC
current  : 5.880667
requested: 5.881702
Delta Dac: 0.001034
Checking detector protection. dv=0.00103
Checking detector "CDD". Protection Threshold: 0.1 (V)
SetMagnetDAC 5.88170158513 ===>> OK
Magnet settling time: 1.049
GetData ===>> H2,-0.187307634150376,H1,54.0865584582686,AX,10.4465054515957,L1,0.145299722772221,L2,0.009838688...
setting magnet DAC
current  : 5.881702
requested: 5.882736
Delta Dac: 0.001034
Checking detector protection. dv=0.00103
Checking detector "CDD". Protection Threshold: 0.1 (V)
SetMagnetDAC 5.88273606789 ===>> OK
Magnet settling time: 1.049
GetData ===>> H2,-0.133410358869374,H1,53.9026191713188,AX,10.3667167085429,L1,0.147957812174656,L2,-0.02850826...
setting magnet DAC
current  : 5.882736
requested: 5.883771
Delta Dac: 0.001034
Checking detector protection. dv=0.00103
Checking detector "CDD". Protection Threshold: 0.1 (V)
SetMagnetDAC 5.88377055065 ===>> OK
Magnet settling time: 1.049
GetData ===>> H2,-0.186588162686731,H1,53.5934148754237,AX,10.1653300810589,L1,0.11533630701754,L2,0.1510396173...
setting magnet DAC
current  : 5.883771
requested: 5.884805
Delta Dac: 0.001034
Checking detector protection. dv=0.00103
Checking detector "CDD". Protection Threshold: 0.1 (V)
SetMagnetDAC 5.88480503341 ===>> OK
Magnet settling time: 1.049
GetData ===>> H2,-0.249236509084339,H1,52.6185587125701,AX,9.96164604921529,L1,0.147008069349588,L2,-0.00339320...
setting magnet DAC
current  : 5.884805
requested: 5.885840
Delta Dac: 0.001034
Checking detector protection. dv=0.00103
Checking detector "CDD". Protection Threshold: 0.1 (V)
SetMagnetDAC 5.88583951617 ===>> OK
Magnet settling time: 1.049
GetData ===>> H2,-0.144451872267512,H1,48.7998775019745,AX,8.88778559364149,L1,0.104451581216565,L2,0.103265539...
setting magnet DAC
current  : 5.885840
requested: 5.886874
Delta Dac: 0.001034
Checking detector protection. dv=0.00103
Checking detector "CDD". Protection Threshold: 0.1 (V)
SetMagnetDAC 5.88687399893 ===>> OK
Magnet settling time: 1.049
GetData ===>> H2,-0.262015177111153,H1,40.2158126737901,AX,6.34402098545537,L1,0.0877010835650857,L2,0.05909289...
setting magnet DAC
current  : 5.886874
requested: 5.887908
Delta Dac: 0.001034
Checking detector protection. dv=0.00103
Checking detector "CDD". Protection Threshold: 0.1 (V)
SetMagnetDAC 5.88790848169 ===>> OK
Magnet settling time: 1.049
GetData ===>> H2,-0.310326149435553,H1,27.2133022497061,AX,3.68014241133711,L1,0.0945636755326363,L2,0.01758281...
setting magnet DAC
current  : 5.887908
requested: 5.888943
Delta Dac: 0.001034
Checking detector protection. dv=0.00103
Checking detector "CDD". Protection Threshold: 0.1 (V)
SetMagnetDAC 5.88894296444 ===>> OK
Magnet settling time: 1.049
GetData ===>> H2,-0.33263342387632,H1,14.0735442945975,AX,1.67612842068078,L1,0.00796606420443549,L2,-0.1359384...
setting magnet DAC
current  : 5.888943
requested: 5.889977
Delta Dac: 0.001034
Checking detector protection. dv=0.00103
Checking detector "CDD". Protection Threshold: 0.1 (V)
SetMagnetDAC 5.8899774472 ===>> OK
Magnet settling time: 1.049
GetData ===>> H2,-0.203226407917302,H1,5.2595441961967,AX,0.503601250565408,L1,-0.0120867518030469,L2,-0.081744...
setting magnet DAC
current  : 5.889977
requested: 5.891012
Delta Dac: 0.001034
Checking detector protection. dv=0.00103
Checking detector "CDD". Protection Threshold: 0.1 (V)
SetMagnetDAC 5.89101192996 ===>> OK
Magnet settling time: 1.049
GetData ===>> H2,-0.254943395700479,H1,0.91759773028508,AX,-0.0114024943856724,L1,0.014170353741636,L2,-0.14152...
setting magnet DAC
current  : 5.891012
requested: 5.892046
Delta Dac: 0.001034
Checking detector protection. dv=0.00103
Checking detector "CDD". Protection Threshold: 0.1 (V)
SetMagnetDAC 5.89204641272 ===>> OK
Magnet settling time: 1.049
GetData ===>> H2,-0.305985343642636,H1,0.115301425616132,AX,-0.0814146124890343,L1,-0.0194154539340064,L2,-0.07...
setting magnet DAC
current  : 5.892046
requested: 5.893081
Delta Dac: 0.001034
Checking detector protection. dv=0.00103
Checking detector "CDD". Protection Threshold: 0.1 (V)
SetMagnetDAC 5.89308089548 ===>> OK
Magnet settling time: 1.049
GetData ===>> H2,-0.178525338881719,H1,0.0143723887219728,AX,-0.0275243549541177,L1,0.00949100120096576,L2,-0.0...
setting magnet DAC
current  : 5.893081
requested: 5.894115
Delta Dac: 0.001034
Checking detector protection. dv=0.00103
Checking detector "CDD". Protection Threshold: 0.1 (V)
SetMagnetDAC 5.89411537824 ===>> OK
Magnet settling time: 1.049
GetData ===>> H2,-0.0739723950912032,H1,-0.125472238408775,AX,0.0838817105869312,L1,-0.0459033335892895,L2,0.04...
result of _do_sweep=True
result of _calculate_peak_center=([5.8713422457651063, 5.8791205610162987, 5.8868988762674901], [40.208704528230868, 54.148095514475145, 39.894272451972505], 5.8786271604220062, 54.148095514475145)
Failed to find a valid peak. No peak greater than 1.0. max = 0.0458506808908
new center pos Detector(H1) (Ar40) @ 5.87912056102
GetHighVoltage ===>> 4499.94659342336
GetDeflection H1 ===>> 0
dac uncorrected for HV and deflection 5.87915518281
update mftable H1 Ar40 5.87915518281 message=automated run peakcenter
get initial guess parabolic
get initial guess parabolic
get initial guess parabolic
get initial guess parabolic
get initial guess parabolic
get initial guess parabolic
dump mftable to /Users/jan/PychronDev/setupfiles/spectrometer/mftables/mftable.csv
add to repo msg=modified - automated run peakcenter
locally archiving mftable
setting magnet DAC
current  : 5.894115
requested: 5.879121
Delta Dac: 0.014995
Checking detector protection. dv=0.01499
Checking detector "CDD". Protection Threshold: 0.1 (V)
SetMagnetDAC 5.87912056102 ===>> OK
Magnet settling time: 0.500
sweep finished
setting integration time = 1.048576
SetIntegrationTime 1.048576 ===>> OK
Failed to find a valid peak. No peak greater than 1.0. max = 0.0458506808908
flush and close file /Users/jan/PychronDev/data/isotopes/01/60c133-6bf0-4d88-947f-271f1b8e9f81.h5
finished measure script
executed snippet estimated_duration=226.132928, duration=269.78885603
jan_unknown120_60.py completed successfully
Measurement Finished
00:14:05 -- ******* Measurement Finished *******
Post Measurement Started jan_pump_ms.py
00:14:05 -- ******* Post Measurement Started jan_pump_ms.py *******
testing...
no interpolation path defined
executed snippet estimated_duration=0, duration=2.59876251221e-05
Pumping spectrometer
open () {'name': 'O'}
opening name=O desc=---
checking ownership. requestor=129.138.12.150
check software interlocks O
interlocks []
actuate state mode=None-script, software_lock=False
doing actuation None-script open_channel True
Open O ===>> OK
GetIndicatorState O ===>> OK
change switch state (True, True)
update switch state O True args=() kw={} ncanvase=2
00:14:05 -- OPEN   VALVE-O (Jan Ion Pump)
---------------------------------------- open O () result=[(True, True)], time=0.12 sec
action=open, ok=True, locked=[False]
executed snippet estimated_duration=0, duration=0.374099969864
jan_pump_ms.py completed successfully
setting _ms_pumptime
Post Measurement Finished
00:14:06 -- ******* Post Measurement Finished *******
$$$$$$$$$$$$$$$$$$$$ state at run end measurement
state changed from measurement to success
post measurement save measured=True aborted=False
Set filtering
setting fod for Ar40= {'filter_outliers': True, 'std_devs': 2, 'iterations': 1}
setting fod for H1= {'filter_outliers': True, 'std_devs': 2, 'iterations': 1}
setting fod for PM41= {'filter_outliers': False, 'std_devs': 2, 'iterations': 1}
setting fod for H2= {'filter_outliers': True, 'std_devs': 2, 'iterations': 1}
setting fod for Ar36= {'filter_outliers': True, 'std_devs': 2, 'iterations': 1}
setting fod for CDD= {'filter_outliers': True, 'std_devs': 10, 'iterations': 1}
setting fod for Ar37= {'filter_outliers': True, 'std_devs': 2, 'iterations': 1}
setting fod for L2= {'filter_outliers': True, 'std_devs': 2, 'iterations': 1}
setting fod for Ar38= {'filter_outliers': True, 'std_devs': 2, 'iterations': 1}
setting fod for L1= {'filter_outliers': True, 'std_devs': 2, 'iterations': 1}
setting fod for Ar39= {'filter_outliers': True, 'std_devs': 2, 'iterations': 1}
setting fod for AX= {'filter_outliers': True, 'std_devs': 2, 'iterations': 1}
persistence save...
persistence save - db
post measurement save
6595288624 connecting to database sqlite:////Users/jan/PychronDev/.appdata/local_lab.db
connected to db sqlite:////Users/jan/PychronDev/.appdata/local_lab.db
create new session 6595288624
close session 6595288624
No database instance. Not saving post measurement to isotopedb database
$$$$$$$$$$$$$$$ auto_save_detector_ic=False
massspec enabled True
create new session 4985539184
MassSpec Database Version: 16.0
close session 4985539184
saving post measurement to secondary database
saving to massspec database 129.138.12.160/massspecdata
setting labnumber to 65580
setting aliquot to 3
setting step to A
setting uuid to 0160c133-6bf0-4d88-947f-271f1b8e9f81
setting irradpos to 65580
setting extract_device to Fusions CO2
setting tray to 
setting position to 191
setting power_requested to 0.3
setting extract_value to 0.3
setting duration to 30.0
setting duration_at_request to 30.0
setting first_stage_delay to 30.0
setting cleanup to 30.0
setting comment to O:3 with inclusions
setting irradiation to NM-289
setting level to O
setting irradiation_level to O
setting sample to Bw-2014-12 W
setting material to Sanidine
setting project to Bustos Wells
setting mass_spectrometer to Jan
no attribute chron_dosages
no attribute production_ratios
no attribute interference_corrections
no attribute production_name
no attribute j
Reference Isotope=Ar40
Reference Detector=H1
%%%%%%%%%%%%%%%%%%%% Comment: O:3 with inclusions %%%%%%%%%%%%%%%%%%%
adding isotope PM41 H2
add baseline dbdet= PM41. original det= H2
get baseline data PM41 H2
Get data baseline <pychron.processing.isotope.Baseline object at 0x17d8efe10> len t=60
baseline PM41. v=-0.203326798291, e=0.0102459219072
get signal data PM41 H2
Get data signal PM41 0.04+/-0.06 len t=120
adding isotope Ar40 H1
add baseline dbdet= Ar40. original det= H1
get baseline data Ar40 H1
Get data baseline <pychron.processing.isotope.Baseline object at 0x17d8ef550> len t=60
baseline Ar40. v=-0.0409859437056, e=0.0051407590675
get signal data Ar40 H1
Get data signal Ar40 55.907+/-0.014 len t=120
adding isotope Ar39 AX
add baseline dbdet= Ar39. original det= AX
get baseline data Ar39 AX
Get data baseline <pychron.processing.isotope.Baseline object at 0x17d8ef210> len t=60
baseline Ar39. v=-0.0709232140832, e=0.0051266675996
get signal data Ar39 AX
Get data signal Ar39 11.329+/-0.010 len t=120
adding isotope Ar38 L1
add baseline dbdet= Ar38. original det= L1
get baseline data Ar38 L1
Get data baseline <pychron.processing.isotope.Baseline object at 0x17d8efc90> len t=60
baseline Ar38. v=-0.0174809789637, e=0.00298757305136
get signal data Ar38 L1
Get data signal Ar38 0.171+/-0.005 len t=120
adding isotope Ar37 L2
add baseline dbdet= Ar37. original det= L2
get baseline data Ar37 L2
Get data baseline <pychron.processing.isotope.Baseline object at 0x17d8efa90> len t=60
baseline Ar37. v=-0.0365566849132, e=0.00573762281873
get signal data Ar37 L2
Get data signal Ar37 0.099+/-0.009 len t=120
adding isotope Ar36 CDD
add baseline dbdet= Ar36. original det= CDD
get baseline data Ar36 CDD
Get data baseline <pychron.processing.isotope.Baseline object at 0x17d8ef050> len t=60
baseline Ar36. v=1.98487214936e-05, e=6.58814593146e-06
get signal data Ar36 CDD
Get data signal Ar36 0.0444+/-0.0006 len t=120
65580-03A added analysis time 0.460056066513s
analysis added to mass spec database
mass spec save time= 0.470
persistence save - dvc
================= post measurement started
create new session 4989601072
close session 4989601072
---------------- Experiment Queue saving disabled
DVC saving peakcenter
Failed to find a valid peak. No peak greater than 1.0. max = 0.0458506808908
Smart pull ahead: 0 behind: 0
Up-to-date with origin
add to repo msg=modified - ad8224ebc6dbfeb9f5997218dfa5fe690569839d.json
add to repo msg=modified - 80-03A.json
add to repo msg=modified - 80-03A.dat.json
add to repo msg=modified - 80-03A.blan.json
add to repo msg=modified - 80-03A.inte.json
add to repo msg=modified - 80-03A.icfa.json
add to repo msg=modified - 80-03A.base.json
not at valid file /Users/jan/PychronDev/data/.dvc/repositories/Load1789/655/tags/80-03A.tags.json
add to repo msg=modified - 80-03A.peak.json
add to repo msg=modified - 80-03A.extr.json
not at valid file /Users/jan/PychronDev/data/.dvc/repositories/Load1789/655/monitor/80-03A.moni.json
commit message=<COLLECTION>
add to repo msg=modified - 80-03A.inte.json
add to repo msg=modified - 80-03A.base.json
commit message=<ISOEVO> default collection fits
add to repo msg=modified - 80-03A.blan.json
commit message=<BLANKS> preceding bc-02-J-359
add to repo msg=modified - 80-03A.icfa.json
commit message=<ICFactor> default
push repository <pychron.git_archive.repo_manager.GitRepoManager object at 0x183730410>
pushing to remote=origin, url=https://github.com
no changes to meta repo
create new session 4989601072
add association Load1789
get identifier "65580"
setting analysis irradiation position=<pychron.dvc.dvc_orm.IrradiationPositionTbl object at 0x18c2cde50>
close session 4989601072
================= post measurement finished
00:14:19 -- ******* Post Run Check *******
loading queue conditionals post_run_actions
loading system conditionals post_run_actions
loading conditionals from /Users/jan/PychronDev/setupfiles/spectrometer/default_conditionals.yaml
loading queue conditionals post_run_terminations
loading system conditionals post_run_terminations
loading conditionals from /Users/jan/PychronDev/setupfiles/spectrometer/default_conditionals.yaml
Checking default post run terminations n=1
GetDeflection CDD ===>> 50
testing CDD==2000
evaluate ot="CDD.deflection==2000" t="CDD==2000", ctx="{'CDD': 50.0}"
00:14:19 -- ******* Post Run Check Passed *******
00:14:19 -- Automated run 65580-03A success duration: 361.614 s
----------------- finish -----------------
----------------- stop -----------------
retroactive repository identifiers disabled
finish run. runs completed=107
update duration runid=65580-03A, duration=361.614417076, md5=301e91d8
loading script "jan_unknown120_60.py"
loading script "jan_pump_ms.py"
loading script "jan_co2.py"
loading script "jan_pump_extraction_line.py"
testing...
no interpolation path defined
executed snippet estimated_duration=213.652928, duration=0.000205993652344
script duration name:unknown120_60 seconds:214.0
loading script "jan_unknown120_60.py"
loading script "jan_pump_ms.py"
loading script "jan_co2.py"
loading script "jan_pump_extraction_line.py"
testing...
no interpolation path defined
executed snippet estimated_duration=0, duration=4.10079956055e-05
loading script "jan_unknown120_60.py"
loading script "jan_pump_ms.py"
loading script "jan_co2.py"
loading script "jan_pump_extraction_line.py"
testing...
no interpolation path defined
calculate duration
testing...
no interpolation path defined
executed snippet estimated_duration=0, duration=8.51154327393e-05
calculate duration
testing...
no interpolation path defined
executed snippet estimated_duration=0, duration=0.000135898590088
executed snippet estimated_duration=0.0, duration=0.00307297706604
script duration name:co2 seconds:0.0
loading script "jan_unknown120_60.py"
loading script "jan_pump_ms.py"
loading script "jan_co2.py"
loading script "jan_pump_extraction_line.py"
testing...
no interpolation path defined
calculate duration
testing...
no interpolation path defined
executed snippet estimated_duration=4.0, duration=0.000150918960571
executed snippet estimated_duration=4.0, duration=0.00132608413696
Script duration 214.0
Run total estimated duration= 215.000
unknown120_60 in script context. using previous estimated duration
script duration name:unknown120_60 seconds:214.0
pump_ms in script context. using previous estimated duration
co2 in script context. using previous estimated duration
script duration name:co2 seconds:0.0
pump_extraction_line in script context. using previous estimated duration
Script duration 214.0
Run total estimated duration= 215.000
script duration name:unknown120_60 seconds:214.0
script duration name:co2 seconds:0.0
Script duration 214.0
Run total estimated duration= 215.000
loading script "jan_unknown400_120.py"
loading script "jan_pump_ms.py"
loading script "jan_co2.py"
loading script "jan_pump_extraction_line.py"
testing...
no interpolation path defined
executed snippet estimated_duration=556.052928, duration=0.000147104263306
script duration name:unknown400_120 seconds:556.0
script duration name:co2 seconds:0.0
Script duration 556.0
Run total estimated duration= 557.000
script duration name:unknown120_60 seconds:214.0
script duration name:co2 seconds:0.0
Script duration 214.0
Run total estimated duration= 215.000
script duration name:unknown120_60 seconds:214.0
script duration name:co2 seconds:0.0
Script duration 214.0
Run total estimated duration= 215.000
script duration name:unknown120_60 seconds:214.0
script duration name:co2 seconds:0.0
Script duration 214.0
Run total estimated duration= 215.000
script duration name:unknown120_60 seconds:214.0
script duration name:co2 seconds:0.0
Script duration 214.0
Run total estimated duration= 215.000
unknown400_120 in script context. using previous estimated duration
script duration name:unknown400_120 seconds:556.0
loading script "jan_unknown400_120.py"
loading script "jan_pump_ms.py"
loading script "jan_sniffair_x2.py"
loading script "jan_pump_extraction_line.py"
testing...
no interpolation path defined
calculate duration
testing...
no interpolation path defined
executed snippet estimated_duration=0, duration=4.6968460083e-05
calculate duration
testing...
no interpolation path defined
executed snippet estimated_duration=0, duration=9.89437103271e-05
calculate duration
testing...
no interpolation path defined
executed snippet estimated_duration=32.0, duration=8.79764556885e-05
calculate duration
testing...
no interpolation path defined
executed snippet estimated_duration=34.0, duration=9.89437103271e-05
calculate duration
testing...
no interpolation path defined
executed snippet estimated_duration=4.0, duration=6.41345977783e-05
calculate duration
testing...
no interpolation path defined
executed snippet estimated_duration=36.0, duration=9.20295715332e-05
calculate duration
testing...
no interpolation path defined
executed snippet estimated_duration=34.0, duration=0.000102996826172
calculate duration
testing...
no interpolation path defined
executed snippet estimated_duration=4.0, duration=6.31809234619e-05
calculate duration
testing...
no interpolation path defined
executed snippet estimated_duration=36.0, duration=0.000140905380249
calculate duration
testing...
no interpolation path defined
executed snippet estimated_duration=70.0, duration=9.70363616943e-05
executed snippet estimated_duration=250.0, duration=0.0137751102448
script duration name:sniffair_x2 seconds:250.0
Script duration 806.0
Run total estimated duration= 807.000
script duration name:unknown400_120 seconds:556.0
sniffair_x2 in script context. using previous estimated duration
script duration name:sniffair_x2 seconds:250.0
Script duration 806.0
Run total estimated duration= 807.000
loading script "jan_ic_peak_hop3.py"
loading script "jan_pump_ms.py"
loading script "jan_air_x1.py"
loading script "jan_pump_extraction_line.py"
testing...
no interpolation path defined
executed snippet estimated_duration=133.8, duration=0.00706601142883
script duration name:ic_peak_hop3 seconds:134.0
loading script "jan_ic_peak_hop3.py"
loading script "jan_pump_ms.py"
loading script "jan_air_x1.py"
loading script "jan_pump_extraction_line.py"
testing...
no interpolation path defined
calculate duration
testing...
no interpolation path defined
executed snippet estimated_duration=0, duration=4.6968460083e-05
calculate duration
testing...
no interpolation path defined
executed snippet estimated_duration=0, duration=0.000100135803223
calculate duration
testing...
no interpolation path defined
executed snippet estimated_duration=32.0, duration=9.10758972168e-05
calculate duration
testing...
no interpolation path defined
executed snippet estimated_duration=34.0, duration=0.00010085105896
calculate duration
testing...
no interpolation path defined
executed snippet estimated_duration=4.0, duration=6.07967376709e-05
calculate duration
testing...
no interpolation path defined
executed snippet estimated_duration=36.0, duration=9.10758972168e-05
executed snippet estimated_duration=106.0, duration=0.00697612762451
script duration name:air_x1 seconds:106.0
Script duration 240.0
Run total estimated duration= 241.000
script duration name:unknown120_60 seconds:214.0
script duration name:co2 seconds:0.0
Script duration 214.0
Run total estimated duration= 215.000
script duration name:unknown120_60 seconds:214.0
script duration name:co2 seconds:0.0
Script duration 214.0
Run total estimated duration= 215.000
script duration name:unknown120_60 seconds:214.0
script duration name:co2 seconds:0.0
Script duration 214.0
Run total estimated duration= 215.000
script duration name:unknown120_60 seconds:214.0
script duration name:co2 seconds:0.0
Script duration 214.0
Run total estimated duration= 215.000
script duration name:unknown120_60 seconds:214.0
script duration name:co2 seconds:0.0
Script duration 214.0
Run total estimated duration= 215.000
script duration name:unknown400_120 seconds:556.0
loading script "jan_unknown400_120.py"
loading script "jan_pump_ms.py"
loading script "jan_cocktail_x1.py"
loading script "jan_pump_extraction_line.py"
testing...
no interpolation path defined
calculate duration
testing...
no interpolation path defined
executed snippet estimated_duration=0, duration=5.10215759277e-05
calculate duration
testing...
no interpolation path defined
executed snippet estimated_duration=0, duration=0.000140905380249
calculate duration
testing...
no interpolation path defined
executed snippet estimated_duration=32.0, duration=0.000133991241455
calculate duration
testing...
no interpolation path defined
executed snippet estimated_duration=34.0, duration=0.000119924545288
calculate duration
testing...
no interpolation path defined
executed snippet estimated_duration=4.0, duration=0.000108003616333
calculate duration
testing...
no interpolation path defined
executed snippet estimated_duration=38.0, duration=9.89437103271e-05
executed snippet estimated_duration=108.0, duration=0.00932884216309
script duration name:cocktail_x1 seconds:108.0
Script duration 664.0
Run total estimated duration= 665.000
script duration name:unknown400_120 seconds:556.0
cocktail_x1 in script context. using previous estimated duration
script duration name:cocktail_x1 seconds:108.0
Script duration 664.0
Run total estimated duration= 665.000
script duration name:unknown120_60 seconds:214.0
script duration name:co2 seconds:0.0
Script duration 214.0
Run total estimated duration= 215.000
script duration name:unknown120_60 seconds:214.0
script duration name:co2 seconds:0.0
Script duration 214.0
Run total estimated duration= 215.000
script duration name:unknown120_60 seconds:214.0
script duration name:co2 seconds:0.0
Script duration 214.0
Run total estimated duration= 215.000
script duration name:unknown400_120 seconds:556.0
script duration name:co2 seconds:0.0
Script duration 556.0
Run total estimated duration= 557.000
script duration name:unknown120_60 seconds:214.0
script duration name:co2 seconds:0.0
Script duration 214.0
Run total estimated duration= 215.000
script duration name:unknown120_60 seconds:214.0
script duration name:co2 seconds:0.0
Script duration 214.0
Run total estimated duration= 215.000
script duration name:unknown120_60 seconds:214.0
script duration name:co2 seconds:0.0
Script duration 214.0
Run total estimated duration= 215.000
script duration name:unknown120_60 seconds:214.0
script duration name:co2 seconds:0.0
Script duration 214.0
Run total estimated duration= 215.000
script duration name:unknown120_60 seconds:214.0
script duration name:co2 seconds:0.0
Script duration 214.0
Run total estimated duration= 215.000
script duration name:unknown120_60 seconds:214.0
script duration name:co2 seconds:0.0
Script duration 214.0
Run total estimated duration= 215.000
script duration name:unknown120_60 seconds:214.0
script duration name:co2 seconds:0.0
Script duration 214.0
Run total estimated duration= 215.000
script duration name:unknown120_60 seconds:214.0
script duration name:co2 seconds:0.0
Script duration 214.0
Run total estimated duration= 215.000
script duration name:unknown120_60 seconds:214.0
script duration name:co2 seconds:0.0
Script duration 214.0
Run total estimated duration= 215.000
script duration name:unknown120_60 seconds:214.0
script duration name:co2 seconds:0.0
Script duration 214.0
Run total estimated duration= 215.000
script duration name:unknown120_60 seconds:214.0
script duration name:co2 seconds:0.0
Script duration 214.0
Run total estimated duration= 215.000
script duration name:unknown120_60 seconds:214.0
script duration name:co2 seconds:0.0
Script duration 214.0
Run total estimated duration= 215.000
script duration name:unknown400_120 seconds:556.0
script duration name:co2 seconds:0.0
Script duration 556.0
Run total estimated duration= 557.000
script duration name:unknown400_120 seconds:556.0
script duration name:sniffair_x2 seconds:250.0
Script duration 806.0
Run total estimated duration= 807.000
script duration name:unknown400_120 seconds:556.0
script duration name:cocktail_x1 seconds:108.0
Script duration 664.0
Run total estimated duration= 665.000
script duration name:unknown400_120 seconds:556.0
script duration name:sniffair_x2 seconds:250.0
Script duration 806.0
Run total estimated duration= 807.000
script duration name:unknown400_120 seconds:556.0
script duration name:cocktail_x1 seconds:108.0
Script duration 664.0
Run total estimated duration= 665.000
ic_peak_hop3 in script context. using previous estimated duration
script duration name:ic_peak_hop3 seconds:134.0
air_x1 in script context. using previous estimated duration
script duration name:air_x1 seconds:106.0
Script duration 240.0
Run total estimated duration= 241.000
script duration name:unknown120_60 seconds:214.0
script duration name:co2 seconds:0.0
Script duration 214.0
Run total estimated duration= 215.000
script duration name:unknown120_60 seconds:214.0
script duration name:co2 seconds:0.0
Script duration 214.0
Run total estimated duration= 215.000
script duration name:unknown120_60 seconds:214.0
script duration name:co2 seconds:0.0
Script duration 214.0
Run total estimated duration= 215.000
script duration name:unknown120_60 seconds:214.0
script duration name:co2 seconds:0.0
Script duration 214.0
Run total estimated duration= 215.000
script duration name:unknown120_60 seconds:214.0
script duration name:co2 seconds:0.0
Script duration 214.0
Run total estimated duration= 215.000
script duration name:unknown120_60 seconds:214.0
script duration name:co2 seconds:0.0
Script duration 214.0
Run total estimated duration= 215.000
script duration name:unknown120_60 seconds:214.0
script duration name:co2 seconds:0.0
Script duration 214.0
Run total estimated duration= 215.000
script duration name:unknown120_60 seconds:214.0
script duration name:co2 seconds:0.0
Script duration 214.0
Run total estimated duration= 215.000
script duration name:unknown120_60 seconds:214.0
script duration name:co2 seconds:0.0
Script duration 214.0
Run total estimated duration= 215.000
script duration name:unknown120_60 seconds:214.0
script duration name:co2 seconds:0.0
Script duration 214.0
Run total estimated duration= 215.000
script duration name:unknown120_60 seconds:214.0
script duration name:co2 seconds:0.0
Script duration 214.0
Run total estimated duration= 215.000
script duration name:unknown120_60 seconds:214.0
script duration name:co2 seconds:0.0
Script duration 214.0
Run total estimated duration= 215.000
script duration name:unknown400_120 seconds:556.0
script duration name:co2 seconds:0.0
Script duration 556.0
Run total estimated duration= 557.000
script duration name:unknown120_60 seconds:214.0
script duration name:co2 seconds:0.0
Script duration 214.0
Run total estimated duration= 215.000
script duration name:unknown120_60 seconds:214.0
script duration name:co2 seconds:0.0
Script duration 214.0
Run total estimated duration= 215.000
script duration name:unknown120_60 seconds:214.0
script duration name:co2 seconds:0.0
Script duration 214.0
Run total estimated duration= 215.000
script duration name:unknown400_120 seconds:556.0
script duration name:cocktail_x1 seconds:108.0
Script duration 664.0
Run total estimated duration= 665.000
script duration name:unknown400_120 seconds:556.0
script duration name:cocktail_x1 seconds:108.0
Script duration 664.0
Run total estimated duration= 665.000
script duration name:unknown120_60 seconds:214.0
script duration name:co2 seconds:0.0
Script duration 214.0
Run total estimated duration= 215.000
script duration name:unknown120_60 seconds:214.0
script duration name:co2 seconds:0.0
Script duration 214.0
Run total estimated duration= 215.000
script duration name:unknown400_120 seconds:556.0
script duration name:co2 seconds:0.0
Script duration 556.0
Run total estimated duration= 557.000
nruns=61 before=5.0, run_dur=19945.0, btw=2700.0
write rem/ex queues
/Users/jan/PychronDev/experiments/rem/CurrentExperiment.rem.txt
/Users/jan/PychronDev/experiments/rem/CurrentExperiment.ex.txt
doing event level: 3
