do run
loading script "jan_unknown120_60.py"
loading script "jan_pump_ms.py"
loading script "jan_co2.py"
loading script "jan_pump_extraction_line.py"
testing...
no interpolation path defined
executed snippet estimated_duration=213.652928, duration=0.000185966491699
script duration name:unknown120_60 seconds:214.0
loading script "jan_unknown120_60.py"
loading script "jan_pump_ms.py"
loading script "jan_co2.py"
loading script "jan_pump_extraction_line.py"
testing...
no interpolation path defined
executed snippet estimated_duration=0, duration=2.00271606445e-05
loading script "jan_unknown120_60.py"
loading script "jan_pump_ms.py"
loading script "jan_co2.py"
loading script "jan_pump_extraction_line.py"
testing...
no interpolation path defined
calculate duration
testing...
no interpolation path defined
executed snippet estimated_duration=0, duration=4.41074371338e-05
calculate duration
testing...
no interpolation path defined
executed snippet estimated_duration=0, duration=6.69956207275e-05
executed snippet estimated_duration=0.0, duration=0.00176095962524
script duration name:co2 seconds:0.0
loading script "jan_unknown120_60.py"
loading script "jan_pump_ms.py"
loading script "jan_co2.py"
loading script "jan_pump_extraction_line.py"
testing...
no interpolation path defined
calculate duration
testing...
no interpolation path defined
executed snippet estimated_duration=4.0, duration=0.000108003616333
executed snippet estimated_duration=4.0, duration=0.00092887878418
Script duration 214.0
Run total estimated duration= 215.000
run duration: 0:03:35
doing event level: 2
02:10:03 -- Setting default integration. t=1.048576
setting integration time = 1.048576
SetIntegrationTime 1.048576 ===>> OK
----------------- start -----------------
**************** Experiment Type: Ar/Ar, Ar/Ar
create new session 4436069840
close session 4436069840
$$$$$ Clearing conditionals
adding conditionals 
Add queue conditionals
add default conditionals
adding default conditionals from /Users/jan/PychronDev/setupfiles/spectrometer/default_conditionals.yaml
Start automated run 65580-06B
loading script "jan_unknown120_60.py"
loading script "jan_pump_ms.py"
loading script "jan_co2.py"
loading script "jan_pump_extraction_line.py"
%%%%%%%%%%%%%%%%%% setting automated run 65580-06B
No value "sensitivity_multiplier" in metadata
$$$$$$$$$$$$$$$ auto_save_detector_ic=False
============================= Pre Extraction Check =============================
loading queue conditionals pre_run_terminations
loading system conditionals pre_run_terminations
loading conditionals from /Users/jan/PychronDev/setupfiles/spectrometer/default_conditionals.yaml
02:10:03 -- ******* Pre Extraction Check *******
Get a measurement from the spectrometer
GetData ===>> H2,-0.134562179184891,H1,0.00491211093736084,AX,-0.146640881375184,L1,0.0146219670298456,L2,0.036...
Pre Extraction Termination data. keys=H2,H1,AX,L1,L2,CDD, signals=-0.13456,0.00491,-0.14664,0.01462,0.03670,0.00223
02:10:03 -- testing system defined conditionals
Checking default pre extraction terminations n=2
testing CDD
evaluate ot="CDD.inactive" t="CDD", ctx="{'CDD': False}"
GetDeflection CDD ===>> 50
testing CDD==2000
evaluate ot="CDD.deflection==2000" t="CDD==2000", ctx="{'CDD': 50.0}"
02:10:03 -- ******* Pre Extraction Check Passed *******
=================================================================================
02:10:03 -- stopping status monitor
stop 4982387056
Alive clients [4989850544]
02:10:03 -- starting status monitor
start 4982387056
Monitor already running
start extraction
do extraction
Analysis started at 02:10:03.878017
Extraction Started jan_co2.py
02:10:03 -- ******* Extraction Started jan_co2.py *******
state changed from not run to extraction
DO EXTRACTION <pychron.extraction_line.pyscript_runner.RemotePyScriptRunner object at 0x12c299590>
testing...
no interpolation path defined
calculate duration
testing...
no interpolation path defined
executed snippet estimated_duration=0, duration=4.81605529785e-05
calculate duration
testing...
no interpolation path defined
executed snippet estimated_duration=0, duration=0.000148057937622
executed snippet estimated_duration=100.0, duration=0.00315117835999
Jan CO2 laser analysis
doing GOSUB
testing...
no interpolation path defined
executed snippet estimated_duration=0, duration=5.98430633545e-05
Waiting for CO2 access
wait ('FelixCO2Flag', 0) {}
waiting for FelixCO2Flag = 0
Read FelixCO2Flag ===>> 0
finished waiting
CO2 free
wait ('CO2PumpTimeFlag', 0) {}
waiting for CO2PumpTimeFlag = 0
Read CO2PumpTimeFlag ===>> 0
finished waiting
acquire ('JanCO2Flag',) {'clear': True}
acquire JanCO2Flag
Set JanCO2Flag 1 ===>> OK
JanCO2Flag acquired
set extraction state False (0.75, 'red', 1.5)
CO2 acquired
executed snippet estimated_duration=0, duration=0.0162010192871
WaitForCO2Access.py completed successfully
gosub finished
doing GOSUB
testing...
no interpolation path defined
executed snippet estimated_duration=0, duration=7.70092010498e-05
Prepare for CO2 analysis
close () {'description': 'Jan Inlet'}
closing name=--- desc=Jan Inlet
checking ownership. requestor=129.138.12.150
check software interlocks R
interlocks []
actuate state mode=None-script, software_lock=False
doing actuation None-script close_channel False
Close R ===>> OK
GetIndicatorState R ===>> False
change switch state (True, True)
update switch state R False args=() kw={} ncanvase=2
02:10:04 -- CLOSE  VALVE-R (Jan Inlet)
---------------------------------------- close None (Jan Inlet) result=[(True, True)]
action=close, ok=True, locked=[False]
open () {'description': 'Jan Ion Pump'}
opening name=--- desc=Jan Ion Pump
checking ownership. requestor=129.138.12.150
check software interlocks O
interlocks []
actuate state mode=None-script, software_lock=False
doing actuation None-script open_channel False
Open O ===>> OK
GetIndicatorState O ===>> OK
change switch state (True, True)
update switch state O True args=() kw={} ncanvase=2
02:10:04 -- OPEN   VALVE-O (Jan Ion Pump)
---------------------------------------- open None (Jan Ion Pump) result=[(True, True)], time=0.12 sec
action=open, ok=True, locked=[False]
close () {'description': 'Microbone to Minibone'}
closing name=--- desc=Microbone to Minibone
checking ownership. requestor=129.138.12.150
check software interlocks L
interlocks []
actuate state mode=None-script, software_lock=False
doing actuation None-script close_channel False
Close L ===>> OK
GetIndicatorState L ===>> False
change switch state (True, True)
update switch state L False args=() kw={} ncanvase=2
02:10:05 -- CLOSE  VALVE-L (Microbone to Minibone)
---------------------------------------- close None (Microbone to Minibone) result=[(True, True)]
action=close, ok=True, locked=[False]
open () {'description': 'Microbone to Turbo'}
opening name=--- desc=Microbone to Turbo
checking ownership. requestor=129.138.12.150
check software interlocks U
interlocks []
actuate state mode=None-script, software_lock=False
doing actuation None-script open_channel False
Open U ===>> OK
GetIndicatorState U ===>> OK
change switch state (True, True)
update switch state U True args=() kw={} ncanvase=2
02:10:05 -- OPEN   VALVE-U (Microbone to Turbo)
---------------------------------------- open None (Microbone to Turbo) result=[(True, True)], time=0.11 sec
action=open, ok=True, locked=[False]
open () {'description': 'Microbone to Inlet Pipette'}
opening name=--- desc=Microbone to Inlet Pipette
checking ownership. requestor=129.138.12.150
check software interlocks S
interlocks []
actuate state mode=None-script, software_lock=False
doing actuation None-script open_channel False
Open S ===>> OK
GetIndicatorState S ===>> OK
change switch state (True, True)
update switch state S True args=() kw={} ncanvase=2
02:10:06 -- OPEN   VALVE-S (Microbone to Inlet Pipette)
---------------------------------------- open None (Microbone to Inlet Pipette) result=[(True, True)], time=0.43 sec
action=open, ok=True, locked=[False]
open () {'description': 'Microbone to Getter D-50'}
opening name=--- desc=Microbone to Getter D-50
checking ownership. requestor=129.138.12.150
check software interlocks K
interlocks []
actuate state mode=None-script, software_lock=False
doing actuation None-script open_channel False
Open K ===>> OK
GetIndicatorState K ===>> OK
change switch state (True, True)
update switch state K True args=() kw={} ncanvase=2
02:10:07 -- OPEN   VALVE-K (Microbone to Getter D-50)
---------------------------------------- open None (Microbone to Getter D-50) result=[(True, True)], time=0.42 sec
action=open, ok=True, locked=[False]
open () {'description': 'Microbone to Getter NP-10'}
opening name=--- desc=Microbone to Getter NP-10
checking ownership. requestor=129.138.12.150
check software interlocks M
interlocks []
actuate state mode=None-script, software_lock=False
doing actuation None-script open_channel False
Open M ===>> OK
GetIndicatorState M ===>> OK
change switch state (True, True)
update switch state M True args=() kw={} ncanvase=2
02:10:07 -- OPEN   VALVE-M (Microbone to Getter NP-10)
---------------------------------------- open None (Microbone to Getter NP-10) result=[(True, True)], time=0.16 sec
action=open, ok=True, locked=[False]
close () {'description': 'CO2 Laser to Felix'}
closing name=--- desc=CO2 Laser to Felix
checking ownership. requestor=129.138.12.150
check software interlocks F
interlocks []
actuate state mode=None-script, software_lock=True
VALVE-F(CO2 Laser to Felix) software locked
change switch state (True, False)
---------------------------------------- close None (CO2 Laser to Felix) result=[(True, False)]
action=close, ok=True, locked=[True]
open () {'description': 'CO2 Laser to Jan'}
opening name=--- desc=CO2 Laser to Jan
checking ownership. requestor=129.138.12.150
check software interlocks A
interlocks []
actuate state mode=None-script, software_lock=False
doing actuation None-script open_channel False
Open A ===>> OK
GetIndicatorState A ===>> OK
change switch state (True, True)
update switch state A True args=() kw={} ncanvase=2
02:10:07 -- OPEN   VALVE-A (CO2 Laser to Jan)
---------------------------------------- open None (CO2 Laser to Jan) result=[(True, True)], time=0.14 sec
action=open, ok=True, locked=[False]
open () {'description': 'Microbone to CO2 Laser'}
opening name=--- desc=Microbone to CO2 Laser
checking ownership. requestor=129.138.12.150
check software interlocks T
interlocks []
actuate state mode=None-script, software_lock=False
doing actuation None-script open_channel False
Open T ===>> OK
GetIndicatorState T ===>> OK
change switch state (True, True)
update switch state T True args=() kw={} ncanvase=2
02:10:08 -- OPEN   VALVE-T (Microbone to CO2 Laser)
---------------------------------------- open None (Microbone to CO2 Laser) result=[(True, True)], time=0.43 sec
action=open, ok=True, locked=[False]
executed snippet estimated_duration=0, duration=4.98480820656
PrepareForCO2Analysis.py completed successfully
gosub finished
set_motor ('beam', '1.25') {}
setting motor "beam" to 1.25
set motor beam to 1.25
SetMotor beam,1.25 ===>> OK
GetMotorMoving beam ===>> False
GetMotorMoving beam ===>> False
Block completed
move_to_position ('194',) {'autocenter': True}
FusionsCO2 move to position 194
sending GoToHole 194,True
GoToHole 194,True ===>> OK
GetDriveMoving ===>> False
GetDriveMoving ===>> OK
GetDriveMoving ===>> OK
GetDriveMoving ===>> OK
GetDriveMoving ===>> OK
GetDriveMoving ===>> OK
GetDriveMoving ===>> False
Block completed
GetAutoCorrecting ===>> False
GetAutoCorrecting ===>> False
Block completed
update position
GetPosition ===>> 7.97560,-9.96950,1.00000
got position (7.9756, -9.9695, 1.0)
move to position succeeded
sleep (5,) {}
SLEEP 5.0
block started
WaitControl setup for 5.0  
Join finished
block finished. duration 5.03758215904
close () {'description': 'Microbone to Turbo'}
closing name=--- desc=Microbone to Turbo
checking ownership. requestor=129.138.12.150
check software interlocks U
interlocks []
actuate state mode=None-script, software_lock=False
doing actuation None-script close_channel True
Close U ===>> OK
GetIndicatorState U ===>> False
change switch state (True, True)
update switch state U False args=() kw={} ncanvase=2
02:10:18 -- CLOSE  VALVE-U (Microbone to Turbo)
---------------------------------------- close None (Microbone to Turbo) result=[(True, True)]
action=close, ok=True, locked=[False]
enable laser
enable () {}
set extraction state FusionsCO2 Enabled (False, 'red', 1.5)
enabling laser
Enable ===>> OK
begin interval
BEGIN INTERVAL Interval 1 waiting for 30.0
block started
set extract to 0.4
WaitControl setup for 30.0  
extract (0.4,) {}
GetPosition ===>> 7.97560,-9.96950,1.00000
set extraction state FusionsCO2 ON! 0.4(watts) (0.75, 'red', 1.5)
extract sample to 0.4 (watts)
set laser output
SetLaserOutput 0.4,watts ===>> OK
executing pattern triangle.lp
execute_pattern ('triangle.lp',) {}
executing pattern triangle.lp
IsPatterning ===>> OK
IsPatterning ===>> OK
IsPatterning ===>> OK
IsPatterning ===>> OK
IsPatterning ===>> OK
IsPatterning ===>> OK
IsPatterning ===>> OK
IsPatterning ===>> OK
IsPatterning ===>> OK
IsPatterning ===>> OK
IsPatterning ===>> OK
IsPatterning ===>> OK
IsPatterning ===>> OK
IsPatterning ===>> OK
IsPatterning ===>> OK
IsPatterning ===>> OK
IsPatterning ===>> OK
IsPatterning ===>> OK
IsPatterning ===>> OK
IsPatterning ===>> OK
IsPatterning ===>> OK
IsPatterning ===>> OK
IsPatterning ===>> OK
IsPatterning ===>> OK
IsPatterning ===>> OK
IsPatterning ===>> False
IsPatterning ===>> False
Block completed
COMPLETE INTERVAL waiting for Interval 1 to complete
Join finished
block finished. duration 30.7217569351
Interval 1 finished
end_extract () {}
ending extraction. set laser power to 0
set laser power 0
SetLaserPower 0 ===>> OK
disable () {}
%%%%%%%%%%%%%%%%%%%%%%%%%%%%%%%%%%% disable
set extraction state False (0.75, 'red', 1.5)
disabling laser
Disable ===>> OK
sleep (30.0,) {}
SLEEP 30.0
block started
WaitControl setup for 30.0  
Join finished
block finished. duration 30.130947113
executed snippet estimated_duration=167.0, duration=76.4500439167
jan_co2.py completed successfully
GetAchievedOutput ===>> No Response
Requested Output= 0.000
Achieved Output=  0.000
GetResponseBlob ===>> No Response
GetOutputBlob ===>> No Response
persistence save...
persistence save - db
AutomatedRunPersister post_extraction_save deprecated
persistence save - dvc
no extraction position for 194
create new session 4989601072
close session 4989601072
Extraction Finished
02:11:20 -- ******* Extraction Finished *******
no overlap. not waiting for min ms pumptime
02:11:20 -- Sending spectrometer configuration
======== Sending configuration ========
SetDeflection CDD,50.0 ===>> OK
SetDeflection H2,0.0 ===>> OK
SetDeflection H1,0.0 ===>> OK
SetDeflection L2,825.0 ===>> OK
SetDeflection L1,400.0 ===>> OK
SetDeflection AX,190.0 ===>> OK
SetZFocus 74.64 ===>> OK
SetZSymmetry -50.72 ===>> OK
SetExtractionLens 26.13 ===>> OK
SetIonRepeller -3.81 ===>> OK
SetElectronEnergy 75.08 ===>> OK
SetYSymmetry -2.81 ===>> OK
SetIonCounterVoltage 1590.0 ===>> OK
send trap current 200.0
GetParameter Trap Current Readback ===>> 198.035158395898
SetParameter Trap Current Set,200.0 ===>> OK
updating mftable name mftable
Using mftable located at /Users/jan/PychronDev/setupfiles/spectrometer/mftables/mftable.csv
============ MFtable ===========
Isotope  H2     H1     AX     L1     L2     CDD    
Ar40     5.8071 5.8790 5.9924 6.1470 6.2308 6.3752
Ar39     5.7063 5.7713 5.8848 6.0330 6.1159 6.2617
Ar36     5.3838 5.4403 5.5481 5.6919 5.7709 5.9128
================================
get initial guess parabolic
get initial guess parabolic
get initial guess parabolic
get initial guess parabolic
get initial guess parabolic
get initial guess parabolic
======== Configuration Finished ========
GetYSymmetry ===>> -2.81
GetZSymmetry ===>> -50.72
GetParameter Trap Current Readback ===>> 198.035158395898
GetHighVoltage ===>> 4499.94659342336
start measurement
do measurement
L#=65580 analysis type=unknown
Measurement Started jan_unknown120_60.py
02:11:20 -- ******* Measurement Started jan_unknown120_60.py *******
state changed from extraction to measurement
setting spec, defl, and gains
GetExtractionLens ===>> 26.13
GetYSymmetry ===>> -2.81
GetZSymmetry ===>> -50.72
GetZFocus ===>> 74.64
GetDeflection H2 ===>> 0
GetDeflection H1 ===>> 0
GetDeflection AX ===>> 190
GetDeflection L1 ===>> 400
GetDeflection L2 ===>> 825
GetDeflection CDD ===>> 50
GetGain H2 ===>> 0.0113
GetGain H1 ===>> 0.1
GetGain AX ===>> 0.097049
GetGain L1 ===>> 0.010355
GetGain L2 ===>> 0.095649
GetGain CDD ===>> 0
pre measurement save
New frame /Users/jan/PychronDev/data/isotopes/ee/09a8c8-d597-4766-8860-a603194e5e69.h5
flush and close file /Users/jan/PychronDev/data/isotopes/ee/09a8c8-d597-4766-8860-a603194e5e69.h5
testing...
no interpolation path defined
executed snippet estimated_duration=226.132928, duration=0.000294923782349
unknown measurement script
activate_detectors ('H2', 'H1', 'AX', 'L1', 'L2', 'CDD') {}
activate detectors
*************** Set Analysis View Ar/Ar
create graphs
clearing graphs
clear isotope group
setting isotope det=H2, iso=PM41
setting isotope det=H1, iso=Ar40
setting isotope det=AX, iso=Ar39
setting isotope det=L1, iso=Ar38
setting isotope det=L2, iso=Ar37
setting isotope det=CDD, iso=Ar36
setting previous blanks
 - setting Ar40 blank 0.083+/-0.006
 - setting Ar36 blank 0.00406+/-0.00016
 - setting Ar37 blank 0.061+/-0.005
 - setting Ar38 blank 0.0057+/-0.0022
 - setting PM41 blank 0.01+/-0.07
 - setting Ar39 blank 0.044+/-0.009
load analysis view
position_magnet ('Ar40',) {'detector': 'H1'}
detector Detector(H1)
POSITION Ar40 H1
setting detector H2 to PM41 (40.9624)
setting detector H1 to Ar40 (39.9624)
setting detector AX to Ar39 (38.9624)
setting detector L1 to Ar38 (37.9624)
setting detector L2 to Ar37 (36.9624)
setting detector CDD to Ar36 (35.9624)
Mapping mass to dac mass func: "parabolic"
H1 map mass coeffs = [-0.00063987  0.15840543  0.57059999]
H1 map mass to dac 39.9624 >> 5.87899
GetDeflection H1 ===>> 0
GetHighVoltage ===>> 4499.94659342336
positioning Ar40 (5.87895537918) on H1
setting magnet DAC
current  : 5.878955
requested: 5.878955
Delta Dac: 0.000000
Checking detector protection. dv=0.00000
Checking detector "CDD". Protection Threshold: 0.1 (V)
SetMagnetDAC 5.87895537918 ===>> OK
Magnet settling time: 0.500
equilibrate () {'delay': 3, 'inlet': 'R', 'outlet': 'O', 'eqtime': 12.0}
Equilibration Started
02:11:22 -- ******* Equilibration Started *******
checking ownership. requestor=129.138.12.150
check software interlocks O
interlocks []
actuate state mode=None-script, software_lock=False
doing actuation None-script close_channel True
Close O ===>> OK
update labels <pychron.experiment.plot_panel.PlotPanel object at 0x1a90a5c50>
update labels "<pychron.graph.stacked_regression_graph.StackedRegressionGraph object at 0x18eefc770>"
setting label 0 H2 PM41
setting label 1 H1 Ar40
setting label 2 AX Ar39
setting label 3 L1 Ar38
setting label 4 L2 Ar37
setting label 5 CDD Ar36
update labels "<pychron.graph.stacked_graph.StackedGraph object at 0x16a31c170>"
setting label 0 H2 PM41
setting label 1 H1 Ar40
setting label 2 AX Ar39
setting label 3 L1 Ar38
setting label 4 L2 Ar37
setting label 5 CDD Ar36
GetIndicatorState O ===>> False
change switch state (True, True)
update switch state O False args=() kw={} ncanvase=2
02:11:22 -- CLOSE  VALVE-O (Jan Ion Pump)
waiting 3s before opening inlet value ('R',)
checking ownership. requestor=129.138.12.150
check software interlocks R
interlocks []
actuate state mode=None-script, software_lock=False
doing actuation None-script open_channel True
Open R ===>> OK
set states for children of R. state=True
handle state [('R', True)]
update switch state R True args=() kw={'refresh': False} ncanvase=2
GetIndicatorState R ===>> OK
change switch state (True, True)
update switch state R True args=() kw={} ncanvase=2
refresh_canvas_needed fired
02:11:25 -- OPEN   VALVE-R (Jan Inlet)
set_time_zero () {}
equilibrating for 12.0sec
sniff (12.0,) {}
py_sniff
build tables- sniff [Detector(H2), Detector(H1), Detector(AX), Detector(L1), Detector(L2), Detector(CDD)]
add group /sniff/PM41 (Group) '' table H2
add group /sniff/Ar40 (Group) '' table H1
add group /sniff/Ar39 (Group) '' table AX
add group /sniff/Ar38 (Group) '' table L1
add group /sniff/Ar37 (Group) '' table L2
add group /sniff/Ar36 (Group) '' table CDD
flush and close file /Users/jan/PychronDev/data/isotopes/ee/09a8c8-d597-4766-8860-a603194e5e69.h5
measuring sniff. ncounts=12.0
"sniff" increment series count="1" fit count="0" regressing="False"
starting measurement
GetData ===>> H2,-0.172974262472756,H1,7.03511748725039,AX,1.97430833010432,L1,-0.0188402874343552,L2,0.0953435...
GetData ===>> H2,0.721077795377219,H1,212.286193547895,AX,57.3467575723777,L1,0.275198221705217,L2,0.5269030756...
GetData ===>> H2,0.502784885252466,H1,376.723512458151,AX,97.51449681197,L1,0.798873526527182,L2,0.451965787943...
GetData ===>> H2,0.0546406449730097,H1,430.229898700489,AX,108.906226098864,L1,1.07271923377868,L2,0.4711971516...
GetData ===>> H2,-0.119045450621394,H1,449.158118201175,AX,112.503425207624,L1,1.26479262764273,L2,0.4899640114...
GetData ===>> H2,-0.106618262955424,H1,456.742284068661,AX,113.909560189585,L1,1.35922179467464,L2,0.5187668048...
GetData ===>> H2,-0.121506013027458,H1,459.976378361918,AX,114.507531109006,L1,1.3744675936443,L2,0.45667049199...
GetData ===>> H2,-0.110393403000826,H1,461.591674608286,AX,115.005279453035,L1,1.41864356960156,L2,0.4352993519...
GetData ===>> H2,-0.0418152779951557,H1,462.291411800735,AX,115.144826401146,L1,1.45782286453162,L2,0.524091870...
GetData ===>> H2,-0.0671704171739214,H1,462.653179141149,AX,115.329149624731,L1,1.4590364147225,L2,0.4931740491...
GetData ===>> H2,-0.114703333782639,H1,463.322689927469,AX,115.605815136752,L1,1.48092372476132,L2,0.3927060432...
Equilibration Finished
02:11:37 -- ******* Equilibration Finished *******
checking ownership. requestor=129.138.12.150
check software interlocks R
interlocks []
actuate state mode=None-script, software_lock=False
doing actuation None-script close_channel True
GetData ===>> H2,-0.0646856446715187,H1,464.491149576548,AX,115.6900062078,L1,1.51778332177686,L2,0.43933344403...
Close R ===>> OK
set states for children of R. state=False
handle state [('R', False)]
update switch state R False args=() kw={'refresh': False} ncanvase=2
refresh_canvas_needed fired
GetIndicatorState R ===>> False
change switch state (True, True)
update switch state R False args=() kw={} ncanvase=2
02:11:38 -- CLOSE  VALVE-R (Jan Inlet)
Post Equilibration Started jan_pump_extraction_line.py
02:11:38 -- ******* Post Equilibration Started jan_pump_extraction_line.py *******
testing...
no interpolation path defined
calculate duration
testing...
no interpolation path defined
executed snippet estimated_duration=4.0, duration=0.000120878219604
executed snippet estimated_duration=4.0, duration=0.00130391120911
Pump after analysis
doing GOSUB
testing...
no interpolation path defined
executed snippet estimated_duration=4.0, duration=0.000134944915771
Pump Microbone
close () {'description': 'Jan Inlet'}
closing name=--- desc=Jan Inlet
checking ownership. requestor=129.138.12.150
check software interlocks R
interlocks []
actuate state mode=None-script, software_lock=False
doing actuation None-script close_channel False
Close R ===>> OK
measurement finished
estimated time: 12.583 actual time: :12.670
flush and close file /Users/jan/PychronDev/data/isotopes/ee/09a8c8-d597-4766-8860-a603194e5e69.h5
set_fits () {}
using default fits file=/Users/jan/PychronDev/scripts/measurement/fits/nominal_linear.yaml
set "Ar40" to "('Linear', 'SEM')"
No fit for "PM41". defaulting to linear. check the measurement script "jan_unknown120_60.py"
set "PM41" to "linear"
set "Ar36" to "('Linear', 'SEM')"
set "Ar37" to "('linear', 'SEM')"
set "Ar38" to "('linear', 'SEM')"
set "Ar39" to "('Linear', 'SEM')"
set_baseline_fits () {}
using default fits file=/Users/jan/PychronDev/scripts/measurement/fits/nominal_linear.yaml
GetIndicatorState R ===>> False
set "H1" to "('average', 'SEM')"
change switch state (True, True)
set "H2" to "('average', 'SEM')"
update switch state R False args=() kw={} ncanvase=2
set "CDD" to "('average', 'SEM')"
set "L2" to "('average', 'SEM')"
set "L1" to "('average', 'SEM')"
set "AX" to "('average', 'SEM')"
multicollect () {'integration_time': 1, 'ncounts': 120}
build tables- signal [Detector(H2), Detector(H1), Detector(AX), Detector(L1), Detector(L2), Detector(CDD)]
add group /signal/PM41 (Group) '' table H2
add group /signal/Ar40 (Group) '' table H1
02:11:39 -- CLOSE  VALVE-R (Jan Inlet)
add group /signal/Ar39 (Group) '' table AX
---------------------------------------- close None (Jan Inlet) result=[(True, True)]
add group /signal/Ar38 (Group) '' table L1
add group /signal/Ar37 (Group) '' table L2
add group /signal/Ar36 (Group) '' table CDD
flush and close file /Users/jan/PychronDev/data/isotopes/ee/09a8c8-d597-4766-8860-a603194e5e69.h5
measuring signal. ncounts=120
action=close, ok=True, locked=[False]
is_closed ('F',) {}
is F () closed?
is closed True
open () {'description': 'CO2 Laser to Jan'}
opening name=--- desc=CO2 Laser to Jan
checking ownership. requestor=129.138.12.150
check software interlocks A
interlocks []
actuate state mode=None-script, software_lock=False
doing actuation None-script open_channel False
Open A ===>> OK
GetIndicatorState A ===>> OK
change switch state (True, True)
update switch state A True args=() kw={} ncanvase=2
02:11:39 -- OPEN   VALVE-A (CO2 Laser to Jan)
---------------------------------------- open None (CO2 Laser to Jan) result=[(True, True)], time=0.13 sec
starting measurement
GetData ===>> H2,0.00661806665693161,H1,465.411510311138,AX,115.875099432068,L1,1.5458382855799,L2,0.4982235074...
action=open, ok=True, locked=[False]
sleep (1,) {}
SLEEP 1.0
"signal" increment series count="2" fit count="1" regressing="True"
GetData ===>> H2,-0.0637882853559239,H1,465.302870904778,AX,115.78519806178,L1,1.50660607476863,L2,0.4542381768...
close () {'description': 'CO2 Laser to Roughing'}
closing name=--- desc=CO2 Laser to Roughing
checking ownership. requestor=129.138.12.150
check software interlocks G
interlocks []
actuate state mode=None-script, software_lock=True
VALVE-G(CO2 Laser to Roughing) software locked
change switch state (True, False)
---------------------------------------- close None (CO2 Laser to Roughing) result=[(True, False)]
action=close, ok=True, locked=[True]
open () {'description': 'Microbone to Turbo'}
opening name=--- desc=Microbone to Turbo
checking ownership. requestor=129.138.12.150
check software interlocks U
interlocks []
actuate state mode=None-script, software_lock=False
doing actuation None-script open_channel True
Open U ===>> OK
GetIndicatorState U ===>> OK
change switch state (True, True)
update switch state U True args=() kw={} ncanvase=2
02:11:40 -- OPEN   VALVE-U (Microbone to Turbo)
---------------------------------------- open None (Microbone to Turbo) result=[(True, True)], time=0.16 sec
action=open, ok=True, locked=[False]
open () {'description': 'Microbone to Getter NP-10'}
opening name=--- desc=Microbone to Getter NP-10
checking ownership. requestor=129.138.12.150
check software interlocks M
interlocks []
actuate state mode=None-script, software_lock=False
doing actuation None-script open_channel False
Open M ===>> OK
GetIndicatorState M ===>> OK
change switch state (True, True)
update switch state M True args=() kw={} ncanvase=2
02:11:41 -- OPEN   VALVE-M (Microbone to Getter NP-10)
---------------------------------------- open None (Microbone to Getter NP-10) result=[(True, True)], time=0.15 sec
action=open, ok=True, locked=[False]
open () {'description': 'Microbone to Getter D-50'}
opening name=--- desc=Microbone to Getter D-50
checking ownership. requestor=129.138.12.150
check software interlocks K
interlocks []
actuate state mode=None-script, software_lock=False
doing actuation None-script open_channel False
GetData ===>> H2,-0.0933086882550386,H1,464.859526892492,AX,115.609346064824,L1,1.47335955253444,L2,0.502393509...
Open K ===>> OK
GetIndicatorState K ===>> OK
change switch state (True, True)
update switch state K True args=() kw={} ncanvase=2
02:11:41 -- OPEN   VALVE-K (Microbone to Getter D-50)
---------------------------------------- open None (Microbone to Getter D-50) result=[(True, True)], time=0.42 sec
action=open, ok=True, locked=[False]
open () {'description': 'Microbone to CO2 Laser'}
opening name=--- desc=Microbone to CO2 Laser
checking ownership. requestor=129.138.12.150
check software interlocks T
interlocks []
actuate state mode=None-script, software_lock=False
doing actuation None-script open_channel False
Open T ===>> OK
GetIndicatorState T ===>> OK
change switch state (True, True)
update switch state T True args=() kw={} ncanvase=2
02:11:42 -- OPEN   VALVE-T (Microbone to CO2 Laser)
---------------------------------------- open None (Microbone to CO2 Laser) result=[(True, True)], time=0.41 sec
GetData ===>> H2,-0.150260769857728,H1,464.506917714326,AX,115.526191074999,L1,1.46147550966093,L2,0.3739746365...
action=open, ok=True, locked=[False]
open () {'description': 'Microbone to Inlet Pipette'}
opening name=--- desc=Microbone to Inlet Pipette
checking ownership. requestor=129.138.12.150
check software interlocks S
interlocks []
actuate state mode=None-script, software_lock=False
doing actuation None-script open_channel False
Open S ===>> OK
GetIndicatorState S ===>> OK
change switch state (True, True)
update switch state S True args=() kw={} ncanvase=2
02:11:43 -- OPEN   VALVE-S (Microbone to Inlet Pipette)
---------------------------------------- open None (Microbone to Inlet Pipette) result=[(True, True)], time=0.46 sec
action=open, ok=True, locked=[False]
sleep (1,) {}
SLEEP 1.0
testing H1>-5.0
evaluate ot="H1.bs>-5.0" t="H1>-5.0", ctx="{'H1': None}"
GetData ===>> H2,-0.228960610677853,H1,464.462230062174,AX,115.548082248224,L1,1.48310779671064,L2,0.4573442427...
set_resource () {'name': 'CO2PumpTimeFlag', 'value': 30}
Set CO2PumpTimeFlag 30 ===>> OK
release ('JanCO2Flag',) {}
release JanCO2Flag
Set JanCO2Flag 0 ===>> OK
executed snippet estimated_duration=6.0, duration=6.00042295456
PumpMicrobone.py completed successfully
gosub finished
get_resource_value () {'name': 'JanMiniboneFlag'}
Read JanMiniboneFlag ===>> 0
Get Resource Value JanMiniboneFlag=0.0
get resource value 0.0
get_resource_value () {'name': 'JanMiniboneFlag'}
Read JanMiniboneFlag ===>> 0
Get Resource Value JanMiniboneFlag=0.0
executed snippet estimated_duration=4.0, duration=6.01279497147
jan_pump_extraction_line.py completed successfully
Post Equilibration Finished
02:11:44 -- ******* Post Equilibration Finished *******
GetData ===>> H2,-0.155792662912283,H1,464.389268992924,AX,115.616112360959,L1,1.44761025447752,L2,0.4350822243...
GetData ===>> H2,-0.0706424291412849,H1,463.885040838393,AX,115.445771241844,L1,1.46931367695558,L2,0.402027424...
GetData ===>> H2,-0.158217512585757,H1,463.634895622642,AX,115.396589868285,L1,1.41854466237709,L2,0.4472384780...
GetData ===>> H2,-0.197334329595379,H1,463.581967359842,AX,115.564263445405,L1,1.44308915103088,L2,0.5103570031...
testing H1>-5.0
evaluate ot="H1.bs>-5.0" t="H1>-5.0", ctx="{'H1': None}"
GetData ===>> H2,-0.138710221670189,H1,463.397488555238,AX,115.524379275116,L1,1.46843467492765,L2,0.4777874076...
GetData ===>> H2,-0.242485103907929,H1,463.360261151684,AX,115.32778245071,L1,1.43581270458369,L2,0.50439288966...
GetData ===>> H2,-0.234286140998333,H1,463.04792681389,AX,115.197402091455,L1,1.46560971404653,L2,0.49384805647...
GetData ===>> H2,-0.138518266213468,H1,463.021090402071,AX,114.871969125085,L1,1.4535437112742,L2,0.48608012370...
GetData ===>> H2,-0.145333398379489,H1,462.729661346359,AX,115.079236041138,L1,1.49689404964332,L2,0.3704115150...
testing H1>-5.0
evaluate ot="H1.bs>-5.0" t="H1>-5.0", ctx="{'H1': None}"
GetData ===>> H2,-0.23555759839691,H1,462.505807549638,AX,115.151030586034,L1,1.46715297875988,L2,0.46869594251...
GetData ===>> H2,-0.191726897239796,H1,462.235986062673,AX,115.177844385105,L1,1.45077847410645,L2,0.4393791571...
GetData ===>> H2,-0.187522935717513,H1,462.095738860871,AX,115.003711394831,L1,1.48546373880876,L2,0.5265716690...
GetData ===>> H2,-0.235369243368499,H1,461.74471648364,AX,115.093503688078,L1,1.45885752653875,L2,0.46499564324...
GetData ===>> H2,-0.165372859909715,H1,461.944973299712,AX,115.110818587616,L1,1.45795283528496,L2,0.4672112373...
testing H1>-5.0
evaluate ot="H1.bs>-5.0" t="H1>-5.0", ctx="{'H1': None}"
GetData ===>> H2,-0.213542958933626,H1,461.605400842252,AX,115.055982408983,L1,1.45758995056027,L2,0.3694636557...
GetData ===>> H2,-0.264738784479653,H1,461.25131631053,AX,115.082964329141,L1,1.44818236820126,L2,0.46011923238...
GetData ===>> H2,-0.235663883062417,H1,461.246585398824,AX,115.016090262885,L1,1.40940287543032,L2,0.4485173408...
GetData ===>> H2,-0.0830001579533788,H1,461.451195475824,AX,114.565717460221,L1,1.43626131325308,L2,0.427551628...
GetData ===>> H2,-0.102214602197946,H1,461.08593227635,AX,114.605749411344,L1,1.44710759081595,L2,0.50229068520...
testing H1>-5.0
evaluate ot="H1.bs>-5.0" t="H1>-5.0", ctx="{'H1': None}"
02:12:04 -- collecting point 25
GetData ===>> H2,-0.157227372014729,H1,460.940043470148,AX,114.735387628215,L1,1.45065759152372,L2,0.4117038853...
GetData ===>> H2,-0.20821003115188,H1,460.945598749029,AX,114.820355844613,L1,1.44333096912636,L2,0.46443604252...
GetData ===>> H2,-0.0965024580505458,H1,460.809616619548,AX,114.74604500013,L1,1.4335352428997,L2,0.47847272886...
GetData ===>> H2,-0.0268169195553561,H1,460.063096821304,AX,114.657544705684,L1,1.41020118875752,L2,0.472522019...
GetData ===>> H2,-0.187080606520808,H1,459.759533144417,AX,114.666888211376,L1,1.44405902866031,L2,0.4182391909...
testing H1>-5.0
evaluate ot="H1.bs>-5.0" t="H1>-5.0", ctx="{'H1': None}"
GetData ===>> H2,-0.25296029735954,H1,459.724887053724,AX,114.252894577825,L1,1.44558348199149,L2,0.49102639635...
GetData ===>> H2,-0.0751734383985497,H1,459.727679746252,AX,114.35604720129,L1,1.46436323481383,L2,0.5592035650...
GetData ===>> H2,-0.102986110470793,H1,459.571403986635,AX,114.410011314295,L1,1.4562517576883,L2,0.44890557039...
GetData ===>> H2,-0.0834850855759111,H1,459.348813204328,AX,114.362271451459,L1,1.457075241369,L2,0.44598246872...
GetData ===>> H2,-0.195906016089611,H1,459.176477595078,AX,114.43917451201,L1,1.43420609305552,L2,0.47328725307...
testing H1>-5.0
evaluate ot="H1.bs>-5.0" t="H1>-5.0", ctx="{'H1': None}"
GetData ===>> H2,-0.326207856591766,H1,459.019735402747,AX,114.260996644637,L1,1.39378404685909,L2,0.4704547768...
GetData ===>> H2,-0.324923107266024,H1,458.818283717168,AX,114.318467633333,L1,1.40351409528285,L2,0.3908898502...
GetData ===>> H2,-0.239764834038702,H1,458.359947246545,AX,114.309078771596,L1,1.41503211764284,L2,0.5589406367...
GetData ===>> H2,-0.108769400291502,H1,458.518239721399,AX,114.133880013019,L1,1.45884208309349,L2,0.4708088317...
GetData ===>> H2,-0.210523206148869,H1,458.333729024122,AX,114.13001624599,L1,1.45028723629241,L2,0.33596342028...
testing H1>-5.0
evaluate ot="H1.bs>-5.0" t="H1>-5.0", ctx="{'H1': None}"
GetData ===>> H2,-0.138844047848586,H1,458.176406970837,AX,114.076903199536,L1,1.46176772315141,L2,0.4946591563...
GetData ===>> H2,-0.174044366747467,H1,458.005063253416,AX,114.080439816459,L1,1.44522968671458,L2,0.3968183054...
GetData ===>> H2,-0.128073467699798,H1,457.825747522316,AX,113.893291724793,L1,1.42161891760791,L2,0.4674396520...
GetData ===>> H2,-0.15143691723204,H1,457.623017547331,AX,114.018888312574,L1,1.40015596571583,L2,0.45298207582...
GetData ===>> H2,-0.190401698818201,H1,457.511489629996,AX,114.044553484751,L1,1.39876347063048,L2,0.3994228295...
testing H1>-5.0
evaluate ot="H1.bs>-5.0" t="H1>-5.0", ctx="{'H1': None}"
GetData ===>> H2,-0.223647383816701,H1,457.273659133253,AX,113.809991203456,L1,1.43452225529389,L2,0.4448520744...
GetData ===>> H2,-0.279326275051109,H1,456.943669309993,AX,113.684028264991,L1,1.50093753127443,L2,0.4969325572...
GetData ===>> H2,-0.312083414313569,H1,456.872439494679,AX,113.682025011605,L1,1.50006578565583,L2,0.4211756533...
GetData ===>> H2,-0.160123255929381,H1,456.846239807931,AX,113.673258786903,L1,1.43260743078788,L2,0.3930601477...
GetData ===>> H2,-0.0346118491832015,H1,456.817966854802,AX,113.743313637089,L1,1.41662706920587,L2,0.434533693...
testing H1>-5.0
evaluate ot="H1.bs>-5.0" t="H1>-5.0", ctx="{'H1': None}"
02:12:31 -- collecting point 50
GetData ===>> H2,-0.107595119206591,H1,456.627289610009,AX,113.707909791169,L1,1.42747763365257,L2,0.4599821939...
GetData ===>> H2,-0.237288972122369,H1,456.24413537873,AX,113.45649405089,L1,1.46040841829299,L2,0.543749178338...
GetData ===>> H2,-0.186820325470493,H1,455.977160205506,AX,113.439050662887,L1,1.46256330478516,L2,0.5272230554...
GetData ===>> H2,-0.120557833058347,H1,455.86547972136,AX,113.375555052017,L1,1.44899366459131,L2,0.44043056359...
GetData ===>> H2,-0.137828821944255,H1,455.523126726946,AX,113.531194175839,L1,1.43778209404459,L2,0.4884332839...
testing H1>-5.0
evaluate ot="H1.bs>-5.0" t="H1>-5.0", ctx="{'H1': None}"
GetData ===>> H2,-0.252212679682365,H1,455.450519011964,AX,113.339844535981,L1,1.43906393292201,L2,0.4947162762...
GetData ===>> H2,-0.23756069433006,H1,455.604995745682,AX,113.270656151024,L1,1.37675934541944,L2,0.52408044280...
GetData ===>> H2,-0.387791435006719,H1,455.596241685896,AX,113.297378079073,L1,1.41878872080791,L2,0.5482983619...
GetData ===>> H2,-0.228318470423853,H1,455.307198575697,AX,113.167996062397,L1,1.42312103512914,L2,0.5433148454...
GetData ===>> H2,-0.0974747678325798,H1,454.740306012705,AX,113.395267279757,L1,1.4589682052094,L2,0.2993024225...
testing H1>-5.0
evaluate ot="H1.bs>-5.0" t="H1>-5.0", ctx="{'H1': None}"
GetData ===>> H2,-0.106359828483059,H1,454.924937129283,AX,113.190059637154,L1,1.44450798030973,L2,0.4532332947...
GetData ===>> H2,-0.174757220634355,H1,454.876250947125,AX,113.080747697579,L1,1.45104982185441,L2,0.4368535429...
GetData ===>> H2,-0.146416847341809,H1,454.365220500937,AX,113.03303500214,L1,1.43927994483756,L2,0.49973154197...
GetData ===>> H2,-0.0823946466672832,H1,454.434016405776,AX,112.903327209496,L1,1.44823250995039,L2,0.445582832...
GetData ===>> H2,-0.136943297737376,H1,454.495150419095,AX,113.141647797917,L1,1.41912784274809,L2,0.4964641637...
testing H1>-5.0
evaluate ot="H1.bs>-5.0" t="H1>-5.0", ctx="{'H1': None}"
GetData ===>> H2,-0.227604938448124,H1,453.953517243287,AX,113.097731266053,L1,1.43613277018026,L2,0.4395734378...
GetData ===>> H2,-0.149912358347703,H1,453.875046649626,AX,113.125668361269,L1,1.43337074961384,L2,0.6008239080...
GetData ===>> H2,-0.106612850775439,H1,453.619392167781,AX,113.088744047073,L1,1.39607396223998,L2,0.4581436142...
GetData ===>> H2,-0.209238017652246,H1,453.320104783472,AX,112.947911397938,L1,1.46213718500423,L2,0.4738126409...
GetData ===>> H2,-0.0597465805458013,H1,453.44674012881,AX,112.929632517434,L1,1.42685346307065,L2,0.5105855206...
testing H1>-5.0
evaluate ot="H1.bs>-5.0" t="H1>-5.0", ctx="{'H1': None}"
GetData ===>> H2,-0.219145478869279,H1,453.324077216959,AX,112.753397991679,L1,1.41724610754264,L2,0.4486657813...
GetData ===>> H2,-0.222025719250327,H1,453.335839018886,AX,112.641266618598,L1,1.41540450872306,L2,0.4816252697...
GetData ===>> H2,-0.213021765706241,H1,453.187307079042,AX,112.766316120497,L1,1.40173605605493,L2,0.3663917422...
GetData ===>> H2,-0.151073688412946,H1,452.860601696928,AX,112.57561504843,L1,1.39879683707088,L2,0.41123546275...
GetData ===>> H2,-0.120556480391269,H1,452.526235642657,AX,112.756677810923,L1,1.4158834996167,L2,0.42535769677...
testing H1>-5.0
evaluate ot="H1.bs>-5.0" t="H1>-5.0", ctx="{'H1': None}"
02:12:57 -- collecting point 75
GetData ===>> H2,-0.0745959774212382,H1,452.249717083256,AX,112.739711456664,L1,1.45585933834046,L2,0.554379517...
GetData ===>> H2,-0.141151287314382,H1,452.283160585707,AX,112.638373752159,L1,1.42212773808524,L2,0.3444572591...
GetData ===>> H2,-0.140247100000627,H1,452.059969940256,AX,112.546573919887,L1,1.42603077842338,L2,0.4436988575...
GetData ===>> H2,-0.201913427831559,H1,451.647140605912,AX,112.463253066176,L1,1.4198729208418,L2,0.42090142738...
GetData ===>> H2,-0.147805455991777,H1,451.241416637167,AX,112.39513320611,L1,1.42722589575491,L2,0.45144051977...
testing H1>-5.0
evaluate ot="H1.bs>-5.0" t="H1>-5.0", ctx="{'H1': None}"
GetData ===>> H2,-0.104013353324541,H1,451.358926117148,AX,112.50866025591,L1,1.40984822942962,L2,0.53409145090...
GetData ===>> H2,-0.113360716685202,H1,451.416508810088,AX,112.304198333755,L1,1.39318502891298,L2,0.4699636704...
GetData ===>> H2,-0.257271578967929,H1,451.417906763289,AX,112.434123398335,L1,1.37840540126684,L2,0.4226382051...
GetData ===>> H2,-0.207256062315447,H1,451.202829411858,AX,112.344883658078,L1,1.39001476515805,L2,0.4753545567...
GetData ===>> H2,-0.184795862856265,H1,450.623967240939,AX,112.256081369846,L1,1.43001846035697,L2,0.4290942669...
testing H1>-5.0
evaluate ot="H1.bs>-5.0" t="H1>-5.0", ctx="{'H1': None}"
GetData ===>> H2,-0.206448898717753,H1,450.547053254346,AX,112.302131426619,L1,1.43231959394261,L2,0.3199938453...
GetData ===>> H2,-0.164769441194481,H1,450.378625888681,AX,112.121606026932,L1,1.37910543591309,L2,0.5426062012...
GetData ===>> H2,-0.174813922994397,H1,450.425096833399,AX,111.941093583574,L1,1.39791394454829,L2,0.4627229993...
GetData ===>> H2,-0.160666151795328,H1,450.238401751664,AX,112.173806028814,L1,1.40663182839674,L2,0.4261232818...
GetData ===>> H2,-0.163823075537748,H1,449.840213372506,AX,111.95243974631,L1,1.40862387105259,L2,0.54211472533...
testing H1>-5.0
evaluate ot="H1.bs>-5.0" t="H1>-5.0", ctx="{'H1': None}"
GetData ===>> H2,-0.130873907025541,H1,449.853732165801,AX,112.051753469366,L1,1.40043191929564,L2,0.5488470218...
GetData ===>> H2,-0.170935757293646,H1,449.770757395089,AX,111.898110023825,L1,1.40024324329288,L2,0.3749453816...
GetData ===>> H2,-0.189555000480671,H1,449.355677265134,AX,111.992002581753,L1,1.39003528166315,L2,0.4986576361...
GetData ===>> H2,-0.113550208557476,H1,449.614390685167,AX,111.979648378569,L1,1.38824536370302,L2,0.4771363569...
GetData ===>> H2,-0.133618247148248,H1,449.678341482536,AX,111.7929535516,L1,1.42101119128625,L2,0.469266989069...
testing H1>-5.0
evaluate ot="H1.bs>-5.0" t="H1>-5.0", ctx="{'H1': None}"
GetData ===>> H2,-0.26676606552438,H1,449.281282601586,AX,111.714860510046,L1,1.4244190126441,L2,0.423757986491...
GetData ===>> H2,-0.377275748095781,H1,449.141826266735,AX,111.670983737284,L1,1.44167179434847,L2,0.4286486133...
GetData ===>> H2,-0.259632876954439,H1,448.723489348653,AX,111.528689966688,L1,1.4095119662063,L2,0.47982054161...
GetData ===>> H2,-0.159633006719531,H1,448.435916855022,AX,111.66847706801,L1,1.38111091547348,L2,0.47884965764...
GetData ===>> H2,-0.205048690334621,H1,448.666391124149,AX,111.733553934307,L1,1.41515924280651,L2,0.5116138559...
testing H1>-5.0
evaluate ot="H1.bs>-5.0" t="H1>-5.0", ctx="{'H1': None}"
02:13:23 -- collecting point 100
GetData ===>> H2,-0.182166623211154,H1,448.064214871265,AX,111.631158821607,L1,1.42176667865611,L2,0.3914952440...
GetData ===>> H2,-0.27162172325141,H1,447.81490310319,AX,111.62522598513,L1,1.38463936370193,L2,0.5055239861333...
GetData ===>> H2,-0.128550633066679,H1,448.007500775337,AX,111.305660433041,L1,1.41105603998365,L2,0.3597457830...
GetData ===>> H2,-0.0969412265248072,H1,447.657093348004,AX,111.248285929301,L1,1.40785647205882,L2,0.386458026...
GetData ===>> H2,-0.156811298052213,H1,447.277709578594,AX,111.157409877002,L1,1.43988171512055,L2,0.5021650114...
testing H1>-5.0
evaluate ot="H1.bs>-5.0" t="H1>-5.0", ctx="{'H1': None}"
GetData ===>> H2,-0.1136070555026,H1,447.317226795293,AX,111.281343499955,L1,1.39619456512,L2,0.466069172158032...
GetData ===>> H2,-0.152768641706653,H1,447.276822040245,AX,111.349576714742,L1,1.3553322127414,L2,0.50253060838...
GetData ===>> H2,-0.124563725832105,H1,447.231908059425,AX,111.270785451922,L1,1.38143536640931,L2,0.4494879177...
GetData ===>> H2,-0.122483867472358,H1,446.823128085324,AX,111.205775606829,L1,1.42425836338988,L2,0.3346163483...
GetData ===>> H2,-0.107933346251974,H1,446.70101491894,AX,111.278170538466,L1,1.45633410323052,L2,0.52585172089...
testing H1>-5.0
evaluate ot="H1.bs>-5.0" t="H1>-5.0", ctx="{'H1': None}"
GetData ===>> H2,-0.171294647156231,H1,446.507795912532,AX,111.272025392165,L1,1.42379827716952,L2,0.3971267322...
GetData ===>> H2,-0.174755870574708,H1,446.568158898787,AX,111.409647031643,L1,1.46335250756758,L2,0.5077176657...
GetData ===>> H2,-0.128282990374004,H1,446.702402867197,AX,111.167413439776,L1,1.45382799207765,L2,0.4828474782...
GetData ===>> H2,-0.184117364339623,H1,446.214645200711,AX,111.029452068479,L1,1.39738270398613,L2,0.4090647536...
GetData ===>> H2,-0.24569716659972,H1,446.186735816124,AX,111.128842284496,L1,1.3787310527444,L2,0.410013004740...
testing H1>-5.0
evaluate ot="H1.bs>-5.0" t="H1>-5.0", ctx="{'H1': None}"
GetData ===>> H2,-0.190385520462679,H1,445.627400195431,AX,110.973209535952,L1,1.38848639548572,L2,0.4843095800...
GetData ===>> H2,-0.236923078425615,H1,445.165997040642,AX,110.9776163964,L1,1.39630747116803,L2,0.457835284482...
GetData ===>> H2,-0.180196654174699,H1,445.145382068924,AX,110.933189406298,L1,1.41100469565339,L2,0.3794794627...
GetData ===>> H2,-0.0738991897061842,H1,445.251923604043,AX,110.749285001846,L1,1.38458420275687,L2,0.337961231...
GetData ===>> H2,-0.150817125728715,H1,445.142689912385,AX,110.965561567393,L1,1.38354517730888,L2,0.5265830968...
testing H1>-5.0
evaluate ot="H1.bs>-5.0" t="H1>-5.0", ctx="{'H1': None}"
GetData ===>> H2,-0.221411473241736,H1,445.143036045539,AX,110.878719115641,L1,1.43507234826631,L2,0.4540326319...
measurement finished
estimated time: 125.829 actual time: :126.482
flush and close file /Users/jan/PychronDev/data/isotopes/ee/09a8c8-d597-4766-8860-a603194e5e69.h5
baselines () {'settling_time': 15.0, 'detector': 'H1', 'mass': 34.2, 'ncounts': 60}
%%%%%%%%%%%%%%%%%%%%%%%%%%%%%%%% Baseline
build tables- baseline [Detector(H2), Detector(H1), Detector(AX), Detector(L1), Detector(L2), Detector(CDD)]
add group baseline table H2
add group baseline table H1
add group baseline table AX
add group baseline table L1
add group baseline table L2
add group baseline table CDD
flush and close file /Users/jan/PychronDev/data/isotopes/ee/09a8c8-d597-4766-8860-a603194e5e69.h5
detector Detector(H1)
POSITION 34.2 H1
Mapping mass to dac mass func: "parabolic"
H1 map mass coeffs = [-0.00063987  0.15840543  0.57059999]
H1 map mass to dac 34.2 >> 5.23964599104
GetDeflection H1 ===>> 0
GetHighVoltage ===>> 4499.94659342336
positioning 34.2 (5.23961513526) on H1
setting magnet DAC
current  : 5.878955
requested: 5.239615
Delta Dac: 0.639340
Checking detector protection. dv=0.63934
Checking detector "CDD". Protection Threshold: 0.1 (V)
ProtectDetector CDD,On ===>> OK
GetDeflection CDD ===>> 2000
Protected = 2000
SetMagnetDAC 5.23961513526 ===>> OK
Magnet settling time: 0.500
GetMagnetMoving ===>> True
GetMagnetMoving ===>> True
GetMagnetMoving ===>> True
GetMagnetMoving ===>> True
GetMagnetMoving ===>> True
GetMagnetMoving ===>> True
GetMagnetMoving ===>> True
GetMagnetMoving ===>> True
GetMagnetMoving ===>> False
ProtectDetector CDD,Off ===>> OK
GetDeflection CDD ===>> 50
Delaying 15.0s for detectors to settle
Join finished
measuring baseline. ncounts=60
"baseline" increment series count="2" fit count="1" regressing="True"
starting measurement
GetData ===>> H2,-0.145735988757936,H1,-0.0318587613595376,AX,-0.138049102040811,L1,0.0226424057218877,L2,-0.02...
GetData ===>> H2,-0.216377452308566,H1,-0.00325903611229068,AX,-0.100398948603079,L1,0.0198620971446123,L2,-0.0...
GetData ===>> H2,-0.14177025590212,H1,-0.101582546224965,AX,-0.175807846521606,L1,-0.0155122586990726,L2,-0.028...
GetData ===>> H2,-0.183772029399738,H1,-0.0863878790231752,AX,-0.0391443565379187,L1,-0.0605038394791025,L2,-0....
testing H1>-5.0
evaluate ot="H1.bs>-5.0" t="H1>-5.0", ctx="{'H1': None}"
GetData ===>> H2,-0.145921067458442,H1,-0.0355911501357607,AX,-0.201026277652058,L1,-0.0874783268406334,L2,-0.1...
GetData ===>> H2,-0.125815784475279,H1,-0.0606291369210197,AX,-0.121198653489315,L1,-0.0348545428446008,L2,-0.0...
GetData ===>> H2,-0.170004749380882,H1,-0.0897368627463145,AX,-0.0328474620152497,L1,-0.0168052236796757,L2,-0....
GetData ===>> H2,-0.234574081452642,H1,-0.0609748557479638,AX,-0.0627511845967432,L1,-0.019753953523696,L2,-0.0...
GetData ===>> H2,-0.196155545611223,H1,-0.0483136148180961,AX,-0.0699155821074515,L1,-0.0221636195662994,L2,-0....
testing H1>-5.0
evaluate ot="H1.bs>-5.0" t="H1>-5.0", ctx="{'H1': None}"
GetData ===>> H2,-0.177748557553692,H1,-0.0126580124566676,AX,-0.0577891243959765,L1,-0.0231824589328974,L2,-0....
GetData ===>> H2,-0.0945521709692174,H1,0.00834777048044368,AX,-0.0391327604215298,L1,0.0336305806837508,L2,-0....
GetData ===>> H2,-0.206136258942151,H1,-0.0720014676053314,AX,-0.110005604504804,L1,-0.014474318786485,L2,-0.06...
GetData ===>> H2,-0.228438285525792,H1,-0.0202552708786328,AX,-0.109484157784767,L1,-0.0678869895837232,L2,-0.0...
GetData ===>> H2,-0.220375530994841,H1,-0.00151750449732797,AX,-0.0267357217390982,L1,-0.0410972549328978,L2,-0...
testing H1>-5.0
evaluate ot="H1.bs>-5.0" t="H1>-5.0", ctx="{'H1': None}"
GetData ===>> H2,-0.209264962306332,H1,0.0580348619438233,AX,-0.0294379236905787,L1,-0.0633594290568378,L2,-0.0...
GetData ===>> H2,-0.156085833866202,H1,-0.0158544175099749,AX,-0.00346816672695279,L1,-0.0323689263195519,L2,-0...
GetData ===>> H2,-0.216408419095412,H1,-0.052665351928982,AX,-0.0549485788603858,L1,-0.0465389431639613,L2,-0.1...
GetData ===>> H2,-0.291508370385035,H1,-0.00166064522491001,AX,-0.00293454838098824,L1,-0.0182886903111739,L2,-...
GetData ===>> H2,-0.0756465007822473,H1,-0.0248109640240245,AX,0.00136930652547854,L1,-0.0512299583572971,L2,0....
testing H1>-5.0
evaluate ot="H1.bs>-5.0" t="H1>-5.0", ctx="{'H1': None}"
GetData ===>> H2,-0.143930975323818,H1,-0.00752923882532104,AX,-0.0476091528438543,L1,-0.0329508844894674,L2,0....
GetData ===>> H2,-0.207994452011973,H1,0.0661393945311285,AX,0.0204779359304816,L1,-0.00820454784662656,L2,-0.0...
GetData ===>> H2,-0.237910426163511,H1,0.0905976451800463,AX,0.00265701977627693,L1,-0.01978272906057,L2,0.0531...
GetData ===>> H2,-0.266891078224072,H1,-0.136168862265129,AX,-0.0446987374434437,L1,-0.0481427509067518,L2,-0.0...
GetData ===>> H2,-0.259878789084185,H1,-0.0535833654500937,AX,-0.147765525060888,L1,-0.0493980904111481,L2,-0.0...
testing H1>-5.0
evaluate ot="H1.bs>-5.0" t="H1>-5.0", ctx="{'H1': None}"
02:14:29 -- collecting point 25
GetData ===>> H2,-0.16178832423992,H1,-0.00667044174089675,AX,-0.127906913429938,L1,-0.049821687218432,L2,-0.12...
GetData ===>> H2,-0.143574262026248,H1,0.0581422815028489,AX,-0.070796604278357,L1,-0.0382417342373682,L2,-0.03...
GetData ===>> H2,-0.235498401440716,H1,-0.0338740300953376,AX,-0.00883898848406833,L1,-0.0335747158166695,L2,-0...
GetData ===>> H2,-0.307158067941624,H1,0.0319472574748627,AX,-0.15598546393433,L1,-0.0644729725802703,L2,-0.185...
GetData ===>> H2,-0.276727786094392,H1,-0.000157657375843123,AX,-0.0939553523553736,L1,-0.00965905104891627,L2,...
testing H1>-5.0
evaluate ot="H1.bs>-5.0" t="H1>-5.0", ctx="{'H1': None}"
GetData ===>> H2,-0.230943341756977,H1,-0.0099147476222637,AX,0.00425798432922221,L1,0.00898133400307987,L2,0.0...
GetData ===>> H2,-0.280076838147278,H1,-0.0602357312856626,AX,-0.0116576813234633,L1,0.0353156659793875,L2,-0.0...
GetData ===>> H2,-0.305664340485504,H1,-0.0211020253457537,AX,-0.142061012481729,L1,0.0154036700542745,L2,0.008...
GetData ===>> H2,-0.25659548747461,H1,-0.0341840678376169,AX,-0.0955894702109837,L1,0.0179581363341386,L2,0.018...
GetData ===>> H2,-0.18994195487305,H1,-0.0479440065092039,AX,-0.0261442426341318,L1,-0.00707605392208545,L2,0.0...
testing H1>-5.0
evaluate ot="H1.bs>-5.0" t="H1>-5.0", ctx="{'H1': None}"
GetData ===>> H2,-0.205174028851444,H1,-0.0559558548953064,AX,-0.0874533775449721,L1,0.00189883528122868,L2,-0....
GetData ===>> H2,-0.300406063813349,H1,0.0234636871508489,AX,-0.110689274858795,L1,-0.0130097238722813,L2,-0.00...
GetData ===>> H2,-0.310242866909797,H1,0.0793859321596148,AX,-0.137840385408807,L1,-0.0145294466745262,L2,0.019...
GetData ===>> H2,-0.293603919955024,H1,-0.0281977847534918,AX,-0.00424538821481963,L1,-0.0424923800078715,L2,-0...
GetData ===>> H2,-0.349677687499402,H1,-0.0166296496236783,AX,-0.160251674581149,L1,-0.0483222656910073,L2,-0.0...
testing H1>-5.0
evaluate ot="H1.bs>-5.0" t="H1>-5.0", ctx="{'H1': None}"
GetData ===>> H2,-0.185970661733746,H1,-0.00681357509992859,AX,-0.21607772973077,L1,-0.0220389544874202,L2,-0.0...
GetData ===>> H2,-0.130302320291224,H1,-0.0514611915557016,AX,-0.0195449476659522,L1,0.0114237402091021,L2,-0.0...
GetData ===>> H2,-0.190637630541859,H1,-0.0416008382823961,AX,-0.0231288030872223,L1,-0.0181999522979514,L2,-0....
GetData ===>> H2,-0.314114106484163,H1,-0.0794869505641892,AX,-0.0752015954810861,L1,-0.00667187602087322,L2,-0...
GetData ===>> H2,-0.293476399248472,H1,-0.0160929511075601,AX,-0.16065741856603,L1,0.0186175747939972,L2,-0.089...
testing H1>-5.0
evaluate ot="H1.bs>-5.0" t="H1>-5.0", ctx="{'H1': None}"
GetData ===>> H2,-0.241384153280131,H1,0.0481408211675972,AX,-0.200157185023765,L1,-0.00971540432196572,L2,-0.0...
GetData ===>> H2,-0.24930779572687,H1,-0.0362350625556339,AX,0.0154074604065984,L1,-0.0329496870792543,L2,0.015...
GetData ===>> H2,-0.266271378027188,H1,-0.0464536365754718,AX,-0.0257151280924758,L1,-0.0458291166670163,L2,-0....
GetData ===>> H2,-0.202203267138904,H1,0.0241437780973409,AX,-0.0229432345250514,L1,-0.00493144692734094,L2,-0....
GetData ===>> H2,-0.230064414295357,H1,-0.0495416584288087,AX,-0.0432840817895919,L1,0.0448315838042867,L2,0.07...
testing H1>-5.0
evaluate ot="H1.bs>-5.0" t="H1>-5.0", ctx="{'H1': None}"
02:14:55 -- collecting point 50
GetData ===>> H2,-0.174803122566749,H1,-0.0150672526047611,AX,-0.104176829957623,L1,0.00177039476005396,L2,-0.0...
GetData ===>> H2,-0.197002556132642,H1,-0.0671499080818315,AX,-0.034157899050272,L1,-0.0135730548339512,L2,0.09...
GetData ===>> H2,-0.247232228662834,H1,-0.0401580690865931,AX,0.000731256721797374,L1,-0.0509332447469474,L2,-0...
GetData ===>> H2,-0.184159181527465,H1,0.0352645170418111,AX,-0.0370918224176124,L1,0.00473214557293318,L2,0.00...
GetData ===>> H2,-0.15419022132065,H1,-0.0199213375698946,AX,-0.120294914719553,L1,0.00170437456879705,L2,-0.01...
testing H1>-5.0
evaluate ot="H1.bs>-5.0" t="H1>-5.0", ctx="{'H1': None}"
GetData ===>> H2,-0.160250204058548,H1,-0.0486116850405559,AX,-0.150907501908863,L1,-0.00266160011323859,L2,-0....
GetData ===>> H2,-0.148621251811735,H1,-0.0171663452619651,AX,-0.201014689801471,L1,0.00352789131029127,L2,-0.0...
GetData ===>> H2,-0.229952692736782,H1,-0.0409211892689719,AX,-0.180432487846168,L1,0.0224982049203778,L2,0.031...
GetData ===>> H2,-0.14764472108613,H1,-0.0565281052363752,AX,-0.132228224498984,L1,-0.000232825272013926,L2,-0....
GetData ===>> H2,-0.179701409416883,H1,0.0167465457993067,AX,-0.0641771504190077,L1,-0.0159296718623436,L2,-0.0...
testing H1>-5.0
evaluate ot="H1.bs>-5.0" t="H1>-5.0", ctx="{'H1': None}"
GetData ===>> H2,-0.209693373680676,H1,0.0256948799965741,AX,-0.0795020655634258,L1,-0.00912188060910951,L2,-0....
measurement finished
estimated time: 62.915 actual time: :63.195
flush and close file /Users/jan/PychronDev/data/isotopes/ee/09a8c8-d597-4766-8860-a603194e5e69.h5
activate_detectors ('H1', 'AX', 'CDD') {'peak_center': True}
peak_center () {'detector': 'H1', 'integration_time': 0.262144, 'isotope': 'Ar40'}
peak center: mean=445.714837165 threshold=3
peak center started
setup peak center. detector=['H1', 'AX', 'CDD'], isotope=Ar40
VersionedUnpickler [<apptools.sweet_pickle.versioned_unpickler.VersionedUnpickler object at 0x19f1aaef0>] using Updater [<apptools.sweet_pickle.updater.Updater object at 0x135230b30>]
VersionedUnpickler [<apptools.sweet_pickle.versioned_unpickler.VersionedUnpickler object at 0x19f1aaef0>] using Updater [<apptools.sweet_pickle.updater.Updater object at 0x135230b30>]
VersionedUnpickler [<apptools.sweet_pickle.versioned_unpickler.VersionedUnpickler object at 0x1a201de90>] using Updater [<apptools.sweet_pickle.updater.Updater object at 0x135230b30>]
setting integration time = 0.524288
SetIntegrationTime 0.524288 ===>> OK
Mapping mass to dac mass func: "parabolic"
H1 map mass coeffs = [-0.00063987  0.15840543  0.57059999]
H1 map mass to dac 39.9624 >> 5.87899
GetDeflection H1 ===>> 0
GetHighVoltage ===>> 4499.94659342336
do peak center. <pychron.spectrometer.jobs.peak_center.PeakCenter object at 0x1352309b0>
doing pc
starting peak center. center dac= 5.87895537918 step_width=0.001
width = 0.001
get scan parameters. half-width=0.015,window=0.015, i=0, scalar=1
Scan parameters center=5.87896 width=0.03000 (5.86396 - 5.89396)
GetData ===>> H2,-0.129217008914136,H1,-0.013838785913811,AX,-0.138246222893154,L1,-0.0375444998398659,L2,-0.01...
Moving to starting dac 5.86395537918
setting magnet DAC
current  : 5.239615
requested: 5.863955
Delta Dac: 0.624340
Checking detector protection. dv=0.62434
Checking detector "CDD". Protection Threshold: 0.1 (V)
ProtectDetector CDD,On ===>> OK
GetDeflection CDD ===>> 2000
Protected = 2000
SetMagnetDAC 5.86395537918 ===>> OK
Magnet settling time: 0.500
GetMagnetMoving ===>> True
GetMagnetMoving ===>> True
GetMagnetMoving ===>> True
GetMagnetMoving ===>> True
GetMagnetMoving ===>> True
GetMagnetMoving ===>> True
GetMagnetMoving ===>> True
GetMagnetMoving ===>> True
GetMagnetMoving ===>> True
GetMagnetMoving ===>> False
ProtectDetector CDD,Off ===>> OK
GetDeflection CDD ===>> 50
Wait until signal near baseline. tol= -0.0103790894354. timeout= 10
GetData ===>> H2,54.8411459454576,H1,24.7118191994878,AX,0.472914738395064,L1,0.0193487150542636,L2,0.017651146...
GetData ===>> H2,73.3377816405318,H1,25.9394893103926,AX,2.97341384848261,L1,0.0218644677903224,L2,-0.029350629...
GetData ===>> H2,40.9268042017221,H1,12.3048690106706,AX,1.4254074960832,L1,0.0158785829392631,L2,-0.0156213942...
GetData ===>> H2,17.4031002701996,H1,6.11875007448546,AX,0.638727325073386,L1,0.00133827045353352,L2,-0.0093822...
GetData ===>> H2,6.09212215559156,H1,3.10172199753003,AX,0.191368687396016,L1,0.0227960316988264,L2,0.053851878...
GetData ===>> H2,1.77783358865805,H1,1.6599682165767,AX,0.0625375770435309,L1,0.0438632134165421,L2,-0.14227239...
GetData ===>> H2,0.523232498726433,H1,0.979548460504964,AX,-0.11984304218629,L1,0.0380422060555723,L2,-0.114655...
GetData ===>> H2,0.297646163171353,H1,0.640758669296626,AX,-0.00284174489184497,L1,0.0175511046648571,L2,-0.016...
GetData ===>> H2,0.241597633845973,H1,0.47002655688837,AX,0.096514264666209,L1,-0.00853311847131529,L2,0.028288...
GetData ===>> H2,0.303501921550433,H1,0.397215283524743,AX,0.0892358591157847,L1,-0.012125110769667,L2,-0.07539...
GetData ===>> H2,0.303501921550433,H1,0.397215283524743,AX,0.0892358591157847,L1,-0.012125110769667,L2,-0.07539...
GetData ===>> H2,0.353741270636368,H1,0.4491534160185,AX,-0.0371266114921254,L1,-0.0101206589926993,L2,-0.02960...
GetData ===>> H2,0.316179352032996,H1,0.424161409003365,AX,-0.050600644494233,L1,-0.00771766800349988,L2,-0.000...
GetData ===>> H2,0.328257734369838,H1,0.408093282763411,AX,-0.0147894665246061,L1,-0.0107081293955875,L2,-0.074...
GetData ===>> H2,0.282860221999727,H1,0.338255543544786,AX,-0.0456379646744679,L1,-0.00411210564448028,L2,-0.15...
GetData ===>> H2,0.25277423066129,H1,0.408093282763411,AX,0.00358511196157802,L1,-0.0244140262672142,L2,-0.0981...
GetData ===>> H2,0.207678968694697,H1,0.313673336160592,AX,0.0253282031301097,L1,0.00332619580039609,L2,0.02514...
GetData ===>> H2,0.0548424114296475,H1,0.343129700006206,AX,0.00771522949122574,L1,-0.00245162542346313,L2,-0.0...
GetData ===>> H2,-0.0488717677963228,H1,0.317232485745423,AX,-0.0384022023043536,L1,-0.0389197542919603,L2,-0.1...
GetData ===>> H2,-0.140998503048365,H1,0.304572998042496,AX,-0.108927944869399,L1,-0.0211689494788628,L2,-0.072...
GetData ===>> H2,-0.12952652921413,H1,0.411966613458614,AX,0.0681222892697333,L1,-0.00711563130121778,L2,-0.125...
Peak center failed to move to a baseline position
_do_sweep sm= 5.86395537918, em= 5.89395537918, stm= 0.001
calculated step values: start=5.86395537918, end=5.89395537918, width=0.001, nsteps=31.0
setting magnet DAC
current  : 5.863955
requested: 5.863955
Delta Dac: 0.000000
Checking detector protection. dv=0.00000
Checking detector "CDD". Protection Threshold: 0.1 (V)
SetMagnetDAC 5.86395537918 ===>> OK
GetData ===>> H2,-0.12952652921413,H1,0.411966613458614,AX,0.0681222892697333,L1,-0.00711563130121778,L2,-0.125...
setting magnet DAC
current  : 5.863955
requested: 5.864990
Delta Dac: 0.001034
Checking detector protection. dv=0.00103
Checking detector "CDD". Protection Threshold: 0.1 (V)
SetMagnetDAC 5.86498986194 ===>> OK
Magnet settling time: 1.049
GetData ===>> H2,0.0317333190638385,H1,0.575791754167754,AX,0.0646926355100661,L1,-0.0330161947828547,L2,0.1833...
setting magnet DAC
current  : 5.864990
requested: 5.866024
Delta Dac: 0.001034
Checking detector protection. dv=0.00103
Checking detector "CDD". Protection Threshold: 0.1 (V)
SetMagnetDAC 5.8660243447 ===>> OK
Magnet settling time: 1.049
GetData ===>> H2,-0.0363700307806956,H1,1.78182759016983,AX,0.237994837690421,L1,-0.00962188169614287,L2,0.1351...
setting magnet DAC
current  : 5.866024
requested: 5.867059
Delta Dac: 0.001034
Checking detector protection. dv=0.00103
Checking detector "CDD". Protection Threshold: 0.1 (V)
SetMagnetDAC 5.86705882746 ===>> OK
Magnet settling time: 1.049
GetData ===>> H2,-0.171876132532892,H1,6.43251781556169,AX,1.07970002297941,L1,-0.0245576955016805,L2,-0.177192...
setting magnet DAC
current  : 5.867059
requested: 5.868093
Delta Dac: 0.001034
Checking detector protection. dv=0.00103
Checking detector "CDD". Protection Threshold: 0.1 (V)
SetMagnetDAC 5.86809331021 ===>> OK
Magnet settling time: 1.049
GetData ===>> H2,-0.174172100995338,H1,32.8417768386606,AX,5.31783566631119,L1,0.0662512249595992,L2,-0.0613778...
setting magnet DAC
current  : 5.868093
requested: 5.869128
Delta Dac: 0.001034
Checking detector protection. dv=0.00103
Checking detector "CDD". Protection Threshold: 0.1 (V)
SetMagnetDAC 5.86912779297 ===>> OK
Magnet settling time: 1.049
GetData ===>> H2,-0.101329033465199,H1,94.6011385406843,AX,16.1043372839656,L1,0.116473219726121,L2,-0.05420850...
setting magnet DAC
current  : 5.869128
requested: 5.870162
Delta Dac: 0.001034
Checking detector protection. dv=0.00103
Checking detector "CDD". Protection Threshold: 0.1 (V)
SetMagnetDAC 5.87016227573 ===>> OK
Magnet settling time: 1.049
GetData ===>> H2,-0.154756371167806,H1,198.688707881591,AX,37.9663872752511,L1,0.231121106108024,L2,0.114095281...
setting magnet DAC
current  : 5.870162
requested: 5.871197
Delta Dac: 0.001034
Checking detector protection. dv=0.00103
Checking detector "CDD". Protection Threshold: 0.1 (V)
SetMagnetDAC 5.87119675849 ===>> OK
Magnet settling time: 1.049
GetData ===>> H2,-0.171681857676575,H1,305.291586159738,AX,64.7188193734526,L1,0.430137875685808,L2,-0.00485064...
setting magnet DAC
current  : 5.871197
requested: 5.872231
Delta Dac: 0.001034
Checking detector protection. dv=0.00103
Checking detector "CDD". Protection Threshold: 0.1 (V)
SetMagnetDAC 5.87223124125 ===>> OK
Magnet settling time: 1.049
GetData ===>> H2,-0.256120989533411,H1,377.722433225104,AX,86.2296950752478,L1,0.712660746035198,L2,0.241408061...
setting magnet DAC
current  : 5.872231
requested: 5.873266
Delta Dac: 0.001034
Checking detector protection. dv=0.00103
Checking detector "CDD". Protection Threshold: 0.1 (V)
SetMagnetDAC 5.87326572401 ===>> OK
Magnet settling time: 1.049
GetData ===>> H2,-0.195767086457648,H1,410.913190646478,AX,98.6036707904248,L1,0.929645517220237,L2,0.361958576...
setting magnet DAC
current  : 5.873266
requested: 5.874300
Delta Dac: 0.001034
Checking detector protection. dv=0.00103
Checking detector "CDD". Protection Threshold: 0.1 (V)
SetMagnetDAC 5.87430020677 ===>> OK
Magnet settling time: 1.049
GetData ===>> H2,-0.203865318458619,H1,422.041932057386,AX,103.741819730061,L1,1.13426018110674,L2,0.3363392139...
setting magnet DAC
current  : 5.874300
requested: 5.875335
Delta Dac: 0.001034
Checking detector protection. dv=0.00103
Checking detector "CDD". Protection Threshold: 0.1 (V)
SetMagnetDAC 5.87533468952 ===>> OK
Magnet settling time: 1.049
GetData ===>> H2,-0.159071152345028,H1,425.031870718061,AX,105.161922041441,L1,1.19013210090406,L2,0.4392916418...
setting magnet DAC
current  : 5.875335
requested: 5.876369
Delta Dac: 0.001034
Checking detector protection. dv=0.00103
Checking detector "CDD". Protection Threshold: 0.1 (V)
SetMagnetDAC 5.87636917228 ===>> OK
Magnet settling time: 1.049
GetData ===>> H2,-0.279290267183379,H1,425.922427287327,AX,105.612376774613,L1,1.22887154647481,L2,0.4604389894...
setting magnet DAC
current  : 5.876369
requested: 5.877404
Delta Dac: 0.001034
Checking detector protection. dv=0.00103
Checking detector "CDD". Protection Threshold: 0.1 (V)
SetMagnetDAC 5.87740365504 ===>> OK
Magnet settling time: 1.049
GetData ===>> H2,-0.121892836888693,H1,426.202901354887,AX,105.793608350676,L1,1.23958220566504,L2,0.3433878479...
setting magnet DAC
current  : 5.877404
requested: 5.878438
Delta Dac: 0.001034
Checking detector protection. dv=0.00103
Checking detector "CDD". Protection Threshold: 0.1 (V)
SetMagnetDAC 5.8784381378 ===>> OK
Magnet settling time: 1.049
GetData ===>> H2,-0.142645667219967,H1,425.905864368435,AX,105.381842041699,L1,1.31053363027227,L2,0.3123914188...
setting magnet DAC
current  : 5.878438
requested: 5.879473
Delta Dac: 0.001034
Checking detector protection. dv=0.00103
Checking detector "CDD". Protection Threshold: 0.1 (V)
SetMagnetDAC 5.87947262056 ===>> OK
Magnet settling time: 1.049
GetData ===>> H2,-0.243631701202758,H1,425.872218974669,AX,105.826765359923,L1,1.34484795832635,L2,0.3371375768...
setting magnet DAC
current  : 5.879473
requested: 5.880507
Delta Dac: 0.001034
Checking detector protection. dv=0.00103
Checking detector "CDD". Protection Threshold: 0.1 (V)
SetMagnetDAC 5.88050710332 ===>> OK
Magnet settling time: 1.049
GetData ===>> H2,-0.252673895719837,H1,425.981971503143,AX,105.66953145745,L1,1.36674485868139,L2,0.37599167401...
setting magnet DAC
current  : 5.880507
requested: 5.881542
Delta Dac: 0.001034
Checking detector protection. dv=0.00103
Checking detector "CDD". Protection Threshold: 0.1 (V)
SetMagnetDAC 5.88154158608 ===>> OK
Magnet settling time: 1.049
GetData ===>> H2,-0.26206623049203,H1,425.260559098336,AX,105.694503221619,L1,1.36035870390148,L2,0.45767541016...
setting magnet DAC
current  : 5.881542
requested: 5.882576
Delta Dac: 0.001034
Checking detector protection. dv=0.00103
Checking detector "CDD". Protection Threshold: 0.1 (V)
SetMagnetDAC 5.88257606883 ===>> OK
Magnet settling time: 1.049
GetData ===>> H2,-0.244406799610146,H1,424.687259844107,AX,105.231951074389,L1,1.34513477778477,L2,0.3933590507...
setting magnet DAC
current  : 5.882576
requested: 5.883611
Delta Dac: 0.001034
Checking detector protection. dv=0.00103
Checking detector "CDD". Protection Threshold: 0.1 (V)
SetMagnetDAC 5.88361055159 ===>> OK
Magnet settling time: 1.049
GetData ===>> H2,-0.40666711919398,H1,422.794759447388,AX,104.196347660417,L1,1.26021040487982,L2,0.41330917224...
setting magnet DAC
current  : 5.883611
requested: 5.884645
Delta Dac: 0.001034
Checking detector protection. dv=0.00103
Checking detector "CDD". Protection Threshold: 0.1 (V)
SetMagnetDAC 5.88464503435 ===>> OK
Magnet settling time: 1.049
GetData ===>> H2,-0.168251818143911,H1,415.960241698006,AX,101.010194827664,L1,1.26403112600591,L2,0.2764809464...
setting magnet DAC
current  : 5.884645
requested: 5.885680
Delta Dac: 0.001034
Checking detector protection. dv=0.00103
Checking detector "CDD". Protection Threshold: 0.1 (V)
SetMagnetDAC 5.88567951711 ===>> OK
Magnet settling time: 1.049
GetData ===>> H2,-0.223618677682113,H1,391.942741479339,AX,90.6895285765334,L1,1.15459978561149,L2,0.3938840007...
setting magnet DAC
current  : 5.885680
requested: 5.886714
Delta Dac: 0.001034
Checking detector protection. dv=0.00103
Checking detector "CDD". Protection Threshold: 0.1 (V)
SetMagnetDAC 5.88671399987 ===>> OK
Magnet settling time: 1.049
GetData ===>> H2,-0.21507946373623,H1,331.285525157097,AX,69.4527550502649,L1,0.98529042909015,L2,0.27392782550...
setting magnet DAC
current  : 5.886714
requested: 5.887748
Delta Dac: 0.001034
Checking detector protection. dv=0.00103
Checking detector "CDD". Protection Threshold: 0.1 (V)
SetMagnetDAC 5.88774848263 ===>> OK
Magnet settling time: 1.049
GetData ===>> H2,-0.337146419789742,H1,232.298042090612,AX,42.4591087763383,L1,0.726284558902748,L2,0.133318239...
setting magnet DAC
current  : 5.887748
requested: 5.888783
Delta Dac: 0.001034
Checking detector protection. dv=0.00103
Checking detector "CDD". Protection Threshold: 0.1 (V)
SetMagnetDAC 5.88878296539 ===>> OK
Magnet settling time: 1.049
GetData ===>> H2,-0.190942017490254,H1,129.628940559177,AX,20.2689632106315,L1,0.437356373611503,L2,0.038335601...
setting magnet DAC
current  : 5.888783
requested: 5.889817
Delta Dac: 0.001034
Checking detector protection. dv=0.00103
Checking detector "CDD". Protection Threshold: 0.1 (V)
SetMagnetDAC 5.88981744814 ===>> OK
Magnet settling time: 1.049
GetData ===>> H2,-0.109616250238412,H1,54.4161080898742,AX,7.00476485627784,L1,0.246177703731912,L2,-0.07958328...
setting magnet DAC
current  : 5.889817
requested: 5.890852
Delta Dac: 0.001034
Checking detector protection. dv=0.00103
Checking detector "CDD". Protection Threshold: 0.1 (V)
SetMagnetDAC 5.8908519309 ===>> OK
Magnet settling time: 1.049
GetData ===>> H2,-0.132334803585671,H1,17.774150342621,AX,1.64667335131513,L1,0.17828529777124,L2,-0.0485864581...
setting magnet DAC
current  : 5.890852
requested: 5.891886
Delta Dac: 0.001034
Checking detector protection. dv=0.00103
Checking detector "CDD". Protection Threshold: 0.1 (V)
SetMagnetDAC 5.89188641366 ===>> OK
Magnet settling time: 1.049
GetData ===>> H2,-0.218246078684843,H1,2.2388206937938,AX,0.0981600941950542,L1,0.0804727877986837,L2,-0.061901...
setting magnet DAC
current  : 5.891886
requested: 5.892921
Delta Dac: 0.001034
Checking detector protection. dv=0.00103
Checking detector "CDD". Protection Threshold: 0.1 (V)
SetMagnetDAC 5.89292089642 ===>> OK
Magnet settling time: 1.049
GetData ===>> H2,-0.29380123862469,H1,0.398649677435637,AX,-0.115579115960159,L1,0.0591780051534917,L2,0.016489...
setting magnet DAC
current  : 5.892921
requested: 5.893955
Delta Dac: 0.001034
Checking detector protection. dv=0.00103
Checking detector "CDD". Protection Threshold: 0.1 (V)
SetMagnetDAC 5.89395537918 ===>> OK
Magnet settling time: 1.049
GetData ===>> H2,-0.284721001540084,H1,0.0697203984366236,AX,-0.0950679462177326,L1,0.00546096916282186,L2,0.03...
result of _do_sweep=True
result of _calculate_peak_center=([5.8713563880935524, 5.8791347033447448, 5.8869130185959371], [316.46829001554579, 426.19754397436975, 312.24184104008401], 5.8774223130469077, 426.19754397436975)
Failed to find a valid peak. No peak greater than 1.0. max = 0.0282439064391
new center pos Detector(H1) (Ar40) @ 5.87913470334
GetHighVoltage ===>> 4499.94659342336
GetDeflection H1 ===>> 0
dac uncorrected for HV and deflection 5.87916932522
update mftable H1 Ar40 5.87916932522 message=automated run peakcenter
get initial guess parabolic
get initial guess parabolic
get initial guess parabolic
get initial guess parabolic
get initial guess parabolic
get initial guess parabolic
dump mftable to /Users/jan/PychronDev/setupfiles/spectrometer/mftables/mftable.csv
add to repo msg=modified - automated run peakcenter
locally archiving mftable
setting magnet DAC
current  : 5.893955
requested: 5.879135
Delta Dac: 0.014821
Checking detector protection. dv=0.01482
Checking detector "CDD". Protection Threshold: 0.1 (V)
SetMagnetDAC 5.87913470334 ===>> OK
Magnet settling time: 0.500
sweep finished
setting integration time = 1.048576
SetIntegrationTime 1.048576 ===>> OK
Failed to find a valid peak. No peak greater than 1.0. max = 0.0281931906011
flush and close file /Users/jan/PychronDev/data/isotopes/ee/09a8c8-d597-4766-8860-a603194e5e69.h5
finished measure script
executed snippet estimated_duration=226.132928, duration=273.276376963
jan_unknown120_60.py completed successfully
Measurement Finished
02:15:53 -- ******* Measurement Finished *******
Post Measurement Started jan_pump_ms.py
02:15:53 -- ******* Post Measurement Started jan_pump_ms.py *******
testing...
no interpolation path defined
executed snippet estimated_duration=0, duration=2.90870666504e-05
Pumping spectrometer
open () {'name': 'O'}
opening name=O desc=---
checking ownership. requestor=129.138.12.150
check software interlocks O
interlocks []
actuate state mode=None-script, software_lock=False
doing actuation None-script open_channel True
Open O ===>> OK
GetIndicatorState O ===>> OK
change switch state (True, True)
update switch state O True args=() kw={} ncanvase=2
02:15:54 -- OPEN   VALVE-O (Jan Ion Pump)
---------------------------------------- open O () result=[(True, True)], time=0.11 sec
action=open, ok=True, locked=[False]
executed snippet estimated_duration=0, duration=0.367204189301
jan_pump_ms.py completed successfully
setting _ms_pumptime
Post Measurement Finished
02:15:54 -- ******* Post Measurement Finished *******
$$$$$$$$$$$$$$$$$$$$ state at run end measurement
state changed from measurement to success
post measurement save measured=True aborted=False
Set filtering
setting fod for Ar40= {'filter_outliers': True, 'std_devs': 2, 'iterations': 1}
setting fod for H1= {'filter_outliers': True, 'std_devs': 2, 'iterations': 1}
setting fod for PM41= {'filter_outliers': False, 'std_devs': 2, 'iterations': 1}
setting fod for H2= {'filter_outliers': True, 'std_devs': 2, 'iterations': 1}
setting fod for Ar36= {'filter_outliers': True, 'std_devs': 2, 'iterations': 1}
setting fod for CDD= {'filter_outliers': True, 'std_devs': 10, 'iterations': 1}
setting fod for Ar37= {'filter_outliers': True, 'std_devs': 2, 'iterations': 1}
setting fod for L2= {'filter_outliers': True, 'std_devs': 2, 'iterations': 1}
setting fod for Ar38= {'filter_outliers': True, 'std_devs': 2, 'iterations': 1}
setting fod for L1= {'filter_outliers': True, 'std_devs': 2, 'iterations': 1}
setting fod for Ar39= {'filter_outliers': True, 'std_devs': 2, 'iterations': 1}
setting fod for AX= {'filter_outliers': True, 'std_devs': 2, 'iterations': 1}
persistence save...
persistence save - db
post measurement save
5192589968 connecting to database sqlite:////Users/jan/PychronDev/.appdata/local_lab.db
connected to db sqlite:////Users/jan/PychronDev/.appdata/local_lab.db
create new session 5192589968
close session 5192589968
No database instance. Not saving post measurement to isotopedb database
$$$$$$$$$$$$$$$ auto_save_detector_ic=False
massspec enabled True
create new session 4985539184
MassSpec Database Version: 16.0
close session 4985539184
saving post measurement to secondary database
saving to massspec database 129.138.12.160/massspecdata
setting labnumber to 65580
setting aliquot to 6
setting step to B
setting uuid to ee09a8c8-d597-4766-8860-a603194e5e69
setting irradpos to 65580
setting extract_device to Fusions CO2
setting tray to 
setting position to 194
setting power_requested to 0.4
setting extract_value to 0.4
setting duration to 30.0
setting duration_at_request to 30.0
setting first_stage_delay to 30.0
setting cleanup to 30.0
setting comment to O:3 with inclusions
setting irradiation to NM-289
setting level to O
setting irradiation_level to O
setting sample to Bw-2014-12 W
setting material to Sanidine
setting project to Bustos Wells
setting mass_spectrometer to Jan
no attribute chron_dosages
no attribute production_ratios
no attribute interference_corrections
no attribute production_name
no attribute j
Reference Isotope=Ar40
Reference Detector=H1
%%%%%%%%%%%%%%%%%%%% Comment: O:3 with inclusions %%%%%%%%%%%%%%%%%%%
adding isotope PM41 H2
add baseline dbdet= PM41. original det= H2
get baseline data PM41 H2
Get data baseline <pychron.processing.isotope.Baseline object at 0x18eee7090> len t=60
baseline PM41. v=-0.212269479982, e=0.00719158190155
get signal data PM41 H2
Get data signal PM41 0.05+/-0.07 len t=120
adding isotope Ar40 H1
add baseline dbdet= Ar40. original det= H1
get baseline data Ar40 H1
Get data baseline <pychron.processing.isotope.Baseline object at 0x18eee76d0> len t=60
baseline Ar40. v=-0.0233838603458, e=0.00504052626162
get signal data Ar40 H1
Get data signal Ar40 467.05+/-0.04 len t=120
adding isotope Ar39 AX
add baseline dbdet= Ar39. original det= AX
get baseline data Ar39 AX
Get data baseline <pychron.processing.isotope.Baseline object at 0x18eee7210> len t=60
baseline Ar39. v=-0.0759030552861, e=0.00808003041725
get signal data Ar39 AX
Get data signal Ar39 116.360+/-0.023 len t=120
adding isotope Ar38 L1
add baseline dbdet= Ar38. original det= L1
get baseline data Ar38 L1
Get data baseline <pychron.processing.isotope.Baseline object at 0x18eee70d0> len t=60
baseline Ar38. v=-0.0175951914642, e=0.00339000529725
get signal data Ar38 L1
Get data signal Ar38 1.489+/-0.004 len t=120
adding isotope Ar37 L2
add baseline dbdet= Ar37. original det= L2
get baseline data Ar37 L2
Get data baseline <pychron.processing.isotope.Baseline object at 0x18eee7510> len t=60
baseline Ar37. v=-0.0327328454912, e=0.00561991680229
get signal data Ar37 L2
Get data signal Ar37 0.496+/-0.011 len t=120
adding isotope Ar36 CDD
add baseline dbdet= Ar36. original det= CDD
get baseline data Ar36 CDD
Get data baseline <pychron.processing.isotope.Baseline object at 0x18eee7ad0> len t=60
baseline Ar36. v=0.000158789773463, e=1.93375100824e-05
get signal data Ar36 CDD
Get data signal Ar36 0.01921+/-0.00034 len t=120
65580-06B added analysis time 0.524178981781s
analysis added to mass spec database
mass spec save time= 0.533
persistence save - dvc
================= post measurement started
create new session 4989601072
close session 4989601072
---------------- Experiment Queue saving disabled
DVC saving peakcenter
Failed to find a valid peak. No peak greater than 1.0. max = 0.0281931906011
Smart pull ahead: 0 behind: 0
Up-to-date with origin
add to repo msg=modified - ad8224ebc6dbfeb9f5997218dfa5fe690569839d.json
add to repo msg=modified - 80-06B.json
add to repo msg=modified - 80-06B.dat.json
add to repo msg=modified - 80-06B.blan.json
add to repo msg=modified - 80-06B.inte.json
add to repo msg=modified - 80-06B.icfa.json
add to repo msg=modified - 80-06B.base.json
not at valid file /Users/jan/PychronDev/data/.dvc/repositories/Load1789/655/tags/80-06B.tags.json
add to repo msg=modified - 80-06B.peak.json
add to repo msg=modified - 80-06B.extr.json
not at valid file /Users/jan/PychronDev/data/.dvc/repositories/Load1789/655/monitor/80-06B.moni.json
commit message=<COLLECTION>
add to repo msg=modified - 80-06B.inte.json
add to repo msg=modified - 80-06B.base.json
commit message=<ISOEVO> default collection fits
add to repo msg=modified - 80-06B.blan.json
commit message=<BLANKS> preceding ba-01-J-2309
add to repo msg=modified - 80-06B.icfa.json
commit message=<ICFactor> default
push repository <pychron.git_archive.repo_manager.GitRepoManager object at 0x1a76bae90>
pushing to remote=origin, url=https://github.com
no changes to meta repo
create new session 4989601072
add association Load1789
get identifier "65580"
setting analysis irradiation position=<pychron.dvc.dvc_orm.IrradiationPositionTbl object at 0x18c5c4dd0>
close session 4989601072
================= post measurement finished
02:16:08 -- ******* Post Run Check *******
loading queue conditionals post_run_actions
loading system conditionals post_run_actions
loading conditionals from /Users/jan/PychronDev/setupfiles/spectrometer/default_conditionals.yaml
loading queue conditionals post_run_terminations
loading system conditionals post_run_terminations
loading conditionals from /Users/jan/PychronDev/setupfiles/spectrometer/default_conditionals.yaml
Checking default post run terminations n=1
GetDeflection CDD ===>> 50
testing CDD==2000
evaluate ot="CDD.deflection==2000" t="CDD==2000", ctx="{'CDD': 50.0}"
02:16:08 -- ******* Post Run Check Passed *******
02:16:08 -- Automated run 65580-06B success duration: 365.162 s
----------------- finish -----------------
----------------- stop -----------------
retroactive repository identifiers disabled
finish run. runs completed=121
update duration runid=65580-06B, duration=365.161909103, md5=301e91d8
loading script "jan_unknown120_60.py"
loading script "jan_pump_ms.py"
loading script "jan_co2.py"
loading script "jan_pump_extraction_line.py"
testing...
no interpolation path defined
executed snippet estimated_duration=213.652928, duration=0.000200986862183
script duration name:unknown120_60 seconds:214.0
loading script "jan_unknown120_60.py"
loading script "jan_pump_ms.py"
loading script "jan_co2.py"
loading script "jan_pump_extraction_line.py"
testing...
no interpolation path defined
executed snippet estimated_duration=0, duration=2.88486480713e-05
loading script "jan_unknown120_60.py"
loading script "jan_pump_ms.py"
loading script "jan_co2.py"
loading script "jan_pump_extraction_line.py"
testing...
no interpolation path defined
calculate duration
testing...
no interpolation path defined
executed snippet estimated_duration=0, duration=5.88893890381e-05
calculate duration
testing...
no interpolation path defined
executed snippet estimated_duration=0, duration=9.10758972168e-05
executed snippet estimated_duration=0.0, duration=0.00281810760498
script duration name:co2 seconds:0.0
loading script "jan_unknown120_60.py"
loading script "jan_pump_ms.py"
loading script "jan_co2.py"
loading script "jan_pump_extraction_line.py"
testing...
no interpolation path defined
calculate duration
testing...
no interpolation path defined
executed snippet estimated_duration=4.0, duration=0.000151872634888
executed snippet estimated_duration=4.0, duration=0.00224113464355
Script duration 214.0
Run total estimated duration= 215.000
unknown120_60 in script context. using previous estimated duration
script duration name:unknown120_60 seconds:214.0
pump_ms in script context. using previous estimated duration
co2 in script context. using previous estimated duration
script duration name:co2 seconds:0.0
pump_extraction_line in script context. using previous estimated duration
Script duration 214.0
Run total estimated duration= 215.000
loading script "jan_unknown400_120.py"
loading script "jan_pump_ms.py"
loading script "jan_cocktail_x1.py"
loading script "jan_pump_extraction_line.py"
testing...
no interpolation path defined
executed snippet estimated_duration=556.052928, duration=0.000233173370361
script duration name:unknown400_120 seconds:556.0
loading script "jan_unknown400_120.py"
loading script "jan_pump_ms.py"
loading script "jan_cocktail_x1.py"
loading script "jan_pump_extraction_line.py"
testing...
no interpolation path defined
calculate duration
testing...
no interpolation path defined
executed snippet estimated_duration=0, duration=4.31537628174e-05
calculate duration
testing...
no interpolation path defined
executed snippet estimated_duration=0, duration=9.70363616943e-05
calculate duration
testing...
no interpolation path defined
executed snippet estimated_duration=32.0, duration=9.79900360107e-05
calculate duration
testing...
no interpolation path defined
executed snippet estimated_duration=34.0, duration=0.000120162963867
calculate duration
testing...
no interpolation path defined
executed snippet estimated_duration=4.0, duration=0.000142812728882
calculate duration
testing...
no interpolation path defined
executed snippet estimated_duration=38.0, duration=0.000104904174805
executed snippet estimated_duration=108.0, duration=0.02010679245
script duration name:cocktail_x1 seconds:108.0
Script duration 664.0
Run total estimated duration= 665.000
unknown400_120 in script context. using previous estimated duration
script duration name:unknown400_120 seconds:556.0
cocktail_x1 in script context. using previous estimated duration
script duration name:cocktail_x1 seconds:108.0
Script duration 664.0
Run total estimated duration= 665.000
script duration name:unknown120_60 seconds:214.0
script duration name:co2 seconds:0.0
Script duration 214.0
Run total estimated duration= 215.000
script duration name:unknown120_60 seconds:214.0
script duration name:co2 seconds:0.0
Script duration 214.0
Run total estimated duration= 215.000
script duration name:unknown120_60 seconds:214.0
script duration name:co2 seconds:0.0
Script duration 214.0
Run total estimated duration= 215.000
script duration name:unknown400_120 seconds:556.0
script duration name:co2 seconds:0.0
Script duration 556.0
Run total estimated duration= 557.000
script duration name:unknown120_60 seconds:214.0
script duration name:co2 seconds:0.0
Script duration 214.0
Run total estimated duration= 215.000
script duration name:unknown120_60 seconds:214.0
script duration name:co2 seconds:0.0
Script duration 214.0
Run total estimated duration= 215.000
script duration name:unknown120_60 seconds:214.0
script duration name:co2 seconds:0.0
Script duration 214.0
Run total estimated duration= 215.000
script duration name:unknown120_60 seconds:214.0
script duration name:co2 seconds:0.0
Script duration 214.0
Run total estimated duration= 215.000
script duration name:unknown120_60 seconds:214.0
script duration name:co2 seconds:0.0
Script duration 214.0
Run total estimated duration= 215.000
script duration name:unknown120_60 seconds:214.0
script duration name:co2 seconds:0.0
Script duration 214.0
Run total estimated duration= 215.000
script duration name:unknown120_60 seconds:214.0
script duration name:co2 seconds:0.0
Script duration 214.0
Run total estimated duration= 215.000
script duration name:unknown120_60 seconds:214.0
script duration name:co2 seconds:0.0
Script duration 214.0
Run total estimated duration= 215.000
script duration name:unknown120_60 seconds:214.0
script duration name:co2 seconds:0.0
Script duration 214.0
Run total estimated duration= 215.000
script duration name:unknown120_60 seconds:214.0
script duration name:co2 seconds:0.0
Script duration 214.0
Run total estimated duration= 215.000
script duration name:unknown120_60 seconds:214.0
script duration name:co2 seconds:0.0
Script duration 214.0
Run total estimated duration= 215.000
script duration name:unknown120_60 seconds:214.0
script duration name:co2 seconds:0.0
Script duration 214.0
Run total estimated duration= 215.000
script duration name:unknown400_120 seconds:556.0
script duration name:co2 seconds:0.0
Script duration 556.0
Run total estimated duration= 557.000
script duration name:unknown400_120 seconds:556.0
loading script "jan_unknown400_120.py"
loading script "jan_pump_ms.py"
loading script "jan_sniffair_x2.py"
loading script "jan_pump_extraction_line.py"
testing...
no interpolation path defined
calculate duration
testing...
no interpolation path defined
executed snippet estimated_duration=0, duration=0.000161170959473
calculate duration
testing...
no interpolation path defined
executed snippet estimated_duration=0, duration=0.000126123428345
calculate duration
testing...
no interpolation path defined
executed snippet estimated_duration=32.0, duration=9.10758972168e-05
calculate duration
testing...
no interpolation path defined
executed snippet estimated_duration=34.0, duration=0.000105857849121
calculate duration
testing...
no interpolation path defined
executed snippet estimated_duration=4.0, duration=7.60555267334e-05
calculate duration
testing...
no interpolation path defined
executed snippet estimated_duration=36.0, duration=9.20295715332e-05
calculate duration
testing...
no interpolation path defined
executed snippet estimated_duration=34.0, duration=0.0001220703125
calculate duration
testing...
no interpolation path defined
executed snippet estimated_duration=4.0, duration=8.89301300049e-05
calculate duration
testing...
no interpolation path defined
executed snippet estimated_duration=36.0, duration=0.000132083892822
calculate duration
testing...
no interpolation path defined
executed snippet estimated_duration=70.0, duration=9.79900360107e-05
executed snippet estimated_duration=250.0, duration=0.0302209854126
script duration name:sniffair_x2 seconds:250.0
Script duration 806.0
Run total estimated duration= 807.000
script duration name:unknown400_120 seconds:556.0
script duration name:cocktail_x1 seconds:108.0
Script duration 664.0
Run total estimated duration= 665.000
script duration name:unknown400_120 seconds:556.0
sniffair_x2 in script context. using previous estimated duration
script duration name:sniffair_x2 seconds:250.0
Script duration 806.0
Run total estimated duration= 807.000
script duration name:unknown400_120 seconds:556.0
script duration name:cocktail_x1 seconds:108.0
Script duration 664.0
Run total estimated duration= 665.000
loading script "jan_ic_peak_hop3.py"
loading script "jan_pump_ms.py"
loading script "jan_air_x1.py"
loading script "jan_pump_extraction_line.py"
testing...
no interpolation path defined
executed snippet estimated_duration=133.8, duration=0.0093560218811
script duration name:ic_peak_hop3 seconds:134.0
loading script "jan_ic_peak_hop3.py"
loading script "jan_pump_ms.py"
loading script "jan_air_x1.py"
loading script "jan_pump_extraction_line.py"
testing...
no interpolation path defined
calculate duration
testing...
no interpolation path defined
executed snippet estimated_duration=0, duration=4.50611114502e-05
calculate duration
testing...
no interpolation path defined
executed snippet estimated_duration=0, duration=0.000101089477539
calculate duration
testing...
no interpolation path defined
executed snippet estimated_duration=32.0, duration=9.10758972168e-05
calculate duration
testing...
no interpolation path defined
executed snippet estimated_duration=34.0, duration=0.0001060962677
calculate duration
testing...
no interpolation path defined
executed snippet estimated_duration=4.0, duration=6.79492950439e-05
calculate duration
testing...
no interpolation path defined
executed snippet estimated_duration=36.0, duration=9.3936920166e-05
executed snippet estimated_duration=106.0, duration=0.0215909481049
script duration name:air_x1 seconds:106.0
Script duration 240.0
Run total estimated duration= 241.000
script duration name:unknown120_60 seconds:214.0
script duration name:co2 seconds:0.0
Script duration 214.0
Run total estimated duration= 215.000
script duration name:unknown120_60 seconds:214.0
script duration name:co2 seconds:0.0
Script duration 214.0
Run total estimated duration= 215.000
script duration name:unknown120_60 seconds:214.0
script duration name:co2 seconds:0.0
Script duration 214.0
Run total estimated duration= 215.000
script duration name:unknown120_60 seconds:214.0
script duration name:co2 seconds:0.0
Script duration 214.0
Run total estimated duration= 215.000
script duration name:unknown120_60 seconds:214.0
script duration name:co2 seconds:0.0
Script duration 214.0
Run total estimated duration= 215.000
script duration name:unknown120_60 seconds:214.0
script duration name:co2 seconds:0.0
Script duration 214.0
Run total estimated duration= 215.000
script duration name:unknown120_60 seconds:214.0
script duration name:co2 seconds:0.0
Script duration 214.0
Run total estimated duration= 215.000
script duration name:unknown120_60 seconds:214.0
script duration name:co2 seconds:0.0
Script duration 214.0
Run total estimated duration= 215.000
script duration name:unknown120_60 seconds:214.0
script duration name:co2 seconds:0.0
Script duration 214.0
Run total estimated duration= 215.000
script duration name:unknown120_60 seconds:214.0
script duration name:co2 seconds:0.0
Script duration 214.0
Run total estimated duration= 215.000
script duration name:unknown120_60 seconds:214.0
script duration name:co2 seconds:0.0
Script duration 214.0
Run total estimated duration= 215.000
script duration name:unknown120_60 seconds:214.0
script duration name:co2 seconds:0.0
Script duration 214.0
Run total estimated duration= 215.000
script duration name:unknown400_120 seconds:556.0
script duration name:co2 seconds:0.0
Script duration 556.0
Run total estimated duration= 557.000
script duration name:unknown120_60 seconds:214.0
script duration name:co2 seconds:0.0
Script duration 214.0
Run total estimated duration= 215.000
script duration name:unknown120_60 seconds:214.0
script duration name:co2 seconds:0.0
Script duration 214.0
Run total estimated duration= 215.000
script duration name:unknown120_60 seconds:214.0
script duration name:co2 seconds:0.0
Script duration 214.0
Run total estimated duration= 215.000
script duration name:unknown400_120 seconds:556.0
script duration name:cocktail_x1 seconds:108.0
Script duration 664.0
Run total estimated duration= 665.000
script duration name:unknown400_120 seconds:556.0
script duration name:cocktail_x1 seconds:108.0
Script duration 664.0
Run total estimated duration= 665.000
script duration name:unknown120_60 seconds:214.0
script duration name:co2 seconds:0.0
Script duration 214.0
Run total estimated duration= 215.000
script duration name:unknown120_60 seconds:214.0
script duration name:co2 seconds:0.0
Script duration 214.0
Run total estimated duration= 215.000
script duration name:unknown400_120 seconds:556.0
script duration name:co2 seconds:0.0
Script duration 556.0
Run total estimated duration= 557.000
nruns=47 before=5.0, run_dur=15383.0, btw=2070.0
write rem/ex queues
/Users/jan/PychronDev/experiments/rem/CurrentExperiment.rem.txt
/Users/jan/PychronDev/experiments/rem/CurrentExperiment.ex.txt
doing event level: 3
