do run
loading script "jan_unknown120_60.py"
loading script "jan_pump_ms.py"
loading script "jan_co2.py"
loading script "jan_pump_extraction_line.py"
testing...
no interpolation path defined
executed snippet estimated_duration=213.652928, duration=0.000207901000977
script duration name:unknown120_60 seconds:214.0
loading script "jan_unknown120_60.py"
loading script "jan_pump_ms.py"
loading script "jan_co2.py"
loading script "jan_pump_extraction_line.py"
testing...
no interpolation path defined
executed snippet estimated_duration=0, duration=2.88486480713e-05
loading script "jan_unknown120_60.py"
loading script "jan_pump_ms.py"
loading script "jan_co2.py"
loading script "jan_pump_extraction_line.py"
testing...
no interpolation path defined
calculate duration
testing...
no interpolation path defined
executed snippet estimated_duration=0, duration=6.103515625e-05
calculate duration
testing...
no interpolation path defined
executed snippet estimated_duration=0, duration=9.29832458496e-05
executed snippet estimated_duration=0.0, duration=0.0021538734436
script duration name:co2 seconds:0.0
loading script "jan_unknown120_60.py"
loading script "jan_pump_ms.py"
loading script "jan_co2.py"
loading script "jan_pump_extraction_line.py"
testing...
no interpolation path defined
calculate duration
testing...
no interpolation path defined
executed snippet estimated_duration=4.0, duration=0.000147104263306
executed snippet estimated_duration=4.0, duration=0.00117301940918
Script duration 214.0
Run total estimated duration= 215.000
run duration: 0:03:35
doing event level: 2
02:23:55 -- Setting default integration. t=1.048576
setting integration time = 1.048576
SetIntegrationTime 1.048576 ===>> OK
----------------- start -----------------
**************** Experiment Type: Ar/Ar, Ar/Ar
create new session 4436069840
close session 4436069840
$$$$$ Clearing conditionals
adding conditionals 
Add queue conditionals
add default conditionals
adding default conditionals from /Users/jan/PychronDev/setupfiles/spectrometer/default_conditionals.yaml
Start automated run 65580-07A
loading script "jan_unknown120_60.py"
loading script "jan_pump_ms.py"
loading script "jan_co2.py"
loading script "jan_pump_extraction_line.py"
%%%%%%%%%%%%%%%%%% setting automated run 65580-07A
No value "sensitivity_multiplier" in metadata
$$$$$$$$$$$$$$$ auto_save_detector_ic=False
============================= Pre Extraction Check =============================
loading queue conditionals pre_run_terminations
loading system conditionals pre_run_terminations
loading conditionals from /Users/jan/PychronDev/setupfiles/spectrometer/default_conditionals.yaml
02:23:55 -- ******* Pre Extraction Check *******
Get a measurement from the spectrometer
GetData ===>> H2,-0.305722053312588,H1,-0.0515684935632031,AX,-0.17158868365441,L1,-0.00755576924245289,L2,-0.0...
Pre Extraction Termination data. keys=H2,H1,AX,L1,L2,CDD, signals=-0.30572,-0.05157,-0.17159,-0.00756,-0.07562,0.00417
02:23:55 -- testing system defined conditionals
Checking default pre extraction terminations n=2
testing CDD
evaluate ot="CDD.inactive" t="CDD", ctx="{'CDD': False}"
GetDeflection CDD ===>> 50
testing CDD==2000
evaluate ot="CDD.deflection==2000" t="CDD==2000", ctx="{'CDD': 50.0}"
02:23:55 -- ******* Pre Extraction Check Passed *******
=================================================================================
02:23:55 -- stopping status monitor
stop 4982387056
Alive clients [4989850544]
02:23:55 -- starting status monitor
start 4982387056
Monitor already running
start extraction
do extraction
Analysis started at 02:23:55.736334
Extraction Started jan_co2.py
02:23:55 -- ******* Extraction Started jan_co2.py *******
state changed from not run to extraction
DO EXTRACTION <pychron.extraction_line.pyscript_runner.RemotePyScriptRunner object at 0x12c299590>
testing...
no interpolation path defined
calculate duration
testing...
no interpolation path defined
executed snippet estimated_duration=0, duration=4.50611114502e-05
calculate duration
testing...
no interpolation path defined
executed snippet estimated_duration=0, duration=0.000116109848022
executed snippet estimated_duration=100.0, duration=0.00855493545532
Jan CO2 laser analysis
doing GOSUB
testing...
no interpolation path defined
executed snippet estimated_duration=0, duration=4.31537628174e-05
Waiting for CO2 access
wait ('FelixCO2Flag', 0) {}
waiting for FelixCO2Flag = 0
Read FelixCO2Flag ===>> 0
finished waiting
CO2 free
wait ('CO2PumpTimeFlag', 0) {}
waiting for CO2PumpTimeFlag = 0
Read CO2PumpTimeFlag ===>> 0
finished waiting
acquire ('JanCO2Flag',) {'clear': True}
acquire JanCO2Flag
Set JanCO2Flag 1 ===>> OK
JanCO2Flag acquired
set extraction state False (0.75, 'red', 1.5)
CO2 acquired
executed snippet estimated_duration=0, duration=0.0303468704224
WaitForCO2Access.py completed successfully
gosub finished
doing GOSUB
testing...
no interpolation path defined
executed snippet estimated_duration=0, duration=9.41753387451e-05
Prepare for CO2 analysis
close () {'description': 'Jan Inlet'}
closing name=--- desc=Jan Inlet
checking ownership. requestor=129.138.12.150
check software interlocks R
interlocks []
actuate state mode=None-script, software_lock=False
doing actuation None-script close_channel False
Close R ===>> OK
GetIndicatorState R ===>> False
change switch state (True, True)
update switch state R False args=() kw={} ncanvase=2
02:23:56 -- CLOSE  VALVE-R (Jan Inlet)
---------------------------------------- close None (Jan Inlet) result=[(True, True)]
action=close, ok=True, locked=[False]
open () {'description': 'Jan Ion Pump'}
opening name=--- desc=Jan Ion Pump
checking ownership. requestor=129.138.12.150
check software interlocks O
interlocks []
actuate state mode=None-script, software_lock=False
doing actuation None-script open_channel False
Open O ===>> OK
GetIndicatorState O ===>> OK
change switch state (True, True)
update switch state O True args=() kw={} ncanvase=2
02:23:56 -- OPEN   VALVE-O (Jan Ion Pump)
---------------------------------------- open None (Jan Ion Pump) result=[(True, True)], time=0.11 sec
action=open, ok=True, locked=[False]
close () {'description': 'Microbone to Minibone'}
closing name=--- desc=Microbone to Minibone
checking ownership. requestor=129.138.12.150
check software interlocks L
interlocks []
actuate state mode=None-script, software_lock=False
doing actuation None-script close_channel False
Close L ===>> OK
GetIndicatorState L ===>> False
change switch state (True, True)
update switch state L False args=() kw={} ncanvase=2
02:23:57 -- CLOSE  VALVE-L (Microbone to Minibone)
---------------------------------------- close None (Microbone to Minibone) result=[(True, True)]
action=close, ok=True, locked=[False]
open () {'description': 'Microbone to Turbo'}
opening name=--- desc=Microbone to Turbo
checking ownership. requestor=129.138.12.150
check software interlocks U
interlocks []
actuate state mode=None-script, software_lock=False
doing actuation None-script open_channel False
Open U ===>> OK
GetIndicatorState U ===>> OK
change switch state (True, True)
update switch state U True args=() kw={} ncanvase=2
02:23:57 -- OPEN   VALVE-U (Microbone to Turbo)
---------------------------------------- open None (Microbone to Turbo) result=[(True, True)], time=0.14 sec
action=open, ok=True, locked=[False]
open () {'description': 'Microbone to Inlet Pipette'}
opening name=--- desc=Microbone to Inlet Pipette
checking ownership. requestor=129.138.12.150
check software interlocks S
interlocks []
actuate state mode=None-script, software_lock=False
doing actuation None-script open_channel False
Open S ===>> OK
GetIndicatorState S ===>> OK
change switch state (True, True)
update switch state S True args=() kw={} ncanvase=2
02:23:58 -- OPEN   VALVE-S (Microbone to Inlet Pipette)
---------------------------------------- open None (Microbone to Inlet Pipette) result=[(True, True)], time=0.43 sec
action=open, ok=True, locked=[False]
open () {'description': 'Microbone to Getter D-50'}
opening name=--- desc=Microbone to Getter D-50
checking ownership. requestor=129.138.12.150
check software interlocks K
interlocks []
actuate state mode=None-script, software_lock=False
doing actuation None-script open_channel False
Open K ===>> OK
GetIndicatorState K ===>> OK
change switch state (True, True)
update switch state K True args=() kw={} ncanvase=2
02:23:59 -- OPEN   VALVE-K (Microbone to Getter D-50)
---------------------------------------- open None (Microbone to Getter D-50) result=[(True, True)], time=0.44 sec
action=open, ok=True, locked=[False]
open () {'description': 'Microbone to Getter NP-10'}
opening name=--- desc=Microbone to Getter NP-10
checking ownership. requestor=129.138.12.150
check software interlocks M
interlocks []
actuate state mode=None-script, software_lock=False
doing actuation None-script open_channel False
Open M ===>> OK
GetIndicatorState M ===>> OK
change switch state (True, True)
update switch state M True args=() kw={} ncanvase=2
02:23:59 -- OPEN   VALVE-M (Microbone to Getter NP-10)
---------------------------------------- open None (Microbone to Getter NP-10) result=[(True, True)], time=0.14 sec
action=open, ok=True, locked=[False]
close () {'description': 'CO2 Laser to Felix'}
closing name=--- desc=CO2 Laser to Felix
checking ownership. requestor=129.138.12.150
check software interlocks F
interlocks []
actuate state mode=None-script, software_lock=True
VALVE-F(CO2 Laser to Felix) software locked
change switch state (True, False)
---------------------------------------- close None (CO2 Laser to Felix) result=[(True, False)]
action=close, ok=True, locked=[True]
open () {'description': 'CO2 Laser to Jan'}
opening name=--- desc=CO2 Laser to Jan
checking ownership. requestor=129.138.12.150
check software interlocks A
interlocks []
actuate state mode=None-script, software_lock=False
doing actuation None-script open_channel False
Open A ===>> OK
GetIndicatorState A ===>> OK
change switch state (True, True)
update switch state A True args=() kw={} ncanvase=2
02:23:59 -- OPEN   VALVE-A (CO2 Laser to Jan)
---------------------------------------- open None (CO2 Laser to Jan) result=[(True, True)], time=0.13 sec
action=open, ok=True, locked=[False]
open () {'description': 'Microbone to CO2 Laser'}
opening name=--- desc=Microbone to CO2 Laser
checking ownership. requestor=129.138.12.150
check software interlocks T
interlocks []
actuate state mode=None-script, software_lock=False
doing actuation None-script open_channel False
Open T ===>> OK
GetIndicatorState T ===>> OK
change switch state (True, True)
update switch state T True args=() kw={} ncanvase=2
02:24:00 -- OPEN   VALVE-T (Microbone to CO2 Laser)
---------------------------------------- open None (Microbone to CO2 Laser) result=[(True, True)], time=0.42 sec
action=open, ok=True, locked=[False]
executed snippet estimated_duration=0, duration=4.97711491585
PrepareForCO2Analysis.py completed successfully
gosub finished
set_motor ('beam', '1.25') {}
setting motor "beam" to 1.25
set motor beam to 1.25
SetMotor beam,1.25 ===>> OK
GetMotorMoving beam ===>> False
GetMotorMoving beam ===>> False
Block completed
move_to_position ('195',) {'autocenter': True}
FusionsCO2 move to position 195
sending GoToHole 195,True
GoToHole 195,True ===>> OK
GetDriveMoving ===>> OK
GetDriveMoving ===>> OK
GetDriveMoving ===>> OK
GetDriveMoving ===>> OK
GetDriveMoving ===>> OK
GetDriveMoving ===>> OK
GetDriveMoving ===>> False
GetDriveMoving ===>> OK
GetDriveMoving ===>> OK
GetDriveMoving ===>> OK
GetDriveMoving ===>> OK
GetDriveMoving ===>> OK
GetDriveMoving ===>> False
Block completed
GetAutoCorrecting ===>> False
GetAutoCorrecting ===>> False
Block completed
update position
GetPosition ===>> 9.96950,-9.96950,1.00000
got position (9.9695, -9.9695, 1.0)
move to position succeeded
sleep (5,) {}
SLEEP 5.0
block started
WaitControl setup for 5.0  
Join finished
block finished. duration 5.05249595642
close () {'description': 'Microbone to Turbo'}
closing name=--- desc=Microbone to Turbo
checking ownership. requestor=129.138.12.150
check software interlocks U
interlocks []
actuate state mode=None-script, software_lock=False
doing actuation None-script close_channel True
Close U ===>> OK
GetIndicatorState U ===>> False
change switch state (True, True)
update switch state U False args=() kw={} ncanvase=2
02:24:11 -- CLOSE  VALVE-U (Microbone to Turbo)
---------------------------------------- close None (Microbone to Turbo) result=[(True, True)]
action=close, ok=True, locked=[False]
enable laser
enable () {}
set extraction state FusionsCO2 Enabled (False, 'red', 1.5)
enabling laser
Enable ===>> OK
begin interval
BEGIN INTERVAL Interval 1 waiting for 30.0
block started
set extract to 0.3
WaitControl setup for 30.0  
extract (0.3,) {}
GetPosition ===>> 9.96950,-9.96950,1.00000
set extraction state FusionsCO2 ON! 0.3(watts) (0.75, 'red', 1.5)
extract sample to 0.3 (watts)
set laser output
SetLaserOutput 0.3,watts ===>> OK
executing pattern triangle.lp
execute_pattern ('triangle.lp',) {}
executing pattern triangle.lp
IsPatterning ===>> OK
IsPatterning ===>> OK
IsPatterning ===>> OK
IsPatterning ===>> OK
IsPatterning ===>> OK
IsPatterning ===>> OK
IsPatterning ===>> OK
IsPatterning ===>> OK
IsPatterning ===>> OK
IsPatterning ===>> OK
IsPatterning ===>> OK
IsPatterning ===>> OK
IsPatterning ===>> OK
IsPatterning ===>> OK
IsPatterning ===>> OK
IsPatterning ===>> OK
IsPatterning ===>> OK
IsPatterning ===>> OK
IsPatterning ===>> OK
IsPatterning ===>> OK
IsPatterning ===>> OK
IsPatterning ===>> OK
IsPatterning ===>> OK
IsPatterning ===>> OK
IsPatterning ===>> OK
IsPatterning ===>> False
IsPatterning ===>> False
Block completed
COMPLETE INTERVAL waiting for Interval 1 to complete
Join finished
block finished. duration 30.1481699944
Interval 1 finished
end_extract () {}
ending extraction. set laser power to 0
set laser power 0
SetLaserPower 0 ===>> OK
disable () {}
%%%%%%%%%%%%%%%%%%%%%%%%%%%%%%%%%%% disable
set extraction state False (0.75, 'red', 1.5)
disabling laser
Disable ===>> OK
sleep (30.0,) {}
SLEEP 30.0
block started
WaitControl setup for 30.0  
Join finished
block finished. duration 30.1373980045
executed snippet estimated_duration=167.0, duration=77.1608910561
jan_co2.py completed successfully
GetAchievedOutput ===>> No Response
Requested Output= 0.000
Achieved Output=  0.000
GetResponseBlob ===>> No Response
GetOutputBlob ===>> No Response
persistence save...
persistence save - db
AutomatedRunPersister post_extraction_save deprecated
persistence save - dvc
no extraction position for 195
create new session 4989601072
close session 4989601072
Extraction Finished
02:25:13 -- ******* Extraction Finished *******
no overlap. not waiting for min ms pumptime
02:25:13 -- Sending spectrometer configuration
======== Sending configuration ========
SetDeflection CDD,50.0 ===>> OK
SetDeflection H2,0.0 ===>> OK
SetDeflection H1,0.0 ===>> OK
SetDeflection L2,825.0 ===>> OK
SetDeflection L1,400.0 ===>> OK
SetDeflection AX,190.0 ===>> OK
SetZFocus 74.64 ===>> OK
SetZSymmetry -50.72 ===>> OK
SetExtractionLens 26.13 ===>> OK
SetIonRepeller -3.81 ===>> OK
SetElectronEnergy 75.08 ===>> OK
SetYSymmetry -2.81 ===>> OK
SetIonCounterVoltage 1590.0 ===>> OK
send trap current 200.0
GetParameter Trap Current Readback ===>> 198.370811206739
SetParameter Trap Current Set,200.0 ===>> OK
updating mftable name mftable
Using mftable located at /Users/jan/PychronDev/setupfiles/spectrometer/mftables/mftable.csv
============ MFtable ===========
Isotope  H2     H1     AX     L1     L2     CDD    
Ar40     5.8072 5.8792 5.9925 6.1472 6.2310 6.3754
Ar39     5.7065 5.7714 5.8850 6.0332 6.1161 6.2619
Ar36     5.3840 5.4405 5.5483 5.6921 5.7711 5.9130
================================
get initial guess parabolic
get initial guess parabolic
get initial guess parabolic
get initial guess parabolic
get initial guess parabolic
get initial guess parabolic
======== Configuration Finished ========
GetYSymmetry ===>> -2.81
GetZSymmetry ===>> -50.72
GetParameter Trap Current Readback ===>> 198.370811206739
GetHighVoltage ===>> 4499.94659342336
start measurement
do measurement
L#=65580 analysis type=unknown
Measurement Started jan_unknown120_60.py
02:25:13 -- ******* Measurement Started jan_unknown120_60.py *******
state changed from extraction to measurement
setting spec, defl, and gains
GetExtractionLens ===>> 26.13
GetYSymmetry ===>> -2.81
GetZSymmetry ===>> -50.72
GetZFocus ===>> 74.64
GetDeflection H2 ===>> 0
GetDeflection H1 ===>> 0
GetDeflection AX ===>> 190
GetDeflection L1 ===>> 400
GetDeflection L2 ===>> 825
GetDeflection CDD ===>> 50
GetGain H2 ===>> 0.0113
GetGain H1 ===>> 0.1
GetGain AX ===>> 0.097049
GetGain L1 ===>> 0.010355
GetGain L2 ===>> 0.095649
GetGain CDD ===>> 0
pre measurement save
New frame /Users/jan/PychronDev/data/isotopes/da/08ac10-1784-46ff-ad12-bc4198dc0f99.h5
flush and close file /Users/jan/PychronDev/data/isotopes/da/08ac10-1784-46ff-ad12-bc4198dc0f99.h5
testing...
no interpolation path defined
executed snippet estimated_duration=226.132928, duration=0.000298976898193
unknown measurement script
activate_detectors ('H2', 'H1', 'AX', 'L1', 'L2', 'CDD') {}
activate detectors
*************** Set Analysis View Ar/Ar
create graphs
clearing graphs
clear isotope group
setting isotope det=H2, iso=PM41
setting isotope det=H1, iso=Ar40
setting isotope det=AX, iso=Ar39
setting isotope det=L1, iso=Ar38
setting isotope det=L2, iso=Ar37
setting isotope det=CDD, iso=Ar36
setting previous blanks
 - setting Ar40 blank 0.083+/-0.006
 - setting Ar36 blank 0.00406+/-0.00016
 - setting Ar37 blank 0.061+/-0.005
 - setting Ar38 blank 0.0057+/-0.0022
 - setting PM41 blank 0.01+/-0.07
 - setting Ar39 blank 0.044+/-0.009
load analysis view
position_magnet ('Ar40',) {'detector': 'H1'}
detector Detector(H1)
POSITION Ar40 H1
setting detector H2 to PM41 (40.9624)
setting detector H1 to Ar40 (39.9624)
setting detector AX to Ar39 (38.9624)
setting detector L1 to Ar38 (37.9624)
setting detector L2 to Ar37 (36.9624)
setting detector CDD to Ar36 (35.9624)
Mapping mass to dac mass func: "parabolic"
H1 map mass coeffs = [-0.00063987  0.15840543  0.57078999]
H1 map mass to dac 39.9624 >> 5.87918
GetDeflection H1 ===>> 0
GetHighVoltage ===>> 4499.94659342336
positioning Ar40 (5.87914537806) on H1
setting magnet DAC
current  : 5.879141
requested: 5.879145
Delta Dac: 0.000005
Checking detector protection. dv=0.00000
Checking detector "CDD". Protection Threshold: 0.1 (V)
SetMagnetDAC 5.87914537806 ===>> OK
Magnet settling time: 0.500
equilibrate () {'delay': 3, 'inlet': 'R', 'outlet': 'O', 'eqtime': 12.0}
Equilibration Started
02:25:16 -- ******* Equilibration Started *******
checking ownership. requestor=129.138.12.150
check software interlocks O
interlocks []
actuate state mode=None-script, software_lock=False
doing actuation None-script close_channel True
Close O ===>> OK
GetIndicatorState O ===>> False
change switch state (True, True)
update switch state O False args=() kw={} ncanvase=2
02:25:16 -- CLOSE  VALVE-O (Jan Ion Pump)
waiting 3s before opening inlet value ('R',)
update labels <pychron.experiment.plot_panel.PlotPanel object at 0x1963ca590>
update labels "<pychron.graph.stacked_regression_graph.StackedRegressionGraph object at 0x171422050>"
setting label 0 H2 PM41
setting label 1 H1 Ar40
setting label 2 AX Ar39
setting label 3 L1 Ar38
setting label 4 L2 Ar37
setting label 5 CDD Ar36
update labels "<pychron.graph.stacked_graph.StackedGraph object at 0x1a015b830>"
setting label 0 H2 PM41
setting label 1 H1 Ar40
setting label 2 AX Ar39
setting label 3 L1 Ar38
setting label 4 L2 Ar37
setting label 5 CDD Ar36
checking ownership. requestor=129.138.12.150
check software interlocks R
interlocks []
actuate state mode=None-script, software_lock=False
doing actuation None-script open_channel True
Open R ===>> OK
GetIndicatorState R ===>> OK
change switch state (True, True)
update switch state R True args=() kw={} ncanvase=2
02:25:19 -- OPEN   VALVE-R (Jan Inlet)
equilibrating for 12.0sec
set_time_zero () {}
sniff (12.0,) {}
py_sniff
build tables- sniff [Detector(H2), Detector(H1), Detector(AX), Detector(L1), Detector(L2), Detector(CDD)]
add group /sniff/PM41 (Group) '' table H2
add group /sniff/Ar40 (Group) '' table H1
add group /sniff/Ar39 (Group) '' table AX
add group /sniff/Ar38 (Group) '' table L1
add group /sniff/Ar37 (Group) '' table L2
add group /sniff/Ar36 (Group) '' table CDD
flush and close file /Users/jan/PychronDev/data/isotopes/da/08ac10-1784-46ff-ad12-bc4198dc0f99.h5
measuring sniff. ncounts=12.0
"sniff" increment series count="1" fit count="0" regressing="False"
starting measurement
GetData ===>> H2,-0.230503213581419,H1,0.269051369420237,AX,0.14314810830157,L1,-0.00533449518337997,L2,0.10644...
GetData ===>> H2,0.86716775913598,H1,6.50482077259504,AX,1.92181672711756,L1,0.160491625628258,L2,0.24131673678...
GetData ===>> H2,0.529154947442405,H1,11.0995812208689,AX,1.95211133873125,L1,0.200379226861916,L2,0.0945228429...
GetData ===>> H2,0.198127748009154,H1,12.6209484655909,AX,1.83183764550022,L1,0.193893201102561,L2,0.1067423232...
GetData ===>> H2,0.095889356252459,H1,13.2288772465672,AX,1.78333997114911,L1,0.200234967186749,L2,0.0847780139...
GetData ===>> H2,0.0743817000367271,H1,13.3928486444363,AX,1.82887535839637,L1,0.142926745995077,L2,0.025853342...
GetData ===>> H2,-0.146936920109366,H1,13.5479267696457,AX,1.80512174809316,L1,0.0926535997242222,L2,0.09915055...
GetData ===>> H2,-0.103581624889259,H1,13.7149328280658,AX,1.74079692269124,L1,0.0833411998355683,L2,0.01812396...
GetData ===>> H2,-0.13200066812828,H1,13.6732775811733,AX,1.75852095354337,L1,0.0734847421788533,L2,0.041325372...
GetData ===>> H2,0.00189942659863609,H1,13.6257551168639,AX,1.69562501630854,L1,0.0704842926654127,L2,0.0493189...
GetData ===>> H2,-0.0174492951129195,H1,13.6606274865229,AX,1.70922555903951,L1,0.136297780873788,L2,0.07333772...
Equilibration Finished
02:25:31 -- ******* Equilibration Finished *******
checking ownership. requestor=129.138.12.150
check software interlocks R
interlocks []
actuate state mode=None-script, software_lock=False
doing actuation None-script close_channel True
GetData ===>> H2,-0.0934441504910344,H1,13.6248255124747,AX,1.80088439860708,L1,0.110324309326218,L2,0.08152995...
Close R ===>> OK
State checksums do not match. Local:-1449001502 Remote:-598318598
State checksum failed
GetIndicatorState R ===>> False
change switch state (True, True)
update switch state R False args=() kw={} ncanvase=2
02:25:32 -- CLOSE  VALVE-R (Jan Inlet)
Post Equilibration Started jan_pump_extraction_line.py
02:25:32 -- ******* Post Equilibration Started jan_pump_extraction_line.py *******
testing...
no interpolation path defined
calculate duration
testing...
no interpolation path defined
executed snippet estimated_duration=4.0, duration=0.000147819519043
executed snippet estimated_duration=4.0, duration=0.00153303146362
Pump after analysis
doing GOSUB
testing...
no interpolation path defined
executed snippet estimated_duration=4.0, duration=0.000138998031616
Pump Microbone
close () {'description': 'Jan Inlet'}
closing name=--- desc=Jan Inlet
checking ownership. requestor=129.138.12.150
check software interlocks R
interlocks []
actuate state mode=None-script, software_lock=False
doing actuation None-script close_channel False
Close R ===>> OK
measurement finished
estimated time: 12.583 actual time: :12.660
flush and close file /Users/jan/PychronDev/data/isotopes/da/08ac10-1784-46ff-ad12-bc4198dc0f99.h5
set_fits () {}
using default fits file=/Users/jan/PychronDev/scripts/measurement/fits/nominal_linear.yaml
set "Ar40" to "('Linear', 'SEM')"
No fit for "PM41". defaulting to linear. check the measurement script "jan_unknown120_60.py"
set "PM41" to "linear"
set "Ar36" to "('Linear', 'SEM')"
set "Ar37" to "('linear', 'SEM')"
set "Ar38" to "('linear', 'SEM')"
set "Ar39" to "('Linear', 'SEM')"
set_baseline_fits () {}
using default fits file=/Users/jan/PychronDev/scripts/measurement/fits/nominal_linear.yaml
set "H1" to "('average', 'SEM')"
set "H2" to "('average', 'SEM')"
set "CDD" to "('average', 'SEM')"
set "L2" to "('average', 'SEM')"
set "L1" to "('average', 'SEM')"
set "AX" to "('average', 'SEM')"
multicollect () {'integration_time': 1, 'ncounts': 120}
build tables- signal [Detector(H2), Detector(H1), Detector(AX), Detector(L1), Detector(L2), Detector(CDD)]
add group /signal/PM41 (Group) '' table H2
add group /signal/Ar40 (Group) '' table H1
add group /signal/Ar39 (Group) '' table AX
add group /signal/Ar38 (Group) '' table L1
add group /signal/Ar37 (Group) '' table L2
add group /signal/Ar36 (Group) '' table CDD
flush and close file /Users/jan/PychronDev/data/isotopes/da/08ac10-1784-46ff-ad12-bc4198dc0f99.h5
GetIndicatorState R ===>> False
measuring signal. ncounts=120
change switch state (True, True)
update switch state R False args=() kw={} ncanvase=2
02:25:32 -- CLOSE  VALVE-R (Jan Inlet)
---------------------------------------- close None (Jan Inlet) result=[(True, True)]
action=close, ok=True, locked=[False]
is_closed ('F',) {}
is F () closed?
is closed True
open () {'description': 'CO2 Laser to Jan'}
opening name=--- desc=CO2 Laser to Jan
checking ownership. requestor=129.138.12.150
check software interlocks A
interlocks []
actuate state mode=None-script, software_lock=False
doing actuation None-script open_channel False
Open A ===>> OK
GetIndicatorState A ===>> OK
change switch state (True, True)
update switch state A True args=() kw={} ncanvase=2
02:25:33 -- OPEN   VALVE-A (CO2 Laser to Jan)
---------------------------------------- open None (CO2 Laser to Jan) result=[(True, True)], time=0.13 sec
"signal" increment series count="2" fit count="1" regressing="True"
starting measurement
GetData ===>> H2,0.0231004189881568,H1,13.6918159215006,AX,1.75373573496969,L1,0.0771245244721264,L2,-0.0673591...
action=open, ok=True, locked=[False]
sleep (1,) {}
SLEEP 1.0
GetData ===>> H2,-0.0220796025316301,H1,13.7352375182249,AX,1.69863289148379,L1,0.0799389673101775,L2,0.0060181...
close () {'description': 'CO2 Laser to Roughing'}
closing name=--- desc=CO2 Laser to Roughing
checking ownership. requestor=129.138.12.150
check software interlocks G
interlocks []
actuate state mode=None-script, software_lock=True
VALVE-G(CO2 Laser to Roughing) software locked
change switch state (True, False)
---------------------------------------- close None (CO2 Laser to Roughing) result=[(True, False)]
action=close, ok=True, locked=[True]
open () {'description': 'Microbone to Turbo'}
opening name=--- desc=Microbone to Turbo
checking ownership. requestor=129.138.12.150
check software interlocks U
interlocks []
actuate state mode=None-script, software_lock=False
doing actuation None-script open_channel True
Open U ===>> OK
GetIndicatorState U ===>> OK
change switch state (True, True)
update switch state U True args=() kw={} ncanvase=2
02:25:34 -- OPEN   VALVE-U (Microbone to Turbo)
---------------------------------------- open None (Microbone to Turbo) result=[(True, True)], time=0.20 sec
action=open, ok=True, locked=[False]
open () {'description': 'Microbone to Getter NP-10'}
opening name=--- desc=Microbone to Getter NP-10
checking ownership. requestor=129.138.12.150
check software interlocks M
interlocks []
actuate state mode=None-script, software_lock=False
doing actuation None-script open_channel False
Open M ===>> OK
GetIndicatorState M ===>> OK
change switch state (True, True)
update switch state M True args=() kw={} ncanvase=2
02:25:35 -- OPEN   VALVE-M (Microbone to Getter NP-10)
---------------------------------------- open None (Microbone to Getter NP-10) result=[(True, True)], time=0.15 sec
action=open, ok=True, locked=[False]
open () {'description': 'Microbone to Getter D-50'}
opening name=--- desc=Microbone to Getter D-50
checking ownership. requestor=129.138.12.150
check software interlocks K
interlocks []
actuate state mode=None-script, software_lock=False
doing actuation None-script open_channel False
GetData ===>> H2,-0.137243437349763,H1,13.7888537935937,AX,1.72495914207841,L1,0.0295764719108259,L2,0.07805409...
Open K ===>> OK
GetIndicatorState K ===>> OK
change switch state (True, True)
update switch state K True args=() kw={} ncanvase=2
02:25:35 -- OPEN   VALVE-K (Microbone to Getter D-50)
---------------------------------------- open None (Microbone to Getter D-50) result=[(True, True)], time=0.42 sec
action=open, ok=True, locked=[False]
open () {'description': 'Microbone to CO2 Laser'}
opening name=--- desc=Microbone to CO2 Laser
checking ownership. requestor=129.138.12.150
check software interlocks T
interlocks []
actuate state mode=None-script, software_lock=False
doing actuation None-script open_channel False
Open T ===>> OK
GetIndicatorState T ===>> OK
change switch state (True, True)
update switch state T True args=() kw={} ncanvase=2
02:25:36 -- OPEN   VALVE-T (Microbone to CO2 Laser)
---------------------------------------- open None (Microbone to CO2 Laser) result=[(True, True)], time=0.43 sec
GetData ===>> H2,-0.273293101756708,H1,13.659595671702,AX,1.61028424687247,L1,0.0188061653105634,L2,0.058362322...
action=open, ok=True, locked=[False]
open () {'description': 'Microbone to Inlet Pipette'}
opening name=--- desc=Microbone to Inlet Pipette
checking ownership. requestor=129.138.12.150
check software interlocks S
interlocks []
actuate state mode=None-script, software_lock=False
doing actuation None-script open_channel False
Open S ===>> OK
GetIndicatorState S ===>> OK
change switch state (True, True)
update switch state S True args=() kw={} ncanvase=2
02:25:37 -- OPEN   VALVE-S (Microbone to Inlet Pipette)
---------------------------------------- open None (Microbone to Inlet Pipette) result=[(True, True)], time=0.43 sec
action=open, ok=True, locked=[False]
sleep (1,) {}
SLEEP 1.0
testing H1>-5.0
evaluate ot="H1.bs>-5.0" t="H1>-5.0", ctx="{'H1': None}"
GetData ===>> H2,-0.192596348011713,H1,13.6964287088756,AX,1.69117774325377,L1,0.05667195671769,L2,-0.046194877...
set_resource () {'name': 'CO2PumpTimeFlag', 'value': 30}
Set CO2PumpTimeFlag 30 ===>> OK
release ('JanCO2Flag',) {}
release JanCO2Flag
Set JanCO2Flag 0 ===>> OK
executed snippet estimated_duration=6.0, duration=6.02758002281
PumpMicrobone.py completed successfully
gosub finished
get_resource_value () {'name': 'JanMiniboneFlag'}
Read JanMiniboneFlag ===>> 0
Get Resource Value JanMiniboneFlag=0.0
get resource value 0.0
get_resource_value () {'name': 'JanMiniboneFlag'}
Read JanMiniboneFlag ===>> 0
Get Resource Value JanMiniboneFlag=0.0
executed snippet estimated_duration=4.0, duration=6.03897213936
jan_pump_extraction_line.py completed successfully
Post Equilibration Finished
02:25:38 -- ******* Post Equilibration Finished *******
GetData ===>> H2,-0.136974393651538,H1,13.7123456271566,AX,1.73018743273015,L1,0.097133558231568,L2,0.032317769...
GetData ===>> H2,-0.138064048815988,H1,13.7421468353169,AX,1.6015613244651,L1,0.0625016289907028,L2,-0.04051003...
GetData ===>> H2,-0.165810217145814,H1,13.7976415199769,AX,1.63477337583015,L1,0.0562134777129769,L2,0.04830399...
GetData ===>> H2,-0.101417321942525,H1,13.8069374788999,AX,1.61811916782189,L1,0.028337974699019,L2,-0.04114802...
testing H1>-5.0
evaluate ot="H1.bs>-5.0" t="H1>-5.0", ctx="{'H1': None}"
GetData ===>> H2,-0.0689092680963844,H1,13.7664604712697,AX,1.66644053792423,L1,0.0562844744119756,L2,0.0906817...
GetData ===>> H2,-0.202223488208794,H1,13.8347115510608,AX,1.70482448879052,L1,0.083063964831786,L2,0.085393447...
GetData ===>> H2,-0.127439469079861,H1,13.9163547453263,AX,1.65195683707657,L1,0.0598301308390605,L2,0.09644913...
GetData ===>> H2,-0.161084785076268,H1,13.8688941324596,AX,1.67197485860844,L1,0.032437249032147,L2,0.074170398...
GetData ===>> H2,0.0995689347786722,H1,13.9125530395689,AX,1.65146550505682,L1,0.0557838981647223,L2,0.07755266...
testing H1>-5.0
evaluate ot="H1.bs>-5.0" t="H1>-5.0", ctx="{'H1': None}"
GetData ===>> H2,-0.0225426656698852,H1,13.853503607209,AX,1.62687864827235,L1,0.0739869108311544,L2,0.04826978...
GetData ===>> H2,-0.142485136098773,H1,13.9276330828624,AX,1.68270507521884,L1,0.077219691887973,L2,-0.05836090...
GetData ===>> H2,-0.0856940891162443,H1,13.8622378093503,AX,1.74436486978463,L1,0.0484309349310772,L2,0.0180441...
GetData ===>> H2,-0.0582222641849764,H1,13.919110428523,AX,1.61434195620881,L1,0.043094503701019,L2,0.032215156...
GetData ===>> H2,-0.0710356761982793,H1,13.7793143793813,AX,1.75008555383606,L1,0.0575348201115962,L2,0.0063828...
testing H1>-5.0
evaluate ot="H1.bs>-5.0" t="H1>-5.0", ctx="{'H1': None}"
GetData ===>> H2,-0.207715540402032,H1,13.8927174696404,AX,1.54162097733091,L1,0.042126181217335,L2,0.010816972...
GetData ===>> H2,-0.21934757767434,H1,13.8979980919684,AX,1.63306572168017,L1,0.0562772543858853,L2,0.074923229...
GetData ===>> H2,-0.115159408510283,H1,13.8866335973036,AX,1.76432436760839,L1,0.0860999910909772,L2,-0.0021769...
GetData ===>> H2,-0.0988301751006244,H1,13.8757676667909,AX,1.76296708682526,L1,0.0593510454612936,L2,0.0644411...
GetData ===>> H2,-0.169460951390336,H1,13.8753468254734,AX,1.63811859266191,L1,0.0358337480598951,L2,0.00223396...
testing H1>-5.0
evaluate ot="H1.bs>-5.0" t="H1>-5.0", ctx="{'H1': None}"
02:25:58 -- collecting point 25
GetData ===>> H2,-0.248270732471665,H1,14.0101592955793,AX,1.6088459636613,L1,0.0714365860392587,L2,0.136796114...
GetData ===>> H2,-0.169416420870015,H1,14.0509781514992,AX,1.69541435146106,L1,0.0827987906360646,L2,0.04509969...
GetData ===>> H2,-0.0255641267026712,H1,13.9464925049919,AX,1.6701378507669,L1,0.024425859455672,L2,0.074113366...
GetData ===>> H2,-0.116608711341144,H1,13.9150279601957,AX,1.63810689590098,L1,0.0253078416509611,L2,-0.0814584...
GetData ===>> H2,-0.0703929136158468,H1,14.0833227307731,AX,1.67460757308819,L1,0.0560750957512324,L2,0.0211791...
testing H1>-5.0
evaluate ot="H1.bs>-5.0" t="H1>-5.0", ctx="{'H1': None}"
GetData ===>> H2,-0.179735146123328,H1,14.069842508568,AX,1.65242477461975,L1,0.0991583883037952,L2,0.002302351...
GetData ===>> H2,-0.125256025867644,H1,13.9923023210861,AX,1.68910631904145,L1,0.0403329249661104,L2,0.01122733...
GetData ===>> H2,-0.168757888498599,H1,14.0855057672339,AX,1.64871643079613,L1,0.0398759421362791,L2,0.07038352...
GetData ===>> H2,-0.22937791496731,H1,14.1721226600953,AX,1.70073962935447,L1,0.0729958441523229,L2,-0.01610351...
GetData ===>> H2,-0.323188726703263,H1,14.0902805166298,AX,1.6644164351281,L1,0.0734293486036481,L2,0.046639115...
testing H1>-5.0
evaluate ot="H1.bs>-5.0" t="H1>-5.0", ctx="{'H1': None}"
GetData ===>> H2,-0.14662623015557,H1,14.0188347121944,AX,1.62906571661456,L1,0.0576575765427908,L2,0.057792094...
GetData ===>> H2,-0.177305846311101,H1,14.1477857184828,AX,1.66534073122762,L1,0.0565275516359807,L2,-0.0169353...
GetData ===>> H2,-0.210360208148703,H1,14.1047720348479,AX,1.6223877088386,L1,0.0532164283590183,L2,0.022638392...
GetData ===>> H2,-0.163457198299392,H1,14.0406667001815,AX,1.5929443996531,L1,0.0549223875364041,L2,0.045282144...
GetData ===>> H2,-0.130846852562399,H1,14.0833737954454,AX,1.5982056613534,L1,0.0513255325926156,L2,0.001800844...
testing H1>-5.0
evaluate ot="H1.bs>-5.0" t="H1>-5.0", ctx="{'H1': None}"
GetData ===>> H2,-0.184169973034741,H1,14.1540323117488,AX,1.76359892209791,L1,0.0352567673808188,L2,-0.0509224...
GetData ===>> H2,-0.164078237541644,H1,14.1280391701653,AX,1.83004621219054,L1,0.0282743121242887,L2,-0.0072030...
GetData ===>> H2,-0.1130290983003,H1,14.1555141746219,AX,1.76710919207137,L1,0.0442662379933826,L2,0.0537093602...
GetData ===>> H2,-0.0950885332797844,H1,14.2252821702698,AX,1.6685816863033,L1,0.0699762790511458,L2,0.05489538...
GetData ===>> H2,-0.148645562707073,H1,14.2690086920715,AX,1.67521603270043,L1,0.045746327283405,L2,0.049775046...
testing H1>-5.0
evaluate ot="H1.bs>-5.0" t="H1>-5.0", ctx="{'H1': None}"
GetData ===>> H2,-0.204858658321089,H1,14.2698136418172,AX,1.73938147795254,L1,0.0563289980202486,L2,-0.0064166...
GetData ===>> H2,-0.196788112011021,H1,14.2287561351195,AX,1.81514228502683,L1,0.045805229507461,L2,0.043856775...
GetData ===>> H2,-0.133960397776739,H1,14.1661560848806,AX,1.70276448112987,L1,0.0143962330464606,L2,0.07964955...
GetData ===>> H2,-0.125700860443153,H1,14.1994480881763,AX,1.61843491655269,L1,0.0181527202450596,L2,0.02526050...
GetData ===>> H2,-0.18723164770212,H1,14.2248479325781,AX,1.70786776100705,L1,0.0693274552000008,L2,0.104781629...
testing H1>-5.0
evaluate ot="H1.bs>-5.0" t="H1>-5.0", ctx="{'H1': None}"
02:26:25 -- collecting point 50
GetData ===>> H2,-0.234635974236733,H1,14.3208700203748,AX,1.71595630062863,L1,0.0840945942165531,L2,0.01495487...
GetData ===>> H2,-0.188183700185646,H1,14.3046494776544,AX,1.72064338032418,L1,0.0605427822872704,L2,-0.0797160...
GetData ===>> H2,-0.153171350606779,H1,14.3301253928583,AX,1.69961603019834,L1,0.0337086989578598,L2,0.02101955...
GetData ===>> H2,-0.209712234185792,H1,14.2392170252349,AX,1.76406695084625,L1,0.0451549199235316,L2,0.13777678...
GetData ===>> H2,-0.0957955176533445,H1,14.2858500109984,AX,1.6446806952889,L1,0.0776702434607807,L2,-0.0239320...
testing H1>-5.0
evaluate ot="H1.bs>-5.0" t="H1>-5.0", ctx="{'H1': None}"
GetData ===>> H2,-0.155507590796521,H1,14.2266487533056,AX,1.51844383004178,L1,0.0620067646143824,L2,-0.0552170...
GetData ===>> H2,-0.196375396791762,H1,14.2558620348252,AX,1.6492311452254,L1,0.0293902671740984,L2,0.044153250...
GetData ===>> H2,-0.351496560582582,H1,14.2343760224722,AX,1.73781398444363,L1,0.0333673866438607,L2,0.11246504...
GetData ===>> H2,-0.275439734174007,H1,14.3057486646868,AX,1.63903094431129,L1,0.0312933214231632,L2,0.04634263...
GetData ===>> H2,-0.280757538206959,H1,14.2425764775198,AX,1.6814295573034,L1,0.0733691385401581,L2,-0.00053568...
testing H1>-5.0
evaluate ot="H1.bs>-5.0" t="H1>-5.0", ctx="{'H1': None}"
GetData ===>> H2,-0.177668924795807,H1,14.3679861346168,AX,1.74190823657536,L1,0.0667867297950832,L2,0.02057495...
GetData ===>> H2,-0.168477190933943,H1,14.3408774566942,AX,1.66415903776343,L1,0.047870630938213,L2,0.017930169...
GetData ===>> H2,-0.218319530860638,H1,14.3369012409172,AX,1.71041950040868,L1,0.0411375055586612,L2,0.11336566...
GetData ===>> H2,-0.225117994654822,H1,14.392773109534,AX,1.73734608078218,L1,0.0799968065433588,L2,0.036741651...
GetData ===>> H2,-0.237882178994376,H1,14.4190015367965,AX,1.66291885992029,L1,0.0607654961770173,L2,0.03450688...
testing H1>-5.0
evaluate ot="H1.bs>-5.0" t="H1>-5.0", ctx="{'H1': None}"
GetData ===>> H2,-0.116545113697012,H1,14.3299847665834,AX,1.83446045645069,L1,0.0527917879799007,L2,0.07719938...
GetData ===>> H2,-0.223883071507886,H1,14.4387537799462,AX,1.73450361394586,L1,0.0848907065586733,L2,-0.0169126...
GetData ===>> H2,-0.393961504377077,H1,14.4152688352267,AX,1.71567535610105,L1,0.0361751438342585,L2,0.07936464...
GetData ===>> H2,-0.217078474305011,H1,14.4101557561557,AX,1.67944025051097,L1,0.0370503237982676,L2,0.02114496...
GetData ===>> H2,-0.246264935173575,H1,14.4470776585526,AX,1.55548068135583,L1,0.0496045479459546,L2,0.02032415...
testing H1>-5.0
evaluate ot="H1.bs>-5.0" t="H1>-5.0", ctx="{'H1': None}"
GetData ===>> H2,-0.228723682673377,H1,14.4873124457688,AX,1.65503356730492,L1,0.0460288206705882,L2,0.12927037...
GetData ===>> H2,-0.0943408697757907,H1,14.4413493287365,AX,1.65023718576631,L1,-0.0235420246602564,L2,0.018500...
GetData ===>> H2,-0.13106328646149,H1,14.5103909472684,AX,1.72526324084558,L1,0.0126937853536039,L2,0.087650070...
GetData ===>> H2,-0.131736910553209,H1,14.4560543617411,AX,1.8023709617307,L1,0.0368735986495945,L2,0.022946202...
GetData ===>> H2,-0.204845180752068,H1,14.480840098463,AX,1.69666664358571,L1,0.0371465020507427,L2,0.064292896...
testing H1>-5.0
evaluate ot="H1.bs>-5.0" t="H1>-5.0", ctx="{'H1': None}"
02:26:51 -- collecting point 75
GetData ===>> H2,-0.132253599121058,H1,14.4870694059129,AX,1.74538263583087,L1,0.0669612262657824,L2,0.15341183...
GetData ===>> H2,-0.130859027078792,H1,14.5847599302069,AX,1.66397184010394,L1,0.0647459465492678,L2,-0.0304838...
GetData ===>> H2,-0.185267955128836,H1,14.4986208032786,AX,1.74649400160592,L1,0.0559150563689181,L2,0.07385101...
GetData ===>> H2,-0.167153230294026,H1,14.4673722156602,AX,1.69960432610814,L1,0.0711837560398908,L2,0.02510089...
GetData ===>> H2,-0.163060255388447,H1,14.4937723909958,AX,1.68630938054901,L1,0.0858904035322023,L2,-0.0164795...
testing H1>-5.0
evaluate ot="H1.bs>-5.0" t="H1>-5.0", ctx="{'H1': None}"
GetData ===>> H2,-0.147731167032852,H1,14.5382094378135,AX,1.69427910978591,L1,0.0363242075845482,L2,-0.0122744...
GetData ===>> H2,-0.188275395063977,H1,14.5812038574618,AX,1.67588300237695,L1,0.0530973347793093,L2,0.05927469...
GetData ===>> H2,-0.132920390168719,H1,14.569052698992,AX,1.64979265495362,L1,0.0606764100318276,L2,0.083399001...
GetData ===>> H2,-0.243285850197561,H1,14.4878752770216,AX,1.72609366919894,L1,0.0447258106681436,L2,-0.0614705...
GetData ===>> H2,-0.294481760175976,H1,14.6998457910074,AX,1.67595320997491,L1,0.0453893150364481,L2,0.01637981...
testing H1>-5.0
evaluate ot="H1.bs>-5.0" t="H1>-5.0", ctx="{'H1': None}"
GetData ===>> H2,-0.29460792730739,H1,14.6229631594463,AX,1.70837108050161,L1,0.0328566415490331,L2,0.097600363...
GetData ===>> H2,-0.323502299694619,H1,14.7073757195783,AX,1.74888055587415,L1,0.0490381664336726,L2,-0.0089239...
GetData ===>> H2,-0.136134774050497,H1,14.6401628863023,AX,1.73539260707779,L1,0.0567068549222453,L2,0.05161103...
GetData ===>> H2,-0.189151852739354,H1,14.5912072112765,AX,1.80256995220236,L1,0.0617599435125642,L2,0.14920346...
GetData ===>> H2,-0.157539417463601,H1,14.7345416328994,AX,1.65251836239607,L1,0.0637599699905868,L2,0.04161043...
testing H1>-5.0
evaluate ot="H1.bs>-5.0" t="H1>-5.0", ctx="{'H1': None}"
GetData ===>> H2,-0.263988544359942,H1,14.5606204646035,AX,1.72736856582976,L1,0.0556034080083369,L2,0.07527683...
GetData ===>> H2,-0.117488216701534,H1,14.5397067735025,AX,1.70435630143635,L1,0.0768366183781085,L2,-0.0260742...
GetData ===>> H2,-0.043474665144232,H1,14.6574421705272,AX,1.60006470792664,L1,0.059101881898588,L2,0.065273757...
GetData ===>> H2,-0.149295184548442,H1,14.75885166142,AX,1.67585959985547,L1,0.0264258703539847,L2,0.0018806291...
GetData ===>> H2,-0.302955976719838,H1,14.7231544239909,AX,1.69275767245388,L1,0.0186355928437587,L2,0.15061764...
testing H1>-5.0
evaluate ot="H1.bs>-5.0" t="H1>-5.0", ctx="{'H1': None}"
GetData ===>> H2,-0.281367045390734,H1,14.7682481725525,AX,1.77567477732043,L1,0.0165913502881952,L2,0.04134817...
GetData ===>> H2,-0.200904998794493,H1,14.7311599285931,AX,1.76077909608498,L1,0.0514842964804387,L2,0.04343487...
GetData ===>> H2,-0.152209149894373,H1,14.6418522937245,AX,1.65908142772241,L1,0.0571063877887018,L2,-0.0429936...
GetData ===>> H2,-0.0971267500740282,H1,14.7110256197255,AX,1.72516967189387,L1,0.0474486199243771,L2,-0.020445...
GetData ===>> H2,-0.0952822134492848,H1,14.7850077498474,AX,1.75308056426405,L1,0.0491728445080167,L2,0.0322835...
testing H1>-5.0
evaluate ot="H1.bs>-5.0" t="H1>-5.0", ctx="{'H1': None}"
02:27:17 -- collecting point 100
GetData ===>> H2,-0.208708542173552,H1,14.6441176771958,AX,1.66770416082837,L1,0.0501577325385,L2,0.03479192570...
GetData ===>> H2,-0.22452546385742,H1,14.7958535748153,AX,1.64509011016936,L1,0.0543388641300142,L2,-0.04659360...
GetData ===>> H2,-0.300097513366048,H1,14.8465374147374,AX,1.66938901666787,L1,0.0191485201693643,L2,0.04555581...
GetData ===>> H2,-0.245989126991826,H1,14.8206097159102,AX,1.6976614664702,L1,0.0404616054446885,L2,0.031143423...
GetData ===>> H2,-0.118159301121215,H1,14.9271786871521,AX,1.62779089545359,L1,0.0430163127229053,L2,0.03501996...
testing H1>-5.0
evaluate ot="H1.bs>-5.0" t="H1>-5.0", ctx="{'H1': None}"
GetData ===>> H2,-0.158760499747651,H1,14.8320611993065,AX,1.80206662414191,L1,0.045712669023997,L2,-0.06268926...
GetData ===>> H2,-0.137394856122593,H1,14.8231714631083,AX,1.76960155990828,L1,0.0831073576349814,L2,0.11461969...
GetData ===>> H2,-0.14374856651658,H1,14.8173691931506,AX,1.71061849204826,L1,0.0703229775183047,L2,0.040937686...
GetData ===>> H2,-0.182464787288166,H1,14.827257576217,AX,1.63970936513751,L1,0.0735545866846644,L2,0.121904854...
GetData ===>> H2,-0.146880186057449,H1,14.8397346318169,AX,1.67497030817229,L1,0.0474329902256565,L2,0.03685567...
testing H1>-5.0
evaluate ot="H1.bs>-5.0" t="H1>-5.0", ctx="{'H1': None}"
GetData ===>> H2,-0.205942202320712,H1,14.8514187727806,AX,1.74944210648293,L1,0.071336657235934,L2,0.066596795...
GetData ===>> H2,-0.198661326166577,H1,14.7894381435434,AX,1.78025041648872,L1,0.0933707901717031,L2,-0.0104624...
GetData ===>> H2,-0.121426212059374,H1,14.8690498799204,AX,1.8550706931749,L1,0.0709128737738964,L2,0.040413171...
GetData ===>> H2,-0.113626004421065,H1,14.8711642693008,AX,1.70919044333668,L1,0.103369740289209,L2,0.051782096...
GetData ===>> H2,-0.110317585559951,H1,14.9526596496694,AX,1.77649392979478,L1,0.0300534119813414,L2,0.01588963...
testing H1>-5.0
evaluate ot="H1.bs>-5.0" t="H1>-5.0", ctx="{'H1': None}"
GetData ===>> H2,-0.0502447543704947,H1,14.906487126804,AX,1.66964642774512,L1,0.0471841205912988,L2,0.04808733...
GetData ===>> H2,-0.255852143318552,H1,14.9269479043062,AX,1.72217551251103,L1,0.0455828453605417,L2,0.08309129...
GetData ===>> H2,-0.179725699855656,H1,14.8734581084321,AX,1.65306819238374,L1,0.0692371768896831,L2,0.01013303...
GetData ===>> H2,-0.124654322183339,H1,14.8412335131182,AX,1.63188441667298,L1,0.0868299678757449,L2,0.11564574...
GetData ===>> H2,-0.143766131936783,H1,14.8520465750686,AX,1.68715196451232,L1,0.0453664762989058,L2,0.07939883...
testing H1>-5.0
evaluate ot="H1.bs>-5.0" t="H1>-5.0", ctx="{'H1': None}"
GetData ===>> H2,-0.0713055171774746,H1,14.8830953303265,AX,1.77771096894216,L1,-0.00379658748571396,L2,0.02144...
measurement finished
estimated time: 125.829 actual time: :126.356
flush and close file /Users/jan/PychronDev/data/isotopes/da/08ac10-1784-46ff-ad12-bc4198dc0f99.h5
baselines () {'settling_time': 15.0, 'detector': 'H1', 'mass': 34.2, 'ncounts': 60}
%%%%%%%%%%%%%%%%%%%%%%%%%%%%%%%% Baseline
build tables- baseline [Detector(H2), Detector(H1), Detector(AX), Detector(L1), Detector(L2), Detector(CDD)]
add group baseline table H2
add group baseline table H1
add group baseline table AX
add group baseline table L1
add group baseline table L2
add group baseline table CDD
flush and close file /Users/jan/PychronDev/data/isotopes/da/08ac10-1784-46ff-ad12-bc4198dc0f99.h5
detector Detector(H1)
POSITION 34.2 H1
Mapping mass to dac mass func: "parabolic"
H1 map mass coeffs = [-0.00063987  0.15840543  0.57078999]
H1 map mass to dac 34.2 >> 5.23983599104
GetDeflection H1 ===>> 0
GetHighVoltage ===>> 4499.94659342336
positioning 34.2 (5.23980513414) on H1
setting magnet DAC
current  : 5.879145
requested: 5.239805
Delta Dac: 0.639340
Checking detector protection. dv=0.63934
Checking detector "CDD". Protection Threshold: 0.1 (V)
ProtectDetector CDD,On ===>> OK
GetDeflection CDD ===>> 2000
Protected = 2000
SetMagnetDAC 5.23980513414 ===>> OK
Magnet settling time: 0.500
GetMagnetMoving ===>> True
GetMagnetMoving ===>> True
GetMagnetMoving ===>> True
GetMagnetMoving ===>> True
GetMagnetMoving ===>> True
GetMagnetMoving ===>> True
GetMagnetMoving ===>> True
GetMagnetMoving ===>> True
GetMagnetMoving ===>> False
ProtectDetector CDD,Off ===>> OK
GetDeflection CDD ===>> 50
Delaying 15.0s for detectors to settle
Join finished
measuring baseline. ncounts=60
"baseline" increment series count="2" fit count="1" regressing="True"
starting measurement
GetData ===>> H2,-0.274866174657352,H1,-0.0505073908773966,AX,-0.0824346221446948,L1,-0.00978974219954022,L2,0....
GetData ===>> H2,-0.300655581036748,H1,-0.0139699821047888,AX,-0.0749233914099337,L1,-0.010892755869187,L2,-0.0...
GetData ===>> H2,-0.204016279391508,H1,0.00447073266853795,AX,0.020756413632644,L1,-0.0376307582632256,L2,-0.09...
GetData ===>> H2,-0.116853626600858,H1,-0.0522123031917453,AX,-0.0732425582265985,L1,-0.0706986455974359,L2,-0....
testing H1>-5.0
evaluate ot="H1.bs>-5.0" t="H1>-5.0", ctx="{'H1': None}"
GetData ===>> H2,-0.230674152248769,H1,-0.0281381586190175,AX,-0.0284985401031641,L1,-0.0685720446884721,L2,-0....
GetData ===>> H2,-0.120866236945231,H1,-0.042936275530958,AX,-0.0582876605693387,L1,-0.026571454760194,L2,-0.04...
GetData ===>> H2,-0.208076642043784,H1,-0.0631325910916079,AX,-0.133689150473062,L1,-0.00574592363525263,L2,0.0...
GetData ===>> H2,-0.173481470824469,H1,-0.0299507772316908,AX,-0.238088745122029,L1,-0.0203462334030417,L2,0.05...
GetData ===>> H2,-0.209252837219941,H1,-0.0375824955106239,AX,-0.0760825697920219,L1,-0.0481463412338725,L2,0.0...
testing H1>-5.0
evaluate ot="H1.bs>-5.0" t="H1>-5.0", ctx="{'H1': None}"
GetData ===>> H2,-0.29489515359195,H1,-0.0243100864419475,AX,-0.118533758635661,L1,-0.0500310858221974,L2,0.072...
GetData ===>> H2,-0.262323854959373,H1,-0.0355792257926034,AX,-0.0991705261275974,L1,-0.0103220812793416,L2,-0....
GetData ===>> H2,-0.245016344835077,H1,-0.00620525691028535,AX,-0.124303743230488,L1,-0.00218645113005956,L2,-0...
GetData ===>> H2,-0.307854536184196,H1,-0.0178580820620276,AX,0.0419230501182405,L1,0.00160474491771765,L2,-0.1...
GetData ===>> H2,-0.251840196997783,H1,-0.0418035397262038,AX,-0.0171092424488223,L1,-0.0281816663966381,L2,-0....
testing H1>-5.0
evaluate ot="H1.bs>-5.0" t="H1>-5.0", ctx="{'H1': None}"
GetData ===>> H2,-0.179787775184673,H1,-0.04565478915437,AX,-0.0792934218063139,L1,-0.0248207759495013,L2,-0.01...
GetData ===>> H2,-0.157149021591659,H1,-0.0413623654699656,AX,-0.144043716371594,L1,-0.00440841977871211,L2,-0....
GetData ===>> H2,-0.273911072876514,H1,-0.0279115789842298,AX,-0.0750277180298539,L1,-0.013061263972927,L2,-0.0...
GetData ===>> H2,-0.295943333184811,H1,-0.0166415762246739,AX,-0.0958792045547942,L1,-0.00102848155097155,L2,-0...
GetData ===>> H2,-0.116902338398364,H1,-0.0514015792796528,AX,-0.0835821202258747,L1,-0.0215055143449358,L2,-0....
testing H1>-5.0
evaluate ot="H1.bs>-5.0" t="H1>-5.0", ctx="{'H1': None}"
GetData ===>> H2,-0.254916508561727,H1,0.0139190384965239,AX,-0.0134903678566852,L1,0.0136170093736692,L2,-0.02...
GetData ===>> H2,-0.172507502804563,H1,-0.00893669589177009,AX,-0.0866304584910506,L1,-0.0270363339962022,L2,0....
GetData ===>> H2,-0.134575701995913,H1,-0.0668518930719618,AX,-0.0893309977793415,L1,0.00869332512481908,L2,0.0...
GetData ===>> H2,-0.210436992623314,H1,0.00278874142936054,AX,-0.0999006281479233,L1,-0.0105618644602793,L2,0.0...
GetData ===>> H2,-0.257692267543899,H1,-0.000229228737524778,AX,-0.105312483404332,L1,-0.0322563626210462,L2,0....
testing H1>-5.0
evaluate ot="H1.bs>-5.0" t="H1>-5.0", ctx="{'H1': None}"
02:28:23 -- collecting point 25
GetData ===>> H2,-0.255705619434915,H1,-0.0668280518328011,AX,-0.0433188686506567,L1,-0.0240453950854414,L2,-0....
GetData ===>> H2,-0.24113245389316,H1,-0.0772818903591819,AX,-0.0284405531648501,L1,0.0026791166388813,L2,-0.08...
GetData ===>> H2,-0.162178560336342,H1,-0.103298504795268,AX,-0.0644090128052966,L1,-0.000708066447476714,L2,-0...
GetData ===>> H2,-0.228236349226875,H1,-0.0151268865264729,AX,-0.060560025658024,L1,-0.012821540333265,L2,-0.05...
GetData ===>> H2,-0.204858658321089,H1,-0.0399076690088538,AX,-0.116818918127829,L1,-0.0311534112046571,L2,0.01...
testing H1>-5.0
evaluate ot="H1.bs>-5.0" t="H1>-5.0", ctx="{'H1': None}"
GetData ===>> H2,-0.18129367237328,H1,-0.0941463856505507,AX,-0.0315717983954921,L1,0.0110444382996201,L2,-0.08...
GetData ===>> H2,-0.195085708123291,H1,-0.0496608851612955,AX,-0.0600035329916276,L1,0.0071034243004485,L2,-0.0...
GetData ===>> H2,-0.108471782930078,H1,-0.0349114603091614,AX,-0.130223994173691,L1,-0.0171997967861465,L2,-0.0...
GetData ===>> H2,-0.117141835029872,H1,-0.0680081863514868,AX,-0.0738569351018441,L1,-0.0323952708329543,L2,0.0...
GetData ===>> H2,-0.188139200932867,H1,0.0170448107198464,AX,-0.0798382128975631,L1,-0.0109886643889661,L2,0.09...
testing H1>-5.0
evaluate ot="H1.bs>-5.0" t="H1>-5.0", ctx="{'H1': None}"
GetData ===>> H2,-0.218122803512567,H1,-0.0697247208063743,AX,-0.0308179893061928,L1,-0.0301341813300165,L2,0.0...
GetData ===>> H2,-0.117850823692823,H1,-0.0251329554317391,AX,-0.144310392758666,L1,-0.0255098200615984,L2,0.04...
GetData ===>> H2,-0.183345742056184,H1,-0.00793477933174176,AX,-0.182217378309636,L1,-0.0176339292557151,L2,0.0...
GetData ===>> H2,-0.156449247241967,H1,-0.0326100201293532,AX,-0.133270871344717,L1,-0.0409235992022594,L2,-0.0...
GetData ===>> H2,-0.227971134071715,H1,-0.0356746204979384,AX,-0.0811827906214605,L1,-0.0593862657565261,L2,-0....
testing H1>-5.0
evaluate ot="H1.bs>-5.0" t="H1>-5.0", ctx="{'H1': None}"
GetData ===>> H2,-0.0334345983808596,H1,0.0365890650560587,AX,-0.0773576500625099,L1,-0.0259148361363365,L2,-0....
GetData ===>> H2,-0.145250987177344,H1,-0.068687651427468,AX,-0.105857128823331,L1,0.00632116520847975,L2,0.009...
GetData ===>> H2,-0.207330172946918,H1,-0.0441286151590557,AX,-0.084393474338257,L1,0.00362633939507213,L2,-0.0...
GetData ===>> H2,-0.173082181045551,H1,-0.092513693069418,AX,-0.105660129768441,L1,-0.0296562694653598,L2,0.009...
GetData ===>> H2,-0.0794411317427108,H1,-0.0961484832515012,AX,-0.0717471718846963,L1,0.0270419799634949,L2,-0....
testing H1>-5.0
evaluate ot="H1.bs>-5.0" t="H1>-5.0", ctx="{'H1': None}"
GetData ===>> H2,-0.110572113537565,H1,-0.00631260744772249,AX,-0.0835125752728846,L1,-0.0191688330887076,L2,-0...
GetData ===>> H2,-0.127170448302095,H1,-0.0343390863486224,AX,-0.132819059083767,L1,-0.049591942014284,L2,0.038...
GetData ===>> H2,-0.176444669378914,H1,-0.1102454529603,AX,-0.0976871273704494,L1,-0.05696403024579,L2,0.016322...
GetData ===>> H2,-0.209700109578972,H1,0.00101134877568145,AX,-0.142640754642189,L1,-0.038869443420795,L2,0.000...
GetData ===>> H2,-0.222062088032971,H1,0.0197173040605627,AX,-0.0353175631259688,L1,-0.00744903456101904,L2,0.0...
testing H1>-5.0
evaluate ot="H1.bs>-5.0" t="H1>-5.0", ctx="{'H1': None}"
02:28:49 -- collecting point 50
GetData ===>> H2,-0.127021740612899,H1,-0.00916331848481704,AX,0.0366425646994605,L1,-0.0749527642263976,L2,-0....
GetData ===>> H2,-0.129239986693745,H1,-0.0829076775279656,AX,-0.0453132945580225,L1,-0.0953438578073388,L2,-0....
GetData ===>> H2,-0.17126226658268,H1,-0.0363781536419026,AX,-0.097165614621402,L1,-0.0610745438129245,L2,0.043...
GetData ===>> H2,-0.299759439693167,H1,0.0203377145039375,AX,-0.0488150365102287,L1,-0.00801987205756996,L2,0.0...
GetData ===>> H2,-0.264045015782843,H1,-0.0632398805850308,AX,-0.10992449075413,L1,0.00230817534754438,L2,-0.06...
testing H1>-5.0
evaluate ot="H1.bs>-5.0" t="H1>-5.0", ctx="{'H1': None}"
GetData ===>> H2,-0.21596679776651,H1,-0.042650111906428,AX,-0.00781820715859378,L1,0.00554376543657063,L2,-0.0...
GetData ===>> H2,-0.223438627756789,H1,0.0947963969329503,AX,-0.0714689579367235,L1,-0.015878095886069,L2,0.009...
GetData ===>> H2,-0.225380583595594,H1,-0.0931334043394959,AX,-0.193551827193604,L1,-0.0480841087154718,L2,-0.0...
GetData ===>> H2,-0.22103967654485,H1,-0.0558604795202864,AX,-0.151742253600768,L1,-0.0415451531042402,L2,-0.11...
GetData ===>> H2,-0.161365665834464,H1,-0.018001199423767,AX,-0.102670330438994,L1,0.00381723537458782,L2,-0.03...
testing H1>-5.0
evaluate ot="H1.bs>-5.0" t="H1>-5.0", ctx="{'H1': None}"
GetData ===>> H2,-0.17388639873381,H1,-0.0620120050627502,AX,-0.0384369909105162,L1,-0.029301713656451,L2,-0.06...
measurement finished
estimated time: 62.915 actual time: :63.283
flush and close file /Users/jan/PychronDev/data/isotopes/da/08ac10-1784-46ff-ad12-bc4198dc0f99.h5
activate_detectors ('H1', 'AX', 'CDD') {'peak_center': True}
peak_center () {'detector': 'H1', 'integration_time': 0.262144, 'isotope': 'Ar40'}
peak center: mean=14.87655805 threshold=3
peak center started
setup peak center. detector=['H1', 'AX', 'CDD'], isotope=Ar40
VersionedUnpickler [<apptools.sweet_pickle.versioned_unpickler.VersionedUnpickler object at 0x1a43cd710>] using Updater [<apptools.sweet_pickle.updater.Updater object at 0x135230b30>]
VersionedUnpickler [<apptools.sweet_pickle.versioned_unpickler.VersionedUnpickler object at 0x1a43cd710>] using Updater [<apptools.sweet_pickle.updater.Updater object at 0x135230b30>]
VersionedUnpickler [<apptools.sweet_pickle.versioned_unpickler.VersionedUnpickler object at 0x19fcc4770>] using Updater [<apptools.sweet_pickle.updater.Updater object at 0x135230b30>]
setting integration time = 0.524288
SetIntegrationTime 0.524288 ===>> OK
Mapping mass to dac mass func: "parabolic"
H1 map mass coeffs = [-0.00063987  0.15840543  0.57078999]
H1 map mass to dac 39.9624 >> 5.87918
GetDeflection H1 ===>> 0
GetHighVoltage ===>> 4499.94659342336
do peak center. <pychron.spectrometer.jobs.peak_center.PeakCenter object at 0x1352309b0>
doing pc
starting peak center. center dac= 5.87914537806 step_width=0.001
width = 0.001
get scan parameters. half-width=0.015,window=0.015, i=0, scalar=1
Scan parameters center=5.87915 width=0.03000 (5.86415 - 5.89415)
GetData ===>> H2,-0.267690857870124,H1,-0.0895580942052775,AX,-0.128184966033353,L1,-0.00801987205756996,L2,-0....
Moving to starting dac 5.86414537806
setting magnet DAC
current  : 5.239805
requested: 5.864145
Delta Dac: 0.624340
Checking detector protection. dv=0.62434
Checking detector "CDD". Protection Threshold: 0.1 (V)
ProtectDetector CDD,On ===>> OK
GetDeflection CDD ===>> 2000
Protected = 2000
SetMagnetDAC 5.86414537806 ===>> OK
Magnet settling time: 0.500
GetMagnetMoving ===>> True
GetMagnetMoving ===>> True
GetMagnetMoving ===>> True
GetMagnetMoving ===>> True
GetMagnetMoving ===>> True
GetMagnetMoving ===>> True
GetMagnetMoving ===>> True
GetMagnetMoving ===>> True
GetMagnetMoving ===>> True
GetMagnetMoving ===>> False
ProtectDetector CDD,Off ===>> OK
GetDeflection CDD ===>> 50
Wait until signal near baseline. tol= -0.067168570654. timeout= 10
GetData ===>> H2,0.479033812298709,H1,0.242445259694546,AX,-0.0722572287233905,L1,0.0147845151714135,L2,-0.0598...
GetData ===>> H2,0.751097190776723,H1,0.359402496935979,AX,-0.012307245055203,L1,0.018758276285441,L2,-0.092097...
GetData ===>> H2,0.319439853970245,H1,0.174774158749158,AX,-0.0882994701603611,L1,0.00938309712703878,L2,-0.115...
GetData ===>> H2,0.00273694481010239,H1,0.028236352747313,AX,-0.151098403058322,L1,0.0141271719244825,L2,0.0118...
GetData ===>> H2,-0.15421859704573,H1,0.100021634115932,AX,-0.0398633130546913,L1,0.00620164531727132,L2,-0.014...
GetData ===>> H2,-0.257180181292949,H1,0.0214115108958303,AX,-0.106564004501243,L1,0.00069732021386448,L2,0.013...
GetData ===>> H2,-0.169671456934995,H1,-0.100426640876061,AX,-0.0361988985819159,L1,0.0336930752546379,L2,-0.02...
Peak center baseline intensity achieved
_do_sweep sm= 5.86414537806, em= 5.89414537806, stm= 0.001
calculated step values: start=5.86414537806, end=5.89414537806, width=0.001, nsteps=31.0
setting magnet DAC
current  : 5.864145
requested: 5.864145
Delta Dac: 0.000000
Checking detector protection. dv=0.00000
Checking detector "CDD". Protection Threshold: 0.1 (V)
SetMagnetDAC 5.86414537806 ===>> OK
GetData ===>> H2,-0.169671456934995,H1,-0.100426640876061,AX,-0.0361988985819159,L1,0.0336930752546379,L2,-0.02...
setting magnet DAC
current  : 5.864145
requested: 5.865180
Delta Dac: 0.001034
Checking detector protection. dv=0.00103
Checking detector "CDD". Protection Threshold: 0.1 (V)
SetMagnetDAC 5.86517986082 ===>> OK
Magnet settling time: 1.049
GetData ===>> H2,-0.210696978288644,H1,0.0727097497305486,AX,-0.0473308698757114,L1,-0.00962188169614287,L2,0.0...
setting magnet DAC
current  : 5.865180
requested: 5.866214
Delta Dac: 0.001034
Checking detector protection. dv=0.00103
Checking detector "CDD". Protection Threshold: 0.1 (V)
SetMagnetDAC 5.86621434358 ===>> OK
Magnet settling time: 1.049
GetData ===>> H2,-0.276631186535481,H1,0.0158278954277559,AX,0.0806832688029359,L1,-0.00134288646104263,L2,-0.0...
setting magnet DAC
current  : 5.866214
requested: 5.867249
Delta Dac: 0.001034
Checking detector protection. dv=0.00103
Checking detector "CDD". Protection Threshold: 0.1 (V)
SetMagnetDAC 5.86724882634 ===>> OK
Magnet settling time: 1.049
GetData ===>> H2,-0.24636045741197,H1,0.345590761177284,AX,0.00286583974646829,L1,0.00766398143741031,L2,-0.042...
setting magnet DAC
current  : 5.867249
requested: 5.868283
Delta Dac: 0.001034
Checking detector protection. dv=0.00103
Checking detector "CDD". Protection Threshold: 0.1 (V)
SetMagnetDAC 5.86828330909 ===>> OK
Magnet settling time: 1.049
GetData ===>> H2,-0.185553337027348,H1,1.13064590603258,AX,-0.0547746652155799,L1,-0.0272008431916874,L2,-0.152...
setting magnet DAC
current  : 5.868283
requested: 5.869318
Delta Dac: 0.001034
Checking detector protection. dv=0.00103
Checking detector "CDD". Protection Threshold: 0.1 (V)
SetMagnetDAC 5.86931779185 ===>> OK
Magnet settling time: 1.049
GetData ===>> H2,-0.227183747517987,H1,3.23903400746326,AX,0.20909745676945,L1,-0.0127028750187147,L2,0.0778261...
setting magnet DAC
current  : 5.869318
requested: 5.870352
Delta Dac: 0.001034
Checking detector protection. dv=0.00103
Checking detector "CDD". Protection Threshold: 0.1 (V)
SetMagnetDAC 5.87035227461 ===>> OK
Magnet settling time: 1.049
GetData ===>> H2,-0.203215624307335,H1,6.83647588077483,AX,0.460954026261644,L1,-0.00950677573299606,L2,0.04291...
setting magnet DAC
current  : 5.870352
requested: 5.871387
Delta Dac: 0.001034
Checking detector protection. dv=0.00103
Checking detector "CDD". Protection Threshold: 0.1 (V)
SetMagnetDAC 5.87138675737 ===>> OK
Magnet settling time: 1.049
GetData ===>> H2,-0.153007836301897,H1,10.8938083833106,AX,0.937674253801909,L1,0.0362773243933996,L2,-0.079082...
setting magnet DAC
current  : 5.871387
requested: 5.872421
Delta Dac: 0.001034
Checking detector protection. dv=0.00103
Checking detector "CDD". Protection Threshold: 0.1 (V)
SetMagnetDAC 5.87242124013 ===>> OK
Magnet settling time: 1.049
GetData ===>> H2,-0.112023355573726,H1,13.6036505496524,AX,1.30841928629864,L1,0.052030425826998,L2,-0.07396272...
setting magnet DAC
current  : 5.872421
requested: 5.873456
Delta Dac: 0.001034
Checking detector protection. dv=0.00103
Checking detector "CDD". Protection Threshold: 0.1 (V)
SetMagnetDAC 5.87345572289 ===>> OK
Magnet settling time: 1.049
GetData ===>> H2,-0.251848265345022,H1,15.2270555410984,AX,1.75832205228401,L1,0.0164712525748998,L2,0.21339841...
setting magnet DAC
current  : 5.873456
requested: 5.874490
Delta Dac: 0.001034
Checking detector protection. dv=0.00103
Checking detector "CDD". Protection Threshold: 0.1 (V)
SetMagnetDAC 5.87449020565 ===>> OK
Magnet settling time: 1.049
GetData ===>> H2,-0.273431945670562,H1,15.5316132929837,AX,1.74781595832509,L1,0.0334911711131621,L2,0.16700763...
setting magnet DAC
current  : 5.874490
requested: 5.875525
Delta Dac: 0.001034
Checking detector protection. dv=0.00103
Checking detector "CDD". Protection Threshold: 0.1 (V)
SetMagnetDAC 5.87552468841 ===>> OK
Magnet settling time: 1.049
GetData ===>> H2,-0.226947007934906,H1,15.602582577373,AX,1.75064711133455,L1,0.0289926414718893,L2,-0.09032286...
setting magnet DAC
current  : 5.875525
requested: 5.876559
Delta Dac: 0.001034
Checking detector protection. dv=0.00103
Checking detector "CDD". Protection Threshold: 0.1 (V)
SetMagnetDAC 5.87655917116 ===>> OK
Magnet settling time: 1.049
GetData ===>> H2,-0.20901841632759,H1,15.4782821186724,AX,1.7445403459367,L1,0.0239101799206637,L2,-0.037273072...
setting magnet DAC
current  : 5.876559
requested: 5.877594
Delta Dac: 0.001034
Checking detector protection. dv=0.00103
Checking detector "CDD". Protection Threshold: 0.1 (V)
SetMagnetDAC 5.87759365392 ===>> OK
Magnet settling time: 1.049
GetData ===>> H2,-0.146319871426845,H1,15.7243236656105,AX,1.69506849004461,L1,0.0212714809662138,L2,-0.0393446...
setting magnet DAC
current  : 5.877594
requested: 5.878628
Delta Dac: 0.001034
Checking detector protection. dv=0.00103
Checking detector "CDD". Protection Threshold: 0.1 (V)
SetMagnetDAC 5.87862813668 ===>> OK
Magnet settling time: 1.049
GetData ===>> H2,-0.221597523517672,H1,15.7462191082887,AX,1.71649153921395,L1,0.0205513009624903,L2,0.01758281...
setting magnet DAC
current  : 5.878628
requested: 5.879663
Delta Dac: 0.001034
Checking detector protection. dv=0.00103
Checking detector "CDD". Protection Threshold: 0.1 (V)
SetMagnetDAC 5.87966261944 ===>> OK
Magnet settling time: 1.049
GetData ===>> H2,-0.286937351024187,H1,15.7440602053563,AX,1.8120634365217,L1,-0.0249862965244844,L2,-0.0438973...
setting magnet DAC
current  : 5.879663
requested: 5.880697
Delta Dac: 0.001034
Checking detector protection. dv=0.00103
Checking detector "CDD". Protection Threshold: 0.1 (V)
SetMagnetDAC 5.8806971022 ===>> OK
Magnet settling time: 1.049
GetData ===>> H2,-0.221204554108977,H1,15.6634358660817,AX,1.769905796933,L1,0.0380854904109376,L2,-0.011499962...
setting magnet DAC
current  : 5.880697
requested: 5.881732
Delta Dac: 0.001034
Checking detector protection. dv=0.00103
Checking detector "CDD". Protection Threshold: 0.1 (V)
SetMagnetDAC 5.88173158496 ===>> OK
Magnet settling time: 1.049
GetData ===>> H2,-0.277302053117459,H1,15.6876993000933,AX,1.84028006825456,L1,0.0833170921421973,L2,0.14050218...
setting magnet DAC
current  : 5.881732
requested: 5.882766
Delta Dac: 0.001034
Checking detector protection. dv=0.00103
Checking detector "CDD". Protection Threshold: 0.1 (V)
SetMagnetDAC 5.88276606772 ===>> OK
Magnet settling time: 1.049
GetData ===>> H2,-0.192582361266763,H1,15.8496399768042,AX,1.78589126756726,L1,0.0847744608390568,L2,-0.0179894...
setting magnet DAC
current  : 5.882766
requested: 5.883801
Delta Dac: 0.001034
Checking detector protection. dv=0.00103
Checking detector "CDD". Protection Threshold: 0.1 (V)
SetMagnetDAC 5.88380055047 ===>> OK
Magnet settling time: 1.049
GetData ===>> H2,-0.207932472248667,H1,15.6358598792454,AX,1.68417165811749,L1,0.0330657434730405,L2,0.07923929...
setting magnet DAC
current  : 5.883801
requested: 5.884835
Delta Dac: 0.001034
Checking detector protection. dv=0.00103
Checking detector "CDD". Protection Threshold: 0.1 (V)
SetMagnetDAC 5.88483503323 ===>> OK
Magnet settling time: 1.049
GetData ===>> H2,-0.213872900883154,H1,15.3901226109307,AX,1.57991787520377,L1,0.0211586493666948,L2,0.08496036...
setting magnet DAC
current  : 5.884835
requested: 5.885870
Delta Dac: 0.001034
Checking detector protection. dv=0.00103
Checking detector "CDD". Protection Threshold: 0.1 (V)
SetMagnetDAC 5.88586951599 ===>> OK
Magnet settling time: 1.049
GetData ===>> H2,-0.154242919039262,H1,14.664432900402,AX,1.4885129685619,L1,0.0232426366747928,L2,-0.038866588...
setting magnet DAC
current  : 5.885870
requested: 5.886904
Delta Dac: 0.001034
Checking detector protection. dv=0.00103
Checking detector "CDD". Protection Threshold: 0.1 (V)
SetMagnetDAC 5.88690399875 ===>> OK
Magnet settling time: 1.049
GetData ===>> H2,-0.109591878734371,H1,10.9640860965339,AX,1.05297140603224,L1,0.0506125705962539,L2,0.00075153...
setting magnet DAC
current  : 5.886904
requested: 5.887938
Delta Dac: 0.001034
Checking detector protection. dv=0.00103
Checking detector "CDD". Protection Threshold: 0.1 (V)
SetMagnetDAC 5.88793848151 ===>> OK
Magnet settling time: 1.049
GetData ===>> H2,-0.121408628719802,H1,6.71594147051076,AX,0.558517249968315,L1,0.0536167371568762,L2,-0.014505...
setting magnet DAC
current  : 5.887938
requested: 5.888973
Delta Dac: 0.001034
Checking detector protection. dv=0.00103
Checking detector "CDD". Protection Threshold: 0.1 (V)
SetMagnetDAC 5.88897296427 ===>> OK
Magnet settling time: 1.049
GetData ===>> H2,-0.158339079135811,H1,3.25998661936258,AX,0.185916115089598,L1,-0.00728833077111764,L2,0.01769...
setting magnet DAC
current  : 5.888973
requested: 5.890007
Delta Dac: 0.001034
Checking detector protection. dv=0.00103
Checking detector "CDD". Protection Threshold: 0.1 (V)
SetMagnetDAC 5.89000744703 ===>> OK
Magnet settling time: 1.049
GetData ===>> H2,-0.125852289512553,H1,1.20506735912376,AX,-0.0110545111195826,L1,-0.0498504049995025,L2,-0.015...
setting magnet DAC
current  : 5.890007
requested: 5.891042
Delta Dac: 0.001034
Checking detector protection. dv=0.00103
Checking detector "CDD". Protection Threshold: 0.1 (V)
SetMagnetDAC 5.89104192978 ===>> OK
Magnet settling time: 1.049
GetData ===>> H2,-0.192997123181519,H1,0.372355714691586,AX,-0.0405590723687063,L1,-0.0253502338918162,L2,-0.16...
setting magnet DAC
current  : 5.891042
requested: 5.892076
Delta Dac: 0.001034
Checking detector protection. dv=0.00103
Checking detector "CDD". Protection Threshold: 0.1 (V)
SetMagnetDAC 5.89207641254 ===>> OK
Magnet settling time: 1.049
GetData ===>> H2,-0.229429836542667,H1,0.044417382312001,AX,-0.0489773658626525,L1,-0.026161862558931,L2,-0.004...
setting magnet DAC
current  : 5.892076
requested: 5.893111
Delta Dac: 0.001034
Checking detector protection. dv=0.00103
Checking detector "CDD". Protection Threshold: 0.1 (V)
SetMagnetDAC 5.8931108953 ===>> OK
Magnet settling time: 1.049
GetData ===>> H2,-0.272508506016159,H1,-0.126639767914871,AX,-0.0602469989247305,L1,-0.00786877116460483,L2,-0....
setting magnet DAC
current  : 5.893111
requested: 5.894145
Delta Dac: 0.001034
Checking detector protection. dv=0.00103
Checking detector "CDD". Protection Threshold: 0.1 (V)
SetMagnetDAC 5.89414537806 ===>> OK
Magnet settling time: 1.049
GetData ===>> H2,-0.170915518804812,H1,0.0175458977868416,AX,-0.0533833448677066,L1,-0.021482725866559,L2,0.043...
result of _do_sweep=True
result of _calculate_peak_center=([5.8716904682406401, 5.8792054983007604, 5.8867205283608808], [11.689383287859265, 15.846212640570798, 11.620360028683852], 5.8827826526093778, 15.846212640570798)
Failed to find a valid peak. No peak greater than 1.0. max = 0.0321323217769
new center pos Detector(H1) (Ar40) @ 5.8792054983
GetHighVoltage ===>> 4499.94659342336
GetDeflection H1 ===>> 0
dac uncorrected for HV and deflection 5.87924012059
update mftable H1 Ar40 5.87924012059 message=automated run peakcenter
get initial guess parabolic
get initial guess parabolic
get initial guess parabolic
get initial guess parabolic
get initial guess parabolic
get initial guess parabolic
dump mftable to /Users/jan/PychronDev/setupfiles/spectrometer/mftables/mftable.csv
add to repo msg=modified - automated run peakcenter
sweep finished
locally archiving mftable
setting magnet DAC
current  : 5.894145
requested: 5.879205
Delta Dac: 0.014940
Checking detector protection. dv=0.01494
Checking detector "CDD". Protection Threshold: 0.1 (V)
SetMagnetDAC 5.8792054983 ===>> OK
Magnet settling time: 0.500
setting integration time = 1.048576
SetIntegrationTime 1.048576 ===>> OK
Failed to find a valid peak. No peak greater than 1.0. max = 0.0321323217769
flush and close file /Users/jan/PychronDev/data/isotopes/da/08ac10-1784-46ff-ad12-bc4198dc0f99.h5
finished measure script
executed snippet estimated_duration=226.132928, duration=267.114357948
jan_unknown120_60.py completed successfully
Measurement Finished
02:29:40 -- ******* Measurement Finished *******
Post Measurement Started jan_pump_ms.py
02:29:40 -- ******* Post Measurement Started jan_pump_ms.py *******
testing...
no interpolation path defined
executed snippet estimated_duration=0, duration=4.00543212891e-05
Pumping spectrometer
open () {'name': 'O'}
opening name=O desc=---
checking ownership. requestor=129.138.12.150
check software interlocks O
interlocks []
actuate state mode=None-script, software_lock=False
doing actuation None-script open_channel True
Open O ===>> OK
GetIndicatorState O ===>> OK
change switch state (True, True)
update switch state O True args=() kw={} ncanvase=2
02:29:40 -- OPEN   VALVE-O (Jan Ion Pump)
---------------------------------------- open O () result=[(True, True)], time=0.12 sec
action=open, ok=True, locked=[False]
executed snippet estimated_duration=0, duration=0.368412971497
jan_pump_ms.py completed successfully
setting _ms_pumptime
Post Measurement Finished
02:29:40 -- ******* Post Measurement Finished *******
$$$$$$$$$$$$$$$$$$$$ state at run end measurement
state changed from measurement to success
post measurement save measured=True aborted=False
Set filtering
setting fod for Ar40= {'filter_outliers': True, 'std_devs': 2, 'iterations': 1}
setting fod for H1= {'filter_outliers': True, 'std_devs': 2, 'iterations': 1}
setting fod for PM41= {'filter_outliers': False, 'std_devs': 2, 'iterations': 1}
setting fod for H2= {'filter_outliers': True, 'std_devs': 2, 'iterations': 1}
setting fod for Ar36= {'filter_outliers': True, 'std_devs': 2, 'iterations': 1}
setting fod for CDD= {'filter_outliers': True, 'std_devs': 10, 'iterations': 1}
setting fod for Ar37= {'filter_outliers': True, 'std_devs': 2, 'iterations': 1}
setting fod for L2= {'filter_outliers': True, 'std_devs': 2, 'iterations': 1}
setting fod for Ar38= {'filter_outliers': True, 'std_devs': 2, 'iterations': 1}
setting fod for L1= {'filter_outliers': True, 'std_devs': 2, 'iterations': 1}
setting fod for Ar39= {'filter_outliers': True, 'std_devs': 2, 'iterations': 1}
setting fod for AX= {'filter_outliers': True, 'std_devs': 2, 'iterations': 1}
persistence save...
persistence save - db
post measurement save
6896663728 connecting to database sqlite:////Users/jan/PychronDev/.appdata/local_lab.db
connected to db sqlite:////Users/jan/PychronDev/.appdata/local_lab.db
create new session 6896663728
close session 6896663728
No database instance. Not saving post measurement to isotopedb database
$$$$$$$$$$$$$$$ auto_save_detector_ic=False
massspec enabled True
create new session 4985539184
MassSpec Database Version: 16.0
close session 4985539184
saving post measurement to secondary database
saving to massspec database 129.138.12.160/massspecdata
setting labnumber to 65580
setting aliquot to 7
setting step to A
setting uuid to da08ac10-1784-46ff-ad12-bc4198dc0f99
setting irradpos to 65580
setting extract_device to Fusions CO2
setting tray to 
setting position to 195
setting power_requested to 0.3
setting extract_value to 0.3
setting duration to 30.0
setting duration_at_request to 30.0
setting first_stage_delay to 30.0
setting cleanup to 30.0
setting comment to O:3 with inclusions
setting irradiation to NM-289
setting level to O
setting irradiation_level to O
setting sample to Bw-2014-12 W
setting material to Sanidine
setting project to Bustos Wells
setting mass_spectrometer to Jan
no attribute chron_dosages
no attribute production_ratios
no attribute interference_corrections
no attribute production_name
no attribute j
Reference Isotope=Ar40
Reference Detector=H1
%%%%%%%%%%%%%%%%%%%% Comment: O:3 with inclusions %%%%%%%%%%%%%%%%%%%
adding isotope PM41 H2
add baseline dbdet= PM41. original det= H2
get baseline data PM41 H2
Get data baseline <pychron.processing.isotope.Baseline object at 0x1936ef190> len t=60
baseline PM41. v=-0.198371852455, e=0.00745084274368
get signal data PM41 H2
Get data signal PM41 0.07+/-0.08 len t=120
adding isotope Ar40 H1
add baseline dbdet= Ar40. original det= H1
get baseline data Ar40 H1
Get data baseline <pychron.processing.isotope.Baseline object at 0x1936ef550> len t=60
baseline Ar40. v=-0.0364313879238, e=0.00425403730039
get signal data Ar40 H1
Get data signal Ar40 13.623+/-0.011 len t=120
adding isotope Ar39 AX
add baseline dbdet= Ar39. original det= AX
get baseline data Ar39 AX
Get data baseline <pychron.processing.isotope.Baseline object at 0x184306d50> len t=60
baseline Ar39. v=-0.0841810175454, e=0.00520661677716
get signal data Ar39 AX
Get data signal Ar39 1.748+/-0.011 len t=120
adding isotope Ar38 L1
add baseline dbdet= Ar38. original det= L1
get baseline data Ar38 L1
Get data baseline <pychron.processing.isotope.Baseline object at 0x1843060d0> len t=60
baseline Ar38. v=-0.0200829534211, e=0.00289103925416
get signal data Ar38 L1
Get data signal Ar38 0.074+/-0.004 len t=120
adding isotope Ar37 L2
add baseline dbdet= Ar37. original det= L2
get baseline data Ar37 L2
Get data baseline <pychron.processing.isotope.Baseline object at 0x184306c50> len t=60
baseline Ar37. v=-0.0228668148207, e=0.00598418542865
get signal data Ar37 L2
Get data signal Ar37 0.045+/-0.010 len t=120
adding isotope Ar36 CDD
add baseline dbdet= Ar36. original det= CDD
get baseline data Ar36 CDD
Get data baseline <pychron.processing.isotope.Baseline object at 0x184306510> len t=60
baseline Ar36. v=3.4735262661e-05, e=8.92818592425e-06
get signal data Ar36 CDD
Get data signal Ar36 0.0272+/-0.0004 len t=120
65580-07A added analysis time 0.476296901703s
analysis added to mass spec database
mass spec save time= 0.484
persistence save - dvc
================= post measurement started
create new session 4989601072
close session 4989601072
---------------- Experiment Queue saving disabled
DVC saving peakcenter
Failed to find a valid peak. No peak greater than 1.0. max = 0.0321323217769
Smart pull ahead: 0 behind: 0
Up-to-date with origin
add to repo msg=modified - ad8224ebc6dbfeb9f5997218dfa5fe690569839d.json
add to repo msg=modified - 80-07A.json
add to repo msg=modified - 80-07A.dat.json
add to repo msg=modified - 80-07A.blan.json
add to repo msg=modified - 80-07A.inte.json
add to repo msg=modified - 80-07A.icfa.json
add to repo msg=modified - 80-07A.base.json
not at valid file /Users/jan/PychronDev/data/.dvc/repositories/Load1789/655/tags/80-07A.tags.json
add to repo msg=modified - 80-07A.peak.json
add to repo msg=modified - 80-07A.extr.json
not at valid file /Users/jan/PychronDev/data/.dvc/repositories/Load1789/655/monitor/80-07A.moni.json
commit message=<COLLECTION>
add to repo msg=modified - 80-07A.inte.json
add to repo msg=modified - 80-07A.base.json
commit message=<ISOEVO> default collection fits
add to repo msg=modified - 80-07A.blan.json
commit message=<BLANKS> preceding ba-01-J-2309
add to repo msg=modified - 80-07A.icfa.json
commit message=<ICFactor> default
push repository <pychron.git_archive.repo_manager.GitRepoManager object at 0x16f6de4d0>
pushing to remote=origin, url=https://github.com
no changes to meta repo
create new session 4989601072
add association Load1789
get identifier "65580"
setting analysis irradiation position=<pychron.dvc.dvc_orm.IrradiationPositionTbl object at 0x19ad93610>
close session 4989601072
================= post measurement finished
02:29:54 -- ******* Post Run Check *******
loading queue conditionals post_run_actions
loading system conditionals post_run_actions
loading conditionals from /Users/jan/PychronDev/setupfiles/spectrometer/default_conditionals.yaml
loading queue conditionals post_run_terminations
loading system conditionals post_run_terminations
loading conditionals from /Users/jan/PychronDev/setupfiles/spectrometer/default_conditionals.yaml
Checking default post run terminations n=1
GetDeflection CDD ===>> 50
testing CDD==2000
evaluate ot="CDD.deflection==2000" t="CDD==2000", ctx="{'CDD': 50.0}"
02:29:54 -- ******* Post Run Check Passed *******
02:29:54 -- Automated run 65580-07A success duration: 358.916 s
----------------- finish -----------------
----------------- stop -----------------
retroactive repository identifiers disabled
finish run. runs completed=123
update duration runid=65580-07A, duration=358.916141987, md5=301e91d8
loading script "jan_unknown400_120.py"
loading script "jan_pump_ms.py"
loading script "jan_cocktail_x1.py"
loading script "jan_pump_extraction_line.py"
testing...
no interpolation path defined
executed snippet estimated_duration=556.052928, duration=0.000196933746338
script duration name:unknown400_120 seconds:556.0
loading script "jan_unknown400_120.py"
loading script "jan_pump_ms.py"
loading script "jan_cocktail_x1.py"
loading script "jan_pump_extraction_line.py"
testing...
no interpolation path defined
executed snippet estimated_duration=0, duration=2.78949737549e-05
loading script "jan_unknown400_120.py"
loading script "jan_pump_ms.py"
loading script "jan_cocktail_x1.py"
loading script "jan_pump_extraction_line.py"
testing...
no interpolation path defined
calculate duration
testing...
no interpolation path defined
executed snippet estimated_duration=0, duration=5.10215759277e-05
calculate duration
testing...
no interpolation path defined
executed snippet estimated_duration=0, duration=9.48905944824e-05
calculate duration
testing...
no interpolation path defined
executed snippet estimated_duration=32.0, duration=0.000170946121216
calculate duration
testing...
no interpolation path defined
executed snippet estimated_duration=34.0, duration=9.60826873779e-05
calculate duration
testing...
no interpolation path defined
executed snippet estimated_duration=4.0, duration=6.50882720947e-05
calculate duration
testing...
no interpolation path defined
executed snippet estimated_duration=38.0, duration=9.20295715332e-05
executed snippet estimated_duration=108.0, duration=0.00739908218384
script duration name:cocktail_x1 seconds:108.0
loading script "jan_unknown400_120.py"
loading script "jan_pump_ms.py"
loading script "jan_cocktail_x1.py"
loading script "jan_pump_extraction_line.py"
testing...
no interpolation path defined
calculate duration
testing...
no interpolation path defined
executed snippet estimated_duration=4.0, duration=0.0001540184021
executed snippet estimated_duration=4.0, duration=0.00629806518555
Script duration 664.0
Run total estimated duration= 665.000
unknown400_120 in script context. using previous estimated duration
script duration name:unknown400_120 seconds:556.0
pump_ms in script context. using previous estimated duration
cocktail_x1 in script context. using previous estimated duration
script duration name:cocktail_x1 seconds:108.0
pump_extraction_line in script context. using previous estimated duration
Script duration 664.0
Run total estimated duration= 665.000
loading script "jan_unknown120_60.py"
loading script "jan_pump_ms.py"
loading script "jan_co2.py"
loading script "jan_pump_extraction_line.py"
testing...
no interpolation path defined
executed snippet estimated_duration=213.652928, duration=0.000227212905884
script duration name:unknown120_60 seconds:214.0
loading script "jan_unknown120_60.py"
loading script "jan_pump_ms.py"
loading script "jan_co2.py"
loading script "jan_pump_extraction_line.py"
testing...
no interpolation path defined
calculate duration
testing...
no interpolation path defined
executed snippet estimated_duration=0, duration=7.29560852051e-05
calculate duration
testing...
no interpolation path defined
executed snippet estimated_duration=0, duration=0.0001220703125
executed snippet estimated_duration=0.0, duration=0.00457882881165
script duration name:co2 seconds:0.0
Script duration 214.0
Run total estimated duration= 215.000
unknown120_60 in script context. using previous estimated duration
script duration name:unknown120_60 seconds:214.0
co2 in script context. using previous estimated duration
script duration name:co2 seconds:0.0
Script duration 214.0
Run total estimated duration= 215.000
script duration name:unknown120_60 seconds:214.0
script duration name:co2 seconds:0.0
Script duration 214.0
Run total estimated duration= 215.000
script duration name:unknown400_120 seconds:556.0
script duration name:co2 seconds:0.0
Script duration 556.0
Run total estimated duration= 557.000
script duration name:unknown120_60 seconds:214.0
script duration name:co2 seconds:0.0
Script duration 214.0
Run total estimated duration= 215.000
script duration name:unknown120_60 seconds:214.0
script duration name:co2 seconds:0.0
Script duration 214.0
Run total estimated duration= 215.000
script duration name:unknown120_60 seconds:214.0
script duration name:co2 seconds:0.0
Script duration 214.0
Run total estimated duration= 215.000
script duration name:unknown120_60 seconds:214.0
script duration name:co2 seconds:0.0
Script duration 214.0
Run total estimated duration= 215.000
script duration name:unknown120_60 seconds:214.0
script duration name:co2 seconds:0.0
Script duration 214.0
Run total estimated duration= 215.000
script duration name:unknown120_60 seconds:214.0
script duration name:co2 seconds:0.0
Script duration 214.0
Run total estimated duration= 215.000
script duration name:unknown120_60 seconds:214.0
script duration name:co2 seconds:0.0
Script duration 214.0
Run total estimated duration= 215.000
script duration name:unknown120_60 seconds:214.0
script duration name:co2 seconds:0.0
Script duration 214.0
Run total estimated duration= 215.000
script duration name:unknown120_60 seconds:214.0
script duration name:co2 seconds:0.0
Script duration 214.0
Run total estimated duration= 215.000
script duration name:unknown120_60 seconds:214.0
script duration name:co2 seconds:0.0
Script duration 214.0
Run total estimated duration= 215.000
script duration name:unknown120_60 seconds:214.0
script duration name:co2 seconds:0.0
Script duration 214.0
Run total estimated duration= 215.000
script duration name:unknown120_60 seconds:214.0
script duration name:co2 seconds:0.0
Script duration 214.0
Run total estimated duration= 215.000
script duration name:unknown400_120 seconds:556.0
script duration name:co2 seconds:0.0
Script duration 556.0
Run total estimated duration= 557.000
script duration name:unknown400_120 seconds:556.0
loading script "jan_unknown400_120.py"
loading script "jan_pump_ms.py"
loading script "jan_sniffair_x2.py"
loading script "jan_pump_extraction_line.py"
testing...
no interpolation path defined
calculate duration
testing...
no interpolation path defined
executed snippet estimated_duration=0, duration=7.60555267334e-05
calculate duration
testing...
no interpolation path defined
executed snippet estimated_duration=0, duration=0.000108957290649
calculate duration
testing...
no interpolation path defined
executed snippet estimated_duration=32.0, duration=0.000135183334351
calculate duration
testing...
no interpolation path defined
executed snippet estimated_duration=34.0, duration=0.000103950500488
calculate duration
testing...
no interpolation path defined
executed snippet estimated_duration=4.0, duration=9.10758972168e-05
calculate duration
testing...
no interpolation path defined
executed snippet estimated_duration=36.0, duration=0.000115156173706
calculate duration
testing...
no interpolation path defined
executed snippet estimated_duration=34.0, duration=0.000119924545288
calculate duration
testing...
no interpolation path defined
executed snippet estimated_duration=4.0, duration=6.19888305664e-05
calculate duration
testing...
no interpolation path defined
executed snippet estimated_duration=36.0, duration=8.58306884766e-05
calculate duration
testing...
no interpolation path defined
executed snippet estimated_duration=70.0, duration=9.48905944824e-05
executed snippet estimated_duration=250.0, duration=0.0214240550995
script duration name:sniffair_x2 seconds:250.0
Script duration 806.0
Run total estimated duration= 807.000
script duration name:unknown400_120 seconds:556.0
script duration name:cocktail_x1 seconds:108.0
Script duration 664.0
Run total estimated duration= 665.000
script duration name:unknown400_120 seconds:556.0
sniffair_x2 in script context. using previous estimated duration
script duration name:sniffair_x2 seconds:250.0
Script duration 806.0
Run total estimated duration= 807.000
script duration name:unknown400_120 seconds:556.0
script duration name:cocktail_x1 seconds:108.0
Script duration 664.0
Run total estimated duration= 665.000
loading script "jan_ic_peak_hop3.py"
loading script "jan_pump_ms.py"
loading script "jan_air_x1.py"
loading script "jan_pump_extraction_line.py"
testing...
no interpolation path defined
executed snippet estimated_duration=133.8, duration=0.00931096076965
script duration name:ic_peak_hop3 seconds:134.0
loading script "jan_ic_peak_hop3.py"
loading script "jan_pump_ms.py"
loading script "jan_air_x1.py"
loading script "jan_pump_extraction_line.py"
testing...
no interpolation path defined
calculate duration
testing...
no interpolation path defined
executed snippet estimated_duration=0, duration=4.48226928711e-05
calculate duration
testing...
no interpolation path defined
executed snippet estimated_duration=0, duration=9.3936920166e-05
calculate duration
testing...
no interpolation path defined
executed snippet estimated_duration=32.0, duration=8.79764556885e-05
calculate duration
testing...
no interpolation path defined
executed snippet estimated_duration=34.0, duration=9.3936920166e-05
calculate duration
testing...
no interpolation path defined
executed snippet estimated_duration=4.0, duration=6.19888305664e-05
calculate duration
testing...
no interpolation path defined
executed snippet estimated_duration=36.0, duration=8.60691070557e-05
executed snippet estimated_duration=106.0, duration=0.0102598667145
script duration name:air_x1 seconds:106.0
Script duration 240.0
Run total estimated duration= 241.000
script duration name:unknown120_60 seconds:214.0
script duration name:co2 seconds:0.0
Script duration 214.0
Run total estimated duration= 215.000
script duration name:unknown120_60 seconds:214.0
script duration name:co2 seconds:0.0
Script duration 214.0
Run total estimated duration= 215.000
script duration name:unknown120_60 seconds:214.0
script duration name:co2 seconds:0.0
Script duration 214.0
Run total estimated duration= 215.000
script duration name:unknown120_60 seconds:214.0
script duration name:co2 seconds:0.0
Script duration 214.0
Run total estimated duration= 215.000
script duration name:unknown120_60 seconds:214.0
script duration name:co2 seconds:0.0
Script duration 214.0
Run total estimated duration= 215.000
script duration name:unknown120_60 seconds:214.0
script duration name:co2 seconds:0.0
Script duration 214.0
Run total estimated duration= 215.000
script duration name:unknown120_60 seconds:214.0
script duration name:co2 seconds:0.0
Script duration 214.0
Run total estimated duration= 215.000
script duration name:unknown120_60 seconds:214.0
script duration name:co2 seconds:0.0
Script duration 214.0
Run total estimated duration= 215.000
script duration name:unknown120_60 seconds:214.0
script duration name:co2 seconds:0.0
Script duration 214.0
Run total estimated duration= 215.000
script duration name:unknown120_60 seconds:214.0
script duration name:co2 seconds:0.0
Script duration 214.0
Run total estimated duration= 215.000
script duration name:unknown120_60 seconds:214.0
script duration name:co2 seconds:0.0
Script duration 214.0
Run total estimated duration= 215.000
script duration name:unknown120_60 seconds:214.0
script duration name:co2 seconds:0.0
Script duration 214.0
Run total estimated duration= 215.000
script duration name:unknown400_120 seconds:556.0
script duration name:co2 seconds:0.0
Script duration 556.0
Run total estimated duration= 557.000
script duration name:unknown120_60 seconds:214.0
script duration name:co2 seconds:0.0
Script duration 214.0
Run total estimated duration= 215.000
script duration name:unknown120_60 seconds:214.0
script duration name:co2 seconds:0.0
Script duration 214.0
Run total estimated duration= 215.000
script duration name:unknown120_60 seconds:214.0
script duration name:co2 seconds:0.0
Script duration 214.0
Run total estimated duration= 215.000
script duration name:unknown400_120 seconds:556.0
script duration name:cocktail_x1 seconds:108.0
Script duration 664.0
Run total estimated duration= 665.000
script duration name:unknown400_120 seconds:556.0
script duration name:cocktail_x1 seconds:108.0
Script duration 664.0
Run total estimated duration= 665.000
script duration name:unknown120_60 seconds:214.0
script duration name:co2 seconds:0.0
Script duration 214.0
Run total estimated duration= 215.000
script duration name:unknown120_60 seconds:214.0
script duration name:co2 seconds:0.0
Script duration 214.0
Run total estimated duration= 215.000
script duration name:unknown400_120 seconds:556.0
script duration name:co2 seconds:0.0
Script duration 556.0
Run total estimated duration= 557.000
nruns=45 before=5.0, run_dur=14953.0, btw=1980.0
write rem/ex queues
/Users/jan/PychronDev/experiments/rem/CurrentExperiment.rem.txt
/Users/jan/PychronDev/experiments/rem/CurrentExperiment.ex.txt
doing event level: 3
