do run
loading script "jan_unknown120_60.py"
loading script "jan_pump_ms.py"
loading script "jan_co2.py"
loading script "jan_pump_extraction_line.py"
testing...
no interpolation path defined
executed snippet estimated_duration=213.652928, duration=0.000200986862183
script duration name:unknown120_60 seconds:214.0
loading script "jan_unknown120_60.py"
loading script "jan_pump_ms.py"
loading script "jan_co2.py"
loading script "jan_pump_extraction_line.py"
testing...
no interpolation path defined
executed snippet estimated_duration=0, duration=3.981590271e-05
loading script "jan_unknown120_60.py"
loading script "jan_pump_ms.py"
loading script "jan_co2.py"
loading script "jan_pump_extraction_line.py"
testing...
no interpolation path defined
calculate duration
testing...
no interpolation path defined
executed snippet estimated_duration=0, duration=5.79357147217e-05
calculate duration
testing...
no interpolation path defined
executed snippet estimated_duration=0, duration=0.000155925750732
executed snippet estimated_duration=0.0, duration=0.00739502906799
script duration name:co2 seconds:0.0
loading script "jan_unknown120_60.py"
loading script "jan_pump_ms.py"
loading script "jan_co2.py"
loading script "jan_pump_extraction_line.py"
testing...
no interpolation path defined
calculate duration
testing...
no interpolation path defined
executed snippet estimated_duration=4.0, duration=0.000154972076416
executed snippet estimated_duration=4.0, duration=0.006019115448
Script duration 214.0
Run total estimated duration= 215.000
run duration: 0:03:35
doing event level: 2
03:29:21 -- Setting default integration. t=1.048576
setting integration time = 1.048576
SetIntegrationTime 1.048576 ===>> OK
----------------- start -----------------
**************** Experiment Type: Ar/Ar, Ar/Ar
create new session 4436069840
close session 4436069840
$$$$$ Clearing conditionals
adding conditionals 
Add queue conditionals
add default conditionals
adding default conditionals from /Users/jan/PychronDev/setupfiles/spectrometer/default_conditionals.yaml
Start automated run 65580-08B
loading script "jan_unknown120_60.py"
loading script "jan_pump_ms.py"
loading script "jan_co2.py"
loading script "jan_pump_extraction_line.py"
%%%%%%%%%%%%%%%%%% setting automated run 65580-08B
No value "sensitivity_multiplier" in metadata
$$$$$$$$$$$$$$$ auto_save_detector_ic=False
============================= Pre Extraction Check =============================
loading queue conditionals pre_run_terminations
loading system conditionals pre_run_terminations
loading conditionals from /Users/jan/PychronDev/setupfiles/spectrometer/default_conditionals.yaml
03:29:22 -- ******* Pre Extraction Check *******
Get a measurement from the spectrometer
GetData ===>> H2,-0.120276474835955,H1,0.0061527521702633,AX,-0.0272576120818388,L1,0.00103459418744382,L2,0.06...
Pre Extraction Termination data. keys=H2,H1,AX,L1,L2,CDD, signals=-0.12028,0.00615,-0.02726,0.00103,0.06397,0.00253
03:29:22 -- testing system defined conditionals
Checking default pre extraction terminations n=2
testing CDD
evaluate ot="CDD.inactive" t="CDD", ctx="{'CDD': False}"
GetDeflection CDD ===>> 50
testing CDD==2000
evaluate ot="CDD.deflection==2000" t="CDD==2000", ctx="{'CDD': 50.0}"
03:29:22 -- ******* Pre Extraction Check Passed *******
=================================================================================
03:29:22 -- stopping status monitor
stop 4982387056
Alive clients [4989850544]
03:29:22 -- starting status monitor
start 4982387056
Monitor already running
start extraction
do extraction
Analysis started at 03:29:22.128794
Extraction Started jan_co2.py
03:29:22 -- ******* Extraction Started jan_co2.py *******
state changed from not run to extraction
DO EXTRACTION <pychron.extraction_line.pyscript_runner.RemotePyScriptRunner object at 0x12c299590>
testing...
no interpolation path defined
calculate duration
testing...
no interpolation path defined
executed snippet estimated_duration=0, duration=4.19616699219e-05
calculate duration
testing...
no interpolation path defined
executed snippet estimated_duration=0, duration=7.70092010498e-05
executed snippet estimated_duration=100.0, duration=0.00173115730286
Jan CO2 laser analysis
doing GOSUB
testing...
no interpolation path defined
executed snippet estimated_duration=0, duration=3.38554382324e-05
Waiting for CO2 access
wait ('FelixCO2Flag', 0) {}
waiting for FelixCO2Flag = 0
Read FelixCO2Flag ===>> 0
finished waiting
CO2 free
wait ('CO2PumpTimeFlag', 0) {}
waiting for CO2PumpTimeFlag = 0
Read CO2PumpTimeFlag ===>> 0
finished waiting
acquire ('JanCO2Flag',) {'clear': True}
acquire JanCO2Flag
Set JanCO2Flag 1 ===>> OK
JanCO2Flag acquired
set extraction state False (0.75, 'red', 1.5)
CO2 acquired
executed snippet estimated_duration=0, duration=0.0166909694672
WaitForCO2Access.py completed successfully
gosub finished
doing GOSUB
testing...
no interpolation path defined
executed snippet estimated_duration=0, duration=9.79900360107e-05
Prepare for CO2 analysis
close () {'description': 'Jan Inlet'}
closing name=--- desc=Jan Inlet
checking ownership. requestor=129.138.12.150
check software interlocks R
interlocks []
actuate state mode=None-script, software_lock=False
doing actuation None-script close_channel False
Close R ===>> OK
GetIndicatorState R ===>> False
change switch state (True, True)
update switch state R False args=() kw={} ncanvase=2
03:29:22 -- CLOSE  VALVE-R (Jan Inlet)
---------------------------------------- close None (Jan Inlet) result=[(True, True)]
action=close, ok=True, locked=[False]
open () {'description': 'Jan Ion Pump'}
opening name=--- desc=Jan Ion Pump
checking ownership. requestor=129.138.12.150
check software interlocks O
interlocks []
actuate state mode=None-script, software_lock=False
doing actuation None-script open_channel False
Open O ===>> OK
GetIndicatorState O ===>> OK
change switch state (True, True)
update switch state O True args=() kw={} ncanvase=2
03:29:22 -- OPEN   VALVE-O (Jan Ion Pump)
---------------------------------------- open None (Jan Ion Pump) result=[(True, True)], time=0.12 sec
action=open, ok=True, locked=[False]
close () {'description': 'Microbone to Minibone'}
closing name=--- desc=Microbone to Minibone
checking ownership. requestor=129.138.12.150
check software interlocks L
interlocks []
actuate state mode=None-script, software_lock=False
doing actuation None-script close_channel False
Close L ===>> OK
GetIndicatorState L ===>> False
change switch state (True, True)
update switch state L False args=() kw={} ncanvase=2
03:29:23 -- CLOSE  VALVE-L (Microbone to Minibone)
---------------------------------------- close None (Microbone to Minibone) result=[(True, True)]
action=close, ok=True, locked=[False]
open () {'description': 'Microbone to Turbo'}
opening name=--- desc=Microbone to Turbo
checking ownership. requestor=129.138.12.150
check software interlocks U
interlocks []
actuate state mode=None-script, software_lock=False
doing actuation None-script open_channel False
Open U ===>> OK
GetIndicatorState U ===>> OK
change switch state (True, True)
update switch state U True args=() kw={} ncanvase=2
03:29:24 -- OPEN   VALVE-U (Microbone to Turbo)
---------------------------------------- open None (Microbone to Turbo) result=[(True, True)], time=0.16 sec
action=open, ok=True, locked=[False]
open () {'description': 'Microbone to Inlet Pipette'}
opening name=--- desc=Microbone to Inlet Pipette
checking ownership. requestor=129.138.12.150
check software interlocks S
interlocks []
actuate state mode=None-script, software_lock=False
doing actuation None-script open_channel False
Open S ===>> OK
GetIndicatorState S ===>> OK
change switch state (True, True)
update switch state S True args=() kw={} ncanvase=2
03:29:24 -- OPEN   VALVE-S (Microbone to Inlet Pipette)
---------------------------------------- open None (Microbone to Inlet Pipette) result=[(True, True)], time=0.43 sec
action=open, ok=True, locked=[False]
open () {'description': 'Microbone to Getter D-50'}
opening name=--- desc=Microbone to Getter D-50
checking ownership. requestor=129.138.12.150
check software interlocks K
interlocks []
actuate state mode=None-script, software_lock=False
doing actuation None-script open_channel False
Open K ===>> OK
GetIndicatorState K ===>> OK
change switch state (True, True)
update switch state K True args=() kw={} ncanvase=2
03:29:25 -- OPEN   VALVE-K (Microbone to Getter D-50)
---------------------------------------- open None (Microbone to Getter D-50) result=[(True, True)], time=0.43 sec
action=open, ok=True, locked=[False]
open () {'description': 'Microbone to Getter NP-10'}
opening name=--- desc=Microbone to Getter NP-10
checking ownership. requestor=129.138.12.150
check software interlocks M
interlocks []
actuate state mode=None-script, software_lock=False
doing actuation None-script open_channel False
Open M ===>> OK
GetIndicatorState M ===>> OK
change switch state (True, True)
update switch state M True args=() kw={} ncanvase=2
03:29:25 -- OPEN   VALVE-M (Microbone to Getter NP-10)
---------------------------------------- open None (Microbone to Getter NP-10) result=[(True, True)], time=0.18 sec
action=open, ok=True, locked=[False]
close () {'description': 'CO2 Laser to Felix'}
closing name=--- desc=CO2 Laser to Felix
checking ownership. requestor=129.138.12.150
check software interlocks F
interlocks []
actuate state mode=None-script, software_lock=True
VALVE-F(CO2 Laser to Felix) software locked
change switch state (True, False)
---------------------------------------- close None (CO2 Laser to Felix) result=[(True, False)]
action=close, ok=True, locked=[True]
open () {'description': 'CO2 Laser to Jan'}
opening name=--- desc=CO2 Laser to Jan
checking ownership. requestor=129.138.12.150
check software interlocks A
interlocks []
actuate state mode=None-script, software_lock=False
doing actuation None-script open_channel False
Open A ===>> OK
GetIndicatorState A ===>> OK
change switch state (True, True)
update switch state A True args=() kw={} ncanvase=2
03:29:26 -- OPEN   VALVE-A (CO2 Laser to Jan)
---------------------------------------- open None (CO2 Laser to Jan) result=[(True, True)], time=0.15 sec
action=open, ok=True, locked=[False]
open () {'description': 'Microbone to CO2 Laser'}
opening name=--- desc=Microbone to CO2 Laser
checking ownership. requestor=129.138.12.150
check software interlocks T
interlocks []
actuate state mode=None-script, software_lock=False
doing actuation None-script open_channel False
Open T ===>> OK
GetIndicatorState T ===>> OK
change switch state (True, True)
update switch state T True args=() kw={} ncanvase=2
03:29:27 -- OPEN   VALVE-T (Microbone to CO2 Laser)
---------------------------------------- open None (Microbone to CO2 Laser) result=[(True, True)], time=0.45 sec
action=open, ok=True, locked=[False]
executed snippet estimated_duration=0, duration=5.13771080971
PrepareForCO2Analysis.py completed successfully
gosub finished
set_motor ('beam', '1.25') {}
setting motor "beam" to 1.25
set motor beam to 1.25
SetMotor beam,1.25 ===>> OK
GetMotorMoving beam ===>> False
GetMotorMoving beam ===>> False
Block completed
move_to_position ('196',) {'autocenter': True}
FusionsCO2 move to position 196
sending GoToHole 196,True
GoToHole 196,True ===>> OK
GetDriveMoving ===>> False
GetDriveMoving ===>> OK
GetDriveMoving ===>> OK
GetDriveMoving ===>> OK
GetDriveMoving ===>> OK
GetDriveMoving ===>> OK
GetDriveMoving ===>> False
Block completed
GetAutoCorrecting ===>> False
GetAutoCorrecting ===>> False
Block completed
update position
GetPosition ===>> 11.96340,-9.96950,1.00000
got position (11.9634, -9.9695, 1.0)
move to position succeeded
sleep (5,) {}
SLEEP 5.0
block started
WaitControl setup for 5.0  
Join finished
block finished. duration 5.03376317024
close () {'description': 'Microbone to Turbo'}
closing name=--- desc=Microbone to Turbo
checking ownership. requestor=129.138.12.150
check software interlocks U
interlocks []
actuate state mode=None-script, software_lock=False
doing actuation None-script close_channel True
Close U ===>> OK
GetIndicatorState U ===>> False
change switch state (True, True)
update switch state U False args=() kw={} ncanvase=2
03:29:36 -- CLOSE  VALVE-U (Microbone to Turbo)
---------------------------------------- close None (Microbone to Turbo) result=[(True, True)]
action=close, ok=True, locked=[False]
enable laser
enable () {}
set extraction state FusionsCO2 Enabled (False, 'red', 1.5)
enabling laser
Enable ===>> OK
begin interval
BEGIN INTERVAL Interval 1 waiting for 30.0
block started
set extract to 0.4
WaitControl setup for 30.0  
extract (0.4,) {}
GetPosition ===>> 11.96340,-9.96950,1.00000
set extraction state FusionsCO2 ON! 0.4(watts) (0.75, 'red', 1.5)
extract sample to 0.4 (watts)
set laser output
SetLaserOutput 0.4,watts ===>> OK
executing pattern triangle.lp
execute_pattern ('triangle.lp',) {}
executing pattern triangle.lp
IsPatterning ===>> OK
IsPatterning ===>> OK
IsPatterning ===>> OK
IsPatterning ===>> OK
IsPatterning ===>> OK
IsPatterning ===>> OK
IsPatterning ===>> OK
IsPatterning ===>> OK
IsPatterning ===>> OK
IsPatterning ===>> OK
IsPatterning ===>> OK
IsPatterning ===>> OK
IsPatterning ===>> OK
IsPatterning ===>> OK
IsPatterning ===>> OK
IsPatterning ===>> OK
IsPatterning ===>> OK
IsPatterning ===>> OK
IsPatterning ===>> OK
IsPatterning ===>> OK
IsPatterning ===>> OK
IsPatterning ===>> OK
IsPatterning ===>> OK
IsPatterning ===>> OK
IsPatterning ===>> OK
IsPatterning ===>> OK
IsPatterning ===>> False
IsPatterning ===>> False
Block completed
COMPLETE INTERVAL waiting for Interval 1 to complete
Join finished
block finished. duration 30.1103551388
Interval 1 finished
end_extract () {}
ending extraction. set laser power to 0
set laser power 0
SetLaserPower 0 ===>> OK
disable () {}
%%%%%%%%%%%%%%%%%%%%%%%%%%%%%%%%%%% disable
set extraction state False (0.75, 'red', 1.5)
disabling laser
Disable ===>> OK
sleep (30.0,) {}
SLEEP 30.0
block started
WaitControl setup for 30.0  
Join finished
block finished. duration 30.1452009678
executed snippet estimated_duration=166.5, duration=75.9920899868
jan_co2.py completed successfully
GetAchievedOutput ===>> No Response
Requested Output= 0.000
Achieved Output=  0.000
GetResponseBlob ===>> No Response
GetOutputBlob ===>> No Response
persistence save...
persistence save - db
AutomatedRunPersister post_extraction_save deprecated
persistence save - dvc
no extraction position for 196
create new session 4989601072
close session 4989601072
Extraction Finished
03:30:38 -- ******* Extraction Finished *******
no overlap. not waiting for min ms pumptime
03:30:38 -- Sending spectrometer configuration
======== Sending configuration ========
SetDeflection CDD,50.0 ===>> OK
SetDeflection H2,0.0 ===>> OK
SetDeflection H1,0.0 ===>> OK
SetDeflection L2,825.0 ===>> OK
SetDeflection L1,400.0 ===>> OK
SetDeflection AX,190.0 ===>> OK
SetZFocus 74.64 ===>> OK
SetZSymmetry -50.72 ===>> OK
SetExtractionLens 26.13 ===>> OK
SetIonRepeller -3.81 ===>> OK
SetElectronEnergy 75.08 ===>> OK
SetYSymmetry -2.81 ===>> OK
SetIonCounterVoltage 1590.0 ===>> OK
send trap current 200.0
GetParameter Trap Current Readback ===>> 198.147042666178
SetParameter Trap Current Set,200.0 ===>> OK
updating mftable name mftable
Using mftable located at /Users/jan/PychronDev/setupfiles/spectrometer/mftables/mftable.csv
============ MFtable ===========
Isotope  H2     H1     AX     L1     L2     CDD    
Ar40     5.8073 5.8792 5.9925 6.1472 6.2310 6.3754
Ar39     5.7065 5.7715 5.8850 6.0332 6.1161 6.2619
Ar36     5.3840 5.4405 5.5483 5.6921 5.7711 5.9130
================================
get initial guess parabolic
get initial guess parabolic
get initial guess parabolic
get initial guess parabolic
get initial guess parabolic
get initial guess parabolic
======== Configuration Finished ========
GetYSymmetry ===>> -2.81
GetZSymmetry ===>> -50.72
GetParameter Trap Current Readback ===>> 197.811389855338
GetHighVoltage ===>> 4499.94659342336
start measurement
do measurement
L#=65580 analysis type=unknown
Measurement Started jan_unknown120_60.py
03:30:38 -- ******* Measurement Started jan_unknown120_60.py *******
state changed from extraction to measurement
setting spec, defl, and gains
GetExtractionLens ===>> 26.13
GetYSymmetry ===>> -2.81
GetZSymmetry ===>> -50.72
GetZFocus ===>> 74.64
GetDeflection H2 ===>> 0
GetDeflection H1 ===>> 0
GetDeflection AX ===>> 190
GetDeflection L1 ===>> 400
GetDeflection L2 ===>> 825
GetDeflection CDD ===>> 50
GetGain H2 ===>> 0.0113
GetGain H1 ===>> 0.1
GetGain AX ===>> 0.097049
GetGain L1 ===>> 0.010355
GetGain L2 ===>> 0.095649
GetGain CDD ===>> 0
pre measurement save
New frame /Users/jan/PychronDev/data/isotopes/08/bc86a3-dda3-48d2-a381-2aa829dbbc2f.h5
flush and close file /Users/jan/PychronDev/data/isotopes/08/bc86a3-dda3-48d2-a381-2aa829dbbc2f.h5
testing...
no interpolation path defined
executed snippet estimated_duration=226.132928, duration=0.000184059143066
unknown measurement script
activate_detectors ('H2', 'H1', 'AX', 'L1', 'L2', 'CDD') {}
activate detectors
*************** Set Analysis View Ar/Ar
create graphs
clearing graphs
clear isotope group
setting isotope det=H2, iso=PM41
setting isotope det=H1, iso=Ar40
setting isotope det=AX, iso=Ar39
setting isotope det=L1, iso=Ar38
setting isotope det=L2, iso=Ar37
setting isotope det=CDD, iso=Ar36
setting previous blanks
 - setting Ar40 blank 0.603+/-0.007
 - setting Ar36 blank 0.00621+/-0.00019
 - setting Ar37 blank 0.047+/-0.005
 - setting Ar38 blank 0.0064+/-0.0021
 - setting PM41 blank 0.03+/-0.07
 - setting Ar39 blank 0.011+/-0.009
load analysis view
position_magnet ('Ar40',) {'detector': 'H1'}
detector Detector(H1)
POSITION Ar40 H1
setting detector H2 to PM41 (40.9624)
setting detector H1 to Ar40 (39.9624)
setting detector AX to Ar39 (38.9624)
setting detector L1 to Ar38 (37.9624)
setting detector L2 to Ar37 (36.9624)
setting detector CDD to Ar36 (35.9624)
Mapping mass to dac mass func: "parabolic"
H1 map mass coeffs = [-0.00063987  0.15840543  0.57079999]
H1 map mass to dac 39.9624 >> 5.87919
GetDeflection H1 ===>> 0
GetHighVoltage ===>> 4499.94659342336
positioning Ar40 (5.879155378) on H1
setting magnet DAC
current  : 5.879155
requested: 5.879155
Delta Dac: 0.000000
Checking detector protection. dv=0.00000
Checking detector "CDD". Protection Threshold: 0.1 (V)
SetMagnetDAC 5.879155378 ===>> OK
Magnet settling time: 0.500
equilibrate () {'delay': 3, 'inlet': 'R', 'outlet': 'O', 'eqtime': 12.0}
Equilibration Started
03:30:40 -- ******* Equilibration Started *******
checking ownership. requestor=129.138.12.150
check software interlocks O
interlocks []
actuate state mode=None-script, software_lock=False
doing actuation None-script close_channel True
Close O ===>> OK
GetIndicatorState O ===>> False
change switch state (True, True)
update switch state O False args=() kw={} ncanvase=2
03:30:40 -- CLOSE  VALVE-O (Jan Ion Pump)
waiting 3s before opening inlet value ('R',)
update labels <pychron.experiment.plot_panel.PlotPanel object at 0x18c2243b0>
update labels "<pychron.graph.stacked_regression_graph.StackedRegressionGraph object at 0x19f8edbf0>"
setting label 0 H2 PM41
setting label 1 H1 Ar40
setting label 2 AX Ar39
setting label 3 L1 Ar38
setting label 4 L2 Ar37
setting label 5 CDD Ar36
update labels "<pychron.graph.stacked_graph.StackedGraph object at 0x19f8ed830>"
setting label 0 H2 PM41
setting label 1 H1 Ar40
setting label 2 AX Ar39
setting label 3 L1 Ar38
setting label 4 L2 Ar37
setting label 5 CDD Ar36
checking ownership. requestor=129.138.12.150
check software interlocks R
interlocks []
actuate state mode=None-script, software_lock=False
doing actuation None-script open_channel True
Open R ===>> OK
GetIndicatorState R ===>> OK
change switch state (True, True)
update switch state R True args=() kw={} ncanvase=2
03:30:43 -- OPEN   VALVE-R (Jan Inlet)
equilibrating for 12.0sec
set_time_zero () {}
sniff (12.0,) {}
py_sniff
build tables- sniff [Detector(H2), Detector(H1), Detector(AX), Detector(L1), Detector(L2), Detector(CDD)]
add group /sniff/PM41 (Group) '' table H2
add group /sniff/Ar40 (Group) '' table H1
add group /sniff/Ar39 (Group) '' table AX
add group /sniff/Ar38 (Group) '' table L1
add group /sniff/Ar37 (Group) '' table L2
add group /sniff/Ar36 (Group) '' table CDD
flush and close file /Users/jan/PychronDev/data/isotopes/08/bc86a3-dda3-48d2-a381-2aa829dbbc2f.h5
measuring sniff. ncounts=12.0
"sniff" increment series count="1" fit count="0" regressing="False"
starting measurement
GetData ===>> H2,0.0377179560449654,H1,2.07341930549416,AX,0.940557418728262,L1,0.00391088378168368,L2,0.144299...
GetData ===>> H2,0.85841033865029,H1,13.6094232784056,AX,4.40456429822509,L1,0.161183697298919,L2,0.29260406122...
GetData ===>> H2,0.398663741038536,H1,19.318032996364,AX,5.18645250180967,L1,0.170306619394497,L2,0.07580153912...
GetData ===>> H2,-0.0221447855769635,H1,21.2480513327827,AX,5.25722002922583,L1,0.147888934704501,L2,-0.0232597...
GetData ===>> H2,-0.0390088304975209,H1,21.9205361398692,AX,5.39650416000237,L1,0.118495115436235,L2,0.06795406...
GetData ===>> H2,-0.0828132250235949,H1,22.2122642162884,AX,5.29190078352576,L1,0.0859626746135459,L2,0.0569025...
GetData ===>> H2,-0.0727834271081457,H1,22.3682567387779,AX,5.36520821350218,L1,0.128771275889907,L2,0.07040633...
GetData ===>> H2,-0.165252718700875,H1,22.248127901002,AX,5.39051842557208,L1,0.0702591744767692,L2,-0.00544791...
GetData ===>> H2,-0.156885598094281,H1,22.3874577065369,AX,5.31418999380011,L1,0.058910499567923,L2,0.021133560...
GetData ===>> H2,-0.154513159900695,H1,22.444260387514,AX,5.39166308015672,L1,0.107157195353786,L2,0.0528312530...
GetData ===>> H2,-0.191880572468574,H1,22.3799039742708,AX,5.33038286706806,L1,0.100223425786361,L2,-0.00732840...
Equilibration Finished
03:30:55 -- ******* Equilibration Finished *******
checking ownership. requestor=129.138.12.150
check software interlocks R
interlocks []
actuate state mode=None-script, software_lock=False
doing actuation None-script close_channel True
GetData ===>> H2,-0.135176098561175,H1,22.3858474525204,AX,5.25338587673038,L1,0.0398759421362791,L2,0.23856563...
Close R ===>> OK
GetIndicatorState R ===>> False
change switch state (True, True)
update switch state R False args=() kw={} ncanvase=2
03:30:56 -- CLOSE  VALVE-R (Jan Inlet)
Post Equilibration Started jan_pump_extraction_line.py
03:30:56 -- ******* Post Equilibration Started jan_pump_extraction_line.py *******
testing...
no interpolation path defined
calculate duration
testing...
no interpolation path defined
executed snippet estimated_duration=4.0, duration=0.000152111053467
executed snippet estimated_duration=4.0, duration=0.00148606300354
Pump after analysis
doing GOSUB
testing...
no interpolation path defined
executed snippet estimated_duration=4.0, duration=0.000255107879639
Pump Microbone
close () {'description': 'Jan Inlet'}
closing name=--- desc=Jan Inlet
checking ownership. requestor=129.138.12.150
check software interlocks R
interlocks []
actuate state mode=None-script, software_lock=False
doing actuation None-script close_channel False
Close R ===>> OK
measurement finished
estimated time: 12.583 actual time: :12.697
flush and close file /Users/jan/PychronDev/data/isotopes/08/bc86a3-dda3-48d2-a381-2aa829dbbc2f.h5
set_fits () {}
using default fits file=/Users/jan/PychronDev/scripts/measurement/fits/nominal_linear.yaml
set "Ar40" to "('Linear', 'SEM')"
No fit for "PM41". defaulting to linear. check the measurement script "jan_unknown120_60.py"
set "PM41" to "linear"
set "Ar36" to "('Linear', 'SEM')"
set "Ar37" to "('linear', 'SEM')"
set "Ar38" to "('linear', 'SEM')"
set "Ar39" to "('Linear', 'SEM')"
set_baseline_fits () {}
using default fits file=/Users/jan/PychronDev/scripts/measurement/fits/nominal_linear.yaml
set "H1" to "('average', 'SEM')"
set "H2" to "('average', 'SEM')"
set "CDD" to "('average', 'SEM')"
set "L2" to "('average', 'SEM')"
set "L1" to "('average', 'SEM')"
set "AX" to "('average', 'SEM')"
multicollect () {'integration_time': 1, 'ncounts': 120}
build tables- signal [Detector(H2), Detector(H1), Detector(AX), Detector(L1), Detector(L2), Detector(CDD)]
add group /signal/PM41 (Group) '' table H2
add group /signal/Ar40 (Group) '' table H1
add group /signal/Ar39 (Group) '' table AX
add group /signal/Ar38 (Group) '' table L1
GetIndicatorState R ===>> False
add group /signal/Ar37 (Group) '' table L2
change switch state (True, True)
add group /signal/Ar36 (Group) '' table CDD
update switch state R False args=() kw={} ncanvase=2
flush and close file /Users/jan/PychronDev/data/isotopes/08/bc86a3-dda3-48d2-a381-2aa829dbbc2f.h5
measuring signal. ncounts=120
03:30:56 -- CLOSE  VALVE-R (Jan Inlet)
---------------------------------------- close None (Jan Inlet) result=[(True, True)]
action=close, ok=True, locked=[False]
is_closed ('F',) {}
is F () closed?
is closed True
open () {'description': 'CO2 Laser to Jan'}
opening name=--- desc=CO2 Laser to Jan
checking ownership. requestor=129.138.12.150
check software interlocks A
interlocks []
actuate state mode=None-script, software_lock=False
doing actuation None-script open_channel False
Open A ===>> OK
GetIndicatorState A ===>> OK
change switch state (True, True)
update switch state A True args=() kw={} ncanvase=2
03:30:57 -- OPEN   VALVE-A (CO2 Laser to Jan)
---------------------------------------- open None (CO2 Laser to Jan) result=[(True, True)], time=0.14 sec
"signal" increment series count="2" fit count="1" regressing="True"
starting measurement
GetData ===>> H2,-0.0910448753858755,H1,22.4131505669203,AX,5.38057478998992,L1,0.0486726207175233,L2,0.0594685...
action=open, ok=True, locked=[False]
sleep (1,) {}
SLEEP 1.0
GetData ===>> H2,-0.0564942780038218,H1,22.4600971135445,AX,5.34123916045225,L1,0.0863071738663367,L2,0.1048614...
close () {'description': 'CO2 Laser to Roughing'}
closing name=--- desc=CO2 Laser to Roughing
checking ownership. requestor=129.138.12.150
check software interlocks G
interlocks []
actuate state mode=None-script, software_lock=True
VALVE-G(CO2 Laser to Roughing) software locked
change switch state (True, False)
---------------------------------------- close None (CO2 Laser to Roughing) result=[(True, False)]
action=close, ok=True, locked=[True]
open () {'description': 'Microbone to Turbo'}
opening name=--- desc=Microbone to Turbo
checking ownership. requestor=129.138.12.150
check software interlocks U
interlocks []
actuate state mode=None-script, software_lock=False
doing actuation None-script open_channel True
Open U ===>> OK
GetIndicatorState U ===>> OK
change switch state (True, True)
update switch state U True args=() kw={} ncanvase=2
03:30:59 -- OPEN   VALVE-U (Microbone to Turbo)
---------------------------------------- open None (Microbone to Turbo) result=[(True, True)], time=0.38 sec
action=open, ok=True, locked=[False]
open () {'description': 'Microbone to Getter NP-10'}
opening name=--- desc=Microbone to Getter NP-10
checking ownership. requestor=129.138.12.150
check software interlocks M
interlocks []
actuate state mode=None-script, software_lock=False
doing actuation None-script open_channel False
Open M ===>> OK
GetIndicatorState M ===>> OK
change switch state (True, True)
update switch state M True args=() kw={} ncanvase=2
03:30:59 -- OPEN   VALVE-M (Microbone to Getter NP-10)
---------------------------------------- open None (Microbone to Getter NP-10) result=[(True, True)], time=0.14 sec
GetData ===>> H2,-0.0917968201507054,H1,22.5549125605318,AX,5.35126231725465,L1,0.06510209129014,L2,0.151940598...
action=open, ok=True, locked=[False]
open () {'description': 'Microbone to Getter D-50'}
opening name=--- desc=Microbone to Getter D-50
checking ownership. requestor=129.138.12.150
check software interlocks K
interlocks []
actuate state mode=None-script, software_lock=False
doing actuation None-script open_channel False
Open K ===>> OK
GetIndicatorState K ===>> OK
change switch state (True, True)
update switch state K True args=() kw={} ncanvase=2
03:31:00 -- OPEN   VALVE-K (Microbone to Getter D-50)
---------------------------------------- open None (Microbone to Getter D-50) result=[(True, True)], time=0.42 sec
action=open, ok=True, locked=[False]
open () {'description': 'Microbone to CO2 Laser'}
opening name=--- desc=Microbone to CO2 Laser
checking ownership. requestor=129.138.12.150
check software interlocks T
interlocks []
actuate state mode=None-script, software_lock=False
doing actuation None-script open_channel False
Open T ===>> OK
GetData ===>> H2,-0.184206394295842,H1,22.5175739039073,AX,5.36541086051527,L1,0.0715569835002603,L2,0.04998031...
GetIndicatorState T ===>> OK
change switch state (True, True)
update switch state T True args=() kw={} ncanvase=2
03:31:00 -- OPEN   VALVE-T (Microbone to CO2 Laser)
---------------------------------------- open None (Microbone to CO2 Laser) result=[(True, True)], time=0.45 sec
action=open, ok=True, locked=[False]
open () {'description': 'Microbone to Inlet Pipette'}
opening name=--- desc=Microbone to Inlet Pipette
checking ownership. requestor=129.138.12.150
check software interlocks S
interlocks []
actuate state mode=None-script, software_lock=False
doing actuation None-script open_channel False
Open S ===>> OK
GetIndicatorState S ===>> OK
change switch state (True, True)
update switch state S True args=() kw={} ncanvase=2
03:31:01 -- OPEN   VALVE-S (Microbone to Inlet Pipette)
---------------------------------------- open None (Microbone to Inlet Pipette) result=[(True, True)], time=0.44 sec
action=open, ok=True, locked=[False]
sleep (1,) {}
SLEEP 1.0
testing H1>-5.0
evaluate ot="H1.bs>-5.0" t="H1>-5.0", ctx="{'H1': None}"
GetData ===>> H2,-0.0895936845991085,H1,22.5276473385161,AX,5.36997648733845,L1,0.0917279567952523,L2,0.0683076...
set_resource () {'name': 'CO2PumpTimeFlag', 'value': 30}
Set CO2PumpTimeFlag 30 ===>> OK
release ('JanCO2Flag',) {}
release JanCO2Flag
Set JanCO2Flag 0 ===>> OK
executed snippet estimated_duration=6.0, duration=6.25183105469
PumpMicrobone.py completed successfully
gosub finished
get_resource_value () {'name': 'JanMiniboneFlag'}
Read JanMiniboneFlag ===>> 0
Get Resource Value JanMiniboneFlag=0.0
get resource value 0.0
get_resource_value () {'name': 'JanMiniboneFlag'}
Read JanMiniboneFlag ===>> 0
Get Resource Value JanMiniboneFlag=0.0
executed snippet estimated_duration=4.0, duration=6.26733422279
jan_pump_extraction_line.py completed successfully
Post Equilibration Finished
03:31:02 -- ******* Post Equilibration Finished *******
GetData ===>> H2,-0.0820830734869616,H1,22.5838005541842,AX,5.31927753829969,L1,0.0731559977977353,L2,-0.039644...
GetData ===>> H2,-0.19860603775011,H1,22.4860986344032,AX,5.33112167732445,L1,0.0834243718189009,L2,-0.02147074...
GetData ===>> H2,-0.0637747295367658,H1,22.4361041588623,AX,5.41476166969237,L1,0.0463197370179398,L2,0.0186369...
GetData ===>> H2,-0.236157622761022,H1,22.5317619151452,AX,5.34830651378777,L1,0.0671814571479393,L2,0.06408760...
testing H1>-5.0
evaluate ot="H1.bs>-5.0" t="H1>-5.0", ctx="{'H1': None}"
GetData ===>> H2,-0.243907566977686,H1,22.4620470169833,AX,5.29113843983959,L1,0.0830338310502327,L2,0.08319386...
GetData ===>> H2,-0.298060868395749,H1,22.4137074438007,AX,5.2924129864544,L1,0.0806945183631558,L2,0.162490695...
GetData ===>> H2,-0.172516946109876,H1,22.5008399484885,AX,5.27908465287433,L1,0.0698077493704413,L2,0.08798059...
GetData ===>> H2,-0.129321084367553,H1,22.5418100847165,AX,5.34455229258126,L1,0.0624209560150945,L2,0.04270509...
GetData ===>> H2,-0.107539649009887,H1,22.5886832544419,AX,5.28039477671818,L1,0.0602430291830106,L2,0.09616417...
testing H1>-5.0
evaluate ot="H1.bs>-5.0" t="H1>-5.0", ctx="{'H1': None}"
GetData ===>> H2,-0.226550713462715,H1,22.5301957035407,AX,5.26646070285557,L1,0.0359635732606298,L2,0.08255564...
GetData ===>> H2,-0.154665843139169,H1,22.4923213273359,AX,5.29792826794427,L1,0.0401308878994964,L2,0.04524793...
GetData ===>> H2,-0.0514023826345587,H1,22.4475893615008,AX,5.28463493157647,L1,0.106832821107315,L2,-0.0840662...
GetData ===>> H2,-0.119605515549879,H1,22.5986881512229,AX,5.36525589511539,L1,0.0491379723342381,L2,0.04399361...
GetData ===>> H2,-0.081812133347492,H1,22.599192400575,AX,5.31251008864448,L1,0.0455383691191364,L2,0.058750079...
testing H1>-5.0
evaluate ot="H1.bs>-5.0" t="H1>-5.0", ctx="{'H1': None}"
GetData ===>> H2,-0.223483072918449,H1,22.5957423190471,AX,5.33009687746638,L1,0.0600841275307877,L2,0.10268418...
GetData ===>> H2,-0.208809589026321,H1,22.558895381454,AX,5.30669616667195,L1,0.0558139801710966,L2,0.073622889...
GetData ===>> H2,-0.162024627979395,H1,22.5259750056596,AX,5.3005013759074,L1,0.0567561939689512,L2,-0.03280817...
GetData ===>> H2,-0.221334690143388,H1,22.5866664610003,AX,5.21513619660479,L1,0.0669828881069048,L2,-0.0025416...
GetData ===>> H2,-0.146119652193799,H1,22.5475712671843,AX,5.25394551094139,L1,0.0711283750750263,L2,0.12575857...
testing H1>-5.0
evaluate ot="H1.bs>-5.0" t="H1>-5.0", ctx="{'H1': None}"
03:31:22 -- collecting point 25
GetData ===>> H2,-0.168915777822353,H1,22.5140703141498,AX,5.28543295835573,L1,0.0661453307354547,L2,0.05280844...
GetData ===>> H2,-0.139056274005441,H1,22.4880489932774,AX,5.32182736523032,L1,0.0126481665938068,L2,0.03072157...
GetData ===>> H2,-0.162360845949552,H1,22.4896544163524,AX,5.26123294880395,L1,0.0313497937964314,L2,0.01650520...
GetData ===>> H2,-0.14319861998613,H1,22.60032033502,AX,5.35718610570566,L1,0.0469292459731062,L2,0.16189757767...
GetData ===>> H2,-0.214481584845421,H1,22.6540497801902,AX,5.30494490806331,L1,0.0328566415490331,L2,0.04621719...
testing H1>-5.0
evaluate ot="H1.bs>-5.0" t="H1>-5.0", ctx="{'H1': None}"
GetData ===>> H2,-0.207070109865758,H1,22.5653080223881,AX,5.32102904793832,L1,0.0682008396621328,L2,0.06170392...
GetData ===>> H2,-0.277056826856522,H1,22.6196296898341,AX,5.23605067500279,L1,0.0571761873210377,L2,0.01045220...
GetData ===>> H2,-0.245771166491741,H1,22.6143342141155,AX,5.26225704310091,L1,0.0844788119754116,L2,0.00991646...
GetData ===>> H2,-0.152483493532737,H1,22.5976929289368,AX,5.23324642242746,L1,0.0546673174866015,L2,0.07828201...
GetData ===>> H2,-0.0629816860148586,H1,22.7056533707449,AX,5.2365149715815,L1,0.0409811545321241,L2,0.04947855...
testing H1>-5.0
evaluate ot="H1.bs>-5.0" t="H1>-5.0", ctx="{'H1': None}"
GetData ===>> H2,-0.200190415781431,H1,22.6596525133788,AX,5.45978134770226,L1,0.0638009138618545,L2,-0.0296748...
GetData ===>> H2,-0.153934836598603,H1,22.5741509030233,AX,5.44578748708521,L1,0.0453905170766981,L2,0.03326409...
GetData ===>> H2,-0.267868280290662,H1,22.620678197335,AX,5.3465783627121,L1,0.0450599614015182,L2,-0.003328053...
GetData ===>> H2,-0.238269562583286,H1,22.5849017966917,AX,5.32463939928834,L1,0.0637997096279771,L2,0.02648038...
GetData ===>> H2,-0.223527517905315,H1,22.5925444542834,AX,5.29358034246846,L1,0.0593991937183167,L2,-0.0167302...
testing H1>-5.0
evaluate ot="H1.bs>-5.0" t="H1>-5.0", ctx="{'H1': None}"
GetData ===>> H2,-0.130333404891288,H1,22.7234134003502,AX,5.18260560576394,L1,0.0716207947361501,L2,-0.0549094...
GetData ===>> H2,-0.067182625321883,H1,22.7049759686532,AX,5.25029008450553,L1,0.0803173382916824,L2,0.00429700...
GetData ===>> H2,-0.126402554924483,H1,22.6328495697774,AX,5.21838864673621,L1,0.0566900074980926,L2,-0.0364541...
GetData ===>> H2,-0.101126280406714,H1,22.6520052510338,AX,5.18211731066551,L1,0.040047909561918,L2,0.090636189...
GetData ===>> H2,-0.0596353828735182,H1,22.7227093213729,AX,5.1745430873795,L1,0.045633332142347,L2,0.019605951...
testing H1>-5.0
evaluate ot="H1.bs>-5.0" t="H1>-5.0", ctx="{'H1': None}"
GetData ===>> H2,-0.0574722364645423,H1,22.576448042442,AX,5.29709440457002,L1,0.0114045347059427,L2,-0.0233964...
GetData ===>> H2,-0.13122696185632,H1,22.6793174154079,AX,5.20070993735394,L1,0.0505546010288366,L2,0.010269825...
GetData ===>> H2,-0.17436839680361,H1,22.6228814224639,AX,5.27783409612895,L1,0.0221929866937294,L2,0.069893063...
GetData ===>> H2,-0.232531429307968,H1,22.6018861923582,AX,5.25394551094139,L1,0.0667662717855483,L2,0.07429586...
GetData ===>> H2,-0.343675533431306,H1,22.6243546876715,AX,5.3112710277491,L1,0.0596459571381632,L2,-0.06233617...
testing H1>-5.0
evaluate ot="H1.bs>-5.0" t="H1>-5.0", ctx="{'H1': None}"
03:31:49 -- collecting point 50
GetData ===>> H2,-0.330108143205078,H1,22.611281798615,AX,5.33680593231716,L1,0.0438138891259746,L2,0.162376633...
GetData ===>> H2,-0.18521400272267,H1,22.6831419182547,AX,5.24119377285535,L1,0.0473115603138361,L2,0.107243902...
GetData ===>> H2,-0.161872043842682,H1,22.7046704749392,AX,5.26821128751838,L1,0.0606378865367174,L2,-0.0125593...
GetData ===>> H2,-0.0748765783180145,H1,22.7134504324162,AX,5.34451653877099,L1,0.0757946836900262,L2,0.0212361...
GetData ===>> H2,-0.0330285748023915,H1,22.626637623594,AX,5.28682654278102,L1,0.0551642287699521,L2,0.05286546...
testing H1>-5.0
evaluate ot="H1.bs>-5.0" t="H1>-5.0", ctx="{'H1': None}"
GetData ===>> H2,-0.177770152781344,H1,22.6607943371625,AX,5.27745297718322,L1,0.0530143309938566,L2,0.08878979...
GetData ===>> H2,-0.15997334726492,H1,22.7367386014296,AX,5.20122214707218,L1,0.0714317701706506,L2,0.023801234...
GetData ===>> H2,-0.220651701734245,H1,22.7154163875606,AX,5.23612210510527,L1,0.0375648881183583,L2,0.06634587...
GetData ===>> H2,-0.118861461910743,H1,22.6126752822728,AX,5.23106587280113,L1,0.0360621453621993,L2,0.06066607...
GetData ===>> H2,-0.214447919553185,H1,22.6561872826016,AX,5.18844151233084,L1,0.0512401378976736,L2,0.08082337...
testing H1>-5.0
evaluate ot="H1.bs>-5.0" t="H1>-5.0", ctx="{'H1': None}"
GetData ===>> H2,-0.160039523406309,H1,22.6303806778992,AX,5.30085875725035,L1,0.0584976556948644,L2,0.10927304...
GetData ===>> H2,-0.159537115275929,H1,22.667287022717,AX,5.35161988004843,L1,0.100221013343783,L2,-0.005527695...
GetData ===>> H2,-0.21118729767998,H1,22.8745343021187,AX,5.23775310633499,L1,0.0917918330787394,L2,0.083342017...
GetData ===>> H2,-0.187428537644624,H1,22.7479393794731,AX,5.30719653190799,L1,0.0267885658005288,L2,0.07483197...
GetData ===>> H2,-0.31604654526435,H1,22.740392349583,AX,5.18620238951619,L1,0.0218373109700693,L2,0.0362399635...
testing H1>-5.0
evaluate ot="H1.bs>-5.0" t="H1>-5.0", ctx="{'H1': None}"
GetData ===>> H2,-0.327359714800191,H1,22.8865369002948,AX,5.2634597718913,L1,0.0560365898034755,L2,0.087889412...
GetData ===>> H2,-0.164614194045712,H1,22.7878960573846,AX,5.24269389290963,L1,0.0391604448036078,L2,0.00988226...
GetData ===>> H2,-0.192913108047998,H1,22.7165322153659,AX,5.11356531209,L1,0.0934334714166323,L2,0.00791028966...
GetData ===>> H2,-0.135821083794572,H1,22.6996498721283,AX,5.31745457105274,L1,0.0904565411065969,L2,0.05362953...
GetData ===>> H2,-0.168675569260487,H1,22.7781084809938,AX,5.43096137480183,L1,0.0649829739152663,L2,0.14333030...
testing H1>-5.0
evaluate ot="H1.bs>-5.0" t="H1>-5.0", ctx="{'H1': None}"
GetData ===>> H2,-0.175773769868252,H1,22.7474876062641,AX,5.19465891426229,L1,0.0247972517055394,L2,0.03028832...
GetData ===>> H2,-0.204405803206306,H1,22.8458422950321,AX,5.26624634765646,L1,0.0209181396026901,L2,0.07284725...
GetData ===>> H2,-0.219055206902211,H1,22.7705924180947,AX,5.24232481366541,L1,0.0477347679168636,L2,-0.0572901...
GetData ===>> H2,-0.17298235640138,H1,22.7472882951363,AX,5.28764840936806,L1,0.0920401107658197,L2,-0.00462733...
GetData ===>> H2,-0.254128686960713,H1,22.7788255876779,AX,5.23324642242746,L1,0.069168565913269,L2,0.019423551...
testing H1>-5.0
evaluate ot="H1.bs>-5.0" t="H1>-5.0", ctx="{'H1': None}"
03:32:15 -- collecting point 75
GetData ===>> H2,-0.213417713141812,H1,22.7997033818048,AX,5.18392758739465,L1,0.0463209391690033,L2,0.10285517...
GetData ===>> H2,-0.235829362259733,H1,22.8795983637731,AX,5.3173711681175,L1,0.0609653409285595,L2,0.007032602...
GetData ===>> H2,-0.090916159133905,H1,22.8554364847559,AX,5.22837301923723,L1,0.0344923188090628,L2,0.04230599...
GetData ===>> H2,-0.0154384852812719,H1,22.9071290832061,AX,5.21723300214986,L1,0.0501156413409848,L2,-0.032819...
GetData ===>> H2,-0.146616774240889,H1,22.7619851245829,AX,5.34629232679358,L1,0.00726780241574025,L2,0.0048783...
testing H1>-5.0
evaluate ot="H1.bs>-5.0" t="H1>-5.0", ctx="{'H1': None}"
GetData ===>> H2,-0.190993541093198,H1,22.7206768164463,AX,5.33545931859773,L1,0.0502972360478097,L2,0.05179350...
GetData ===>> H2,-0.190993541093198,H1,22.7206768164463,AX,5.33545931859773,L1,0.0502972360478097,L2,0.05179350...
GetData ===>> H2,-0.0602049204602362,H1,22.7893968065345,AX,5.27766735641151,L1,0.0321428434992902,L2,0.0911832...
GetData ===>> H2,-0.177039941300323,H1,22.8820174979957,AX,5.23664592741668,L1,0.064546222223077,L2,0.115201123...
GetData ===>> H2,-0.189940606622872,H1,22.871131807155,AX,5.21594632080533,L1,0.0409330470113402,L2,0.048201366...
testing H1>-5.0
evaluate ot="H1.bs>-5.0" t="H1>-5.0", ctx="{'H1': None}"
GetData ===>> H2,-0.199982773763305,H1,22.9478460570717,AX,5.23777691676904,L1,0.0594978983627843,L2,0.10771128...
GetData ===>> H2,-0.190478545691144,H1,22.8514764560052,AX,5.18451117043535,L1,0.0434253183889629,L2,0.03352633...
GetData ===>> H2,-0.207561933969385,H1,22.8540544453261,AX,5.14671631929,L1,0.0136662343558605,L2,-0.0129582395...
GetData ===>> H2,-0.209762079655049,H1,22.8285296617818,AX,5.27912038329686,L1,0.0463029069180948,L2,0.12841522...
GetData ===>> H2,-0.193405079460891,H1,22.8583467968667,AX,5.17161358894358,L1,0.0519834567856634,L2,0.05073295...
testing H1>-5.0
evaluate ot="H1.bs>-5.0" t="H1>-5.0", ctx="{'H1': None}"
GetData ===>> H2,-0.164846388992821,H1,22.8175960525886,AX,5.28093074142066,L1,0.0250148449629886,L2,0.00436539...
GetData ===>> H2,-0.066425695380674,H1,22.8166395788417,AX,5.14166856195039,L1,0.0870046400999405,L2,0.12697856...
GetData ===>> H2,-0.132061534390338,H1,22.8245705883489,AX,5.25346922630794,L1,0.0735846922239599,L2,0.04929609...
GetData ===>> H2,-0.135918436871169,H1,22.9377651608523,AX,5.21437373276732,L1,0.100854299259201,L2,0.014225313...
GetData ===>> H2,-0.156291184119988,H1,22.9180581768418,AX,5.2011983233061,L1,0.0945039341598846,L2,-0.00157286...
testing H1>-5.0
evaluate ot="H1.bs>-5.0" t="H1>-5.0", ctx="{'H1': None}"
GetData ===>> H2,-0.182829049485938,H1,22.8448855789865,AX,5.27720286866465,L1,0.039770117484931,L2,0.087273963...
GetData ===>> H2,-0.0787568365113374,H1,22.8797977409834,AX,5.24484886667127,L1,0.0480473758355187,L2,0.0544506...
GetData ===>> H2,-0.12717855957456,H1,22.8620811441941,AX,5.18524958651383,L1,0.046954492699996,L2,0.0432638284...
GetData ===>> H2,-0.146254741863009,H1,22.8422679395327,AX,5.22495343807611,L1,0.040245134553265,L2,-0.00866181...
GetData ===>> H2,-0.160075987645627,H1,22.7965156794425,AX,5.18954918205815,L1,0.0436659177006612,L2,0.03305886...
testing H1>-5.0
evaluate ot="H1.bs>-5.0" t="H1>-5.0", ctx="{'H1': None}"
03:32:41 -- collecting point 100
GetData ===>> H2,-0.210303629781141,H1,22.8650713700985,AX,5.19050202605534,L1,0.0373160184528661,L2,0.13176748...
GetData ===>> H2,-0.0892847237068405,H1,22.8843037609785,AX,5.31720436245565,L1,0.0354394743587689,L2,0.0237442...
GetData ===>> H2,-0.115450366495826,H1,22.8355978873096,AX,5.30546909109723,L1,0.0121331691320456,L2,-0.0354400...
GetData ===>> H2,-0.174547959467634,H1,22.8718893849418,AX,5.1776513076683,L1,0.0436767448045552,L2,0.016744599...
GetData ===>> H2,-0.0849275552705134,H1,22.971705172501,AX,5.1308834067723,L1,0.0781328627612299,L2,0.058795698...
testing H1>-5.0
evaluate ot="H1.bs>-5.0" t="H1>-5.0", ctx="{'H1': None}"
GetData ===>> H2,-0.197980315863741,H1,22.9988096698836,AX,5.24156284792355,L1,0.0714161186135317,L2,-0.0028721...
GetData ===>> H2,-0.181253193885563,H1,22.9514503980041,AX,5.24424165941881,L1,0.0617298437907898,L2,0.07686236...
GetData ===>> H2,-0.102542161232623,H1,23.0529852162817,AX,5.18842960197038,L1,0.0943496262374534,L2,0.00544822...
GetData ===>> H2,-0.164126839176641,H1,22.8651776907178,AX,5.229290487746,L1,0.00570331944714743,L2,0.060609054...
GetData ===>> H2,-0.171397185028482,H1,22.8350531397099,AX,5.23962224265834,L1,-0.0180524535984009,L2,0.1153151...
testing H1>-5.0
evaluate ot="H1.bs>-5.0" t="H1>-5.0", ctx="{'H1': None}"
GetData ===>> H2,-0.187470342602596,H1,22.8413644031225,AX,5.15134762286954,L1,0.00829492641546368,L2,0.0334237...
GetData ===>> H2,-0.199246557715619,H1,22.9347862840763,AX,5.16149199926213,L1,0.0506929073504222,L2,0.02425725...
GetData ===>> H2,-0.159539816454463,H1,22.7860633114848,AX,5.14826403182177,L1,0.0741591230925849,L2,-0.0118414...
GetData ===>> H2,-0.105032383906493,H1,22.8596757317627,AX,5.25654130207858,L1,0.0460925330378308,L2,-0.0149753...
GetData ===>> H2,-0.171057187467302,H1,22.9471943621003,AX,5.20499828577572,L1,0.0412036547991737,L2,0.03516818...
testing H1>-5.0
evaluate ot="H1.bs>-5.0" t="H1>-5.0", ctx="{'H1': None}"
GetData ===>> H2,-0.179362687313371,H1,22.8545727081053,AX,5.22226074918055,L1,0.0814609723337546,L2,-0.0198070...
GetData ===>> H2,-0.0917168860430121,H1,22.9243608416747,AX,5.1709229067017,L1,0.0460564693843348,L2,0.04259106...
GetData ===>> H2,-0.14635065455123,H1,22.9304377987253,AX,5.09951070143021,L1,0.0380530271270047,L2,0.105100809...
GetData ===>> H2,-0.19385929161174,H1,22.962826856984,AX,5.21648243601928,L1,0.0929163627598127,L2,0.0388624501...
GetData ===>> H2,-0.208649260933028,H1,22.980145543568,AX,5.21551743070478,L1,0.0712295057615194,L2,-0.05305269...
testing H1>-5.0
evaluate ot="H1.bs>-5.0" t="H1>-5.0", ctx="{'H1': None}"
GetData ===>> H2,-0.264628537266838,H1,23.0097915902471,AX,5.22235606436319,L1,0.0559355123891897,L2,-0.0276466...
measurement finished
estimated time: 125.829 actual time: :126.432
flush and close file /Users/jan/PychronDev/data/isotopes/08/bc86a3-dda3-48d2-a381-2aa829dbbc2f.h5
baselines () {'settling_time': 15.0, 'detector': 'H1', 'mass': 34.2, 'ncounts': 60}
%%%%%%%%%%%%%%%%%%%%%%%%%%%%%%%% Baseline
build tables- baseline [Detector(H2), Detector(H1), Detector(AX), Detector(L1), Detector(L2), Detector(CDD)]
add group baseline table H2
add group baseline table H1
add group baseline table AX
add group baseline table L1
add group baseline table L2
add group baseline table CDD
flush and close file /Users/jan/PychronDev/data/isotopes/08/bc86a3-dda3-48d2-a381-2aa829dbbc2f.h5
detector Detector(H1)
POSITION 34.2 H1
Mapping mass to dac mass func: "parabolic"
H1 map mass coeffs = [-0.00063987  0.15840543  0.57079999]
H1 map mass to dac 34.2 >> 5.23984599104
GetDeflection H1 ===>> 0
GetHighVoltage ===>> 4499.94659342336
positioning 34.2 (5.23981513408) on H1
setting magnet DAC
current  : 5.879155
requested: 5.239815
Delta Dac: 0.639340
Checking detector protection. dv=0.63934
Checking detector "CDD". Protection Threshold: 0.1 (V)
ProtectDetector CDD,On ===>> OK
GetDeflection CDD ===>> 2000
Protected = 2000
SetMagnetDAC 5.23981513408 ===>> OK
Magnet settling time: 0.500
GetMagnetMoving ===>> True
GetMagnetMoving ===>> True
GetMagnetMoving ===>> True
GetMagnetMoving ===>> True
GetMagnetMoving ===>> True
GetMagnetMoving ===>> True
GetMagnetMoving ===>> True
GetMagnetMoving ===>> True
GetMagnetMoving ===>> False
ProtectDetector CDD,Off ===>> OK
GetDeflection CDD ===>> 50
Delaying 15.0s for detectors to settle
Join finished
measuring baseline. ncounts=60
"baseline" increment series count="2" fit count="1" regressing="True"
starting measurement
GetData ===>> H2,-0.138373621575445,H1,-0.0578991083669099,AX,-0.144171257343605,L1,-0.0389125670400709,L2,-0.0...
GetData ===>> H2,-0.18057718175193,H1,-0.0958267202675554,AX,-0.134593624576064,L1,0.0113937316265013,L2,-0.014...
GetData ===>> H2,-0.171521308579331,H1,-0.0773891646828727,AX,-0.0636902376096274,L1,0.00868972506594266,L2,-0....
GetData ===>> H2,-0.162394602222814,H1,-0.0573387876179109,AX,-0.127455076254269,L1,0.00576450248247492,L2,-0.0...
testing H1>-5.0
evaluate ot="H1.bs>-5.0" t="H1>-5.0", ctx="{'H1': None}"
GetData ===>> H2,-0.159926078355912,H1,-0.0268621508281662,AX,-0.0955199338400947,L1,-0.00548323510649599,L2,-0...
GetData ===>> H2,-0.300961433317988,H1,-0.0156397367861548,AX,-0.197121093811352,L1,-0.00765530730755967,L2,0.0...
GetData ===>> H2,-0.233459953344767,H1,-0.0766620809038663,AX,-0.0579746265262525,L1,-0.0232112246640965,L2,-0....
GetData ===>> H2,-0.11981384183088,H1,-0.0332778009683342,AX,-0.104257948500624,L1,-0.010790852065516,L2,-0.024...
GetData ===>> H2,-0.165043480970048,H1,-0.0678532199862357,AX,0.0164749069909053,L1,0.0117334340019823,L2,0.049...
testing H1>-5.0
evaluate ot="H1.bs>-5.0" t="H1>-5.0", ctx="{'H1': None}"
GetData ===>> H2,-0.125921243151508,H1,-0.0363781536419026,AX,-0.0342854627750127,L1,-0.00629646776690865,L2,-0...
GetData ===>> H2,-0.0704946189743488,H1,-0.0694505540846489,AX,-0.0302729237121391,L1,-0.0330191366356758,L2,-0...
GetData ===>> H2,-0.194132888352188,H1,-0.00478583342402565,AX,-0.0671101688957598,L1,-0.0026771980583315,L2,-0...
GetData ===>> H2,-0.195574200742391,H1,0.0201826115326266,AX,-0.163798978986357,L1,0.00617239888179454,L2,0.004...
GetData ===>> H2,-0.208528002882228,H1,0.0155892863207942,AX,-0.0665073422765278,L1,-0.0264324660735907,L2,-0.0...
testing H1>-5.0
evaluate ot="H1.bs>-5.0" t="H1>-5.0", ctx="{'H1': None}"
GetData ===>> H2,-0.168875293590149,H1,-0.0752794152069523,AX,-0.231995668073962,L1,-0.0116767812159718,L2,-0.0...
GetData ===>> H2,-0.10125623475786,H1,-0.0725378663791741,AX,-0.134013834452026,L1,0.00864052439023042,L2,-0.03...
GetData ===>> H2,-0.122259360623312,H1,-0.0508292996226121,AX,-0.0159609602766928,L1,-0.0412397701527601,L2,-0....
GetData ===>> H2,-0.309025954955204,H1,0.0142888766840656,AX,-0.024729317249935,L1,-0.0458901661108237,L2,0.039...
GetData ===>> H2,-0.246024107914795,H1,-0.0570168998113683,AX,-0.065301677834286,L1,-0.036333209633494,L2,-0.02...
testing H1>-5.0
evaluate ot="H1.bs>-5.0" t="H1>-5.0", ctx="{'H1': None}"
GetData ===>> H2,-0.115937535267872,H1,-0.0915364482677149,AX,-0.0779140434895939,L1,-0.0127939717485986,L2,-0....
GetData ===>> H2,-0.0737704013113756,H1,-0.102726521875262,AX,-0.0477135087517325,L1,0.010958017077032,L2,-0.05...
GetData ===>> H2,-0.166802307549441,H1,-0.0917748015385243,AX,-0.152171220433515,L1,0.0331630855025293,L2,-0.03...
GetData ===>> H2,-0.173300713006171,H1,-0.0691763866117466,AX,0.0150825876824413,L1,0.0137118577247896,L2,0.035...
GetData ===>> H2,-0.300228983720589,H1,-0.0933479188848228,AX,-0.0770910437512183,L1,0.0163967965186385,L2,-0.0...
testing H1>-5.0
evaluate ot="H1.bs>-5.0" t="H1>-5.0", ctx="{'H1': None}"
03:33:47 -- collecting point 25
GetData ===>> H2,-0.269573812550864,H1,-0.0491243637465775,AX,-0.113168988029567,L1,-0.0139961316082729,L2,0.00...
GetData ===>> H2,-0.291630543166493,H1,-0.121513539391293,AX,-0.0137455493205896,L1,-0.0355579552238212,L2,0.02...
GetData ===>> H2,-0.308854208166924,H1,-0.00136243514472485,AX,-0.0980927464647908,L1,-0.0484754491037119,L2,-0...
GetData ===>> H2,-0.103875310279926,H1,-0.0325623213274671,AX,0.0472038219454173,L1,-0.00919382474132819,L2,-0....
GetData ===>> H2,-0.130933426617404,H1,0.0532488407661404,AX,0.00748319577072703,L1,0.00895013264360225,L2,-0.0...
testing H1>-5.0
evaluate ot="H1.bs>-5.0" t="H1>-5.0", ctx="{'H1': None}"
GetData ===>> H2,-0.198619522754649,H1,-0.00522716893309723,AX,-0.0503803439822554,L1,-0.0191076812430676,L2,-0...
GetData ===>> H2,-0.343818796586706,H1,-0.0534402989617487,AX,-0.0891803258878217,L1,-0.0154079027026902,L2,0.0...
GetData ===>> H2,-0.394707400053311,H1,-0.0409092655608621,AX,-0.0411968473703075,L1,-0.0451479712445582,L2,-0....
GetData ===>> H2,-0.3285704467485,H1,-0.00234056088592709,AX,-0.154895695339986,L1,-0.0250700356170261,L2,-0.07...
GetData ===>> H2,-0.172376644763387,H1,0.00395778199042698,AX,-0.11452469233759,L1,-0.0241688368433412,L2,-0.06...
testing H1>-5.0
evaluate ot="H1.bs>-5.0" t="H1>-5.0", ctx="{'H1': None}"
GetData ===>> H2,-0.20783141755833,H1,-0.0451301694686322,AX,-0.137411355369909,L1,-0.0332969300639586,L2,-0.00...
GetData ===>> H2,-0.157215214225961,H1,0.0188344189047342,AX,-0.0395154315323629,L1,-0.0567988565450311,L2,-0.0...
GetData ===>> H2,-0.123791599227929,H1,0.0338445255709143,AX,-0.161190679514779,L1,-0.014834525161114,L2,0.0005...
GetData ===>> H2,-0.0708417664171157,H1,0.0115449484750175,AX,-0.127547760974183,L1,-0.0298000047454132,L2,-0.0...
GetData ===>> H2,-0.197854897615511,H1,-0.00562079085357754,AX,-0.0920314621134142,L1,-0.0467196835531685,L2,-0...
testing H1>-5.0
evaluate ot="H1.bs>-5.0" t="H1>-5.0", ctx="{'H1': None}"
GetData ===>> H2,-0.254903064968332,H1,0.0381880923117307,AX,-0.0998195059718114,L1,-0.0275563023200823,L2,-0.0...
GetData ===>> H2,-0.19909013934429,H1,-0.0677697764594363,AX,-0.016390117825437,L1,0.0222434552116594,L2,0.0295...
GetData ===>> H2,-0.05528833006627,H1,-0.0104276245880939,AX,-0.096702045386517,L1,0.000364858348519082,L2,-0.0...
GetData ===>> H2,-0.0402737173630493,H1,-0.00242405898200888,AX,-0.0867000012155079,L1,0.00776695240106699,L2,0...
GetData ===>> H2,-0.157756898605218,H1,-0.0112386804724583,AX,-0.118441065327009,L1,-0.0101386432893196,L2,-0.1...
testing H1>-5.0
evaluate ot="H1.bs>-5.0" t="H1>-5.0", ctx="{'H1': None}"
GetData ===>> H2,-0.171322980082153,H1,0.0174743137665302,AX,-0.160958827287648,L1,-0.0190513252914997,L2,-0.05...
GetData ===>> H2,-0.266088553244211,H1,-0.0712505044911936,AX,-0.127443490658074,L1,-0.0393917059164522,L2,-0.0...
GetData ===>> H2,-0.246262244394597,H1,-0.0264089852682002,AX,-0.11482595739599,L1,-0.0431653238863739,L2,0.033...
GetData ===>> H2,-0.207995799394362,H1,-0.063847852208476,AX,-0.0995761390375318,L1,-0.0378440050771995,L2,-0.0...
GetData ===>> H2,-0.128961546936319,H1,0.0245852431143724,AX,-0.0973626308773859,L1,-0.0645208127138525,L2,0.01...
testing H1>-5.0
evaluate ot="H1.bs>-5.0" t="H1>-5.0", ctx="{'H1': None}"
03:34:13 -- collecting point 50
GetData ===>> H2,-0.168570307723899,H1,-0.0675313659993957,AX,-0.141574026396599,L1,-0.0627936394275067,L2,0.01...
GetData ===>> H2,-0.211510573560346,H1,-0.0575653006389619,AX,-0.0971772038239864,L1,-0.0300239881279769,L2,0.0...
GetData ===>> H2,-0.238796900610936,H1,0.00855057351409907,AX,-0.155440581163445,L1,0.0217423861247347,L2,-0.00...
GetData ===>> H2,-0.243439264013019,H1,-0.0842783192780637,AX,-0.0641771504190077,L1,0.00590366528005977,L2,0.0...
GetData ===>> H2,-0.262049520691751,H1,-0.0651114676873952,AX,-0.0546123455333197,L1,-0.0157473555990093,L2,-0....
testing H1>-5.0
evaluate ot="H1.bs>-5.0" t="H1>-5.0", ctx="{'H1': None}"
GetData ===>> H2,-0.200345470647045,H1,-0.100974803840414,AX,-0.0824578040579883,L1,-0.0259831360565586,L2,-0.0...
GetData ===>> H2,-0.1810953264007,H1,-0.0381190788049544,AX,-0.105173424510893,L1,-0.0489672956774049,L2,-0.122...
GetData ===>> H2,-0.178171006717506,H1,-0.0357580907905273,AX,-0.00278374266613563,L1,-0.0483844967341237,L2,0....
GetData ===>> H2,-0.161242781359383,H1,0.00167935842039237,AX,-0.0361525127042406,L1,0.0149593767194953,L2,0.02...
GetData ===>> H2,-0.0883428832113068,H1,-0.0520573123633959,AX,-0.0497194394540428,L1,0.014860914361621,L2,0.00...
testing H1>-5.0
evaluate ot="H1.bs>-5.0" t="H1>-5.0", ctx="{'H1': None}"
GetData ===>> H2,-0.183647922082611,H1,-0.0214836588200427,AX,-0.108557134492491,L1,-0.0338249558929714,L2,0.05...
measurement finished
estimated time: 62.915 actual time: :63.222
flush and close file /Users/jan/PychronDev/data/isotopes/08/bc86a3-dda3-48d2-a381-2aa829dbbc2f.h5
activate_detectors ('H1', 'AX', 'CDD') {'peak_center': True}
peak_center () {'detector': 'H1', 'integration_time': 0.262144, 'isotope': 'Ar40'}
peak center: mean=22.9189855029 threshold=3
peak center started
setup peak center. detector=['H1', 'AX', 'CDD'], isotope=Ar40
VersionedUnpickler [<apptools.sweet_pickle.versioned_unpickler.VersionedUnpickler object at 0x193159410>] using Updater [<apptools.sweet_pickle.updater.Updater object at 0x135230b30>]
VersionedUnpickler [<apptools.sweet_pickle.versioned_unpickler.VersionedUnpickler object at 0x193159410>] using Updater [<apptools.sweet_pickle.updater.Updater object at 0x135230b30>]
VersionedUnpickler [<apptools.sweet_pickle.versioned_unpickler.VersionedUnpickler object at 0x1a987e590>] using Updater [<apptools.sweet_pickle.updater.Updater object at 0x135230b30>]
setting integration time = 0.524288
SetIntegrationTime 0.524288 ===>> OK
Mapping mass to dac mass func: "parabolic"
H1 map mass coeffs = [-0.00063987  0.15840543  0.57079999]
H1 map mass to dac 39.9624 >> 5.87919
GetDeflection H1 ===>> 0
GetHighVoltage ===>> 4499.94659342336
do peak center. <pychron.spectrometer.jobs.peak_center.PeakCenter object at 0x1352309b0>
doing pc
starting peak center. center dac= 5.879155378 step_width=0.001
width = 0.001
get scan parameters. half-width=0.015,window=0.015, i=0, scalar=1
Scan parameters center=5.87916 width=0.03000 (5.86416 - 5.89416)
GetData ===>> H2,-0.203680658149334,H1,-0.0646823170499243,AX,-0.000950854531808651,L1,-0.0391245888103267,L2,-...
Moving to starting dac 5.864155378
setting magnet DAC
current  : 5.239815
requested: 5.864155
Delta Dac: 0.624340
Checking detector protection. dv=0.62434
Checking detector "CDD". Protection Threshold: 0.1 (V)
ProtectDetector CDD,On ===>> OK
GetDeflection CDD ===>> 2000
Protected = 2000
SetMagnetDAC 5.864155378 ===>> OK
Magnet settling time: 0.500
GetMagnetMoving ===>> True
GetMagnetMoving ===>> True
GetMagnetMoving ===>> True
GetMagnetMoving ===>> True
GetMagnetMoving ===>> True
GetMagnetMoving ===>> True
GetMagnetMoving ===>> True
GetMagnetMoving ===>> True
GetMagnetMoving ===>> False
ProtectDetector CDD,Off ===>> OK
GetDeflection CDD ===>> 50
Wait until signal near baseline. tol= -0.0485117377874. timeout= 10
GetData ===>> H2,-0.0379338377164631,H1,-0.0729669833279932,AX,-0.0883226506764472,L1,-0.0347239208173394,L2,0....
Peak center baseline intensity achieved
_do_sweep sm= 5.864155378, em= 5.894155378, stm= 0.001
calculated step values: start=5.864155378, end=5.894155378, width=0.001, nsteps=31.0
setting magnet DAC
current  : 5.864155
requested: 5.864155
Delta Dac: 0.000000
Checking detector protection. dv=0.00000
Checking detector "CDD". Protection Threshold: 0.1 (V)
SetMagnetDAC 5.864155378 ===>> OK
GetData ===>> H2,1.09228823963864,H1,0.547780721618296,AX,-0.0321864384087059,L1,-0.0292354021591014,L2,0.05578...
setting magnet DAC
current  : 5.864155
requested: 5.865190
Delta Dac: 0.001034
Checking detector protection. dv=0.00103
Checking detector "CDD". Protection Threshold: 0.1 (V)
SetMagnetDAC 5.86518986076 ===>> OK
Magnet settling time: 1.049
GetData ===>> H2,0.784225766302176,H1,0.301683037238365,AX,-0.109321929346288,L1,-0.0750137566655043,L2,-0.0360...
setting magnet DAC
current  : 5.865190
requested: 5.866224
Delta Dac: 0.001034
Checking detector protection. dv=0.00103
Checking detector "CDD". Protection Threshold: 0.1 (V)
SetMagnetDAC 5.86622434352 ===>> OK
Magnet settling time: 1.049
GetData ===>> H2,-0.0806808885271472,H1,0.222325275241375,AX,-0.0686172191051884,L1,-0.0585624595801202,L2,-0.0...
setting magnet DAC
current  : 5.866224
requested: 5.867259
Delta Dac: 0.001034
Checking detector protection. dv=0.00103
Checking detector "CDD". Protection Threshold: 0.1 (V)
SetMagnetDAC 5.86725882628 ===>> OK
Magnet settling time: 1.049
GetData ===>> H2,-0.208528002882228,H1,0.468856524266426,AX,-0.0307020181588578,L1,-0.00450558972147523,L2,-0.1...
setting magnet DAC
current  : 5.867259
requested: 5.868293
Delta Dac: 0.001034
Checking detector protection. dv=0.00103
Checking detector "CDD". Protection Threshold: 0.1 (V)
SetMagnetDAC 5.86829330904 ===>> OK
Magnet settling time: 1.049
GetData ===>> H2,-0.282283857272211,H1,1.586612564459,AX,0.222929993243426,L1,-0.0451108600620575,L2,0.03617126...
setting magnet DAC
current  : 5.868293
requested: 5.869328
Delta Dac: 0.001034
Checking detector protection. dv=0.00103
Checking detector "CDD". Protection Threshold: 0.1 (V)
SetMagnetDAC 5.86932779179 ===>> OK
Magnet settling time: 1.049
GetData ===>> H2,-0.315536123287823,H1,4.44461338316702,AX,0.477490388804577,L1,-0.0921224328702892,L2,-0.10042...
setting magnet DAC
current  : 5.869328
requested: 5.870362
Delta Dac: 0.001034
Checking detector protection. dv=0.00103
Checking detector "CDD". Protection Threshold: 0.1 (V)
SetMagnetDAC 5.87036227455 ===>> OK
Magnet settling time: 1.049
GetData ===>> H2,-0.223182720274774,H1,9.71553257077835,AX,1.41545456298406,L1,-0.0314801201343774,L2,0.0262159...
setting magnet DAC
current  : 5.870362
requested: 5.871397
Delta Dac: 0.001034
Checking detector protection. dv=0.00103
Checking detector "CDD". Protection Threshold: 0.1 (V)
SetMagnetDAC 5.87139675731 ===>> OK
Magnet settling time: 1.049
GetData ===>> H2,-0.26357891793773,H1,15.4992672036601,AX,2.8448975372481,L1,-0.0233867314445552,L2,-0.01338992...
setting magnet DAC
current  : 5.871397
requested: 5.872431
Delta Dac: 0.001034
Checking detector protection. dv=0.00103
Checking detector "CDD". Protection Threshold: 0.1 (V)
SetMagnetDAC 5.87243124007 ===>> OK
Magnet settling time: 1.049
GetData ===>> H2,-0.236455731918369,H1,19.8234704412577,AX,3.93159577420729,L1,0.00927519420876941,L2,-0.028235...
setting magnet DAC
current  : 5.872431
requested: 5.873466
Delta Dac: 0.001034
Checking detector protection. dv=0.00103
Checking detector "CDD". Protection Threshold: 0.1 (V)
SetMagnetDAC 5.87346572283 ===>> OK
Magnet settling time: 1.049
GetData ===>> H2,-0.246664508733835,H1,22.5792496837713,AX,4.73283828506995,L1,0.0472441606743388,L2,-0.1151338...
setting magnet DAC
current  : 5.873466
requested: 5.874500
Delta Dac: 0.001034
Checking detector protection. dv=0.00103
Checking detector "CDD". Protection Threshold: 0.1 (V)
SetMagnetDAC 5.87450020559 ===>> OK
Magnet settling time: 1.049
GetData ===>> H2,-0.120050571601001,H1,23.0053850203619,AX,4.93430020848608,L1,0.0184126696391795,L2,0.08459566...
setting magnet DAC
current  : 5.874500
requested: 5.875535
Delta Dac: 0.001034
Checking detector protection. dv=0.00103
Checking detector "CDD". Protection Threshold: 0.1 (V)
SetMagnetDAC 5.87553468835 ===>> OK
Magnet settling time: 1.049
GetData ===>> H2,-0.119915298051084,H1,23.2388443998435,AX,5.05512254433866,L1,-0.00626888130471594,L2,-0.12798...
setting magnet DAC
current  : 5.875535
requested: 5.876569
Delta Dac: 0.001034
Checking detector protection. dv=0.00103
Checking detector "CDD". Protection Threshold: 0.1 (V)
SetMagnetDAC 5.8765691711 ===>> OK
Magnet settling time: 1.049
GetData ===>> H2,-0.126263301088562,H1,23.2125698164281,AX,4.96849696891062,L1,0.0346665983696416,L2,0.14276010...
setting magnet DAC
current  : 5.876569
requested: 5.877604
Delta Dac: 0.001034
Checking detector protection. dv=0.00103
Checking detector "CDD". Protection Threshold: 0.1 (V)
SetMagnetDAC 5.87760365386 ===>> OK
Magnet settling time: 1.049
GetData ===>> H2,-0.193788899172325,H1,23.2168819381414,AX,5.16496894740675,L1,0.0319601962227714,L2,0.05599382...
setting magnet DAC
current  : 5.877604
requested: 5.878638
Delta Dac: 0.001034
Checking detector protection. dv=0.00103
Checking detector "CDD". Protection Threshold: 0.1 (V)
SetMagnetDAC 5.87863813662 ===>> OK
Magnet settling time: 1.049
GetData ===>> H2,-0.293642847041043,H1,23.1518717451426,AX,5.12375346333873,L1,0.052511099911388,L2,0.078168051...
setting magnet DAC
current  : 5.878638
requested: 5.879673
Delta Dac: 0.001034
Checking detector protection. dv=0.00103
Checking detector "CDD". Protection Threshold: 0.1 (V)
SetMagnetDAC 5.87967261938 ===>> OK
Magnet settling time: 1.049
GetData ===>> H2,-0.204110628951438,H1,23.243024411913,AX,4.98028675398768,L1,0.0518790182299278,L2,0.041365748...
setting magnet DAC
current  : 5.879673
requested: 5.880707
Delta Dac: 0.001034
Checking detector protection. dv=0.00103
Checking detector "CDD". Protection Threshold: 0.1 (V)
SetMagnetDAC 5.88070710214 ===>> OK
Magnet settling time: 1.049
GetData ===>> H2,-0.0794614567140376,H1,23.152749649582,AX,5.02003999955417,L1,0.031030188363725,L2,0.037720470...
setting magnet DAC
current  : 5.880707
requested: 5.881742
Delta Dac: 0.001034
Checking detector protection. dv=0.00103
Checking detector "CDD". Protection Threshold: 0.1 (V)
SetMagnetDAC 5.8817415849 ===>> OK
Magnet settling time: 1.049
GetData ===>> H2,-0.104525640453489,H1,23.1782118807619,AX,4.99466932460699,L1,0.0433747932622625,L2,0.01560116...
setting magnet DAC
current  : 5.881742
requested: 5.882776
Delta Dac: 0.001034
Checking detector protection. dv=0.00103
Checking detector "CDD". Protection Threshold: 0.1 (V)
SetMagnetDAC 5.88277606766 ===>> OK
Magnet settling time: 1.049
GetData ===>> H2,-0.155104964884243,H1,23.1697238253495,AX,4.96806913998835,L1,0.0773232928781905,L2,-0.0109762...
setting magnet DAC
current  : 5.882776
requested: 5.883811
Delta Dac: 0.001034
Checking detector protection. dv=0.00103
Checking detector "CDD". Protection Threshold: 0.1 (V)
SetMagnetDAC 5.88381055042 ===>> OK
Magnet settling time: 1.049
GetData ===>> H2,-0.274336521077796,H1,23.0561151959647,AX,4.90097023810844,L1,0.0453970578685352,L2,-0.0197198...
setting magnet DAC
current  : 5.883811
requested: 5.884845
Delta Dac: 0.001034
Checking detector protection. dv=0.00103
Checking detector "CDD". Protection Threshold: 0.1 (V)
SetMagnetDAC 5.88484503317 ===>> OK
Magnet settling time: 1.049
GetData ===>> H2,-0.0702220465668814,H1,22.5589883156426,AX,4.8117639833952,L1,0.0288989434378334,L2,0.08165531...
setting magnet DAC
current  : 5.884845
requested: 5.885880
Delta Dac: 0.001034
Checking detector protection. dv=0.00103
Checking detector "CDD". Protection Threshold: 0.1 (V)
SetMagnetDAC 5.88587951593 ===>> OK
Magnet settling time: 1.049
GetData ===>> H2,-0.272036019275066,H1,20.6018773879834,AX,3.94652224569132,L1,0.0591659800860256,L2,0.09403272...
setting magnet DAC
current  : 5.885880
requested: 5.886914
Delta Dac: 0.001034
Checking detector protection. dv=0.00103
Checking detector "CDD". Protection Threshold: 0.1 (V)
SetMagnetDAC 5.88691399869 ===>> OK
Magnet settling time: 1.049
GetData ===>> H2,-0.288887378073847,H1,16.4172198772041,AX,2.86894484425643,L1,0.051941503629739,L2,-0.03875276...
setting magnet DAC
current  : 5.886914
requested: 5.887948
Delta Dac: 0.001034
Checking detector protection. dv=0.00103
Checking detector "CDD". Protection Threshold: 0.1 (V)
SetMagnetDAC 5.88794848145 ===>> OK
Magnet settling time: 1.049
GetData ===>> H2,-0.248690411568716,H1,10.2034901441259,AX,1.41804783554941,L1,0.0217828400033836,L2,-0.1018347...
setting magnet DAC
current  : 5.887948
requested: 5.888983
Delta Dac: 0.001034
Checking detector protection. dv=0.00103
Checking detector "CDD". Protection Threshold: 0.1 (V)
SetMagnetDAC 5.88898296421 ===>> OK
Magnet settling time: 1.049
GetData ===>> H2,-0.149839080022086,H1,4.90924068597225,AX,0.570164435062273,L1,0.0147821160305104,L2,0.0371736...
setting magnet DAC
current  : 5.888983
requested: 5.890017
Delta Dac: 0.001034
Checking detector protection. dv=0.00103
Checking detector "CDD". Protection Threshold: 0.1 (V)
SetMagnetDAC 5.89001744697 ===>> OK
Magnet settling time: 1.049
GetData ===>> H2,-0.196927029106919,H1,1.8040324578555,AX,0.197587312501095,L1,-0.00448879498359262,L2,-0.06756...
setting magnet DAC
current  : 5.890017
requested: 5.891052
Delta Dac: 0.001034
Checking detector protection. dv=0.00103
Checking detector "CDD". Protection Threshold: 0.1 (V)
SetMagnetDAC 5.89105192973 ===>> OK
Magnet settling time: 1.049
GetData ===>> H2,-0.243707060327456,H1,0.496200648597234,AX,-0.0724195189749939,L1,-0.0403067976957893,L2,-0.01...
setting magnet DAC
current  : 5.891052
requested: 5.892086
Delta Dac: 0.001034
Checking detector protection. dv=0.00103
Checking detector "CDD". Protection Threshold: 0.1 (V)
SetMagnetDAC 5.89208641248 ===>> OK
Magnet settling time: 1.049
GetData ===>> H2,-0.0210132892642486,H1,0.163587536699228,AX,-0.0847064234020459,L1,-0.0349635929618966,L2,-0.0...
setting magnet DAC
current  : 5.892086
requested: 5.893121
Delta Dac: 0.001034
Checking detector protection. dv=0.00103
Checking detector "CDD". Protection Threshold: 0.1 (V)
SetMagnetDAC 5.89312089524 ===>> OK
Magnet settling time: 1.049
GetData ===>> H2,-0.213921381337865,H1,-0.0345537269674122,AX,0.0149085491690753,L1,-0.0402205622359522,L2,-0.0...
setting magnet DAC
current  : 5.893121
requested: 5.894155
Delta Dac: 0.001034
Checking detector protection. dv=0.00103
Checking detector "CDD". Protection Threshold: 0.1 (V)
SetMagnetDAC 5.894155378 ===>> OK
Magnet settling time: 1.049
GetData ===>> H2,-0.324505883600152,H1,0.00246666122463171,AX,-0.0383558174768575,L1,-0.0249503809387796,L2,0.0...
result of _do_sweep=True
result of _calculate_peak_center=([5.8717885754307328, 5.8792476314738531, 5.8867066875169733], [17.137091676417832, 23.241380375838972, 17.255828596799688], 5.8796539613750349, 23.241380375838972)
Failed to find a valid peak. No peak greater than 1.0. max = 0.0136741501028
new center pos Detector(H1) (Ar40) @ 5.87924763147
GetHighVoltage ===>> 4499.94659342336
GetDeflection H1 ===>> 0
dac uncorrected for HV and deflection 5.87928225402
update mftable H1 Ar40 5.87928225402 message=automated run peakcenter
get initial guess parabolic
get initial guess parabolic
get initial guess parabolic
get initial guess parabolic
get initial guess parabolic
get initial guess parabolic
dump mftable to /Users/jan/PychronDev/setupfiles/spectrometer/mftables/mftable.csv
add to repo msg=modified - automated run peakcenter
locally archiving mftable
setting magnet DAC
current  : 5.894155
requested: 5.879248
Delta Dac: 0.014908
Checking detector protection. dv=0.01491
Checking detector "CDD". Protection Threshold: 0.1 (V)
SetMagnetDAC 5.87924763147 ===>> OK
Magnet settling time: 0.500
sweep finished
setting integration time = 1.048576
SetIntegrationTime 1.048576 ===>> OK
Failed to find a valid peak. No peak greater than 1.0. max = 0.0136669902317
flush and close file /Users/jan/PychronDev/data/isotopes/08/bc86a3-dda3-48d2-a381-2aa829dbbc2f.h5
finished measure script
executed snippet estimated_duration=226.132928, duration=262.969417095
jan_unknown120_60.py completed successfully
Measurement Finished
03:35:01 -- ******* Measurement Finished *******
Post Measurement Started jan_pump_ms.py
03:35:01 -- ******* Post Measurement Started jan_pump_ms.py *******
testing...
no interpolation path defined
executed snippet estimated_duration=0, duration=2.8133392334e-05
Pumping spectrometer
open () {'name': 'O'}
opening name=O desc=---
checking ownership. requestor=129.138.12.150
check software interlocks O
interlocks []
actuate state mode=None-script, software_lock=False
doing actuation None-script open_channel True
Open O ===>> OK
GetIndicatorState O ===>> OK
change switch state (True, True)
update switch state O True args=() kw={} ncanvase=2
03:35:01 -- OPEN   VALVE-O (Jan Ion Pump)
---------------------------------------- open O () result=[(True, True)], time=0.12 sec
action=open, ok=True, locked=[False]
executed snippet estimated_duration=0, duration=0.370486974716
jan_pump_ms.py completed successfully
setting _ms_pumptime
Post Measurement Finished
03:35:01 -- ******* Post Measurement Finished *******
$$$$$$$$$$$$$$$$$$$$ state at run end measurement
state changed from measurement to success
post measurement save measured=True aborted=False
Set filtering
setting fod for Ar40= {'filter_outliers': True, 'std_devs': 2, 'iterations': 1}
setting fod for H1= {'filter_outliers': True, 'std_devs': 2, 'iterations': 1}
setting fod for PM41= {'filter_outliers': False, 'std_devs': 2, 'iterations': 1}
setting fod for H2= {'filter_outliers': True, 'std_devs': 2, 'iterations': 1}
setting fod for Ar36= {'filter_outliers': True, 'std_devs': 2, 'iterations': 1}
setting fod for CDD= {'filter_outliers': True, 'std_devs': 10, 'iterations': 1}
setting fod for Ar37= {'filter_outliers': True, 'std_devs': 2, 'iterations': 1}
setting fod for L2= {'filter_outliers': True, 'std_devs': 2, 'iterations': 1}
setting fod for Ar38= {'filter_outliers': True, 'std_devs': 2, 'iterations': 1}
setting fod for L1= {'filter_outliers': True, 'std_devs': 2, 'iterations': 1}
setting fod for Ar39= {'filter_outliers': True, 'std_devs': 2, 'iterations': 1}
setting fod for AX= {'filter_outliers': True, 'std_devs': 2, 'iterations': 1}
persistence save...
persistence save - db
post measurement save
6912219376 connecting to database sqlite:////Users/jan/PychronDev/.appdata/local_lab.db
connected to db sqlite:////Users/jan/PychronDev/.appdata/local_lab.db
create new session 6912219376
close session 6912219376
No database instance. Not saving post measurement to isotopedb database
$$$$$$$$$$$$$$$ auto_save_detector_ic=False
massspec enabled True
create new session 4985539184
MassSpec Database Version: 16.0
close session 4985539184
saving post measurement to secondary database
saving to massspec database 129.138.12.160/massspecdata
setting labnumber to 65580
setting aliquot to 8
setting step to B
setting uuid to 08bc86a3-dda3-48d2-a381-2aa829dbbc2f
setting irradpos to 65580
setting extract_device to Fusions CO2
setting tray to 
setting position to 196
setting power_requested to 0.4
setting extract_value to 0.4
setting duration to 30.0
setting duration_at_request to 30.0
setting first_stage_delay to 30.0
setting cleanup to 30.0
setting comment to O:3 with inclusions
setting irradiation to NM-289
setting level to O
setting irradiation_level to O
setting sample to Bw-2014-12 W
setting material to Sanidine
setting project to Bustos Wells
setting mass_spectrometer to Jan
no attribute chron_dosages
no attribute production_ratios
no attribute interference_corrections
no attribute production_name
no attribute j
Reference Isotope=Ar40
Reference Detector=H1
%%%%%%%%%%%%%%%%%%%% Comment: O:3 with inclusions %%%%%%%%%%%%%%%%%%%
adding isotope PM41 H2
add baseline dbdet= PM41. original det= H2
get baseline data PM41 H2
Get data baseline <pychron.processing.isotope.Baseline object at 0x19ec45d10> len t=60
baseline PM41. v=-0.182953920522, e=0.00897057250507
get signal data PM41 H2
Get data signal PM41 0.02+/-0.07 len t=120
adding isotope Ar40 H1
add baseline dbdet= Ar40. original det= H1
get baseline data Ar40 H1
Get data baseline <pychron.processing.isotope.Baseline object at 0x19ec45750> len t=60
baseline Ar40. v=-0.036669536116, e=0.00507704338188
get signal data Ar40 H1
Get data signal Ar40 22.454+/-0.011 len t=120
adding isotope Ar39 AX
add baseline dbdet= Ar39. original det= AX
get baseline data Ar39 AX
Get data baseline <pychron.processing.isotope.Baseline object at 0x19ec45ed0> len t=60
baseline Ar39. v=-0.0860610450922, e=0.0065974167033
get signal data Ar39 AX
Get data signal Ar39 5.426+/-0.011 len t=120
adding isotope Ar38 L1
add baseline dbdet= Ar38. original det= L1
get baseline data Ar38 L1
Get data baseline <pychron.processing.isotope.Baseline object at 0x1a7830810> len t=60
baseline Ar38. v=-0.0175784474428, e=0.0030196337196
get signal data Ar38 L1
Get data signal Ar38 0.081+/-0.004 len t=120
adding isotope Ar37 L2
add baseline dbdet= Ar37. original det= L2
get baseline data Ar37 L2
Get data baseline <pychron.processing.isotope.Baseline object at 0x1a7830c10> len t=60
baseline Ar37. v=-0.0220038733416, e=0.00569191529698
get signal data Ar37 L2
Get data signal Ar37 0.074+/-0.010 len t=120
adding isotope Ar36 CDD
add baseline dbdet= Ar36. original det= CDD
get baseline data Ar36 CDD
Get data baseline <pychron.processing.isotope.Baseline object at 0x1a7830f50> len t=60
baseline Ar36. v=1.24054509335e-05, e=5.3565219893e-06
get signal data Ar36 CDD
Get data signal Ar36 0.00693+/-0.00025 len t=120
65580-08B added analysis time 0.477774858475s
analysis added to mass spec database
mass spec save time= 0.486
persistence save - dvc
================= post measurement started
create new session 4989601072
close session 4989601072
---------------- Experiment Queue saving disabled
DVC saving peakcenter
Failed to find a valid peak. No peak greater than 1.0. max = 0.0136669902317
Smart pull ahead: 0 behind: 0
Up-to-date with origin
add to repo msg=modified - ad8224ebc6dbfeb9f5997218dfa5fe690569839d.json
add to repo msg=modified - 80-08B.json
add to repo msg=modified - 80-08B.dat.json
add to repo msg=modified - 80-08B.blan.json
add to repo msg=modified - 80-08B.inte.json
add to repo msg=modified - 80-08B.icfa.json
add to repo msg=modified - 80-08B.base.json
not at valid file /Users/jan/PychronDev/data/.dvc/repositories/Load1789/655/tags/80-08B.tags.json
add to repo msg=modified - 80-08B.peak.json
add to repo msg=modified - 80-08B.extr.json
not at valid file /Users/jan/PychronDev/data/.dvc/repositories/Load1789/655/monitor/80-08B.moni.json
commit message=<COLLECTION>
add to repo msg=modified - 80-08B.inte.json
add to repo msg=modified - 80-08B.base.json
commit message=<ISOEVO> default collection fits
add to repo msg=modified - 80-08B.blan.json
commit message=<BLANKS> preceding bu-FC-J-7746
add to repo msg=modified - 80-08B.icfa.json
commit message=<ICFactor> default
push repository <pychron.git_archive.repo_manager.GitRepoManager object at 0x1a21b7110>
pushing to remote=origin, url=https://github.com
no changes to meta repo
create new session 4989601072
add association Load1789
get identifier "65580"
setting analysis irradiation position=<pychron.dvc.dvc_orm.IrradiationPositionTbl object at 0x19b4b8e10>
close session 4989601072
================= post measurement finished
03:35:16 -- ******* Post Run Check *******
loading queue conditionals post_run_actions
loading system conditionals post_run_actions
loading conditionals from /Users/jan/PychronDev/setupfiles/spectrometer/default_conditionals.yaml
loading queue conditionals post_run_terminations
loading system conditionals post_run_terminations
loading conditionals from /Users/jan/PychronDev/setupfiles/spectrometer/default_conditionals.yaml
Checking default post run terminations n=1
GetDeflection CDD ===>> 50
testing CDD==2000
evaluate ot="CDD.deflection==2000" t="CDD==2000", ctx="{'CDD': 50.0}"
03:35:16 -- ******* Post Run Check Passed *******
03:35:16 -- Automated run 65580-08B success duration: 354.461 s
----------------- finish -----------------
----------------- stop -----------------
retroactive repository identifiers disabled
finish run. runs completed=130
update duration runid=65580-08B, duration=354.460880995, md5=301e91d8
loading script "jan_unknown120_60.py"
loading script "jan_pump_ms.py"
loading script "jan_co2.py"
loading script "jan_pump_extraction_line.py"
testing...
no interpolation path defined
executed snippet estimated_duration=213.652928, duration=0.000189065933228
script duration name:unknown120_60 seconds:214.0
loading script "jan_unknown120_60.py"
loading script "jan_pump_ms.py"
loading script "jan_co2.py"
loading script "jan_pump_extraction_line.py"
testing...
no interpolation path defined
executed snippet estimated_duration=0, duration=2.78949737549e-05
loading script "jan_unknown120_60.py"
loading script "jan_pump_ms.py"
loading script "jan_co2.py"
loading script "jan_pump_extraction_line.py"
testing...
no interpolation path defined
calculate duration
testing...
no interpolation path defined
executed snippet estimated_duration=0, duration=5.69820404053e-05
calculate duration
testing...
no interpolation path defined
executed snippet estimated_duration=0, duration=9.41753387451e-05
executed snippet estimated_duration=0.0, duration=0.00268602371216
script duration name:co2 seconds:0.0
loading script "jan_unknown120_60.py"
loading script "jan_pump_ms.py"
loading script "jan_co2.py"
loading script "jan_pump_extraction_line.py"
testing...
no interpolation path defined
calculate duration
testing...
no interpolation path defined
executed snippet estimated_duration=4.0, duration=0.000150918960571
executed snippet estimated_duration=4.0, duration=0.00142407417297
Script duration 214.0
Run total estimated duration= 215.000
unknown120_60 in script context. using previous estimated duration
script duration name:unknown120_60 seconds:214.0
pump_ms in script context. using previous estimated duration
co2 in script context. using previous estimated duration
script duration name:co2 seconds:0.0
pump_extraction_line in script context. using previous estimated duration
Script duration 214.0
Run total estimated duration= 215.000
script duration name:unknown120_60 seconds:214.0
script duration name:co2 seconds:0.0
Script duration 214.0
Run total estimated duration= 215.000
script duration name:unknown120_60 seconds:214.0
script duration name:co2 seconds:0.0
Script duration 214.0
Run total estimated duration= 215.000
script duration name:unknown120_60 seconds:214.0
script duration name:co2 seconds:0.0
Script duration 214.0
Run total estimated duration= 215.000
script duration name:unknown120_60 seconds:214.0
script duration name:co2 seconds:0.0
Script duration 214.0
Run total estimated duration= 215.000
script duration name:unknown120_60 seconds:214.0
script duration name:co2 seconds:0.0
Script duration 214.0
Run total estimated duration= 215.000
script duration name:unknown120_60 seconds:214.0
script duration name:co2 seconds:0.0
Script duration 214.0
Run total estimated duration= 215.000
script duration name:unknown120_60 seconds:214.0
script duration name:co2 seconds:0.0
Script duration 214.0
Run total estimated duration= 215.000
script duration name:unknown120_60 seconds:214.0
script duration name:co2 seconds:0.0
Script duration 214.0
Run total estimated duration= 215.000
script duration name:unknown120_60 seconds:214.0
script duration name:co2 seconds:0.0
Script duration 214.0
Run total estimated duration= 215.000
loading script "jan_unknown400_120.py"
loading script "jan_pump_ms.py"
loading script "jan_co2.py"
loading script "jan_pump_extraction_line.py"
testing...
no interpolation path defined
executed snippet estimated_duration=556.052928, duration=0.00021505355835
script duration name:unknown400_120 seconds:556.0
script duration name:co2 seconds:0.0
Script duration 556.0
Run total estimated duration= 557.000
unknown400_120 in script context. using previous estimated duration
script duration name:unknown400_120 seconds:556.0
loading script "jan_unknown400_120.py"
loading script "jan_pump_ms.py"
loading script "jan_sniffair_x2.py"
loading script "jan_pump_extraction_line.py"
testing...
no interpolation path defined
calculate duration
testing...
no interpolation path defined
executed snippet estimated_duration=0, duration=4.88758087158e-05
calculate duration
testing...
no interpolation path defined
executed snippet estimated_duration=0, duration=0.000100135803223
calculate duration
testing...
no interpolation path defined
executed snippet estimated_duration=32.0, duration=9.29832458496e-05
calculate duration
testing...
no interpolation path defined
executed snippet estimated_duration=34.0, duration=9.89437103271e-05
calculate duration
testing...
no interpolation path defined
executed snippet estimated_duration=4.0, duration=6.29425048828e-05
calculate duration
testing...
no interpolation path defined
executed snippet estimated_duration=36.0, duration=8.79764556885e-05
calculate duration
testing...
no interpolation path defined
executed snippet estimated_duration=34.0, duration=0.000133991241455
calculate duration
testing...
no interpolation path defined
executed snippet estimated_duration=4.0, duration=6.19888305664e-05
calculate duration
testing...
no interpolation path defined
executed snippet estimated_duration=36.0, duration=8.89301300049e-05
calculate duration
testing...
no interpolation path defined
executed snippet estimated_duration=70.0, duration=0.000277996063232
executed snippet estimated_duration=250.0, duration=0.0128450393677
script duration name:sniffair_x2 seconds:250.0
Script duration 806.0
Run total estimated duration= 807.000
script duration name:unknown400_120 seconds:556.0
loading script "jan_unknown400_120.py"
loading script "jan_pump_ms.py"
loading script "jan_cocktail_x1.py"
loading script "jan_pump_extraction_line.py"
testing...
no interpolation path defined
calculate duration
testing...
no interpolation path defined
executed snippet estimated_duration=0, duration=5.88893890381e-05
calculate duration
testing...
no interpolation path defined
executed snippet estimated_duration=0, duration=0.000122785568237
calculate duration
testing...
no interpolation path defined
executed snippet estimated_duration=32.0, duration=0.000124931335449
calculate duration
testing...
no interpolation path defined
executed snippet estimated_duration=34.0, duration=0.000123977661133
calculate duration
testing...
no interpolation path defined
executed snippet estimated_duration=4.0, duration=6.103515625e-05
calculate duration
testing...
no interpolation path defined
executed snippet estimated_duration=38.0, duration=0.000119924545288
executed snippet estimated_duration=108.0, duration=0.00827288627625
script duration name:cocktail_x1 seconds:108.0
Script duration 664.0
Run total estimated duration= 665.000
script duration name:unknown400_120 seconds:556.0
sniffair_x2 in script context. using previous estimated duration
script duration name:sniffair_x2 seconds:250.0
Script duration 806.0
Run total estimated duration= 807.000
script duration name:unknown400_120 seconds:556.0
cocktail_x1 in script context. using previous estimated duration
script duration name:cocktail_x1 seconds:108.0
Script duration 664.0
Run total estimated duration= 665.000
loading script "jan_ic_peak_hop3.py"
loading script "jan_pump_ms.py"
loading script "jan_air_x1.py"
loading script "jan_pump_extraction_line.py"
testing...
no interpolation path defined
executed snippet estimated_duration=133.8, duration=0.00896096229553
script duration name:ic_peak_hop3 seconds:134.0
loading script "jan_ic_peak_hop3.py"
loading script "jan_pump_ms.py"
loading script "jan_air_x1.py"
loading script "jan_pump_extraction_line.py"
testing...
no interpolation path defined
calculate duration
testing...
no interpolation path defined
executed snippet estimated_duration=0, duration=4.60147857666e-05
calculate duration
testing...
no interpolation path defined
executed snippet estimated_duration=0, duration=9.29832458496e-05
calculate duration
testing...
no interpolation path defined
executed snippet estimated_duration=32.0, duration=0.000115156173706
calculate duration
testing...
no interpolation path defined
executed snippet estimated_duration=34.0, duration=0.000124931335449
calculate duration
testing...
no interpolation path defined
executed snippet estimated_duration=4.0, duration=8.98838043213e-05
calculate duration
testing...
no interpolation path defined
executed snippet estimated_duration=36.0, duration=8.51154327393e-05
executed snippet estimated_duration=106.0, duration=0.00902915000916
script duration name:air_x1 seconds:106.0
Script duration 240.0
Run total estimated duration= 241.000
script duration name:unknown120_60 seconds:214.0
script duration name:co2 seconds:0.0
Script duration 214.0
Run total estimated duration= 215.000
script duration name:unknown120_60 seconds:214.0
script duration name:co2 seconds:0.0
Script duration 214.0
Run total estimated duration= 215.000
script duration name:unknown120_60 seconds:214.0
script duration name:co2 seconds:0.0
Script duration 214.0
Run total estimated duration= 215.000
script duration name:unknown120_60 seconds:214.0
script duration name:co2 seconds:0.0
Script duration 214.0
Run total estimated duration= 215.000
script duration name:unknown120_60 seconds:214.0
script duration name:co2 seconds:0.0
Script duration 214.0
Run total estimated duration= 215.000
script duration name:unknown120_60 seconds:214.0
script duration name:co2 seconds:0.0
Script duration 214.0
Run total estimated duration= 215.000
script duration name:unknown120_60 seconds:214.0
script duration name:co2 seconds:0.0
Script duration 214.0
Run total estimated duration= 215.000
script duration name:unknown120_60 seconds:214.0
script duration name:co2 seconds:0.0
Script duration 214.0
Run total estimated duration= 215.000
script duration name:unknown120_60 seconds:214.0
script duration name:co2 seconds:0.0
Script duration 214.0
Run total estimated duration= 215.000
script duration name:unknown120_60 seconds:214.0
script duration name:co2 seconds:0.0
Script duration 214.0
Run total estimated duration= 215.000
script duration name:unknown120_60 seconds:214.0
script duration name:co2 seconds:0.0
Script duration 214.0
Run total estimated duration= 215.000
script duration name:unknown120_60 seconds:214.0
script duration name:co2 seconds:0.0
Script duration 214.0
Run total estimated duration= 215.000
script duration name:unknown400_120 seconds:556.0
script duration name:co2 seconds:0.0
Script duration 556.0
Run total estimated duration= 557.000
script duration name:unknown120_60 seconds:214.0
script duration name:co2 seconds:0.0
Script duration 214.0
Run total estimated duration= 215.000
script duration name:unknown120_60 seconds:214.0
script duration name:co2 seconds:0.0
Script duration 214.0
Run total estimated duration= 215.000
script duration name:unknown120_60 seconds:214.0
script duration name:co2 seconds:0.0
Script duration 214.0
Run total estimated duration= 215.000
script duration name:unknown400_120 seconds:556.0
script duration name:cocktail_x1 seconds:108.0
Script duration 664.0
Run total estimated duration= 665.000
script duration name:unknown400_120 seconds:556.0
script duration name:cocktail_x1 seconds:108.0
Script duration 664.0
Run total estimated duration= 665.000
script duration name:unknown120_60 seconds:214.0
script duration name:co2 seconds:0.0
Script duration 214.0
Run total estimated duration= 215.000
script duration name:unknown120_60 seconds:214.0
script duration name:co2 seconds:0.0
Script duration 214.0
Run total estimated duration= 215.000
script duration name:unknown400_120 seconds:556.0
script duration name:co2 seconds:0.0
Script duration 556.0
Run total estimated duration= 557.000
nruns=38 before=5.0, run_dur=12206.0, btw=1665.0
write rem/ex queues
/Users/jan/PychronDev/experiments/rem/CurrentExperiment.rem.txt
/Users/jan/PychronDev/experiments/rem/CurrentExperiment.ex.txt
doing event level: 3
