do run
loading script "jan_unknown120_60.py"
loading script "jan_pump_ms.py"
loading script "jan_co2.py"
loading script "jan_pump_extraction_line.py"
testing...
no interpolation path defined
executed snippet estimated_duration=213.652928, duration=0.000202894210815
script duration name:unknown120_60 seconds:214.0
loading script "jan_unknown120_60.py"
loading script "jan_pump_ms.py"
loading script "jan_co2.py"
loading script "jan_pump_extraction_line.py"
testing...
no interpolation path defined
executed snippet estimated_duration=0, duration=3.31401824951e-05
loading script "jan_unknown120_60.py"
loading script "jan_pump_ms.py"
loading script "jan_co2.py"
loading script "jan_pump_extraction_line.py"
testing...
no interpolation path defined
calculate duration
testing...
no interpolation path defined
executed snippet estimated_duration=0, duration=6.00814819336e-05
calculate duration
testing...
no interpolation path defined
executed snippet estimated_duration=0, duration=9.08374786377e-05
executed snippet estimated_duration=0.0, duration=0.00410389900208
script duration name:co2 seconds:0.0
loading script "jan_unknown120_60.py"
loading script "jan_pump_ms.py"
loading script "jan_co2.py"
loading script "jan_pump_extraction_line.py"
testing...
no interpolation path defined
calculate duration
testing...
no interpolation path defined
executed snippet estimated_duration=4.0, duration=0.000153779983521
executed snippet estimated_duration=4.0, duration=0.00157523155212
Script duration 214.0
Run total estimated duration= 215.000
run duration: 0:03:35
doing event level: 2
03:43:05 -- Setting default integration. t=1.048576
setting integration time = 1.048576
SetIntegrationTime 1.048576 ===>> OK
----------------- start -----------------
**************** Experiment Type: Ar/Ar, Ar/Ar
create new session 4436069840
close session 4436069840
$$$$$ Clearing conditionals
adding conditionals 
Add queue conditionals
add default conditionals
adding default conditionals from /Users/jan/PychronDev/setupfiles/spectrometer/default_conditionals.yaml
Start automated run 65580-09A
loading script "jan_unknown120_60.py"
loading script "jan_pump_ms.py"
loading script "jan_co2.py"
loading script "jan_pump_extraction_line.py"
%%%%%%%%%%%%%%%%%% setting automated run 65580-09A
No value "sensitivity_multiplier" in metadata
$$$$$$$$$$$$$$$ auto_save_detector_ic=False
============================= Pre Extraction Check =============================
loading queue conditionals pre_run_terminations
loading system conditionals pre_run_terminations
loading conditionals from /Users/jan/PychronDev/setupfiles/spectrometer/default_conditionals.yaml
03:43:05 -- ******* Pre Extraction Check *******
Get a measurement from the spectrometer
GetData ===>> H2,-0.149365411707403,H1,-0.0333731978673811,AX,-0.0371266114921254,L1,0.000464475734137171,L2,0....
Pre Extraction Termination data. keys=H2,H1,AX,L1,L2,CDD, signals=-0.14937,-0.03337,-0.03713,0.00046,0.01687,0.00447
03:43:05 -- testing system defined conditionals
Checking default pre extraction terminations n=2
testing CDD
evaluate ot="CDD.inactive" t="CDD", ctx="{'CDD': False}"
GetDeflection CDD ===>> 50
testing CDD==2000
evaluate ot="CDD.deflection==2000" t="CDD==2000", ctx="{'CDD': 50.0}"
03:43:05 -- ******* Pre Extraction Check Passed *******
=================================================================================
03:43:05 -- stopping status monitor
stop 4982387056
Alive clients [4989850544]
03:43:05 -- starting status monitor
start 4982387056
Monitor already running
start extraction
do extraction
Analysis started at 03:43:05.511570
Extraction Started jan_co2.py
03:43:05 -- ******* Extraction Started jan_co2.py *******
state changed from not run to extraction
DO EXTRACTION <pychron.extraction_line.pyscript_runner.RemotePyScriptRunner object at 0x12c299590>
testing...
no interpolation path defined
calculate duration
testing...
no interpolation path defined
executed snippet estimated_duration=0, duration=9.48905944824e-05
calculate duration
testing...
no interpolation path defined
executed snippet estimated_duration=0, duration=0.000125885009766
executed snippet estimated_duration=100.0, duration=0.00332188606262
Jan CO2 laser analysis
doing GOSUB
testing...
no interpolation path defined
executed snippet estimated_duration=0, duration=4.41074371338e-05
Waiting for CO2 access
wait ('FelixCO2Flag', 0) {}
waiting for FelixCO2Flag = 0
Read FelixCO2Flag ===>> 0
finished waiting
CO2 free
wait ('CO2PumpTimeFlag', 0) {}
waiting for CO2PumpTimeFlag = 0
Read CO2PumpTimeFlag ===>> 0
finished waiting
acquire ('JanCO2Flag',) {'clear': True}
acquire JanCO2Flag
Set JanCO2Flag 1 ===>> OK
JanCO2Flag acquired
set extraction state False (0.75, 'red', 1.5)
CO2 acquired
executed snippet estimated_duration=0, duration=0.0229659080505
WaitForCO2Access.py completed successfully
gosub finished
doing GOSUB
testing...
no interpolation path defined
executed snippet estimated_duration=0, duration=7.70092010498e-05
Prepare for CO2 analysis
close () {'description': 'Jan Inlet'}
closing name=--- desc=Jan Inlet
checking ownership. requestor=129.138.12.150
check software interlocks R
interlocks []
actuate state mode=None-script, software_lock=False
doing actuation None-script close_channel False
Close R ===>> OK
GetIndicatorState R ===>> False
change switch state (True, True)
update switch state R False args=() kw={} ncanvase=2
03:43:05 -- CLOSE  VALVE-R (Jan Inlet)
---------------------------------------- close None (Jan Inlet) result=[(True, True)]
action=close, ok=True, locked=[False]
open () {'description': 'Jan Ion Pump'}
opening name=--- desc=Jan Ion Pump
checking ownership. requestor=129.138.12.150
check software interlocks O
interlocks []
actuate state mode=None-script, software_lock=False
doing actuation None-script open_channel False
Open O ===>> OK
GetIndicatorState O ===>> OK
change switch state (True, True)
update switch state O True args=() kw={} ncanvase=2
03:43:06 -- OPEN   VALVE-O (Jan Ion Pump)
---------------------------------------- open None (Jan Ion Pump) result=[(True, True)], time=0.12 sec
action=open, ok=True, locked=[False]
close () {'description': 'Microbone to Minibone'}
closing name=--- desc=Microbone to Minibone
checking ownership. requestor=129.138.12.150
check software interlocks L
interlocks []
actuate state mode=None-script, software_lock=False
doing actuation None-script close_channel False
Close L ===>> OK
GetIndicatorState L ===>> False
change switch state (True, True)
update switch state L False args=() kw={} ncanvase=2
03:43:07 -- CLOSE  VALVE-L (Microbone to Minibone)
---------------------------------------- close None (Microbone to Minibone) result=[(True, True)]
action=close, ok=True, locked=[False]
open () {'description': 'Microbone to Turbo'}
opening name=--- desc=Microbone to Turbo
checking ownership. requestor=129.138.12.150
check software interlocks U
interlocks []
actuate state mode=None-script, software_lock=False
doing actuation None-script open_channel False
Open U ===>> OK
GetIndicatorState U ===>> OK
change switch state (True, True)
update switch state U True args=() kw={} ncanvase=2
03:43:07 -- OPEN   VALVE-U (Microbone to Turbo)
---------------------------------------- open None (Microbone to Turbo) result=[(True, True)], time=0.14 sec
action=open, ok=True, locked=[False]
open () {'description': 'Microbone to Inlet Pipette'}
opening name=--- desc=Microbone to Inlet Pipette
checking ownership. requestor=129.138.12.150
check software interlocks S
interlocks []
actuate state mode=None-script, software_lock=False
doing actuation None-script open_channel False
Open S ===>> OK
GetIndicatorState S ===>> OK
change switch state (True, True)
update switch state S True args=() kw={} ncanvase=2
03:43:08 -- OPEN   VALVE-S (Microbone to Inlet Pipette)
---------------------------------------- open None (Microbone to Inlet Pipette) result=[(True, True)], time=0.42 sec
action=open, ok=True, locked=[False]
open () {'description': 'Microbone to Getter D-50'}
opening name=--- desc=Microbone to Getter D-50
checking ownership. requestor=129.138.12.150
check software interlocks K
interlocks []
actuate state mode=None-script, software_lock=False
doing actuation None-script open_channel False
Open K ===>> OK
GetIndicatorState K ===>> OK
change switch state (True, True)
update switch state K True args=() kw={} ncanvase=2
03:43:08 -- OPEN   VALVE-K (Microbone to Getter D-50)
---------------------------------------- open None (Microbone to Getter D-50) result=[(True, True)], time=0.42 sec
action=open, ok=True, locked=[False]
open () {'description': 'Microbone to Getter NP-10'}
opening name=--- desc=Microbone to Getter NP-10
checking ownership. requestor=129.138.12.150
check software interlocks M
interlocks []
actuate state mode=None-script, software_lock=False
doing actuation None-script open_channel False
Open M ===>> OK
GetIndicatorState M ===>> OK
change switch state (True, True)
update switch state M True args=() kw={} ncanvase=2
03:43:09 -- OPEN   VALVE-M (Microbone to Getter NP-10)
---------------------------------------- open None (Microbone to Getter NP-10) result=[(True, True)], time=0.14 sec
action=open, ok=True, locked=[False]
close () {'description': 'CO2 Laser to Felix'}
closing name=--- desc=CO2 Laser to Felix
checking ownership. requestor=129.138.12.150
check software interlocks F
interlocks []
actuate state mode=None-script, software_lock=True
VALVE-F(CO2 Laser to Felix) software locked
change switch state (True, False)
---------------------------------------- close None (CO2 Laser to Felix) result=[(True, False)]
action=close, ok=True, locked=[True]
open () {'description': 'CO2 Laser to Jan'}
opening name=--- desc=CO2 Laser to Jan
checking ownership. requestor=129.138.12.150
check software interlocks A
interlocks []
actuate state mode=None-script, software_lock=False
doing actuation None-script open_channel False
Open A ===>> OK
GetIndicatorState A ===>> OK
change switch state (True, True)
update switch state A True args=() kw={} ncanvase=2
03:43:09 -- OPEN   VALVE-A (CO2 Laser to Jan)
---------------------------------------- open None (CO2 Laser to Jan) result=[(True, True)], time=0.16 sec
action=open, ok=True, locked=[False]
open () {'description': 'Microbone to CO2 Laser'}
opening name=--- desc=Microbone to CO2 Laser
checking ownership. requestor=129.138.12.150
check software interlocks T
interlocks []
actuate state mode=None-script, software_lock=False
doing actuation None-script open_channel False
Open T ===>> OK
GetIndicatorState T ===>> OK
change switch state (True, True)
update switch state T True args=() kw={} ncanvase=2
03:43:10 -- OPEN   VALVE-T (Microbone to CO2 Laser)
---------------------------------------- open None (Microbone to CO2 Laser) result=[(True, True)], time=0.46 sec
action=open, ok=True, locked=[False]
executed snippet estimated_duration=0, duration=5.09176397324
PrepareForCO2Analysis.py completed successfully
gosub finished
set_motor ('beam', '1.25') {}
setting motor "beam" to 1.25
set motor beam to 1.25
SetMotor beam,1.25 ===>> OK
GetMotorMoving beam ===>> False
GetMotorMoving beam ===>> False
Block completed
move_to_position ('197',) {'autocenter': True}
FusionsCO2 move to position 197
sending GoToHole 197,True
GoToHole 197,True ===>> OK
GetDriveMoving ===>> OK
GetDriveMoving ===>> OK
GetDriveMoving ===>> OK
GetDriveMoving ===>> OK
GetDriveMoving ===>> OK
GetDriveMoving ===>> OK
GetDriveMoving ===>> OK
GetDriveMoving ===>> OK
GetDriveMoving ===>> OK
GetDriveMoving ===>> OK
GetDriveMoving ===>> OK
GetDriveMoving ===>> OK
GetDriveMoving ===>> OK
GetDriveMoving ===>> OK
GetDriveMoving ===>> OK
GetDriveMoving ===>> OK
GetDriveMoving ===>> OK
GetDriveMoving ===>> OK
GetDriveMoving ===>> OK
GetDriveMoving ===>> OK
GetDriveMoving ===>> OK
GetDriveMoving ===>> OK
GetDriveMoving ===>> OK
GetDriveMoving ===>> OK
GetDriveMoving ===>> OK
GetDriveMoving ===>> OK
GetDriveMoving ===>> OK
GetDriveMoving ===>> OK
GetDriveMoving ===>> OK
GetDriveMoving ===>> OK
GetDriveMoving ===>> OK
GetDriveMoving ===>> OK
GetDriveMoving ===>> OK
GetDriveMoving ===>> OK
GetDriveMoving ===>> OK
GetDriveMoving ===>> OK
GetDriveMoving ===>> OK
GetDriveMoving ===>> False
GetDriveMoving ===>> OK
GetDriveMoving ===>> OK
GetDriveMoving ===>> OK
GetDriveMoving ===>> OK
GetDriveMoving ===>> OK
GetDriveMoving ===>> False
Block completed
GetAutoCorrecting ===>> False
GetAutoCorrecting ===>> False
Block completed
update position
GetPosition ===>> -9.96950,-11.96340,1.00000
got position (-9.9695, -11.9634, 1.0)
move to position succeeded
sleep (5,) {}
SLEEP 5.0
block started
WaitControl setup for 5.0  
Join finished
block finished. duration 5.02317094803
close () {'description': 'Microbone to Turbo'}
closing name=--- desc=Microbone to Turbo
checking ownership. requestor=129.138.12.150
check software interlocks U
interlocks []
actuate state mode=None-script, software_lock=False
doing actuation None-script close_channel True
Close U ===>> OK
GetIndicatorState U ===>> False
change switch state (True, True)
update switch state U False args=() kw={} ncanvase=2
03:43:29 -- CLOSE  VALVE-U (Microbone to Turbo)
---------------------------------------- close None (Microbone to Turbo) result=[(True, True)]
action=close, ok=True, locked=[False]
enable laser
enable () {}
set extraction state FusionsCO2 Enabled (False, 'red', 1.5)
enabling laser
Enable ===>> OK
begin interval
BEGIN INTERVAL Interval 1 waiting for 30.0
block started
set extract to 0.3
WaitControl setup for 30.0  
extract (0.3,) {}
GetPosition ===>> -9.96950,-11.96340,1.00000
set extraction state FusionsCO2 ON! 0.3(watts) (0.75, 'red', 1.5)
extract sample to 0.3 (watts)
set laser output
SetLaserOutput 0.3,watts ===>> OK
executing pattern triangle.lp
execute_pattern ('triangle.lp',) {}
executing pattern triangle.lp
IsPatterning ===>> OK
IsPatterning ===>> OK
IsPatterning ===>> OK
IsPatterning ===>> OK
IsPatterning ===>> OK
IsPatterning ===>> OK
IsPatterning ===>> OK
IsPatterning ===>> OK
IsPatterning ===>> OK
IsPatterning ===>> OK
IsPatterning ===>> OK
IsPatterning ===>> OK
IsPatterning ===>> OK
IsPatterning ===>> OK
IsPatterning ===>> OK
IsPatterning ===>> OK
IsPatterning ===>> OK
IsPatterning ===>> OK
IsPatterning ===>> OK
IsPatterning ===>> OK
IsPatterning ===>> OK
IsPatterning ===>> OK
IsPatterning ===>> OK
IsPatterning ===>> OK
IsPatterning ===>> OK
IsPatterning ===>> OK
IsPatterning ===>> False
IsPatterning ===>> False
Block completed
COMPLETE INTERVAL waiting for Interval 1 to complete
Join finished
block finished. duration 30.1437218189
Interval 1 finished
end_extract () {}
ending extraction. set laser power to 0
set laser power 0
SetLaserPower 0 ===>> OK
disable () {}
%%%%%%%%%%%%%%%%%%%%%%%%%%%%%%%%%%% disable
set extraction state False (0.75, 'red', 1.5)
disabling laser
Disable ===>> OK
sleep (30.0,) {}
SLEEP 30.0
block started
WaitControl setup for 30.0  
Join finished
block finished. duration 30.1360878944
executed snippet estimated_duration=166.5, duration=85.5631859303
jan_co2.py completed successfully
GetAchievedOutput ===>> No Response
Requested Output= 0.000
Achieved Output=  0.000
GetResponseBlob ===>> No Response
GetOutputBlob ===>> No Response
persistence save...
persistence save - db
AutomatedRunPersister post_extraction_save deprecated
persistence save - dvc
no extraction position for 197
create new session 4989601072
close session 4989601072
Extraction Finished
03:44:31 -- ******* Extraction Finished *******
no overlap. not waiting for min ms pumptime
03:44:31 -- Sending spectrometer configuration
======== Sending configuration ========
SetDeflection CDD,50.0 ===>> OK
SetDeflection H2,0.0 ===>> OK
SetDeflection H1,0.0 ===>> OK
SetDeflection L2,825.0 ===>> OK
SetDeflection L1,400.0 ===>> OK
SetDeflection AX,190.0 ===>> OK
SetZFocus 74.64 ===>> OK
SetZSymmetry -50.72 ===>> OK
SetExtractionLens 26.13 ===>> OK
SetIonRepeller -3.81 ===>> OK
SetElectronEnergy 75.08 ===>> OK
SetYSymmetry -2.81 ===>> OK
SetIonCounterVoltage 1590.0 ===>> OK
send trap current 200.0
GetParameter Trap Current Readback ===>> 198.035158395898
SetParameter Trap Current Set,200.0 ===>> OK
updating mftable name mftable
Using mftable located at /Users/jan/PychronDev/setupfiles/spectrometer/mftables/mftable.csv
============ MFtable ===========
Isotope  H2     H1     AX     L1     L2     CDD    
Ar40     5.8073 5.8792 5.9926 6.1472 6.2310 6.3754
Ar39     5.7065 5.7715 5.8850 6.0333 6.1162 6.2619
Ar36     5.3841 5.4405 5.5484 5.6921 5.7711 5.9130
================================
get initial guess parabolic
get initial guess parabolic
get initial guess parabolic
get initial guess parabolic
get initial guess parabolic
get initial guess parabolic
======== Configuration Finished ========
GetYSymmetry ===>> -2.81
GetZSymmetry ===>> -50.72
GetParameter Trap Current Readback ===>> 198.258926936459
GetHighVoltage ===>> 4499.94659342336
start measurement
do measurement
L#=65580 analysis type=unknown
Measurement Started jan_unknown120_60.py
03:44:31 -- ******* Measurement Started jan_unknown120_60.py *******
state changed from extraction to measurement
setting spec, defl, and gains
GetExtractionLens ===>> 26.13
GetYSymmetry ===>> -2.81
GetZSymmetry ===>> -50.72
GetZFocus ===>> 74.64
GetDeflection H2 ===>> 0
GetDeflection H1 ===>> 0
GetDeflection AX ===>> 190
GetDeflection L1 ===>> 400
GetDeflection L2 ===>> 825
GetDeflection CDD ===>> 50
GetGain H2 ===>> 0.0113
GetGain H1 ===>> 0.1
GetGain AX ===>> 0.097049
GetGain L1 ===>> 0.010355
GetGain L2 ===>> 0.095649
GetGain CDD ===>> 0
pre measurement save
New frame /Users/jan/PychronDev/data/isotopes/f9/4ef22e-34af-4780-894f-ffdf7b29c0c2.h5
flush and close file /Users/jan/PychronDev/data/isotopes/f9/4ef22e-34af-4780-894f-ffdf7b29c0c2.h5
testing...
no interpolation path defined
executed snippet estimated_duration=226.132928, duration=0.000126123428345
unknown measurement script
activate_detectors ('H2', 'H1', 'AX', 'L1', 'L2', 'CDD') {}
activate detectors
*************** Set Analysis View Ar/Ar
create graphs
clearing graphs
clear isotope group
setting isotope det=H2, iso=PM41
setting isotope det=H1, iso=Ar40
setting isotope det=AX, iso=Ar39
setting isotope det=L1, iso=Ar38
setting isotope det=L2, iso=Ar37
setting isotope det=CDD, iso=Ar36
setting previous blanks
 - setting Ar40 blank 0.603+/-0.007
 - setting Ar36 blank 0.00621+/-0.00019
 - setting Ar37 blank 0.047+/-0.005
 - setting Ar38 blank 0.0064+/-0.0021
 - setting PM41 blank 0.03+/-0.07
 - setting Ar39 blank 0.011+/-0.009
load analysis view
position_magnet ('Ar40',) {'detector': 'H1'}
detector Detector(H1)
POSITION Ar40 H1
setting detector H2 to PM41 (40.9624)
setting detector H1 to Ar40 (39.9624)
setting detector AX to Ar39 (38.9624)
setting detector L1 to Ar38 (37.9624)
setting detector L2 to Ar37 (36.9624)
setting detector CDD to Ar36 (35.9624)
Mapping mass to dac mass func: "parabolic"
H1 map mass coeffs = [-0.00063987  0.15840543  0.57082999]
H1 map mass to dac 39.9624 >> 5.87922
GetDeflection H1 ===>> 0
GetHighVoltage ===>> 4499.94659342336
positioning Ar40 (5.87918537782) on H1
setting magnet DAC
current  : 5.879185
requested: 5.879185
Delta Dac: 0.000000
Checking detector protection. dv=0.00000
Checking detector "CDD". Protection Threshold: 0.1 (V)
SetMagnetDAC 5.87918537782 ===>> OK
Magnet settling time: 0.500
equilibrate () {'delay': 3, 'inlet': 'R', 'outlet': 'O', 'eqtime': 12.0}
Equilibration Started
03:44:33 -- ******* Equilibration Started *******
checking ownership. requestor=129.138.12.150
check software interlocks O
interlocks []
actuate state mode=None-script, software_lock=False
doing actuation None-script close_channel True
Close O ===>> OK
GetIndicatorState O ===>> False
change switch state (True, True)
update switch state O False args=() kw={} ncanvase=2
03:44:33 -- CLOSE  VALVE-O (Jan Ion Pump)
waiting 3s before opening inlet value ('R',)
update labels <pychron.experiment.plot_panel.PlotPanel object at 0x16e70d170>
update labels "<pychron.graph.stacked_regression_graph.StackedRegressionGraph object at 0x1a6adb230>"
setting label 0 H2 PM41
setting label 1 H1 Ar40
setting label 2 AX Ar39
setting label 3 L1 Ar38
setting label 4 L2 Ar37
setting label 5 CDD Ar36
update labels "<pychron.graph.stacked_graph.StackedGraph object at 0x18ccd1950>"
setting label 0 H2 PM41
setting label 1 H1 Ar40
setting label 2 AX Ar39
setting label 3 L1 Ar38
setting label 4 L2 Ar37
setting label 5 CDD Ar36
checking ownership. requestor=129.138.12.150
check software interlocks R
interlocks []
actuate state mode=None-script, software_lock=False
doing actuation None-script open_channel True
Open R ===>> OK
GetIndicatorState R ===>> OK
change switch state (True, True)
update switch state R True args=() kw={} ncanvase=2
03:44:36 -- OPEN   VALVE-R (Jan Inlet)
equilibrating for 12.0sec
set_time_zero () {}
sniff (12.0,) {}
py_sniff
build tables- sniff [Detector(H2), Detector(H1), Detector(AX), Detector(L1), Detector(L2), Detector(CDD)]
add group /sniff/PM41 (Group) '' table H2
add group /sniff/Ar40 (Group) '' table H1
add group /sniff/Ar39 (Group) '' table AX
add group /sniff/Ar38 (Group) '' table L1
add group /sniff/Ar37 (Group) '' table L2
add group /sniff/Ar36 (Group) '' table CDD
flush and close file /Users/jan/PychronDev/data/isotopes/f9/4ef22e-34af-4780-894f-ffdf7b29c0c2.h5
measuring sniff. ncounts=12.0
"sniff" increment series count="1" fit count="0" regressing="False"
starting measurement
GetData ===>> H2,-0.186716481101453,H1,1.36065295783288,AX,0.29410807545814,L1,0.0036467494842953,L2,0.12299938...
GetData ===>> H2,0.848299424975522,H1,45.336719582721,AX,11.5770381931737,L1,0.193887143595413,L2,0.33216198629...
GetData ===>> H2,0.700474785347028,H1,81.5502998690316,AX,19.0727239711523,L1,0.332907631387879,L2,0.3199824312...
GetData ===>> H2,0.366710221365768,H1,93.3699192343163,AX,21.0056671435651,L1,0.359042061272248,L2,0.2570828841...
GetData ===>> H2,0.17331017934801,H1,97.4585962207989,AX,21.742954915997,L1,0.344044805774705,L2,0.199236916908...
GetData ===>> H2,0.129368102077907,H1,99.1717959352175,AX,21.8443888210655,L1,0.353088878594327,L2,0.1929499285...
GetData ===>> H2,0.0789927452975242,H1,99.7046532468629,AX,21.8931082940178,L1,0.338869470871195,L2,0.241876099...
GetData ===>> H2,0.0549719255573813,H1,100.093447471854,AX,22.0534365034738,L1,0.292827727253716,L2,0.200081298...
GetData ===>> H2,-0.00825781684748714,H1,100.445860754568,AX,22.0715473761514,L1,0.328412314299469,L2,0.2929806...
GetData ===>> H2,0.0707858550363298,H1,100.503421001951,AX,22.0764696128168,L1,0.356459562686527,L2,0.245631905...
GetData ===>> H2,0.0145285423776989,H1,100.476223591477,AX,22.0545861051402,L1,0.351147574693222,L2,0.212599564...
Equilibration Finished
03:44:48 -- ******* Equilibration Finished *******
checking ownership. requestor=129.138.12.150
check software interlocks R
interlocks []
actuate state mode=None-script, software_lock=False
doing actuation None-script close_channel True
GetData ===>> H2,-0.0160879612724936,H1,100.5126312534,AX,22.046629561482,L1,0.329571931777419,L2,0.18530568951...
Close R ===>> OK
State checksums do not match. Local:-1449001502 Remote:-598318598
State checksum failed
GetIndicatorState R ===>> False
change switch state (True, True)
update switch state R False args=() kw={} ncanvase=2
03:44:49 -- CLOSE  VALVE-R (Jan Inlet)
Post Equilibration Started jan_pump_extraction_line.py
03:44:49 -- ******* Post Equilibration Started jan_pump_extraction_line.py *******
testing...
no interpolation path defined
calculate duration
testing...
no interpolation path defined
executed snippet estimated_duration=4.0, duration=0.000231027603149
executed snippet estimated_duration=4.0, duration=0.00180387496948
Pump after analysis
doing GOSUB
testing...
no interpolation path defined
executed snippet estimated_duration=4.0, duration=0.000165939331055
Pump Microbone
close () {'description': 'Jan Inlet'}
closing name=--- desc=Jan Inlet
checking ownership. requestor=129.138.12.150
check software interlocks R
interlocks []
actuate state mode=None-script, software_lock=False
doing actuation None-script close_channel False
Close R ===>> OK
measurement finished
estimated time: 12.583 actual time: :12.716
flush and close file /Users/jan/PychronDev/data/isotopes/f9/4ef22e-34af-4780-894f-ffdf7b29c0c2.h5
set_fits () {}
using default fits file=/Users/jan/PychronDev/scripts/measurement/fits/nominal_linear.yaml
GetIndicatorState R ===>> False
set "Ar40" to "('Linear', 'SEM')"
change switch state (True, True)
No fit for "PM41". defaulting to linear. check the measurement script "jan_unknown120_60.py"
update switch state R False args=() kw={} ncanvase=2
set "PM41" to "linear"
set "Ar36" to "('Linear', 'SEM')"
set "Ar37" to "('linear', 'SEM')"
set "Ar38" to "('linear', 'SEM')"
set "Ar39" to "('Linear', 'SEM')"
set_baseline_fits () {}
using default fits file=/Users/jan/PychronDev/scripts/measurement/fits/nominal_linear.yaml
03:44:49 -- CLOSE  VALVE-R (Jan Inlet)
---------------------------------------- close None (Jan Inlet) result=[(True, True)]
set "H1" to "('average', 'SEM')"
set "H2" to "('average', 'SEM')"
set "CDD" to "('average', 'SEM')"
set "L2" to "('average', 'SEM')"
set "L1" to "('average', 'SEM')"
set "AX" to "('average', 'SEM')"
multicollect () {'integration_time': 1, 'ncounts': 120}
build tables- signal [Detector(H2), Detector(H1), Detector(AX), Detector(L1), Detector(L2), Detector(CDD)]
add group /signal/PM41 (Group) '' table H2
add group /signal/Ar40 (Group) '' table H1
add group /signal/Ar39 (Group) '' table AX
add group /signal/Ar38 (Group) '' table L1
add group /signal/Ar37 (Group) '' table L2
add group /signal/Ar36 (Group) '' table CDD
flush and close file /Users/jan/PychronDev/data/isotopes/f9/4ef22e-34af-4780-894f-ffdf7b29c0c2.h5
measuring signal. ncounts=120
action=close, ok=True, locked=[False]
is_closed ('F',) {}
is F () closed?
is closed True
open () {'description': 'CO2 Laser to Jan'}
opening name=--- desc=CO2 Laser to Jan
checking ownership. requestor=129.138.12.150
check software interlocks A
interlocks []
actuate state mode=None-script, software_lock=False
doing actuation None-script open_channel False
Open A ===>> OK
GetIndicatorState A ===>> OK
change switch state (True, True)
update switch state A True args=() kw={} ncanvase=2
03:44:50 -- OPEN   VALVE-A (CO2 Laser to Jan)
---------------------------------------- open None (CO2 Laser to Jan) result=[(True, True)], time=0.15 sec
"signal" increment series count="2" fit count="1" regressing="True"
starting measurement
GetData ===>> H2,0.137461128207655,H1,100.609623239164,AX,22.1201406342399,L1,0.33178300716737,L2,0.18061676427...
action=open, ok=True, locked=[False]
sleep (1,) {}
SLEEP 1.0
GetData ===>> H2,-0.02050423227571,H1,100.552291951902,AX,22.0323325006623,L1,0.294070778028612,L2,0.2027970643...
close () {'description': 'CO2 Laser to Roughing'}
closing name=--- desc=CO2 Laser to Roughing
checking ownership. requestor=129.138.12.150
check software interlocks G
interlocks []
actuate state mode=None-script, software_lock=True
VALVE-G(CO2 Laser to Roughing) software locked
change switch state (True, False)
---------------------------------------- close None (CO2 Laser to Roughing) result=[(True, False)]
action=close, ok=True, locked=[True]
open () {'description': 'Microbone to Turbo'}
opening name=--- desc=Microbone to Turbo
checking ownership. requestor=129.138.12.150
check software interlocks U
interlocks []
actuate state mode=None-script, software_lock=False
doing actuation None-script open_channel True
Open U ===>> OK
GetIndicatorState U ===>> OK
change switch state (True, True)
update switch state U True args=() kw={} ncanvase=2
03:44:51 -- OPEN   VALVE-U (Microbone to Turbo)
---------------------------------------- open None (Microbone to Turbo) result=[(True, True)], time=0.18 sec
action=open, ok=True, locked=[False]
open () {'description': 'Microbone to Getter NP-10'}
opening name=--- desc=Microbone to Getter NP-10
checking ownership. requestor=129.138.12.150
check software interlocks M
interlocks []
actuate state mode=None-script, software_lock=False
doing actuation None-script open_channel False
Open M ===>> OK
GetIndicatorState M ===>> OK
change switch state (True, True)
update switch state M True args=() kw={} ncanvase=2
03:44:52 -- OPEN   VALVE-M (Microbone to Getter NP-10)
---------------------------------------- open None (Microbone to Getter NP-10) result=[(True, True)], time=0.17 sec
action=open, ok=True, locked=[False]
open () {'description': 'Microbone to Getter D-50'}
opening name=--- desc=Microbone to Getter D-50
checking ownership. requestor=129.138.12.150
check software interlocks K
interlocks []
actuate state mode=None-script, software_lock=False
doing actuation None-script open_channel False
GetData ===>> H2,-0.0664419739736725,H1,100.402324521368,AX,21.9324219883256,L1,0.315653535596209,L2,0.16971105...
Open K ===>> OK
GetIndicatorState K ===>> OK
change switch state (True, True)
update switch state K True args=() kw={} ncanvase=2
03:44:52 -- OPEN   VALVE-K (Microbone to Getter D-50)
---------------------------------------- open None (Microbone to Getter D-50) result=[(True, True)], time=0.42 sec
action=open, ok=True, locked=[False]
open () {'description': 'Microbone to CO2 Laser'}
opening name=--- desc=Microbone to CO2 Laser
checking ownership. requestor=129.138.12.150
check software interlocks T
interlocks []
actuate state mode=None-script, software_lock=False
doing actuation None-script open_channel False
Open T ===>> OK
GetIndicatorState T ===>> OK
change switch state (True, True)
update switch state T True args=() kw={} ncanvase=2
03:44:53 -- OPEN   VALVE-T (Microbone to CO2 Laser)
---------------------------------------- open None (Microbone to CO2 Laser) result=[(True, True)], time=0.43 sec
GetData ===>> H2,-0.127627374282742,H1,100.338510519176,AX,21.8550084429149,L1,0.288735615996595,L2,0.115748349...
action=open, ok=True, locked=[False]
open () {'description': 'Microbone to Inlet Pipette'}
opening name=--- desc=Microbone to Inlet Pipette
checking ownership. requestor=129.138.12.150
check software interlocks S
interlocks []
actuate state mode=None-script, software_lock=False
doing actuation None-script open_channel False
Open S ===>> OK
GetIndicatorState S ===>> OK
change switch state (True, True)
update switch state S True args=() kw={} ncanvase=2
03:44:54 -- OPEN   VALVE-S (Microbone to Inlet Pipette)
---------------------------------------- open None (Microbone to Inlet Pipette) result=[(True, True)], time=0.41 sec
action=open, ok=True, locked=[False]
sleep (1,) {}
SLEEP 1.0
testing H1>-5.0
evaluate ot="H1.bs>-5.0" t="H1>-5.0", ctx="{'H1': None}"
GetData ===>> H2,-0.163210123223413,H1,100.255502982065,AX,21.7616740217581,L1,0.262439189568809,L2,0.112419440...
set_resource () {'name': 'CO2PumpTimeFlag', 'value': 30}
Set CO2PumpTimeFlag 30 ===>> OK
release ('JanCO2Flag',) {}
release JanCO2Flag
Set JanCO2Flag 0 ===>> OK
executed snippet estimated_duration=6.0, duration=6.07639098167
PumpMicrobone.py completed successfully
gosub finished
get_resource_value () {'name': 'JanMiniboneFlag'}
Read JanMiniboneFlag ===>> 0
Get Resource Value JanMiniboneFlag=0.0
get resource value 0.0
get_resource_value () {'name': 'JanMiniboneFlag'}
Read JanMiniboneFlag ===>> 0
Get Resource Value JanMiniboneFlag=0.0
executed snippet estimated_duration=4.0, duration=6.08898806572
jan_pump_extraction_line.py completed successfully
Post Equilibration Finished
03:44:55 -- ******* Post Equilibration Finished *******
GetData ===>> H2,-0.0694951548886114,H1,100.272777519069,AX,21.8780448602622,L1,0.307666416817646,L2,0.15060623...
GetData ===>> H2,-0.323022556276351,H1,100.228082615102,AX,21.7791584250123,L1,0.29361420409869,L2,0.0854732261...
GetData ===>> H2,-0.333875750374684,H1,100.33260035606,AX,21.8176185776174,L1,0.262888736542835,L2,0.1345155265...
GetData ===>> H2,-0.223675666599173,H1,100.381769243652,AX,21.8074153743837,L1,0.259620785931556,L2,0.155784120...
testing H1>-5.0
evaluate ot="H1.bs>-5.0" t="H1>-5.0", ctx="{'H1': None}"
GetData ===>> H2,-0.197339724205452,H1,100.421700259243,AX,21.8690361986501,L1,0.305082144162314,L2,0.167190139...
GetData ===>> H2,-0.133948226587493,H1,100.269931111525,AX,21.9052529761303,L1,0.333600519965186,L2,0.214779302...
GetData ===>> H2,-0.136403837661188,H1,100.241577392153,AX,21.7043141450985,L1,0.304676660199108,L2,0.135929484...
GetData ===>> H2,-0.152295643186603,H1,100.161345425738,AX,21.7385721221641,L1,0.307592118992698,L2,0.132577069...
GetData ===>> H2,-0.0391621987252354,H1,100.154400314133,AX,21.800927617674,L1,0.280090880515225,L2,0.132713900...
testing H1>-5.0
evaluate ot="H1.bs>-5.0" t="H1>-5.0", ctx="{'H1': None}"
GetData ===>> H2,-0.131565126681875,H1,100.12784001536,AX,21.7019668707469,L1,0.282716060182202,L2,0.1317560874...
GetData ===>> H2,-0.223351083745333,H1,100.161685529659,AX,21.7228470877908,L1,0.244245152255833,L2,0.180890563...
GetData ===>> H2,-0.22686847234481,H1,100.014867490434,AX,21.7500322137264,L1,0.253899595629154,L2,0.1875190332...
GetData ===>> H2,-0.105285435766336,H1,100.04410918377,AX,21.7715763457599,L1,0.2715603631387,L2,0.117538255514...
GetData ===>> H2,-0.0318837548498984,H1,100.160575719709,AX,21.6237492263827,L1,0.297580381939729,L2,-0.0045589...
testing H1>-5.0
evaluate ot="H1.bs>-5.0" t="H1>-5.0", ctx="{'H1': None}"
GetData ===>> H2,-0.114102423980006,H1,100.138345447973,AX,21.7194317061833,L1,0.282836465182765,L2,0.280418124...
GetData ===>> H2,-0.173968758400448,H1,100.079009246091,AX,21.8132456584665,L1,0.264877915889815,L2,0.168878345...
GetData ===>> H2,-0.314131541488566,H1,100.03387861723,AX,21.7428517893969,L1,0.281493039385512,L2,0.1363627987...
GetData ===>> H2,-0.204308760465617,H1,100.077917937262,AX,21.8074024758733,L1,0.253950630939267,L2,0.166083695...
GetData ===>> H2,-0.18418076453173,H1,99.9723571462243,AX,21.7080544127498,L1,0.264052790762054,L2,0.1984610049...
testing H1>-5.0
evaluate ot="H1.bs>-5.0" t="H1>-5.0", ctx="{'H1': None}"
03:45:15 -- collecting point 25
GetData ===>> H2,-0.148930536537963,H1,99.8910914210756,AX,21.6504944059045,L1,0.272144084599298,L2,0.247858060...
GetData ===>> H2,-0.0838386091609692,H1,99.9588694270183,AX,21.7330809898376,L1,0.304043504194481,L2,0.19241367...
GetData ===>> H2,-0.0999498551652728,H1,100.048223069656,AX,21.6844026208417,L1,0.246851886045053,L2,0.13127718...
GetData ===>> H2,-0.131872171613981,H1,99.9748795200253,AX,21.7677210363901,L1,0.275009668257397,L2,0.141939040...
GetData ===>> H2,-0.168590550403047,H1,100.16804024455,AX,21.8451242898559,L1,0.271585900254268,L2,0.1924136710...
testing H1>-5.0
evaluate ot="H1.bs>-5.0" t="H1>-5.0", ctx="{'H1': None}"
GetData ===>> H2,-0.233275600296731,H1,100.025937888853,AX,21.7519788740476,L1,0.254006527048176,L2,0.307872899...
GetData ===>> H2,-0.204628189680156,H1,99.9564188707616,AX,21.693364932448,L1,0.261150383601595,L2,0.0514399829...
GetData ===>> H2,-0.159573581131773,H1,99.8602884791814,AX,21.6695358478117,L1,0.291317033690054,L2,0.213398415...
GetData ===>> H2,-0.144505206116589,H1,99.811473340873,AX,21.6679757932045,L1,0.278435801879089,L2,0.1656502474...
GetData ===>> H2,-0.154117254844298,H1,99.6650619135925,AX,21.8035071960391,L1,0.288102836160304,L2,0.133899777...
testing H1>-5.0
evaluate ot="H1.bs>-5.0" t="H1>-5.0", ctx="{'H1': None}"
GetData ===>> H2,-0.203374681511829,H1,99.5597702890539,AX,21.7357749612535,L1,0.296325943712953,L2,0.159205783...
GetData ===>> H2,-0.244248016422796,H1,99.5723460725854,AX,21.754441256139,L1,0.32021709548185,L2,0.14515493497...
GetData ===>> H2,-0.0918970756945433,H1,99.7437545871832,AX,21.5672001198328,L1,0.313908143473257,L2,0.17847202...
GetData ===>> H2,0.00657318279443897,H1,99.686857292855,AX,21.6346140607313,L1,0.275841762603892,L2,0.126830344...
GetData ===>> H2,-0.165787269809259,H1,99.748955762177,AX,21.4635190538036,L1,0.27595125375174,L2,0.12704698058...
testing H1>-5.0
evaluate ot="H1.bs>-5.0" t="H1>-5.0", ctx="{'H1': None}"
GetData ===>> H2,-0.252251675353683,H1,99.7004720799012,AX,21.641445416966,L1,0.260610499409115,L2,0.0344384709...
GetData ===>> H2,-0.23980656504701,H1,99.6568983945242,AX,21.5877471265688,L1,0.238434368897967,L2,0.2184883938...
GetData ===>> H2,-0.193277034165771,H1,99.6743870897213,AX,21.504161772402,L1,0.269826420861604,L2,0.1968863793...
GetData ===>> H2,-0.171530752706868,H1,99.6770489801166,AX,21.6805471209495,L1,0.303280116313999,L2,0.120844539...
GetData ===>> H2,-0.0771130046857929,H1,99.4405588816169,AX,21.6925009074801,L1,0.222405225801985,L2,0.23500415...
testing H1>-5.0
evaluate ot="H1.bs>-5.0" t="H1>-5.0", ctx="{'H1': None}"
GetData ===>> H2,-0.0786714660988804,H1,99.5840117696691,AX,21.7178980415931,L1,0.26326053900713,L2,0.127058382...
GetData ===>> H2,-0.170506693587801,H1,99.5502498365657,AX,21.6054631975574,L1,0.25420338100177,L2,0.1144486932...
GetData ===>> H2,-0.133361289299426,H1,99.3446827869358,AX,21.5724556596488,L1,0.259208636282803,L2,0.203116571...
GetData ===>> H2,-0.0788760829989402,H1,99.4031831169506,AX,21.5760239045777,L1,0.264972706260289,L2,0.18108450...
GetData ===>> H2,-0.0797473574616781,H1,99.5219599780857,AX,21.5664015062388,L1,0.252094082127046,L2,0.12995451...
testing H1>-5.0
evaluate ot="H1.bs>-5.0" t="H1>-5.0", ctx="{'H1': None}"
03:45:42 -- collecting point 50
GetData ===>> H2,-0.0801565488708513,H1,99.5147097756007,AX,21.5440684765181,L1,0.250016800641988,L2,0.26299766...
GetData ===>> H2,-0.233663141904977,H1,99.4335223109021,AX,21.6149215466687,L1,0.301465016190922,L2,0.172083737...
GetData ===>> H2,-0.220384961326486,H1,99.4558996691241,AX,21.5019972106751,L1,0.312656568687079,L2,0.088322509...
GetData ===>> H2,-0.101862668744683,H1,99.4321114646713,AX,21.5454722046826,L1,0.346570484056575,L2,0.192082790...
GetData ===>> H2,-0.130169871910533,H1,99.373153544947,AX,21.5903238292475,L1,0.316455638286893,L2,0.1223951121...
testing H1>-5.0
evaluate ot="H1.bs>-5.0" t="H1>-5.0", ctx="{'H1': None}"
GetData ===>> H2,-0.240585964252925,H1,99.4700912521163,AX,21.5312554701806,L1,0.281636127288059,L2,0.202215108...
GetData ===>> H2,-0.255218985179432,H1,99.2940200090029,AX,21.5588793708646,L1,0.295490548925463,L2,0.153856637...
GetData ===>> H2,-0.264878608663149,H1,99.2045520457364,AX,21.5261178168089,L1,0.287320433757756,L2,0.160791195...
GetData ===>> H2,-0.230146522206363,H1,99.4904437925521,AX,21.5320280707543,L1,0.240729950944004,L2,0.115030116...
GetData ===>> H2,-0.308940081888556,H1,99.513674061022,AX,21.477829215556,L1,0.238753776061601,L2,0.11216863751...
testing H1>-5.0
evaluate ot="H1.bs>-5.0" t="H1>-5.0", ctx="{'H1': None}"
GetData ===>> H2,-0.0993825824397495,H1,99.4523832205149,AX,21.4248614671163,L1,0.289637394998284,L2,0.19929396...
GetData ===>> H2,0.0174783453425278,H1,99.4142002302771,AX,21.5285385353466,L1,0.291493533499733,L2,0.148336724...
GetData ===>> H2,-0.165089378609576,H1,99.0811117578459,AX,21.4179478271268,L1,0.30777725556003,L2,0.1344014985...
GetData ===>> H2,-0.175652274760835,H1,99.3671019403513,AX,21.4587408349201,L1,0.295596491713161,L2,0.173178843...
GetData ===>> H2,-0.130441524576169,H1,99.2065683150258,AX,21.5305472578385,L1,0.253736770394802,L2,0.196019205...
testing H1>-5.0
evaluate ot="H1.bs>-5.0" t="H1>-5.0", ctx="{'H1': None}"
GetData ===>> H2,-0.188977914998712,H1,99.0761734110038,AX,21.5795020905825,L1,0.284772869883544,L2,0.289089605...
GetData ===>> H2,-0.234068162502023,H1,99.0891525196346,AX,21.432509472482,L1,0.300540492152362,L2,0.1749470081...
GetData ===>> H2,-0.178469276028163,H1,99.1869955919079,AX,21.3826398022347,L1,0.286512541451663,L2,0.110150833...
GetData ===>> H2,-0.258172075304858,H1,99.1209988932749,AX,21.4482835835796,L1,0.276527926510916,L2,0.109831636...
GetData ===>> H2,-0.22631777436876,H1,99.0366747062286,AX,21.5116221119178,L1,0.277556042088436,L2,0.1807194390...
testing H1>-5.0
evaluate ot="H1.bs>-5.0" t="H1>-5.0", ctx="{'H1': None}"
GetData ===>> H2,-0.0653647169992682,H1,98.9966241696382,AX,21.494743668046,L1,0.281637891422167,L2,0.097133030...
GetData ===>> H2,-0.0528936903660892,H1,99.1655523920106,AX,21.5697634517033,L1,0.257466606547559,L2,0.16760078...
GetData ===>> H2,-0.146358759811655,H1,98.9301168941729,AX,21.4869753158679,L1,0.272854324063713,L2,0.090351250...
GetData ===>> H2,-0.137553032503667,H1,99.0151858858252,AX,21.4781641295211,L1,0.293185651933427,L2,0.122041670...
GetData ===>> H2,-0.125200589334113,H1,98.9377982128233,AX,21.4759356830439,L1,0.315525546305403,L2,0.220907940...
testing H1>-5.0
evaluate ot="H1.bs>-5.0" t="H1>-5.0", ctx="{'H1': None}"
03:46:08 -- collecting point 75
GetData ===>> H2,-0.197261502107678,H1,98.9906692174468,AX,21.4284150184445,L1,0.282994574915406,L2,0.173509658...
GetData ===>> H2,-0.209343101440125,H1,99.0887067898207,AX,21.357842266791,L1,0.287565004119473,L2,0.1775822051...
GetData ===>> H2,-0.163760971746724,H1,98.9599176237713,AX,21.3487585539174,L1,0.280883222674461,L2,0.180023534...
GetData ===>> H2,-0.124567782400613,H1,98.7363855793221,AX,21.2868035642458,L1,0.275397727209891,L2,0.259491988...
GetData ===>> H2,-0.16424294223862,H1,98.7447920893069,AX,21.293187048587,L1,0.26682737196173,L2,0.143102223912...
testing H1>-5.0
evaluate ot="H1.bs>-5.0" t="H1>-5.0", ctx="{'H1': None}"
GetData ===>> H2,-0.169014288849716,H1,98.734266216049,AX,21.3996680798581,L1,0.272888377882413,L2,0.1911129736...
GetData ===>> H2,-0.183419938791886,H1,98.7961141112091,AX,21.3359378037569,L1,0.26714948129382,L2,0.2812510091...
GetData ===>> H2,-0.164450844749198,H1,98.9301347158013,AX,21.2995451681655,L1,0.299027439812825,L2,0.207966360...
GetData ===>> H2,-0.201035776082213,H1,98.869003484986,AX,21.2510192822503,L1,0.33741712710346,L2,0.17105708796...
GetData ===>> H2,-0.23478532281923,H1,98.864012370245,AX,21.3788947134928,L1,0.283472567686513,L2,0.10564797783...
testing H1>-5.0
evaluate ot="H1.bs>-5.0" t="H1>-5.0", ctx="{'H1': None}"
GetData ===>> H2,-0.0977537160064245,H1,98.8555635057089,AX,21.4797098997319,L1,0.320096365972721,L2,0.13435588...
GetData ===>> H2,-0.196951305705886,H1,98.8033658139565,AX,21.3936827784284,L1,0.305150335237446,L2,0.098227278...
GetData ===>> H2,-0.277607445018533,H1,98.6032199288591,AX,21.4015731485876,L1,0.259625649153668,L2,0.097919519...
GetData ===>> H2,-0.24642234462794,H1,98.7068062597672,AX,21.3026986254536,L1,0.299881397534816,L2,0.2009028668...
GetData ===>> H2,-0.233999538771514,H1,98.7382912509492,AX,21.3619083121074,L1,0.317903970851445,L2,0.072619129...
testing H1>-5.0
evaluate ot="H1.bs>-5.0" t="H1>-5.0", ctx="{'H1': None}"
GetData ===>> H2,-0.211965838084988,H1,98.9040104886569,AX,21.280986685356,L1,0.317095658955192,L2,0.0828633571...
GetData ===>> H2,-0.343026140159105,H1,98.8169080188092,AX,21.3729877755509,L1,0.266749581043653,L2,0.153594320...
GetData ===>> H2,-0.189995884748415,H1,98.6235906874832,AX,21.2924277030546,L1,0.270393020364747,L2,0.213067462...
GetData ===>> H2,-0.0472693948770914,H1,98.6894460502048,AX,21.1799362693138,L1,0.278332368372246,L2,0.12298798...
GetData ===>> H2,-0.115296092027336,H1,98.6860632697764,AX,21.228931850406,L1,0.264676185468739,L2,0.1676235947...
testing H1>-5.0
evaluate ot="H1.bs>-5.0" t="H1>-5.0", ctx="{'H1': None}"
GetData ===>> H2,-0.0596909818454399,H1,98.8266199604441,AX,21.1860691439982,L1,0.279506704477792,L2,0.17641860...
GetData ===>> H2,-0.12617001358262,H1,98.6625236563241,AX,21.2436605910022,L1,0.249256451366133,L2,0.1949238387...
GetData ===>> H2,-0.155300875252073,H1,98.5529459582111,AX,21.3150816627386,L1,0.222731406209753,L2,0.175460352...
GetData ===>> H2,-0.147275967693172,H1,98.4910168783894,AX,21.2702931968194,L1,0.223072148575963,L2,0.182944085...
GetData ===>> H2,-0.180555591876986,H1,98.5816947590816,AX,21.3014758453705,L1,0.259178242425288,L2,0.099196153...
testing H1>-5.0
evaluate ot="H1.bs>-5.0" t="H1>-5.0", ctx="{'H1': None}"
03:46:34 -- collecting point 100
GetData ===>> H2,-0.130578024207089,H1,98.5481935934051,AX,21.2650047509223,L1,0.275993833959726,L2,0.212668037...
GetData ===>> H2,-0.115204067662155,H1,98.5453458067935,AX,21.2608874054763,L1,0.254586163457033,L2,0.173327139...
GetData ===>> H2,-0.100973311401448,H1,98.65639629512,AX,21.2586872633707,L1,0.282134730760402,L2,0.13488041699...
GetData ===>> H2,-0.128170794842452,H1,98.4926181691055,AX,21.2588931227191,L1,0.241834200786987,L2,0.194193601...
GetData ===>> H2,-0.121608806668134,H1,98.4644848520392,AX,21.2966363463559,L1,0.262243582070826,L2,0.244558802...
testing H1>-5.0
evaluate ot="H1.bs>-5.0" t="H1>-5.0", ctx="{'H1': None}"
GetData ===>> H2,-0.162742961089287,H1,98.5922878173439,AX,21.2221534459045,L1,0.227605955915261,L2,0.125393717...
GetData ===>> H2,-0.105985020398632,H1,98.3377298860264,AX,21.232662083772,L1,0.274794356644126,L2,0.2349242522...
GetData ===>> H2,-0.20270069496573,H1,98.3912371051094,AX,21.31398747024,L1,0.274054789763131,L2,0.069391202505...
GetData ===>> H2,-0.226328546224658,H1,98.3452353939103,AX,21.1418292362385,L1,0.299416036548005,L2,0.221113376...
GetData ===>> H2,-0.139667246885922,H1,98.326436764217,AX,21.2472369552216,L1,0.286676791489119,L2,0.1358610669...
testing H1>-5.0
evaluate ot="H1.bs>-5.0" t="H1>-5.0", ctx="{'H1': None}"
GetData ===>> H2,-0.213726111572107,H1,98.3321988172497,AX,21.2046884748969,L1,0.291140536929705,L2,0.205444439...
GetData ===>> H2,-0.171727728429251,H1,98.3273081715417,AX,21.1649462648033,L1,0.265803982618231,L2,0.095468885...
GetData ===>> H2,-0.202901547157047,H1,98.2884077365954,AX,21.198747427869,L1,0.272229213435,L2,0.1592856238788...
GetData ===>> H2,-0.186669278800602,H1,98.3213684755192,AX,21.2405860416472,L1,0.265154997909568,L2,0.117743469...
GetData ===>> H2,-0.160073286594882,H1,98.1891869669228,AX,21.1556139174223,L1,0.245119250449857,L2,0.097862527...
testing H1>-5.0
evaluate ot="H1.bs>-5.0" t="H1>-5.0", ctx="{'H1': None}"
GetData ===>> H2,-0.230386112371654,H1,98.2546272088354,AX,21.0770562502805,L1,0.273461228792075,L2,0.217666674...
GetData ===>> H2,-0.193270294899576,H1,98.2334271181831,AX,21.1701141101006,L1,0.267439996167111,L2,0.133158602...
GetData ===>> H2,-0.151092592802121,H1,98.0864620453006,AX,20.948070996391,L1,0.268951049999742,L2,0.1374917049...
GetData ===>> H2,-0.157671797785913,H1,98.1140194663003,AX,21.0387277269569,L1,0.269834931780221,L2,0.141767985...
GetData ===>> H2,-0.171614400349886,H1,98.2186493064239,AX,20.9956468928376,L1,0.245479837794045,L2,0.080641035...
testing H1>-5.0
evaluate ot="H1.bs>-5.0" t="H1>-5.0", ctx="{'H1': None}"
GetData ===>> H2,-0.125715733030509,H1,98.2456452590914,AX,21.1198352383963,L1,0.236966196319156,L2,0.219390010...
measurement finished
estimated time: 125.829 actual time: :126.357
flush and close file /Users/jan/PychronDev/data/isotopes/f9/4ef22e-34af-4780-894f-ffdf7b29c0c2.h5
baselines () {'settling_time': 15.0, 'detector': 'H1', 'mass': 34.2, 'ncounts': 60}
%%%%%%%%%%%%%%%%%%%%%%%%%%%%%%%% Baseline
build tables- baseline [Detector(H2), Detector(H1), Detector(AX), Detector(L1), Detector(L2), Detector(CDD)]
add group baseline table H2
add group baseline table H1
add group baseline table AX
add group baseline table L1
add group baseline table L2
add group baseline table CDD
flush and close file /Users/jan/PychronDev/data/isotopes/f9/4ef22e-34af-4780-894f-ffdf7b29c0c2.h5
detector Detector(H1)
POSITION 34.2 H1
Mapping mass to dac mass func: "parabolic"
H1 map mass coeffs = [-0.00063987  0.15840543  0.57082999]
H1 map mass to dac 34.2 >> 5.23987599104
GetDeflection H1 ===>> 0
GetHighVoltage ===>> 4499.94659342336
positioning 34.2 (5.23984513391) on H1
setting magnet DAC
current  : 5.879185
requested: 5.239845
Delta Dac: 0.639340
Checking detector protection. dv=0.63934
Checking detector "CDD". Protection Threshold: 0.1 (V)
ProtectDetector CDD,On ===>> OK
GetDeflection CDD ===>> 2000
Protected = 2000
SetMagnetDAC 5.23984513391 ===>> OK
Magnet settling time: 0.500
GetMagnetMoving ===>> True
GetMagnetMoving ===>> True
GetMagnetMoving ===>> True
GetMagnetMoving ===>> True
GetMagnetMoving ===>> True
GetMagnetMoving ===>> True
GetMagnetMoving ===>> True
GetMagnetMoving ===>> True
GetMagnetMoving ===>> False
ProtectDetector CDD,Off ===>> OK
GetDeflection CDD ===>> 50
Delaying 15.0s for detectors to settle
Join finished
measuring baseline. ncounts=60
"baseline" increment series count="2" fit count="1" regressing="True"
starting measurement
GetData ===>> H2,-0.0686542894229646,H1,-0.0815966113283604,AX,-0.060270186124691,L1,-0.0613353580535247,L2,0.0...
GetData ===>> H2,-0.241055731573976,H1,-0.00639610223054348,AX,-0.108082031631504,L1,-0.0320815271436839,L2,-0....
GetData ===>> H2,-0.206913799644266,H1,-0.0176434056357032,AX,-0.110851501017196,L1,-0.0427163005005184,L2,-0.0...
GetData ===>> H2,-0.170570109687327,H1,-0.0291160227379404,AX,-0.0464264447334558,L1,-0.0343907670447934,L2,-0....
testing H1>-5.0
evaluate ot="H1.bs>-5.0" t="H1>-5.0", ctx="{'H1': None}"
GetData ===>> H2,-0.146337145770983,H1,-0.0373559372558894,AX,-0.0961689380358605,L1,-0.00764211557237551,L2,-0...
GetData ===>> H2,-0.192511427856595,H1,-0.0289848463988161,AX,0.0420507137510088,L1,-0.0097453793386528,L2,-0.0...
GetData ===>> H2,-0.0521948762108326,H1,-0.0459170979659749,AX,-0.0337288198400924,L1,-0.0250676389188625,L2,0....
GetData ===>> H2,-0.161768069404394,H1,-0.0548590325949004,AX,-0.143440793149251,L1,-0.0275575003727351,L2,-0.0...
GetData ===>> H2,-0.200438502546323,H1,-0.104287550878523,AX,-0.118406305313498,L1,-0.0298227626430163,L2,0.062...
testing H1>-5.0
evaluate ot="H1.bs>-5.0" t="H1>-5.0", ctx="{'H1': None}"
GetData ===>> H2,-0.112654154830043,H1,-0.0574699267978705,AX,-0.148206103578378,L1,-0.0252234231112938,L2,-0.1...
GetData ===>> H2,-0.247466303923118,H1,-0.133414445489266,AX,-0.040257577276661,L1,0.00418342961315373,L2,0.007...
GetData ===>> H2,-0.318528323752305,H1,0.000581916358100187,AX,-0.0618932763920686,L1,-0.00632165534028125,L2,0...
GetData ===>> H2,-0.206958267427155,H1,-0.062488851715181,AX,-0.0213658874618456,L1,-0.0114550065403916,L2,-0.0...
GetData ===>> H2,-0.0534486403749297,H1,-0.0688545368807468,AX,-0.0987880895493673,L1,-0.0335435850366142,L2,0....
testing H1>-5.0
evaluate ot="H1.bs>-5.0" t="H1>-5.0", ctx="{'H1': None}"
GetData ===>> H2,-0.199278919867273,H1,0.00926635221103491,AX,-0.150664031315873,L1,-0.0653579781454347,L2,0.10...
GetData ===>> H2,-0.199640290938945,H1,-0.0315248667628552,AX,-0.0231635971532213,L1,-0.0220293648019738,L2,-0....
GetData ===>> H2,-0.184628602585136,H1,0.00295574638793386,AX,-0.0810089238582902,L1,0.0252273867944005,L2,-0.1...
GetData ===>> H2,-0.237715384745931,H1,-0.0306305007480965,AX,-0.0698808047528194,L1,-0.0269644468591329,L2,-0....
GetData ===>> H2,-0.200105471780115,H1,-0.0862806143467008,AX,-0.102473324931065,L1,-0.0471852845457228,L2,0.08...
testing H1>-5.0
evaluate ot="H1.bs>-5.0" t="H1>-5.0", ctx="{'H1': None}"
GetData ===>> H2,-0.315783720899338,H1,0.00391006578188708,AX,-0.0324067801097083,L1,-0.0269344937336985,L2,0.0...
GetData ===>> H2,-0.249840413752008,H1,0.0180111951662234,AX,-0.0206467942879331,L1,-0.00126728617682567,L2,-0....
GetData ===>> H2,-0.174658665856865,H1,-0.0668280518328011,AX,-0.0781806475458903,L1,0.020713890679973,L2,-0.13...
GetData ===>> H2,-0.223703949310863,H1,-0.094980597853067,AX,-0.112230412441301,L1,-0.000964879363934024,L2,-0....
GetData ===>> H2,-0.254592513503142,H1,-0.0416962272482778,AX,-0.0234999391500069,L1,-0.0259184308805425,L2,-0....
testing H1>-5.0
evaluate ot="H1.bs>-5.0" t="H1>-5.0", ctx="{'H1': None}"
03:47:40 -- collecting point 25
GetData ===>> H2,-0.170267868069466,H1,-0.0194800668459781,AX,-0.112821368497152,L1,0.0254651507625457,L2,0.023...
GetData ===>> H2,-0.215510347836371,H1,-0.0247751871370159,AX,-0.130200823639499,L1,0.0146003539827628,L2,0.025...
GetData ===>> H2,-0.206827558597287,H1,0.02081495592281,AX,-0.142872650538917,L1,-0.0242587206653262,L2,0.00018...
GetData ===>> H2,-0.217034003951996,H1,-0.0479797751149256,AX,-0.0345289930579263,L1,-0.00345226551276818,L2,0....
GetData ===>> H2,-0.154860409949638,H1,-0.0459647904032632,AX,-0.117792209693242,L1,-0.0224261304014892,L2,-0.1...
testing H1>-5.0
evaluate ot="H1.bs>-5.0" t="H1>-5.0", ctx="{'H1': None}"
GetData ===>> H2,-0.125391235789497,H1,-0.106944819039945,AX,-0.0784356594379654,L1,-0.0130013335983572,L2,0.01...
GetData ===>> H2,-0.171528054385521,H1,-0.0397765068133048,AX,-0.0994486608766322,L1,0.00798293842616747,L2,-0....
GetData ===>> H2,-0.340121487229236,H1,-0.110448015394504,AX,-0.146316239542201,L1,0.00788574414182683,L2,-0.06...
GetData ===>> H2,-0.243716480182678,H1,-0.014614033638982,AX,-0.0898293723736044,L1,-0.0152939495164977,L2,-0.0...
GetData ===>> H2,-0.147073350834088,H1,0.000116699984675961,AX,-0.0249612736405877,L1,0.00461447530008506,L2,-0...
testing H1>-5.0
evaluate ot="H1.bs>-5.0" t="H1>-5.0", ctx="{'H1': None}"
GetData ===>> H2,-0.150813074692405,H1,-0.0352811167523058,AX,-0.0797802565435212,L1,-0.0218219856177216,L2,0.0...
GetData ===>> H2,-0.233093935591004,H1,-0.0476697801076174,AX,-0.0503687492046757,L1,-0.0264899788665335,L2,0.0...
GetData ===>> H2,-0.314009495890646,H1,-0.0911550818534444,AX,-0.129644729162019,L1,-0.016449015215203,L2,0.015...
GetData ===>> H2,-0.321959811559512,H1,-0.0502689392874121,AX,-0.0529891338192668,L1,-0.00428725594373378,L2,-0...
GetData ===>> H2,-0.167097893198482,H1,-0.0446055470327387,AX,-0.0727093223224246,L1,-0.0103664415984691,L2,-0....
testing H1>-5.0
evaluate ot="H1.bs>-5.0" t="H1>-5.0", ctx="{'H1': None}"
GetData ===>> H2,-0.115511263735362,H1,0.0224017999993944,AX,-0.155150748658645,L1,-0.0266205796124013,L2,0.004...
GetData ===>> H2,-0.131517784212977,H1,-0.0101413680009486,AX,-0.0567340743047349,L1,0.00658751041018295,L2,-0....
GetData ===>> H2,-0.164383344352283,H1,-0.0395141819065302,AX,-0.076198486870716,L1,0.0212653722691245,L2,-0.06...
GetData ===>> H2,-0.23535578931771,H1,-0.111186769031923,AX,-0.0844166557848811,L1,0.0339370481509993,L2,-0.081...
GetData ===>> H2,-0.171347265390832,H1,-0.0542033178692723,AX,-0.0338099971330846,L1,0.00278595986869476,L2,-0....
testing H1>-5.0
evaluate ot="H1.bs>-5.0" t="H1>-5.0", ctx="{'H1': None}"
GetData ===>> H2,-0.107110760540375,H1,-0.0252999135316621,AX,-0.0409533337720397,L1,-0.0112260340453259,L2,-0....
GetData ===>> H2,-0.123431886589137,H1,-0.0642174017824846,AX,-0.177395780740744,L1,-0.0352823480606557,L2,-0.0...
GetData ===>> H2,-0.0144533308091362,H1,-0.0615589986382446,AX,-0.135300963847622,L1,-0.027636571532171,L2,-0.0...
GetData ===>> H2,-0.216042197751257,H1,-0.0462747906919024,AX,-0.0697880650797559,L1,-0.0155134581869953,L2,-0....
GetData ===>> H2,-0.223115384959161,H1,-0.0146975214974308,AX,-0.11475643477302,L1,-0.0229571245256694,L2,-0.09...
testing H1>-5.0
evaluate ot="H1.bs>-5.0" t="H1>-5.0", ctx="{'H1': None}"
03:48:06 -- collecting point 50
GetData ===>> H2,-0.162343292647724,H1,-0.0732888198319291,AX,-0.108290613661042,L1,-0.0207142926022825,L2,-0.0...
GetData ===>> H2,-0.188655651190511,H1,0.01008950403969,AX,-0.187513905866261,L1,-0.0155914245950953,L2,-0.0562...
GetData ===>> H2,-0.107312353667544,H1,0.00336133101870324,AX,-0.00259813531168589,L1,0.00772495565614637,L2,0....
GetData ===>> H2,-0.118624707344783,H1,-0.111961262955673,AX,-0.159382217485172,L1,0.0144358561989366,L2,0.0065...
GetData ===>> H2,-0.158830734992867,H1,-0.0545848251414015,AX,-0.062658438128439,L1,0.0372222430699014,L2,0.032...
testing H1>-5.0
evaluate ot="H1.bs>-5.0" t="H1>-5.0", ctx="{'H1': None}"
GetData ===>> H2,-0.0434841621673053,H1,-0.0614517073426189,AX,-0.128764239737803,L1,-0.0332214955387261,L2,-0....
GetData ===>> H2,-0.195628155119849,H1,0.0131435757650291,AX,-0.0999469836467334,L1,0.00574170875921076,L2,-0.1...
GetData ===>> H2,-0.260293085400659,H1,-0.00192306936062074,AX,-0.0105209343619927,L1,-0.00435683535394923,L2,0...
GetData ===>> H2,-0.219734249983964,H1,-0.071298184856494,AX,-0.0319776931790941,L1,-0.00387936697082557,L2,-0....
GetData ===>> H2,-0.22569433571343,H1,0.0142650161145898,AX,-0.113783112834603,L1,-0.0189901727315978,L2,0.0037...
testing H1>-5.0
evaluate ot="H1.bs>-5.0" t="H1>-5.0", ctx="{'H1': None}"
GetData ===>> H2,-0.184290027859359,H1,-0.0971614340370184,AX,-0.0803250449089249,L1,-0.0275155684450039,L2,-0....
measurement finished
estimated time: 62.915 actual time: :63.258
flush and close file /Users/jan/PychronDev/data/isotopes/f9/4ef22e-34af-4780-894f-ffdf7b29c0c2.h5
activate_detectors ('H1', 'AX', 'CDD') {'peak_center': True}
peak_center () {'detector': 'H1', 'integration_time': 0.262144, 'isotope': 'Ar40'}
peak center: mean=98.2279101755 threshold=3
peak center started
setup peak center. detector=['H1', 'AX', 'CDD'], isotope=Ar40
VersionedUnpickler [<apptools.sweet_pickle.versioned_unpickler.VersionedUnpickler object at 0x19f9f0b30>] using Updater [<apptools.sweet_pickle.updater.Updater object at 0x135230b30>]
VersionedUnpickler [<apptools.sweet_pickle.versioned_unpickler.VersionedUnpickler object at 0x19f9f0b30>] using Updater [<apptools.sweet_pickle.updater.Updater object at 0x135230b30>]
VersionedUnpickler [<apptools.sweet_pickle.versioned_unpickler.VersionedUnpickler object at 0x16ed59fb0>] using Updater [<apptools.sweet_pickle.updater.Updater object at 0x135230b30>]
setting integration time = 0.524288
SetIntegrationTime 0.524288 ===>> OK
Mapping mass to dac mass func: "parabolic"
H1 map mass coeffs = [-0.00063987  0.15840543  0.57082999]
H1 map mass to dac 39.9624 >> 5.87922
GetDeflection H1 ===>> 0
GetHighVoltage ===>> 4499.94659342336
do peak center. <pychron.spectrometer.jobs.peak_center.PeakCenter object at 0x1352309b0>
doing pc
starting peak center. center dac= 5.87918537782 step_width=0.001
width = 0.001
get scan parameters. half-width=0.015,window=0.015, i=0, scalar=1
Scan parameters center=5.87919 width=0.03000 (5.86419 - 5.89419)
GetData ===>> H2,-0.148009410449359,H1,-0.000312728594819967,AX,-0.112925654487292,L1,-0.0357820302612369,L2,-0...
Moving to starting dac 5.86418537782
setting magnet DAC
current  : 5.239845
requested: 5.864185
Delta Dac: 0.624340
Checking detector protection. dv=0.62434
Checking detector "CDD". Protection Threshold: 0.1 (V)
ProtectDetector CDD,On ===>> OK
GetDeflection CDD ===>> 2000
Protected = 2000
SetMagnetDAC 5.86418537782 ===>> OK
Magnet settling time: 0.500
GetMagnetMoving ===>> True
GetMagnetMoving ===>> True
GetMagnetMoving ===>> True
GetMagnetMoving ===>> True
GetMagnetMoving ===>> True
GetMagnetMoving ===>> True
GetMagnetMoving ===>> True
GetMagnetMoving ===>> True
GetMagnetMoving ===>> True
GetMagnetMoving ===>> False
ProtectDetector CDD,Off ===>> OK
GetDeflection CDD ===>> 50
Wait until signal near baseline. tol= -0.000234546446115. timeout= 10
GetData ===>> H2,4.48303755149903,H1,2.01152191541152,AX,-0.03169936550988,L1,0.0385087250037359,L2,0.017992813...
GetData ===>> H2,6.174438182172,H1,3.71966470461487,AX,0.248673949828836,L1,0.0293794553917636,L2,-0.2014673487...
GetData ===>> H2,3.3152232891789,H1,1.72911359429417,AX,0.148893099830923,L1,-0.00773925430823655,L2,0.03692308...
GetData ===>> H2,1.2789793181144,H1,0.851426613135442,AX,-0.00075364299247286,L1,-0.000757269429333411,L2,0.019...
GetData ===>> H2,0.334266983659661,H1,0.463364716731385,AX,0.0281827795606444,L1,0.00467811313409813,L2,-0.0800...
GetData ===>> H2,-0.110304046677967,H1,0.34181556586701,AX,0.0483992891725985,L1,-0.0112572033823612,L2,-0.0511...
GetData ===>> H2,-0.252770708354821,H1,0.166473517925581,AX,-0.0165988964892466,L1,-0.0154593846591047,L2,-0.03...
GetData ===>> H2,-0.166105828678577,H1,0.238530735079023,AX,-0.121488311574706,L1,-0.0243996592308933,L2,-0.051...
GetData ===>> H2,-0.192690093095661,H1,0.18119092998925,AX,-0.0909651933053614,L1,-0.0086482355691621,L2,-0.090...
GetData ===>> H2,-0.214403481213934,H1,0.104741196087788,AX,-0.129297168499278,L1,-0.0134963477916399,L2,-0.022...
GetData ===>> H2,-0.214403481213934,H1,0.104741196087788,AX,-0.129297168499278,L1,-0.0134963477916399,L2,-0.022...
GetData ===>> H2,-0.147466972739211,H1,0.0744969489432147,AX,-0.159252338220577,L1,-0.0324970182368407,L2,-0.05...
GetData ===>> H2,-0.100558143388073,H1,0.0339877170751237,AX,-0.196839625122031,L1,0.00203928146427475,L2,0.063...
GetData ===>> H2,-0.202331333304415,H1,0.0688370722412791,AX,-0.100746612525353,L1,0.0159601629258156,L2,-0.095...
GetData ===>> H2,-0.204994780867947,H1,0.06721368225604,AX,0.00546452573932237,L1,0.0235571929135973,L2,-0.0264...
GetData ===>> H2,-0.243171461347077,H1,0.0882713677611725,AX,-0.0141863157279842,L1,-0.0164563361115832,L2,-0.0...
GetData ===>> H2,-0.162341942392607,H1,0.0156370080967029,AX,-0.00847939628390584,L1,-0.0296997026318847,L2,0.0...
GetData ===>> H2,-0.117453037795109,H1,0.0848395014249938,AX,-0.0794904742553114,L1,-0.0338870113691017,L2,-0.0...
GetData ===>> H2,-0.221234161869125,H1,0.0617468712976301,AX,-0.0688722560621805,L1,-0.0416649085913103,L2,-0.0...
GetData ===>> H2,-0.205671326052422,H1,0.0188344189047342,AX,-0.0176195857324605,L1,-0.0592725822391466,L2,0.00...
GetData ===>> H2,-0.151088352256737,H1,0.0109126626371526,AX,-0.0772649175153811,L1,-0.0500777512019682,L2,-0.0...
Peak center failed to move to a baseline position
_do_sweep sm= 5.86418537782, em= 5.89418537782, stm= 0.001
calculated step values: start=5.86418537782, end=5.89418537782, width=0.001, nsteps=31.0
setting magnet DAC
current  : 5.864185
requested: 5.864185
Delta Dac: 0.000000
Checking detector protection. dv=0.00000
Checking detector "CDD". Protection Threshold: 0.1 (V)
SetMagnetDAC 5.86418537782 ===>> OK
GetData ===>> H2,-0.151088352256737,H1,0.0109126626371526,AX,-0.0772649175153811,L1,-0.0500777512019682,L2,-0.0...
setting magnet DAC
current  : 5.864185
requested: 5.865220
Delta Dac: 0.001034
Checking detector protection. dv=0.00103
Checking detector "CDD". Protection Threshold: 0.1 (V)
SetMagnetDAC 5.86521986058 ===>> OK
Magnet settling time: 1.049
GetData ===>> H2,-0.153369997043759,H1,0.204619212173607,AX,-0.167753014363306,L1,-0.00427765874597058,L2,-0.08...
setting magnet DAC
current  : 5.865220
requested: 5.866254
Delta Dac: 0.001034
Checking detector protection. dv=0.00103
Checking detector "CDD". Protection Threshold: 0.1 (V)
SetMagnetDAC 5.86625434334 ===>> OK
Magnet settling time: 1.049
GetData ===>> H2,-0.265244520266749,H1,0.450014495628426,AX,-0.00105526047905692,L1,-0.00385777238814917,L2,-0....
setting magnet DAC
current  : 5.866254
requested: 5.867289
Delta Dac: 0.001034
Checking detector protection. dv=0.00103
Checking detector "CDD". Protection Threshold: 0.1 (V)
SetMagnetDAC 5.8672888261 ===>> OK
Magnet settling time: 1.049
GetData ===>> H2,-0.21664672587767,H1,1.83625383329844,AX,0.200998443334564,L1,-0.00279478178983948,L2,-0.13618...
setting magnet DAC
current  : 5.867289
requested: 5.868323
Delta Dac: 0.001034
Checking detector protection. dv=0.00103
Checking detector "CDD". Protection Threshold: 0.1 (V)
SetMagnetDAC 5.86832330886 ===>> OK
Magnet settling time: 1.049
GetData ===>> H2,-0.17140393090859,H1,9.19817334421327,AX,1.35629518584275,L1,-0.0369334814816467,L2,-0.0482222...
setting magnet DAC
current  : 5.868323
requested: 5.869358
Delta Dac: 0.001034
Checking detector protection. dv=0.00103
Checking detector "CDD". Protection Threshold: 0.1 (V)
SetMagnetDAC 5.86935779162 ===>> OK
Magnet settling time: 1.049
GetData ===>> H2,-0.035020531807469,H1,25.2020963872854,AX,3.72877697654385,L1,-0.013589834421513,L2,-0.0668853...
setting magnet DAC
current  : 5.869358
requested: 5.870392
Delta Dac: 0.001034
Checking detector protection. dv=0.00103
Checking detector "CDD". Protection Threshold: 0.1 (V)
SetMagnetDAC 5.87039227438 ===>> OK
Magnet settling time: 1.049
GetData ===>> H2,-0.210605377803605,H1,49.2299985817007,AX,8.18801198265861,L1,0.0354695251654539,L2,-0.0118642...
setting magnet DAC
current  : 5.870392
requested: 5.871427
Delta Dac: 0.001034
Checking detector protection. dv=0.00103
Checking detector "CDD". Protection Threshold: 0.1 (V)
SetMagnetDAC 5.87142675714 ===>> OK
Magnet settling time: 1.049
GetData ===>> H2,-0.132750985310608,H1,72.3611022904663,AX,13.3852612921666,L1,0.107026962065583,L2,0.026603230...
setting magnet DAC
current  : 5.871427
requested: 5.872461
Delta Dac: 0.001034
Checking detector protection. dv=0.00103
Checking detector "CDD". Protection Threshold: 0.1 (V)
SetMagnetDAC 5.87246123989 ===>> OK
Magnet settling time: 1.049
GetData ===>> H2,-0.192242999302188,H1,86.5093807725522,AX,17.2112321987207,L1,0.133226271184425,L2,-0.00163968...
setting magnet DAC
current  : 5.872461
requested: 5.873496
Delta Dac: 0.001034
Checking detector protection. dv=0.00103
Checking detector "CDD". Protection Threshold: 0.1 (V)
SetMagnetDAC 5.87349572265 ===>> OK
Magnet settling time: 1.049
GetData ===>> H2,-0.19802481877893,H1,92.5697103431121,AX,19.3083220662486,L1,0.156557876921611,L2,0.1528187785...
setting magnet DAC
current  : 5.873496
requested: 5.874530
Delta Dac: 0.001034
Checking detector protection. dv=0.00103
Checking detector "CDD". Protection Threshold: 0.1 (V)
SetMagnetDAC 5.87453020541 ===>> OK
Magnet settling time: 1.049
GetData ===>> H2,-0.122780047426246,H1,94.579392136674,AX,20.1039008183292,L1,0.186025119588387,L2,0.1909418305...
setting magnet DAC
current  : 5.874530
requested: 5.875565
Delta Dac: 0.001034
Checking detector protection. dv=0.00103
Checking detector "CDD". Protection Threshold: 0.1 (V)
SetMagnetDAC 5.87556468817 ===>> OK
Magnet settling time: 1.049
GetData ===>> H2,-0.0947193200312854,H1,94.8827406381403,AX,20.2622800526712,L1,0.201682505743831,L2,0.04824658...
setting magnet DAC
current  : 5.875565
requested: 5.876599
Delta Dac: 0.001034
Checking detector protection. dv=0.00103
Checking detector "CDD". Protection Threshold: 0.1 (V)
SetMagnetDAC 5.87659917093 ===>> OK
Magnet settling time: 1.049
GetData ===>> H2,-0.175261916069595,H1,95.2436395987876,AX,20.1144351255669,L1,0.228007521977677,L2,0.105636578...
setting magnet DAC
current  : 5.876599
requested: 5.877634
Delta Dac: 0.001034
Checking detector protection. dv=0.00103
Checking detector "CDD". Protection Threshold: 0.1 (V)
SetMagnetDAC 5.87763365369 ===>> OK
Magnet settling time: 1.049
GetData ===>> H2,-0.232449920605995,H1,95.1917692894995,AX,20.2449723494527,L1,0.220958759809962,L2,0.037036996...
setting magnet DAC
current  : 5.877634
requested: 5.878668
Delta Dac: 0.001034
Checking detector protection. dv=0.00103
Checking detector "CDD". Protection Threshold: 0.1 (V)
SetMagnetDAC 5.87866813645 ===>> OK
Magnet settling time: 1.049
GetData ===>> H2,-0.251848265345022,H1,95.4719869843363,AX,20.349834183738,L1,0.286465960969426,L2,0.2071903773...
setting magnet DAC
current  : 5.878668
requested: 5.879703
Delta Dac: 0.001034
Checking detector protection. dv=0.00103
Checking detector "CDD". Protection Threshold: 0.1 (V)
SetMagnetDAC 5.8797026192 ===>> OK
Magnet settling time: 1.049
GetData ===>> H2,-0.30737705042961,H1,95.3888606861094,AX,20.3215467604028,L1,0.275526677964327,L2,0.1197728350...
setting magnet DAC
current  : 5.879703
requested: 5.880737
Delta Dac: 0.001034
Checking detector protection. dv=0.00103
Checking detector "CDD". Protection Threshold: 0.1 (V)
SetMagnetDAC 5.88073710196 ===>> OK
Magnet settling time: 1.049
GetData ===>> H2,-0.165460602684264,H1,95.1653836534316,AX,20.1177081304387,L1,0.275769985710917,L2,0.095058552...
setting magnet DAC
current  : 5.880737
requested: 5.881772
Delta Dac: 0.001034
Checking detector protection. dv=0.00103
Checking detector "CDD". Protection Threshold: 0.1 (V)
SetMagnetDAC 5.88177158472 ===>> OK
Magnet settling time: 1.049
GetData ===>> H2,-0.125181659724067,H1,95.1646801009957,AX,20.2873248297639,L1,0.277804265389176,L2,0.196053435...
setting magnet DAC
current  : 5.881772
requested: 5.882806
Delta Dac: 0.001034
Checking detector protection. dv=0.00103
Checking detector "CDD". Protection Threshold: 0.1 (V)
SetMagnetDAC 5.88280606748 ===>> OK
Magnet settling time: 1.049
GetData ===>> H2,-0.0389545403646422,H1,95.0747936767379,AX,20.0303948700814,L1,0.234998035487612,L2,0.03197943...
setting magnet DAC
current  : 5.882806
requested: 5.883841
Delta Dac: 0.001034
Checking detector protection. dv=0.00103
Checking detector "CDD". Protection Threshold: 0.1 (V)
SetMagnetDAC 5.88384055024 ===>> OK
Magnet settling time: 1.049
GetData ===>> H2,-0.0882194931431672,H1,94.3210348099431,AX,19.9467606492891,L1,0.255165357988105,L2,0.19183177...
setting magnet DAC
current  : 5.883841
requested: 5.884875
Delta Dac: 0.001034
Checking detector protection. dv=0.00103
Checking detector "CDD". Protection Threshold: 0.1 (V)
SetMagnetDAC 5.884875033 ===>> OK
Magnet settling time: 1.049
GetData ===>> H2,-0.103457500440351,H1,92.1489014523108,AX,19.1255765371606,L1,0.263835279935702,L2,0.182727322...
setting magnet DAC
current  : 5.884875
requested: 5.885910
Delta Dac: 0.001034
Checking detector protection. dv=0.00103
Checking detector "CDD". Protection Threshold: 0.1 (V)
SetMagnetDAC 5.88590951576 ===>> OK
Magnet settling time: 1.049
GetData ===>> H2,-0.268650180026978,H1,85.7848818858606,AX,16.7720469225419,L1,0.231987642926285,L2,-0.02340836...
setting magnet DAC
current  : 5.885910
requested: 5.886944
Delta Dac: 0.001034
Checking detector protection. dv=0.00103
Checking detector "CDD". Protection Threshold: 0.1 (V)
SetMagnetDAC 5.88694399851 ===>> OK
Magnet settling time: 1.049
GetData ===>> H2,-0.26034909790226,H1,70.5626186463442,AX,12.4005172825302,L1,0.203544564705761,L2,-0.037386896...
setting magnet DAC
current  : 5.886944
requested: 5.887978
Delta Dac: 0.001034
Checking detector protection. dv=0.00103
Checking detector "CDD". Protection Threshold: 0.1 (V)
SetMagnetDAC 5.88797848127 ===>> OK
Magnet settling time: 1.049
GetData ===>> H2,-0.284970866371103,H1,47.5716041353081,AX,7.14635439049559,L1,0.129295843902965,L2,0.113662067...
setting magnet DAC
current  : 5.887978
requested: 5.889013
Delta Dac: 0.001034
Checking detector protection. dv=0.00103
Checking detector "CDD". Protection Threshold: 0.1 (V)
SetMagnetDAC 5.88901296403 ===>> OK
Magnet settling time: 1.049
GetData ===>> H2,-0.0789682271557832,H1,24.4127848624711,AX,3.05581948804754,L1,0.0834713823729593,L2,0.0085176...
setting magnet DAC
current  : 5.889013
requested: 5.890047
Delta Dac: 0.001034
Checking detector protection. dv=0.00103
Checking detector "CDD". Protection Threshold: 0.1 (V)
SetMagnetDAC 5.89004744679 ===>> OK
Magnet settling time: 1.049
GetData ===>> H2,-0.0985725225024684,H1,9.62377991732242,AX,0.947737239602933,L1,0.0562202699470802,L2,0.044601...
setting magnet DAC
current  : 5.890047
requested: 5.891082
Delta Dac: 0.001034
Checking detector protection. dv=0.00103
Checking detector "CDD". Protection Threshold: 0.1 (V)
SetMagnetDAC 5.89108192955 ===>> OK
Magnet settling time: 1.049
GetData ===>> H2,-0.144130610189885,H1,1.47927062825215,AX,0.0441281727549258,L1,0.0286154521236377,L2,0.010271...
setting magnet DAC
current  : 5.891082
requested: 5.892116
Delta Dac: 0.001034
Checking detector protection. dv=0.00103
Checking detector "CDD". Protection Threshold: 0.1 (V)
SetMagnetDAC 5.89211641231 ===>> OK
Magnet settling time: 1.049
GetData ===>> H2,-0.247606208657911,H1,0.298602096396805,AX,0.00790085686587984,L1,0.0379941125451762,L2,-0.099...
setting magnet DAC
current  : 5.892116
requested: 5.893151
Delta Dac: 0.001034
Checking detector protection. dv=0.00103
Checking detector "CDD". Protection Threshold: 0.1 (V)
SetMagnetDAC 5.89315089507 ===>> OK
Magnet settling time: 1.049
GetData ===>> H2,-0.243567107266983,H1,0.0236307266044069,AX,0.0330798495306275,L1,-0.0300275720094314,L2,0.102...
setting magnet DAC
current  : 5.893151
requested: 5.894185
Delta Dac: 0.001034
Checking detector protection. dv=0.00103
Checking detector "CDD". Protection Threshold: 0.1 (V)
SetMagnetDAC 5.89418537782 ===>> OK
Magnet settling time: 1.049
GetData ===>> H2,-0.15628848216712,H1,-0.0736344949239463,AX,-0.011611283748146,L1,-0.0445457954479385,L2,0.017...
result of _do_sweep=True
result of _calculate_peak_center=([5.8713541982241431, 5.8791325134753354, 5.8869108287265277], [70.73868018664254, 95.469654783584403, 71.050707247209729], 5.8786971600097839, 95.469654783584403)
Failed to find a valid peak. No peak greater than 1.0. max = 0.0577432862689
new center pos Detector(H1) (Ar40) @ 5.87913251348
GetHighVoltage ===>> 4499.94659342336
GetDeflection H1 ===>> 0
dac uncorrected for HV and deflection 5.87916713534
update mftable H1 Ar40 5.87916713534 message=automated run peakcenter
get initial guess parabolic
get initial guess parabolic
get initial guess parabolic
get initial guess parabolic
get initial guess parabolic
get initial guess parabolic
dump mftable to /Users/jan/PychronDev/setupfiles/spectrometer/mftables/mftable.csv
add to repo msg=modified - automated run peakcenter
locally archiving mftable
setting magnet DAC
current  : 5.894185
requested: 5.879133
Delta Dac: 0.015053
Checking detector protection. dv=0.01505
Checking detector "CDD". Protection Threshold: 0.1 (V)
sweep finished
SetMagnetDAC 5.87913251348 ===>> OK
Magnet settling time: 0.500
setting integration time = 1.048576
SetIntegrationTime 1.048576 ===>> OK
Failed to find a valid peak. No peak greater than 1.0. max = 0.0575261023762
flush and close file /Users/jan/PychronDev/data/isotopes/f9/4ef22e-34af-4780-894f-ffdf7b29c0c2.h5
finished measure script
executed snippet estimated_duration=226.132928, duration=273.147356987
jan_unknown120_60.py completed successfully
Measurement Finished
03:49:04 -- ******* Measurement Finished *******
Post Measurement Started jan_pump_ms.py
03:49:04 -- ******* Post Measurement Started jan_pump_ms.py *******
testing...
no interpolation path defined
executed snippet estimated_duration=0, duration=5.79357147217e-05
Pumping spectrometer
open () {'name': 'O'}
opening name=O desc=---
checking ownership. requestor=129.138.12.150
check software interlocks O
interlocks []
actuate state mode=None-script, software_lock=False
doing actuation None-script open_channel True
Open O ===>> OK
GetIndicatorState O ===>> OK
change switch state (True, True)
update switch state O True args=() kw={} ncanvase=2
03:49:04 -- OPEN   VALVE-O (Jan Ion Pump)
---------------------------------------- open O () result=[(True, True)], time=0.14 sec
action=open, ok=True, locked=[False]
executed snippet estimated_duration=0, duration=0.397322893143
jan_pump_ms.py completed successfully
setting _ms_pumptime
Post Measurement Finished
03:49:05 -- ******* Post Measurement Finished *******
$$$$$$$$$$$$$$$$$$$$ state at run end measurement
state changed from measurement to success
post measurement save measured=True aborted=False
Set filtering
setting fod for Ar40= {'filter_outliers': True, 'std_devs': 2, 'iterations': 1}
setting fod for H1= {'filter_outliers': True, 'std_devs': 2, 'iterations': 1}
setting fod for PM41= {'filter_outliers': False, 'std_devs': 2, 'iterations': 1}
setting fod for H2= {'filter_outliers': True, 'std_devs': 2, 'iterations': 1}
setting fod for Ar36= {'filter_outliers': True, 'std_devs': 2, 'iterations': 1}
setting fod for CDD= {'filter_outliers': True, 'std_devs': 10, 'iterations': 1}
setting fod for Ar37= {'filter_outliers': True, 'std_devs': 2, 'iterations': 1}
setting fod for L2= {'filter_outliers': True, 'std_devs': 2, 'iterations': 1}
setting fod for Ar38= {'filter_outliers': True, 'std_devs': 2, 'iterations': 1}
setting fod for L1= {'filter_outliers': True, 'std_devs': 2, 'iterations': 1}
setting fod for Ar39= {'filter_outliers': True, 'std_devs': 2, 'iterations': 1}
setting fod for AX= {'filter_outliers': True, 'std_devs': 2, 'iterations': 1}
persistence save...
persistence save - db
post measurement save
6192515120 connecting to database sqlite:////Users/jan/PychronDev/.appdata/local_lab.db
connected to db sqlite:////Users/jan/PychronDev/.appdata/local_lab.db
create new session 6192515120
close session 6192515120
No database instance. Not saving post measurement to isotopedb database
$$$$$$$$$$$$$$$ auto_save_detector_ic=False
massspec enabled True
create new session 4985539184
MassSpec Database Version: 16.0
close session 4985539184
saving post measurement to secondary database
saving to massspec database 129.138.12.160/massspecdata
setting labnumber to 65580
setting aliquot to 9
setting step to A
setting uuid to f94ef22e-34af-4780-894f-ffdf7b29c0c2
setting irradpos to 65580
setting extract_device to Fusions CO2
setting tray to 
setting position to 197
setting power_requested to 0.3
setting extract_value to 0.3
setting duration to 30.0
setting duration_at_request to 30.0
setting first_stage_delay to 30.0
setting cleanup to 30.0
setting comment to O:3 with inclusions
setting irradiation to NM-289
setting level to O
setting irradiation_level to O
setting sample to Bw-2014-12 W
setting material to Sanidine
setting project to Bustos Wells
setting mass_spectrometer to Jan
no attribute chron_dosages
no attribute production_ratios
no attribute interference_corrections
no attribute production_name
no attribute j
Reference Isotope=Ar40
Reference Detector=H1
%%%%%%%%%%%%%%%%%%%% Comment: O:3 with inclusions %%%%%%%%%%%%%%%%%%%
adding isotope PM41 H2
add baseline dbdet= PM41. original det= H2
get baseline data PM41 H2
Get data baseline <pychron.processing.isotope.Baseline object at 0x184b73cd0> len t=60
baseline PM41. v=-0.188909708192, e=0.00805660192483
get signal data PM41 H2
Get data signal PM41 0.05+/-0.08 len t=120
adding isotope Ar40 H1
add baseline dbdet= Ar40. original det= H1
get baseline data Ar40 H1
Get data baseline <pychron.processing.isotope.Baseline object at 0x184b73d10> len t=60
baseline Ar40. v=-0.0407749126841, e=0.00485477349453
get signal data Ar40 H1
Get data signal Ar40 100.735+/-0.019 len t=120
adding isotope Ar39 AX
add baseline dbdet= Ar39. original det= AX
get baseline data Ar39 AX
Get data baseline <pychron.processing.isotope.Baseline object at 0x19be04bd0> len t=60
baseline Ar39. v=-0.0842671139004, e=0.0057830767018
get signal data Ar39 AX
Get data signal Ar39 22.052+/-0.014 len t=120
adding isotope Ar38 L1
add baseline dbdet= Ar38. original det= L1
get baseline data Ar38 L1
Get data baseline <pychron.processing.isotope.Baseline object at 0x19be040d0> len t=60
baseline Ar38. v=-0.0123030261464, e=0.00236844954211
get signal data Ar38 L1
Get data signal Ar38 0.301+/-0.005 len t=120
adding isotope Ar37 L2
add baseline dbdet= Ar37. original det= L2
get baseline data Ar37 L2
Get data baseline <pychron.processing.isotope.Baseline object at 0x19be044d0> len t=60
baseline Ar37. v=-0.0318360135795, e=0.00750430999842
get signal data Ar37 L2
Get data signal Ar37 0.193+/-0.010 len t=120
adding isotope Ar36 CDD
add baseline dbdet= Ar36. original det= CDD
get baseline data Ar36 CDD
Get data baseline <pychron.processing.isotope.Baseline object at 0x19be04910> len t=60
baseline Ar36. v=5.21028941099e-05, e=1.16418265162e-05
get signal data Ar36 CDD
Get data signal Ar36 0.0482+/-0.0005 len t=120
65580-09A added analysis time 0.484626054764s
analysis added to mass spec database
mass spec save time= 0.494
persistence save - dvc
================= post measurement started
create new session 4989601072
close session 4989601072
---------------- Experiment Queue saving disabled
DVC saving peakcenter
Failed to find a valid peak. No peak greater than 1.0. max = 0.0575261023762
Smart pull ahead: 0 behind: 0
Up-to-date with origin
add to repo msg=modified - ad8224ebc6dbfeb9f5997218dfa5fe690569839d.json
add to repo msg=modified - 80-09A.json
add to repo msg=modified - 80-09A.dat.json
add to repo msg=modified - 80-09A.blan.json
add to repo msg=modified - 80-09A.inte.json
add to repo msg=modified - 80-09A.icfa.json
add to repo msg=modified - 80-09A.base.json
not at valid file /Users/jan/PychronDev/data/.dvc/repositories/Load1789/655/tags/80-09A.tags.json
add to repo msg=modified - 80-09A.peak.json
add to repo msg=modified - 80-09A.extr.json
not at valid file /Users/jan/PychronDev/data/.dvc/repositories/Load1789/655/monitor/80-09A.moni.json
commit message=<COLLECTION>
add to repo msg=modified - 80-09A.inte.json
add to repo msg=modified - 80-09A.base.json
commit message=<ISOEVO> default collection fits
add to repo msg=modified - 80-09A.blan.json
commit message=<BLANKS> preceding bu-FC-J-7746
add to repo msg=modified - 80-09A.icfa.json
commit message=<ICFactor> default
push repository <pychron.git_archive.repo_manager.GitRepoManager object at 0x18fcc15f0>
pushing to remote=origin, url=https://github.com
no changes to meta repo
create new session 4989601072
add association Load1789
get identifier "65580"
setting analysis irradiation position=<pychron.dvc.dvc_orm.IrradiationPositionTbl object at 0x19e990c50>
close session 4989601072
================= post measurement finished
03:49:19 -- ******* Post Run Check *******
loading queue conditionals post_run_actions
loading system conditionals post_run_actions
loading conditionals from /Users/jan/PychronDev/setupfiles/spectrometer/default_conditionals.yaml
loading queue conditionals post_run_terminations
loading system conditionals post_run_terminations
loading conditionals from /Users/jan/PychronDev/setupfiles/spectrometer/default_conditionals.yaml
Checking default post run terminations n=1
GetDeflection CDD ===>> 50
testing CDD==2000
evaluate ot="CDD.deflection==2000" t="CDD==2000", ctx="{'CDD': 50.0}"
03:49:19 -- ******* Post Run Check Passed *******
03:49:19 -- Automated run 65580-09A success duration: 373.989 s
----------------- finish -----------------
----------------- stop -----------------
retroactive repository identifiers disabled
finish run. runs completed=132
update duration runid=65580-09A, duration=373.989162922, md5=301e91d8
loading script "jan_unknown120_60.py"
loading script "jan_pump_ms.py"
loading script "jan_co2.py"
loading script "jan_pump_extraction_line.py"
testing...
no interpolation path defined
executed snippet estimated_duration=213.652928, duration=0.000187158584595
script duration name:unknown120_60 seconds:214.0
loading script "jan_unknown120_60.py"
loading script "jan_pump_ms.py"
loading script "jan_co2.py"
loading script "jan_pump_extraction_line.py"
testing...
no interpolation path defined
executed snippet estimated_duration=0, duration=2.8133392334e-05
loading script "jan_unknown120_60.py"
loading script "jan_pump_ms.py"
loading script "jan_co2.py"
loading script "jan_pump_extraction_line.py"
testing...
no interpolation path defined
calculate duration
testing...
no interpolation path defined
executed snippet estimated_duration=0, duration=5.60283660889e-05
calculate duration
testing...
no interpolation path defined
executed snippet estimated_duration=0, duration=9.10758972168e-05
executed snippet estimated_duration=0.0, duration=0.00266194343567
script duration name:co2 seconds:0.0
loading script "jan_unknown120_60.py"
loading script "jan_pump_ms.py"
loading script "jan_co2.py"
loading script "jan_pump_extraction_line.py"
testing...
no interpolation path defined
calculate duration
testing...
no interpolation path defined
executed snippet estimated_duration=4.0, duration=0.0001540184021
executed snippet estimated_duration=4.0, duration=0.0015881061554
Script duration 214.0
Run total estimated duration= 215.000
unknown120_60 in script context. using previous estimated duration
script duration name:unknown120_60 seconds:214.0
pump_ms in script context. using previous estimated duration
co2 in script context. using previous estimated duration
script duration name:co2 seconds:0.0
pump_extraction_line in script context. using previous estimated duration
Script duration 214.0
Run total estimated duration= 215.000
script duration name:unknown120_60 seconds:214.0
script duration name:co2 seconds:0.0
Script duration 214.0
Run total estimated duration= 215.000
script duration name:unknown120_60 seconds:214.0
script duration name:co2 seconds:0.0
Script duration 214.0
Run total estimated duration= 215.000
script duration name:unknown120_60 seconds:214.0
script duration name:co2 seconds:0.0
Script duration 214.0
Run total estimated duration= 215.000
script duration name:unknown120_60 seconds:214.0
script duration name:co2 seconds:0.0
Script duration 214.0
Run total estimated duration= 215.000
script duration name:unknown120_60 seconds:214.0
script duration name:co2 seconds:0.0
Script duration 214.0
Run total estimated duration= 215.000
script duration name:unknown120_60 seconds:214.0
script duration name:co2 seconds:0.0
Script duration 214.0
Run total estimated duration= 215.000
script duration name:unknown120_60 seconds:214.0
script duration name:co2 seconds:0.0
Script duration 214.0
Run total estimated duration= 215.000
loading script "jan_unknown400_120.py"
loading script "jan_pump_ms.py"
loading script "jan_co2.py"
loading script "jan_pump_extraction_line.py"
testing...
no interpolation path defined
executed snippet estimated_duration=556.052928, duration=0.000143051147461
script duration name:unknown400_120 seconds:556.0
script duration name:co2 seconds:0.0
Script duration 556.0
Run total estimated duration= 557.000
unknown400_120 in script context. using previous estimated duration
script duration name:unknown400_120 seconds:556.0
loading script "jan_unknown400_120.py"
loading script "jan_pump_ms.py"
loading script "jan_sniffair_x2.py"
loading script "jan_pump_extraction_line.py"
testing...
no interpolation path defined
calculate duration
testing...
no interpolation path defined
executed snippet estimated_duration=0, duration=4.41074371338e-05
calculate duration
testing...
no interpolation path defined
executed snippet estimated_duration=0, duration=0.000127077102661
calculate duration
testing...
no interpolation path defined
executed snippet estimated_duration=32.0, duration=9.79900360107e-05
calculate duration
testing...
no interpolation path defined
executed snippet estimated_duration=34.0, duration=0.000136137008667
calculate duration
testing...
no interpolation path defined
executed snippet estimated_duration=4.0, duration=6.79492950439e-05
calculate duration
testing...
no interpolation path defined
executed snippet estimated_duration=36.0, duration=9.10758972168e-05
calculate duration
testing...
no interpolation path defined
executed snippet estimated_duration=34.0, duration=0.000102043151855
calculate duration
testing...
no interpolation path defined
executed snippet estimated_duration=4.0, duration=6.50882720947e-05
calculate duration
testing...
no interpolation path defined
executed snippet estimated_duration=36.0, duration=9.60826873779e-05
calculate duration
testing...
no interpolation path defined
executed snippet estimated_duration=70.0, duration=0.000609874725342
executed snippet estimated_duration=250.0, duration=0.0221199989319
script duration name:sniffair_x2 seconds:250.0
Script duration 806.0
Run total estimated duration= 807.000
script duration name:unknown400_120 seconds:556.0
loading script "jan_unknown400_120.py"
loading script "jan_pump_ms.py"
loading script "jan_cocktail_x1.py"
loading script "jan_pump_extraction_line.py"
testing...
no interpolation path defined
calculate duration
testing...
no interpolation path defined
executed snippet estimated_duration=0, duration=4.88758087158e-05
calculate duration
testing...
no interpolation path defined
executed snippet estimated_duration=0, duration=0.000142097473145
calculate duration
testing...
no interpolation path defined
executed snippet estimated_duration=32.0, duration=0.000137090682983
calculate duration
testing...
no interpolation path defined
executed snippet estimated_duration=34.0, duration=0.000165939331055
calculate duration
testing...
no interpolation path defined
executed snippet estimated_duration=4.0, duration=6.69956207275e-05
calculate duration
testing...
no interpolation path defined
executed snippet estimated_duration=38.0, duration=0.000135898590088
executed snippet estimated_duration=108.0, duration=0.0126838684082
script duration name:cocktail_x1 seconds:108.0
Script duration 664.0
Run total estimated duration= 665.000
script duration name:unknown400_120 seconds:556.0
sniffair_x2 in script context. using previous estimated duration
script duration name:sniffair_x2 seconds:250.0
Script duration 806.0
Run total estimated duration= 807.000
script duration name:unknown400_120 seconds:556.0
cocktail_x1 in script context. using previous estimated duration
script duration name:cocktail_x1 seconds:108.0
Script duration 664.0
Run total estimated duration= 665.000
loading script "jan_ic_peak_hop3.py"
loading script "jan_pump_ms.py"
loading script "jan_air_x1.py"
loading script "jan_pump_extraction_line.py"
testing...
no interpolation path defined
executed snippet estimated_duration=133.8, duration=0.00691390037537
script duration name:ic_peak_hop3 seconds:134.0
loading script "jan_ic_peak_hop3.py"
loading script "jan_pump_ms.py"
loading script "jan_air_x1.py"
loading script "jan_pump_extraction_line.py"
testing...
no interpolation path defined
calculate duration
testing...
no interpolation path defined
executed snippet estimated_duration=0, duration=4.6968460083e-05
calculate duration
testing...
no interpolation path defined
executed snippet estimated_duration=0, duration=0.000102996826172
calculate duration
testing...
no interpolation path defined
executed snippet estimated_duration=32.0, duration=9.29832458496e-05
calculate duration
testing...
no interpolation path defined
executed snippet estimated_duration=34.0, duration=0.000131845474243
calculate duration
testing...
no interpolation path defined
executed snippet estimated_duration=4.0, duration=6.69956207275e-05
calculate duration
testing...
no interpolation path defined
executed snippet estimated_duration=36.0, duration=9.48905944824e-05
executed snippet estimated_duration=106.0, duration=0.0227568149567
script duration name:air_x1 seconds:106.0
Script duration 240.0
Run total estimated duration= 241.000
script duration name:unknown120_60 seconds:214.0
script duration name:co2 seconds:0.0
Script duration 214.0
Run total estimated duration= 215.000
script duration name:unknown120_60 seconds:214.0
script duration name:co2 seconds:0.0
Script duration 214.0
Run total estimated duration= 215.000
script duration name:unknown120_60 seconds:214.0
script duration name:co2 seconds:0.0
Script duration 214.0
Run total estimated duration= 215.000
script duration name:unknown120_60 seconds:214.0
script duration name:co2 seconds:0.0
Script duration 214.0
Run total estimated duration= 215.000
script duration name:unknown120_60 seconds:214.0
script duration name:co2 seconds:0.0
Script duration 214.0
Run total estimated duration= 215.000
script duration name:unknown120_60 seconds:214.0
script duration name:co2 seconds:0.0
Script duration 214.0
Run total estimated duration= 215.000
script duration name:unknown120_60 seconds:214.0
script duration name:co2 seconds:0.0
Script duration 214.0
Run total estimated duration= 215.000
script duration name:unknown120_60 seconds:214.0
script duration name:co2 seconds:0.0
Script duration 214.0
Run total estimated duration= 215.000
script duration name:unknown120_60 seconds:214.0
script duration name:co2 seconds:0.0
Script duration 214.0
Run total estimated duration= 215.000
script duration name:unknown120_60 seconds:214.0
script duration name:co2 seconds:0.0
Script duration 214.0
Run total estimated duration= 215.000
script duration name:unknown120_60 seconds:214.0
script duration name:co2 seconds:0.0
Script duration 214.0
Run total estimated duration= 215.000
script duration name:unknown120_60 seconds:214.0
script duration name:co2 seconds:0.0
Script duration 214.0
Run total estimated duration= 215.000
script duration name:unknown400_120 seconds:556.0
script duration name:co2 seconds:0.0
Script duration 556.0
Run total estimated duration= 557.000
script duration name:unknown120_60 seconds:214.0
script duration name:co2 seconds:0.0
Script duration 214.0
Run total estimated duration= 215.000
script duration name:unknown120_60 seconds:214.0
script duration name:co2 seconds:0.0
Script duration 214.0
Run total estimated duration= 215.000
script duration name:unknown120_60 seconds:214.0
script duration name:co2 seconds:0.0
Script duration 214.0
Run total estimated duration= 215.000
script duration name:unknown400_120 seconds:556.0
script duration name:cocktail_x1 seconds:108.0
Script duration 664.0
Run total estimated duration= 665.000
script duration name:unknown400_120 seconds:556.0
script duration name:cocktail_x1 seconds:108.0
Script duration 664.0
Run total estimated duration= 665.000
script duration name:unknown120_60 seconds:214.0
script duration name:co2 seconds:0.0
Script duration 214.0
Run total estimated duration= 215.000
script duration name:unknown120_60 seconds:214.0
script duration name:co2 seconds:0.0
Script duration 214.0
Run total estimated duration= 215.000
script duration name:unknown400_120 seconds:556.0
script duration name:co2 seconds:0.0
Script duration 556.0
Run total estimated duration= 557.000
nruns=36 before=5.0, run_dur=11776.0, btw=1575.0
write rem/ex queues
/Users/jan/PychronDev/experiments/rem/CurrentExperiment.rem.txt
/Users/jan/PychronDev/experiments/rem/CurrentExperiment.ex.txt
doing event level: 3
