do run
loading script "jan_unknown120_60.py"
loading script "jan_pump_ms.py"
loading script "jan_co2.py"
loading script "jan_pump_extraction_line.py"
testing...
no interpolation path defined
executed snippet estimated_duration=213.652928, duration=0.000202894210815
script duration name:unknown120_60 seconds:214.0
loading script "jan_unknown120_60.py"
loading script "jan_pump_ms.py"
loading script "jan_co2.py"
loading script "jan_pump_extraction_line.py"
testing...
no interpolation path defined
executed snippet estimated_duration=0, duration=2.69412994385e-05
loading script "jan_unknown120_60.py"
loading script "jan_pump_ms.py"
loading script "jan_co2.py"
loading script "jan_pump_extraction_line.py"
testing...
no interpolation path defined
calculate duration
testing...
no interpolation path defined
executed snippet estimated_duration=0, duration=5.60283660889e-05
calculate duration
testing...
no interpolation path defined
executed snippet estimated_duration=0, duration=9.3936920166e-05
executed snippet estimated_duration=0.0, duration=0.00240278244019
script duration name:co2 seconds:0.0
loading script "jan_unknown120_60.py"
loading script "jan_pump_ms.py"
loading script "jan_co2.py"
loading script "jan_pump_extraction_line.py"
testing...
no interpolation path defined
calculate duration
testing...
no interpolation path defined
executed snippet estimated_duration=4.0, duration=0.000149965286255
executed snippet estimated_duration=4.0, duration=0.0012948513031
Script duration 214.0
Run total estimated duration= 215.000
run duration: 0:03:35
doing event level: 2
02:56:01 -- Setting default integration. t=1.048576
setting integration time = 1.048576
SetIntegrationTime 1.048576 ===>> OK
----------------- start -----------------
**************** Experiment Type: Ar/Ar, Ar/Ar
create new session 4436069840
close session 4436069840
$$$$$ Clearing conditionals
adding conditionals 
Add queue conditionals
add default conditionals
adding default conditionals from /Users/jan/PychronDev/setupfiles/spectrometer/default_conditionals.yaml
Start automated run 65580-07B
loading script "jan_unknown120_60.py"
loading script "jan_pump_ms.py"
loading script "jan_co2.py"
loading script "jan_pump_extraction_line.py"
%%%%%%%%%%%%%%%%%% setting automated run 65580-07B
No value "sensitivity_multiplier" in metadata
$$$$$$$$$$$$$$$ auto_save_detector_ic=False
============================= Pre Extraction Check =============================
loading queue conditionals pre_run_terminations
loading system conditionals pre_run_terminations
loading conditionals from /Users/jan/PychronDev/setupfiles/spectrometer/default_conditionals.yaml
02:56:01 -- ******* Pre Extraction Check *******
Get a measurement from the spectrometer
GetData ===>> H2,-0.220552011611471,H1,-0.0367597288717601,AX,-0.0527456497268628,L1,-0.0270902490117856,L2,0.0...
Pre Extraction Termination data. keys=H2,H1,AX,L1,L2,CDD, signals=-0.22055,-0.03676,-0.05275,-0.02709,0.07852,0.00342
02:56:01 -- testing system defined conditionals
Checking default pre extraction terminations n=2
testing CDD
evaluate ot="CDD.inactive" t="CDD", ctx="{'CDD': False}"
GetDeflection CDD ===>> 50
testing CDD==2000
evaluate ot="CDD.deflection==2000" t="CDD==2000", ctx="{'CDD': 50.0}"
02:56:01 -- ******* Pre Extraction Check Passed *******
=================================================================================
02:56:01 -- stopping status monitor
stop 4982387056
Alive clients [4989850544]
02:56:01 -- starting status monitor
start 4982387056
Monitor already running
start extraction
do extraction
Analysis started at 02:56:01.469997
Extraction Started jan_co2.py
02:56:01 -- ******* Extraction Started jan_co2.py *******
state changed from not run to extraction
DO EXTRACTION <pychron.extraction_line.pyscript_runner.RemotePyScriptRunner object at 0x12c299590>
testing...
no interpolation path defined
calculate duration
testing...
no interpolation path defined
executed snippet estimated_duration=0, duration=6.48498535156e-05
calculate duration
testing...
no interpolation path defined
executed snippet estimated_duration=0, duration=0.000103950500488
executed snippet estimated_duration=100.0, duration=0.00393295288086
Jan CO2 laser analysis
doing GOSUB
testing...
no interpolation path defined
executed snippet estimated_duration=0, duration=5.91278076172e-05
Waiting for CO2 access
wait ('FelixCO2Flag', 0) {}
waiting for FelixCO2Flag = 0
Read FelixCO2Flag ===>> 0
finished waiting
CO2 free
wait ('CO2PumpTimeFlag', 0) {}
waiting for CO2PumpTimeFlag = 0
Read CO2PumpTimeFlag ===>> 0
finished waiting
acquire ('JanCO2Flag',) {'clear': True}
acquire JanCO2Flag
Set JanCO2Flag 1 ===>> OK
JanCO2Flag acquired
set extraction state False (0.75, 'red', 1.5)
CO2 acquired
executed snippet estimated_duration=0, duration=0.0176899433136
WaitForCO2Access.py completed successfully
gosub finished
doing GOSUB
testing...
no interpolation path defined
executed snippet estimated_duration=0, duration=9.58442687988e-05
Prepare for CO2 analysis
close () {'description': 'Jan Inlet'}
closing name=--- desc=Jan Inlet
checking ownership. requestor=129.138.12.150
check software interlocks R
interlocks []
actuate state mode=None-script, software_lock=False
doing actuation None-script close_channel False
Close R ===>> OK
GetIndicatorState R ===>> False
change switch state (True, True)
update switch state R False args=() kw={} ncanvase=2
02:56:01 -- CLOSE  VALVE-R (Jan Inlet)
---------------------------------------- close None (Jan Inlet) result=[(True, True)]
action=close, ok=True, locked=[False]
open () {'description': 'Jan Ion Pump'}
opening name=--- desc=Jan Ion Pump
checking ownership. requestor=129.138.12.150
check software interlocks O
interlocks []
actuate state mode=None-script, software_lock=False
doing actuation None-script open_channel False
Open O ===>> OK
GetIndicatorState O ===>> OK
change switch state (True, True)
update switch state O True args=() kw={} ncanvase=2
02:56:02 -- OPEN   VALVE-O (Jan Ion Pump)
---------------------------------------- open None (Jan Ion Pump) result=[(True, True)], time=0.10 sec
action=open, ok=True, locked=[False]
close () {'description': 'Microbone to Minibone'}
closing name=--- desc=Microbone to Minibone
checking ownership. requestor=129.138.12.150
check software interlocks L
interlocks []
actuate state mode=None-script, software_lock=False
doing actuation None-script close_channel False
Close L ===>> OK
GetIndicatorState L ===>> False
change switch state (True, True)
update switch state L False args=() kw={} ncanvase=2
02:56:02 -- CLOSE  VALVE-L (Microbone to Minibone)
---------------------------------------- close None (Microbone to Minibone) result=[(True, True)]
action=close, ok=True, locked=[False]
open () {'description': 'Microbone to Turbo'}
opening name=--- desc=Microbone to Turbo
checking ownership. requestor=129.138.12.150
check software interlocks U
interlocks []
actuate state mode=None-script, software_lock=False
doing actuation None-script open_channel False
Open U ===>> OK
GetIndicatorState U ===>> OK
change switch state (True, True)
update switch state U True args=() kw={} ncanvase=2
02:56:03 -- OPEN   VALVE-U (Microbone to Turbo)
---------------------------------------- open None (Microbone to Turbo) result=[(True, True)], time=0.15 sec
action=open, ok=True, locked=[False]
open () {'description': 'Microbone to Inlet Pipette'}
opening name=--- desc=Microbone to Inlet Pipette
checking ownership. requestor=129.138.12.150
check software interlocks S
interlocks []
actuate state mode=None-script, software_lock=False
doing actuation None-script open_channel False
Open S ===>> OK
GetIndicatorState S ===>> OK
change switch state (True, True)
update switch state S True args=() kw={} ncanvase=2
02:56:04 -- OPEN   VALVE-S (Microbone to Inlet Pipette)
---------------------------------------- open None (Microbone to Inlet Pipette) result=[(True, True)], time=0.42 sec
action=open, ok=True, locked=[False]
open () {'description': 'Microbone to Getter D-50'}
opening name=--- desc=Microbone to Getter D-50
checking ownership. requestor=129.138.12.150
check software interlocks K
interlocks []
actuate state mode=None-script, software_lock=False
doing actuation None-script open_channel False
Open K ===>> OK
GetIndicatorState K ===>> OK
change switch state (True, True)
update switch state K True args=() kw={} ncanvase=2
02:56:04 -- OPEN   VALVE-K (Microbone to Getter D-50)
---------------------------------------- open None (Microbone to Getter D-50) result=[(True, True)], time=0.40 sec
action=open, ok=True, locked=[False]
open () {'description': 'Microbone to Getter NP-10'}
opening name=--- desc=Microbone to Getter NP-10
checking ownership. requestor=129.138.12.150
check software interlocks M
interlocks []
actuate state mode=None-script, software_lock=False
doing actuation None-script open_channel False
Open M ===>> OK
GetIndicatorState M ===>> OK
change switch state (True, True)
update switch state M True args=() kw={} ncanvase=2
02:56:05 -- OPEN   VALVE-M (Microbone to Getter NP-10)
---------------------------------------- open None (Microbone to Getter NP-10) result=[(True, True)], time=0.14 sec
action=open, ok=True, locked=[False]
close () {'description': 'CO2 Laser to Felix'}
closing name=--- desc=CO2 Laser to Felix
checking ownership. requestor=129.138.12.150
check software interlocks F
interlocks []
actuate state mode=None-script, software_lock=True
VALVE-F(CO2 Laser to Felix) software locked
change switch state (True, False)
---------------------------------------- close None (CO2 Laser to Felix) result=[(True, False)]
action=close, ok=True, locked=[True]
open () {'description': 'CO2 Laser to Jan'}
opening name=--- desc=CO2 Laser to Jan
checking ownership. requestor=129.138.12.150
check software interlocks A
interlocks []
actuate state mode=None-script, software_lock=False
doing actuation None-script open_channel False
Open A ===>> OK
GetIndicatorState A ===>> OK
change switch state (True, True)
update switch state A True args=() kw={} ncanvase=2
02:56:05 -- OPEN   VALVE-A (CO2 Laser to Jan)
---------------------------------------- open None (CO2 Laser to Jan) result=[(True, True)], time=0.36 sec
action=open, ok=True, locked=[False]
open () {'description': 'Microbone to CO2 Laser'}
opening name=--- desc=Microbone to CO2 Laser
checking ownership. requestor=129.138.12.150
check software interlocks T
interlocks []
actuate state mode=None-script, software_lock=False
doing actuation None-script open_channel False
Open T ===>> OK
GetIndicatorState T ===>> OK
change switch state (True, True)
update switch state T True args=() kw={} ncanvase=2
02:56:06 -- OPEN   VALVE-T (Microbone to CO2 Laser)
---------------------------------------- open None (Microbone to CO2 Laser) result=[(True, True)], time=0.40 sec
action=open, ok=True, locked=[False]
executed snippet estimated_duration=0, duration=5.13334083557
PrepareForCO2Analysis.py completed successfully
gosub finished
set_motor ('beam', '1.25') {}
setting motor "beam" to 1.25
set motor beam to 1.25
SetMotor beam,1.25 ===>> OK
GetMotorMoving beam ===>> False
GetMotorMoving beam ===>> False
Block completed
move_to_position ('195',) {'autocenter': True}
FusionsCO2 move to position 195
sending GoToHole 195,True
GoToHole 195,True ===>> OK
GetDriveMoving ===>> False
GetDriveMoving ===>> OK
GetDriveMoving ===>> OK
GetDriveMoving ===>> OK
GetDriveMoving ===>> OK
GetDriveMoving ===>> OK
GetDriveMoving ===>> False
Block completed
GetAutoCorrecting ===>> False
GetAutoCorrecting ===>> False
Block completed
update position
GetPosition ===>> 9.96950,-9.96950,1.00000
got position (9.9695, -9.9695, 1.0)
move to position succeeded
sleep (5,) {}
SLEEP 5.0
block started
WaitControl setup for 5.0  
Join finished
block finished. duration 5.04101800919
close () {'description': 'Microbone to Turbo'}
closing name=--- desc=Microbone to Turbo
checking ownership. requestor=129.138.12.150
check software interlocks U
interlocks []
actuate state mode=None-script, software_lock=False
doing actuation None-script close_channel True
Close U ===>> OK
GetIndicatorState U ===>> False
change switch state (True, True)
update switch state U False args=() kw={} ncanvase=2
02:56:16 -- CLOSE  VALVE-U (Microbone to Turbo)
---------------------------------------- close None (Microbone to Turbo) result=[(True, True)]
action=close, ok=True, locked=[False]
enable laser
enable () {}
set extraction state FusionsCO2 Enabled (False, 'red', 1.5)
enabling laser
Enable ===>> OK
begin interval
BEGIN INTERVAL Interval 1 waiting for 30.0
block started
set extract to 0.4
WaitControl setup for 30.0  
extract (0.4,) {}
GetPosition ===>> 9.96950,-9.96950,1.00000
set extraction state FusionsCO2 ON! 0.4(watts) (0.75, 'red', 1.5)
extract sample to 0.4 (watts)
set laser output
SetLaserOutput 0.4,watts ===>> OK
executing pattern triangle.lp
execute_pattern ('triangle.lp',) {}
executing pattern triangle.lp
IsPatterning ===>> OK
IsPatterning ===>> OK
IsPatterning ===>> OK
IsPatterning ===>> OK
IsPatterning ===>> OK
IsPatterning ===>> OK
IsPatterning ===>> OK
IsPatterning ===>> OK
IsPatterning ===>> OK
IsPatterning ===>> OK
IsPatterning ===>> OK
IsPatterning ===>> OK
IsPatterning ===>> OK
IsPatterning ===>> OK
IsPatterning ===>> OK
IsPatterning ===>> OK
IsPatterning ===>> OK
IsPatterning ===>> OK
IsPatterning ===>> OK
IsPatterning ===>> OK
IsPatterning ===>> OK
IsPatterning ===>> OK
IsPatterning ===>> OK
IsPatterning ===>> OK
IsPatterning ===>> OK
IsPatterning ===>> OK
IsPatterning ===>> False
IsPatterning ===>> False
Block completed
COMPLETE INTERVAL waiting for Interval 1 to complete
Join finished
block finished. duration 30.1017558575
Interval 1 finished
end_extract () {}
ending extraction. set laser power to 0
set laser power 0
SetLaserPower 0 ===>> OK
disable () {}
%%%%%%%%%%%%%%%%%%%%%%%%%%%%%%%%%%% disable
set extraction state False (0.75, 'red', 1.5)
disabling laser
Disable ===>> OK
sleep (30.0,) {}
SLEEP 30.0
block started
WaitControl setup for 30.0  
Join finished
block finished. duration 30.1112129688
executed snippet estimated_duration=166.5, duration=75.8565850258
jan_co2.py completed successfully
GetAchievedOutput ===>> No Response
Requested Output= 0.000
Achieved Output=  0.000
GetResponseBlob ===>> No Response
GetOutputBlob ===>> No Response
persistence save...
persistence save - db
AutomatedRunPersister post_extraction_save deprecated
persistence save - dvc
no extraction position for 195
create new session 4989601072
close session 4989601072
Extraction Finished
02:57:17 -- ******* Extraction Finished *******
no overlap. not waiting for min ms pumptime
02:57:17 -- Sending spectrometer configuration
======== Sending configuration ========
SetDeflection CDD,50.0 ===>> OK
SetDeflection H2,0.0 ===>> OK
SetDeflection H1,0.0 ===>> OK
SetDeflection L2,825.0 ===>> OK
SetDeflection L1,400.0 ===>> OK
SetDeflection AX,190.0 ===>> OK
SetZFocus 74.64 ===>> OK
SetZSymmetry -50.72 ===>> OK
SetExtractionLens 26.13 ===>> OK
SetIonRepeller -3.81 ===>> OK
SetElectronEnergy 75.08 ===>> OK
SetYSymmetry -2.81 ===>> OK
SetIonCounterVoltage 1590.0 ===>> OK
send trap current 200.0
GetParameter Trap Current Readback ===>> 198.147042666178
SetParameter Trap Current Set,200.0 ===>> OK
updating mftable name mftable
Using mftable located at /Users/jan/PychronDev/setupfiles/spectrometer/mftables/mftable.csv
============ MFtable ===========
Isotope  H2     H1     AX     L1     L2     CDD    
Ar40     5.8073 5.8793 5.9926 6.1473 6.2311 6.3755
Ar39     5.7066 5.7715 5.8850 6.0333 6.1162 6.2620
Ar36     5.3841 5.4405 5.5484 5.6922 5.7712 5.9131
================================
get initial guess parabolic
get initial guess parabolic
get initial guess parabolic
get initial guess parabolic
get initial guess parabolic
get initial guess parabolic
======== Configuration Finished ========
GetYSymmetry ===>> -2.81
GetZSymmetry ===>> -50.72
GetParameter Trap Current Readback ===>> 198.258926936459
GetHighVoltage ===>> 4499.94659342336
start measurement
do measurement
L#=65580 analysis type=unknown
Measurement Started jan_unknown120_60.py
02:57:17 -- ******* Measurement Started jan_unknown120_60.py *******
state changed from extraction to measurement
setting spec, defl, and gains
GetExtractionLens ===>> 26.13
GetYSymmetry ===>> -2.81
GetZSymmetry ===>> -50.72
GetZFocus ===>> 74.64
GetDeflection H2 ===>> 0
GetDeflection H1 ===>> 0
GetDeflection AX ===>> 190
GetDeflection L1 ===>> 400
GetDeflection L2 ===>> 825
GetDeflection CDD ===>> 50
GetGain H2 ===>> 0.0113
GetGain H1 ===>> 0.1
GetGain AX ===>> 0.097049
GetGain L1 ===>> 0.010355
GetGain L2 ===>> 0.095649
GetGain CDD ===>> 0
pre measurement save
New frame /Users/jan/PychronDev/data/isotopes/70/0a9b26-6083-477a-972f-3cf8d5486316.h5
flush and close file /Users/jan/PychronDev/data/isotopes/70/0a9b26-6083-477a-972f-3cf8d5486316.h5
testing...
no interpolation path defined
executed snippet estimated_duration=226.132928, duration=0.000205993652344
unknown measurement script
activate_detectors ('H2', 'H1', 'AX', 'L1', 'L2', 'CDD') {}
activate detectors
*************** Set Analysis View Ar/Ar
create graphs
clearing graphs
clear isotope group
setting isotope det=H2, iso=PM41
setting isotope det=H1, iso=Ar40
setting isotope det=AX, iso=Ar39
setting isotope det=L1, iso=Ar38
setting isotope det=L2, iso=Ar37
setting isotope det=CDD, iso=Ar36
setting previous blanks
 - setting Ar40 blank 0.151+/-0.007
 - setting Ar36 blank 0.00421+/-0.00016
 - setting Ar37 blank 0.042+/-0.005
 - setting Ar38 blank 0.0090+/-0.0020
 - setting PM41 blank 0.03+/-0.06
 - setting Ar39 blank 0.040+/-0.009
load analysis view
position_magnet ('Ar40',) {'detector': 'H1'}
detector Detector(H1)
POSITION Ar40 H1
setting detector H2 to PM41 (40.9624)
setting detector H1 to Ar40 (39.9624)
setting detector AX to Ar39 (38.9624)
setting detector L1 to Ar38 (37.9624)
setting detector L2 to Ar37 (36.9624)
setting detector CDD to Ar36 (35.9624)
Mapping mass to dac mass func: "parabolic"
H1 map mass coeffs = [-0.00063987  0.15840543  0.57087999]
H1 map mass to dac 39.9624 >> 5.87927
GetDeflection H1 ===>> 0
GetHighVoltage ===>> 4499.94659342336
positioning Ar40 (5.87923537753) on H1
setting magnet DAC
current  : 5.879239
requested: 5.879235
Delta Dac: 0.000003
Checking detector protection. dv=0.00000
Checking detector "CDD". Protection Threshold: 0.1 (V)
SetMagnetDAC 5.87923537753 ===>> OK
Magnet settling time: 0.500
equilibrate () {'delay': 3, 'inlet': 'R', 'outlet': 'O', 'eqtime': 12.0}
Equilibration Started
02:57:19 -- ******* Equilibration Started *******
checking ownership. requestor=129.138.12.150
check software interlocks O
interlocks []
actuate state mode=None-script, software_lock=False
doing actuation None-script close_channel True
Close O ===>> OK
update labels <pychron.experiment.plot_panel.PlotPanel object at 0x1a75073b0>
update labels "<pychron.graph.stacked_regression_graph.StackedRegressionGraph object at 0x1a7b4cb90>"
setting label 0 H2 PM41
setting label 1 H1 Ar40
setting label 2 AX Ar39
setting label 3 L1 Ar38
setting label 4 L2 Ar37
setting label 5 CDD Ar36
update labels "<pychron.graph.stacked_graph.StackedGraph object at 0x19452e110>"
setting label 0 H2 PM41
setting label 1 H1 Ar40
setting label 2 AX Ar39
setting label 3 L1 Ar38
setting label 4 L2 Ar37
setting label 5 CDD Ar36
GetIndicatorState O ===>> False
change switch state (True, True)
update switch state O False args=() kw={} ncanvase=2
02:57:19 -- CLOSE  VALVE-O (Jan Ion Pump)
waiting 3s before opening inlet value ('R',)
checking ownership. requestor=129.138.12.150
check software interlocks R
interlocks []
actuate state mode=None-script, software_lock=False
doing actuation None-script open_channel True
Open R ===>> OK
GetIndicatorState R ===>> OK
change switch state (True, True)
update switch state R True args=() kw={} ncanvase=2
02:57:22 -- OPEN   VALVE-R (Jan Inlet)
equilibrating for 12.0sec
set_time_zero () {}
sniff (12.0,) {}
py_sniff
build tables- sniff [Detector(H2), Detector(H1), Detector(AX), Detector(L1), Detector(L2), Detector(CDD)]
add group /sniff/PM41 (Group) '' table H2
add group /sniff/Ar40 (Group) '' table H1
add group /sniff/Ar39 (Group) '' table AX
add group /sniff/Ar38 (Group) '' table L1
add group /sniff/Ar37 (Group) '' table L2
add group /sniff/Ar36 (Group) '' table CDD
flush and close file /Users/jan/PychronDev/data/isotopes/70/0a9b26-6083-477a-972f-3cf8d5486316.h5
measuring sniff. ncounts=12.0
"sniff" increment series count="1" fit count="0" regressing="False"
starting measurement
GetData ===>> H2,-0.200907695248685,H1,0.0269238470266277,AX,0.0470529387755178,L1,-0.00174367848692125,L2,-0.0...
GetData ===>> H2,0.25506703185673,H1,17.7064195114418,AX,5.38597570682725,L1,0.0582834168375677,L2,0.2259640769...
GetData ===>> H2,0.82161294411104,H1,68.292594285856,AX,18.4374468847496,L1,0.279751324125825,L2,0.244809953292...
GetData ===>> H2,0.344344986485707,H1,87.8990118702013,AX,22.6167704779717,L1,0.355864727361582,L2,0.1638480350...
GetData ===>> H2,0.144355228468769,H1,94.2684593395665,AX,23.8299461769684,L1,0.339179493614762,L2,0.1226573438...
GetData ===>> H2,0.0901387958625203,H1,96.8106511822699,AX,24.2659535784956,L1,0.295103319115447,L2,0.206528514...
GetData ===>> H2,0.00613387430508119,H1,97.9033816042749,AX,24.2984483152428,L1,0.273862608457014,L2,0.17451351...
GetData ===>> H2,-0.0314817504574691,H1,98.2391536913967,AX,24.387868569045,L1,0.283578385904877,L2,0.145040894...
GetData ===>> H2,-0.0460882656972907,H1,98.3155712755965,AX,24.4896363058197,L1,0.292222692618965,L2,0.10016503...
GetData ===>> H2,-0.0778123059573378,H1,98.4490884533974,AX,24.5220250034232,L1,0.336060165147855,L2,0.18027451...
GetData ===>> H2,-0.21567327160792,H1,98.622700299079,AX,24.4264169060126,L1,0.315553581917827,L2,0.11121103028...
Equilibration Finished
02:57:34 -- ******* Equilibration Finished *******
GetData ===>> H2,-0.203509474002069,H1,98.5515754105243,AX,24.4906544262814,L1,0.294655222432017,L2,0.171661669...
checking ownership. requestor=129.138.12.150
check software interlocks R
interlocks []
actuate state mode=None-script, software_lock=False
doing actuation None-script close_channel True
Close R ===>> OK
GetIndicatorState R ===>> False
change switch state (True, True)
update switch state R False args=() kw={} ncanvase=2
02:57:35 -- CLOSE  VALVE-R (Jan Inlet)
Post Equilibration Started jan_pump_extraction_line.py
02:57:35 -- ******* Post Equilibration Started jan_pump_extraction_line.py *******
testing...
no interpolation path defined
calculate duration
testing...
no interpolation path defined
executed snippet estimated_duration=4.0, duration=0.00018310546875
executed snippet estimated_duration=4.0, duration=0.00122880935669
Pump after analysis
doing GOSUB
testing...
no interpolation path defined
executed snippet estimated_duration=4.0, duration=0.000154972076416
Pump Microbone
close () {'description': 'Jan Inlet'}
closing name=--- desc=Jan Inlet
checking ownership. requestor=129.138.12.150
check software interlocks R
interlocks []
actuate state mode=None-script, software_lock=False
doing actuation None-script close_channel False
measurement finished
estimated time: 12.583 actual time: :12.673
flush and close file /Users/jan/PychronDev/data/isotopes/70/0a9b26-6083-477a-972f-3cf8d5486316.h5
set_fits () {}
using default fits file=/Users/jan/PychronDev/scripts/measurement/fits/nominal_linear.yaml
Close R ===>> OK
set "Ar40" to "('Linear', 'SEM')"
No fit for "PM41". defaulting to linear. check the measurement script "jan_unknown120_60.py"
set "PM41" to "linear"
set "Ar36" to "('Linear', 'SEM')"
set "Ar37" to "('linear', 'SEM')"
set "Ar38" to "('linear', 'SEM')"
set "Ar39" to "('Linear', 'SEM')"
set_baseline_fits () {}
using default fits file=/Users/jan/PychronDev/scripts/measurement/fits/nominal_linear.yaml
set "H1" to "('average', 'SEM')"
set "H2" to "('average', 'SEM')"
set "CDD" to "('average', 'SEM')"
set "L2" to "('average', 'SEM')"
set "L1" to "('average', 'SEM')"
set "AX" to "('average', 'SEM')"
multicollect () {'integration_time': 1, 'ncounts': 120}
build tables- signal [Detector(H2), Detector(H1), Detector(AX), Detector(L1), Detector(L2), Detector(CDD)]
add group /signal/PM41 (Group) '' table H2
add group /signal/Ar40 (Group) '' table H1
add group /signal/Ar39 (Group) '' table AX
add group /signal/Ar38 (Group) '' table L1
add group /signal/Ar37 (Group) '' table L2
add group /signal/Ar36 (Group) '' table CDD
flush and close file /Users/jan/PychronDev/data/isotopes/70/0a9b26-6083-477a-972f-3cf8d5486316.h5
measuring signal. ncounts=120
GetIndicatorState R ===>> False
change switch state (True, True)
update switch state R False args=() kw={} ncanvase=2
02:57:36 -- CLOSE  VALVE-R (Jan Inlet)
---------------------------------------- close None (Jan Inlet) result=[(True, True)]
action=close, ok=True, locked=[False]
is_closed ('F',) {}
is F () closed?
is closed True
open () {'description': 'CO2 Laser to Jan'}
opening name=--- desc=CO2 Laser to Jan
checking ownership. requestor=129.138.12.150
check software interlocks A
interlocks []
actuate state mode=None-script, software_lock=False
doing actuation None-script open_channel False
Open A ===>> OK
GetIndicatorState A ===>> OK
change switch state (True, True)
update switch state A True args=() kw={} ncanvase=2
02:57:36 -- OPEN   VALVE-A (CO2 Laser to Jan)
---------------------------------------- open None (CO2 Laser to Jan) result=[(True, True)], time=0.13 sec
"signal" increment series count="2" fit count="1" regressing="True"
starting measurement
GetData ===>> H2,-0.141617544083737,H1,98.4906534716351,AX,24.6663564990242,L1,0.3125688301436,L2,0.15799678210...
action=open, ok=True, locked=[False]
sleep (1,) {}
SLEEP 1.0
GetData ===>> H2,-0.0709448237752144,H1,98.4464187191804,AX,24.5331236956864,L1,0.354479762055006,L2,0.10402928...
close () {'description': 'CO2 Laser to Roughing'}
closing name=--- desc=CO2 Laser to Roughing
checking ownership. requestor=129.138.12.150
check software interlocks G
interlocks []
actuate state mode=None-script, software_lock=True
VALVE-G(CO2 Laser to Roughing) software locked
change switch state (True, False)
---------------------------------------- close None (CO2 Laser to Roughing) result=[(True, False)]
action=close, ok=True, locked=[True]
open () {'description': 'Microbone to Turbo'}
opening name=--- desc=Microbone to Turbo
checking ownership. requestor=129.138.12.150
check software interlocks U
interlocks []
actuate state mode=None-script, software_lock=False
doing actuation None-script open_channel True
Open U ===>> OK
GetIndicatorState U ===>> OK
change switch state (True, True)
update switch state U True args=() kw={} ncanvase=2
02:57:37 -- OPEN   VALVE-U (Microbone to Turbo)
---------------------------------------- open None (Microbone to Turbo) result=[(True, True)], time=0.15 sec
action=open, ok=True, locked=[False]
open () {'description': 'Microbone to Getter NP-10'}
opening name=--- desc=Microbone to Getter NP-10
checking ownership. requestor=129.138.12.150
check software interlocks M
interlocks []
actuate state mode=None-script, software_lock=False
doing actuation None-script open_channel False
Open M ===>> OK
GetIndicatorState M ===>> OK
change switch state (True, True)
update switch state M True args=() kw={} ncanvase=2
02:57:38 -- OPEN   VALVE-M (Microbone to Getter NP-10)
---------------------------------------- open None (Microbone to Getter NP-10) result=[(True, True)], time=0.14 sec
action=open, ok=True, locked=[False]
open () {'description': 'Microbone to Getter D-50'}
opening name=--- desc=Microbone to Getter D-50
checking ownership. requestor=129.138.12.150
check software interlocks K
interlocks []
actuate state mode=None-script, software_lock=False
doing actuation None-script open_channel False
GetData ===>> H2,-0.148320062507556,H1,98.5063188026347,AX,24.453969067613,L1,0.347648052275227,L2,0.2090961109...
Open K ===>> OK
GetIndicatorState K ===>> OK
change switch state (True, True)
update switch state K True args=() kw={} ncanvase=2
02:57:38 -- OPEN   VALVE-K (Microbone to Getter D-50)
---------------------------------------- open None (Microbone to Getter D-50) result=[(True, True)], time=0.43 sec
action=open, ok=True, locked=[False]
open () {'description': 'Microbone to CO2 Laser'}
opening name=--- desc=Microbone to CO2 Laser
checking ownership. requestor=129.138.12.150
check software interlocks T
interlocks []
actuate state mode=None-script, software_lock=False
doing actuation None-script open_channel False
Open T ===>> OK
GetIndicatorState T ===>> OK
change switch state (True, True)
update switch state T True args=() kw={} ncanvase=2
02:57:39 -- OPEN   VALVE-T (Microbone to CO2 Laser)
---------------------------------------- open None (Microbone to CO2 Laser) result=[(True, True)], time=0.40 sec
GetData ===>> H2,-0.158907723127011,H1,98.3993324536396,AX,24.4484058454535,L1,0.340068114745472,L2,0.122566132...
action=open, ok=True, locked=[False]
open () {'description': 'Microbone to Inlet Pipette'}
opening name=--- desc=Microbone to Inlet Pipette
checking ownership. requestor=129.138.12.150
check software interlocks S
interlocks []
actuate state mode=None-script, software_lock=False
doing actuation None-script open_channel False
Open S ===>> OK
GetIndicatorState S ===>> OK
change switch state (True, True)
update switch state S True args=() kw={} ncanvase=2
02:57:40 -- OPEN   VALVE-S (Microbone to Inlet Pipette)
---------------------------------------- open None (Microbone to Inlet Pipette) result=[(True, True)], time=0.44 sec
action=open, ok=True, locked=[False]
sleep (1,) {}
SLEEP 1.0
testing H1>-5.0
evaluate ot="H1.bs>-5.0" t="H1>-5.0", ctx="{'H1': None}"
GetData ===>> H2,-0.145648176639094,H1,98.6891433772579,AX,24.5135646376667,L1,0.295818122706632,L2,0.051451386...
set_resource () {'name': 'CO2PumpTimeFlag', 'value': 30}
Set CO2PumpTimeFlag 30 ===>> OK
release ('JanCO2Flag',) {}
release JanCO2Flag
Set JanCO2Flag 0 ===>> OK
executed snippet estimated_duration=6.0, duration=5.97114014626
PumpMicrobone.py completed successfully
gosub finished
get_resource_value () {'name': 'JanMiniboneFlag'}
Read JanMiniboneFlag ===>> 0
Get Resource Value JanMiniboneFlag=0.0
get resource value 0.0
get_resource_value () {'name': 'JanMiniboneFlag'}
Read JanMiniboneFlag ===>> 0
Get Resource Value JanMiniboneFlag=0.0
executed snippet estimated_duration=4.0, duration=5.98289895058
jan_pump_extraction_line.py completed successfully
Post Equilibration Finished
02:57:41 -- ******* Post Equilibration Finished *******
GetData ===>> H2,-0.122405425824939,H1,98.5102690888426,AX,24.2624958710874,L1,0.294001377476326,L2,0.149488580...
GetData ===>> H2,-0.0667268455817019,H1,98.5352544000807,AX,24.360424364472,L1,0.349818176863995,L2,0.123900103...
GetData ===>> H2,-0.161072631424786,H1,98.3634138038154,AX,24.3300780116444,L1,0.314423685708148,L2,0.171536189...
GetData ===>> H2,-0.218335700079443,H1,98.4247600400598,AX,24.2844835317345,L1,0.252934833297618,L2,0.084230965...
testing H1>-5.0
evaluate ot="H1.bs>-5.0" t="H1>-5.0", ctx="{'H1': None}"
GetData ===>> H2,-0.196905449864108,H1,98.3444528114843,AX,24.3428756845107,L1,0.293742042742467,L2,0.008480220...
GetData ===>> H2,-0.163751521139993,H1,98.4005601382315,AX,24.3952038481464,L1,0.325513235849778,L2,0.108851253...
GetData ===>> H2,-0.210361555249244,H1,98.33764096047,AX,24.415450200997,L1,0.335698989753342,L2,0.185203009863...
GetData ===>> H2,-0.222359768854574,H1,98.230314942307,AX,24.2687850655176,L1,0.323775157924524,L2,0.1364540230...
GetData ===>> H2,-0.161874744464727,H1,98.2898132006882,AX,24.3810819155677,L1,0.319541516347564,L2,0.144311037...
testing H1>-5.0
evaluate ot="H1.bs>-5.0" t="H1>-5.0", ctx="{'H1': None}"
GetData ===>> H2,-0.16468709297178,H1,98.3230578859633,AX,24.3333392541639,L1,0.319206182263123,L2,0.0735772633...
GetData ===>> H2,-0.104530323157111,H1,98.2219568483519,AX,24.274343865955,L1,0.303653889221596,L2,0.1436838209...
GetData ===>> H2,-0.100932699815172,H1,98.328428559863,AX,24.4771130139215,L1,0.297700962269917,L2,0.1388714971...
GetData ===>> H2,-0.176005956892363,H1,98.1176445534543,AX,24.4652269681329,L1,0.314281086319822,L2,0.156867634...
GetData ===>> H2,-0.154384796294806,H1,98.1424538869381,AX,24.3554138969116,L1,0.313067243821572,L2,0.151165069...
testing H1>-5.0
evaluate ot="H1.bs>-5.0" t="H1>-5.0", ctx="{'H1': None}"
GetData ===>> H2,-0.175330981418171,H1,98.161507981498,AX,24.203692427822,L1,0.301530748598357,L2,0.18611572176...
GetData ===>> H2,-0.202366382739114,H1,98.1926005308386,AX,24.2485226265166,L1,0.32143421666368,L2,0.0628216233...
GetData ===>> H2,-0.237907735959973,H1,97.9600436945537,AX,24.3009268183256,L1,0.307539745440537,L2,0.117492652...
GetData ===>> H2,-0.242354556692393,H1,98.0280020052687,AX,24.1975373722591,L1,0.281847726763593,L2,0.016151820...
GetData ===>> H2,-0.250013912682096,H1,98.0254963254529,AX,24.1281213661837,L1,0.286502808199011,L2,0.186697580...
testing H1>-5.0
evaluate ot="H1.bs>-5.0" t="H1>-5.0", ctx="{'H1': None}"
02:58:01 -- collecting point 25
GetData ===>> H2,-0.0715441651727902,H1,98.1087749736295,AX,24.1896093362364,L1,0.337065666461626,L2,0.17717152...
GetData ===>> H2,-0.0600774549993072,H1,98.0280197761979,AX,24.2161209574366,L1,0.307503205911869,L2,0.09462542...
GetData ===>> H2,-0.140543097505306,H1,97.9148065058121,AX,24.224898723234,L1,0.26889512607986,L2,0.11469950273...
GetData ===>> H2,-0.158674055771399,H1,97.9968883564625,AX,24.3248471814723,L1,0.279753758181622,L2,0.235517822...
GetData ===>> H2,-0.205547340720567,H1,98.1189417874189,AX,24.2623001550659,L1,0.264075878775643,L2,0.148484982...
testing H1>-5.0
evaluate ot="H1.bs>-5.0" t="H1>-5.0", ctx="{'H1': None}"
GetData ===>> H2,-0.198650538204093,H1,97.8720076081784,AX,24.240121272749,L1,0.276920909944847,L2,-0.014382741...
GetData ===>> H2,-0.285657294463534,H1,97.8754005134911,AX,24.2870805856165,L1,0.25862265866942,L2,0.1046448388...
GetData ===>> H2,-0.217571679218117,H1,97.9043943517753,AX,24.3313042274379,L1,0.254849866396115,L2,0.069060431...
GetData ===>> H2,-0.157479980897584,H1,97.8395391017793,AX,24.3346046424146,L1,0.307780909604964,L2,0.108714456...
GetData ===>> H2,-0.0987123788855118,H1,97.8596623480316,AX,24.1368660101181,L1,0.320803690445589,L2,0.17454774...
testing H1>-5.0
evaluate ot="H1.bs>-5.0" t="H1>-5.0", ctx="{'H1': None}"
GetData ===>> H2,-0.182197654227782,H1,97.8421498196915,AX,24.0661063764736,L1,0.307521475659877,L2,0.149066611...
GetData ===>> H2,-0.235546835337043,H1,97.8276937658191,AX,24.0692609811275,L1,0.311568420256419,L2,0.182761548...
GetData ===>> H2,-0.170460817890243,H1,97.8945514483386,AX,24.1221139010944,L1,0.309828598183708,L2,0.121950460...
GetData ===>> H2,-0.218132235723832,H1,97.8378874467212,AX,24.1671844497997,L1,0.315719359283703,L2,0.180000718...
GetData ===>> H2,-0.185918061406168,H1,97.6810362641436,AX,24.1419749780108,L1,0.275870960128489,L2,0.128016148...
testing H1>-5.0
evaluate ot="H1.bs>-5.0" t="H1>-5.0", ctx="{'H1': None}"
GetData ===>> H2,-0.249566037907827,H1,97.8404448558736,AX,24.1709389942027,L1,0.244938354533372,L2,0.105921563...
GetData ===>> H2,-0.204610668480286,H1,97.7331424351663,AX,24.0667842177327,L1,0.244166244302357,L2,0.076314840...
GetData ===>> H2,-0.116574882851372,H1,97.8365022017554,AX,24.0485100446801,L1,0.256125944693162,L2,0.132485848...
GetData ===>> H2,-0.223706642898765,H1,97.6210455637481,AX,24.257302991178,L1,0.345207516533647,L2,0.0759726394...
GetData ===>> H2,-0.154883379422141,H1,97.5019166587203,AX,24.0769393040925,L1,0.306135503487028,L2,0.173783437...
testing H1>-5.0
evaluate ot="H1.bs>-5.0" t="H1>-5.0", ctx="{'H1': None}"
GetData ===>> H2,-0.228200000309785,H1,97.5695048140317,AX,24.0727415802652,L1,0.296826482638393,L2,0.128141570...
GetData ===>> H2,-0.26913300623277,H1,97.5822951911174,AX,24.0567995194011,L1,0.294666181083871,L2,0.1483253196...
GetData ===>> H2,-0.214740130948541,H1,97.5398304043333,AX,24.08743431852,L1,0.309650733894503,L2,0.08737653797...
GetData ===>> H2,-0.0839808281927247,H1,97.5953705402784,AX,24.0642162643826,L1,0.292037659000093,L2,0.19021162...
GetData ===>> H2,-0.186236357088879,H1,97.5480953658843,AX,24.1102008792168,L1,0.283294990151907,L2,0.063745443...
testing H1>-5.0
evaluate ot="H1.bs>-5.0" t="H1>-5.0", ctx="{'H1': None}"
02:58:28 -- collecting point 50
GetData ===>> H2,-0.239789064965527,H1,97.445489039964,AX,24.0255738924776,L1,0.311480691048411,L2,0.0970988349...
GetData ===>> H2,-0.17720056487074,H1,97.3251060648395,AX,23.9601931726451,L1,0.264194965149158,L2,0.0816553196...
GetData ===>> H2,-0.216257623508128,H1,97.4400265773858,AX,23.9914392110303,L1,0.239941621347188,L2,0.183811140...
GetData ===>> H2,-0.171289250400397,H1,97.416937473334,AX,23.9714584304938,L1,0.255724874307954,L2,0.1696882387...
GetData ===>> H2,-0.0744956643100629,H1,97.4267082314472,AX,23.9921817223949,L1,0.297015256726615,L2,0.15024128...
testing H1>-5.0
evaluate ot="H1.bs>-5.0" t="H1>-5.0", ctx="{'H1': None}"
GetData ===>> H2,-0.127731464315087,H1,97.2793275107953,AX,24.0200360540033,L1,0.314179927275496,L2,0.040971893...
GetData ===>> H2,-0.190057903787404,H1,97.3196622532001,AX,24.0528111087977,L1,0.309260905178322,L2,0.141174996...
GetData ===>> H2,-0.234704594100924,H1,97.2446395167002,AX,24.0886859650867,L1,0.291673688174315,L2,0.139897801...
GetData ===>> H2,-0.276084450087485,H1,97.2010472782472,AX,23.9964675444348,L1,0.288407052342646,L2,0.211310004...
GetData ===>> H2,-0.209515544514437,H1,97.2247910593822,AX,23.9757825140512,L1,0.295141067287848,L2,0.148291106...
testing H1>-5.0
evaluate ot="H1.bs>-5.0" t="H1>-5.0", ctx="{'H1': None}"
GetData ===>> H2,-0.198461747195428,H1,97.1913559437345,AX,24.1288772094493,L1,0.302296440559646,L2,0.028521148...
GetData ===>> H2,-0.248644678065614,H1,97.0582384470116,AX,23.9306876068787,L1,0.311864511890085,L2,0.034449872...
GetData ===>> H2,-0.097562786199643,H1,97.0258995480365,AX,24.0042189258525,L1,0.288264678041384,L2,0.094739406...
GetData ===>> H2,-0.123819997108669,H1,97.1594870691809,AX,24.0306298581475,L1,0.299128546632165,L2,0.140376747...
GetData ===>> H2,-0.197482680435128,H1,97.3119845122127,AX,24.0530066157313,L1,0.313967862164919,L2,0.115440534...
testing H1>-5.0
evaluate ot="H1.bs>-5.0" t="H1>-5.0", ctx="{'H1': None}"
GetData ===>> H2,-0.117178367970275,H1,97.0969091383342,AX,23.9213204214481,L1,0.286650024636193,L2,0.206243230...
GetData ===>> H2,-0.119146913708373,H1,97.1190390387384,AX,23.8126723232545,L1,0.280050717342685,L2,0.168650207...
GetData ===>> H2,-0.0638682643602953,H1,97.1500866933333,AX,23.9475618363892,L1,0.320963454984758,L2,0.07513995...
GetData ===>> H2,-0.134261968629465,H1,97.0207465180912,AX,23.8028195094486,L1,0.317338267732736,L2,0.054735729...
GetData ===>> H2,-0.195204299594883,H1,97.2977826224465,AX,23.9056605156799,L1,0.279433684823184,L2,0.180114800...
testing H1>-5.0
evaluate ot="H1.bs>-5.0" t="H1>-5.0", ctx="{'H1': None}"
GetData ===>> H2,-0.195869597807364,H1,97.117656930896,AX,23.8757149146317,L1,0.335375650969605,L2,0.0969734532...
GetData ===>> H2,-0.133899541699962,H1,96.8574946510763,AX,23.7213299781971,L1,0.308958798145508,L2,0.085268081...
GetData ===>> H2,-0.101960128330826,H1,96.7879691755844,AX,23.9747275260849,L1,0.2829605203046,L2,0.15411895575...
GetData ===>> H2,-0.140521472378378,H1,96.7970097162033,AX,23.9407519379893,L1,0.275744438125033,L2,0.098375458...
GetData ===>> H2,-0.0929998283202248,H1,96.7792122295201,AX,23.932341062088,L1,0.261555315498311,L2,0.140992538...
testing H1>-5.0
evaluate ot="H1.bs>-5.0" t="H1>-5.0", ctx="{'H1': None}"
02:58:54 -- collecting point 75
GetData ===>> H2,-0.192465597666853,H1,96.8118720749564,AX,23.8142993595005,L1,0.306159859899715,L2,0.079045554...
GetData ===>> H2,-0.179785076264403,H1,96.8475832024883,AX,23.850673198808,L1,0.294459186312303,L2,0.0948419886...
GetData ===>> H2,-0.194779790293479,H1,96.6792994735374,AX,23.7966375502737,L1,0.286641507924975,L2,0.209815050...
GetData ===>> H2,-0.14643846123056,H1,96.6790518175024,AX,23.9927027860125,L1,0.275322303938744,L2,0.1039950839...
GetData ===>> H2,-0.310065772135684,H1,96.6614692950601,AX,23.9023646649284,L1,0.3056276855,L2,0.12868887048239...
testing H1>-5.0
evaluate ot="H1.bs>-5.0" t="H1>-5.0", ctx="{'H1': None}"
GetData ===>> H2,-0.182529545868772,H1,96.8859229384525,AX,23.8017002235355,L1,0.298733870259165,L2,-0.01218330...
GetData ===>> H2,-0.22070693507238,H1,96.8268597929081,AX,23.8410513096158,L1,0.29998982237901,L2,0.07839597363...
GetData ===>> H2,-0.140006511863348,H1,96.7703587533539,AX,23.7832336615475,L1,0.280832101969977,L2,0.136009305...
GetData ===>> H2,-0.117628931237305,H1,96.6399980935132,AX,23.7532565474186,L1,0.296372221222434,L2,0.073885236...
GetData ===>> H2,-0.228615986483451,H1,96.7010063611684,AX,23.9164736883989,L1,0.311663461081097,L2,0.085951899...
testing H1>-5.0
evaluate ot="H1.bs>-5.0" t="H1>-5.0", ctx="{'H1': None}"
GetData ===>> H2,-0.257431523117881,H1,96.6266818495644,AX,23.790091562239,L1,0.289212660557438,L2,0.0739650820...
GetData ===>> H2,-0.0958591711763927,H1,96.4988086403518,AX,23.7195727872765,L1,0.250550050656641,L2,0.09667709...
GetData ===>> H2,-0.0191935213285518,H1,96.5247999050328,AX,23.7482091274723,L1,0.275823514193428,L2,0.14353557...
GetData ===>> H2,0.0160013067691955,H1,96.5491332698737,AX,23.6828995080905,L1,0.305742155457952,L2,0.122737153...
GetData ===>> H2,-0.220537192734372,H1,96.4716906377774,AX,23.7763631795205,L1,0.316673850358265,L2,0.132816523...
testing H1>-5.0
evaluate ot="H1.bs>-5.0" t="H1>-5.0", ctx="{'H1': None}"
GetData ===>> H2,-0.335028163580821,H1,96.3959314677073,AX,23.7245060098219,L1,0.294775768248895,L2,0.085689768...
GetData ===>> H2,-0.17765002880495,H1,96.3873913285261,AX,23.7821275888542,L1,0.304591425375761,L2,0.2249368492...
GetData ===>> H2,-0.307969939092527,H1,96.2403507027561,AX,23.7387602400796,L1,0.26598385834547,L2,0.0993557344...
GetData ===>> H2,-0.253992896452665,H1,96.3642353902332,AX,23.645965388311,L1,0.255563235248554,L2,0.1079734768...
GetData ===>> H2,-0.182096465816572,H1,96.3707222236129,AX,23.7302725656397,L1,0.266824940986562,L2,0.087353743...
testing H1>-5.0
evaluate ot="H1.bs>-5.0" t="H1>-5.0", ctx="{'H1': None}"
GetData ===>> H2,-0.158128362953665,H1,96.3525173887884,AX,23.6138289521878,L1,0.265417503606492,L2,0.096950656...
GetData ===>> H2,-0.15844173431819,H1,96.3546382253923,AX,23.5642187847919,L1,0.270416122728687,L2,0.2380291199...
GetData ===>> H2,-0.0876530541242709,H1,96.1821742285901,AX,23.6511944691071,L1,0.299070075096604,L2,0.12277135...
GetData ===>> H2,-0.119648804442391,H1,96.3841386731115,AX,23.7074554478731,L1,0.305224615319033,L2,0.111325030...
GetData ===>> H2,-0.12757600482405,H1,96.3976982107699,AX,23.6063261771837,L1,0.308257164638498,L2,0.1013163166...
testing H1>-5.0
evaluate ot="H1.bs>-5.0" t="H1>-5.0", ctx="{'H1': None}"
02:59:20 -- collecting point 100
GetData ===>> H2,-0.0680724283946987,H1,96.1741547290267,AX,23.6374849241385,L1,0.296587779751983,L2,0.11403827...
GetData ===>> H2,-0.0503451863377727,H1,96.2803209995295,AX,23.6099019588287,L1,0.313222012913474,L2,0.16046042...
GetData ===>> H2,-0.184524738108508,H1,96.1503284239584,AX,23.6431428293885,L1,0.281900019263719,L2,0.019560351...
GetData ===>> H2,-0.149767858960328,H1,96.0581501821736,AX,23.7289578161831,L1,0.256072467730462,L2,0.128609055...
GetData ===>> H2,-0.0946144769814359,H1,96.266136757279,AX,23.6357681005398,L1,0.276973227765951,L2,0.162616162...
testing H1>-5.0
evaluate ot="H1.bs>-5.0" t="H1>-5.0", ctx="{'H1': None}"
GetData ===>> H2,-0.137953195380669,H1,96.2225150294734,AX,23.7265626697386,L1,0.274776110105985,L2,0.069220113...
GetData ===>> H2,-0.141440503915444,H1,96.1610489040428,AX,23.6935046021365,L1,0.259179458177851,L2,0.094272086...
GetData ===>> H2,-0.218707585728619,H1,96.07197061493,AX,23.6026985038846,L1,0.27097059515301,L2,0.163266315549...
GetData ===>> H2,-0.271768180305555,H1,96.2056878917205,AX,23.6066512434015,L1,0.327830725985625,L2,0.097133030...
GetData ===>> H2,-0.174554709888207,H1,95.9190387095083,AX,23.6981503481441,L1,0.351779984249726,L2,0.029638456...
testing H1>-5.0
evaluate ot="H1.bs>-5.0" t="H1>-5.0", ctx="{'H1': None}"
GetData ===>> H2,-0.0893971972843443,H1,95.8980078686187,AX,23.6285239225573,L1,0.298564553894696,L2,0.17323588...
GetData ===>> H2,-0.118927752304505,H1,96.0674872170302,AX,23.5990839529248,L1,0.260848823142493,L2,0.121961861...
GetData ===>> H2,-0.19025069993392,H1,95.985503097563,AX,23.5445805738718,L1,0.277120449119925,L2,0.10570497468...
GetData ===>> H2,-0.304432168164596,H1,95.9329432883009,AX,23.5919592174066,L1,0.306570274180289,L2,0.163791003...
GetData ===>> H2,-0.215429558318511,H1,95.7425586362712,AX,23.5781531160003,L1,0.305431628230543,L2,0.131607855...
testing H1>-5.0
evaluate ot="H1.bs>-5.0" t="H1>-5.0", ctx="{'H1': None}"
GetData ===>> H2,0.00775382311502242,H1,95.8014356641798,AX,23.5436571307138,L1,0.273393117445706,L2,0.04933030...
GetData ===>> H2,-0.00682467610437694,H1,95.9045179355171,AX,23.5282849010561,L1,0.259273071560267,L2,0.2321276...
GetData ===>> H2,-0.0529086160258835,H1,95.9084346990513,AX,23.4946608227796,L1,0.274229945497629,L2,0.13015975...
GetData ===>> H2,-0.0643630372328829,H1,95.7726821219186,AX,23.5420183635055,L1,0.262611716065032,L2,0.12954403...
GetData ===>> H2,-0.223736272323264,H1,95.7272523294052,AX,23.5477411497444,L1,0.259136906924412,L2,0.139669733...
testing H1>-5.0
evaluate ot="H1.bs>-5.0" t="H1>-5.0", ctx="{'H1': None}"
GetData ===>> H2,-0.325786775376756,H1,95.8442269677967,AX,23.4346677227335,L1,0.283927472170399,L2,0.072596317...
measurement finished
estimated time: 125.829 actual time: :126.193
flush and close file /Users/jan/PychronDev/data/isotopes/70/0a9b26-6083-477a-972f-3cf8d5486316.h5
baselines () {'settling_time': 15.0, 'detector': 'H1', 'mass': 34.2, 'ncounts': 60}
%%%%%%%%%%%%%%%%%%%%%%%%%%%%%%%% Baseline
build tables- baseline [Detector(H2), Detector(H1), Detector(AX), Detector(L1), Detector(L2), Detector(CDD)]
add group baseline table H2
add group baseline table H1
add group baseline table AX
add group baseline table L1
add group baseline table L2
add group baseline table CDD
flush and close file /Users/jan/PychronDev/data/isotopes/70/0a9b26-6083-477a-972f-3cf8d5486316.h5
detector Detector(H1)
POSITION 34.2 H1
Mapping mass to dac mass func: "parabolic"
H1 map mass coeffs = [-0.00063987  0.15840543  0.57087999]
H1 map mass to dac 34.2 >> 5.23992599104
GetDeflection H1 ===>> 0
GetHighVoltage ===>> 4499.94659342336
positioning 34.2 (5.23989513361) on H1
setting magnet DAC
current  : 5.879235
requested: 5.239895
Delta Dac: 0.639340
Checking detector protection. dv=0.63934
Checking detector "CDD". Protection Threshold: 0.1 (V)
ProtectDetector CDD,On ===>> OK
GetDeflection CDD ===>> 2000
Protected = 2000
SetMagnetDAC 5.23989513361 ===>> OK
Magnet settling time: 0.500
GetMagnetMoving ===>> True
GetMagnetMoving ===>> True
GetMagnetMoving ===>> True
GetMagnetMoving ===>> True
GetMagnetMoving ===>> True
GetMagnetMoving ===>> True
GetMagnetMoving ===>> True
GetMagnetMoving ===>> True
GetMagnetMoving ===>> False
ProtectDetector CDD,Off ===>> OK
GetDeflection CDD ===>> 50
Delaying 15.0s for detectors to settle
Join finished
measuring baseline. ncounts=60
"baseline" increment series count="2" fit count="1" regressing="True"
starting measurement
GetData ===>> H2,-0.120881115868266,H1,-0.0503166296508926,AX,-0.162489041773077,L1,-0.0251934648001459,L2,-0.1...
GetData ===>> H2,-0.159244033580836,H1,-0.0415412201326014,AX,-0.108858418031405,L1,-0.0276856911817836,L2,-0.0...
GetData ===>> H2,-0.27990632104365,H1,-0.0600569100310587,AX,-0.219333357058763,L1,-0.0210715489131377,L2,0.022...
GetData ===>> H2,-0.218099896681006,H1,-0.072668985642088,AX,-0.0753291054145241,L1,0.0122472105900562,L2,-0.02...
testing H1>-5.0
evaluate ot="H1.bs>-5.0" t="H1>-5.0", ctx="{'H1': None}"
GetData ===>> H2,-0.0748562451523002,H1,0.0203138524927261,AX,-0.0714689579367235,L1,5.88110991915509E-05,L2,-0...
GetData ===>> H2,-0.216539017219705,H1,-0.0443790046761315,AX,-0.0952070195559498,L1,-0.0233790231232055,L2,-0....
GetData ===>> H2,-0.329971408007603,H1,-0.029211423603903,AX,-0.0951143040192477,L1,-0.0109479033797295,L2,-0.0...
GetData ===>> H2,-0.213171257693872,H1,-0.0451778622809538,AX,-0.0421013211148596,L1,-0.0462660309844734,L2,0.0...
GetData ===>> H2,-0.114110544594692,H1,-0.0697247208063743,AX,-0.0201480652568842,L1,-0.0309294529797952,L2,-0....
testing H1>-5.0
evaluate ot="H1.bs>-5.0" t="H1>-5.0", ctx="{'H1': None}"
GetData ===>> H2,-0.145914312814455,H1,-0.102380947276415,AX,-0.19503517468437,L1,-0.0298610916172856,L2,0.0130...
GetData ===>> H2,-0.230485715776631,H1,-0.0967562549534449,AX,-0.00636821528185964,L1,-0.0229882880955352,L2,0....
GetData ===>> H2,-0.301412147856793,H1,-0.0186929304541337,AX,-0.043713118873615,L1,-0.0244025331097717,L2,0.02...
GetData ===>> H2,-0.138948133784709,H1,-0.00152943289910539,AX,-0.136019893574249,L1,-0.0119632828865707,L2,-0....
GetData ===>> H2,-0.158004092599535,H1,0.00929021158906376,AX,-0.0168656685746215,L1,0.00169597203004861,L2,-0....
testing H1>-5.0
evaluate ot="H1.bs>-5.0" t="H1>-5.0", ctx="{'H1': None}"
GetData ===>> H2,-0.170324538987086,H1,-0.0236064684618452,AX,0.00495406408688217,L1,-0.00176887745252377,L2,0....
GetData ===>> H2,-0.241622387638699,H1,-0.0641816389800763,AX,-0.0549253903923406,L1,-0.034915658990113,L2,-0.0...
GetData ===>> H2,-0.272805418029894,H1,-0.0429958928497729,AX,-0.0648379567633448,L1,-0.0727291945720199,L2,-0....
GetData ===>> H2,-0.199475787628665,H1,-0.0206249814565627,AX,-0.193157809212913,L1,-0.0668431769851401,L2,0.00...
GetData ===>> H2,-0.235094777561248,H1,-0.102106870021701,AX,-0.0814262035679082,L1,-0.0630292893002116,L2,-0.0...
testing H1>-5.0
evaluate ot="H1.bs>-5.0" t="H1>-5.0", ctx="{'H1': None}"
GetData ===>> H2,-0.235615449667989,H1,-0.00953307003517241,AX,-0.108719364206296,L1,-0.0395258607086846,L2,0.0...
GetData ===>> H2,-0.21483708421288,H1,0.0577364748845401,AX,0.0070191299888895,L1,-0.00761932980724775,L2,0.047...
GetData ===>> H2,-0.124247309021998,H1,0.0311597227871332,AX,-0.00368857345091969,L1,-0.00273838976343387,L2,-0...
GetData ===>> H2,-0.0488901934722291,H1,0.0348468704008511,AX,-0.0745060838118491,L1,-0.00616813010495601,L2,-0...
GetData ===>> H2,-0.0420635908786064,H1,-0.0658505561376586,AX,0.00208856768252657,L1,-0.0102393547565439,L2,0....
testing H1>-5.0
evaluate ot="H1.bs>-5.0" t="H1>-5.0", ctx="{'H1': None}"
03:00:26 -- collecting point 25
GetData ===>> H2,-0.149974479013626,H1,-0.0114652978537187,AX,-0.0120984571855724,L1,-0.0300215926101768,L2,0.0...
GetData ===>> H2,-0.108465018808507,H1,-0.0370459093393947,AX,-0.0147082733658378,L1,-0.00489545969124275,L2,-0...
GetData ===>> H2,-0.103442223175889,H1,-0.0110955534409872,AX,-0.0812175639368231,L1,-0.0141039953624786,L2,0.0...
GetData ===>> H2,-0.107581589915296,H1,-0.0517711748188486,AX,-0.0580673774588196,L1,-0.0492353479052232,L2,0.0...
GetData ===>> H2,-0.14069582379038,H1,-0.0232486947105535,AX,-0.0525021650252626,L1,-0.0516092125896867,L2,-0.1...
testing H1>-5.0
evaluate ot="H1.bs>-5.0" t="H1>-5.0", ctx="{'H1': None}"
GetData ===>> H2,-0.209919697665991,H1,-0.0897368627463145,AX,-0.0475047968240064,L1,-0.0586575023969036,L2,-0....
GetData ===>> H2,-0.131653047885801,H1,-0.0105588252502507,AX,-0.0623338247932917,L1,-0.0160843982050031,L2,0.0...
GetData ===>> H2,-0.192576128984955,H1,0.0425915157810099,AX,-0.196182435741385,L1,-0.0276605323668322,L2,-0.12...
GetData ===>> H2,-0.368282946211642,H1,-0.047538628084731,AX,-0.157098406491947,L1,-0.020791019859659,L2,-0.029...
GetData ===>> H2,-0.35838096696198,H1,-0.11691788209196,AX,0.0167881815796852,L1,0.0328782725815356,L2,0.017519...
testing H1>-5.0
evaluate ot="H1.bs>-5.0" t="H1>-5.0", ctx="{'H1': None}"
GetData ===>> H2,-0.23715176337516,H1,0.0221751064484412,AX,-0.00658861543918,L1,0.000916967106075391,L2,-0.034...
GetData ===>> H2,-0.192952196969812,H1,-0.0429005051226337,AX,-0.0551920574409768,L1,0.00757136905134626,L2,-0....
GetData ===>> H2,-0.118741055919852,H1,-0.0320257082401685,AX,-0.0814377946454462,L1,-0.00998397728825251,L2,-0...
GetData ===>> H2,-0.150763111792222,H1,-0.0188121939417083,AX,-0.128949606594657,L1,-0.0260538319766874,L2,-0.0...
GetData ===>> H2,-0.135631783754146,H1,-0.0429720459264924,AX,-0.0498817672978067,L1,-0.0218855184232206,L2,-0....
testing H1>-5.0
evaluate ot="H1.bs>-5.0" t="H1>-5.0", ctx="{'H1': None}"
GetData ===>> H2,-0.168527123220829,H1,-0.000276942950239012,AX,-0.0647683984121354,L1,-0.0406373601038398,L2,-...
GetData ===>> H2,-0.199726586800908,H1,-0.103524913797703,AX,-0.154976848741201,L1,-0.0495967284262969,L2,0.048...
GetData ===>> H2,-0.242579312301144,H1,0.0551107071044001,AX,-0.119819869179284,L1,-0.0203246529669252,L2,0.019...
GetData ===>> H2,-0.318059093709184,H1,0.0835365051166328,AX,-0.0940017106869993,L1,-0.0103724362211891,L2,-0.0...
GetData ===>> H2,-0.403475306074343,H1,0.0184168408001063,AX,-0.104651951890089,L1,0.00687785869774448,L2,-0.03...
testing H1>-5.0
evaluate ot="H1.bs>-5.0" t="H1>-5.0", ctx="{'H1': None}"
GetData ===>> H2,-0.299799687091106,H1,-0.00960463469363833,AX,0.0169970318656025,L1,-0.0114993618664616,L2,-0....
GetData ===>> H2,-0.267586016037055,H1,-0.0799517948921967,AX,-0.0329750274575915,L1,0.00852772374796801,L2,-0....
GetData ===>> H2,-0.281482498986045,H1,-0.0433416725983847,AX,-0.125809907779582,L1,-0.0111600985912212,L2,-0.0...
GetData ===>> H2,-0.261057020414679,H1,-0.0264328361383235,AX,-0.0493947829540671,L1,-0.00271559289715237,L2,-0...
GetData ===>> H2,-0.121710246848408,H1,-0.0587693875648608,AX,-0.0531862395430755,L1,-0.00167888085722641,L2,-0...
testing H1>-5.0
evaluate ot="H1.bs>-5.0" t="H1>-5.0", ctx="{'H1': None}"
03:00:52 -- collecting point 50
GetData ===>> H2,-0.132749976711641,H1,-0.0926209510639041,AX,-0.0856452645540752,L1,-0.0169911187122566,L2,0.0...
GetData ===>> H2,-0.187864110759369,H1,-0.100140641615431,AX,-0.0855409493178252,L1,0.00018602961051689,L2,-0.0...
GetData ===>> H2,-0.263776101713177,H1,-0.0835512855575925,AX,-0.0712602969537361,L1,-0.020720286940339,L2,0.00...
GetData ===>> H2,-0.25308534368351,H1,-0.0397765068133048,AX,-0.0253440004766354,L1,-0.0389221500414489,L2,-0.1...
GetData ===>> H2,-0.181833371714964,H1,0.0336894016725654,AX,-0.0681187358500412,L1,-0.0442405036738066,L2,0.07...
testing H1>-5.0
evaluate ot="H1.bs>-5.0" t="H1>-5.0", ctx="{'H1': None}"
GetData ===>> H2,-0.0869494136731022,H1,-0.100235974793139,AX,-0.103157048219002,L1,-0.0440477460510652,L2,-0.0...
GetData ===>> H2,-0.176721386975811,H1,-0.0510915948716882,AX,-0.127872156798618,L1,0.00324335774322091,L2,-0.0...
GetData ===>> H2,-0.0951630260432687,H1,0.00287224387383063,AX,-0.00947697137629836,L1,-0.0249777623256135,L2,0...
GetData ===>> H2,-0.191993805512381,H1,-0.013242437423888,AX,0.0143864354958284,L1,-0.0640364208284367,L2,-0.02...
GetData ===>> H2,-0.200760737558481,H1,-0.0591747204982561,AX,-0.0944768823125403,L1,-0.0256524163387638,L2,-0....
testing H1>-5.0
evaluate ot="H1.bs>-5.0" t="H1>-5.0", ctx="{'H1': None}"
GetData ===>> H2,-0.295358189893445,H1,-0.0206965381849276,AX,-0.126609324105143,L1,-0.000476449181400758,L2,-0...
measurement finished
estimated time: 62.915 actual time: :63.181
flush and close file /Users/jan/PychronDev/data/isotopes/70/0a9b26-6083-477a-972f-3cf8d5486316.h5
activate_detectors ('H1', 'AX', 'CDD') {'peak_center': True}
peak_center () {'detector': 'H1', 'integration_time': 0.262144, 'isotope': 'Ar40'}
peak center: mean=95.8687041957 threshold=3
peak center started
setup peak center. detector=['H1', 'AX', 'CDD'], isotope=Ar40
VersionedUnpickler [<apptools.sweet_pickle.versioned_unpickler.VersionedUnpickler object at 0x199f062f0>] using Updater [<apptools.sweet_pickle.updater.Updater object at 0x135230b30>]
VersionedUnpickler [<apptools.sweet_pickle.versioned_unpickler.VersionedUnpickler object at 0x199f062f0>] using Updater [<apptools.sweet_pickle.updater.Updater object at 0x135230b30>]
VersionedUnpickler [<apptools.sweet_pickle.versioned_unpickler.VersionedUnpickler object at 0x18c653050>] using Updater [<apptools.sweet_pickle.updater.Updater object at 0x135230b30>]
setting integration time = 0.524288
SetIntegrationTime 0.524288 ===>> OK
Mapping mass to dac mass func: "parabolic"
H1 map mass coeffs = [-0.00063987  0.15840543  0.57087999]
H1 map mass to dac 39.9624 >> 5.87927
GetDeflection H1 ===>> 0
GetHighVoltage ===>> 4499.94659342336
do peak center. <pychron.spectrometer.jobs.peak_center.PeakCenter object at 0x1352309b0>
doing pc
starting peak center. center dac= 5.87923537753 step_width=0.001
width = 0.001
get scan parameters. half-width=0.015,window=0.015, i=0, scalar=1
Scan parameters center=5.87924 width=0.03000 (5.86424 - 5.89424)
GetData ===>> H2,-0.19004037670214,H1,-0.0642650854990155,AX,-0.114628976501823,L1,0.00394330074085456,L2,-0.04...
Moving to starting dac 5.86423537753
setting magnet DAC
current  : 5.239895
requested: 5.864235
Delta Dac: 0.624340
Checking detector protection. dv=0.62434
Checking detector "CDD". Protection Threshold: 0.1 (V)
ProtectDetector CDD,On ===>> OK
GetDeflection CDD ===>> 2000
Protected = 2000
SetMagnetDAC 5.86423537753 ===>> OK
Magnet settling time: 0.500
GetMagnetMoving ===>> True
GetMagnetMoving ===>> True
GetMagnetMoving ===>> True
GetMagnetMoving ===>> True
GetMagnetMoving ===>> True
GetMagnetMoving ===>> True
GetMagnetMoving ===>> True
GetMagnetMoving ===>> True
GetMagnetMoving ===>> False
ProtectDetector CDD,Off ===>> OK
GetDeflection CDD ===>> 50
Wait until signal near baseline. tol= -0.0481988141243. timeout= 10
GetData ===>> H2,0.310744466246522,H1,0.281861584616672,AX,0.0293199918593944,L1,0.0254879667916879,L2,0.216228...
GetData ===>> H2,4.88544432183008,H1,2.93020114725213,AX,0.193480190971114,L1,-0.0303697892268092,L2,0.00054656...
GetData ===>> H2,5.01500775767552,H1,3.16468102461622,AX,0.315375223463844,L1,-0.0689940583118392,L2,-0.1108949...
GetData ===>> H2,2.47310650646938,H1,1.51928511676791,AX,0.188213118992811,L1,-0.0669038274838327,L2,0.03234393...
GetData ===>> H2,0.83159185176967,H1,0.879493164475442,AX,0.0513473972985902,L1,-0.0407499404708756,L2,-0.04931...
GetData ===>> H2,0.0842546956082611,H1,0.44750303409018,AX,0.080868682849579,L1,-0.0201604873342576,L2,-0.00676...
GetData ===>> H2,-0.161229277489649,H1,0.216144501564286,AX,-0.0454988204715115,L1,-0.0187518246718329,L2,-0.08...
GetData ===>> H2,-0.137765585517108,H1,0.168357798462204,AX,0.0564202515822706,L1,-0.00502621270034851,L2,-0.11...
GetData ===>> H2,-0.169012939389373,H1,0.056137135402712,AX,-0.0240450426765693,L1,0.00384484955795207,L2,-0.02...
GetData ===>> H2,-0.208034873413739,H1,0.075855241677947,AX,-0.147368676462925,L1,-0.0159602692500024,L2,-0.087...
GetData ===>> H2,-0.280022678722225,H1,0.068120867532895,AX,-0.187994140184368,L1,-0.0308507881426765,L2,0.0284...
GetData ===>> H2,-0.270014304148867,H1,0.0126067204698767,AX,-0.130872766891583,L1,-0.0397941649211192,L2,-0.05...
GetData ===>> H2,-0.282020495913949,H1,0.00645098552818375,AX,-0.122762796904089,L1,-0.035505230959716,L2,-0.06...
GetData ===>> H2,-0.153913216463799,H1,0.000748917634907542,AX,-0.159622955395355,L1,-0.0334516125045437,L2,-0....
GetData ===>> H2,-0.0951442105101491,H1,-0.0232486947105535,AX,0.0221952277843302,L1,-0.0210946956191523,L2,-0....
GetData ===>> H2,-0.0589212750565738,H1,0.0229625704623928,AX,-0.0481193362186293,L1,-0.0177574967403514,L2,-0....
GetData ===>> H2,-0.0969193772445564,H1,-0.0100817311089461,AX,-0.105266130461948,L1,-0.0212096691047211,L2,0.0...
GetData ===>> H2,-0.181679985827774,H1,0.031123925903054,AX,-0.00919857935572205,L1,-0.0420744615711658,L2,-0.0...
GetData ===>> H2,-0.178700620104512,H1,0.0238932177374142,AX,-0.0987765005387001,L1,-0.0374342796661024,L2,-0.0...
GetData ===>> H2,-0.192299560336332,H1,0.0929188742281319,AX,-0.0777749454311178,L1,-0.0429294394359435,L2,0.15...
GetData ===>> H2,-0.162549879784633,H1,0.135018423156796,AX,-0.0863291061104808,L1,-0.0509368340768646,L2,-0.04...
Peak center failed to move to a baseline position
_do_sweep sm= 5.86423537753, em= 5.89423537753, stm= 0.001
calculated step values: start=5.86423537753, end=5.89423537753, width=0.001, nsteps=31.0
setting magnet DAC
current  : 5.864235
requested: 5.864235
Delta Dac: 0.000000
Checking detector protection. dv=0.00000
Checking detector "CDD". Protection Threshold: 0.1 (V)
SetMagnetDAC 5.86423537753 ===>> OK
GetData ===>> H2,-0.162549879784633,H1,0.135018423156796,AX,-0.0863291061104808,L1,-0.0509368340768646,L2,-0.04...
setting magnet DAC
current  : 5.864235
requested: 5.865270
Delta Dac: 0.001034
Checking detector protection. dv=0.00103
Checking detector "CDD". Protection Threshold: 0.1 (V)
SetMagnetDAC 5.86526986029 ===>> OK
Magnet settling time: 1.049
GetData ===>> H2,-0.144092814053023,H1,0.229055354237429,AX,-0.043713118873615,L1,-0.0195831511510055,L2,0.0497...
setting magnet DAC
current  : 5.865270
requested: 5.866304
Delta Dac: 0.001034
Checking detector protection. dv=0.00103
Checking detector "CDD". Protection Threshold: 0.1 (V)
SetMagnetDAC 5.86630434305 ===>> OK
Magnet settling time: 1.049
GetData ===>> H2,-0.144970191895235,H1,0.738635075707062,AX,-0.00465139697209071,L1,0.0215307583630824,L2,-0.06...
setting magnet DAC
current  : 5.866304
requested: 5.867339
Delta Dac: 0.001034
Checking detector protection. dv=0.00103
Checking detector "CDD". Protection Threshold: 0.1 (V)
SetMagnetDAC 5.86733882581 ===>> OK
Magnet settling time: 1.049
GetData ===>> H2,-0.192154117105961,H1,2.60169879778285,AX,0.397002356436376,L1,0.00377041149755606,L2,-0.09612...
setting magnet DAC
current  : 5.867339
requested: 5.868373
Delta Dac: 0.001034
Checking detector protection. dv=0.00103
Checking detector "CDD". Protection Threshold: 0.1 (V)
SetMagnetDAC 5.86837330856 ===>> OK
Magnet settling time: 1.049
GetData ===>> H2,-0.245426726505452,H1,8.43476650939998,AX,1.27621950372216,L1,-0.0162790010083905,L2,-0.037455...
setting magnet DAC
current  : 5.868373
requested: 5.869408
Delta Dac: 0.001034
Checking detector protection. dv=0.00103
Checking detector "CDD". Protection Threshold: 0.1 (V)
SetMagnetDAC 5.86940779132 ===>> OK
Magnet settling time: 1.049
GetData ===>> H2,-0.176259922038866,H1,22.823507773775,AX,3.97460712461008,L1,-0.0359581713029633,L2,0.12383169...
setting magnet DAC
current  : 5.869408
requested: 5.870442
Delta Dac: 0.001034
Checking detector protection. dv=0.00103
Checking detector "CDD". Protection Threshold: 0.1 (V)
SetMagnetDAC 5.87044227408 ===>> OK
Magnet settling time: 1.049
GetData ===>> H2,-0.110073883214968,H1,45.5011524026871,AX,8.73289753046045,L1,-0.0591530364857026,L2,0.0995039...
setting magnet DAC
current  : 5.870442
requested: 5.871477
Delta Dac: 0.001034
Checking detector protection. dv=0.00103
Checking detector "CDD". Protection Threshold: 0.1 (V)
SetMagnetDAC 5.87147675684 ===>> OK
Magnet settling time: 1.049
GetData ===>> H2,-0.193990873974921,H1,67.9458233629916,AX,14.14325424363,L1,0.04685982014784,L2,-0.05957987446...
setting magnet DAC
current  : 5.871477
requested: 5.872511
Delta Dac: 0.001034
Checking detector protection. dv=0.00103
Checking detector "CDD". Protection Threshold: 0.1 (V)
SetMagnetDAC 5.8725112396 ===>> OK
Magnet settling time: 1.049
GetData ===>> H2,-0.0442249055733685,H1,82.8952734186445,AX,18.5114612518878,L1,0.13996148432032,L2,0.179943677...
setting magnet DAC
current  : 5.872511
requested: 5.873546
Delta Dac: 0.001034
Checking detector protection. dv=0.00103
Checking detector "CDD". Protection Threshold: 0.1 (V)
SetMagnetDAC 5.87354572236 ===>> OK
Magnet settling time: 1.049
GetData ===>> H2,-0.0567153182355751,H1,89.7387261555402,AX,20.9313467550276,L1,0.182403756121264,L2,-0.0531842...
setting magnet DAC
current  : 5.873546
requested: 5.874580
Delta Dac: 0.001034
Checking detector protection. dv=0.00103
Checking detector "CDD". Protection Threshold: 0.1 (V)
SetMagnetDAC 5.87458020512 ===>> OK
Magnet settling time: 1.049
GetData ===>> H2,-0.239198084754627,H1,92.4370977296692,AX,22.3899142469294,L1,0.206854068665282,L2,0.151085236...
setting magnet DAC
current  : 5.874580
requested: 5.875615
Delta Dac: 0.001034
Checking detector protection. dv=0.00103
Checking detector "CDD". Protection Threshold: 0.1 (V)
SetMagnetDAC 5.87561468788 ===>> OK
Magnet settling time: 1.049
GetData ===>> H2,-0.247175727010792,H1,92.8166004239739,AX,22.2537379453476,L1,0.23697226773042,L2,0.1259980101...
setting magnet DAC
current  : 5.875615
requested: 5.876649
Delta Dac: 0.001034
Checking detector protection. dv=0.00103
Checking detector "CDD". Protection Threshold: 0.1 (V)
SetMagnetDAC 5.87664917063 ===>> OK
Magnet settling time: 1.049
GetData ===>> H2,-0.252025767525177,H1,92.9186909143926,AX,22.5115956784289,L1,0.284805754006859,L2,0.085986090...
setting magnet DAC
current  : 5.876649
requested: 5.877684
Delta Dac: 0.001034
Checking detector protection. dv=0.00103
Checking detector "CDD". Protection Threshold: 0.1 (V)
SetMagnetDAC 5.87768365339 ===>> OK
Magnet settling time: 1.049
GetData ===>> H2,-0.229760659833042,H1,92.9395016676121,AX,22.5589085002366,L1,0.282601474595927,L2,-0.02363604...
setting magnet DAC
current  : 5.877684
requested: 5.878718
Delta Dac: 0.001034
Checking detector protection. dv=0.00103
Checking detector "CDD". Protection Threshold: 0.1 (V)
SetMagnetDAC 5.87871813615 ===>> OK
Magnet settling time: 1.049
GetData ===>> H2,-0.159135983117495,H1,92.7784002245914,AX,22.574028101142,L1,0.320346363000356,L2,0.1371496107...
setting magnet DAC
current  : 5.878718
requested: 5.879753
Delta Dac: 0.001034
Checking detector protection. dv=0.00103
Checking detector "CDD". Protection Threshold: 0.1 (V)
SetMagnetDAC 5.87975261891 ===>> OK
Magnet settling time: 1.049
GetData ===>> H2,-0.14775845293576,H1,92.7520919146725,AX,22.5521001891294,L1,0.307398459986761,L2,0.1846211605...
setting magnet DAC
current  : 5.879753
requested: 5.880787
Delta Dac: 0.001034
Checking detector protection. dv=0.00103
Checking detector "CDD". Protection Threshold: 0.1 (V)
SetMagnetDAC 5.88078710167 ===>> OK
Magnet settling time: 1.049
GetData ===>> H2,-0.194909140623083,H1,92.6492867637508,AX,22.3857011594516,L1,0.290361092646258,L2,0.076413069...
setting magnet DAC
current  : 5.880787
requested: 5.881822
Delta Dac: 0.001034
Checking detector protection. dv=0.00103
Checking detector "CDD". Protection Threshold: 0.1 (V)
SetMagnetDAC 5.88182158443 ===>> OK
Magnet settling time: 1.049
GetData ===>> H2,-0.206673940103347,H1,92.7126369228918,AX,22.5998968189365,L1,0.274770027933857,L2,0.191512308...
setting magnet DAC
current  : 5.881822
requested: 5.882856
Delta Dac: 0.001034
Checking detector protection. dv=0.00103
Checking detector "CDD". Protection Threshold: 0.1 (V)
SetMagnetDAC 5.88285606719 ===>> OK
Magnet settling time: 1.049
GetData ===>> H2,-0.144951295241572,H1,92.2443108893684,AX,22.440122020882,L1,0.298284803090956,L2,0.0461731713...
setting magnet DAC
current  : 5.882856
requested: 5.883891
Delta Dac: 0.001034
Checking detector protection. dv=0.00103
Checking detector "CDD". Protection Threshold: 0.1 (V)
SetMagnetDAC 5.88389054994 ===>> OK
Magnet settling time: 1.049
GetData ===>> H2,-0.170027688176401,H1,91.8331377550048,AX,21.8951718151516,L1,0.258120902970609,L2,0.079102535...
setting magnet DAC
current  : 5.883891
requested: 5.884925
Delta Dac: 0.001034
Checking detector protection. dv=0.00103
Checking detector "CDD". Protection Threshold: 0.1 (V)
SetMagnetDAC 5.8849250327 ===>> OK
Magnet settling time: 1.049
GetData ===>> H2,-0.0397064356856099,H1,89.2391532474732,AX,20.8567824917482,L1,0.254466060991444,L2,0.07926208...
setting magnet DAC
current  : 5.884925
requested: 5.885960
Delta Dac: 0.001034
Checking detector protection. dv=0.00103
Checking detector "CDD". Protection Threshold: 0.1 (V)
SetMagnetDAC 5.88595951546 ===>> OK
Magnet settling time: 1.049
GetData ===>> H2,-0.106318267464331,H1,81.7108699736114,AX,17.7679711688232,L1,0.226905982841691,L2,-0.06124129...
setting magnet DAC
current  : 5.885960
requested: 5.886994
Delta Dac: 0.001034
Checking detector protection. dv=0.00103
Checking detector "CDD". Protection Threshold: 0.1 (V)
SetMagnetDAC 5.88699399822 ===>> OK
Magnet settling time: 1.049
GetData ===>> H2,-0.218919139316132,H1,65.9214291016221,AX,13.0647189473933,L1,0.150014684755823,L2,0.048451655...
setting magnet DAC
current  : 5.886994
requested: 5.888028
Delta Dac: 0.001034
Checking detector protection. dv=0.00103
Checking detector "CDD". Protection Threshold: 0.1 (V)
SetMagnetDAC 5.88802848098 ===>> OK
Magnet settling time: 1.049
GetData ===>> H2,-0.15183838910497,H1,43.7620291208231,AX,7.56142448571972,L1,0.0925959231245883,L2,0.077347536...
setting magnet DAC
current  : 5.888028
requested: 5.889063
Delta Dac: 0.001034
Checking detector protection. dv=0.00103
Checking detector "CDD". Protection Threshold: 0.1 (V)
SetMagnetDAC 5.88906296374 ===>> OK
Magnet settling time: 1.049
GetData ===>> H2,-0.161367016205908,H1,22.4804202330328,AX,3.14683991691988,L1,0.0529749721003954,L2,-0.0187635...
setting magnet DAC
current  : 5.889063
requested: 5.890097
Delta Dac: 0.001034
Checking detector protection. dv=0.00103
Checking detector "CDD". Protection Threshold: 0.1 (V)
SetMagnetDAC 5.8900974465 ===>> OK
Magnet settling time: 1.049
GetData ===>> H2,-0.256209707378792,H1,4.82995061703104,AX,0.436758389385018,L1,0.0490003026404481,L2,-0.036931...
setting magnet DAC
current  : 5.890097
requested: 5.891132
Delta Dac: 0.001034
Checking detector protection. dv=0.00103
Checking detector "CDD". Protection Threshold: 0.1 (V)
SetMagnetDAC 5.89113192925 ===>> OK
Magnet settling time: 1.049
GetData ===>> H2,-0.235203060372306,H1,1.28452004240127,AX,0.105230523347262,L1,0.0373064004247596,L2,0.0456035...
setting magnet DAC
current  : 5.891132
requested: 5.892166
Delta Dac: 0.001034
Checking detector protection. dv=0.00103
Checking detector "CDD". Protection Threshold: 0.1 (V)
SetMagnetDAC 5.89216641201 ===>> OK
Magnet settling time: 1.049
GetData ===>> H2,-0.269555139056987,H1,0.25547886434445,AX,-0.211032399937199,L1,0.0221621747319022,L2,0.064402...
setting magnet DAC
current  : 5.892166
requested: 5.893201
Delta Dac: 0.001034
Checking detector protection. dv=0.00103
Checking detector "CDD". Protection Threshold: 0.1 (V)
SetMagnetDAC 5.89320089477 ===>> OK
Magnet settling time: 1.049
GetData ===>> H2,-0.229359905176004,H1,0.043892293101311,AX,-0.0791659170678723,L1,0.027628099677086,L2,-0.1811...
setting magnet DAC
current  : 5.893201
requested: 5.894235
Delta Dac: 0.001034
Checking detector protection. dv=0.00103
Checking detector "CDD". Protection Threshold: 0.1 (V)
SetMagnetDAC 5.89423537753 ===>> OK
Magnet settling time: 1.049
GetData ===>> H2,-0.20337198564564,H1,-0.00834031819507681,AX,-0.118406305313498,L1,-0.0135203188051685,L2,0.00...
result of _do_sweep=True
result of _calculate_peak_center=([5.8715202921871796, 5.8791534896165212, 5.8867866870458627], [68.574958535683066, 92.938709274202949, 69.085645709237198], 5.877644264269275, 92.938709274202949)
Failed to find a valid peak. No peak greater than 1.0. max = 0.0125023178155
new center pos Detector(H1) (Ar40) @ 5.87915348962
GetHighVoltage ===>> 4499.94659342336
GetDeflection H1 ===>> 0
dac uncorrected for HV and deflection 5.8791881116
update mftable H1 Ar40 5.8791881116 message=automated run peakcenter
get initial guess parabolic
get initial guess parabolic
get initial guess parabolic
get initial guess parabolic
get initial guess parabolic
get initial guess parabolic
dump mftable to /Users/jan/PychronDev/setupfiles/spectrometer/mftables/mftable.csv
add to repo msg=modified - automated run peakcenter
locally archiving mftable
setting magnet DAC
current  : 5.894235
requested: 5.879153
Delta Dac: 0.015082
Checking detector protection. dv=0.01508
Checking detector "CDD". Protection Threshold: 0.1 (V)
SetMagnetDAC 5.87915348962 ===>> OK
Magnet settling time: 0.500
sweep finished
setting integration time = 1.048576
SetIntegrationTime 1.048576 ===>> OK
Failed to find a valid peak. No peak greater than 1.0. max = 0.0125023178155
flush and close file /Users/jan/PychronDev/data/isotopes/70/0a9b26-6083-477a-972f-3cf8d5486316.h5
finished measure script
executed snippet estimated_duration=226.132928, duration=273.366576195
jan_unknown120_60.py completed successfully
Measurement Finished
03:01:51 -- ******* Measurement Finished *******
Post Measurement Started jan_pump_ms.py
03:01:51 -- ******* Post Measurement Started jan_pump_ms.py *******
testing...
no interpolation path defined
executed snippet estimated_duration=0, duration=2.69412994385e-05
Pumping spectrometer
open () {'name': 'O'}
opening name=O desc=---
checking ownership. requestor=129.138.12.150
check software interlocks O
interlocks []
actuate state mode=None-script, software_lock=False
doing actuation None-script open_channel True
Open O ===>> OK
GetIndicatorState O ===>> OK
change switch state (True, True)
update switch state O True args=() kw={} ncanvase=2
03:01:51 -- OPEN   VALVE-O (Jan Ion Pump)
---------------------------------------- open O () result=[(True, True)], time=0.13 sec
action=open, ok=True, locked=[False]
executed snippet estimated_duration=0, duration=0.380486011505
jan_pump_ms.py completed successfully
setting _ms_pumptime
Post Measurement Finished
03:01:51 -- ******* Post Measurement Finished *******
$$$$$$$$$$$$$$$$$$$$ state at run end measurement
state changed from measurement to success
post measurement save measured=True aborted=False
Set filtering
setting fod for Ar40= {'filter_outliers': True, 'std_devs': 2, 'iterations': 1}
setting fod for H1= {'filter_outliers': True, 'std_devs': 2, 'iterations': 1}
setting fod for PM41= {'filter_outliers': False, 'std_devs': 2, 'iterations': 1}
setting fod for H2= {'filter_outliers': True, 'std_devs': 2, 'iterations': 1}
setting fod for Ar36= {'filter_outliers': True, 'std_devs': 2, 'iterations': 1}
setting fod for CDD= {'filter_outliers': True, 'std_devs': 10, 'iterations': 1}
setting fod for Ar37= {'filter_outliers': True, 'std_devs': 2, 'iterations': 1}
setting fod for L2= {'filter_outliers': True, 'std_devs': 2, 'iterations': 1}
setting fod for Ar38= {'filter_outliers': True, 'std_devs': 2, 'iterations': 1}
setting fod for L1= {'filter_outliers': True, 'std_devs': 2, 'iterations': 1}
setting fod for Ar39= {'filter_outliers': True, 'std_devs': 2, 'iterations': 1}
setting fod for AX= {'filter_outliers': True, 'std_devs': 2, 'iterations': 1}
persistence save...
persistence save - db
post measurement save
6870011824 connecting to database sqlite:////Users/jan/PychronDev/.appdata/local_lab.db
connected to db sqlite:////Users/jan/PychronDev/.appdata/local_lab.db
create new session 6870011824
close session 6870011824
No database instance. Not saving post measurement to isotopedb database
$$$$$$$$$$$$$$$ auto_save_detector_ic=False
massspec enabled True
create new session 4985539184
MassSpec Database Version: 16.0
close session 4985539184
saving post measurement to secondary database
saving to massspec database 129.138.12.160/massspecdata
setting labnumber to 65580
setting aliquot to 7
setting step to B
setting uuid to 700a9b26-6083-477a-972f-3cf8d5486316
setting irradpos to 65580
setting extract_device to Fusions CO2
setting tray to 
setting position to 195
setting power_requested to 0.4
setting extract_value to 0.4
setting duration to 30.0
setting duration_at_request to 30.0
setting first_stage_delay to 30.0
setting cleanup to 30.0
setting comment to O:3 with inclusions
setting irradiation to NM-289
setting level to O
setting irradiation_level to O
setting sample to Bw-2014-12 W
setting material to Sanidine
setting project to Bustos Wells
setting mass_spectrometer to Jan
no attribute chron_dosages
no attribute production_ratios
no attribute interference_corrections
no attribute production_name
no attribute j
Reference Isotope=Ar40
Reference Detector=H1
%%%%%%%%%%%%%%%%%%%% Comment: O:3 with inclusions %%%%%%%%%%%%%%%%%%%
adding isotope PM41 H2
add baseline dbdet= PM41. original det= H2
get baseline data PM41 H2
Get data baseline <pychron.processing.isotope.Baseline object at 0x196446e10> len t=60
baseline PM41. v=-0.187593890359, e=0.00927897610516
get signal data PM41 H2
Get data signal PM41 0.01+/-0.07 len t=120
adding isotope Ar40 H1
add baseline dbdet= Ar40. original det= H1
get baseline data Ar40 H1
Get data baseline <pychron.processing.isotope.Baseline object at 0x199944310> len t=60
baseline Ar40. v=-0.0347738130092, e=0.00560596369059
get signal data Ar40 H1
Get data signal Ar40 98.960+/-0.017 len t=120
adding isotope Ar39 AX
add baseline dbdet= Ar39. original det= AX
get baseline data Ar39 AX
Get data baseline <pychron.processing.isotope.Baseline object at 0x199944390> len t=60
baseline Ar39. v=-0.0643610779287, e=0.00635840946515
get signal data Ar39 AX
Get data signal Ar39 24.605+/-0.014 len t=120
adding isotope Ar38 L1
add baseline dbdet= Ar38. original det= L1
get baseline data Ar38 L1
Get data baseline <pychron.processing.isotope.Baseline object at 0x18beddf10> len t=60
baseline Ar38. v=-0.0203228115259, e=0.00252252170854
get signal data Ar38 L1
Get data signal Ar38 0.338+/-0.005 len t=120
adding isotope Ar37 L2
add baseline dbdet= Ar37. original det= L2
get baseline data Ar37 L2
Get data baseline <pychron.processing.isotope.Baseline object at 0x199f7ca90> len t=60
baseline Ar37. v=-0.0182546494861, e=0.00690655016874
get signal data Ar37 L2
Get data signal Ar37 0.158+/-0.009 len t=120
adding isotope Ar36 CDD
add baseline dbdet= Ar36. original det= CDD
get baseline data Ar36 CDD
Get data baseline <pychron.processing.isotope.Baseline object at 0x199f7c9d0> len t=60
baseline Ar36. v=2.72919921483e-05, e=9.01540572613e-06
get signal data Ar36 CDD
Get data signal Ar36 0.00746+/-0.00022 len t=120
65580-07B added analysis time 0.484628200531s
analysis added to mass spec database
mass spec save time= 0.497
persistence save - dvc
================= post measurement started
create new session 4989601072
close session 4989601072
---------------- Experiment Queue saving disabled
DVC saving peakcenter
Failed to find a valid peak. No peak greater than 1.0. max = 0.0125023178155
Smart pull ahead: 0 behind: 0
Up-to-date with origin
add to repo msg=modified - ad8224ebc6dbfeb9f5997218dfa5fe690569839d.json
add to repo msg=modified - 80-07B.json
add to repo msg=modified - 80-07B.dat.json
add to repo msg=modified - 80-07B.blan.json
add to repo msg=modified - 80-07B.inte.json
add to repo msg=modified - 80-07B.icfa.json
add to repo msg=modified - 80-07B.base.json
not at valid file /Users/jan/PychronDev/data/.dvc/repositories/Load1789/655/tags/80-07B.tags.json
add to repo msg=modified - 80-07B.peak.json
add to repo msg=modified - 80-07B.extr.json
not at valid file /Users/jan/PychronDev/data/.dvc/repositories/Load1789/655/monitor/80-07B.moni.json
commit message=<COLLECTION>
add to repo msg=modified - 80-07B.inte.json
add to repo msg=modified - 80-07B.base.json
commit message=<ISOEVO> default collection fits
add to repo msg=modified - 80-07B.blan.json
commit message=<BLANKS> preceding bc-02-J-360
add to repo msg=modified - 80-07B.icfa.json
commit message=<ICFactor> default
push repository <pychron.git_archive.repo_manager.GitRepoManager object at 0x18e975230>
pushing to remote=origin, url=https://github.com
no changes to meta repo
create new session 4989601072
add association Load1789
get identifier "65580"
setting analysis irradiation position=<pychron.dvc.dvc_orm.IrradiationPositionTbl object at 0x1933e2090>
close session 4989601072
================= post measurement finished
03:02:05 -- ******* Post Run Check *******
loading queue conditionals post_run_actions
loading system conditionals post_run_actions
loading conditionals from /Users/jan/PychronDev/setupfiles/spectrometer/default_conditionals.yaml
loading queue conditionals post_run_terminations
loading system conditionals post_run_terminations
loading conditionals from /Users/jan/PychronDev/setupfiles/spectrometer/default_conditionals.yaml
Checking default post run terminations n=1
GetDeflection CDD ===>> 50
testing CDD==2000
evaluate ot="CDD.deflection==2000" t="CDD==2000", ctx="{'CDD': 50.0}"
03:02:05 -- ******* Post Run Check Passed *******
03:02:05 -- Automated run 65580-07B success duration: 364.240 s
----------------- finish -----------------
----------------- stop -----------------
retroactive repository identifiers disabled
finish run. runs completed=126
update duration runid=65580-07B, duration=364.239556074, md5=301e91d8
loading script "jan_unknown120_60.py"
loading script "jan_pump_ms.py"
loading script "jan_co2.py"
loading script "jan_pump_extraction_line.py"
testing...
no interpolation path defined
executed snippet estimated_duration=213.652928, duration=0.000196218490601
script duration name:unknown120_60 seconds:214.0
loading script "jan_unknown120_60.py"
loading script "jan_pump_ms.py"
loading script "jan_co2.py"
loading script "jan_pump_extraction_line.py"
testing...
no interpolation path defined
executed snippet estimated_duration=0, duration=2.59876251221e-05
loading script "jan_unknown120_60.py"
loading script "jan_pump_ms.py"
loading script "jan_co2.py"
loading script "jan_pump_extraction_line.py"
testing...
no interpolation path defined
calculate duration
testing...
no interpolation path defined
executed snippet estimated_duration=0, duration=5.79357147217e-05
calculate duration
testing...
no interpolation path defined
executed snippet estimated_duration=0, duration=9.70363616943e-05
executed snippet estimated_duration=0.0, duration=0.00214910507202
script duration name:co2 seconds:0.0
loading script "jan_unknown120_60.py"
loading script "jan_pump_ms.py"
loading script "jan_co2.py"
loading script "jan_pump_extraction_line.py"
testing...
no interpolation path defined
calculate duration
testing...
no interpolation path defined
executed snippet estimated_duration=4.0, duration=0.000146150588989
executed snippet estimated_duration=4.0, duration=0.00120997428894
Script duration 214.0
Run total estimated duration= 215.000
unknown120_60 in script context. using previous estimated duration
script duration name:unknown120_60 seconds:214.0
pump_ms in script context. using previous estimated duration
co2 in script context. using previous estimated duration
script duration name:co2 seconds:0.0
pump_extraction_line in script context. using previous estimated duration
Script duration 214.0
Run total estimated duration= 215.000
loading script "jan_unknown400_120.py"
loading script "jan_pump_ms.py"
loading script "jan_co2.py"
loading script "jan_pump_extraction_line.py"
testing...
no interpolation path defined
executed snippet estimated_duration=556.052928, duration=0.000530004501343
script duration name:unknown400_120 seconds:556.0
script duration name:co2 seconds:0.0
Script duration 556.0
Run total estimated duration= 557.000
script duration name:unknown120_60 seconds:214.0
script duration name:co2 seconds:0.0
Script duration 214.0
Run total estimated duration= 215.000
script duration name:unknown120_60 seconds:214.0
script duration name:co2 seconds:0.0
Script duration 214.0
Run total estimated duration= 215.000
script duration name:unknown120_60 seconds:214.0
script duration name:co2 seconds:0.0
Script duration 214.0
Run total estimated duration= 215.000
script duration name:unknown120_60 seconds:214.0
script duration name:co2 seconds:0.0
Script duration 214.0
Run total estimated duration= 215.000
script duration name:unknown120_60 seconds:214.0
script duration name:co2 seconds:0.0
Script duration 214.0
Run total estimated duration= 215.000
script duration name:unknown120_60 seconds:214.0
script duration name:co2 seconds:0.0
Script duration 214.0
Run total estimated duration= 215.000
script duration name:unknown120_60 seconds:214.0
script duration name:co2 seconds:0.0
Script duration 214.0
Run total estimated duration= 215.000
script duration name:unknown120_60 seconds:214.0
script duration name:co2 seconds:0.0
Script duration 214.0
Run total estimated duration= 215.000
script duration name:unknown120_60 seconds:214.0
script duration name:co2 seconds:0.0
Script duration 214.0
Run total estimated duration= 215.000
script duration name:unknown120_60 seconds:214.0
script duration name:co2 seconds:0.0
Script duration 214.0
Run total estimated duration= 215.000
script duration name:unknown120_60 seconds:214.0
script duration name:co2 seconds:0.0
Script duration 214.0
Run total estimated duration= 215.000
script duration name:unknown120_60 seconds:214.0
script duration name:co2 seconds:0.0
Script duration 214.0
Run total estimated duration= 215.000
unknown400_120 in script context. using previous estimated duration
script duration name:unknown400_120 seconds:556.0
script duration name:co2 seconds:0.0
Script duration 556.0
Run total estimated duration= 557.000
script duration name:unknown400_120 seconds:556.0
loading script "jan_unknown400_120.py"
loading script "jan_pump_ms.py"
loading script "jan_sniffair_x2.py"
loading script "jan_pump_extraction_line.py"
testing...
no interpolation path defined
calculate duration
testing...
no interpolation path defined
executed snippet estimated_duration=0, duration=4.88758087158e-05
calculate duration
testing...
no interpolation path defined
executed snippet estimated_duration=0, duration=0.000100135803223
calculate duration
testing...
no interpolation path defined
executed snippet estimated_duration=32.0, duration=9.10758972168e-05
calculate duration
testing...
no interpolation path defined
executed snippet estimated_duration=34.0, duration=9.3936920166e-05
calculate duration
testing...
no interpolation path defined
executed snippet estimated_duration=4.0, duration=6.38961791992e-05
calculate duration
testing...
no interpolation path defined
executed snippet estimated_duration=36.0, duration=8.79764556885e-05
calculate duration
testing...
no interpolation path defined
executed snippet estimated_duration=34.0, duration=9.60826873779e-05
calculate duration
testing...
no interpolation path defined
executed snippet estimated_duration=4.0, duration=7.58171081543e-05
calculate duration
testing...
no interpolation path defined
executed snippet estimated_duration=36.0, duration=8.51154327393e-05
calculate duration
testing...
no interpolation path defined
executed snippet estimated_duration=70.0, duration=9.58442687988e-05
executed snippet estimated_duration=250.0, duration=0.0114529132843
script duration name:sniffair_x2 seconds:250.0
Script duration 806.0
Run total estimated duration= 807.000
script duration name:unknown400_120 seconds:556.0
loading script "jan_unknown400_120.py"
loading script "jan_pump_ms.py"
loading script "jan_cocktail_x1.py"
loading script "jan_pump_extraction_line.py"
testing...
no interpolation path defined
calculate duration
testing...
no interpolation path defined
executed snippet estimated_duration=0, duration=7.00950622559e-05
calculate duration
testing...
no interpolation path defined
executed snippet estimated_duration=0, duration=0.000130176544189
calculate duration
testing...
no interpolation path defined
executed snippet estimated_duration=32.0, duration=0.000103950500488
calculate duration
testing...
no interpolation path defined
executed snippet estimated_duration=34.0, duration=0.000139951705933
calculate duration
testing...
no interpolation path defined
executed snippet estimated_duration=4.0, duration=6.29425048828e-05
calculate duration
testing...
no interpolation path defined
executed snippet estimated_duration=38.0, duration=9.98973846436e-05
executed snippet estimated_duration=108.0, duration=0.0202779769897
script duration name:cocktail_x1 seconds:108.0
Script duration 664.0
Run total estimated duration= 665.000
script duration name:unknown400_120 seconds:556.0
sniffair_x2 in script context. using previous estimated duration
script duration name:sniffair_x2 seconds:250.0
Script duration 806.0
Run total estimated duration= 807.000
script duration name:unknown400_120 seconds:556.0
cocktail_x1 in script context. using previous estimated duration
script duration name:cocktail_x1 seconds:108.0
Script duration 664.0
Run total estimated duration= 665.000
loading script "jan_ic_peak_hop3.py"
loading script "jan_pump_ms.py"
loading script "jan_air_x1.py"
loading script "jan_pump_extraction_line.py"
testing...
no interpolation path defined
executed snippet estimated_duration=133.8, duration=0.00761604309082
script duration name:ic_peak_hop3 seconds:134.0
loading script "jan_ic_peak_hop3.py"
loading script "jan_pump_ms.py"
loading script "jan_air_x1.py"
loading script "jan_pump_extraction_line.py"
testing...
no interpolation path defined
calculate duration
testing...
no interpolation path defined
executed snippet estimated_duration=0, duration=4.60147857666e-05
calculate duration
testing...
no interpolation path defined
executed snippet estimated_duration=0, duration=9.79900360107e-05
calculate duration
testing...
no interpolation path defined
executed snippet estimated_duration=32.0, duration=9.10758972168e-05
calculate duration
testing...
no interpolation path defined
executed snippet estimated_duration=34.0, duration=9.60826873779e-05
calculate duration
testing...
no interpolation path defined
executed snippet estimated_duration=4.0, duration=6.98566436768e-05
calculate duration
testing...
no interpolation path defined
executed snippet estimated_duration=36.0, duration=8.9168548584e-05
executed snippet estimated_duration=106.0, duration=0.0105240345001
script duration name:air_x1 seconds:106.0
Script duration 240.0
Run total estimated duration= 241.000
script duration name:unknown120_60 seconds:214.0
script duration name:co2 seconds:0.0
Script duration 214.0
Run total estimated duration= 215.000
script duration name:unknown120_60 seconds:214.0
script duration name:co2 seconds:0.0
Script duration 214.0
Run total estimated duration= 215.000
script duration name:unknown120_60 seconds:214.0
script duration name:co2 seconds:0.0
Script duration 214.0
Run total estimated duration= 215.000
script duration name:unknown120_60 seconds:214.0
script duration name:co2 seconds:0.0
Script duration 214.0
Run total estimated duration= 215.000
script duration name:unknown120_60 seconds:214.0
script duration name:co2 seconds:0.0
Script duration 214.0
Run total estimated duration= 215.000
script duration name:unknown120_60 seconds:214.0
script duration name:co2 seconds:0.0
Script duration 214.0
Run total estimated duration= 215.000
script duration name:unknown120_60 seconds:214.0
script duration name:co2 seconds:0.0
Script duration 214.0
Run total estimated duration= 215.000
script duration name:unknown120_60 seconds:214.0
script duration name:co2 seconds:0.0
Script duration 214.0
Run total estimated duration= 215.000
script duration name:unknown120_60 seconds:214.0
script duration name:co2 seconds:0.0
Script duration 214.0
Run total estimated duration= 215.000
script duration name:unknown120_60 seconds:214.0
script duration name:co2 seconds:0.0
Script duration 214.0
Run total estimated duration= 215.000
script duration name:unknown120_60 seconds:214.0
script duration name:co2 seconds:0.0
Script duration 214.0
Run total estimated duration= 215.000
script duration name:unknown120_60 seconds:214.0
script duration name:co2 seconds:0.0
Script duration 214.0
Run total estimated duration= 215.000
script duration name:unknown400_120 seconds:556.0
script duration name:co2 seconds:0.0
Script duration 556.0
Run total estimated duration= 557.000
script duration name:unknown120_60 seconds:214.0
script duration name:co2 seconds:0.0
Script duration 214.0
Run total estimated duration= 215.000
script duration name:unknown120_60 seconds:214.0
script duration name:co2 seconds:0.0
Script duration 214.0
Run total estimated duration= 215.000
script duration name:unknown120_60 seconds:214.0
script duration name:co2 seconds:0.0
Script duration 214.0
Run total estimated duration= 215.000
script duration name:unknown400_120 seconds:556.0
script duration name:cocktail_x1 seconds:108.0
Script duration 664.0
Run total estimated duration= 665.000
script duration name:unknown400_120 seconds:556.0
script duration name:cocktail_x1 seconds:108.0
Script duration 664.0
Run total estimated duration= 665.000
script duration name:unknown120_60 seconds:214.0
script duration name:co2 seconds:0.0
Script duration 214.0
Run total estimated duration= 215.000
script duration name:unknown120_60 seconds:214.0
script duration name:co2 seconds:0.0
Script duration 214.0
Run total estimated duration= 215.000
script duration name:unknown400_120 seconds:556.0
script duration name:co2 seconds:0.0
Script duration 556.0
Run total estimated duration= 557.000
nruns=42 before=5.0, run_dur=13408.0, btw=1845.0
write rem/ex queues
/Users/jan/PychronDev/experiments/rem/CurrentExperiment.rem.txt
/Users/jan/PychronDev/experiments/rem/CurrentExperiment.ex.txt
doing event level: 3
