do run
loading script "jan_unknown120_60.py"
loading script "jan_pump_ms.py"
loading script "jan_co2.py"
loading script "jan_pump_extraction_line.py"
testing...
no interpolation path defined
executed snippet estimated_duration=213.652928, duration=0.000201940536499
script duration name:unknown120_60 seconds:214.0
loading script "jan_unknown120_60.py"
loading script "jan_pump_ms.py"
loading script "jan_co2.py"
loading script "jan_pump_extraction_line.py"
testing...
no interpolation path defined
executed snippet estimated_duration=0, duration=2.78949737549e-05
loading script "jan_unknown120_60.py"
loading script "jan_pump_ms.py"
loading script "jan_co2.py"
loading script "jan_pump_extraction_line.py"
testing...
no interpolation path defined
calculate duration
testing...
no interpolation path defined
executed snippet estimated_duration=0, duration=5.81741333008e-05
calculate duration
testing...
no interpolation path defined
executed snippet estimated_duration=0, duration=9.29832458496e-05
executed snippet estimated_duration=0.0, duration=0.00258898735046
script duration name:co2 seconds:0.0
loading script "jan_unknown120_60.py"
loading script "jan_pump_ms.py"
loading script "jan_co2.py"
loading script "jan_pump_extraction_line.py"
testing...
no interpolation path defined
calculate duration
testing...
no interpolation path defined
executed snippet estimated_duration=4.0, duration=0.000147104263306
executed snippet estimated_duration=4.0, duration=0.00135612487793
Script duration 214.0
Run total estimated duration= 215.000
run duration: 0:03:35
doing event level: 2
06:33:15 -- Setting default integration. t=1.048576
setting integration time = 1.048576
SetIntegrationTime 1.048576 ===>> OK
----------------- start -----------------
**************** Experiment Type: Ar/Ar, Ar/Ar
create new session 4436069840
close session 4436069840
$$$$$ Clearing conditionals
adding conditionals 
Add queue conditionals
add default conditionals
adding default conditionals from /Users/jan/PychronDev/setupfiles/spectrometer/default_conditionals.yaml
Start automated run 65580-18
loading script "jan_unknown120_60.py"
loading script "jan_pump_ms.py"
loading script "jan_co2.py"
loading script "jan_pump_extraction_line.py"
%%%%%%%%%%%%%%%%%% setting automated run 65580-18
No value "sensitivity_multiplier" in metadata
$$$$$$$$$$$$$$$ auto_save_detector_ic=False
============================= Pre Extraction Check =============================
loading queue conditionals pre_run_terminations
loading system conditionals pre_run_terminations
loading conditionals from /Users/jan/PychronDev/setupfiles/spectrometer/default_conditionals.yaml
06:33:15 -- ******* Pre Extraction Check *******
Get a measurement from the spectrometer
GetData ===>> H2,-0.206609258007966,H1,0.0170209494934738,AX,-0.163810571272331,L1,-0.0456926518630561,L2,0.021...
Pre Extraction Termination data. keys=H2,H1,AX,L1,L2,CDD, signals=-0.20661,0.01702,-0.16381,-0.04569,0.02145,0.00417
06:33:15 -- testing system defined conditionals
Checking default pre extraction terminations n=2
testing CDD
evaluate ot="CDD.inactive" t="CDD", ctx="{'CDD': False}"
GetDeflection CDD ===>> 50
testing CDD==2000
evaluate ot="CDD.deflection==2000" t="CDD==2000", ctx="{'CDD': 50.0}"
06:33:15 -- ******* Pre Extraction Check Passed *******
=================================================================================
06:33:15 -- stopping status monitor
stop 4982387056
Alive clients [4989850544]
06:33:15 -- starting status monitor
start 4982387056
Monitor already running
start extraction
do extraction
Analysis started at 06:33:15.732189
Extraction Started jan_co2.py
06:33:15 -- ******* Extraction Started jan_co2.py *******
state changed from not run to extraction
DO EXTRACTION <pychron.extraction_line.pyscript_runner.RemotePyScriptRunner object at 0x12c299590>
testing...
no interpolation path defined
calculate duration
testing...
no interpolation path defined
executed snippet estimated_duration=0, duration=4.98294830322e-05
calculate duration
testing...
no interpolation path defined
executed snippet estimated_duration=0, duration=9.10758972168e-05
executed snippet estimated_duration=100.0, duration=0.00296115875244
Jan CO2 laser analysis
doing GOSUB
testing...
no interpolation path defined
executed snippet estimated_duration=0, duration=4.60147857666e-05
Waiting for CO2 access
wait ('FelixCO2Flag', 0) {}
waiting for FelixCO2Flag = 0
Read FelixCO2Flag ===>> 0
finished waiting
CO2 free
wait ('CO2PumpTimeFlag', 0) {}
waiting for CO2PumpTimeFlag = 0
Read CO2PumpTimeFlag ===>> 0
finished waiting
acquire ('JanCO2Flag',) {'clear': True}
acquire JanCO2Flag
Set JanCO2Flag 1 ===>> OK
JanCO2Flag acquired
set extraction state False (0.75, 'red', 1.5)
CO2 acquired
executed snippet estimated_duration=0, duration=0.0209360122681
WaitForCO2Access.py completed successfully
gosub finished
doing GOSUB
testing...
no interpolation path defined
executed snippet estimated_duration=0, duration=9.60826873779e-05
Prepare for CO2 analysis
close () {'description': 'Jan Inlet'}
closing name=--- desc=Jan Inlet
checking ownership. requestor=129.138.12.150
check software interlocks R
interlocks []
actuate state mode=None-script, software_lock=False
doing actuation None-script close_channel False
Close R ===>> OK
GetIndicatorState R ===>> False
change switch state (True, True)
update switch state R False args=() kw={} ncanvase=2
06:33:16 -- CLOSE  VALVE-R (Jan Inlet)
---------------------------------------- close None (Jan Inlet) result=[(True, True)]
action=close, ok=True, locked=[False]
open () {'description': 'Jan Ion Pump'}
opening name=--- desc=Jan Ion Pump
checking ownership. requestor=129.138.12.150
check software interlocks O
interlocks []
actuate state mode=None-script, software_lock=False
doing actuation None-script open_channel False
Open O ===>> OK
GetIndicatorState O ===>> OK
change switch state (True, True)
update switch state O True args=() kw={} ncanvase=2
06:33:16 -- OPEN   VALVE-O (Jan Ion Pump)
---------------------------------------- open None (Jan Ion Pump) result=[(True, True)], time=0.12 sec
action=open, ok=True, locked=[False]
close () {'description': 'Microbone to Minibone'}
closing name=--- desc=Microbone to Minibone
checking ownership. requestor=129.138.12.150
check software interlocks L
interlocks []
actuate state mode=None-script, software_lock=False
doing actuation None-script close_channel False
Close L ===>> OK
GetIndicatorState L ===>> False
change switch state (True, True)
update switch state L False args=() kw={} ncanvase=2
06:33:17 -- CLOSE  VALVE-L (Microbone to Minibone)
---------------------------------------- close None (Microbone to Minibone) result=[(True, True)]
action=close, ok=True, locked=[False]
open () {'description': 'Microbone to Turbo'}
opening name=--- desc=Microbone to Turbo
checking ownership. requestor=129.138.12.150
check software interlocks U
interlocks []
actuate state mode=None-script, software_lock=False
doing actuation None-script open_channel False
Open U ===>> OK
GetIndicatorState U ===>> OK
change switch state (True, True)
update switch state U True args=() kw={} ncanvase=2
06:33:17 -- OPEN   VALVE-U (Microbone to Turbo)
---------------------------------------- open None (Microbone to Turbo) result=[(True, True)], time=0.17 sec
action=open, ok=True, locked=[False]
open () {'description': 'Microbone to Inlet Pipette'}
opening name=--- desc=Microbone to Inlet Pipette
checking ownership. requestor=129.138.12.150
check software interlocks S
interlocks []
actuate state mode=None-script, software_lock=False
doing actuation None-script open_channel False
Open S ===>> OK
GetIndicatorState S ===>> OK
change switch state (True, True)
update switch state S True args=() kw={} ncanvase=2
06:33:18 -- OPEN   VALVE-S (Microbone to Inlet Pipette)
---------------------------------------- open None (Microbone to Inlet Pipette) result=[(True, True)], time=0.46 sec
action=open, ok=True, locked=[False]
open () {'description': 'Microbone to Getter D-50'}
opening name=--- desc=Microbone to Getter D-50
checking ownership. requestor=129.138.12.150
check software interlocks K
interlocks []
actuate state mode=None-script, software_lock=False
doing actuation None-script open_channel False
Open K ===>> OK
GetIndicatorState K ===>> OK
change switch state (True, True)
update switch state K True args=() kw={} ncanvase=2
06:33:19 -- OPEN   VALVE-K (Microbone to Getter D-50)
---------------------------------------- open None (Microbone to Getter D-50) result=[(True, True)], time=0.42 sec
action=open, ok=True, locked=[False]
open () {'description': 'Microbone to Getter NP-10'}
opening name=--- desc=Microbone to Getter NP-10
checking ownership. requestor=129.138.12.150
check software interlocks M
interlocks []
actuate state mode=None-script, software_lock=False
doing actuation None-script open_channel False
Open M ===>> OK
GetIndicatorState M ===>> OK
change switch state (True, True)
update switch state M True args=() kw={} ncanvase=2
06:33:19 -- OPEN   VALVE-M (Microbone to Getter NP-10)
---------------------------------------- open None (Microbone to Getter NP-10) result=[(True, True)], time=0.19 sec
action=open, ok=True, locked=[False]
close () {'description': 'CO2 Laser to Felix'}
closing name=--- desc=CO2 Laser to Felix
checking ownership. requestor=129.138.12.150
check software interlocks F
interlocks []
actuate state mode=None-script, software_lock=True
VALVE-F(CO2 Laser to Felix) software locked
change switch state (True, False)
---------------------------------------- close None (CO2 Laser to Felix) result=[(True, False)]
action=close, ok=True, locked=[True]
open () {'description': 'CO2 Laser to Jan'}
opening name=--- desc=CO2 Laser to Jan
checking ownership. requestor=129.138.12.150
check software interlocks A
interlocks []
actuate state mode=None-script, software_lock=False
doing actuation None-script open_channel False
Open A ===>> OK
GetIndicatorState A ===>> OK
change switch state (True, True)
update switch state A True args=() kw={} ncanvase=2
06:33:20 -- OPEN   VALVE-A (CO2 Laser to Jan)
---------------------------------------- open None (CO2 Laser to Jan) result=[(True, True)], time=0.23 sec
action=open, ok=True, locked=[False]
open () {'description': 'Microbone to CO2 Laser'}
opening name=--- desc=Microbone to CO2 Laser
checking ownership. requestor=129.138.12.150
check software interlocks T
interlocks []
actuate state mode=None-script, software_lock=False
doing actuation None-script open_channel False
Open T ===>> OK
GetIndicatorState T ===>> OK
change switch state (True, True)
update switch state T True args=() kw={} ncanvase=2
06:33:20 -- OPEN   VALVE-T (Microbone to CO2 Laser)
---------------------------------------- open None (Microbone to CO2 Laser) result=[(True, True)], time=0.45 sec
action=open, ok=True, locked=[False]
executed snippet estimated_duration=0, duration=5.30721116066
PrepareForCO2Analysis.py completed successfully
gosub finished
set_motor ('beam', '1.25') {}
setting motor "beam" to 1.25
set motor beam to 1.25
SetMotor beam,1.25 ===>> OK
GetMotorMoving beam ===>> False
GetMotorMoving beam ===>> False
Block completed
move_to_position ('206',) {'autocenter': True}
FusionsCO2 move to position 206
sending GoToHole 206,True
GoToHole 206,True ===>> OK
GetDriveMoving ===>> OK
GetDriveMoving ===>> OK
GetDriveMoving ===>> OK
GetDriveMoving ===>> OK
GetDriveMoving ===>> OK
GetDriveMoving ===>> OK
GetDriveMoving ===>> False
GetDriveMoving ===>> OK
GetDriveMoving ===>> OK
GetDriveMoving ===>> OK
GetDriveMoving ===>> OK
GetDriveMoving ===>> OK
GetDriveMoving ===>> False
Block completed
GetAutoCorrecting ===>> False
GetAutoCorrecting ===>> False
Block completed
update position
GetPosition ===>> 7.97560,-11.96340,1.00000
got position (7.9756, -11.9634, 1.0)
move to position succeeded
sleep (5,) {}
SLEEP 5.0
block started
WaitControl setup for 5.0  
Join finished
block finished. duration 5.0559091568
close () {'description': 'Microbone to Turbo'}
closing name=--- desc=Microbone to Turbo
checking ownership. requestor=129.138.12.150
check software interlocks U
interlocks []
actuate state mode=None-script, software_lock=False
doing actuation None-script close_channel True
Close U ===>> OK
GetIndicatorState U ===>> False
change switch state (True, True)
update switch state U False args=() kw={} ncanvase=2
06:33:32 -- CLOSE  VALVE-U (Microbone to Turbo)
---------------------------------------- close None (Microbone to Turbo) result=[(True, True)]
action=close, ok=True, locked=[False]
enable laser
enable () {}
set extraction state FusionsCO2 Enabled (False, 'red', 1.5)
enabling laser
Enable ===>> OK
begin interval
BEGIN INTERVAL Interval 1 waiting for 30.0
block started
WaitControl setup for 30.0  
set extract to 5.0
extract (5.0,) {}
GetPosition ===>> 7.97560,-11.96340,1.00000
set extraction state FusionsCO2 ON! 5.0(watts) (0.75, 'red', 1.5)
extract sample to 5.0 (watts)
set laser output
SetLaserOutput 5.0,watts ===>> OK
executing pattern triangle.lp
execute_pattern ('triangle.lp',) {}
executing pattern triangle.lp
IsPatterning ===>> OK
IsPatterning ===>> OK
IsPatterning ===>> OK
IsPatterning ===>> OK
IsPatterning ===>> OK
IsPatterning ===>> OK
IsPatterning ===>> OK
IsPatterning ===>> OK
IsPatterning ===>> OK
IsPatterning ===>> OK
IsPatterning ===>> OK
IsPatterning ===>> OK
IsPatterning ===>> OK
IsPatterning ===>> OK
IsPatterning ===>> OK
IsPatterning ===>> OK
IsPatterning ===>> OK
IsPatterning ===>> OK
IsPatterning ===>> OK
IsPatterning ===>> OK
IsPatterning ===>> OK
IsPatterning ===>> OK
IsPatterning ===>> OK
IsPatterning ===>> OK
IsPatterning ===>> OK
IsPatterning ===>> OK
IsPatterning ===>> OK
IsPatterning ===>> False
IsPatterning ===>> False
Block completed
COMPLETE INTERVAL waiting for Interval 1 to complete
Join finished
block finished. duration 30.1291329861
Interval 1 finished
end_extract () {}
ending extraction. set laser power to 0
set laser power 0
SetLaserPower 0 ===>> OK
disable () {}
%%%%%%%%%%%%%%%%%%%%%%%%%%%%%%%%%%% disable
set extraction state False (0.75, 'red', 1.5)
disabling laser
Disable ===>> OK
sleep (30.0,) {}
SLEEP 30.0
block started
WaitControl setup for 30.0  
Join finished
block finished. duration 30.1343328953
executed snippet estimated_duration=165.5, duration=77.7947800159
jan_co2.py completed successfully
GetAchievedOutput ===>> No Response
Requested Output= 0.000
Achieved Output=  0.000
GetResponseBlob ===>> No Response
GetOutputBlob ===>> No Response
persistence save...
persistence save - db
AutomatedRunPersister post_extraction_save deprecated
persistence save - dvc
no extraction position for 206
create new session 4989601072
close session 4989601072
Extraction Finished
06:34:34 -- ******* Extraction Finished *******
no overlap. not waiting for min ms pumptime
06:34:34 -- Sending spectrometer configuration
======== Sending configuration ========
SetDeflection CDD,50.0 ===>> OK
SetDeflection H2,0.0 ===>> OK
SetDeflection H1,0.0 ===>> OK
SetDeflection L2,825.0 ===>> OK
SetDeflection L1,400.0 ===>> OK
SetDeflection AX,190.0 ===>> OK
SetZFocus 74.64 ===>> OK
SetZSymmetry -50.72 ===>> OK
SetExtractionLens 26.13 ===>> OK
SetIonRepeller -3.81 ===>> OK
SetElectronEnergy 75.08 ===>> OK
SetYSymmetry -2.81 ===>> OK
SetIonCounterVoltage 1590.0 ===>> OK
send trap current 200.0
GetParameter Trap Current Readback ===>> 198.258926936459
SetParameter Trap Current Set,200.0 ===>> OK
updating mftable name mftable
Using mftable located at /Users/jan/PychronDev/setupfiles/spectrometer/mftables/mftable.csv
============ MFtable ===========
Isotope  H2     H1     AX     L1     L2     CDD    
Ar40     5.8077 5.8794 5.9927 6.1476 6.2311 6.3758
Ar39     5.7069 5.7717 5.8851 6.0336 6.1162 6.2623
Ar36     5.3844 5.4407 5.5484 5.6925 5.7712 5.9134
================================
get initial guess parabolic
get initial guess parabolic
get initial guess parabolic
get initial guess parabolic
get initial guess parabolic
get initial guess parabolic
======== Configuration Finished ========
GetYSymmetry ===>> -2.81
GetZSymmetry ===>> -50.72
GetParameter Trap Current Readback ===>> 198.258926936459
GetHighVoltage ===>> 4499.94659342336
start measurement
do measurement
L#=65580 analysis type=unknown
Measurement Started jan_unknown120_60.py
06:34:34 -- ******* Measurement Started jan_unknown120_60.py *******
state changed from extraction to measurement
setting spec, defl, and gains
GetExtractionLens ===>> 26.13
GetYSymmetry ===>> -2.81
GetZSymmetry ===>> -50.72
GetZFocus ===>> 74.64
GetDeflection H2 ===>> 0
GetDeflection H1 ===>> 0
GetDeflection AX ===>> 190
GetDeflection L1 ===>> 400
GetDeflection L2 ===>> 825
GetDeflection CDD ===>> 50
GetGain H2 ===>> 0.0113
GetGain H1 ===>> 0.1
GetGain AX ===>> 0.097049
GetGain L1 ===>> 0.010355
GetGain L2 ===>> 0.095649
GetGain CDD ===>> 0
pre measurement save
New frame /Users/jan/PychronDev/data/isotopes/b3/4c5185-db99-4adc-851c-a78a49b56af8.h5
flush and close file /Users/jan/PychronDev/data/isotopes/b3/4c5185-db99-4adc-851c-a78a49b56af8.h5
testing...
no interpolation path defined
executed snippet estimated_duration=226.132928, duration=0.000207185745239
unknown measurement script
activate_detectors ('H2', 'H1', 'AX', 'L1', 'L2', 'CDD') {}
activate detectors
*************** Set Analysis View Ar/Ar
create graphs
clearing graphs
clear isotope group
setting isotope det=H2, iso=PM41
setting isotope det=H1, iso=Ar40
setting isotope det=AX, iso=Ar39
setting isotope det=L1, iso=Ar38
setting isotope det=L2, iso=Ar37
setting isotope det=CDD, iso=Ar36
setting previous blanks
 - setting Ar40 blank 0.163+/-0.007
 - setting Ar36 blank 0.00426+/-0.00017
 - setting Ar37 blank 0.055+/-0.005
 - setting Ar38 blank 0.0090+/-0.0023
 - setting PM41 blank 0.02+/-0.06
 - setting Ar39 blank 0.041+/-0.008
load analysis view
position_magnet ('Ar40',) {'detector': 'H1'}
detector Detector(H1)
POSITION Ar40 H1
setting detector H2 to PM41 (40.9624)
setting detector H1 to Ar40 (39.9624)
setting detector AX to Ar39 (38.9624)
setting detector L1 to Ar38 (37.9624)
setting detector L2 to Ar37 (36.9624)
setting detector CDD to Ar36 (35.9624)
Mapping mass to dac mass func: "parabolic"
H1 map mass coeffs = [-0.00063987  0.15840543  0.57098999]
H1 map mass to dac 39.9624 >> 5.87938
GetDeflection H1 ===>> 0
GetHighVoltage ===>> 4499.94659342336
positioning Ar40 (5.87934537688) on H1
setting magnet DAC
current  : 5.879346
requested: 5.879345
Delta Dac: 0.000000
Checking detector protection. dv=0.00000
Checking detector "CDD". Protection Threshold: 0.1 (V)
SetMagnetDAC 5.87934537688 ===>> OK
Magnet settling time: 0.500
equilibrate () {'delay': 3, 'inlet': 'R', 'outlet': 'O', 'eqtime': 12.0}
Equilibration Started
06:34:35 -- ******* Equilibration Started *******
checking ownership. requestor=129.138.12.150
check software interlocks O
interlocks []
actuate state mode=None-script, software_lock=False
doing actuation None-script close_channel True
Close O ===>> OK
GetIndicatorState O ===>> False
change switch state (True, True)
update switch state O False args=() kw={} ncanvase=2
06:34:35 -- CLOSE  VALVE-O (Jan Ion Pump)
waiting 3s before opening inlet value ('R',)
update labels <pychron.experiment.plot_panel.PlotPanel object at 0x1a8ff8d70>
update labels "<pychron.graph.stacked_regression_graph.StackedRegressionGraph object at 0x1aa394d70>"
setting label 0 H2 PM41
setting label 1 H1 Ar40
setting label 2 AX Ar39
setting label 3 L1 Ar38
setting label 4 L2 Ar37
setting label 5 CDD Ar36
update labels "<pychron.graph.stacked_graph.StackedGraph object at 0x1ab7a4fb0>"
setting label 0 H2 PM41
setting label 1 H1 Ar40
setting label 2 AX Ar39
setting label 3 L1 Ar38
setting label 4 L2 Ar37
setting label 5 CDD Ar36
checking ownership. requestor=129.138.12.150
check software interlocks R
interlocks []
actuate state mode=None-script, software_lock=False
doing actuation None-script open_channel True
Open R ===>> OK
GetIndicatorState R ===>> OK
change switch state (True, True)
update switch state R True args=() kw={} ncanvase=2
06:34:39 -- OPEN   VALVE-R (Jan Inlet)
set_time_zero () {}
equilibrating for 12.0sec
sniff (12.0,) {}
py_sniff
build tables- sniff [Detector(H2), Detector(H1), Detector(AX), Detector(L1), Detector(L2), Detector(CDD)]
add group /sniff/PM41 (Group) '' table H2
add group /sniff/Ar40 (Group) '' table H1
add group /sniff/Ar39 (Group) '' table AX
add group /sniff/Ar38 (Group) '' table L1
add group /sniff/Ar37 (Group) '' table L2
add group /sniff/Ar36 (Group) '' table CDD
flush and close file /Users/jan/PychronDev/data/isotopes/b3/4c5185-db99-4adc-851c-a78a49b56af8.h5
measuring sniff. ncounts=12.0
"sniff" increment series count="1" fit count="0" regressing="False"
starting measurement
GetData ===>> H2,-0.172685575236301,H1,0.0216382027175889,AX,-0.122276177203443,L1,-0.0111792798587858,L2,-0.03...
GetData ===>> H2,0.315314728361044,H1,122.817736955898,AX,33.6001468050558,L1,0.081407945345499,L2,0.3109657638...
GetData ===>> H2,0.90087998801384,H1,473.386366455561,AX,123.972944447811,L1,0.864335110323096,L2,0.70147958010...
GetData ===>> H2,0.430017532053042,H1,609.886897695422,AX,155.166274799426,L1,1.41990889143216,L2,0.74769929041...
GetData ===>> H2,0.106309696663474,H1,655.179224977073,AX,164.498402110079,L1,1.78110322661206,L2,0.56187861552...
GetData ===>> H2,0.124548071989241,H1,671.786884912918,AX,167.742891825454,L1,1.96071341100662,L2,0.57129904524...
GetData ===>> H2,-0.00603732388373316,H1,678.896356084569,AX,169.132564789849,L1,2.02467287952346,L2,0.56918394...
GetData ===>> H2,-0.0798652386157483,H1,681.811109287494,AX,169.751695630948,L1,2.13515576052418,L2,0.644524952...
GetData ===>> H2,-0.13493540285279,H1,683.100195075237,AX,169.937497543292,L1,2.12551793765226,L2,0.66621197997...
GetData ===>> H2,0.0167581800931594,H1,683.740180039639,AX,169.890239970423,L1,2.11624881313833,L2,0.6460109923...
GetData ===>> H2,0.0415977714234435,H1,683.91181602045,AX,170.017884128075,L1,2.16563313943998,L2,0.64214733765...
Equilibration Finished
06:34:51 -- ******* Equilibration Finished *******
checking ownership. requestor=129.138.12.150
check software interlocks R
interlocks []
actuate state mode=None-script, software_lock=False
doing actuation None-script close_channel True
GetData ===>> H2,-0.0255423850473669,H1,684.208673289242,AX,169.893976674946,L1,2.18398727905661,L2,0.532045737...
Close R ===>> OK
set states for children of R. state=False
handle state [('R', False)]
update switch state R False args=() kw={'refresh': False} ncanvase=2
refresh_canvas_needed fired
GetIndicatorState R ===>> False
change switch state (True, True)
update switch state R False args=() kw={} ncanvase=2
06:34:51 -- CLOSE  VALVE-R (Jan Inlet)
Post Equilibration Started jan_pump_extraction_line.py
06:34:51 -- ******* Post Equilibration Started jan_pump_extraction_line.py *******
testing...
no interpolation path defined
calculate duration
testing...
no interpolation path defined
executed snippet estimated_duration=4.0, duration=0.000191926956177
executed snippet estimated_duration=4.0, duration=0.00194597244263
Pump after analysis
doing GOSUB
testing...
no interpolation path defined
executed snippet estimated_duration=4.0, duration=0.000149011611938
Pump Microbone
close () {'description': 'Jan Inlet'}
closing name=--- desc=Jan Inlet
checking ownership. requestor=129.138.12.150
check software interlocks R
interlocks []
actuate state mode=None-script, software_lock=False
doing actuation None-script close_channel False
Close R ===>> OK
measurement finished
estimated time: 12.583 actual time: :12.697
flush and close file /Users/jan/PychronDev/data/isotopes/b3/4c5185-db99-4adc-851c-a78a49b56af8.h5
set_fits () {}
using default fits file=/Users/jan/PychronDev/scripts/measurement/fits/nominal_linear.yaml
set "Ar40" to "('Linear', 'SEM')"
No fit for "PM41". defaulting to linear. check the measurement script "jan_unknown120_60.py"
set "PM41" to "linear"
set "Ar36" to "('Linear', 'SEM')"
set "Ar37" to "('linear', 'SEM')"
set "Ar38" to "('linear', 'SEM')"
set "Ar39" to "('Linear', 'SEM')"
set_baseline_fits () {}
using default fits file=/Users/jan/PychronDev/scripts/measurement/fits/nominal_linear.yaml
set "H1" to "('average', 'SEM')"
set "H2" to "('average', 'SEM')"
set "CDD" to "('average', 'SEM')"
set "L2" to "('average', 'SEM')"
set "L1" to "('average', 'SEM')"
set "AX" to "('average', 'SEM')"
multicollect () {'integration_time': 1, 'ncounts': 120}
build tables- signal [Detector(H2), Detector(H1), Detector(AX), Detector(L1), Detector(L2), Detector(CDD)]
add group /signal/PM41 (Group) '' table H2
add group /signal/Ar40 (Group) '' table H1
add group /signal/Ar39 (Group) '' table AX
add group /signal/Ar38 (Group) '' table L1
add group /signal/Ar37 (Group) '' table L2
add group /signal/Ar36 (Group) '' table CDD
flush and close file /Users/jan/PychronDev/data/isotopes/b3/4c5185-db99-4adc-851c-a78a49b56af8.h5
measuring signal. ncounts=120
GetIndicatorState R ===>> False
change switch state (True, True)
update switch state R False args=() kw={} ncanvase=2
06:34:52 -- CLOSE  VALVE-R (Jan Inlet)
---------------------------------------- close None (Jan Inlet) result=[(True, True)]
action=close, ok=True, locked=[False]
is_closed ('F',) {}
is F () closed?
is closed True
open () {'description': 'CO2 Laser to Jan'}
opening name=--- desc=CO2 Laser to Jan
checking ownership. requestor=129.138.12.150
check software interlocks A
interlocks []
actuate state mode=None-script, software_lock=False
doing actuation None-script open_channel False
Open A ===>> OK
"signal" increment series count="2" fit count="1" regressing="True"
GetIndicatorState A ===>> OK
change switch state (True, True)
update switch state A True args=() kw={} ncanvase=2
06:34:52 -- OPEN   VALVE-A (CO2 Laser to Jan)
---------------------------------------- open None (CO2 Laser to Jan) result=[(True, True)], time=0.13 sec
starting measurement
GetData ===>> H2,-0.0607920567595911,H1,684.14073126773,AX,170.067541628428,L1,2.19465103641734,L2,0.6442163168...
action=open, ok=True, locked=[False]
sleep (1,) {}
SLEEP 1.0
GetData ===>> H2,0.0989473937290763,H1,684.141890780224,AX,170.093408001571,L1,2.16099250556574,L2,0.6487659417...
close () {'description': 'CO2 Laser to Roughing'}
closing name=--- desc=CO2 Laser to Roughing
checking ownership. requestor=129.138.12.150
check software interlocks G
interlocks []
actuate state mode=None-script, software_lock=True
VALVE-G(CO2 Laser to Roughing) software locked
change switch state (True, False)
---------------------------------------- close None (CO2 Laser to Roughing) result=[(True, False)]
action=close, ok=True, locked=[True]
open () {'description': 'Microbone to Turbo'}
opening name=--- desc=Microbone to Turbo
checking ownership. requestor=129.138.12.150
check software interlocks U
interlocks []
actuate state mode=None-script, software_lock=False
doing actuation None-script open_channel True
Open U ===>> OK
GetIndicatorState U ===>> OK
change switch state (True, True)
update switch state U True args=() kw={} ncanvase=2
06:34:54 -- OPEN   VALVE-U (Microbone to Turbo)
---------------------------------------- open None (Microbone to Turbo) result=[(True, True)], time=0.21 sec
action=open, ok=True, locked=[False]
open () {'description': 'Microbone to Getter NP-10'}
opening name=--- desc=Microbone to Getter NP-10
checking ownership. requestor=129.138.12.150
check software interlocks M
interlocks []
actuate state mode=None-script, software_lock=False
doing actuation None-script open_channel False
Open M ===>> OK
GetIndicatorState M ===>> OK
change switch state (True, True)
update switch state M True args=() kw={} ncanvase=2
06:34:54 -- OPEN   VALVE-M (Microbone to Getter NP-10)
---------------------------------------- open None (Microbone to Getter NP-10) result=[(True, True)], time=0.17 sec
action=open, ok=True, locked=[False]
open () {'description': 'Microbone to Getter D-50'}
opening name=--- desc=Microbone to Getter D-50
checking ownership. requestor=129.138.12.150
check software interlocks K
interlocks []
actuate state mode=None-script, software_lock=False
doing actuation None-script open_channel False
GetData ===>> H2,-0.141479696251928,H1,683.9670376721,AX,169.803491751078,L1,2.18016065613533,L2,0.665285865484...
Open K ===>> OK
GetIndicatorState K ===>> OK
change switch state (True, True)
update switch state K True args=() kw={} ncanvase=2
06:34:55 -- OPEN   VALVE-K (Microbone to Getter D-50)
---------------------------------------- open None (Microbone to Getter D-50) result=[(True, True)], time=0.50 sec
action=open, ok=True, locked=[False]
open () {'description': 'Microbone to CO2 Laser'}
opening name=--- desc=Microbone to CO2 Laser
checking ownership. requestor=129.138.12.150
check software interlocks T
interlocks []
actuate state mode=None-script, software_lock=False
doing actuation None-script open_channel False
Open T ===>> OK
GetData ===>> H2,-0.206859899066971,H1,683.237127341683,AX,169.59201129136,L1,2.18121623690782,L2,0.62488853117...
GetIndicatorState T ===>> OK
change switch state (True, True)
update switch state T True args=() kw={} ncanvase=2
06:34:56 -- OPEN   VALVE-T (Microbone to CO2 Laser)
---------------------------------------- open None (Microbone to CO2 Laser) result=[(True, True)], time=0.51 sec
action=open, ok=True, locked=[False]
open () {'description': 'Microbone to Inlet Pipette'}
opening name=--- desc=Microbone to Inlet Pipette
checking ownership. requestor=129.138.12.150
check software interlocks S
interlocks []
actuate state mode=None-script, software_lock=False
doing actuation None-script open_channel False
Open S ===>> OK
GetIndicatorState S ===>> OK
change switch state (True, True)
update switch state S True args=() kw={} ncanvase=2
06:34:56 -- OPEN   VALVE-S (Microbone to Inlet Pipette)
---------------------------------------- open None (Microbone to Inlet Pipette) result=[(True, True)], time=0.44 sec
testing H1>-5.0
evaluate ot="H1.bs>-5.0" t="H1>-5.0", ctx="{'H1': None}"
GetData ===>> H2,-0.156347924981478,H1,683.19648019331,AX,169.793010460919,L1,2.20614335835133,L2,0.50306758148...
action=open, ok=True, locked=[False]
sleep (1,) {}
SLEEP 1.0
set_resource () {'name': 'CO2PumpTimeFlag', 'value': 30}
Set CO2PumpTimeFlag 30 ===>> OK
GetData ===>> H2,-0.13599280324187,H1,682.971077148443,AX,169.675672153882,L1,2.21398082802149,L2,0.56383350727...
release ('JanCO2Flag',) {}
release JanCO2Flag
Set JanCO2Flag 0 ===>> OK
executed snippet estimated_duration=6.0, duration=6.26892495155
PumpMicrobone.py completed successfully
gosub finished
get_resource_value () {'name': 'JanMiniboneFlag'}
Read JanMiniboneFlag ===>> 0
Get Resource Value JanMiniboneFlag=0.0
get resource value 0.0
get_resource_value () {'name': 'JanMiniboneFlag'}
Read JanMiniboneFlag ===>> 0
Get Resource Value JanMiniboneFlag=0.0
executed snippet estimated_duration=4.0, duration=6.30416107178
jan_pump_extraction_line.py completed successfully
Post Equilibration Finished
06:34:58 -- ******* Post Equilibration Finished *******
GetData ===>> H2,-0.157869014582203,H1,682.387011663217,AX,169.783495490072,L1,2.16117979406887,L2,0.5826413724...
GetData ===>> H2,-0.191628490076274,H1,682.107923748836,AX,169.548941131206,L1,2.15262114125883,L2,0.6037059847...
GetData ===>> H2,-0.218606531056297,H1,682.018375866436,AX,169.342366672654,L1,2.13424642599569,L2,0.5774616957...
testing H1>-5.0
evaluate ot="H1.bs>-5.0" t="H1>-5.0", ctx="{'H1': None}"
GetData ===>> H2,-0.125318222631741,H1,681.636643170769,AX,169.495703646109,L1,2.14450856469131,L2,0.5862661689...
GetData ===>> H2,-0.0767972208350856,H1,681.315483797063,AX,169.289379385802,L1,2.17644973438973,L2,0.535360043...
GetData ===>> H2,-0.0413267778370969,H1,681.327147560197,AX,169.297837230255,L1,2.17517954399277,L2,0.633894726...
GetData ===>> H2,-0.137720670021558,H1,680.998976948202,AX,168.993258504211,L1,2.12304049562958,L2,0.4859658940...
GetData ===>> H2,-0.119268668215852,H1,680.876381646245,AX,168.936419004287,L1,2.16087827440613,L2,0.6358149382...
testing H1>-5.0
evaluate ot="H1.bs>-5.0" t="H1>-5.0", ctx="{'H1': None}"
GetData ===>> H2,-0.0796213452217076,H1,680.404492928235,AX,168.84802370925,L1,2.16467110877193,L2,0.6839013387...
GetData ===>> H2,-0.213658776388136,H1,680.257501316866,AX,169.138049562139,L1,2.12972209716628,L2,0.5705101630...
GetData ===>> H2,-0.0931149744525543,H1,679.854653014855,AX,168.850233732176,L1,2.17728108911181,L2,0.601693096...
GetData ===>> H2,-0.0456918132760845,H1,679.056065448312,AX,169.086785316167,L1,2.18246604598893,L2,0.538457309...
GetData ===>> H2,-0.0342968412778601,H1,679.278743894305,AX,168.874095840229,L1,2.14320770236563,L2,0.590337081...
testing H1>-5.0
evaluate ot="H1.bs>-5.0" t="H1>-5.0", ctx="{'H1': None}"
GetData ===>> H2,-0.0699901514675203,H1,678.822952352067,AX,168.730736058975,L1,2.14824739814825,L2,0.555351166...
GetData ===>> H2,-0.113271383705894,H1,678.188863951515,AX,168.81219042116,L1,2.12118542764887,L2,0.69005392887...
GetData ===>> H2,-0.195555316649499,H1,678.222629681199,AX,168.396098323054,L1,2.10940764142268,L2,0.5313714617...
GetData ===>> H2,-0.189228708098859,H1,678.333076689292,AX,168.567364582963,L1,2.12876146135526,L2,0.5942366291...
GetData ===>> H2,-0.112505256877134,H1,677.548552076088,AX,168.542042472999,L1,2.12741087328158,L2,0.4729788745...
testing H1>-5.0
evaluate ot="H1.bs>-5.0" t="H1>-5.0", ctx="{'H1': None}"
06:35:18 -- collecting point 25
GetData ===>> H2,-0.0806294040498169,H1,677.870143338419,AX,168.601782340944,L1,2.11776905524324,L2,0.626374266...
GetData ===>> H2,-0.106611497730043,H1,677.870405001988,AX,168.4779401632,L1,2.09337158326358,L2,0.623093631397...
GetData ===>> H2,-0.101670454332905,H1,677.246945962327,AX,168.416890704535,L1,2.06440964574936,L2,0.6347862485...
GetData ===>> H2,-0.169962919693004,H1,676.939445908781,AX,168.384480724486,L1,2.09830271626687,L2,0.5739744330...
GetData ===>> H2,-0.143598583743864,H1,676.565836457757,AX,168.382879847401,L1,2.168089085717,L2,0.617591488150...
testing H1>-5.0
evaluate ot="H1.bs>-5.0" t="H1>-5.0", ctx="{'H1': None}"
GetData ===>> H2,-0.0987895558540385,H1,676.517135831677,AX,168.236843275575,L1,2.17733828859401,L2,0.604735318...
GetData ===>> H2,-0.241210521682886,H1,676.207212025518,AX,168.116311052749,L1,2.14001725056917,L2,0.5642222039...
GetData ===>> H2,-0.158534933612716,H1,676.137324788409,AX,168.195648513717,L1,2.14473955000218,L2,0.5353028994...
GetData ===>> H2,-0.110668236981443,H1,675.581359095329,AX,168.376844235071,L1,2.12546488172499,L2,0.6300887057...
GetData ===>> H2,-0.143521564792486,H1,675.16987029114,AX,167.970107521735,L1,2.12898834438205,L2,0.58795854991...
testing H1>-5.0
evaluate ot="H1.bs>-5.0" t="H1>-5.0", ctx="{'H1': None}"
GetData ===>> H2,-0.170324538987086,H1,675.023651445852,AX,167.908756608876,L1,2.14121820776195,L2,0.5572830619...
GetData ===>> H2,-0.218381512740469,H1,674.749284693679,AX,167.911609145566,L1,2.15711753872966,L2,0.5636391595...
GetData ===>> H2,-0.204804747948658,H1,674.123870928749,AX,167.603121073027,L1,2.11943672243098,L2,0.6055016080...
GetData ===>> H2,-0.176409573005401,H1,674.193118611975,AX,167.569279502981,L1,2.08341659407341,L2,0.6223958369...
GetData ===>> H2,-0.134598690737667,H1,674.049823943746,AX,167.694036459624,L1,2.13924897127654,L2,0.6028825254...
testing H1>-5.0
evaluate ot="H1.bs>-5.0" t="H1>-5.0", ctx="{'H1': None}"
GetData ===>> H2,-0.0730328902125994,H1,673.721254941004,AX,167.678985095565,L1,2.1244462569509,L2,0.6187925527...
GetData ===>> H2,-0.196844758023054,H1,673.344690697768,AX,167.406185592916,L1,2.15837345270789,L2,0.5935161729...
GetData ===>> H2,-0.163512553178798,H1,672.937313323063,AX,167.336725622609,L1,2.12418631034772,L2,0.6346148013...
GetData ===>> H2,-0.151532786094499,H1,672.90780750147,AX,167.499724874181,L1,2.13129856866224,L2,0.60567316618...
GetData ===>> H2,-0.189344664320256,H1,672.457822090844,AX,167.234123078311,L1,2.13802363738878,L2,0.5453265090...
testing H1>-5.0
evaluate ot="H1.bs>-5.0" t="H1>-5.0", ctx="{'H1': None}"
GetData ===>> H2,-0.320334006568041,H1,672.409346921641,AX,167.311916228367,L1,2.12382823057905,L2,0.5625988341...
GetData ===>> H2,-0.20245670193571,H1,672.385110276818,AX,167.241476086956,L1,2.09753262100914,L2,0.61106024738...
GetData ===>> H2,-0.210366943649797,H1,671.991695738034,AX,167.264119192469,L1,2.12334019966363,L2,0.6023907405...
GetData ===>> H2,-0.151065586522217,H1,671.515527242123,AX,167.155677828767,L1,2.12262012790374,L2,0.6188726243...
GetData ===>> H2,-0.147167905818871,H1,671.798838479238,AX,167.004351084999,L1,2.08138484335585,L2,0.6124442385...
testing H1>-5.0
evaluate ot="H1.bs>-5.0" t="H1>-5.0", ctx="{'H1': None}"
06:35:44 -- collecting point 50
GetData ===>> H2,-0.244130946032535,H1,671.56467503117,AX,166.812270612629,L1,2.08936706151289,L2,0.53932593277...
GetData ===>> H2,-0.112161430509168,H1,671.293763193977,AX,166.910988929627,L1,2.10467737437157,L2,0.5934704299...
GetData ===>> H2,-0.135243708796572,H1,671.173842371376,AX,166.894679206373,L1,2.10409832325394,L2,0.5334057320...
GetData ===>> H2,-0.133960397776739,H1,670.740351455993,AX,166.795724468897,L1,2.12790704278972,L2,0.6508693588...
GetData ===>> H2,-0.0748847115741243,H1,670.332850368764,AX,166.664464688513,L1,2.13675291750751,L2,0.578833768...
testing H1>-5.0
evaluate ot="H1.bs>-5.0" t="H1>-5.0", ctx="{'H1': None}"
GetData ===>> H2,-0.201738172554562,H1,670.349814662519,AX,166.618044213368,L1,2.1032357652486,L2,0.64930322324...
GetData ===>> H2,-0.20323584356759,H1,669.951455910771,AX,166.682204490394,L1,2.10039681867294,L2,0.64501648649...
GetData ===>> H2,-0.138804846404271,H1,669.753293286067,AX,166.57603758307,L1,2.1466938242489,L2,0.621286239776...
GetData ===>> H2,-0.129445433008474,H1,669.46337376227,AX,166.527067301104,L1,2.10777057442223,L2,0.47521749654...
GetData ===>> H2,-0.139400964078927,H1,668.581560087546,AX,166.475463765535,L1,2.10020475560206,L2,0.5545852774...
testing H1>-5.0
evaluate ot="H1.bs>-5.0" t="H1>-5.0", ctx="{'H1': None}"
GetData ===>> H2,-0.102326947889553,H1,668.132038547372,AX,166.18912379656,L1,2.10313639650372,L2,0.57412306786...
GetData ===>> H2,-0.078132127094379,H1,668.332279502089,AX,166.22456629775,L1,2.09123866138622,L2,0.58702087571...
GetData ===>> H2,-0.162664648788876,H1,668.469672564097,AX,166.383522912895,L1,2.04994457830721,L2,0.5286972619...
GetData ===>> H2,-0.192500644299239,H1,668.245117454449,AX,166.567082025233,L1,2.074581502153,L2,0.605181367047...
GetData ===>> H2,-0.144757858454531,H1,667.88166966508,AX,166.33148224117,L1,2.07571875658089,L2,0.540914620239...
testing H1>-5.0
evaluate ot="H1.bs>-5.0" t="H1>-5.0", ctx="{'H1': None}"
GetData ===>> H2,-0.104688657379004,H1,667.575559864236,AX,166.080401177923,L1,2.10701508628465,L2,0.5479554511...
GetData ===>> H2,-0.147904056949202,H1,667.301649717961,AX,165.887542578008,L1,2.11436405435978,L2,0.6923298009...
GetData ===>> H2,-0.13958749786848,H1,667.1991863603,AX,165.840334408087,L1,2.12164419338594,L2,0.5728539623946...
GetData ===>> H2,-0.101137109992745,H1,666.83252349425,AX,166.053740257608,L1,2.11936115910324,L2,0.63819239660...
GetData ===>> H2,-0.120755320722575,H1,666.453812605066,AX,165.79949653053,L1,2.14957275458591,L2,0.54197756971...
testing H1>-5.0
evaluate ot="H1.bs>-5.0" t="H1>-5.0", ctx="{'H1': None}"
GetData ===>> H2,-0.19235776119416,H1,666.234685280009,AX,165.559879743438,L1,2.14552812213964,L2,0.57199646820...
GetData ===>> H2,-0.17921963828231,H1,665.666503029341,AX,165.536178419288,L1,2.11417970734008,L2,0.45066404167...
GetData ===>> H2,-0.158382302483826,H1,665.476712230795,AX,165.761889184681,L1,2.08925315973364,L2,0.5542423441...
GetData ===>> H2,-0.123732098676006,H1,665.730498587141,AX,165.630740899968,L1,2.10480458414783,L2,0.6484801549...
GetData ===>> H2,-0.0933154614051785,H1,665.247307098627,AX,165.426711867838,L1,2.08004157703692,L2,0.597896172...
testing H1>-5.0
evaluate ot="H1.bs>-5.0" t="H1>-5.0", ctx="{'H1': None}"
06:36:10 -- collecting point 75
GetData ===>> H2,-0.102255209202623,H1,665.088259164037,AX,165.286919782988,L1,2.11736575961243,L2,0.5977818098...
GetData ===>> H2,-0.156072323850658,H1,664.980489865308,AX,165.276065461878,L1,2.09247199674269,L2,0.5766270278...
GetData ===>> H2,-0.0847907655288045,H1,664.724143315642,AX,165.447784372717,L1,2.05028568560973,L2,0.691220449...
GetData ===>> H2,-0.143132408408705,H1,664.11143627947,AX,165.261629800045,L1,2.0638343085661,L2,0.609733464707...
GetData ===>> H2,-0.199485226407871,H1,663.958216670007,AX,165.091319518448,L1,2.05668272835205,L2,0.5871352257...
testing H1>-5.0
evaluate ot="H1.bs>-5.0" t="H1>-5.0", ctx="{'H1': None}"
GetData ===>> H2,-0.1326350138068,H1,663.767752832749,AX,165.018203937694,L1,2.08077075860196,L2,0.499594446942...
GetData ===>> H2,-0.108655765491989,H1,663.726354569298,AX,165.049495740175,L1,2.12318504214307,L2,0.6123984864...
GetData ===>> H2,-0.236658067133363,H1,662.982899929083,AX,165.088103608633,L1,2.05702404284297,L2,0.5470067376...
GetData ===>> H2,-0.322947510762991,H1,663.029305595464,AX,165.106585154536,L1,2.05100098729936,L2,0.5959177146...
GetData ===>> H2,-0.238034174833687,H1,662.799589896397,AX,164.920352362601,L1,2.07506869351918,L2,0.5862547340...
testing H1>-5.0
evaluate ot="H1.bs>-5.0" t="H1>-5.0", ctx="{'H1': None}"
GetData ===>> H2,-0.128047784009073,H1,662.034559006227,AX,164.849710733262,L1,2.06221558872866,L2,0.6229220421...
GetData ===>> H2,-0.0722153358226135,H1,662.084049020591,AX,164.681330504084,L1,2.09407513979749,L2,0.554345223...
GetData ===>> H2,-0.12995632942916,H1,661.909454999484,AX,164.724375354379,L1,2.09889616587434,L2,0.63755230586...
GetData ===>> H2,-0.151925704933833,H1,661.576389980038,AX,164.827112129987,L1,2.11835147176508,L2,0.6968931443...
GetData ===>> H2,-0.103721024892192,H1,661.60011741526,AX,164.708162725189,L1,2.11009435338865,L2,0.55283633047...
testing H1>-5.0
evaluate ot="H1.bs>-5.0" t="H1>-5.0", ctx="{'H1': None}"
GetData ===>> H2,-0.0335269361723668,H1,661.204280156152,AX,164.594501437307,L1,2.08728787565474,L2,0.567091748...
GetData ===>> H2,-0.0779193657291084,H1,660.492967022305,AX,164.69229418374,L1,2.04504198906321,L2,0.5096257508...
GetData ===>> H2,-0.185281443190196,H1,660.13333029375,AX,164.496304725356,L1,2.07595045831435,L2,0.59550601751...
GetData ===>> H2,-0.22473419984198,H1,660.664492748614,AX,164.463284845618,L1,2.0817885166927,L2,0.565148222961...
GetData ===>> H2,-0.139157654526096,H1,660.301124616039,AX,164.501462623573,L1,2.05168592196744,L2,0.4994116538...
testing H1>-5.0
evaluate ot="H1.bs>-5.0" t="H1>-5.0", ctx="{'H1': None}"
GetData ===>> H2,-0.0811279807666971,H1,659.639509496743,AX,164.396819466258,L1,2.07876701378645,L2,0.560461058...
GetData ===>> H2,-0.109015605123873,H1,659.922259894952,AX,164.392282526097,L1,2.08825193385526,L2,0.6260542600...
GetData ===>> H2,-0.0711468677287624,H1,659.423070923314,AX,164.190425094709,L1,2.0818652824623,L2,0.4790552557...
GetData ===>> H2,-0.178224992695404,H1,659.26339673612,AX,163.948129476308,L1,2.13369422403343,L2,0.58313305603...
GetData ===>> H2,-0.140503901932399,H1,659.140657244942,AX,164.173358792358,L1,2.1105941684796,L2,0.60809788717...
testing H1>-5.0
evaluate ot="H1.bs>-5.0" t="H1>-5.0", ctx="{'H1': None}"
06:36:37 -- collecting point 100
GetData ===>> H2,-0.100936760980333,H1,659.009755892882,AX,164.030014768122,L1,2.06148697733849,L2,0.6003206971...
GetData ===>> H2,-0.139705093681072,H1,658.615153829626,AX,163.855499320281,L1,2.04483715583825,L2,0.6373122729...
GetData ===>> H2,-0.164016135149115,H1,658.660557823066,AX,163.949433021259,L1,2.030380538411,L2,0.538103004232...
GetData ===>> H2,-0.0679761268466883,H1,658.036904854426,AX,163.835349013734,L1,2.05308765752155,L2,0.529622938...
GetData ===>> H2,-0.169950775561139,H1,657.749696406019,AX,163.604842318826,L1,2.07270707378688,L2,0.6822431801...
testing H1>-5.0
evaluate ot="H1.bs>-5.0" t="H1>-5.0", ctx="{'H1': None}"
GetData ===>> H2,-0.240828253563721,H1,657.705318928341,AX,163.354703650447,L1,2.05559403172521,L2,0.6558765915...
GetData ===>> H2,-0.226137344255891,H1,657.12265240275,AX,163.400850434491,L1,2.05674093628252,L2,0.62422612830...
GetData ===>> H2,-0.164348243986967,H1,656.884415853773,AX,163.376740829513,L1,2.07973986073215,L2,0.5714133765...
GetData ===>> H2,-0.225482924299504,H1,656.335133245951,AX,163.426072982633,L1,2.06534876589041,L2,0.6350377049...
GetData ===>> H2,-0.19013879767536,H1,656.443807774097,AX,163.360036697636,L1,2.05872944960822,L2,0.52990864235...
testing H1>-5.0
evaluate ot="H1.bs>-5.0" t="H1>-5.0", ctx="{'H1': None}"
GetData ===>> H2,-0.0945955143182243,H1,656.686497523525,AX,163.397628520572,L1,2.01820683868715,L2,0.528194429...
GetData ===>> H2,-0.159868004854942,H1,655.931134534671,AX,163.279018026988,L1,2.03401637797368,L2,0.5187210973...
GetData ===>> H2,-0.170709084153276,H1,655.344347779445,AX,163.197477188335,L1,2.06634220336716,L2,0.6328317684...
GetData ===>> H2,-0.17529453159773,H1,655.42986474382,AX,163.133281659542,L1,2.04122874688431,L2,0.626214263204...
GetData ===>> H2,-0.257586088839878,H1,655.199158857494,AX,163.089623318648,L1,2.07620467377633,L2,0.5980791535...
testing H1>-5.0
evaluate ot="H1.bs>-5.0" t="H1>-5.0", ctx="{'H1': None}"
GetData ===>> H2,-0.173948506078934,H1,654.845280338518,AX,163.000539471616,L1,2.06211244301274,L2,0.6069198311...
GetData ===>> H2,-0.107582942845153,H1,654.786166729574,AX,163.089388773126,L1,2.07442131618165,L2,0.5513045992...
GetData ===>> H2,-0.163022450576473,H1,654.745250630619,AX,163.151572160577,L1,2.07633443182766,L2,0.6014872354...
GetData ===>> H2,-0.217055565357121,H1,654.564424864834,AX,162.979037241855,L1,2.07973853743307,L2,0.5750720495...
GetData ===>> H2,-0.207400240733673,H1,653.975901545691,AX,162.798055825317,L1,2.07539305831597,L2,0.5329028747...
testing H1>-5.0
evaluate ot="H1.bs>-5.0" t="H1>-5.0", ctx="{'H1': None}"
GetData ===>> H2,-0.216943715121346,H1,653.995704193258,AX,162.696769334418,L1,2.10022992229836,L2,0.5784107105...
measurement finished
estimated time: 125.829 actual time: :126.362
flush and close file /Users/jan/PychronDev/data/isotopes/b3/4c5185-db99-4adc-851c-a78a49b56af8.h5
baselines () {'settling_time': 15.0, 'detector': 'H1', 'mass': 34.2, 'ncounts': 60}
%%%%%%%%%%%%%%%%%%%%%%%%%%%%%%%% Baseline
build tables- baseline [Detector(H2), Detector(H1), Detector(AX), Detector(L1), Detector(L2), Detector(CDD)]
add group baseline table H2
add group baseline table H1
add group baseline table AX
add group baseline table L1
add group baseline table L2
add group baseline table CDD
flush and close file /Users/jan/PychronDev/data/isotopes/b3/4c5185-db99-4adc-851c-a78a49b56af8.h5
detector Detector(H1)
POSITION 34.2 H1
Mapping mass to dac mass func: "parabolic"
H1 map mass coeffs = [-0.00063987  0.15840543  0.57098999]
H1 map mass to dac 34.2 >> 5.24003599104
GetDeflection H1 ===>> 0
GetHighVoltage ===>> 4499.94659342336
positioning 34.2 (5.24000513296) on H1
setting magnet DAC
current  : 5.879345
requested: 5.240005
Delta Dac: 0.639340
Checking detector protection. dv=0.63934
Checking detector "CDD". Protection Threshold: 0.1 (V)
ProtectDetector CDD,On ===>> OK
GetDeflection CDD ===>> 2000
Protected = 2000
SetMagnetDAC 5.24000513296 ===>> OK
Magnet settling time: 0.500
GetMagnetMoving ===>> True
GetMagnetMoving ===>> True
GetMagnetMoving ===>> True
GetMagnetMoving ===>> True
GetMagnetMoving ===>> True
GetMagnetMoving ===>> True
GetMagnetMoving ===>> True
GetMagnetMoving ===>> True
GetMagnetMoving ===>> False
ProtectDetector CDD,Off ===>> OK
GetDeflection CDD ===>> 50
Delaying 15.0s for detectors to settle
Join finished
measuring baseline. ncounts=60
"baseline" increment series count="2" fit count="1" regressing="True"
starting measurement
GetData ===>> H2,-0.165247319066075,H1,-0.0493389726576197,AX,-0.0621019574623216,L1,-0.0321485876862098,L2,-0....
GetData ===>> H2,-0.221683577565899,H1,-0.0573626311179741,AX,-0.0201828603884913,L1,-0.0332035348540553,L2,-0....
GetData ===>> H2,-0.243620935572459,H1,0.0197173040605627,AX,-0.120260155368465,L1,-0.0522576204091927,L2,-0.05...
GetData ===>> H2,-0.270972720939298,H1,0.0393098132399185,AX,-0.203726209201687,L1,-0.0199266055103528,L2,-0.02...
testing H1>-5.0
evaluate ot="H1.bs>-5.0" t="H1>-5.0", ctx="{'H1': None}"
GetData ===>> H2,-0.177764753978291,H1,-0.0821448774652954,AX,-0.189263898614114,L1,-0.0429294394359435,L2,0.03...
GetData ===>> H2,-0.2134204066143,H1,-0.0531064763603204,AX,-0.12538123255122,L1,-0.0433557037449154,L2,-0.0564...
GetData ===>> H2,-0.109037249249541,H1,-0.0627868797190566,AX,-0.087140437316401,L1,-0.0325988397452874,L2,-0.0...
GetData ===>> H2,-0.19265161316719,H1,-0.0720968275974563,AX,-0.0638293558038116,L1,-0.0167764396256251,L2,-0.0...
GetData ===>> H2,-0.18907499685798,H1,-0.0151865204125688,AX,-0.189912894541837,L1,-0.0380524554551812,L2,-0.02...
testing H1>-5.0
evaluate ot="H1.bs>-5.0" t="H1>-5.0", ctx="{'H1': None}"
GetData ===>> H2,-0.161327855368666,H1,0.0311835873836099,AX,-0.129888020887067,L1,-0.0558185306268931,L2,-0.00...
GetData ===>> H2,-0.190926134650964,H1,-0.00618140121970685,AX,-0.0102077466419444,L1,-0.009668643117673,L2,-0....
GetData ===>> H2,-0.139859182900498,H1,0.00579487331353619,AX,-0.180838147646314,L1,-0.0488009561004041,L2,0.13...
GetData ===>> H2,-0.166176018411722,H1,-0.0584951908259466,AX,-0.114397233762851,L1,-0.0372282126208951,L2,0.00...
GetData ===>> H2,-0.225950178631827,H1,-0.0552643813672258,AX,-0.10263556479015,L1,-0.0557706490099419,L2,-0.07...
testing H1>-5.0
evaluate ot="H1.bs>-5.0" t="H1>-5.0", ctx="{'H1': None}"
GetData ===>> H2,-0.358366244028767,H1,0.0404315467357865,AX,0.0171130599958068,L1,-0.0458339048720888,L2,0.009...
GetData ===>> H2,-0.303292490084415,H1,0.0554329567160618,AX,-0.0813102927169781,L1,-0.0616870876294303,L2,-0.1...
GetData ===>> H2,-0.24758872066088,H1,-0.000766012319019915,AX,-0.0350972280148863,L1,-0.0158577053109042,L2,0....
GetData ===>> H2,-0.284284396469381,H1,-0.0832771567177868,AX,-0.088334240932357,L1,0.0235256806392431,L2,-0.07...
GetData ===>> H2,-0.258255401184113,H1,-0.0461436368407895,AX,-0.105080718471444,L1,0.00698704141728949,L2,-0.0...
testing H1>-5.0
evaluate ot="H1.bs>-5.0" t="H1>-5.0", ctx="{'H1': None}"
GetData ===>> H2,-0.250520944658572,H1,-0.0133139994302976,AX,-0.198476917249942,L1,-0.0177238714856922,L2,0.01...
GetData ===>> H2,-0.155796716018638,H1,-0.0234156559536512,AX,-0.104964835797955,L1,-0.0214923278258361,L2,0.07...
GetData ===>> H2,-0.163355938673873,H1,-0.0560035425487325,AX,-0.154200091980598,L1,-0.0371695067011032,L2,-0.0...
GetData ===>> H2,-0.114562582986943,H1,-0.0571122740842476,AX,-0.0320936628063481,L1,-0.0261065540343078,L2,-0....
GetData ===>> H2,-0.182252970176918,H1,0.00392199483190154,AX,-0.0765462372782314,L1,0.0100854443148433,L2,0.03...
testing H1>-5.0
evaluate ot="H1.bs>-5.0" t="H1>-5.0", ctx="{'H1': None}"
06:37:42 -- collecting point 25
GetData ===>> H2,-0.258889732866662,H1,0.0179754029833614,AX,-0.0928427457698889,L1,-0.0292885373550558,L2,0.02...
GetData ===>> H2,-0.149657119865613,H1,0.0409685512619664,AX,-0.0908145239444942,L1,-0.0666674040471761,L2,-0.0...
GetData ===>> H2,-0.171457897804811,H1,-0.0325742460300258,AX,-0.140692807283009,L1,-0.0316432275828948,L2,-0.0...
GetData ===>> H2,-0.177069636585842,H1,-0.0107615895716727,AX,-0.110469110354033,L1,-0.00787476727500434,L2,-0....
GetData ===>> H2,-0.224468902475097,H1,0.0365771321128474,AX,-0.127524589802522,L1,0.0095201727238722,L2,-0.003...
testing H1>-5.0
evaluate ot="H1.bs>-5.0" t="H1>-5.0", ctx="{'H1': None}"
GetData ===>> H2,-0.273854650831358,H1,0.00779901139058583,AX,-0.0397589487285723,L1,-0.0297736534312153,L2,-0....
GetData ===>> H2,-0.269214986760679,H1,0.058166152531647,AX,-0.0755029823271985,L1,-0.046841771247638,L2,-0.078...
GetData ===>> H2,-0.146957182201974,H1,-0.0514135017376958,AX,-0.173570785710009,L1,-0.039362958227996,L2,0.011...
GetData ===>> H2,-0.0943936954424286,H1,-0.0458813286230207,AX,-0.0314674251775238,L1,-0.00933531336794369,L2,0...
GetData ===>> H2,-0.0462036687747803,H1,0.0201826115326266,AX,-0.0434000379447558,L1,-0.0035842369986116,L2,0.1...
testing H1>-5.0
evaluate ot="H1.bs>-5.0" t="H1>-5.0", ctx="{'H1': None}"
GetData ===>> H2,-0.0432467342150452,H1,-0.0392399324052438,AX,-0.158964875318324,L1,-0.0381794403481291,L2,0.0...
GetData ===>> H2,-0.196823178623338,H1,-0.0466801742358357,AX,-0.118105051342639,L1,-0.0274352982670807,L2,-0.0...
GetData ===>> H2,-0.189488933774427,H1,-0.0312386705076716,AX,0.0514046492070342,L1,-0.0253480487279259,L2,-0.0...
GetData ===>> H2,-0.127324561487621,H1,-0.0310955720731474,AX,-0.0889832930622648,L1,-0.00326150367139692,L2,0....
GetData ===>> H2,-0.13266071149838,H1,0.00908740705696256,AX,-0.0548326364650371,L1,0.00720661024920853,L2,-0.0...
testing H1>-5.0
evaluate ot="H1.bs>-5.0" t="H1>-5.0", ctx="{'H1': None}"
GetData ===>> H2,-0.178562399226211,H1,0.0272937332611136,AX,-0.0896323408623766,L1,0.00404535481208295,L2,-0.0...
GetData ===>> H2,-0.139990292254749,H1,0.0396678119263473,AX,-0.104408597043837,L1,-0.0683568491694254,L2,-0.02...
GetData ===>> H2,-0.172065007670947,H1,-0.0228670679661701,AX,-0.222496193092051,L1,-0.0694495164243265,L2,-0.0...
GetData ===>> H2,-0.122414892949077,H1,0.00179864632603457,AX,-0.085285956047411,L1,-0.0274149311051003,L2,-0.0...
GetData ===>> H2,-0.258037677428822,H1,-0.0197901491795214,AX,-0.104037769440882,L1,-0.00352425017402699,L2,-0....
testing H1>-5.0
evaluate ot="H1.bs>-5.0" t="H1>-5.0", ctx="{'H1': None}"
GetData ===>> H2,-0.216240120318603,H1,-0.00337831799088733,AX,-0.0659276977746172,L1,-0.0302827006916604,L2,-0...
GetData ===>> H2,-0.178291125167573,H1,-0.141927852269785,AX,-0.0770099025549575,L1,-0.0275179645598744,L2,0.04...
GetData ===>> H2,-0.297643565637313,H1,0.084240211265585,AX,-0.0491744797122791,L1,0.014590748198939,L2,-0.0277...
GetData ===>> H2,-0.180326196913325,H1,0.0347991394671123,AX,-0.131197151627917,L1,0.00332139357557762,L2,-0.04...
GetData ===>> H2,-0.212671596556494,H1,0.00580680258812656,AX,-0.0820405287725517,L1,-0.030414449902129,L2,-0.0...
testing H1>-5.0
evaluate ot="H1.bs>-5.0" t="H1>-5.0", ctx="{'H1': None}"
06:38:09 -- collecting point 50
GetData ===>> H2,-0.120323819255561,H1,-0.0289967715276561,AX,-0.0270140636035076,L1,0.0182884507526336,L2,0.02...
GetData ===>> H2,-0.207627958042585,H1,-0.0484805342520154,AX,-0.0262950121591171,L1,0.0173059472886588,L2,-0.1...
GetData ===>> H2,-0.228344049035423,H1,0.0362191444776673,AX,-0.0542529224162075,L1,-0.0269500693700576,L2,-0.1...
GetData ===>> H2,-0.224676292826255,H1,-0.0284362889359844,AX,-0.0992748267516751,L1,-0.0283733410855723,L2,0.0...
GetData ===>> H2,-0.183193299964272,H1,0.0204212315879861,AX,-0.154373993286803,L1,0.0127826224785343,L2,-0.024...
testing H1>-5.0
evaluate ot="H1.bs>-5.0" t="H1>-5.0", ctx="{'H1': None}"
GetData ===>> H2,-0.290784704440438,H1,-0.014792936107466,AX,-0.128381919479864,L1,-0.0123756391747322,L2,-0.08...
GetData ===>> H2,-0.310024181292356,H1,-0.0130038970330702,AX,-0.125346475017505,L1,-0.00481868649096979,L2,0.0...
GetData ===>> H2,-0.246692760874499,H1,0.00889653257856189,AX,-0.106575592584303,L1,0.0264594971976821,L2,-0.04...
GetData ===>> H2,-0.247516077921686,H1,-0.00603826695659822,AX,-0.0602585925254219,L1,-0.0241089138491078,L2,-0...
GetData ===>> H2,-0.234766486169898,H1,-0.00381965970579474,AX,-0.00744701129516535,L1,-0.0386454371994487,L2,-...
testing H1>-5.0
evaluate ot="H1.bs>-5.0" t="H1>-5.0", ctx="{'H1': None}"
GetData ===>> H2,-0.166387934775413,H1,0.0428779240153389,AX,-0.0475975577360544,L1,-0.00453558025515046,L2,0.0...
measurement finished
estimated time: 62.915 actual time: :63.160
flush and close file /Users/jan/PychronDev/data/isotopes/b3/4c5185-db99-4adc-851c-a78a49b56af8.h5
activate_detectors ('H1', 'AX', 'CDD') {'peak_center': True}
peak_center () {'detector': 'H1', 'integration_time': 0.262144, 'isotope': 'Ar40'}
peak center: mean=654.881723422 threshold=3
peak center started
setup peak center. detector=['H1', 'AX', 'CDD'], isotope=Ar40
VersionedUnpickler [<apptools.sweet_pickle.versioned_unpickler.VersionedUnpickler object at 0x17b988bf0>] using Updater [<apptools.sweet_pickle.updater.Updater object at 0x135230b30>]
VersionedUnpickler [<apptools.sweet_pickle.versioned_unpickler.VersionedUnpickler object at 0x17b988bf0>] using Updater [<apptools.sweet_pickle.updater.Updater object at 0x135230b30>]
VersionedUnpickler [<apptools.sweet_pickle.versioned_unpickler.VersionedUnpickler object at 0x1acffba70>] using Updater [<apptools.sweet_pickle.updater.Updater object at 0x135230b30>]
setting integration time = 0.524288
SetIntegrationTime 0.524288 ===>> OK
Mapping mass to dac mass func: "parabolic"
H1 map mass coeffs = [-0.00063987  0.15840543  0.57098999]
H1 map mass to dac 39.9624 >> 5.87938
GetDeflection H1 ===>> 0
GetHighVoltage ===>> 4499.94659342336
do peak center. <pychron.spectrometer.jobs.peak_center.PeakCenter object at 0x1352309b0>
doing pc
starting peak center. center dac= 5.87934537688 step_width=0.001
width = 0.001
get scan parameters. half-width=0.015,window=0.015, i=0, scalar=1
Scan parameters center=5.87935 width=0.03000 (5.86435 - 5.89435)
GetData ===>> H2,-0.164215941632699,H1,-0.10421605389912,AX,0.0835885476322984,L1,-0.0141267664516782,L2,-0.090...
Moving to starting dac 5.86434537688
setting magnet DAC
current  : 5.240005
requested: 5.864345
Delta Dac: 0.624340
Checking detector protection. dv=0.62434
Checking detector "CDD". Protection Threshold: 0.1 (V)
ProtectDetector CDD,On ===>> OK
GetDeflection CDD ===>> 2000
Protected = 2000
SetMagnetDAC 5.86434537688 ===>> OK
Magnet settling time: 0.500
GetMagnetMoving ===>> True
GetMagnetMoving ===>> True
GetMagnetMoving ===>> True
GetMagnetMoving ===>> True
GetMagnetMoving ===>> True
GetMagnetMoving ===>> True
GetMagnetMoving ===>> True
GetMagnetMoving ===>> True
GetMagnetMoving ===>> False
ProtectDetector CDD,Off ===>> OK
GetDeflection CDD ===>> 50
Wait until signal near baseline. tol= -0.0781620404243. timeout= 10
GetData ===>> H2,5.08876967856118,H1,2.26139775336003,AX,-0.0831996223691563,L1,0.0203880673142625,L2,0.1747188...
GetData ===>> H2,45.1640101042838,H1,25.7041164644291,AX,2.47866354919246,L1,0.0208297644630373,L2,-0.134799241...
GetData ===>> H2,44.9154291960589,H1,23.2983910428062,AX,3.73525708032356,L1,0.0252622104594861,L2,-0.040277965...
GetData ===>> H2,23.4329873127927,H1,11.3137056951137,AX,1.6871412756927,L1,-0.00182767479369018,L2,0.029268516...
GetData ===>> H2,9.62006716937245,H1,5.77990170181362,AX,0.721494829634107,L1,-0.0399091502481244,L2,-0.1255025...
GetData ===>> H2,3.32906344197753,H1,3.15497629429353,AX,0.457702823982384,L1,-0.0256183898411595,L2,-0.0799473...
GetData ===>> H2,0.989517302160645,H1,1.78805793246168,AX,0.314422690511311,L1,0.00234658934549881,L2,-0.046446...
GetData ===>> H2,0.286397439652862,H1,1.21491114069079,AX,0.18095105936621,L1,-0.021839604670508,L2,-0.03199151...
GetData ===>> H2,0.0800017946514836,H1,0.951477920482291,AX,-0.00233132411954297,L1,-0.0372258164676129,L2,-0.1...
GetData ===>> H2,0.0988749966334504,H1,0.878368437551092,AX,-0.0633308480207968,L1,-0.0116408180870495,L2,0.012...
GetData ===>> H2,0.0719313549605982,H1,0.796400562561073,AX,-0.00548660966186852,L1,-0.020407222568282,L2,-0.00...
GetData ===>> H2,0.101456987002696,H1,0.795514191077129,AX,0.0724327011143881,L1,-0.0257644360561856,L2,-0.0350...
GetData ===>> H2,0.0947996410284641,H1,0.649656933445964,AX,0.119604781401398,L1,-0.0281152488552458,L2,0.03967...
GetData ===>> H2,0.0587448383178256,H1,0.720153301695725,AX,0.146179560057105,L1,-0.0352703649691041,L2,0.00291...
GetData ===>> H2,-0.058774947178185,H1,0.770148115380543,AX,0.153044730045666,L1,-0.0300802215702,L2,-0.0377056...
GetData ===>> H2,-0.0716756906214277,H1,0.684731426262553,AX,0.166405366636524,L1,-0.0288739988089664,L2,-0.083...
GetData ===>> H2,-0.0696036491321709,H1,0.649991829750119,AX,0.0198513640131213,L1,0.00151111795117348,L2,-0.03...
GetData ===>> H2,-0.0708431224410493,H1,0.560661957806974,AX,-0.048467186986102,L1,-0.00776323903699555,L2,-0.0...
GetData ===>> H2,-0.124075574838315,H1,0.712134418605204,AX,-0.0637250171768459,L1,-0.00644399408596837,L2,-0.0...
GetData ===>> H2,-0.177365717829445,H1,0.784519043473853,AX,-0.088044484119361,L1,0.00728039732704057,L2,0.0543...
GetData ===>> H2,-0.135550356568422,H1,0.801479382330483,AX,0.0319193841400021,L1,0.00899704979291792,L2,0.0274...
Peak center failed to move to a baseline position
_do_sweep sm= 5.86434537688, em= 5.89434537688, stm= 0.001
calculated step values: start=5.86434537688, end=5.89434537688, width=0.001, nsteps=31.0
setting magnet DAC
current  : 5.864345
requested: 5.864345
Delta Dac: 0.000000
Checking detector protection. dv=0.00000
Checking detector "CDD". Protection Threshold: 0.1 (V)
SetMagnetDAC 5.86434537688 ===>> OK
GetData ===>> H2,-0.135550356568422,H1,0.801479382330483,AX,0.0319193841400021,L1,0.00899704979291792,L2,0.0274...
setting magnet DAC
current  : 5.864345
requested: 5.865380
Delta Dac: 0.001034
Checking detector protection. dv=0.00103
Checking detector "CDD". Protection Threshold: 0.1 (V)
SetMagnetDAC 5.86537985964 ===>> OK
Magnet settling time: 1.049
GetData ===>> H2,-0.0218680599722209,H1,1.56951194496251,AX,0.462835128482282,L1,-0.0165258314482784,L2,-0.0590...
setting magnet DAC
current  : 5.865380
requested: 5.866414
Delta Dac: 0.001034
Checking detector protection. dv=0.00103
Checking detector "CDD". Protection Threshold: 0.1 (V)
SetMagnetDAC 5.8664143424 ===>> OK
Magnet settling time: 1.049
GetData ===>> H2,-0.0677591062858932,H1,5.07419481530322,AX,1.07543135092783,L1,0.0210122102377164,L2,-0.088593...
setting magnet DAC
current  : 5.866414
requested: 5.867449
Delta Dac: 0.001034
Checking detector protection. dv=0.00103
Checking detector "CDD". Protection Threshold: 0.1 (V)
SetMagnetDAC 5.86744882516 ===>> OK
Magnet settling time: 1.049
GetData ===>> H2,-0.126647258982447,H1,18.5362977214413,AX,2.98385033433527,L1,0.0132707707772578,L2,0.01371067...
setting magnet DAC
current  : 5.867449
requested: 5.868483
Delta Dac: 0.001034
Checking detector protection. dv=0.00103
Checking detector "CDD". Protection Threshold: 0.1 (V)
SetMagnetDAC 5.86848330792 ===>> OK
Magnet settling time: 1.049
GetData ===>> H2,-0.119728617905241,H1,61.886002683715,AX,10.129947055647,L1,0.0412265064557615,L2,0.0056480124...
setting magnet DAC
current  : 5.868483
requested: 5.869518
Delta Dac: 0.001034
Checking detector protection. dv=0.00103
Checking detector "CDD". Protection Threshold: 0.1 (V)
SetMagnetDAC 5.86951779068 ===>> OK
Magnet settling time: 1.049
GetData ===>> H2,-0.14002629390676,H1,162.093753257217,AX,28.6153701361389,L1,0.156369211428244,L2,0.0206806383...
setting magnet DAC
current  : 5.869518
requested: 5.870552
Delta Dac: 0.001034
Checking detector protection. dv=0.00103
Checking detector "CDD". Protection Threshold: 0.1 (V)
SetMagnetDAC 5.87055227343 ===>> OK
Magnet settling time: 1.049
GetData ===>> H2,-0.166931880290121,H1,316.834975047272,AX,62.2698022921596,L1,0.359357283046141,L2,-0.21544649...
setting magnet DAC
current  : 5.870552
requested: 5.871587
Delta Dac: 0.001034
Checking detector protection. dv=0.00103
Checking detector "CDD". Protection Threshold: 0.1 (V)
SetMagnetDAC 5.87158675619 ===>> OK
Magnet settling time: 1.049
GetData ===>> H2,-0.167139733466378,H1,467.243921004198,AX,100.247128816127,L1,0.720853431359714,L2,0.159319841...
setting magnet DAC
current  : 5.871587
requested: 5.872621
Delta Dac: 0.001034
Checking detector protection. dv=0.00103
Checking detector "CDD". Protection Threshold: 0.1 (V)
SetMagnetDAC 5.87262123895 ===>> OK
Magnet settling time: 1.049
GetData ===>> H2,-0.266241077610247,H1,563.642469884436,AX,130.189925248691,L1,1.14473154462482,L2,0.3696023667...
setting magnet DAC
current  : 5.872621
requested: 5.873656
Delta Dac: 0.001034
Checking detector protection. dv=0.00103
Checking detector "CDD". Protection Threshold: 0.1 (V)
SetMagnetDAC 5.87365572171 ===>> OK
Magnet settling time: 1.049
GetData ===>> H2,-0.198237890917119,H1,606.549422056062,AX,146.554880565009,L1,1.45014707043929,L2,0.4115285578...
setting magnet DAC
current  : 5.873656
requested: 5.874690
Delta Dac: 0.001034
Checking detector protection. dv=0.00103
Checking detector "CDD". Protection Threshold: 0.1 (V)
SetMagnetDAC 5.87469020447 ===>> OK
Magnet settling time: 1.049
GetData ===>> H2,-0.0854679263769344,H1,620.938989477965,AX,153.050189418611,L1,1.63869430853106,L2,0.536457218...
setting magnet DAC
current  : 5.874690
requested: 5.875725
Delta Dac: 0.001034
Checking detector protection. dv=0.00103
Checking detector "CDD". Protection Threshold: 0.1 (V)
SetMagnetDAC 5.87572468723 ===>> OK
Magnet settling time: 1.049
GetData ===>> H2,-0.206555355979224,H1,625.354141897361,AX,154.796566714635,L1,1.82391286700282,L2,0.5183097314...
setting magnet DAC
current  : 5.875725
requested: 5.876759
Delta Dac: 0.001034
Checking detector protection. dv=0.00103
Checking detector "CDD". Protection Threshold: 0.1 (V)
SetMagnetDAC 5.87675916999 ===>> OK
Magnet settling time: 1.049
GetData ===>> H2,-0.09685443700648,H1,625.883904390609,AX,155.452337892326,L1,1.84296876816321,L2,0.57216796642...
setting magnet DAC
current  : 5.876759
requested: 5.877794
Delta Dac: 0.001034
Checking detector protection. dv=0.00103
Checking detector "CDD". Protection Threshold: 0.1 (V)
SetMagnetDAC 5.87779365274 ===>> OK
Magnet settling time: 1.049
GetData ===>> H2,-0.176063025122518,H1,625.553103397805,AX,155.367983149716,L1,1.89222487050795,L2,0.6597409074...
setting magnet DAC
current  : 5.877794
requested: 5.878828
Delta Dac: 0.001034
Checking detector protection. dv=0.00103
Checking detector "CDD". Protection Threshold: 0.1 (V)
SetMagnetDAC 5.8788281355 ===>> OK
Magnet settling time: 1.049
GetData ===>> H2,-0.247754182933,H1,625.538734023809,AX,155.322234995648,L1,1.96478376903266,L2,0.5590206583393...
setting magnet DAC
current  : 5.878828
requested: 5.879863
Delta Dac: 0.001034
Checking detector protection. dv=0.00103
Checking detector "CDD". Protection Threshold: 0.1 (V)
SetMagnetDAC 5.87986261826 ===>> OK
Magnet settling time: 1.049
GetData ===>> H2,-0.145793515516977,H1,624.99229323212,AX,155.127660742261,L1,1.97009907997224,L2,0.41228189067...
setting magnet DAC
current  : 5.879863
requested: 5.880897
Delta Dac: 0.001034
Checking detector protection. dv=0.00103
Checking detector "CDD". Protection Threshold: 0.1 (V)
SetMagnetDAC 5.88089710102 ===>> OK
Magnet settling time: 1.049
GetData ===>> H2,-0.17344639863752,H1,624.967317187391,AX,154.847443188113,L1,1.94589271295112,L2,0.43077464350...
setting magnet DAC
current  : 5.880897
requested: 5.881932
Delta Dac: 0.001034
Checking detector protection. dv=0.00103
Checking detector "CDD". Protection Threshold: 0.1 (V)
SetMagnetDAC 5.88193158378 ===>> OK
Magnet settling time: 1.049
GetData ===>> H2,-0.233576530584917,H1,624.732468307927,AX,154.988454049709,L1,1.92713450186692,L2,0.5730368954...
setting magnet DAC
current  : 5.881932
requested: 5.882966
Delta Dac: 0.001034
Checking detector protection. dv=0.00103
Checking detector "CDD". Protection Threshold: 0.1 (V)
SetMagnetDAC 5.88296606654 ===>> OK
Magnet settling time: 1.049
GetData ===>> H2,-0.109748938620779,H1,623.454813322188,AX,154.052574466649,L1,1.93491923232657,L2,0.4494536618...
setting magnet DAC
current  : 5.882966
requested: 5.884001
Delta Dac: 0.001034
Checking detector protection. dv=0.00103
Checking detector "CDD". Protection Threshold: 0.1 (V)
SetMagnetDAC 5.8840005493 ===>> OK
Magnet settling time: 1.049
GetData ===>> H2,-0.124865260139601,H1,617.898571581301,AX,151.451156047783,L1,1.93076844598832,L2,0.5477725659...
setting magnet DAC
current  : 5.884001
requested: 5.885035
Delta Dac: 0.001034
Checking detector protection. dv=0.00103
Checking detector "CDD". Protection Threshold: 0.1 (V)
SetMagnetDAC 5.88503503205 ===>> OK
Magnet settling time: 1.049
GetData ===>> H2,-0.156204721308675,H1,599.564208763916,AX,143.565877940773,L1,1.79626362338381,L2,0.5401145585...
setting magnet DAC
current  : 5.885035
requested: 5.886070
Delta Dac: 0.001034
Checking detector protection. dv=0.00103
Checking detector "CDD". Protection Threshold: 0.1 (V)
SetMagnetDAC 5.88606951481 ===>> OK
Magnet settling time: 1.049
GetData ===>> H2,-0.236963750094148,H1,544.518032302812,AX,121.65123989532,L1,1.60374429606744,L2,0.28708168549...
setting magnet DAC
current  : 5.886070
requested: 5.887104
Delta Dac: 0.001034
Checking detector protection. dv=0.00103
Checking detector "CDD". Protection Threshold: 0.1 (V)
SetMagnetDAC 5.88710399757 ===>> OK
Magnet settling time: 1.049
GetData ===>> H2,-0.257026954118181,H1,430.376427964673,AX,85.8772101326451,L1,1.2888732960112,L2,0.15977607265...
setting magnet DAC
current  : 5.887104
requested: 5.888138
Delta Dac: 0.001034
Checking detector protection. dv=0.00103
Checking detector "CDD". Protection Threshold: 0.1 (V)
SetMagnetDAC 5.88813848033 ===>> OK
Magnet settling time: 1.049
GetData ===>> H2,-0.180728291766748,H1,273.404339466492,AX,47.0657666246281,L1,0.842243645668018,L2,0.198814728...
setting magnet DAC
current  : 5.888138
requested: 5.889173
Delta Dac: 0.001034
Checking detector protection. dv=0.00103
Checking detector "CDD". Protection Threshold: 0.1 (V)
SetMagnetDAC 5.88917296309 ===>> OK
Magnet settling time: 1.049
GetData ===>> H2,-0.129464355508297,H1,133.847060214271,AX,19.2784852053735,L1,0.540969608446161,L2,0.021865127...
setting magnet DAC
current  : 5.889173
requested: 5.890207
Delta Dac: 0.001034
Checking detector protection. dv=0.00103
Checking detector "CDD". Protection Threshold: 0.1 (V)
SetMagnetDAC 5.89020744585 ===>> OK
Magnet settling time: 1.049
GetData ===>> H2,-0.110065759713411,H1,26.585080876753,AX,2.87327492269395,L1,0.267165283145343,L2,0.0390418678...
setting magnet DAC
current  : 5.890207
requested: 5.891242
Delta Dac: 0.001034
Checking detector protection. dv=0.00103
Checking detector "CDD". Protection Threshold: 0.1 (V)
SetMagnetDAC 5.89124192861 ===>> OK
Magnet settling time: 1.049
GetData ===>> H2,-0.223976580760564,H1,7.32538943436361,AX,0.485945454590504,L1,0.140681137203893,L2,0.02514532...
setting magnet DAC
current  : 5.891242
requested: 5.892276
Delta Dac: 0.001034
Checking detector protection. dv=0.00103
Checking detector "CDD". Protection Threshold: 0.1 (V)
SetMagnetDAC 5.89227641137 ===>> OK
Magnet settling time: 1.049
GetData ===>> H2,-0.262031299256386,H1,1.6948594426083,AX,-0.0085489948779575,L1,0.0764487411248139,L2,-0.19793...
setting magnet DAC
current  : 5.892276
requested: 5.893311
Delta Dac: 0.001034
Checking detector protection. dv=0.00103
Checking detector "CDD". Protection Threshold: 0.1 (V)
SetMagnetDAC 5.89331089412 ===>> OK
Magnet settling time: 1.049
GetData ===>> H2,-0.250172614794489,H1,0.274292256787656,AX,-0.0400256573395517,L1,0.0536263519247877,L2,-0.068...
setting magnet DAC
current  : 5.893311
requested: 5.894345
Delta Dac: 0.001034
Checking detector protection. dv=0.00103
Checking detector "CDD". Protection Threshold: 0.1 (V)
SetMagnetDAC 5.89434537688 ===>> OK
Magnet settling time: 1.049
GetData ===>> H2,-0.215688082743455,H1,0.0356821654249774,AX,-0.187785729004959,L1,0.00691360868223399,L2,-0.01...
result of _do_sweep=True
result of _calculate_peak_center=([5.8715297456199735, 5.879165016161056, 5.8868002867021385], [458.95485083619513, 625.87396047298978, 463.88693905799414], 5.8767902666620584, 625.87396047298978)
Failed to find a valid peak. No peak greater than 1.0. max = 0.0344986654206
new center pos Detector(H1) (Ar40) @ 5.87916501616
GetHighVoltage ===>> 4499.94659342336
GetDeflection H1 ===>> 0
dac uncorrected for HV and deflection 5.87919963822
update mftable H1 Ar40 5.87919963822 message=automated run peakcenter
get initial guess parabolic
get initial guess parabolic
get initial guess parabolic
get initial guess parabolic
get initial guess parabolic
get initial guess parabolic
dump mftable to /Users/jan/PychronDev/setupfiles/spectrometer/mftables/mftable.csv
add to repo msg=modified - automated run peakcenter
sweep finished
locally archiving mftable
setting magnet DAC
current  : 5.894345
requested: 5.879165
Delta Dac: 0.015180
Checking detector protection. dv=0.01518
Checking detector "CDD". Protection Threshold: 0.1 (V)
SetMagnetDAC 5.87916501616 ===>> OK
Magnet settling time: 0.500
setting integration time = 1.048576
SetIntegrationTime 1.048576 ===>> OK
Failed to find a valid peak. No peak greater than 1.0. max = 0.0344986654206
flush and close file /Users/jan/PychronDev/data/isotopes/b3/4c5185-db99-4adc-851c-a78a49b56af8.h5
finished measure script
executed snippet estimated_duration=226.132928, duration=272.610109091
jan_unknown120_60.py completed successfully
Measurement Finished
06:39:06 -- ******* Measurement Finished *******
Post Measurement Started jan_pump_ms.py
06:39:06 -- ******* Post Measurement Started jan_pump_ms.py *******
testing...
no interpolation path defined
executed snippet estimated_duration=0, duration=2.90870666504e-05
Pumping spectrometer
open () {'name': 'O'}
opening name=O desc=---
checking ownership. requestor=129.138.12.150
check software interlocks O
interlocks []
actuate state mode=None-script, software_lock=False
doing actuation None-script open_channel True
Open O ===>> OK
GetIndicatorState O ===>> OK
change switch state (True, True)
update switch state O True args=() kw={} ncanvase=2
06:39:07 -- OPEN   VALVE-O (Jan Ion Pump)
---------------------------------------- open O () result=[(True, True)], time=0.11 sec
action=open, ok=True, locked=[False]
executed snippet estimated_duration=0, duration=0.367259979248
jan_pump_ms.py completed successfully
setting _ms_pumptime
Post Measurement Finished
06:39:07 -- ******* Post Measurement Finished *******
$$$$$$$$$$$$$$$$$$$$ state at run end measurement
state changed from measurement to success
post measurement save measured=True aborted=False
Set filtering
setting fod for Ar40= {'filter_outliers': True, 'std_devs': 2, 'iterations': 1}
setting fod for H1= {'filter_outliers': True, 'std_devs': 2, 'iterations': 1}
setting fod for PM41= {'filter_outliers': False, 'std_devs': 2, 'iterations': 1}
setting fod for H2= {'filter_outliers': True, 'std_devs': 2, 'iterations': 1}
setting fod for Ar36= {'filter_outliers': True, 'std_devs': 2, 'iterations': 1}
setting fod for CDD= {'filter_outliers': True, 'std_devs': 10, 'iterations': 1}
setting fod for Ar37= {'filter_outliers': True, 'std_devs': 2, 'iterations': 1}
setting fod for L2= {'filter_outliers': True, 'std_devs': 2, 'iterations': 1}
setting fod for Ar38= {'filter_outliers': True, 'std_devs': 2, 'iterations': 1}
setting fod for L1= {'filter_outliers': True, 'std_devs': 2, 'iterations': 1}
setting fod for Ar39= {'filter_outliers': True, 'std_devs': 2, 'iterations': 1}
setting fod for AX= {'filter_outliers': True, 'std_devs': 2, 'iterations': 1}
persistence save...
persistence save - db
post measurement save
7149935792 connecting to database sqlite:////Users/jan/PychronDev/.appdata/local_lab.db
connected to db sqlite:////Users/jan/PychronDev/.appdata/local_lab.db
create new session 7149935792
close session 7149935792
No database instance. Not saving post measurement to isotopedb database
$$$$$$$$$$$$$$$ auto_save_detector_ic=False
massspec enabled True
create new session 4985539184
MassSpec Database Version: 16.0
close session 4985539184
saving post measurement to secondary database
saving to massspec database 129.138.12.160/massspecdata
setting labnumber to 65580
setting aliquot to 18
setting step to 
setting uuid to b34c5185-db99-4adc-851c-a78a49b56af8
setting irradpos to 65580
setting extract_device to Fusions CO2
setting tray to 
setting position to 206
setting power_requested to 5.0
setting extract_value to 5.0
setting duration to 30.0
setting duration_at_request to 30.0
setting first_stage_delay to 30.0
setting cleanup to 30.0
setting comment to O:3 with inclusions
setting irradiation to NM-289
setting level to O
setting irradiation_level to O
setting sample to Bw-2014-12 W
setting material to Sanidine
setting project to Bustos Wells
setting mass_spectrometer to Jan
no attribute chron_dosages
no attribute production_ratios
no attribute interference_corrections
no attribute production_name
no attribute j
Reference Isotope=Ar40
Reference Detector=H1
%%%%%%%%%%%%%%%%%%%% Comment: O:3 with inclusions %%%%%%%%%%%%%%%%%%%
adding isotope PM41 H2
add baseline dbdet= PM41. original det= H2
get baseline data PM41 H2
Get data baseline <pychron.processing.isotope.Baseline object at 0x18a3b2290> len t=60
baseline PM41. v=-0.200990609348, e=0.00716682860113
get signal data PM41 H2
Get data signal PM41 0.08+/-0.06 len t=120
adding isotope Ar40 H1
add baseline dbdet= Ar40. original det= H1
get baseline data Ar40 H1
Get data baseline <pychron.processing.isotope.Baseline object at 0x18a3b2fd0> len t=60
baseline Ar40. v=-0.0114854487948, e=0.00488266130924
get signal data Ar40 H1
Get data signal Ar40 687.17+/-0.05 len t=120
adding isotope Ar39 AX
add baseline dbdet= Ar39. original det= AX
get baseline data Ar39 AX
Get data baseline <pychron.processing.isotope.Baseline object at 0x18a3b2250> len t=60
baseline Ar39. v=-0.0936417083475, e=0.00671461329891
get signal data Ar39 AX
Get data signal Ar39 170.837+/-0.024 len t=120
adding isotope Ar38 L1
add baseline dbdet= Ar38. original det= L1
get baseline data Ar38 L1
Get data baseline <pychron.processing.isotope.Baseline object at 0x18a3b2e90> len t=60
baseline Ar38. v=-0.023256138972, e=0.00303197843315
get signal data Ar38 L1
Get data signal Ar38 2.200+/-0.005 len t=120
adding isotope Ar37 L2
add baseline dbdet= Ar37. original det= L2
get baseline data Ar37 L2
Get data baseline <pychron.processing.isotope.Baseline object at 0x18a3b2e10> len t=60
baseline Ar37. v=-0.0339395816516, e=0.00654358645862
get signal data Ar37 L2
Get data signal Ar37 0.639+/-0.009 len t=120
adding isotope Ar36 CDD
add baseline dbdet= Ar36. original det= CDD
get baseline data Ar36 CDD
Get data baseline <pychron.processing.isotope.Baseline object at 0x18a3b2d10> len t=60
baseline Ar36. v=0.000191043946458, e=2.03547839907e-05
get signal data Ar36 CDD
Get data signal Ar36 0.0250+/-0.0004 len t=120
65580-18 added analysis time 0.625579833984s
analysis added to mass spec database
mass spec save time= 0.649
persistence save - dvc
================= post measurement started
create new session 4989601072
close session 4989601072
---------------- Experiment Queue saving disabled
DVC saving peakcenter
Failed to find a valid peak. No peak greater than 1.0. max = 0.0344986654206
Smart pull ahead: 0 behind: 0
Up-to-date with origin
add to repo msg=modified - ad8224ebc6dbfeb9f5997218dfa5fe690569839d.json
add to repo msg=modified - 80-18.json
add to repo msg=modified - 80-18.dat.json
add to repo msg=modified - 80-18.blan.json
add to repo msg=modified - 80-18.inte.json
add to repo msg=modified - 80-18.icfa.json
add to repo msg=modified - 80-18.base.json
not at valid file /Users/jan/PychronDev/data/.dvc/repositories/Load1789/655/tags/80-18.tags.json
add to repo msg=modified - 80-18.peak.json
add to repo msg=modified - 80-18.extr.json
not at valid file /Users/jan/PychronDev/data/.dvc/repositories/Load1789/655/monitor/80-18.moni.json
commit message=<COLLECTION>
add to repo msg=modified - 80-18.inte.json
add to repo msg=modified - 80-18.base.json
commit message=<ISOEVO> default collection fits
add to repo msg=modified - 80-18.blan.json
commit message=<BLANKS> preceding bc-02-J-361
add to repo msg=modified - 80-18.icfa.json
commit message=<ICFactor> default
push repository <pychron.git_archive.repo_manager.GitRepoManager object at 0x1a8e3b590>
pushing to remote=origin, url=https://github.com
no changes to meta repo
create new session 4989601072
add association Load1789
get identifier "65580"
setting analysis irradiation position=<pychron.dvc.dvc_orm.IrradiationPositionTbl object at 0x19eb86050>
close session 4989601072
================= post measurement finished
06:39:21 -- ******* Post Run Check *******
loading queue conditionals post_run_actions
loading system conditionals post_run_actions
loading conditionals from /Users/jan/PychronDev/setupfiles/spectrometer/default_conditionals.yaml
loading queue conditionals post_run_terminations
loading system conditionals post_run_terminations
loading conditionals from /Users/jan/PychronDev/setupfiles/spectrometer/default_conditionals.yaml
Checking default post run terminations n=1
GetDeflection CDD ===>> 50
testing CDD==2000
evaluate ot="CDD.deflection==2000" t="CDD==2000", ctx="{'CDD': 50.0}"
06:39:21 -- ******* Post Run Check Passed *******
06:39:21 -- Automated run 65580-18 success duration: 366.233 s
----------------- finish -----------------
----------------- stop -----------------
retroactive repository identifiers disabled
finish run. runs completed=151
update duration runid=65580-18, duration=366.232582808, md5=301e91d8
loading script "jan_unknown120_60.py"
loading script "jan_pump_ms.py"
loading script "jan_co2.py"
loading script "jan_pump_extraction_line.py"
testing...
no interpolation path defined
executed snippet estimated_duration=213.652928, duration=0.000309944152832
script duration name:unknown120_60 seconds:214.0
loading script "jan_unknown120_60.py"
loading script "jan_pump_ms.py"
loading script "jan_co2.py"
loading script "jan_pump_extraction_line.py"
testing...
no interpolation path defined
executed snippet estimated_duration=0, duration=2.88486480713e-05
loading script "jan_unknown120_60.py"
loading script "jan_pump_ms.py"
loading script "jan_co2.py"
loading script "jan_pump_extraction_line.py"
testing...
no interpolation path defined
calculate duration
testing...
no interpolation path defined
executed snippet estimated_duration=0, duration=8.39233398438e-05
calculate duration
testing...
no interpolation path defined
executed snippet estimated_duration=0, duration=0.000120878219604
executed snippet estimated_duration=0.0, duration=0.00301384925842
script duration name:co2 seconds:0.0
loading script "jan_unknown120_60.py"
loading script "jan_pump_ms.py"
loading script "jan_co2.py"
loading script "jan_pump_extraction_line.py"
testing...
no interpolation path defined
calculate duration
testing...
no interpolation path defined
executed snippet estimated_duration=4.0, duration=0.0001540184021
executed snippet estimated_duration=4.0, duration=0.00155186653137
Script duration 214.0
Run total estimated duration= 215.000
unknown120_60 in script context. using previous estimated duration
script duration name:unknown120_60 seconds:214.0
pump_ms in script context. using previous estimated duration
co2 in script context. using previous estimated duration
script duration name:co2 seconds:0.0
pump_extraction_line in script context. using previous estimated duration
Script duration 214.0
Run total estimated duration= 215.000
script duration name:unknown120_60 seconds:214.0
script duration name:co2 seconds:0.0
Script duration 214.0
Run total estimated duration= 215.000
script duration name:unknown120_60 seconds:214.0
script duration name:co2 seconds:0.0
Script duration 214.0
Run total estimated duration= 215.000
script duration name:unknown120_60 seconds:214.0
script duration name:co2 seconds:0.0
Script duration 214.0
Run total estimated duration= 215.000
script duration name:unknown120_60 seconds:214.0
script duration name:co2 seconds:0.0
Script duration 214.0
Run total estimated duration= 215.000
script duration name:unknown120_60 seconds:214.0
script duration name:co2 seconds:0.0
Script duration 214.0
Run total estimated duration= 215.000
script duration name:unknown120_60 seconds:214.0
script duration name:co2 seconds:0.0
Script duration 214.0
Run total estimated duration= 215.000
loading script "jan_unknown400_120.py"
loading script "jan_pump_ms.py"
loading script "jan_co2.py"
loading script "jan_pump_extraction_line.py"
testing...
no interpolation path defined
executed snippet estimated_duration=556.052928, duration=0.000261068344116
script duration name:unknown400_120 seconds:556.0
script duration name:co2 seconds:0.0
Script duration 556.0
Run total estimated duration= 557.000
script duration name:unknown120_60 seconds:214.0
script duration name:co2 seconds:0.0
Script duration 214.0
Run total estimated duration= 215.000
script duration name:unknown120_60 seconds:214.0
script duration name:co2 seconds:0.0
Script duration 214.0
Run total estimated duration= 215.000
script duration name:unknown120_60 seconds:214.0
script duration name:co2 seconds:0.0
Script duration 214.0
Run total estimated duration= 215.000
unknown400_120 in script context. using previous estimated duration
script duration name:unknown400_120 seconds:556.0
loading script "jan_unknown400_120.py"
loading script "jan_pump_ms.py"
loading script "jan_cocktail_x1.py"
loading script "jan_pump_extraction_line.py"
testing...
no interpolation path defined
calculate duration
testing...
no interpolation path defined
executed snippet estimated_duration=0, duration=4.6968460083e-05
calculate duration
testing...
no interpolation path defined
executed snippet estimated_duration=0, duration=0.00010085105896
calculate duration
testing...
no interpolation path defined
executed snippet estimated_duration=32.0, duration=8.89301300049e-05
calculate duration
testing...
no interpolation path defined
executed snippet estimated_duration=34.0, duration=9.79900360107e-05
calculate duration
testing...
no interpolation path defined
executed snippet estimated_duration=4.0, duration=8.10623168945e-05
calculate duration
testing...
no interpolation path defined
executed snippet estimated_duration=38.0, duration=0.000108957290649
executed snippet estimated_duration=108.0, duration=0.0162601470947
script duration name:cocktail_x1 seconds:108.0
Script duration 664.0
Run total estimated duration= 665.000
script duration name:unknown400_120 seconds:556.0
cocktail_x1 in script context. using previous estimated duration
script duration name:cocktail_x1 seconds:108.0
Script duration 664.0
Run total estimated duration= 665.000
script duration name:unknown120_60 seconds:214.0
script duration name:co2 seconds:0.0
Script duration 214.0
Run total estimated duration= 215.000
script duration name:unknown120_60 seconds:214.0
script duration name:co2 seconds:0.0
Script duration 214.0
Run total estimated duration= 215.000
script duration name:unknown400_120 seconds:556.0
script duration name:co2 seconds:0.0
Script duration 556.0
Run total estimated duration= 557.000
nruns=17 before=5.0, run_dur=5239.0, btw=720.0
write rem/ex queues
/Users/jan/PychronDev/experiments/rem/CurrentExperiment.rem.txt
/Users/jan/PychronDev/experiments/rem/CurrentExperiment.ex.txt
doing event level: 3
