do run
loading script "jan_unknown120_60.py"
loading script "jan_pump_ms.py"
loading script "jan_co2.py"
loading script "jan_pump_extraction_line.py"
testing...
no interpolation path defined
executed snippet estimated_duration=213.652928, duration=0.000287771224976
script duration name:unknown120_60 seconds:214.0
loading script "jan_unknown120_60.py"
loading script "jan_pump_ms.py"
loading script "jan_co2.py"
loading script "jan_pump_extraction_line.py"
testing...
no interpolation path defined
executed snippet estimated_duration=0, duration=3.50475311279e-05
loading script "jan_unknown120_60.py"
loading script "jan_pump_ms.py"
loading script "jan_co2.py"
loading script "jan_pump_extraction_line.py"
testing...
no interpolation path defined
calculate duration
testing...
no interpolation path defined
executed snippet estimated_duration=0, duration=6.29425048828e-05
calculate duration
testing...
no interpolation path defined
executed snippet estimated_duration=0, duration=9.58442687988e-05
executed snippet estimated_duration=0.0, duration=0.00431108474731
script duration name:co2 seconds:0.0
loading script "jan_unknown120_60.py"
loading script "jan_pump_ms.py"
loading script "jan_co2.py"
loading script "jan_pump_extraction_line.py"
testing...
no interpolation path defined
calculate duration
testing...
no interpolation path defined
executed snippet estimated_duration=4.0, duration=0.000175952911377
executed snippet estimated_duration=4.0, duration=0.00154185295105
Script duration 214.0
Run total estimated duration= 215.000
run duration: 0:03:35
doing event level: 2
04:24:47 -- Setting default integration. t=1.048576
setting integration time = 1.048576
SetIntegrationTime 1.048576 ===>> OK
----------------- start -----------------
**************** Experiment Type: Ar/Ar, Ar/Ar
create new session 4436069840
close session 4436069840
$$$$$ Clearing conditionals
adding conditionals 
Add queue conditionals
add default conditionals
adding default conditionals from /Users/jan/PychronDev/setupfiles/spectrometer/default_conditionals.yaml
Start automated run 65580-11
loading script "jan_unknown120_60.py"
loading script "jan_pump_ms.py"
loading script "jan_co2.py"
loading script "jan_pump_extraction_line.py"
%%%%%%%%%%%%%%%%%% setting automated run 65580-11
No value "sensitivity_multiplier" in metadata
$$$$$$$$$$$$$$$ auto_save_detector_ic=False
============================= Pre Extraction Check =============================
loading queue conditionals pre_run_terminations
loading system conditionals pre_run_terminations
loading conditionals from /Users/jan/PychronDev/setupfiles/spectrometer/default_conditionals.yaml
04:24:47 -- ******* Pre Extraction Check *******
Get a measurement from the spectrometer
GetData ===>> H2,-0.019059046088453,H1,0.0162216016976082,AX,0.0089798229894003,L1,-0.0100834913445255,L2,0.047...
Pre Extraction Termination data. keys=H2,H1,AX,L1,L2,CDD, signals=-0.01906,0.01622,0.00898,-0.01008,0.04769,0.00328
04:24:47 -- testing system defined conditionals
Checking default pre extraction terminations n=2
testing CDD
evaluate ot="CDD.inactive" t="CDD", ctx="{'CDD': False}"
GetDeflection CDD ===>> 50
testing CDD==2000
evaluate ot="CDD.deflection==2000" t="CDD==2000", ctx="{'CDD': 50.0}"
04:24:47 -- ******* Pre Extraction Check Passed *******
=================================================================================
04:24:47 -- stopping status monitor
stop 4982387056
Alive clients [4989850544]
04:24:47 -- starting status monitor
start 4982387056
Monitor already running
start extraction
do extraction
Analysis started at 04:24:47.368925
Extraction Started jan_co2.py
04:24:47 -- ******* Extraction Started jan_co2.py *******
state changed from not run to extraction
DO EXTRACTION <pychron.extraction_line.pyscript_runner.RemotePyScriptRunner object at 0x12c299590>
testing...
no interpolation path defined
calculate duration
testing...
no interpolation path defined
executed snippet estimated_duration=0, duration=4.91142272949e-05
calculate duration
testing...
no interpolation path defined
executed snippet estimated_duration=0, duration=8.01086425781e-05
executed snippet estimated_duration=100.0, duration=0.00431990623474
Jan CO2 laser analysis
doing GOSUB
testing...
no interpolation path defined
executed snippet estimated_duration=0, duration=3.60012054443e-05
Waiting for CO2 access
wait ('FelixCO2Flag', 0) {}
waiting for FelixCO2Flag = 0
Read FelixCO2Flag ===>> 0
finished waiting
CO2 free
wait ('CO2PumpTimeFlag', 0) {}
waiting for CO2PumpTimeFlag = 0
Read CO2PumpTimeFlag ===>> 0
finished waiting
acquire ('JanCO2Flag',) {'clear': True}
acquire JanCO2Flag
Set JanCO2Flag 1 ===>> OK
JanCO2Flag acquired
set extraction state False (0.75, 'red', 1.5)
CO2 acquired
executed snippet estimated_duration=0, duration=0.0171420574188
WaitForCO2Access.py completed successfully
gosub finished
doing GOSUB
testing...
no interpolation path defined
executed snippet estimated_duration=0, duration=0.000102996826172
Prepare for CO2 analysis
close () {'description': 'Jan Inlet'}
closing name=--- desc=Jan Inlet
checking ownership. requestor=129.138.12.150
check software interlocks R
interlocks []
actuate state mode=None-script, software_lock=False
doing actuation None-script close_channel False
Close R ===>> OK
GetIndicatorState R ===>> False
change switch state (True, True)
update switch state R False args=() kw={} ncanvase=2
04:24:47 -- CLOSE  VALVE-R (Jan Inlet)
---------------------------------------- close None (Jan Inlet) result=[(True, True)]
action=close, ok=True, locked=[False]
open () {'description': 'Jan Ion Pump'}
opening name=--- desc=Jan Ion Pump
checking ownership. requestor=129.138.12.150
check software interlocks O
interlocks []
actuate state mode=None-script, software_lock=False
doing actuation None-script open_channel False
Open O ===>> OK
GetIndicatorState O ===>> OK
change switch state (True, True)
update switch state O True args=() kw={} ncanvase=2
04:24:48 -- OPEN   VALVE-O (Jan Ion Pump)
---------------------------------------- open None (Jan Ion Pump) result=[(True, True)], time=0.12 sec
action=open, ok=True, locked=[False]
close () {'description': 'Microbone to Minibone'}
closing name=--- desc=Microbone to Minibone
checking ownership. requestor=129.138.12.150
check software interlocks L
interlocks []
actuate state mode=None-script, software_lock=False
doing actuation None-script close_channel False
Close L ===>> OK
GetIndicatorState L ===>> False
change switch state (True, True)
update switch state L False args=() kw={} ncanvase=2
04:24:48 -- CLOSE  VALVE-L (Microbone to Minibone)
---------------------------------------- close None (Microbone to Minibone) result=[(True, True)]
action=close, ok=True, locked=[False]
open () {'description': 'Microbone to Turbo'}
opening name=--- desc=Microbone to Turbo
checking ownership. requestor=129.138.12.150
check software interlocks U
interlocks []
actuate state mode=None-script, software_lock=False
doing actuation None-script open_channel False
Open U ===>> OK
GetIndicatorState U ===>> OK
change switch state (True, True)
update switch state U True args=() kw={} ncanvase=2
04:24:49 -- OPEN   VALVE-U (Microbone to Turbo)
---------------------------------------- open None (Microbone to Turbo) result=[(True, True)], time=0.16 sec
action=open, ok=True, locked=[False]
open () {'description': 'Microbone to Inlet Pipette'}
opening name=--- desc=Microbone to Inlet Pipette
checking ownership. requestor=129.138.12.150
check software interlocks S
interlocks []
actuate state mode=None-script, software_lock=False
doing actuation None-script open_channel False
Open S ===>> OK
GetIndicatorState S ===>> OK
change switch state (True, True)
update switch state S True args=() kw={} ncanvase=2
04:24:50 -- OPEN   VALVE-S (Microbone to Inlet Pipette)
---------------------------------------- open None (Microbone to Inlet Pipette) result=[(True, True)], time=0.48 sec
action=open, ok=True, locked=[False]
open () {'description': 'Microbone to Getter D-50'}
opening name=--- desc=Microbone to Getter D-50
checking ownership. requestor=129.138.12.150
check software interlocks K
interlocks []
actuate state mode=None-script, software_lock=False
doing actuation None-script open_channel False
Open K ===>> OK
GetIndicatorState K ===>> OK
change switch state (True, True)
update switch state K True args=() kw={} ncanvase=2
04:24:50 -- OPEN   VALVE-K (Microbone to Getter D-50)
---------------------------------------- open None (Microbone to Getter D-50) result=[(True, True)], time=0.42 sec
action=open, ok=True, locked=[False]
open () {'description': 'Microbone to Getter NP-10'}
opening name=--- desc=Microbone to Getter NP-10
checking ownership. requestor=129.138.12.150
check software interlocks M
interlocks []
actuate state mode=None-script, software_lock=False
doing actuation None-script open_channel False
Open M ===>> OK
GetIndicatorState M ===>> OK
change switch state (True, True)
update switch state M True args=() kw={} ncanvase=2
04:24:51 -- OPEN   VALVE-M (Microbone to Getter NP-10)
---------------------------------------- open None (Microbone to Getter NP-10) result=[(True, True)], time=0.16 sec
action=open, ok=True, locked=[False]
close () {'description': 'CO2 Laser to Felix'}
closing name=--- desc=CO2 Laser to Felix
checking ownership. requestor=129.138.12.150
check software interlocks F
interlocks []
actuate state mode=None-script, software_lock=True
VALVE-F(CO2 Laser to Felix) software locked
change switch state (True, False)
---------------------------------------- close None (CO2 Laser to Felix) result=[(True, False)]
action=close, ok=True, locked=[True]
open () {'description': 'CO2 Laser to Jan'}
opening name=--- desc=CO2 Laser to Jan
checking ownership. requestor=129.138.12.150
check software interlocks A
interlocks []
actuate state mode=None-script, software_lock=False
doing actuation None-script open_channel False
Open A ===>> OK
GetIndicatorState A ===>> OK
change switch state (True, True)
update switch state A True args=() kw={} ncanvase=2
04:24:51 -- OPEN   VALVE-A (CO2 Laser to Jan)
---------------------------------------- open None (CO2 Laser to Jan) result=[(True, True)], time=0.13 sec
action=open, ok=True, locked=[False]
open () {'description': 'Microbone to CO2 Laser'}
opening name=--- desc=Microbone to CO2 Laser
checking ownership. requestor=129.138.12.150
check software interlocks T
interlocks []
actuate state mode=None-script, software_lock=False
doing actuation None-script open_channel False
Open T ===>> OK
GetIndicatorState T ===>> OK
change switch state (True, True)
update switch state T True args=() kw={} ncanvase=2
04:24:52 -- OPEN   VALVE-T (Microbone to CO2 Laser)
---------------------------------------- open None (Microbone to CO2 Laser) result=[(True, True)], time=0.47 sec
action=open, ok=True, locked=[False]
executed snippet estimated_duration=0, duration=5.17619490623
PrepareForCO2Analysis.py completed successfully
gosub finished
set_motor ('beam', '1.25') {}
setting motor "beam" to 1.25
set motor beam to 1.25
SetMotor beam,1.25 ===>> OK
GetMotorMoving beam ===>> False
GetMotorMoving beam ===>> False
Block completed
move_to_position ('199',) {'autocenter': True}
FusionsCO2 move to position 199
sending GoToHole 199,True
GoToHole 199,True ===>> OK
GetDriveMoving ===>> OK
GetDriveMoving ===>> OK
GetDriveMoving ===>> OK
GetDriveMoving ===>> OK
GetDriveMoving ===>> OK
GetDriveMoving ===>> OK
GetDriveMoving ===>> False
GetDriveMoving ===>> OK
GetDriveMoving ===>> OK
GetDriveMoving ===>> OK
GetDriveMoving ===>> OK
GetDriveMoving ===>> OK
GetDriveMoving ===>> False
Block completed
GetAutoCorrecting ===>> False
GetAutoCorrecting ===>> False
Block completed
update position
GetPosition ===>> -5.98170,-11.96340,1.00000
got position (-5.9817, -11.9634, 1.0)
move to position succeeded
sleep (5,) {}
SLEEP 5.0
block started
WaitControl setup for 5.0  
Join finished
block finished. duration 5.03668999672
close () {'description': 'Microbone to Turbo'}
closing name=--- desc=Microbone to Turbo
checking ownership. requestor=129.138.12.150
check software interlocks U
interlocks []
actuate state mode=None-script, software_lock=False
doing actuation None-script close_channel True
Close U ===>> OK
GetIndicatorState U ===>> False
change switch state (True, True)
update switch state U False args=() kw={} ncanvase=2
04:25:03 -- CLOSE  VALVE-U (Microbone to Turbo)
---------------------------------------- close None (Microbone to Turbo) result=[(True, True)]
action=close, ok=True, locked=[False]
enable laser
enable () {}
set extraction state FusionsCO2 Enabled (False, 'red', 1.5)
enabling laser
Enable ===>> OK
begin interval
BEGIN INTERVAL Interval 1 waiting for 30.0
block started
set extract to 5.0
WaitControl setup for 30.0  
extract (5.0,) {}
GetPosition ===>> -5.98170,-11.96340,1.00000
set extraction state FusionsCO2 ON! 5.0(watts) (0.75, 'red', 1.5)
extract sample to 5.0 (watts)
set laser output
SetLaserOutput 5.0,watts ===>> OK
executing pattern triangle.lp
execute_pattern ('triangle.lp',) {}
executing pattern triangle.lp
IsPatterning ===>> OK
IsPatterning ===>> OK
IsPatterning ===>> OK
IsPatterning ===>> OK
IsPatterning ===>> OK
IsPatterning ===>> OK
IsPatterning ===>> OK
IsPatterning ===>> OK
IsPatterning ===>> OK
IsPatterning ===>> OK
IsPatterning ===>> OK
IsPatterning ===>> OK
IsPatterning ===>> OK
IsPatterning ===>> OK
IsPatterning ===>> OK
IsPatterning ===>> OK
IsPatterning ===>> OK
IsPatterning ===>> OK
IsPatterning ===>> OK
IsPatterning ===>> OK
IsPatterning ===>> OK
IsPatterning ===>> OK
IsPatterning ===>> OK
IsPatterning ===>> OK
IsPatterning ===>> OK
IsPatterning ===>> OK
IsPatterning ===>> False
IsPatterning ===>> False
Block completed
COMPLETE INTERVAL waiting for Interval 1 to complete
Join finished
block finished. duration 30.2100429535
Interval 1 finished
end_extract () {}
ending extraction. set laser power to 0
set laser power 0
SetLaserPower 0 ===>> OK
disable () {}
%%%%%%%%%%%%%%%%%%%%%%%%%%%%%%%%%%% disable
set extraction state False (0.75, 'red', 1.5)
disabling laser
Disable ===>> OK
sleep (30.0,) {}
SLEEP 30.0
block started
WaitControl setup for 30.0  
Join finished
block finished. duration 30.1551859379
executed snippet estimated_duration=166.0, duration=77.4753401279
jan_co2.py completed successfully
GetAchievedOutput ===>> No Response
Requested Output= 0.000
Achieved Output=  0.000
GetResponseBlob ===>> No Response
GetOutputBlob ===>> No Response
persistence save...
persistence save - db
AutomatedRunPersister post_extraction_save deprecated
persistence save - dvc
no extraction position for 199
create new session 4989601072
close session 4989601072
Extraction Finished
04:26:04 -- ******* Extraction Finished *******
no overlap. not waiting for min ms pumptime
04:26:04 -- Sending spectrometer configuration
======== Sending configuration ========
SetDeflection CDD,50.0 ===>> OK
SetDeflection H2,0.0 ===>> OK
SetDeflection H1,0.0 ===>> OK
SetDeflection L2,825.0 ===>> OK
SetDeflection L1,400.0 ===>> OK
SetDeflection AX,190.0 ===>> OK
SetZFocus 74.64 ===>> OK
SetZSymmetry -50.72 ===>> OK
SetExtractionLens 26.13 ===>> OK
SetIonRepeller -3.81 ===>> OK
SetElectronEnergy 75.08 ===>> OK
SetYSymmetry -2.81 ===>> OK
SetIonCounterVoltage 1590.0 ===>> OK
send trap current 200.0
GetParameter Trap Current Readback ===>> 198.147042666178
SetParameter Trap Current Set,200.0 ===>> OK
updating mftable name mftable
Using mftable located at /Users/jan/PychronDev/setupfiles/spectrometer/mftables/mftable.csv
============ MFtable ===========
Isotope  H2     H1     AX     L1     L2     CDD    
Ar40     5.8073 5.8792 5.9926 6.1472 6.2310 6.3754
Ar39     5.7065 5.7715 5.8850 6.0333 6.1162 6.2619
Ar36     5.3841 5.4405 5.5484 5.6921 5.7711 5.9130
================================
get initial guess parabolic
get initial guess parabolic
get initial guess parabolic
get initial guess parabolic
get initial guess parabolic
get initial guess parabolic
======== Configuration Finished ========
GetYSymmetry ===>> -2.81
GetZSymmetry ===>> -50.72
GetParameter Trap Current Readback ===>> 198.258926936459
GetHighVoltage ===>> 4499.94659342336
start measurement
do measurement
L#=65580 analysis type=unknown
Measurement Started jan_unknown120_60.py
04:26:05 -- ******* Measurement Started jan_unknown120_60.py *******
state changed from extraction to measurement
setting spec, defl, and gains
GetExtractionLens ===>> 26.13
GetYSymmetry ===>> -2.81
GetZSymmetry ===>> -50.72
GetZFocus ===>> 74.64
GetDeflection H2 ===>> 0
GetDeflection H1 ===>> 0
GetDeflection AX ===>> 190
GetDeflection L1 ===>> 400
GetDeflection L2 ===>> 825
GetDeflection CDD ===>> 50
GetGain H2 ===>> 0.0113
GetGain H1 ===>> 0.1
GetGain AX ===>> 0.097049
GetGain L1 ===>> 0.010355
GetGain L2 ===>> 0.095649
GetGain CDD ===>> 0
pre measurement save
New frame /Users/jan/PychronDev/data/isotopes/9d/fb018b-26bd-4712-b680-e371c1762358.h5
flush and close file /Users/jan/PychronDev/data/isotopes/9d/fb018b-26bd-4712-b680-e371c1762358.h5
testing...
no interpolation path defined
executed snippet estimated_duration=226.132928, duration=0.000119924545288
unknown measurement script
activate_detectors ('H2', 'H1', 'AX', 'L1', 'L2', 'CDD') {}
activate detectors
*************** Set Analysis View Ar/Ar
create graphs
clearing graphs
clear isotope group
setting isotope det=H2, iso=PM41
setting isotope det=H1, iso=Ar40
setting isotope det=AX, iso=Ar39
setting isotope det=L1, iso=Ar38
setting isotope det=L2, iso=Ar37
setting isotope det=CDD, iso=Ar36
setting previous blanks
 - setting Ar40 blank 0.603+/-0.007
 - setting Ar36 blank 0.00621+/-0.00019
 - setting Ar37 blank 0.047+/-0.005
 - setting Ar38 blank 0.0064+/-0.0021
 - setting PM41 blank 0.03+/-0.07
 - setting Ar39 blank 0.011+/-0.009
load analysis view
position_magnet ('Ar40',) {'detector': 'H1'}
detector Detector(H1)
POSITION Ar40 H1
setting detector H2 to PM41 (40.9624)
setting detector H1 to Ar40 (39.9624)
setting detector AX to Ar39 (38.9624)
setting detector L1 to Ar38 (37.9624)
setting detector L2 to Ar37 (36.9624)
setting detector CDD to Ar36 (35.9624)
Mapping mass to dac mass func: "parabolic"
H1 map mass coeffs = [-0.00063987  0.15840543  0.57082999]
H1 map mass to dac 39.9624 >> 5.87922
GetDeflection H1 ===>> 0
GetHighVoltage ===>> 4499.94659342336
positioning Ar40 (5.87918537782) on H1
setting magnet DAC
current  : 5.879181
requested: 5.879185
Delta Dac: 0.000005
Checking detector protection. dv=0.00000
Checking detector "CDD". Protection Threshold: 0.1 (V)
SetMagnetDAC 5.87918537782 ===>> OK
Magnet settling time: 0.500
equilibrate () {'delay': 3, 'inlet': 'R', 'outlet': 'O', 'eqtime': 12.0}
Equilibration Started
04:26:07 -- ******* Equilibration Started *******
checking ownership. requestor=129.138.12.150
check software interlocks O
interlocks []
actuate state mode=None-script, software_lock=False
doing actuation None-script close_channel True
Close O ===>> OK
GetIndicatorState O ===>> False
change switch state (True, True)
update switch state O False args=() kw={} ncanvase=2
04:26:07 -- CLOSE  VALVE-O (Jan Ion Pump)
waiting 3s before opening inlet value ('R',)
update labels <pychron.experiment.plot_panel.PlotPanel object at 0x19fc38f50>
update labels "<pychron.graph.stacked_regression_graph.StackedRegressionGraph object at 0x177b6fdd0>"
setting label 0 H2 PM41
setting label 1 H1 Ar40
setting label 2 AX Ar39
setting label 3 L1 Ar38
setting label 4 L2 Ar37
setting label 5 CDD Ar36
update labels "<pychron.graph.stacked_graph.StackedGraph object at 0x17b6d6410>"
setting label 0 H2 PM41
setting label 1 H1 Ar40
setting label 2 AX Ar39
setting label 3 L1 Ar38
setting label 4 L2 Ar37
setting label 5 CDD Ar36
checking ownership. requestor=129.138.12.150
check software interlocks R
interlocks []
actuate state mode=None-script, software_lock=False
doing actuation None-script open_channel True
Open R ===>> OK
GetIndicatorState R ===>> OK
change switch state (True, True)
update switch state R True args=() kw={} ncanvase=2
04:26:10 -- OPEN   VALVE-R (Jan Inlet)
set_time_zero () {}
equilibrating for 12.0sec
sniff (12.0,) {}
py_sniff
build tables- sniff [Detector(H2), Detector(H1), Detector(AX), Detector(L1), Detector(L2), Detector(CDD)]
add group /sniff/PM41 (Group) '' table H2
add group /sniff/Ar40 (Group) '' table H1
add group /sniff/Ar39 (Group) '' table AX
add group /sniff/Ar38 (Group) '' table L1
add group /sniff/Ar37 (Group) '' table L2
add group /sniff/Ar36 (Group) '' table CDD
flush and close file /Users/jan/PychronDev/data/isotopes/9d/fb018b-26bd-4712-b680-e371c1762358.h5
measuring sniff. ncounts=12.0
"sniff" increment series count="1" fit count="0" regressing="False"
starting measurement
GetData ===>> H2,-0.195785970197117,H1,0.0589777708958962,AX,-0.156715833924215,L1,0.0205540988198573,L2,0.0468...
GetData ===>> H2,0.526454205348681,H1,449.614003377335,AX,116.475272225834,L1,0.461468398882729,L2,0.8111325113...
GetData ===>> H2,0.844169218566186,H1,1194.5724760114,AX,299.153201378567,L1,2.03344159288119,L2,1.295572493849...
GetData ===>> H2,0.308776294202938,H1,1451.13165793803,AX,354.227273047411,L1,3.23291153849133,L2,1.35068437208...
GetData ===>> H2,0.126337234097462,H1,1538.3120106218,AX,371.16295197333,L1,3.8990626410861,L2,1.3752577838291,...
GetData ===>> H2,0.124791534839547,H1,1572.09482807291,AX,377.575539156932,L1,4.29314562721808,L2,1.40195139663...
GetData ===>> H2,0.0439153384962392,H1,1585.71767249001,AX,380.284763628495,L1,4.53463652798931,L2,1.3774265072...
GetData ===>> H2,0.0318618882239608,H1,1591.96245989889,AX,381.148130095409,L1,4.65055603839609,L2,1.2652004026...
GetData ===>> H2,0.023613452232747,H1,1594.09595119422,AX,381.742188411651,L1,4.78735207493549,L2,1.36790284724...
GetData ===>> H2,-0.0447386417401774,H1,1594.80430047153,AX,381.952008611907,L1,4.82816010683125,L2,1.331005318...
GetData ===>> H2,0.00339503794674847,H1,1595.31571666318,AX,381.800205521181,L1,4.88358216783057,L2,1.269858288...
Equilibration Finished
04:26:22 -- ******* Equilibration Finished *******
checking ownership. requestor=129.138.12.150
check software interlocks R
interlocks []
actuate state mode=None-script, software_lock=False
doing actuation None-script close_channel True
GetData ===>> H2,-0.00521591754791293,H1,1595.50965577781,AX,381.556282679729,L1,4.93015670095625,L2,1.38322148...
Close R ===>> OK
set states for children of R. state=False
handle state [('R', False)]
update switch state R False args=() kw={'refresh': False} ncanvase=2
refresh_canvas_needed fired
GetIndicatorState R ===>> False
change switch state (True, True)
update switch state R False args=() kw={} ncanvase=2
04:26:23 -- CLOSE  VALVE-R (Jan Inlet)
Post Equilibration Started jan_pump_extraction_line.py
04:26:23 -- ******* Post Equilibration Started jan_pump_extraction_line.py *******
testing...
no interpolation path defined
calculate duration
testing...
no interpolation path defined
executed snippet estimated_duration=4.0, duration=0.000150918960571
executed snippet estimated_duration=4.0, duration=0.0033118724823
Pump after analysis
doing GOSUB
testing...
no interpolation path defined
executed snippet estimated_duration=4.0, duration=0.000226974487305
Pump Microbone
close () {'description': 'Jan Inlet'}
closing name=--- desc=Jan Inlet
checking ownership. requestor=129.138.12.150
check software interlocks R
interlocks []
actuate state mode=None-script, software_lock=False
doing actuation None-script close_channel False
Close R ===>> OK
measurement finished
estimated time: 12.583 actual time: :12.692
flush and close file /Users/jan/PychronDev/data/isotopes/9d/fb018b-26bd-4712-b680-e371c1762358.h5
set_fits () {}
using default fits file=/Users/jan/PychronDev/scripts/measurement/fits/nominal_linear.yaml
set "Ar40" to "('Linear', 'SEM')"
No fit for "PM41". defaulting to linear. check the measurement script "jan_unknown120_60.py"
set "PM41" to "linear"
set "Ar36" to "('Linear', 'SEM')"
set "Ar37" to "('linear', 'SEM')"
set "Ar38" to "('linear', 'SEM')"
set "Ar39" to "('Linear', 'SEM')"
set_baseline_fits () {}
using default fits file=/Users/jan/PychronDev/scripts/measurement/fits/nominal_linear.yaml
set "H1" to "('average', 'SEM')"
set "H2" to "('average', 'SEM')"
set "CDD" to "('average', 'SEM')"
set "L2" to "('average', 'SEM')"
set "L1" to "('average', 'SEM')"
set "AX" to "('average', 'SEM')"
multicollect () {'integration_time': 1, 'ncounts': 120}
build tables- signal [Detector(H2), Detector(H1), Detector(AX), Detector(L1), Detector(L2), Detector(CDD)]
add group /signal/PM41 (Group) '' table H2
add group /signal/Ar40 (Group) '' table H1
add group /signal/Ar39 (Group) '' table AX
add group /signal/Ar38 (Group) '' table L1
add group /signal/Ar37 (Group) '' table L2
add group /signal/Ar36 (Group) '' table CDD
flush and close file /Users/jan/PychronDev/data/isotopes/9d/fb018b-26bd-4712-b680-e371c1762358.h5
GetIndicatorState R ===>> False
measuring signal. ncounts=120
change switch state (True, True)
update switch state R False args=() kw={} ncanvase=2
04:26:23 -- CLOSE  VALVE-R (Jan Inlet)
---------------------------------------- close None (Jan Inlet) result=[(True, True)]
action=close, ok=True, locked=[False]
is_closed ('F',) {}
is F () closed?
is closed True
open () {'description': 'CO2 Laser to Jan'}
opening name=--- desc=CO2 Laser to Jan
checking ownership. requestor=129.138.12.150
check software interlocks A
interlocks []
actuate state mode=None-script, software_lock=False
doing actuation None-script open_channel False
Open A ===>> OK
GetIndicatorState A ===>> OK
change switch state (True, True)
update switch state A True args=() kw={} ncanvase=2
starting measurement
04:26:24 -- OPEN   VALVE-A (CO2 Laser to Jan)
---------------------------------------- open None (CO2 Laser to Jan) result=[(True, True)], time=0.30 sec
GetData ===>> H2,0.0363078120385483,H1,1595.13376295081,AX,382.08267682686,L1,4.93616230680975,L2,1.38317558185...
action=open, ok=True, locked=[False]
sleep (1,) {}
SLEEP 1.0
"signal" increment series count="2" fit count="1" regressing="True"
GetData ===>> H2,0.0182394010682123,H1,1594.57227277105,AX,381.806457913867,L1,4.96072401606969,L2,1.3070147115...
close () {'description': 'CO2 Laser to Roughing'}
closing name=--- desc=CO2 Laser to Roughing
checking ownership. requestor=129.138.12.150
check software interlocks G
interlocks []
actuate state mode=None-script, software_lock=True
VALVE-G(CO2 Laser to Roughing) software locked
change switch state (True, False)
---------------------------------------- close None (CO2 Laser to Roughing) result=[(True, False)]
action=close, ok=True, locked=[True]
open () {'description': 'Microbone to Turbo'}
opening name=--- desc=Microbone to Turbo
checking ownership. requestor=129.138.12.150
check software interlocks U
interlocks []
actuate state mode=None-script, software_lock=False
doing actuation None-script open_channel True
Open U ===>> OK
GetIndicatorState U ===>> OK
change switch state (True, True)
update switch state U True args=() kw={} ncanvase=2
04:26:25 -- OPEN   VALVE-U (Microbone to Turbo)
---------------------------------------- open None (Microbone to Turbo) result=[(True, True)], time=0.20 sec
action=open, ok=True, locked=[False]
open () {'description': 'Microbone to Getter NP-10'}
opening name=--- desc=Microbone to Getter NP-10
checking ownership. requestor=129.138.12.150
check software interlocks M
interlocks []
actuate state mode=None-script, software_lock=False
doing actuation None-script open_channel False
Open M ===>> OK
GetIndicatorState M ===>> OK
change switch state (True, True)
update switch state M True args=() kw={} ncanvase=2
04:26:26 -- OPEN   VALVE-M (Microbone to Getter NP-10)
---------------------------------------- open None (Microbone to Getter NP-10) result=[(True, True)], time=0.17 sec
action=open, ok=True, locked=[False]
open () {'description': 'Microbone to Getter D-50'}
GetData ===>> H2,-0.11372074853915,H1,1593.98382707402,AX,381.553899131848,L1,4.96339257705851,L2,1.25973972051...
opening name=--- desc=Microbone to Getter D-50
checking ownership. requestor=129.138.12.150
check software interlocks K
interlocks []
actuate state mode=None-script, software_lock=False
doing actuation None-script open_channel False
Open K ===>> OK
GetIndicatorState K ===>> OK
change switch state (True, True)
update switch state K True args=() kw={} ncanvase=2
04:26:26 -- OPEN   VALVE-K (Microbone to Getter D-50)
---------------------------------------- open None (Microbone to Getter D-50) result=[(True, True)], time=0.44 sec
action=open, ok=True, locked=[False]
open () {'description': 'Microbone to CO2 Laser'}
opening name=--- desc=Microbone to CO2 Laser
checking ownership. requestor=129.138.12.150
check software interlocks T
interlocks []
actuate state mode=None-script, software_lock=False
doing actuation None-script open_channel False
GetData ===>> H2,-0.104325974019164,H1,1593.41420701138,AX,381.317398320667,L1,4.95868807032539,L2,1.2523063484...
Open T ===>> OK
GetIndicatorState T ===>> OK
change switch state (True, True)
update switch state T True args=() kw={} ncanvase=2
04:26:27 -- OPEN   VALVE-T (Microbone to CO2 Laser)
---------------------------------------- open None (Microbone to CO2 Laser) result=[(True, True)], time=0.40 sec
action=open, ok=True, locked=[False]
open () {'description': 'Microbone to Inlet Pipette'}
opening name=--- desc=Microbone to Inlet Pipette
checking ownership. requestor=129.138.12.150
check software interlocks S
interlocks []
actuate state mode=None-script, software_lock=False
doing actuation None-script open_channel False
Open S ===>> OK
GetIndicatorState S ===>> OK
change switch state (True, True)
update switch state S True args=() kw={} ncanvase=2
04:26:28 -- OPEN   VALVE-S (Microbone to Inlet Pipette)
---------------------------------------- open None (Microbone to Inlet Pipette) result=[(True, True)], time=0.58 sec
testing H1>-5.0
evaluate ot="H1.bs>-5.0" t="H1>-5.0", ctx="{'H1': None}"
action=open, ok=True, locked=[False]
GetData ===>> H2,-0.20156695900817,H1,1592.28938507808,AX,381.427498737537,L1,4.97040245223413,L2,1.39414682387...
sleep (1,) {}
SLEEP 1.0
set_resource () {'name': 'CO2PumpTimeFlag', 'value': 30}
GetData ===>> H2,-0.104512730329572,H1,1591.70757991092,AX,381.267625606017,L1,4.92693846210607,L2,1.4036730786...
Set CO2PumpTimeFlag 30 ===>> OK
release ('JanCO2Flag',) {}
release JanCO2Flag
Set JanCO2Flag 0 ===>> OK
executed snippet estimated_duration=6.0, duration=6.36786603928
PumpMicrobone.py completed successfully
gosub finished
get_resource_value () {'name': 'JanMiniboneFlag'}
Read JanMiniboneFlag ===>> 0
Get Resource Value JanMiniboneFlag=0.0
get resource value 0.0
get_resource_value () {'name': 'JanMiniboneFlag'}
Read JanMiniboneFlag ===>> 0
Get Resource Value JanMiniboneFlag=0.0
executed snippet estimated_duration=4.0, duration=6.39253783226
jan_pump_extraction_line.py completed successfully
Post Equilibration Finished
04:26:29 -- ******* Post Equilibration Finished *******
GetData ===>> H2,-0.216505358053632,H1,1591.00738310433,AX,380.919466899713,L1,4.92087615216008,L2,1.3791707012...
GetData ===>> H2,-0.0227273424967731,H1,1591.03588684456,AX,380.759729920618,L1,4.91205331365861,L2,1.312363295...
GetData ===>> H2,0.0341581880884511,H1,1590.32519314768,AX,380.574950021303,L1,4.92476008634499,L2,1.3827050858...
testing H1>-5.0
evaluate ot="H1.bs>-5.0" t="H1>-5.0", ctx="{'H1': None}"
GetData ===>> H2,-0.0715414532918737,H1,1589.39215458477,AX,380.452134516652,L1,4.90441655097311,L2,1.351040331...
GetData ===>> H2,-0.112383429827231,H1,1588.30162444756,AX,380.513038692912,L1,4.90428677520457,L2,1.3279975555...
GetData ===>> H2,-0.110379864209221,H1,1587.41168699059,AX,380.10563420901,L1,4.94312497703422,L2,1.33994880047...
GetData ===>> H2,-0.0578669226725839,H1,1586.75232981849,AX,380.141668229862,L1,4.97005687701872,L2,1.248555466...
GetData ===>> H2,-0.134952981925696,H1,1586.53369778943,AX,379.85678446873,L1,4.91461038654987,L2,1.40317952667...
testing H1>-5.0
evaluate ot="H1.bs>-5.0" t="H1>-5.0", ctx="{'H1': None}"
GetData ===>> H2,-0.073179311661058,H1,1586.60610613667,AX,380.064660093006,L1,4.91388336643014,L2,1.3209147606...
GetData ===>> H2,-0.0174710316605663,H1,1585.42913768341,AX,379.952216789717,L1,4.93300078850031,L2,1.303709297...
GetData ===>> H2,-0.103079500022839,H1,1585.10230708628,AX,379.834835465341,L1,4.90060639414925,L2,1.3028026237...
GetData ===>> H2,-0.0992715615522877,H1,1583.89201310556,AX,379.202852581104,L1,4.91670659038701,L2,1.348870148...
GetData ===>> H2,-0.0668774176936671,H1,1582.87331968787,AX,379.065791586747,L1,4.89622695022721,L2,1.352774216...
testing H1>-5.0
evaluate ot="H1.bs>-5.0" t="H1>-5.0", ctx="{'H1': None}"
GetData ===>> H2,-0.0766359372887759,H1,1582.38816337666,AX,378.97782658197,L1,4.89132707214356,L2,1.3867674931...
GetData ===>> H2,-0.0889893058783139,H1,1582.17873295068,AX,379.009276186637,L1,4.88723561493971,L2,1.319468419...
GetData ===>> H2,-0.0865079668996974,H1,1581.87254378864,AX,378.832724785824,L1,4.87174236726132,L2,1.273483793...
GetData ===>> H2,-0.12972656404366,H1,1581.54122912156,AX,378.715452630595,L1,4.87204039923748,L2,1.37411033085...
GetData ===>> H2,-0.115045729876587,H1,1580.01957718235,AX,378.691088127795,L1,4.87602129718922,L2,1.3352645623...
testing H1>-5.0
evaluate ot="H1.bs>-5.0" t="H1>-5.0", ctx="{'H1': None}"
04:26:49 -- collecting point 25
GetData ===>> H2,0.054438882074753,H1,1579.36987132519,AX,378.554281412373,L1,4.90468953197957,L2,1.34634407177...
GetData ===>> H2,-0.0180918643119846,H1,1578.97300188893,AX,378.378921981033,L1,4.9085999294047,L2,1.3416250782...
GetData ===>> H2,-0.0504252598392273,H1,1578.6675442081,AX,378.210146718884,L1,4.89182815883494,L2,1.2125452614...
GetData ===>> H2,-0.0945047639919876,H1,1578.0836125391,AX,378.023167375378,L1,4.84443941615771,L2,1.3174596478...
GetData ===>> H2,-0.046776593800114,H1,1577.38334135483,AX,377.814555703681,L1,4.86870135695799,L2,1.2874249027...
testing H1>-5.0
evaluate ot="H1.bs>-5.0" t="H1>-5.0", ctx="{'H1': None}"
GetData ===>> H2,-0.0617235480545649,H1,1576.76445093644,AX,377.535026976116,L1,4.88014661148698,L2,1.414026775...
GetData ===>> H2,-0.0534323586082157,H1,1575.80670865936,AX,377.147215380339,L1,4.85482298411235,L2,1.345459960...
GetData ===>> H2,-0.123841633541539,H1,1574.90916965499,AX,377.060618569605,L1,4.85768575090704,L2,1.3189403953...
GetData ===>> H2,-0.0943909864398559,H1,1574.56695752993,AX,377.30326744206,L1,4.83321795607525,L2,1.2788534630...
GetData ===>> H2,-0.0743248588691612,H1,1574.3301096386,AX,377.374576199176,L1,4.82211976170514,L2,1.3966029006...
testing H1>-5.0
evaluate ot="H1.bs>-5.0" t="H1>-5.0", ctx="{'H1': None}"
GetData ===>> H2,0.0240557407625114,H1,1573.39423071673,AX,377.31049295019,L1,4.85605171888089,L2,1.27256593089...
GetData ===>> H2,-0.111161026086521,H1,1572.8183433181,AX,377.20603416241,L1,4.88034642633654,L2,1.266382061598...
GetData ===>> H2,-0.140803947350702,H1,1572.04433540897,AX,376.720238057749,L1,4.87019718534032,L2,1.3491916541...
GetData ===>> H2,-0.0216219527417086,H1,1571.27688338177,AX,376.535309312768,L1,4.8465600889764,L2,1.3205129970...
GetData ===>> H2,-0.07552993136244,H1,1571.06894769755,AX,376.346602624438,L1,4.84676994354396,L2,1.37171219827...
testing H1>-5.0
evaluate ot="H1.bs>-5.0" t="H1>-5.0", ctx="{'H1': None}"
GetData ===>> H2,-0.157678551842529,H1,1570.465426972,AX,376.067547945716,L1,4.83023060211351,L2,1.369119069456...
GetData ===>> H2,-0.152997025355644,H1,1569.61149619309,AX,376.380306948838,L1,4.82591448364288,L2,1.2658543286...
GetData ===>> H2,-0.0470806939535672,H1,1569.13300751566,AX,376.068398248889,L1,4.81525118564996,L2,1.321580544...
GetData ===>> H2,-0.104910592232057,H1,1568.76885327428,AX,376.112617505383,L1,4.85762765494826,L2,1.2548873153...
GetData ===>> H2,-0.080212100211904,H1,1568.30613690153,AX,375.884996640712,L1,4.86817696546362,L2,1.2742066159...
testing H1>-5.0
evaluate ot="H1.bs>-5.0" t="H1>-5.0", ctx="{'H1': None}"
GetData ===>> H2,-0.0154194624144123,H1,1567.6032234182,AX,375.607332864457,L1,4.84568945341997,L2,1.3036060050...
GetData ===>> H2,-0.0141883437050513,H1,1566.97734137648,AX,375.455436636161,L1,4.80620792457465,L2,1.323359815...
GetData ===>> H2,-0.191044769720793,H1,1565.87177765805,AX,375.302448872616,L1,4.83552442036336,L2,1.4189514850...
GetData ===>> H2,-0.187017222567592,H1,1565.78252089284,AX,375.404498008424,L1,4.80699842817572,L2,1.1866812751...
GetData ===>> H2,-0.0369659859909509,H1,1564.41847689007,AX,375.307645565418,L1,4.82529143197864,L2,1.338984379...
testing H1>-5.0
evaluate ot="H1.bs>-5.0" t="H1>-5.0", ctx="{'H1': None}"
04:27:16 -- collecting point 50
GetData ===>> H2,-0.13033745939806,H1,1563.64967630233,AX,375.127202408328,L1,4.80155476718518,L2,1.39380251904...
GetData ===>> H2,-0.0646260036492173,H1,1563.38379222248,AX,375.088530123384,L1,4.83835525745863,L2,1.370358255...
GetData ===>> H2,0.0284237490198562,H1,1562.8234020425,AX,374.843585953517,L1,4.81762159217874,L2,1.21926461497...
GetData ===>> H2,-0.0181733715593644,H1,1562.04749493014,AX,374.454545047654,L1,4.80053359468667,L2,1.288228155...
GetData ===>> H2,-0.0993121790759622,H1,1562.04802007847,AX,374.370878956282,L1,4.81322167843516,L2,1.349340924...
testing H1>-5.0
evaluate ot="H1.bs>-5.0" t="H1>-5.0", ctx="{'H1': None}"
GetData ===>> H2,-0.171904464004377,H1,1561.10219069112,AX,373.998663382137,L1,4.80385010924788,L2,1.3497428088...
GetData ===>> H2,-0.045289915915294,H1,1560.13127794472,AX,374.228027917245,L1,4.77600181325598,L2,1.3864920703...
GetData ===>> H2,0.0242081641613629,H1,1559.61051568794,AX,374.006965772294,L1,4.80053954013606,L2,1.3048799519...
GetData ===>> H2,-0.0199066210998674,H1,1559.71047859725,AX,373.823566429016,L1,4.81090264578053,L2,1.258351655...
GetData ===>> H2,-0.103578918076156,H1,1558.33938236549,AX,373.850974220428,L1,4.76402787902744,L2,1.2454241083...
testing H1>-5.0
evaluate ot="H1.bs>-5.0" t="H1>-5.0", ctx="{'H1': None}"
GetData ===>> H2,-0.157059863554862,H1,1557.8452760311,AX,373.621100016508,L1,4.76152994398814,L2,1.33765257685...
GetData ===>> H2,-0.194508904606259,H1,1557.22338347989,AX,373.520351921091,L1,4.77431985806253,L2,1.3192158857...
GetData ===>> H2,-0.128093744256683,H1,1556.68263947205,AX,373.126061147227,L1,4.77620669180384,L2,1.3126846792...
GetData ===>> H2,-0.0823187861574115,H1,1556.18805633712,AX,373.16467287858,L1,4.80913690230981,L2,1.2703286781...
GetData ===>> H2,-0.168675569260487,H1,1556.28320023229,AX,373.10345829354,L1,4.82064994333912,L2,1.25866138712...
testing H1>-5.0
evaluate ot="H1.bs>-5.0" t="H1>-5.0", ctx="{'H1': None}"
GetData ===>> H2,-0.147898654179215,H1,1554.93541198958,AX,373.010848565215,L1,4.76729165402148,L2,1.3018615285...
GetData ===>> H2,-0.113611115987788,H1,1554.04888441808,AX,372.746546739983,L1,4.76573992898259,L2,1.3523034230...
GetData ===>> H2,-0.0495593504053857,H1,1553.09381802651,AX,372.87026408061,L1,4.7815837310664,L2,1.29492984190...
GetData ===>> H2,-0.117286613029509,H1,1553.05055750109,AX,372.71746752013,L1,4.76834503835651,L2,1.28026477216...
GetData ===>> H2,-0.122279647569257,H1,1552.48311062632,AX,372.426456729098,L1,4.74523031778577,L2,1.3112614171...
testing H1>-5.0
evaluate ot="H1.bs>-5.0" t="H1>-5.0", ctx="{'H1': None}"
GetData ===>> H2,-0.0250912363429155,H1,1551.76096708779,AX,372.124556028744,L1,4.76175997647356,L2,1.220101700...
GetData ===>> H2,-0.0268250717694681,H1,1551.44592301026,AX,372.00852648622,L1,4.76251391918354,L2,1.3023779820...
GetData ===>> H2,-0.0238165088817449,H1,1550.92696850687,AX,371.603489373097,L1,4.77425305958806,L2,1.230032611...
GetData ===>> H2,-0.117673580677459,H1,1549.98929929313,AX,371.707610963792,L1,4.79053290372912,L2,1.2803795136...
GetData ===>> H2,-0.0409943143616923,H1,1550.02789425707,AX,371.90952209235,L1,4.80415935860356,L2,1.2272688256...
testing H1>-5.0
evaluate ot="H1.bs>-5.0" t="H1>-5.0", ctx="{'H1': None}"
04:27:42 -- collecting point 75
GetData ===>> H2,-0.0902413911456001,H1,1549.1860692236,AX,371.745041621007,L1,4.80756459030179,L2,1.3235549636...
GetData ===>> H2,-0.153999696755603,H1,1547.87314393887,AX,371.380245353464,L1,4.75056603529871,L2,1.4047749713...
GetData ===>> H2,-0.0936622412990456,H1,1547.06167847076,AX,371.141166269871,L1,4.75040886369794,L2,1.304765181...
GetData ===>> H2,-0.11735426566751,H1,1547.00075792772,AX,370.917478607142,L1,4.75896277303083,L2,1.32908814565...
GetData ===>> H2,-0.0310389859680021,H1,1546.12822974344,AX,370.778062622146,L1,4.75814821496141,L2,1.225399587...
testing H1>-5.0
evaluate ot="H1.bs>-5.0" t="H1>-5.0", ctx="{'H1': None}"
GetData ===>> H2,-0.0310389859680021,H1,1546.12822974344,AX,370.778062622146,L1,4.75814821496141,L2,1.225399587...
GetData ===>> H2,-0.0753808292006083,H1,1545.52242991908,AX,370.689812216764,L1,4.75916456614455,L2,1.357554105...
GetData ===>> H2,-0.141148584320707,H1,1544.07838938653,AX,370.458139166323,L1,4.7534444058798,L2,1.32018010837...
GetData ===>> H2,-0.101984493096742,H1,1543.13634784052,AX,370.263054628255,L1,4.77181887066868,L2,1.2907871349...
GetData ===>> H2,-0.0785251153295491,H1,1542.57011980293,AX,369.893414804952,L1,4.75317151787095,L2,1.356360974...
testing H1>-5.0
evaluate ot="H1.bs>-5.0" t="H1>-5.0", ctx="{'H1': None}"
GetData ===>> H2,-0.0927248275434648,H1,1542.20748228222,AX,370.002488216001,L1,4.74934726600009,L2,1.395615871...
GetData ===>> H2,-0.000378964526601306,H1,1541.44813610679,AX,370.103623418098,L1,4.74582803538538,L2,1.1536381...
GetData ===>> H2,-0.0899798739067729,H1,1539.85362208979,AX,369.718718252224,L1,4.74881650110834,L2,1.256000020...
GetData ===>> H2,-0.156031793707405,H1,1539.59113017882,AX,369.484027328966,L1,4.75067279449916,L2,1.2819285370...
GetData ===>> H2,-0.151798784186022,H1,1539.6368604928,AX,369.52711370048,L1,4.76885841005509,L2,1.378252700475...
testing H1>-5.0
evaluate ot="H1.bs>-5.0" t="H1>-5.0", ctx="{'H1': None}"
GetData ===>> H2,-0.15275107354308,H1,1538.72746827577,AX,369.147579584628,L1,4.77293497629458,L2,1.28050572944...
GetData ===>> H2,-0.093035049613943,H1,1538.23087898577,AX,368.961433772105,L1,4.75536665612818,L2,1.3733415450...
GetData ===>> H2,-0.00977370434066496,H1,1537.72055097727,AX,369.053430143323,L1,4.78326666717924,L2,1.21276311...
GetData ===>> H2,-0.0541093890960964,H1,1537.35007108864,AX,368.713970759187,L1,4.73032317828976,L2,1.341475819...
GetData ===>> H2,-0.107819703088157,H1,1536.70003062271,AX,368.653001910267,L1,4.68017929780028,L2,1.3721367437...
testing H1>-5.0
evaluate ot="H1.bs>-5.0" t="H1>-5.0", ctx="{'H1': None}"
GetData ===>> H2,-0.0493408268054469,H1,1536.2464693026,AX,368.41485387749,L1,4.67856129189394,L2,1.30081715306...
GetData ===>> H2,-0.05379597918531,H1,1535.61436122464,AX,368.475153578163,L1,4.73244342049781,L2,1.31822871537...
GetData ===>> H2,-0.0785589929899568,H1,1534.60540357744,AX,368.54687905028,L1,4.74594661162087,L2,1.2895937012...
GetData ===>> H2,-0.0792988559264082,H1,1534.38056573646,AX,368.269925885255,L1,4.74226110354886,L2,1.282961233...
GetData ===>> H2,-0.11253368300073,H1,1533.24173304122,AX,368.093619384957,L1,4.74678112383682,L2,1.32479473616...
testing H1>-5.0
evaluate ot="H1.bs>-5.0" t="H1>-5.0", ctx="{'H1': None}"
04:28:10 -- collecting point 100
GetData ===>> H2,-0.0903240456019893,H1,1532.88580867921,AX,367.957340236095,L1,4.73130991271271,L2,1.343886951...
GetData ===>> H2,-0.0903240456019893,H1,1532.88580867921,AX,367.957340236095,L1,4.73130991271271,L2,1.343886951...
GetData ===>> H2,-0.00726796277418369,H1,1532.15090333395,AX,367.760698010243,L1,4.68898949775284,L2,1.31733338...
GetData ===>> H2,-0.126221389405388,H1,1531.38511547725,AX,367.511431015306,L1,4.72063860242682,L2,1.3737546232...
GetData ===>> H2,-0.11176073782849,H1,1530.75527237132,AX,367.552203028749,L1,4.72797370249894,L2,1.37394968853...
testing H1>-5.0
evaluate ot="H1.bs>-5.0" t="H1>-5.0", ctx="{'H1': None}"
GetData ===>> H2,-0.0447237053691233,H1,1530.28677033161,AX,367.305146805298,L1,4.75551202354384,L2,1.206307919...
GetData ===>> H2,-0.103405680696229,H1,1529.29879723734,AX,367.211803697724,L1,4.73270273418511,L2,1.2831448247...
GetData ===>> H2,-0.125130279194802,H1,1528.28892034168,AX,367.178252747312,L1,4.73434764978117,L2,1.3890741905...
GetData ===>> H2,-0.15828504971898,H1,1528.08213223614,AX,366.796478139415,L1,4.74662251774043,L2,1.26985828804...
GetData ===>> H2,-0.0530415892223056,H1,1527.18074058445,AX,366.453740836132,L1,4.74403631779252,L2,1.221718557...
testing H1>-5.0
evaluate ot="H1.bs>-5.0" t="H1>-5.0", ctx="{'H1': None}"
GetData ===>> H2,-0.141651330061393,H1,1526.48721037581,AX,366.425719727551,L1,4.74211577558803,L2,1.3267462622...
GetData ===>> H2,-0.03418685801871,H1,1525.65608584079,AX,366.528756215613,L1,4.68369112590466,L2,1.30978078771...
GetData ===>> H2,-0.19303037440839,H1,1525.37738243363,AX,366.328112803089,L1,4.68655833926735,L2,1.25587383658...
GetData ===>> H2,-0.143691816511518,H1,1524.46004125343,AX,366.059138970846,L1,4.71939712829289,L2,1.2568259538...
GetData ===>> H2,-0.0759433407711219,H1,1524.59686358956,AX,366.035716192896,L1,4.75679222010748,L2,1.333783563...
testing H1>-5.0
evaluate ot="H1.bs>-5.0" t="H1>-5.0", ctx="{'H1': None}"
GetData ===>> H2,-0.10076483705196,H1,1523.18397438622,AX,365.865458417805,L1,4.76484579077866,L2,1.30443234705...
GetData ===>> H2,-0.0970888330985255,H1,1522.57021660622,AX,365.67622481356,L1,4.74700198989944,L2,1.2702254215...
GetData ===>> H2,-0.0452980626242361,H1,1522.20971909402,AX,365.229017594181,L1,4.67144398004381,L2,1.219253148...
GetData ===>> H2,-0.105083806665901,H1,1521.4109182211,AX,365.118581437681,L1,4.68330054494126,L2,1.22909222751...
GetData ===>> H2,-0.146981496665313,H1,1520.47271112874,AX,365.322793288972,L1,4.69056763948929,L2,1.2710973693...
testing H1>-5.0
evaluate ot="H1.bs>-5.0" t="H1>-5.0", ctx="{'H1': None}"
GetData ===>> H2,-0.0725787005825355,H1,1519.21965533647,AX,364.940126700438,L1,4.71878828832455,L2,1.314429351...
measurement finished
estimated time: 125.829 actual time: :129.208
flush and close file /Users/jan/PychronDev/data/isotopes/9d/fb018b-26bd-4712-b680-e371c1762358.h5
baselines () {'settling_time': 15.0, 'detector': 'H1', 'mass': 34.2, 'ncounts': 60}
%%%%%%%%%%%%%%%%%%%%%%%%%%%%%%%% Baseline
build tables- baseline [Detector(H2), Detector(H1), Detector(AX), Detector(L1), Detector(L2), Detector(CDD)]
add group baseline table H2
add group baseline table H1
add group baseline table AX
add group baseline table L1
add group baseline table L2
add group baseline table CDD
flush and close file /Users/jan/PychronDev/data/isotopes/9d/fb018b-26bd-4712-b680-e371c1762358.h5
detector Detector(H1)
POSITION 34.2 H1
Mapping mass to dac mass func: "parabolic"
H1 map mass coeffs = [-0.00063987  0.15840543  0.57082999]
H1 map mass to dac 34.2 >> 5.23987599104
GetDeflection H1 ===>> 0
GetHighVoltage ===>> 4499.94659342336
positioning 34.2 (5.23984513391) on H1
setting magnet DAC
current  : 5.879185
requested: 5.239845
Delta Dac: 0.639340
Checking detector protection. dv=0.63934
Checking detector "CDD". Protection Threshold: 0.1 (V)
ProtectDetector CDD,On ===>> OK
GetDeflection CDD ===>> 2000
Protected = 2000
SetMagnetDAC 5.23984513391 ===>> OK
Magnet settling time: 0.500
GetMagnetMoving ===>> True
GetMagnetMoving ===>> True
GetMagnetMoving ===>> True
GetMagnetMoving ===>> True
GetMagnetMoving ===>> True
GetMagnetMoving ===>> True
GetMagnetMoving ===>> False
ProtectDetector CDD,Off ===>> OK
GetDeflection CDD ===>> 50
Delaying 15.0s for detectors to settle
Join finished
measuring baseline. ncounts=60
"baseline" increment series count="2" fit count="1" regressing="True"
starting measurement
GetData ===>> H2,-0.200790398897439,H1,-0.0270052553155818,AX,-0.194073319124911,L1,-0.0815139028962712,L2,0.02...
GetData ===>> H2,-0.124263535739652,H1,-0.0428408877470197,AX,-0.113551368080608,L1,-0.0613975696238316,L2,-0.0...
GetData ===>> H2,-0.100074407676131,H1,-0.0884497221218748,AX,-0.0566413221013246,L1,-0.0848334852416414,L2,-0....
GetData ===>> H2,-0.123059991237542,H1,-0.0739920885900467,AX,0.00751800079354948,L1,-0.0597679778359895,L2,0.0...
testing H1>-5.0
evaluate ot="H1.bs>-5.0" t="H1>-5.0", ctx="{'H1': None}"
GetData ===>> H2,-0.241547014599863,H1,-0.00972390901063918,AX,-0.0935960745364177,L1,-0.0525782198805854,L2,-0...
GetData ===>> H2,-0.176463567381134,H1,0.00747691506497463,AX,-0.134234155106263,L1,-0.0580830703544039,L2,0.04...
GetData ===>> H2,-0.223093835110589,H1,-0.0518188644664129,AX,-0.248119481211817,L1,0.00323615446610082,L2,-0.0...
GetData ===>> H2,-0.298161501795545,H1,0.0221393127768589,AX,-0.0861088864729352,L1,-0.0576737674748515,L2,-0.0...
GetData ===>> H2,-0.278755598826907,H1,-0.0237972806062412,AX,-0.130084970885489,L1,-0.0564517435373984,L2,-0.0...
testing H1>-5.0
evaluate ot="H1.bs>-5.0" t="H1>-5.0", ctx="{'H1': None}"
GetData ===>> H2,-0.190075430845525,H1,-0.0231771398068179,AX,-0.161700752469047,L1,-0.0117031540955122,L2,-0.0...
GetData ===>> H2,-0.24163988487934,H1,-0.055180927342424,AX,-0.123226241974944,L1,-0.0620041122322452,L2,0.0452...
GetData ===>> H2,-0.151696166372361,H1,-0.0107377349668923,AX,-0.0945927774789233,L1,-0.106704797608115,L2,-0.0...
GetData ===>> H2,-0.237362956539438,H1,-0.00470233729796805,AX,-0.148472768553722,L1,-0.0737293787038989,L2,-0....
GetData ===>> H2,-0.217581111889256,H1,-0.0176195526709886,AX,-0.0858886663368702,L1,-0.033207126993554,L2,-0.0...
testing H1>-5.0
evaluate ot="H1.bs>-5.0" t="H1>-5.0", ctx="{'H1': None}"
GetData ===>> H2,-0.11842853553578,H1,0.00994634671369639,AX,-0.131602631027197,L1,-0.0158361152451014,L2,-0.02...
GetData ===>> H2,-0.0607229037111745,H1,-0.0234872106868121,AX,0.00497726683114761,L1,-0.0225831541562114,L2,-0...
GetData ===>> H2,-0.0916599834543612,H1,-0.033838256447871,AX,-0.0641771504190077,L1,-0.0270363339962022,L2,0.0...
GetData ===>> H2,-0.169265285677639,H1,0.0424483119710885,AX,-0.108754127681256,L1,-0.0659463440677637,L2,0.020...
GetData ===>> H2,-0.226627461129829,H1,0.0605055409578672,AX,-0.176283070429962,L1,-0.0330490716413394,L2,-0.00...
testing H1>-5.0
evaluate ot="H1.bs>-5.0" t="H1>-5.0", ctx="{'H1': None}"
GetData ===>> H2,-0.201126105903333,H1,0.00838355922125906,AX,-0.131822747707503,L1,-0.0299449357391368,L2,-0.0...
GetData ===>> H2,-0.200238954924387,H1,0.0150882090474315,AX,0.00221617908807677,L1,-0.0646786835370341,L2,-0.0...
GetData ===>> H2,-0.260264840332881,H1,-0.0214240286855681,AX,-0.107479458811805,L1,-0.0520004156741011,L2,-0.0...
GetData ===>> H2,-0.166938628829769,H1,0.0139548292291238,AX,-0.0977682513246295,L1,-0.0113854761764093,L2,-0.0...
GetData ===>> H2,-0.24976509555691,H1,0.0681328042360764,AX,-0.112276762065625,L1,-0.01550506176855,L2,-0.02820...
testing H1>-5.0
evaluate ot="H1.bs>-5.0" t="H1>-5.0", ctx="{'H1': None}"
04:29:18 -- collecting point 25
GetData ===>> H2,-0.137826118158747,H1,0.124085200873547,AX,-0.040501092615846,L1,-0.0326575147253776,L2,-0.001...
GetData ===>> H2,-0.122260713087499,H1,0.052604356638475,AX,-0.139069488017167,L1,-0.034656811592891,L2,-0.0739...
GetData ===>> H2,-0.0979419344491448,H1,-0.0195039193673139,AX,-0.0134207727958847,L1,-0.0235731864180432,L2,-0...
GetData ===>> H2,-0.0467277198038509,H1,-0.0231532881608708,AX,0.0334163870812937,L1,-0.0238931881138627,L2,0.0...
GetData ===>> H2,-0.0179057539134138,H1,0.0653038453799272,AX,-0.0479801955634911,L1,0.00451601755666546,L2,-0....
testing H1>-5.0
evaluate ot="H1.bs>-5.0" t="H1>-5.0", ctx="{'H1': None}"
GetData ===>> H2,-0.195435267036254,H1,-0.000539370713536869,AX,-0.0995181944396165,L1,-0.0100906850935939,L2,0...
GetData ===>> H2,-0.346943466557506,H1,0.0656619370195567,AX,-0.0278722793410079,L1,-0.0486848757711044,L2,-0.0...
GetData ===>> H2,-0.2093121152965,H1,-0.031429468102062,AX,-0.0609194254804005,L1,-0.0558197276643921,L2,-0.127...
GetData ===>> H2,-0.224265548500146,H1,0.0875679734271052,AX,-0.116320681772547,L1,0.00743578282280022,L2,-0.11...
GetData ===>> H2,-0.239447134855244,H1,0.113156075170085,AX,0.0126228722368378,L1,0.00605482704888296,L2,0.0427...
testing H1>-5.0
evaluate ot="H1.bs>-5.0" t="H1>-5.0", ctx="{'H1': None}"
GetData ===>> H2,-0.126301156669365,H1,0.0521747028579657,AX,0.0113582314119073,L1,-0.0208114004390312,L2,0.006...
GetData ===>> H2,-0.0944370393957834,H1,0.0689325665894415,AX,-0.047887435016185,L1,-0.00132128643775317,L2,-0....
GetData ===>> H2,-0.198366001979915,H1,0.0661274580655793,AX,-0.151904565597806,L1,0.000288045615613817,L2,0.02...
GetData ===>> H2,-0.235576433727001,H1,0.108240743680122,AX,-0.0227808617429596,L1,-0.000777670595208876,L2,-0....
GetData ===>> H2,-0.325100137809,H1,0.0276755527431007,AX,-0.0995529612025119,L1,0.00659950810754652,L2,-0.0328...
testing H1>-5.0
evaluate ot="H1.bs>-5.0" t="H1>-5.0", ctx="{'H1': None}"
GetData ===>> H2,-0.145568469665574,H1,0.00626011607673966,AX,-0.0757580012370315,L1,-0.0124943083478055,L2,-0....
GetData ===>> H2,-0.117512571265213,H1,-0.0266236428944964,AX,-0.0966788668667925,L1,-0.00841560174264339,L2,0....
GetData ===>> H2,-0.237336053171124,H1,0.074126401485697,AX,-0.0754218398066098,L1,-0.0219658329049814,L2,-0.00...
GetData ===>> H2,-0.237336053171124,H1,0.074126401485697,AX,-0.0754218398066098,L1,-0.0219658329049814,L2,-0.00...
GetData ===>> H2,-0.096805805963554,H1,-0.00434449596899962,AX,0.0227637973029841,L1,0.00945536654244946,L2,-0....
testing H1>-5.0
evaluate ot="H1.bs>-5.0" t="H1>-5.0", ctx="{'H1': None}"
GetData ===>> H2,-0.0631579226841199,H1,-0.0220084024711962,AX,-0.144797365144061,L1,-0.00532130040666142,L2,-0...
GetData ===>> H2,-0.142355406933231,H1,-0.0342675393733448,AX,-0.0957633109208183,L1,0.0214864539701428,L2,-0.1...
GetData ===>> H2,-0.261144439257124,H1,-0.0255026479928365,AX,-0.045788704003153,L1,0.0263105791697929,L2,0.006...
GetData ===>> H2,-0.237544552599368,H1,-0.0254907224476629,AX,-0.106146832591187,L1,0.00345825788012236,L2,0.01...
GetData ===>> H2,-0.145656282401626,H1,0.0525446823920419,AX,-0.151742253600768,L1,-0.000789671261707288,L2,0.0...
testing H1>-5.0
evaluate ot="H1.bs>-5.0" t="H1>-5.0", ctx="{'H1': None}"
04:29:44 -- collecting point 50
GetData ===>> H2,-0.173327691968169,H1,0.0590255133574804,AX,-0.06817669915047,L1,0.0158792057026907,L2,-0.0659...
GetData ===>> H2,-0.147342155082633,H1,0.0619020386721349,AX,-0.109704324518622,L1,0.0126817803967929,L2,0.0280...
GetData ===>> H2,-0.148051281440416,H1,0.0484749827077248,AX,-0.0328938494681719,L1,0.0238213246312922,L2,-0.06...
GetData ===>> H2,-0.0228984374758052,H1,-0.0144470577132292,AX,-0.0342042858786551,L1,-0.0327844431025285,L2,0....
GetData ===>> H2,-0.182771038142751,H1,-0.0413027471781511,AX,-0.118916117600415,L1,-0.0106385938717216,L2,-0.1...
testing H1>-5.0
evaluate ot="H1.bs>-5.0" t="H1>-5.0", ctx="{'H1': None}"
GetData ===>> H2,-0.246846128404469,H1,-0.00591898824768828,AX,-0.0345405897228718,L1,-0.0135358999333478,L2,-0...
GetData ===>> H2,-0.210806089662735,H1,0.0022877282254143,AX,-0.125972108724721,L1,-0.0302982711428487,L2,-0.09...
GetData ===>> H2,-0.18863272831068,H1,-0.0518188644664129,AX,-0.0802786800604313,L1,0.0130119219206304,L2,-0.06...
GetData ===>> H2,-0.237738251845052,H1,-0.0193846567039245,AX,-0.0552384342443672,L1,-0.0379470328158135,L2,0.0...
GetData ===>> H2,-0.26240454023916,H1,0.00129763807754664,AX,0.0451495096357616,L1,0.00485822239073054,L2,0.034...
testing H1>-5.0
evaluate ot="H1.bs>-5.0" t="H1>-5.0", ctx="{'H1': None}"
GetData ===>> H2,-0.178122419117338,H1,0.0409208174096733,AX,-0.0276983173030618,L1,0.0114645520248621,L2,0.030...
measurement finished
estimated time: 62.915 actual time: :63.754
flush and close file /Users/jan/PychronDev/data/isotopes/9d/fb018b-26bd-4712-b680-e371c1762358.h5
activate_detectors ('H1', 'AX', 'CDD') {'peak_center': True}
peak_center () {'detector': 'H1', 'integration_time': 0.262144, 'isotope': 'Ar40'}
peak center: mean=1522.91575679 threshold=3
peak center started
setup peak center. detector=['H1', 'AX', 'CDD'], isotope=Ar40
VersionedUnpickler [<apptools.sweet_pickle.versioned_unpickler.VersionedUnpickler object at 0x17b9ca3b0>] using Updater [<apptools.sweet_pickle.updater.Updater object at 0x135230b30>]
VersionedUnpickler [<apptools.sweet_pickle.versioned_unpickler.VersionedUnpickler object at 0x17b9ca3b0>] using Updater [<apptools.sweet_pickle.updater.Updater object at 0x135230b30>]
VersionedUnpickler [<apptools.sweet_pickle.versioned_unpickler.VersionedUnpickler object at 0x16ed59470>] using Updater [<apptools.sweet_pickle.updater.Updater object at 0x135230b30>]
setting integration time = 0.524288
SetIntegrationTime 0.524288 ===>> OK
Mapping mass to dac mass func: "parabolic"
H1 map mass coeffs = [-0.00063987  0.15840543  0.57082999]
H1 map mass to dac 39.9624 >> 5.87922
GetDeflection H1 ===>> 0
GetHighVoltage ===>> 4499.94659342336
do peak center. <pychron.spectrometer.jobs.peak_center.PeakCenter object at 0x1352309b0>
doing pc
starting peak center. center dac= 5.87918537782 step_width=0.001
width = 0.001
get scan parameters. half-width=0.015,window=0.015, i=0, scalar=1
Scan parameters center=5.87919 width=0.03000 (5.86419 - 5.89419)
GetData ===>> H2,-0.127231282704273,H1,0.0469235278454107,AX,-0.0763144038113228,L1,0.0145847445886962,L2,-0.12...
Moving to starting dac 5.86418537782
setting magnet DAC
current  : 5.239845
requested: 5.864185
Delta Dac: 0.624340
Checking detector protection. dv=0.62434
Checking detector "CDD". Protection Threshold: 0.1 (V)
ProtectDetector CDD,On ===>> OK
GetDeflection CDD ===>> 2000
Protected = 2000
SetMagnetDAC 5.86418537782 ===>> OK
Magnet settling time: 0.500
GetMagnetMoving ===>> True
GetMagnetMoving ===>> True
GetMagnetMoving ===>> True
GetMagnetMoving ===>> True
GetMagnetMoving ===>> True
GetMagnetMoving ===>> True
GetMagnetMoving ===>> True
GetMagnetMoving ===>> True
GetMagnetMoving ===>> False
ProtectDetector CDD,Off ===>> OK
GetDeflection CDD ===>> 50
Wait until signal near baseline. tol= 0.0351926458841. timeout= 10
GetData ===>> H2,9.32168072028913,H1,4.06666279220571,AX,-0.0100105538567973,L1,0.0328710622322116,L2,-0.134320...
GetData ===>> H2,94.0016014613795,H1,53.8077251148232,AX,5.35402959580528,L1,0.0498989120334677,L2,-0.067021904...
GetData ===>> H2,93.0279486713959,H1,49.8039301303803,AX,8.06151806502597,L1,0.0548691377474751,L2,-0.066020564...
GetData ===>> H2,48.4683266466906,H1,24.2074538326431,AX,3.56835209415792,L1,0.0825914774721166,L2,-0.004372425...
GetData ===>> H2,19.6130894879323,H1,12.3329702244356,AX,1.73118165820004,L1,0.0687352441929738,L2,0.0382672534...
GetData ===>> H2,6.44369441257237,H1,6.59443982878047,AX,0.900017126947399,L1,0.0337723958445049,L2,-0.04687929...
GetData ===>> H2,1.83360707070407,H1,3.85995882327494,AX,0.415326716131119,L1,0.0211490467356855,L2,-0.02411417...
GetData ===>> H2,0.55278700562523,H1,2.54052214259006,AX,0.249300803638138,L1,0.0125463650046606,L2,-0.04052836...
GetData ===>> H2,0.462043856742989,H1,1.89408075255264,AX,0.25768245857086,L1,-0.0114801812089076,L2,0.09161638...
GetData ===>> H2,0.506753944802532,H1,1.65775788399751,AX,0.0939644428573452,L1,-0.0108304148412322,L2,-0.03597...
GetData ===>> H2,0.480005574362461,H1,1.50705077434032,AX,0.0366309595524023,L1,-0.0114945667054984,L2,-0.03445...
GetData ===>> H2,0.420511308959171,H1,1.48496541522223,AX,0.122248021047683,L1,-0.0348293772649226,L2,-0.116751...
GetData ===>> H2,0.317969480060685,H1,1.39561596225704,AX,0.109449843649689,L1,0.0110977096763737,L2,-0.0245695...
GetData ===>> H2,0.27846178406514,H1,1.28677433576498,AX,0.180139041616351,L1,0.0318977123874676,L2,-0.02841719...
GetData ===>> H2,0.258131517578321,H1,1.31104715748955,AX,0.286083284785021,L1,0.0337339372987969,L2,-0.1095502...
GetData ===>> H2,0.249573140186026,H1,1.2830092144436,AX,0.317442948972583,L1,0.0729392491100624,L2,-0.09880901...
GetData ===>> H2,0.292941120036233,H1,1.33275853796844,AX,0.313423702534655,L1,0.0452985872358802,L2,-0.0836562...
GetData ===>> H2,0.290194414448244,H1,1.27754164549596,AX,0.261443989555159,L1,-0.000574857168135324,L2,-0.1023...
GetData ===>> H2,0.153867100872998,H1,1.32793604821433,AX,0.139964215347706,L1,-0.00991203880354221,L2,0.008289...
GetData ===>> H2,0.100301167032863,H1,1.35692244678294,AX,0.0626302667486382,L1,-0.0171009468465613,L2,0.121505...
GetData ===>> H2,0.163275923958177,H1,1.42296481757878,AX,0.0828155516531986,L1,0.0129853199012229,L2,0.0625794...
Peak center failed to move to a baseline position
_do_sweep sm= 5.86418537782, em= 5.89418537782, stm= 0.001
calculated step values: start=5.86418537782, end=5.89418537782, width=0.001, nsteps=31.0
setting magnet DAC
current  : 5.864185
requested: 5.864185
Delta Dac: 0.000000
Checking detector protection. dv=0.00000
Checking detector "CDD". Protection Threshold: 0.1 (V)
SetMagnetDAC 5.86418537782 ===>> OK
GetData ===>> H2,0.163275923958177,H1,1.42296481757878,AX,0.0828155516531986,L1,0.0129853199012229,L2,0.0625794...
setting magnet DAC
current  : 5.864185
requested: 5.865220
Delta Dac: 0.001034
Checking detector protection. dv=0.00103
Checking detector "CDD". Protection Threshold: 0.1 (V)
SetMagnetDAC 5.86521986058 ===>> OK
Magnet settling time: 1.049
GetData ===>> H2,0.0468290214051602,H1,2.59677045190065,AX,0.541083941033116,L1,-0.013762422841207,L2,-0.144527...
setting magnet DAC
current  : 5.865220
requested: 5.866254
Delta Dac: 0.001034
Checking detector protection. dv=0.00103
Checking detector "CDD". Protection Threshold: 0.1 (V)
SetMagnetDAC 5.86625434334 ===>> OK
Magnet settling time: 1.049
GetData ===>> H2,-0.00765969706833786,H1,8.49527134312596,AX,1.72701767519803,L1,-0.0397031339375789,L2,-0.0816...
setting magnet DAC
current  : 5.866254
requested: 5.867289
Delta Dac: 0.001034
Checking detector protection. dv=0.00103
Checking detector "CDD". Protection Threshold: 0.1 (V)
SetMagnetDAC 5.8672888261 ===>> OK
Magnet settling time: 1.049
GetData ===>> H2,-0.140315264771401,H1,31.3388752627222,AX,5.22438153348226,L1,0.000502882700226189,L2,-0.11729...
setting magnet DAC
current  : 5.867289
requested: 5.868323
Delta Dac: 0.001034
Checking detector protection. dv=0.00103
Checking detector "CDD". Protection Threshold: 0.1 (V)
SetMagnetDAC 5.86832330886 ===>> OK
Magnet settling time: 1.049
GetData ===>> H2,-0.0858742035290141,H1,108.723049199214,AX,17.1259106755206,L1,0.0776967471198407,L2,-0.119646...
setting magnet DAC
current  : 5.868323
requested: 5.869358
Delta Dac: 0.001034
Checking detector protection. dv=0.00103
Checking detector "CDD". Protection Threshold: 0.1 (V)
SetMagnetDAC 5.86935779162 ===>> OK
Magnet settling time: 1.049
GetData ===>> H2,0.0709801812679225,H1,305.360004332146,AX,50.8056794947163,L1,0.256806951835862,L2,0.075706526...
setting magnet DAC
current  : 5.869358
requested: 5.870392
Delta Dac: 0.001034
Checking detector protection. dv=0.00103
Checking detector "CDD". Protection Threshold: 0.1 (V)
SetMagnetDAC 5.87039227438 ===>> OK
Magnet settling time: 1.049
GetData ===>> H2,-0.0250395977019076,H1,636.253725130979,AX,117.940878640493,L1,0.70142253407484,L2,0.098774406...
setting magnet DAC
current  : 5.870392
requested: 5.871427
Delta Dac: 0.001034
Checking detector protection. dv=0.00103
Checking detector "CDD". Protection Threshold: 0.1 (V)
SetMagnetDAC 5.87142675714 ===>> OK
Magnet settling time: 1.049
GetData ===>> H2,-0.0873014755010092,H1,996.915234497436,AX,202.35227071205,L1,1.50948935639794,L2,0.3257330233...
setting magnet DAC
current  : 5.871427
requested: 5.872461
Delta Dac: 0.001034
Checking detector protection. dv=0.00103
Checking detector "CDD". Protection Threshold: 0.1 (V)
SetMagnetDAC 5.87246123989 ===>> OK
Magnet settling time: 1.049
GetData ===>> H2,-0.0735602697476295,H1,1255.57284299049,AX,273.856431022094,L1,2.3683986410673,L2,0.5692182396...
setting magnet DAC
current  : 5.872461
requested: 5.873496
Delta Dac: 0.001034
Checking detector protection. dv=0.00103
Checking detector "CDD". Protection Threshold: 0.1 (V)
SetMagnetDAC 5.87349572265 ===>> OK
Magnet settling time: 1.049
GetData ===>> H2,-0.0592545704247591,H1,1418.26781248536,AX,333.075145252185,L1,3.41443931688375,L2,1.082687905...
setting magnet DAC
current  : 5.873496
requested: 5.874530
Delta Dac: 0.001034
Checking detector protection. dv=0.00103
Checking detector "CDD". Protection Threshold: 0.1 (V)
SetMagnetDAC 5.87453020541 ===>> OK
Magnet settling time: 1.049
GetData ===>> H2,-0.117669521644701,H1,1442.96179439047,AX,344.055368977919,L1,3.86276853214742,L2,1.0513870318...
setting magnet DAC
current  : 5.874530
requested: 5.875565
Delta Dac: 0.001034
Checking detector protection. dv=0.00103
Checking detector "CDD". Protection Threshold: 0.1 (V)
SetMagnetDAC 5.87556468817 ===>> OK
Magnet settling time: 1.049
GetData ===>> H2,-0.112250772219938,H1,1449.58478295257,AX,346.820026422784,L1,4.12716901063036,L2,1.1821076497...
setting magnet DAC
current  : 5.875565
requested: 5.876599
Delta Dac: 0.001034
Checking detector protection. dv=0.00103
Checking detector "CDD". Protection Threshold: 0.1 (V)
SetMagnetDAC 5.87659917093 ===>> OK
Magnet settling time: 1.049
GetData ===>> H2,-0.0875127073649757,H1,1450.85257462084,AX,347.503486547506,L1,4.23442769344543,L2,1.197537341...
setting magnet DAC
current  : 5.876599
requested: 5.877634
Delta Dac: 0.001034
Checking detector protection. dv=0.00103
Checking detector "CDD". Protection Threshold: 0.1 (V)
SetMagnetDAC 5.87763365369 ===>> OK
Magnet settling time: 1.049
GetData ===>> H2,-0.10810520529181,H1,1451.11965029616,AX,347.861487410165,L1,4.30183690665125,L2,1.31199600140...
setting magnet DAC
current  : 5.877634
requested: 5.878668
Delta Dac: 0.001034
Checking detector protection. dv=0.00103
Checking detector "CDD". Protection Threshold: 0.1 (V)
SetMagnetDAC 5.87866813645 ===>> OK
Magnet settling time: 1.049
GetData ===>> H2,0.0262380327206274,H1,1450.57289989102,AX,347.569980631728,L1,4.40424542270487,L2,1.3066703923...
setting magnet DAC
current  : 5.878668
requested: 5.879703
Delta Dac: 0.001034
Checking detector protection. dv=0.00103
Checking detector "CDD". Protection Threshold: 0.1 (V)
SetMagnetDAC 5.8797026192 ===>> OK
Magnet settling time: 1.049
GetData ===>> H2,-0.0091864581125795,H1,1450.15902555587,AX,347.754119365861,L1,4.43781438376307,L2,1.173511197...
setting magnet DAC
current  : 5.879703
requested: 5.880737
Delta Dac: 0.001034
Checking detector protection. dv=0.00103
Checking detector "CDD". Protection Threshold: 0.1 (V)
SetMagnetDAC 5.88073710196 ===>> OK
Magnet settling time: 1.049
GetData ===>> H2,-0.188129446349236,H1,1450.25384381574,AX,347.552725497785,L1,4.43753931696532,L2,1.2396204681...
setting magnet DAC
current  : 5.880737
requested: 5.881772
Delta Dac: 0.001034
Checking detector protection. dv=0.00103
Checking detector "CDD". Protection Threshold: 0.1 (V)
SetMagnetDAC 5.88177158472 ===>> OK
Magnet settling time: 1.049
GetData ===>> H2,-0.137487354902697,H1,1448.98708097057,AX,347.040626794782,L1,4.48959093591948,L2,1.1486431209...
setting magnet DAC
current  : 5.881772
requested: 5.882806
Delta Dac: 0.001034
Checking detector protection. dv=0.00103
Checking detector "CDD". Protection Threshold: 0.1 (V)
SetMagnetDAC 5.88280606748 ===>> OK
Magnet settling time: 1.049
GetData ===>> H2,-0.106412893005833,H1,1446.2552477841,AX,345.675632375923,L1,4.46821203820106,L2,1.14176828905...
setting magnet DAC
current  : 5.882806
requested: 5.883841
Delta Dac: 0.001034
Checking detector protection. dv=0.00103
Checking detector "CDD". Protection Threshold: 0.1 (V)
SetMagnetDAC 5.88384055024 ===>> OK
Magnet settling time: 1.049
GetData ===>> H2,-0.0830326677144442,H1,1435.89440157887,AX,341.059091137751,L1,4.39599662577254,L2,1.234918170...
setting magnet DAC
current  : 5.883841
requested: 5.884875
Delta Dac: 0.001034
Checking detector protection. dv=0.00103
Checking detector "CDD". Protection Threshold: 0.1 (V)
SetMagnetDAC 5.884875033 ===>> OK
Magnet settling time: 1.049
GetData ===>> H2,0.0240053076004395,H1,1398.61080818227,AX,324.815490430487,L1,4.18591310429905,L2,1.0267564917...
setting magnet DAC
current  : 5.884875
requested: 5.885910
Delta Dac: 0.001034
Checking detector protection. dv=0.00103
Checking detector "CDD". Protection Threshold: 0.1 (V)
SetMagnetDAC 5.88590951576 ===>> OK
Magnet settling time: 1.049
GetData ===>> H2,-0.123461637690915,H1,1282.6792381174,AX,278.814046881207,L1,3.72384584474731,L2,0.80367393855...
setting magnet DAC
current  : 5.885910
requested: 5.886944
Delta Dac: 0.001034
Checking detector protection. dv=0.00103
Checking detector "CDD". Protection Threshold: 0.1 (V)
SetMagnetDAC 5.88694399851 ===>> OK
Magnet settling time: 1.049
GetData ===>> H2,-0.254851979167374,H1,1019.77421760489,AX,197.204147153582,L1,2.94965071867191,L2,0.5030904314...
setting magnet DAC
current  : 5.886944
requested: 5.887978
Delta Dac: 0.001034
Checking detector protection. dv=0.00103
Checking detector "CDD". Protection Threshold: 0.1 (V)
SetMagnetDAC 5.88797848127 ===>> OK
Magnet settling time: 1.049
GetData ===>> H2,-0.207835459763275,H1,657.304896298601,AX,109.823793523932,L1,2.0572727592381,L2,0.26191539287...
setting magnet DAC
current  : 5.887978
requested: 5.889013
Delta Dac: 0.001034
Checking detector protection. dv=0.00103
Checking detector "CDD". Protection Threshold: 0.1 (V)
SetMagnetDAC 5.88901296403 ===>> OK
Magnet settling time: 1.049
GetData ===>> H2,-0.262063543477742,H1,329.843251910682,AX,46.6041781325853,L1,1.30288392622364,L2,-0.030602783...
setting magnet DAC
current  : 5.889013
requested: 5.890047
Delta Dac: 0.001034
Checking detector protection. dv=0.00103
Checking detector "CDD". Protection Threshold: 0.1 (V)
SetMagnetDAC 5.89004744679 ===>> OK
Magnet settling time: 1.049
GetData ===>> H2,-0.298710273449378,H1,127.527939128346,AX,14.76231424608,L1,0.825716760548655,L2,0.03259453342...
setting magnet DAC
current  : 5.890047
requested: 5.891082
Delta Dac: 0.001034
Checking detector protection. dv=0.00103
Checking detector "CDD". Protection Threshold: 0.1 (V)
SetMagnetDAC 5.89108192955 ===>> OK
Magnet settling time: 1.049
GetData ===>> H2,-0.215305679936473,H1,19.8544391609185,AX,1.51582451503966,L1,0.427182303562878,L2,0.000660435...
setting magnet DAC
current  : 5.891082
requested: 5.892116
Delta Dac: 0.001034
Checking detector protection. dv=0.00103
Checking detector "CDD". Protection Threshold: 0.1 (V)
SetMagnetDAC 5.89211641231 ===>> OK
Magnet settling time: 1.049
GetData ===>> H2,-0.201654588312347,H1,4.81288415950376,AX,0.046844024003168,L1,0.293311391077277,L2,-0.0571901...
setting magnet DAC
current  : 5.892116
requested: 5.893151
Delta Dac: 0.001034
Checking detector protection. dv=0.00103
Checking detector "CDD". Protection Threshold: 0.1 (V)
SetMagnetDAC 5.89315089507 ===>> OK
Magnet settling time: 1.049
GetData ===>> H2,-0.324369341866137,H1,0.92030293745633,AX,-0.284186090222962,L1,0.170855970487759,L2,0.1533890...
setting magnet DAC
current  : 5.893151
requested: 5.894185
Delta Dac: 0.001034
Checking detector protection. dv=0.00103
Checking detector "CDD". Protection Threshold: 0.1 (V)
SetMagnetDAC 5.89418537782 ===>> OK
Magnet settling time: 1.049
GetData ===>> H2,-0.17463879207095,H1,0.0466609763240868,AX,-0.215292143478224,L1,0.0927500539284294,L2,-0.1150...
result of _do_sweep=True
result of _calculate_peak_center=([5.8717605281253249, 5.8792486077328157, 5.8867366873403064], [1080.369893750747, 1451.1097890664078, 1072.4605944611383], 5.8776523116924597, 1451.1097890664078)
Failed to find a valid peak. No peak greater than 1.0. max = 0.241321421542
new center pos Detector(H1) (Ar40) @ 5.87924860773
GetHighVoltage ===>> 4499.94659342336
GetDeflection H1 ===>> 0
dac uncorrected for HV and deflection 5.87928323028
update mftable H1 Ar40 5.87928323028 message=automated run peakcenter
get initial guess parabolic
get initial guess parabolic
get initial guess parabolic
get initial guess parabolic
get initial guess parabolic
get initial guess parabolic
dump mftable to /Users/jan/PychronDev/setupfiles/spectrometer/mftables/mftable.csv
add to repo msg=modified - automated run peakcenter
locally archiving mftable
setting magnet DAC
current  : 5.894185
requested: 5.879249
Delta Dac: 0.014937
Checking detector protection. dv=0.01494
Checking detector "CDD". Protection Threshold: 0.1 (V)
SetMagnetDAC 5.87924860773 ===>> OK
Magnet settling time: 0.500
sweep finished
setting integration time = 1.048576
SetIntegrationTime 1.048576 ===>> OK
Failed to find a valid peak. No peak greater than 1.0. max = 0.241363188741
flush and close file /Users/jan/PychronDev/data/isotopes/9d/fb018b-26bd-4712-b680-e371c1762358.h5
finished measure script
executed snippet estimated_duration=226.132928, duration=277.659996986
jan_unknown120_60.py completed successfully
Measurement Finished
04:30:43 -- ******* Measurement Finished *******
Post Measurement Started jan_pump_ms.py
04:30:43 -- ******* Post Measurement Started jan_pump_ms.py *******
testing...
no interpolation path defined
executed snippet estimated_duration=0, duration=2.90870666504e-05
Pumping spectrometer
open () {'name': 'O'}
opening name=O desc=---
checking ownership. requestor=129.138.12.150
check software interlocks O
interlocks []
actuate state mode=None-script, software_lock=False
doing actuation None-script open_channel True
Open O ===>> OK
GetIndicatorState O ===>> OK
change switch state (True, True)
update switch state O True args=() kw={} ncanvase=2
04:30:43 -- OPEN   VALVE-O (Jan Ion Pump)
---------------------------------------- open O () result=[(True, True)], time=0.12 sec
action=open, ok=True, locked=[False]
executed snippet estimated_duration=0, duration=0.382385969162
jan_pump_ms.py completed successfully
setting _ms_pumptime
Post Measurement Finished
04:30:43 -- ******* Post Measurement Finished *******
$$$$$$$$$$$$$$$$$$$$ state at run end measurement
state changed from measurement to success
post measurement save measured=True aborted=False
Set filtering
setting fod for Ar40= {'filter_outliers': True, 'std_devs': 2, 'iterations': 1}
setting fod for H1= {'filter_outliers': True, 'std_devs': 2, 'iterations': 1}
setting fod for PM41= {'filter_outliers': False, 'std_devs': 2, 'iterations': 1}
setting fod for H2= {'filter_outliers': True, 'std_devs': 2, 'iterations': 1}
setting fod for Ar36= {'filter_outliers': True, 'std_devs': 2, 'iterations': 1}
setting fod for CDD= {'filter_outliers': True, 'std_devs': 10, 'iterations': 1}
setting fod for Ar37= {'filter_outliers': True, 'std_devs': 2, 'iterations': 1}
setting fod for L2= {'filter_outliers': True, 'std_devs': 2, 'iterations': 1}
setting fod for Ar38= {'filter_outliers': True, 'std_devs': 2, 'iterations': 1}
setting fod for L1= {'filter_outliers': True, 'std_devs': 2, 'iterations': 1}
setting fod for Ar39= {'filter_outliers': True, 'std_devs': 2, 'iterations': 1}
setting fod for AX= {'filter_outliers': True, 'std_devs': 2, 'iterations': 1}
persistence save...
persistence save - db
post measurement save
6227164912 connecting to database sqlite:////Users/jan/PychronDev/.appdata/local_lab.db
connected to db sqlite:////Users/jan/PychronDev/.appdata/local_lab.db
create new session 6227164912
close session 6227164912
No database instance. Not saving post measurement to isotopedb database
$$$$$$$$$$$$$$$ auto_save_detector_ic=False
massspec enabled True
create new session 4985539184
MassSpec Database Version: 16.0
close session 4985539184
saving post measurement to secondary database
saving to massspec database 129.138.12.160/massspecdata
setting labnumber to 65580
setting aliquot to 11
setting step to 
setting uuid to 9dfb018b-26bd-4712-b680-e371c1762358
setting irradpos to 65580
setting extract_device to Fusions CO2
setting tray to 
setting position to 199
setting power_requested to 5.0
setting extract_value to 5.0
setting duration to 30.0
setting duration_at_request to 30.0
setting first_stage_delay to 30.0
setting cleanup to 30.0
setting comment to O:3 with inclusions
setting irradiation to NM-289
setting level to O
setting irradiation_level to O
setting sample to Bw-2014-12 W
setting material to Sanidine
setting project to Bustos Wells
setting mass_spectrometer to Jan
no attribute chron_dosages
no attribute production_ratios
no attribute interference_corrections
no attribute production_name
no attribute j
Reference Isotope=Ar40
Reference Detector=H1
%%%%%%%%%%%%%%%%%%%% Comment: O:3 with inclusions %%%%%%%%%%%%%%%%%%%
adding isotope PM41 H2
add baseline dbdet= PM41. original det= H2
get baseline data PM41 H2
Get data baseline <pychron.processing.isotope.Baseline object at 0x18fc7eb50> len t=60
baseline PM41. v=-0.181035004663, e=0.00815142565026
get signal data PM41 H2
Get data signal PM41 0.11+/-0.06 len t=120
adding isotope Ar40 H1
add baseline dbdet= Ar40. original det= H1
get baseline data Ar40 H1
Get data baseline <pychron.processing.isotope.Baseline object at 0x18fc7ed50> len t=60
baseline Ar40. v=0.0069644510069, e=0.00550855303888
get signal data Ar40 H1
Get data signal Ar40 1602.77+/-0.08 len t=120
adding isotope Ar39 AX
add baseline dbdet= Ar39. original det= AX
get baseline data Ar39 AX
Get data baseline <pychron.processing.isotope.Baseline object at 0x18fc7ef10> len t=60
baseline Ar39. v=-0.0806953990013, e=0.00706293436369
get signal data Ar39 AX
Get data signal Ar39 383.719+/-0.032 len t=120
adding isotope Ar38 L1
add baseline dbdet= Ar38. original det= L1
get baseline data Ar38 L1
Get data baseline <pychron.processing.isotope.Baseline object at 0x1a8fd5110> len t=60
baseline Ar38. v=-0.0211027715633, e=0.00362779484574
get signal data Ar38 L1
Get data signal Ar38 4.977+/-0.005 len t=120
adding isotope Ar37 L2
add baseline dbdet= Ar37. original det= L2
get baseline data Ar37 L2
Get data baseline <pychron.processing.isotope.Baseline object at 0x1a8fd52d0> len t=60
baseline Ar37. v=-0.0306490617405, e=0.00679493685417
get signal data Ar37 L2
Get data signal Ar37 1.375+/-0.011 len t=120
adding isotope Ar36 CDD
add baseline dbdet= Ar36. original det= CDD
get baseline data Ar36 CDD
Get data baseline <pychron.processing.isotope.Baseline object at 0x1a8fd5490> len t=60
baseline Ar36. v=0.000347352634987, e=3.42452013696e-05
get signal data Ar36 CDD
Get data signal Ar36 0.2484+/-0.0012 len t=120
65580-11 added analysis time 0.48106098175s
analysis added to mass spec database
mass spec save time= 0.492
persistence save - dvc
================= post measurement started
create new session 4989601072
close session 4989601072
---------------- Experiment Queue saving disabled
DVC saving peakcenter
Failed to find a valid peak. No peak greater than 1.0. max = 0.241363188741
Smart pull ahead: 0 behind: 0
Up-to-date with origin
add to repo msg=modified - ad8224ebc6dbfeb9f5997218dfa5fe690569839d.json
add to repo msg=modified - 80-11.json
add to repo msg=modified - 80-11.dat.json
add to repo msg=modified - 80-11.blan.json
add to repo msg=modified - 80-11.inte.json
add to repo msg=modified - 80-11.icfa.json
add to repo msg=modified - 80-11.base.json
not at valid file /Users/jan/PychronDev/data/.dvc/repositories/Load1789/655/tags/80-11.tags.json
add to repo msg=modified - 80-11.peak.json
add to repo msg=modified - 80-11.extr.json
not at valid file /Users/jan/PychronDev/data/.dvc/repositories/Load1789/655/monitor/80-11.moni.json
commit message=<COLLECTION>
add to repo msg=modified - 80-11.inte.json
add to repo msg=modified - 80-11.base.json
commit message=<ISOEVO> default collection fits
add to repo msg=modified - 80-11.blan.json
commit message=<BLANKS> preceding bu-FC-J-7746
add to repo msg=modified - 80-11.icfa.json
commit message=<ICFactor> default
push repository <pychron.git_archive.repo_manager.GitRepoManager object at 0x19452b710>
pushing to remote=origin, url=https://github.com
no changes to meta repo
create new session 4989601072
add association Load1789
get identifier "65580"
setting analysis irradiation position=<pychron.dvc.dvc_orm.IrradiationPositionTbl object at 0x1a99f4a50>
close session 4989601072
================= post measurement finished
04:30:59 -- ******* Post Run Check *******
loading queue conditionals post_run_actions
loading system conditionals post_run_actions
loading conditionals from /Users/jan/PychronDev/setupfiles/spectrometer/default_conditionals.yaml
loading queue conditionals post_run_terminations
loading system conditionals post_run_terminations
loading conditionals from /Users/jan/PychronDev/setupfiles/spectrometer/default_conditionals.yaml
Checking default post run terminations n=1
GetDeflection CDD ===>> 50
testing CDD==2000
evaluate ot="CDD.deflection==2000" t="CDD==2000", ctx="{'CDD': 50.0}"
04:30:59 -- ******* Post Run Check Passed *******
04:30:59 -- Automated run 65580-11 success duration: 372.333 s
----------------- finish -----------------
----------------- stop -----------------
retroactive repository identifiers disabled
finish run. runs completed=138
update duration runid=65580-11, duration=372.332919121, md5=301e91d8
loading script "jan_unknown120_60.py"
loading script "jan_pump_ms.py"
loading script "jan_co2.py"
loading script "jan_pump_extraction_line.py"
testing...
no interpolation path defined
executed snippet estimated_duration=213.652928, duration=0.000385999679565
script duration name:unknown120_60 seconds:214.0
loading script "jan_unknown120_60.py"
loading script "jan_pump_ms.py"
loading script "jan_co2.py"
loading script "jan_pump_extraction_line.py"
testing...
no interpolation path defined
executed snippet estimated_duration=0, duration=2.71797180176e-05
loading script "jan_unknown120_60.py"
loading script "jan_pump_ms.py"
loading script "jan_co2.py"
loading script "jan_pump_extraction_line.py"
testing...
no interpolation path defined
calculate duration
testing...
no interpolation path defined
executed snippet estimated_duration=0, duration=6.07967376709e-05
calculate duration
testing...
no interpolation path defined
executed snippet estimated_duration=0, duration=0.000107049942017
executed snippet estimated_duration=0.0, duration=0.00280213356018
script duration name:co2 seconds:0.0
loading script "jan_unknown120_60.py"
loading script "jan_pump_ms.py"
loading script "jan_co2.py"
loading script "jan_pump_extraction_line.py"
testing...
no interpolation path defined
calculate duration
testing...
no interpolation path defined
executed snippet estimated_duration=4.0, duration=0.000164985656738
executed snippet estimated_duration=4.0, duration=0.00127100944519
Script duration 214.0
Run total estimated duration= 215.000
unknown120_60 in script context. using previous estimated duration
script duration name:unknown120_60 seconds:214.0
pump_ms in script context. using previous estimated duration
co2 in script context. using previous estimated duration
script duration name:co2 seconds:0.0
pump_extraction_line in script context. using previous estimated duration
Script duration 214.0
Run total estimated duration= 215.000
script duration name:unknown120_60 seconds:214.0
script duration name:co2 seconds:0.0
Script duration 214.0
Run total estimated duration= 215.000
loading script "jan_unknown400_120.py"
loading script "jan_pump_ms.py"
loading script "jan_co2.py"
loading script "jan_pump_extraction_line.py"
testing...
no interpolation path defined
executed snippet estimated_duration=556.052928, duration=0.000285863876343
script duration name:unknown400_120 seconds:556.0
script duration name:co2 seconds:0.0
Script duration 556.0
Run total estimated duration= 557.000
unknown400_120 in script context. using previous estimated duration
script duration name:unknown400_120 seconds:556.0
loading script "jan_unknown400_120.py"
loading script "jan_pump_ms.py"
loading script "jan_sniffair_x2.py"
loading script "jan_pump_extraction_line.py"
testing...
no interpolation path defined
calculate duration
testing...
no interpolation path defined
executed snippet estimated_duration=0, duration=4.98294830322e-05
calculate duration
testing...
no interpolation path defined
executed snippet estimated_duration=0, duration=0.000200986862183
calculate duration
testing...
no interpolation path defined
executed snippet estimated_duration=32.0, duration=0.000148057937622
calculate duration
testing...
no interpolation path defined
executed snippet estimated_duration=34.0, duration=0.000125885009766
calculate duration
testing...
no interpolation path defined
executed snippet estimated_duration=4.0, duration=7.60555267334e-05
calculate duration
testing...
no interpolation path defined
executed snippet estimated_duration=36.0, duration=0.000138998031616
calculate duration
testing...
no interpolation path defined
executed snippet estimated_duration=34.0, duration=0.000170946121216
calculate duration
testing...
no interpolation path defined
executed snippet estimated_duration=4.0, duration=6.69956207275e-05
calculate duration
testing...
no interpolation path defined
executed snippet estimated_duration=36.0, duration=9.17911529541e-05
calculate duration
testing...
no interpolation path defined
executed snippet estimated_duration=70.0, duration=9.89437103271e-05
executed snippet estimated_duration=250.0, duration=0.0175759792328
script duration name:sniffair_x2 seconds:250.0
Script duration 806.0
Run total estimated duration= 807.000
script duration name:unknown400_120 seconds:556.0
loading script "jan_unknown400_120.py"
loading script "jan_pump_ms.py"
loading script "jan_cocktail_x1.py"
loading script "jan_pump_extraction_line.py"
testing...
no interpolation path defined
calculate duration
testing...
no interpolation path defined
executed snippet estimated_duration=0, duration=4.41074371338e-05
calculate duration
testing...
no interpolation path defined
executed snippet estimated_duration=0, duration=0.000100135803223
calculate duration
testing...
no interpolation path defined
executed snippet estimated_duration=32.0, duration=8.70227813721e-05
calculate duration
testing...
no interpolation path defined
executed snippet estimated_duration=34.0, duration=9.91821289062e-05
calculate duration
testing...
no interpolation path defined
executed snippet estimated_duration=4.0, duration=6.29425048828e-05
calculate duration
testing...
no interpolation path defined
executed snippet estimated_duration=38.0, duration=0.000108003616333
executed snippet estimated_duration=108.0, duration=0.0078501701355
script duration name:cocktail_x1 seconds:108.0
Script duration 664.0
Run total estimated duration= 665.000
script duration name:unknown400_120 seconds:556.0
sniffair_x2 in script context. using previous estimated duration
script duration name:sniffair_x2 seconds:250.0
Script duration 806.0
Run total estimated duration= 807.000
script duration name:unknown400_120 seconds:556.0
cocktail_x1 in script context. using previous estimated duration
script duration name:cocktail_x1 seconds:108.0
Script duration 664.0
Run total estimated duration= 665.000
loading script "jan_ic_peak_hop3.py"
loading script "jan_pump_ms.py"
loading script "jan_air_x1.py"
loading script "jan_pump_extraction_line.py"
testing...
no interpolation path defined
executed snippet estimated_duration=133.8, duration=0.00829315185547
script duration name:ic_peak_hop3 seconds:134.0
loading script "jan_ic_peak_hop3.py"
loading script "jan_pump_ms.py"
loading script "jan_air_x1.py"
loading script "jan_pump_extraction_line.py"
testing...
no interpolation path defined
calculate duration
testing...
no interpolation path defined
executed snippet estimated_duration=0, duration=7.20024108887e-05
calculate duration
testing...
no interpolation path defined
executed snippet estimated_duration=0, duration=0.000138998031616
calculate duration
testing...
no interpolation path defined
executed snippet estimated_duration=32.0, duration=0.000133991241455
calculate duration
testing...
no interpolation path defined
executed snippet estimated_duration=34.0, duration=9.79900360107e-05
calculate duration
testing...
no interpolation path defined
executed snippet estimated_duration=4.0, duration=6.79492950439e-05
calculate duration
testing...
no interpolation path defined
executed snippet estimated_duration=36.0, duration=9.48905944824e-05
executed snippet estimated_duration=106.0, duration=0.00871801376343
script duration name:air_x1 seconds:106.0
Script duration 240.0
Run total estimated duration= 241.000
script duration name:unknown120_60 seconds:214.0
script duration name:co2 seconds:0.0
Script duration 214.0
Run total estimated duration= 215.000
script duration name:unknown120_60 seconds:214.0
script duration name:co2 seconds:0.0
Script duration 214.0
Run total estimated duration= 215.000
script duration name:unknown120_60 seconds:214.0
script duration name:co2 seconds:0.0
Script duration 214.0
Run total estimated duration= 215.000
script duration name:unknown120_60 seconds:214.0
script duration name:co2 seconds:0.0
Script duration 214.0
Run total estimated duration= 215.000
script duration name:unknown120_60 seconds:214.0
script duration name:co2 seconds:0.0
Script duration 214.0
Run total estimated duration= 215.000
script duration name:unknown120_60 seconds:214.0
script duration name:co2 seconds:0.0
Script duration 214.0
Run total estimated duration= 215.000
script duration name:unknown120_60 seconds:214.0
script duration name:co2 seconds:0.0
Script duration 214.0
Run total estimated duration= 215.000
script duration name:unknown120_60 seconds:214.0
script duration name:co2 seconds:0.0
Script duration 214.0
Run total estimated duration= 215.000
script duration name:unknown120_60 seconds:214.0
script duration name:co2 seconds:0.0
Script duration 214.0
Run total estimated duration= 215.000
script duration name:unknown120_60 seconds:214.0
script duration name:co2 seconds:0.0
Script duration 214.0
Run total estimated duration= 215.000
script duration name:unknown120_60 seconds:214.0
script duration name:co2 seconds:0.0
Script duration 214.0
Run total estimated duration= 215.000
script duration name:unknown120_60 seconds:214.0
script duration name:co2 seconds:0.0
Script duration 214.0
Run total estimated duration= 215.000
script duration name:unknown400_120 seconds:556.0
script duration name:co2 seconds:0.0
Script duration 556.0
Run total estimated duration= 557.000
script duration name:unknown120_60 seconds:214.0
script duration name:co2 seconds:0.0
Script duration 214.0
Run total estimated duration= 215.000
script duration name:unknown120_60 seconds:214.0
script duration name:co2 seconds:0.0
Script duration 214.0
Run total estimated duration= 215.000
script duration name:unknown120_60 seconds:214.0
script duration name:co2 seconds:0.0
Script duration 214.0
Run total estimated duration= 215.000
script duration name:unknown400_120 seconds:556.0
script duration name:cocktail_x1 seconds:108.0
Script duration 664.0
Run total estimated duration= 665.000
script duration name:unknown400_120 seconds:556.0
script duration name:cocktail_x1 seconds:108.0
Script duration 664.0
Run total estimated duration= 665.000
script duration name:unknown120_60 seconds:214.0
script duration name:co2 seconds:0.0
Script duration 214.0
Run total estimated duration= 215.000
script duration name:unknown120_60 seconds:214.0
script duration name:co2 seconds:0.0
Script duration 214.0
Run total estimated duration= 215.000
script duration name:unknown400_120 seconds:556.0
script duration name:co2 seconds:0.0
Script duration 556.0
Run total estimated duration= 557.000
nruns=30 before=5.0, run_dur=10486.0, btw=1305.0
write rem/ex queues
/Users/jan/PychronDev/experiments/rem/CurrentExperiment.rem.txt
/Users/jan/PychronDev/experiments/rem/CurrentExperiment.ex.txt
doing event level: 3
