do run
loading script "jan_unknown120_60.py"
loading script "jan_pump_ms.py"
loading script "jan_co2.py"
loading script "jan_pump_extraction_line.py"
testing...
no interpolation path defined
executed snippet estimated_duration=213.652928, duration=0.000307083129883
script duration name:unknown120_60 seconds:214.0
loading script "jan_unknown120_60.py"
loading script "jan_pump_ms.py"
loading script "jan_co2.py"
loading script "jan_pump_extraction_line.py"
testing...
no interpolation path defined
executed snippet estimated_duration=0, duration=2.8133392334e-05
loading script "jan_unknown120_60.py"
loading script "jan_pump_ms.py"
loading script "jan_co2.py"
loading script "jan_pump_extraction_line.py"
testing...
no interpolation path defined
calculate duration
testing...
no interpolation path defined
executed snippet estimated_duration=0, duration=5.98430633545e-05
calculate duration
testing...
no interpolation path defined
executed snippet estimated_duration=0, duration=9.3936920166e-05
executed snippet estimated_duration=0.0, duration=0.00271987915039
script duration name:co2 seconds:0.0
loading script "jan_unknown120_60.py"
loading script "jan_pump_ms.py"
loading script "jan_co2.py"
loading script "jan_pump_extraction_line.py"
testing...
no interpolation path defined
calculate duration
testing...
no interpolation path defined
executed snippet estimated_duration=4.0, duration=0.000149011611938
executed snippet estimated_duration=4.0, duration=0.00163602828979
Script duration 214.0
Run total estimated duration= 215.000
run duration: 0:03:35
doing event level: 2
04:04:05 -- Setting default integration. t=1.048576
setting integration time = 1.048576
SetIntegrationTime 1.048576 ===>> OK
----------------- start -----------------
**************** Experiment Type: Ar/Ar, Ar/Ar
create new session 4436069840
close session 4436069840
$$$$$ Clearing conditionals
adding conditionals 
Add queue conditionals
add default conditionals
adding default conditionals from /Users/jan/PychronDev/setupfiles/spectrometer/default_conditionals.yaml
Start automated run 65580-10A
loading script "jan_unknown120_60.py"
loading script "jan_pump_ms.py"
loading script "jan_co2.py"
loading script "jan_pump_extraction_line.py"
%%%%%%%%%%%%%%%%%% setting automated run 65580-10A
No value "sensitivity_multiplier" in metadata
$$$$$$$$$$$$$$$ auto_save_detector_ic=False
============================= Pre Extraction Check =============================
loading queue conditionals pre_run_terminations
loading system conditionals pre_run_terminations
loading conditionals from /Users/jan/PychronDev/setupfiles/spectrometer/default_conditionals.yaml
04:04:05 -- ******* Pre Extraction Check *******
Get a measurement from the spectrometer
GetData ===>> H2,-0.0293737115355507,H1,-0.0496966531533303,AX,-0.0804409569335975,L1,0.0732715989985148,L2,0.1...
Pre Extraction Termination data. keys=H2,H1,AX,L1,L2,CDD, signals=-0.02937,-0.04970,-0.08044,0.07327,0.11202,0.00164
04:04:05 -- testing system defined conditionals
Checking default pre extraction terminations n=2
testing CDD
evaluate ot="CDD.inactive" t="CDD", ctx="{'CDD': False}"
GetDeflection CDD ===>> 50
testing CDD==2000
evaluate ot="CDD.deflection==2000" t="CDD==2000", ctx="{'CDD': 50.0}"
04:04:05 -- ******* Pre Extraction Check Passed *******
=================================================================================
04:04:05 -- stopping status monitor
stop 4982387056
Alive clients [4989850544]
04:04:05 -- starting status monitor
start 4982387056
Monitor already running
start extraction
do extraction
Analysis started at 04:04:05.317895
Extraction Started jan_co2.py
04:04:05 -- ******* Extraction Started jan_co2.py *******
state changed from not run to extraction
DO EXTRACTION <pychron.extraction_line.pyscript_runner.RemotePyScriptRunner object at 0x12c299590>
testing...
no interpolation path defined
calculate duration
testing...
no interpolation path defined
executed snippet estimated_duration=0, duration=4.91142272949e-05
calculate duration
testing...
no interpolation path defined
executed snippet estimated_duration=0, duration=0.000121116638184
executed snippet estimated_duration=100.0, duration=0.00783801078796
Jan CO2 laser analysis
doing GOSUB
testing...
no interpolation path defined
executed snippet estimated_duration=0, duration=4.60147857666e-05
Waiting for CO2 access
wait ('FelixCO2Flag', 0) {}
waiting for FelixCO2Flag = 0
Read FelixCO2Flag ===>> 0
finished waiting
CO2 free
wait ('CO2PumpTimeFlag', 0) {}
waiting for CO2PumpTimeFlag = 0
Read CO2PumpTimeFlag ===>> 0
finished waiting
acquire ('JanCO2Flag',) {'clear': True}
acquire JanCO2Flag
Set JanCO2Flag 1 ===>> OK
JanCO2Flag acquired
set extraction state False (0.75, 'red', 1.5)
CO2 acquired
executed snippet estimated_duration=0, duration=0.0321209430695
WaitForCO2Access.py completed successfully
gosub finished
doing GOSUB
testing...
no interpolation path defined
executed snippet estimated_duration=0, duration=9.79900360107e-05
Prepare for CO2 analysis
close () {'description': 'Jan Inlet'}
closing name=--- desc=Jan Inlet
checking ownership. requestor=129.138.12.150
check software interlocks R
interlocks []
actuate state mode=None-script, software_lock=False
doing actuation None-script close_channel False
Close R ===>> OK
GetIndicatorState R ===>> False
change switch state (True, True)
update switch state R False args=() kw={} ncanvase=2
04:04:05 -- CLOSE  VALVE-R (Jan Inlet)
---------------------------------------- close None (Jan Inlet) result=[(True, True)]
action=close, ok=True, locked=[False]
open () {'description': 'Jan Ion Pump'}
opening name=--- desc=Jan Ion Pump
checking ownership. requestor=129.138.12.150
check software interlocks O
interlocks []
actuate state mode=None-script, software_lock=False
doing actuation None-script open_channel False
Open O ===>> OK
GetIndicatorState O ===>> OK
change switch state (True, True)
update switch state O True args=() kw={} ncanvase=2
04:04:06 -- OPEN   VALVE-O (Jan Ion Pump)
---------------------------------------- open None (Jan Ion Pump) result=[(True, True)], time=0.12 sec
action=open, ok=True, locked=[False]
close () {'description': 'Microbone to Minibone'}
closing name=--- desc=Microbone to Minibone
checking ownership. requestor=129.138.12.150
check software interlocks L
interlocks []
actuate state mode=None-script, software_lock=False
doing actuation None-script close_channel False
Close L ===>> OK
GetIndicatorState L ===>> False
change switch state (True, True)
update switch state L False args=() kw={} ncanvase=2
04:04:06 -- CLOSE  VALVE-L (Microbone to Minibone)
---------------------------------------- close None (Microbone to Minibone) result=[(True, True)]
action=close, ok=True, locked=[False]
open () {'description': 'Microbone to Turbo'}
opening name=--- desc=Microbone to Turbo
checking ownership. requestor=129.138.12.150
check software interlocks U
interlocks []
actuate state mode=None-script, software_lock=False
doing actuation None-script open_channel False
Open U ===>> OK
GetIndicatorState U ===>> OK
change switch state (True, True)
update switch state U True args=() kw={} ncanvase=2
04:04:07 -- OPEN   VALVE-U (Microbone to Turbo)
---------------------------------------- open None (Microbone to Turbo) result=[(True, True)], time=0.14 sec
action=open, ok=True, locked=[False]
open () {'description': 'Microbone to Inlet Pipette'}
opening name=--- desc=Microbone to Inlet Pipette
checking ownership. requestor=129.138.12.150
check software interlocks S
interlocks []
actuate state mode=None-script, software_lock=False
doing actuation None-script open_channel False
Open S ===>> OK
GetIndicatorState S ===>> OK
change switch state (True, True)
update switch state S True args=() kw={} ncanvase=2
04:04:07 -- OPEN   VALVE-S (Microbone to Inlet Pipette)
---------------------------------------- open None (Microbone to Inlet Pipette) result=[(True, True)], time=0.43 sec
action=open, ok=True, locked=[False]
open () {'description': 'Microbone to Getter D-50'}
opening name=--- desc=Microbone to Getter D-50
checking ownership. requestor=129.138.12.150
check software interlocks K
interlocks []
actuate state mode=None-script, software_lock=False
doing actuation None-script open_channel False
Open K ===>> OK
GetIndicatorState K ===>> OK
change switch state (True, True)
update switch state K True args=() kw={} ncanvase=2
04:04:08 -- OPEN   VALVE-K (Microbone to Getter D-50)
---------------------------------------- open None (Microbone to Getter D-50) result=[(True, True)], time=0.44 sec
action=open, ok=True, locked=[False]
open () {'description': 'Microbone to Getter NP-10'}
opening name=--- desc=Microbone to Getter NP-10
checking ownership. requestor=129.138.12.150
check software interlocks M
interlocks []
actuate state mode=None-script, software_lock=False
doing actuation None-script open_channel False
Open M ===>> OK
GetIndicatorState M ===>> OK
change switch state (True, True)
update switch state M True args=() kw={} ncanvase=2
04:04:09 -- OPEN   VALVE-M (Microbone to Getter NP-10)
---------------------------------------- open None (Microbone to Getter NP-10) result=[(True, True)], time=0.14 sec
action=open, ok=True, locked=[False]
close () {'description': 'CO2 Laser to Felix'}
closing name=--- desc=CO2 Laser to Felix
checking ownership. requestor=129.138.12.150
check software interlocks F
interlocks []
actuate state mode=None-script, software_lock=True
VALVE-F(CO2 Laser to Felix) software locked
change switch state (True, False)
---------------------------------------- close None (CO2 Laser to Felix) result=[(True, False)]
action=close, ok=True, locked=[True]
open () {'description': 'CO2 Laser to Jan'}
opening name=--- desc=CO2 Laser to Jan
checking ownership. requestor=129.138.12.150
check software interlocks A
interlocks []
actuate state mode=None-script, software_lock=False
doing actuation None-script open_channel False
Open A ===>> OK
GetIndicatorState A ===>> OK
change switch state (True, True)
update switch state A True args=() kw={} ncanvase=2
04:04:09 -- OPEN   VALVE-A (CO2 Laser to Jan)
---------------------------------------- open None (CO2 Laser to Jan) result=[(True, True)], time=0.15 sec
action=open, ok=True, locked=[False]
open () {'description': 'Microbone to CO2 Laser'}
opening name=--- desc=Microbone to CO2 Laser
checking ownership. requestor=129.138.12.150
check software interlocks T
interlocks []
actuate state mode=None-script, software_lock=False
doing actuation None-script open_channel False
Open T ===>> OK
GetIndicatorState T ===>> OK
change switch state (True, True)
update switch state T True args=() kw={} ncanvase=2
04:04:10 -- OPEN   VALVE-T (Microbone to CO2 Laser)
---------------------------------------- open None (Microbone to CO2 Laser) result=[(True, True)], time=0.41 sec
action=open, ok=True, locked=[False]
executed snippet estimated_duration=0, duration=4.98934197426
PrepareForCO2Analysis.py completed successfully
gosub finished
set_motor ('beam', '1.25') {}
setting motor "beam" to 1.25
set motor beam to 1.25
SetMotor beam,1.25 ===>> OK
GetMotorMoving beam ===>> False
GetMotorMoving beam ===>> False
Block completed
move_to_position ('198',) {'autocenter': True}
FusionsCO2 move to position 198
sending GoToHole 198,True
GoToHole 198,True ===>> OK
GetDriveMoving ===>> OK
GetDriveMoving ===>> OK
GetDriveMoving ===>> OK
GetDriveMoving ===>> OK
GetDriveMoving ===>> OK
GetDriveMoving ===>> OK
GetDriveMoving ===>> OK
GetDriveMoving ===>> False
GetDriveMoving ===>> OK
GetDriveMoving ===>> OK
GetDriveMoving ===>> OK
GetDriveMoving ===>> OK
GetDriveMoving ===>> OK
GetDriveMoving ===>> False
Block completed
GetAutoCorrecting ===>> False
GetAutoCorrecting ===>> False
Block completed
update position
GetPosition ===>> -7.97560,-11.96340,1.00000
got position (-7.9756, -11.9634, 1.0)
move to position succeeded
sleep (5,) {}
SLEEP 5.0
block started
WaitControl setup for 5.0  
Join finished
block finished. duration 5.01155900955
close () {'description': 'Microbone to Turbo'}
closing name=--- desc=Microbone to Turbo
checking ownership. requestor=129.138.12.150
check software interlocks U
interlocks []
actuate state mode=None-script, software_lock=False
doing actuation None-script close_channel True
Close U ===>> OK
GetIndicatorState U ===>> False
change switch state (True, True)
update switch state U False args=() kw={} ncanvase=2
04:04:21 -- CLOSE  VALVE-U (Microbone to Turbo)
---------------------------------------- close None (Microbone to Turbo) result=[(True, True)]
action=close, ok=True, locked=[False]
enable laser
enable () {}
set extraction state FusionsCO2 Enabled (False, 'red', 1.5)
enabling laser
Enable ===>> OK
begin interval
BEGIN INTERVAL Interval 1 waiting for 30.0
block started
set extract to 0.3
WaitControl setup for 30.0  
extract (0.3,) {}
GetPosition ===>> -7.97560,-11.96340,1.00000
set extraction state FusionsCO2 ON! 0.3(watts) (0.75, 'red', 1.5)
extract sample to 0.3 (watts)
set laser output
SetLaserOutput 0.3,watts ===>> OK
executing pattern triangle.lp
execute_pattern ('triangle.lp',) {}
executing pattern triangle.lp
IsPatterning ===>> OK
IsPatterning ===>> OK
IsPatterning ===>> OK
IsPatterning ===>> OK
IsPatterning ===>> OK
IsPatterning ===>> OK
IsPatterning ===>> OK
IsPatterning ===>> OK
IsPatterning ===>> OK
IsPatterning ===>> OK
IsPatterning ===>> OK
IsPatterning ===>> OK
IsPatterning ===>> OK
IsPatterning ===>> OK
IsPatterning ===>> OK
IsPatterning ===>> OK
IsPatterning ===>> OK
IsPatterning ===>> OK
IsPatterning ===>> OK
IsPatterning ===>> OK
IsPatterning ===>> OK
IsPatterning ===>> OK
IsPatterning ===>> OK
IsPatterning ===>> OK
IsPatterning ===>> OK
IsPatterning ===>> OK
IsPatterning ===>> False
IsPatterning ===>> False
Block completed
COMPLETE INTERVAL waiting for Interval 1 to complete
Join finished
block finished. duration 30.1165430546
Interval 1 finished
end_extract () {}
ending extraction. set laser power to 0
set laser power 0
SetLaserPower 0 ===>> OK
disable () {}
%%%%%%%%%%%%%%%%%%%%%%%%%%%%%%%%%%% disable
set extraction state False (0.75, 'red', 1.5)
disabling laser
Disable ===>> OK
sleep (30.0,) {}
SLEEP 30.0
block started
WaitControl setup for 30.0  
Join finished
block finished. duration 30.0707809925
executed snippet estimated_duration=166.5, duration=77.4807019234
jan_co2.py completed successfully
GetAchievedOutput ===>> No Response
Requested Output= 0.000
Achieved Output=  0.000
GetResponseBlob ===>> No Response
GetOutputBlob ===>> No Response
persistence save...
persistence save - db
AutomatedRunPersister post_extraction_save deprecated
persistence save - dvc
no extraction position for 198
create new session 4989601072
close session 4989601072
Extraction Finished
04:05:22 -- ******* Extraction Finished *******
no overlap. not waiting for min ms pumptime
04:05:22 -- Sending spectrometer configuration
======== Sending configuration ========
SetDeflection CDD,50.0 ===>> OK
SetDeflection H2,0.0 ===>> OK
SetDeflection H1,0.0 ===>> OK
SetDeflection L2,825.0 ===>> OK
SetDeflection L1,400.0 ===>> OK
SetDeflection AX,190.0 ===>> OK
SetZFocus 74.64 ===>> OK
SetZSymmetry -50.72 ===>> OK
SetExtractionLens 26.13 ===>> OK
SetIonRepeller -3.81 ===>> OK
SetElectronEnergy 75.08 ===>> OK
SetYSymmetry -2.81 ===>> OK
SetIonCounterVoltage 1590.0 ===>> OK
send trap current 200.0
GetParameter Trap Current Readback ===>> 198.147042666178
SetParameter Trap Current Set,200.0 ===>> OK
updating mftable name mftable
Using mftable located at /Users/jan/PychronDev/setupfiles/spectrometer/mftables/mftable.csv
============ MFtable ===========
Isotope  H2     H1     AX     L1     L2     CDD    
Ar40     5.8074 5.8793 5.9927 6.1473 6.2311 6.3755
Ar39     5.7066 5.7716 5.8851 6.0334 6.1162 6.2620
Ar36     5.3841 5.4406 5.5484 5.6922 5.7712 5.9131
================================
get initial guess parabolic
get initial guess parabolic
get initial guess parabolic
get initial guess parabolic
get initial guess parabolic
get initial guess parabolic
======== Configuration Finished ========
GetYSymmetry ===>> -2.81
GetZSymmetry ===>> -50.72
GetParameter Trap Current Readback ===>> 197.811389855338
GetHighVoltage ===>> 4499.94659342336
start measurement
do measurement
L#=65580 analysis type=unknown
Measurement Started jan_unknown120_60.py
04:05:23 -- ******* Measurement Started jan_unknown120_60.py *******
state changed from extraction to measurement
setting spec, defl, and gains
GetExtractionLens ===>> 26.13
GetYSymmetry ===>> -2.81
GetZSymmetry ===>> -50.72
GetZFocus ===>> 74.64
GetDeflection H2 ===>> 0
GetDeflection H1 ===>> 0
GetDeflection AX ===>> 190
GetDeflection L1 ===>> 400
GetDeflection L2 ===>> 825
GetDeflection CDD ===>> 50
GetGain H2 ===>> 0.0113
GetGain H1 ===>> 0.1
GetGain AX ===>> 0.097049
GetGain L1 ===>> 0.010355
GetGain L2 ===>> 0.095649
GetGain CDD ===>> 0
pre measurement save
New frame /Users/jan/PychronDev/data/isotopes/7c/43d375-b170-408b-b7da-0bb042cfda39.h5
flush and close file /Users/jan/PychronDev/data/isotopes/7c/43d375-b170-408b-b7da-0bb042cfda39.h5
testing...
no interpolation path defined
executed snippet estimated_duration=226.132928, duration=0.000123977661133
unknown measurement script
activate_detectors ('H2', 'H1', 'AX', 'L1', 'L2', 'CDD') {}
activate detectors
*************** Set Analysis View Ar/Ar
create graphs
clearing graphs
clear isotope group
setting isotope det=H2, iso=PM41
setting isotope det=H1, iso=Ar40
setting isotope det=AX, iso=Ar39
setting isotope det=L1, iso=Ar38
setting isotope det=L2, iso=Ar37
setting isotope det=CDD, iso=Ar36
setting previous blanks
 - setting Ar40 blank 0.603+/-0.007
 - setting Ar36 blank 0.00621+/-0.00019
 - setting Ar37 blank 0.047+/-0.005
 - setting Ar38 blank 0.0064+/-0.0021
 - setting PM41 blank 0.03+/-0.07
 - setting Ar39 blank 0.011+/-0.009
load analysis view
position_magnet ('Ar40',) {'detector': 'H1'}
detector Detector(H1)
POSITION Ar40 H1
setting detector H2 to PM41 (40.9624)
setting detector H1 to Ar40 (39.9624)
setting detector AX to Ar39 (38.9624)
setting detector L1 to Ar38 (37.9624)
setting detector L2 to Ar37 (36.9624)
setting detector CDD to Ar36 (35.9624)
Mapping mass to dac mass func: "parabolic"
H1 map mass coeffs = [-0.00063987  0.15840543  0.57090999]
H1 map mass to dac 39.9624 >> 5.8793
GetDeflection H1 ===>> 0
GetHighVoltage ===>> 4499.94659342336
positioning Ar40 (5.87926537735) on H1
setting magnet DAC
current  : 5.879266
requested: 5.879265
Delta Dac: 0.000000
Checking detector protection. dv=0.00000
Checking detector "CDD". Protection Threshold: 0.1 (V)
SetMagnetDAC 5.87926537735 ===>> OK
Magnet settling time: 0.500
equilibrate () {'delay': 3, 'inlet': 'R', 'outlet': 'O', 'eqtime': 12.0}
Equilibration Started
04:05:25 -- ******* Equilibration Started *******
checking ownership. requestor=129.138.12.150
check software interlocks O
interlocks []
actuate state mode=None-script, software_lock=False
doing actuation None-script close_channel True
Close O ===>> OK
GetIndicatorState O ===>> False
change switch state (True, True)
update switch state O False args=() kw={} ncanvase=2
04:05:25 -- CLOSE  VALVE-O (Jan Ion Pump)
waiting 3s before opening inlet value ('R',)
update labels <pychron.experiment.plot_panel.PlotPanel object at 0x1a8f8f890>
update labels "<pychron.graph.stacked_regression_graph.StackedRegressionGraph object at 0x18ee0c890>"
setting label 0 H2 PM41
setting label 1 H1 Ar40
setting label 2 AX Ar39
setting label 3 L1 Ar38
setting label 4 L2 Ar37
setting label 5 CDD Ar36
update labels "<pychron.graph.stacked_graph.StackedGraph object at 0x18eb0d470>"
setting label 0 H2 PM41
setting label 1 H1 Ar40
setting label 2 AX Ar39
setting label 3 L1 Ar38
setting label 4 L2 Ar37
setting label 5 CDD Ar36
checking ownership. requestor=129.138.12.150
check software interlocks R
interlocks []
actuate state mode=None-script, software_lock=False
doing actuation None-script open_channel True
Open R ===>> OK
set states for children of R. state=True
handle state [('R', True)]
update switch state R True args=() kw={'refresh': False} ncanvase=2
refresh_canvas_needed fired
GetIndicatorState R ===>> OK
change switch state (True, True)
update switch state R True args=() kw={} ncanvase=2
04:05:28 -- OPEN   VALVE-R (Jan Inlet)
equilibrating for 12.0sec
set_time_zero () {}
sniff (12.0,) {}
py_sniff
build tables- sniff [Detector(H2), Detector(H1), Detector(AX), Detector(L1), Detector(L2), Detector(CDD)]
add group /sniff/PM41 (Group) '' table H2
add group /sniff/Ar40 (Group) '' table H1
add group /sniff/Ar39 (Group) '' table AX
add group /sniff/Ar38 (Group) '' table L1
add group /sniff/Ar37 (Group) '' table L2
add group /sniff/Ar36 (Group) '' table CDD
flush and close file /Users/jan/PychronDev/data/isotopes/7c/43d375-b170-408b-b7da-0bb042cfda39.h5
measuring sniff. ncounts=12.0
"sniff" increment series count="1" fit count="0" regressing="False"
starting measurement
GetData ===>> H2,-0.208548212647646,H1,-0.0465132517989407,AX,-0.0452553176375467,L1,0.0154288872904134,L2,0.02...
GetData ===>> H2,0.371929597030426,H1,12.1123662364494,AX,2.8899498508042,L1,0.0428683529914105,L2,0.2360999807...
GetData ===>> H2,1.21445202380755,H1,48.1318926181521,AX,9.45879756642347,L1,0.281510080694938,L2,0.37784625520...
GetData ===>> H2,0.871790730324616,H1,62.4754642137741,AX,11.1722099552121,L1,0.386412580197301,L2,0.2771665215...
GetData ===>> H2,0.650722310194673,H1,67.3005801823993,AX,11.6516767602433,L1,0.431872157679051,L2,0.1598787250...
GetData ===>> H2,0.598035256862183,H1,69.0326713942075,AX,11.7030936165974,L1,0.483194221959038,L2,0.1058417672...
GetData ===>> H2,0.472957972560374,H1,69.8707791427542,AX,11.7496770958697,L1,0.511644522812052,L2,0.1752436067...
GetData ===>> H2,0.497785743605408,H1,70.2087029458256,AX,11.9751706358955,L1,0.487067877791689,L2,0.1736465480...
GetData ===>> H2,0.545595174396092,H1,70.3874676313139,AX,11.8670781812234,L1,0.493582535969442,L2,0.1833547949...
GetData ===>> H2,0.4631812172314,H1,70.374278532647,AX,11.6636770634069,L1,0.492094864754559,L2,0.1294072061690...
GetData ===>> H2,0.421699712524766,H1,70.4258813533654,AX,11.8799545340497,L1,0.492724332508454,L2,0.3045062428...
Equilibration Finished
04:05:40 -- ******* Equilibration Finished *******
checking ownership. requestor=129.138.12.150
check software interlocks R
interlocks []
actuate state mode=None-script, software_lock=False
doing actuation None-script close_channel True
GetData ===>> H2,0.458672493767802,H1,70.4660917394841,AX,11.79034576987,L1,0.495397539438325,L2,0.209963403448...
Close R ===>> OK
GetIndicatorState R ===>> False
change switch state (True, True)
update switch state R False args=() kw={} ncanvase=2
04:05:41 -- CLOSE  VALVE-R (Jan Inlet)
Post Equilibration Started jan_pump_extraction_line.py
04:05:41 -- ******* Post Equilibration Started jan_pump_extraction_line.py *******
testing...
no interpolation path defined
calculate duration
testing...
no interpolation path defined
executed snippet estimated_duration=4.0, duration=0.000148057937622
executed snippet estimated_duration=4.0, duration=0.00138306617737
Pump after analysis
doing GOSUB
testing...
no interpolation path defined
executed snippet estimated_duration=4.0, duration=0.00014591217041
Pump Microbone
close () {'description': 'Jan Inlet'}
closing name=--- desc=Jan Inlet
checking ownership. requestor=129.138.12.150
check software interlocks R
interlocks []
actuate state mode=None-script, software_lock=False
doing actuation None-script close_channel False
Close R ===>> OK
measurement finished
estimated time: 12.583 actual time: :12.666
flush and close file /Users/jan/PychronDev/data/isotopes/7c/43d375-b170-408b-b7da-0bb042cfda39.h5
set_fits () {}
using default fits file=/Users/jan/PychronDev/scripts/measurement/fits/nominal_linear.yaml
set "Ar40" to "('Linear', 'SEM')"
No fit for "PM41". defaulting to linear. check the measurement script "jan_unknown120_60.py"
set "PM41" to "linear"
set "Ar36" to "('Linear', 'SEM')"
set "Ar37" to "('linear', 'SEM')"
set "Ar38" to "('linear', 'SEM')"
set "Ar39" to "('Linear', 'SEM')"
set_baseline_fits () {}
using default fits file=/Users/jan/PychronDev/scripts/measurement/fits/nominal_linear.yaml
set "H1" to "('average', 'SEM')"
set "H2" to "('average', 'SEM')"
set "CDD" to "('average', 'SEM')"
set "L2" to "('average', 'SEM')"
set "L1" to "('average', 'SEM')"
set "AX" to "('average', 'SEM')"
multicollect () {'integration_time': 1, 'ncounts': 120}
build tables- signal [Detector(H2), Detector(H1), Detector(AX), Detector(L1), Detector(L2), Detector(CDD)]
GetIndicatorState R ===>> False
change switch state (True, True)
add group /signal/PM41 (Group) '' table H2
update switch state R False args=() kw={} ncanvase=2
add group /signal/Ar40 (Group) '' table H1
add group /signal/Ar39 (Group) '' table AX
add group /signal/Ar38 (Group) '' table L1
add group /signal/Ar37 (Group) '' table L2
04:05:41 -- CLOSE  VALVE-R (Jan Inlet)
add group /signal/Ar36 (Group) '' table CDD
---------------------------------------- close None (Jan Inlet) result=[(True, True)]
flush and close file /Users/jan/PychronDev/data/isotopes/7c/43d375-b170-408b-b7da-0bb042cfda39.h5
measuring signal. ncounts=120
action=close, ok=True, locked=[False]
is_closed ('F',) {}
is F () closed?
is closed True
open () {'description': 'CO2 Laser to Jan'}
opening name=--- desc=CO2 Laser to Jan
checking ownership. requestor=129.138.12.150
check software interlocks A
interlocks []
actuate state mode=None-script, software_lock=False
doing actuation None-script open_channel False
Open A ===>> OK
GetIndicatorState A ===>> OK
change switch state (True, True)
update switch state A True args=() kw={} ncanvase=2
04:05:42 -- OPEN   VALVE-A (CO2 Laser to Jan)
---------------------------------------- open None (CO2 Laser to Jan) result=[(True, True)], time=0.11 sec
"signal" increment series count="2" fit count="1" regressing="True"
starting measurement
GetData ===>> H2,0.40094573774408,H1,70.4385915683515,AX,11.6931427444915,L1,0.495296697535596,L2,0.17698899429...
action=open, ok=True, locked=[False]
sleep (1,) {}
SLEEP 1.0
GetData ===>> H2,0.271150269486976,H1,70.6067197493131,AX,11.5419191168971,L1,0.431818225070502,L2,0.1194194031...
close () {'description': 'CO2 Laser to Roughing'}
closing name=--- desc=CO2 Laser to Roughing
checking ownership. requestor=129.138.12.150
check software interlocks G
interlocks []
actuate state mode=None-script, software_lock=True
VALVE-G(CO2 Laser to Roughing) software locked
change switch state (True, False)
---------------------------------------- close None (CO2 Laser to Roughing) result=[(True, False)]
action=close, ok=True, locked=[True]
open () {'description': 'Microbone to Turbo'}
opening name=--- desc=Microbone to Turbo
checking ownership. requestor=129.138.12.150
check software interlocks U
interlocks []
actuate state mode=None-script, software_lock=False
doing actuation None-script open_channel True
Open U ===>> OK
GetIndicatorState U ===>> OK
change switch state (True, True)
update switch state U True args=() kw={} ncanvase=2
04:05:43 -- OPEN   VALVE-U (Microbone to Turbo)
---------------------------------------- open None (Microbone to Turbo) result=[(True, True)], time=0.18 sec
action=open, ok=True, locked=[False]
open () {'description': 'Microbone to Getter NP-10'}
opening name=--- desc=Microbone to Getter NP-10
checking ownership. requestor=129.138.12.150
check software interlocks M
interlocks []
actuate state mode=None-script, software_lock=False
doing actuation None-script open_channel False
Open M ===>> OK
GetIndicatorState M ===>> OK
change switch state (True, True)
update switch state M True args=() kw={} ncanvase=2
04:05:44 -- OPEN   VALVE-M (Microbone to Getter NP-10)
---------------------------------------- open None (Microbone to Getter NP-10) result=[(True, True)], time=0.13 sec
action=open, ok=True, locked=[False]
open () {'description': 'Microbone to Getter D-50'}
opening name=--- desc=Microbone to Getter D-50
checking ownership. requestor=129.138.12.150
check software interlocks K
interlocks []
actuate state mode=None-script, software_lock=False
doing actuation None-script open_channel False
GetData ===>> H2,0.0594949330829396,H1,70.5186448053418,AX,11.3629178654495,L1,0.428128190280824,L2,0.127229411...
Open K ===>> OK
GetIndicatorState K ===>> OK
change switch state (True, True)
update switch state K True args=() kw={} ncanvase=2
04:05:44 -- OPEN   VALVE-K (Microbone to Getter D-50)
---------------------------------------- open None (Microbone to Getter D-50) result=[(True, True)], time=0.41 sec
action=open, ok=True, locked=[False]
open () {'description': 'Microbone to CO2 Laser'}
opening name=--- desc=Microbone to CO2 Laser
checking ownership. requestor=129.138.12.150
check software interlocks T
interlocks []
actuate state mode=None-script, software_lock=False
doing actuation None-script open_channel False
Open T ===>> OK
GetIndicatorState T ===>> OK
change switch state (True, True)
update switch state T True args=() kw={} ncanvase=2
04:05:45 -- OPEN   VALVE-T (Microbone to CO2 Laser)
---------------------------------------- open None (Microbone to CO2 Laser) result=[(True, True)], time=0.44 sec
GetData ===>> H2,-0.0541460208602369,H1,70.454548601641,AX,11.3220576410858,L1,0.37623424853359,L2,0.0692201139...
action=open, ok=True, locked=[False]
open () {'description': 'Microbone to Inlet Pipette'}
opening name=--- desc=Microbone to Inlet Pipette
checking ownership. requestor=129.138.12.150
check software interlocks S
interlocks []
actuate state mode=None-script, software_lock=False
doing actuation None-script open_channel False
Open S ===>> OK
GetIndicatorState S ===>> OK
change switch state (True, True)
update switch state S True args=() kw={} ncanvase=2
04:05:46 -- OPEN   VALVE-S (Microbone to Inlet Pipette)
---------------------------------------- open None (Microbone to Inlet Pipette) result=[(True, True)], time=0.43 sec
action=open, ok=True, locked=[False]
sleep (1,) {}
SLEEP 1.0
testing H1>-5.0
evaluate ot="H1.bs>-5.0" t="H1>-5.0", ctx="{'H1': None}"
GetData ===>> H2,-0.104193348108434,H1,70.5335484981855,AX,11.4642303812958,L1,0.334646040970824,L2,0.127548666...
set_resource () {'name': 'CO2PumpTimeFlag', 'value': 30}
Set CO2PumpTimeFlag 30 ===>> OK
release ('JanCO2Flag',) {}
release JanCO2Flag
Set JanCO2Flag 0 ===>> OK
executed snippet estimated_duration=6.0, duration=5.96544098854
PumpMicrobone.py completed successfully
gosub finished
get_resource_value () {'name': 'JanMiniboneFlag'}
Read JanMiniboneFlag ===>> 0
Get Resource Value JanMiniboneFlag=0.0
get resource value 0.0
get_resource_value () {'name': 'JanMiniboneFlag'}
Read JanMiniboneFlag ===>> 0
Get Resource Value JanMiniboneFlag=0.0
executed snippet estimated_duration=4.0, duration=5.97938799858
jan_pump_extraction_line.py completed successfully
Post Equilibration Finished
04:05:47 -- ******* Post Equilibration Finished *******
GetData ===>> H2,-0.0633951600449479,H1,70.4882779644552,AX,11.2836118463229,L1,0.337204784856435,L2,0.15675357...
GetData ===>> H2,-0.0822144771300347,H1,70.4153495543619,AX,11.3561688743982,L1,0.358120887308632,L2,0.11630697...
GetData ===>> H2,-0.163176369379466,H1,70.2811691305503,AX,11.2810713941722,L1,0.385027377308962,L2,0.033788573...
GetData ===>> H2,-0.208658692060265,H1,70.4834727903243,AX,11.2340168626515,L1,0.377635493471456,L2,0.056377943...
testing H1>-5.0
evaluate ot="H1.bs>-5.0" t="H1>-5.0", ctx="{'H1': None}"
GetData ===>> H2,-0.232365901790421,H1,70.4312040138384,AX,11.1923912258577,L1,0.35537373940867,L2,0.0809145494...
GetData ===>> H2,-0.200229516774013,H1,70.3531593045578,AX,11.2743339767588,L1,0.345734623021638,L2,0.039569393...
GetData ===>> H2,-0.120770199790987,H1,70.2797835303974,AX,11.234765149767,L1,0.314818586698736,L2,0.0637340379...
GetData ===>> H2,-0.159847746586921,H1,70.3226953873819,AX,11.3045514862108,L1,0.301925151920561,L2,0.044928651...
GetData ===>> H2,-0.158072981768501,H1,70.3231144211853,AX,11.2088726708859,L1,0.330856077926403,L2,0.019959350...
testing H1>-5.0
evaluate ot="H1.bs>-5.0" t="H1>-5.0", ctx="{'H1': None}"
GetData ===>> H2,-0.109419922747523,H1,70.410333932127,AX,11.2299933792708,L1,0.312804019879288,L2,0.0804814864...
GetData ===>> H2,-0.140013270026745,H1,70.3314308990529,AX,11.2987331286488,L1,0.30591629838403,L2,0.1391451773...
GetData ===>> H2,-0.0860841077031646,H1,70.3019709507047,AX,11.2777701272838,L1,0.322527239184656,L2,-0.0403049...
GetData ===>> H2,-0.0733325098628703,H1,70.118347274006,AX,11.1637879584677,L1,0.282121353276232,L2,0.159570768...
GetData ===>> H2,-0.196545340175811,H1,70.3863711780226,AX,11.3029557014239,L1,0.331934250956103,L2,0.091445421...
testing H1>-5.0
evaluate ot="H1.bs>-5.0" t="H1>-5.0", ctx="{'H1': None}"
GetData ===>> H2,-0.109644683593697,H1,70.3654757666394,AX,11.2658422679933,L1,0.355144131224774,L2,0.001037190...
GetData ===>> H2,-0.089894506873522,H1,70.3101249768931,AX,11.2916386141998,L1,0.34197958107109,L2,0.1007235782...
GetData ===>> H2,-0.124174288505506,H1,70.2826675280876,AX,11.2867292017438,L1,0.313270759569184,L2,0.055191897...
GetData ===>> H2,-0.0899609035103421,H1,70.3766486059774,AX,11.1775920578502,L1,0.301019306578426,L2,-0.0742837...
GetData ===>> H2,-0.209791717397464,H1,70.3523855328594,AX,11.3031030035991,L1,0.304265104335252,L2,0.127799509...
testing H1>-5.0
evaluate ot="H1.bs>-5.0" t="H1>-5.0", ctx="{'H1': None}"
04:06:07 -- collecting point 25
GetData ===>> H2,-0.175505128941112,H1,70.3832269862435,AX,11.2175191269568,L1,0.335707530916255,L2,0.012036665...
GetData ===>> H2,-0.0570436270087138,H1,70.1219062317313,AX,11.4073127020475,L1,0.329314634118195,L2,-0.0183370...
GetData ===>> H2,-0.112506610503679,H1,70.0302123742243,AX,11.1967320647734,L1,0.320225631965719,L2,0.056651648...
GetData ===>> H2,-0.276460517346358,H1,70.1680684443058,AX,11.0875483776605,L1,0.311117597607963,L2,-0.00892393...
GetData ===>> H2,-0.184217185758115,H1,70.182100628667,AX,11.1324684962395,L1,0.32237247862128,L2,0.12114097064...
testing H1>-5.0
evaluate ot="H1.bs>-5.0" t="H1>-5.0", ctx="{'H1': None}"
GetData ===>> H2,-0.142798642122857,H1,70.2511711544181,AX,11.1971857788422,L1,0.346319108456839,L2,0.049136448...
GetData ===>> H2,-0.0471920143009999,H1,70.1111491256022,AX,11.3254462728289,L1,0.329407309307012,L2,0.09445445...
GetData ===>> H2,-0.0819299931014239,H1,70.1733686045372,AX,11.3381055173569,L1,0.333914043060049,L2,0.16057448...
GetData ===>> H2,-0.199419154788028,H1,70.321325478238,AX,11.2584432718854,L1,0.314509002532139,L2,0.0587386747...
GetData ===>> H2,-0.160747178798564,H1,70.1169462620563,AX,11.2375743417328,L1,0.298461016492866,L2,-0.00306591...
testing H1>-5.0
evaluate ot="H1.bs>-5.0" t="H1>-5.0", ctx="{'H1': None}"
GetData ===>> H2,-0.287576653268756,H1,70.1436323993879,AX,11.2251237026977,L1,0.309854181657902,L2,0.057233274...
GetData ===>> H2,-0.308913246420908,H1,70.1523463951402,AX,11.1913366994072,L1,0.343619040202943,L2,-0.00928862...
GetData ===>> H2,-0.249539137956292,H1,70.2279449520366,AX,11.3390264736404,L1,0.35147354153983,L2,0.1093414437...
GetData ===>> H2,-0.210202596277814,H1,70.1295075774298,AX,11.186603725373,L1,0.364513353629188,L2,0.0234250195...
GetData ===>> H2,-0.133185472681444,H1,70.0776916250428,AX,11.1667668392457,L1,0.324552746756805,L2,0.030698771...
testing H1>-5.0
evaluate ot="H1.bs>-5.0" t="H1>-5.0", ctx="{'H1': None}"
GetData ===>> H2,-0.16168164836606,H1,70.0515686648121,AX,11.2077934479167,L1,0.317764980548254,L2,0.0733263226...
GetData ===>> H2,-0.182834445874846,H1,70.0315007425347,AX,11.2712169965326,L1,0.325630255910358,L2,0.074170398...
GetData ===>> H2,-0.251596799144668,H1,70.0439019157196,AX,11.237868759302,L1,0.320823203537995,L2,0.1682509680...
GetData ===>> H2,-0.30498787041287,H1,69.8511745545425,AX,11.2220082118089,L1,0.321707156722233,L2,-0.034665339...
GetData ===>> H2,-0.320795099612413,H1,70.0145596805957,AX,11.2123802236755,L1,0.311054240342149,L2,0.020027751...
testing H1>-5.0
evaluate ot="H1.bs>-5.0" t="H1>-5.0", ctx="{'H1': None}"
GetData ===>> H2,-0.193673295961923,H1,69.9797502112418,AX,11.1596814123309,L1,0.294330121106682,L2,0.129293184...
GetData ===>> H2,-0.139190096101346,H1,70.0729103584523,AX,11.2878460725123,L1,0.307164612491367,L2,0.116534991...
GetData ===>> H2,-0.193038461698798,H1,70.0083280943127,AX,11.1984120430885,L1,0.324783109653231,L2,0.031029410...
GetData ===>> H2,-0.212690452094658,H1,70.0030145656014,AX,11.0949907873932,L1,0.307676160834738,L2,0.081381803...
GetData ===>> H2,-0.250738813472236,H1,69.9404433618068,AX,11.2037955159614,L1,0.324947657754452,L2,0.071067886...
testing H1>-5.0
evaluate ot="H1.bs>-5.0" t="H1>-5.0", ctx="{'H1': None}"
04:06:34 -- collecting point 50
GetData ===>> H2,-0.289615194251499,H1,69.9658901025885,AX,11.2547869161982,L1,0.324826988888167,L2,0.132976160...
GetData ===>> H2,-0.226580335431088,H1,69.9619464291215,AX,11.1218835846952,L1,0.340239012265412,L2,0.009129945...
GetData ===>> H2,-0.16900214370086,H1,69.918798895887,AX,11.1984856194078,L1,0.302104099187514,L2,0.21157248007...
GetData ===>> H2,-0.154310479858603,H1,70.0357363399363,AX,11.0047863325657,L1,0.306078266145613,L2,0.030550555...
GetData ===>> H2,-0.35104521821543,H1,69.8765741473205,AX,11.2199721545316,L1,0.315025793934918,L2,0.0914112283...
testing H1>-5.0
evaluate ot="H1.bs>-5.0" t="H1>-5.0", ctx="{'H1': None}"
GetData ===>> H2,-0.208571117004804,H1,69.7734924066976,AX,11.2067510273815,L1,0.336647102339747,L2,0.027107430...
GetData ===>> H2,-0.128814214397976,H1,69.83615917187,AX,11.14631760858,L1,0.358599789700012,L2,0.0017438549100...
GetData ===>> H2,-0.00574358271465438,H1,69.9469293306976,AX,11.134283862751,L1,0.281831917455812,L2,0.11498451...
GetData ===>> H2,-0.0693215619470946,H1,69.9843383653657,AX,11.177788221804,L1,0.321748585760472,L2,0.092505410...
GetData ===>> H2,-0.194301355960807,H1,69.9837105034931,AX,11.1851569010947,L1,0.340916024734459,L2,0.022535789...
testing H1>-5.0
evaluate ot="H1.bs>-5.0" t="H1>-5.0", ctx="{'H1': None}"
GetData ===>> H2,-0.157991935643895,H1,69.8457186114315,AX,11.2502350574975,L1,0.371320399566878,L2,0.140148678...
GetData ===>> H2,-0.127843664189892,H1,69.9245757783015,AX,10.9983059336638,L1,0.388503575873839,L2,0.010566196...
GetData ===>> H2,-0.163272230033566,H1,69.9011157694579,AX,11.2117915351414,L1,0.308325376894292,L2,0.124481584...
GetData ===>> H2,-0.200609733172588,H1,69.940507737139,AX,11.2262153733854,L1,0.304660830821036,L2,0.0877298515...
GetData ===>> H2,-0.143064845176143,H1,69.8742722129562,AX,11.0037205300201,L1,0.312637071167917,L2,0.114950312...
testing H1>-5.0
evaluate ot="H1.bs>-5.0" t="H1>-5.0", ctx="{'H1': None}"
GetData ===>> H2,-0.169574301015838,H1,69.8145161405658,AX,11.210454734097,L1,0.349034535543005,L2,0.0318275070...
GetData ===>> H2,-0.263344481230232,H1,69.787632121116,AX,11.1764273420738,L1,0.342291838767914,L2,0.0673267549...
GetData ===>> H2,-0.29142378845261,H1,69.7516342612901,AX,11.177334593228,L1,0.350014706907899,L2,-0.0469125790...
GetData ===>> H2,-0.194124801843888,H1,69.7849777955946,AX,11.226301235616,L1,0.330109716967118,L2,0.1705437671...
GetData ===>> H2,-0.206690110569387,H1,69.7218363262895,AX,11.1553959830659,L1,0.316026542093214,L2,0.068204995...
testing H1>-5.0
evaluate ot="H1.bs>-5.0" t="H1>-5.0", ctx="{'H1': None}"
GetData ===>> H2,-0.177281550680972,H1,69.7165303145,AX,11.0867146651275,L1,0.306950256985883,L2,-0.02729345461...
GetData ===>> H2,-0.100883965720031,H1,69.7191511366752,AX,11.2044577393598,L1,0.30597840601935,L2,0.0309952060...
GetData ===>> H2,-0.184517993629022,H1,69.5806310495462,AX,11.0132396405104,L1,0.282304991180796,L2,0.054473434...
GetData ===>> H2,-0.292586398760116,H1,69.6723464464792,AX,11.0375375808197,L1,0.278827641844435,L2,0.078213635...
GetData ===>> H2,-0.326533714357507,H1,69.6966908945486,AX,11.2048869605044,L1,0.321156410152968,L2,0.109033649...
testing H1>-5.0
evaluate ot="H1.bs>-5.0" t="H1>-5.0", ctx="{'H1': None}"
04:07:00 -- collecting point 75
GetData ===>> H2,-0.232598716223371,H1,69.7336067697862,AX,11.0762815692817,L1,0.312649257113039,L2,0.118256507...
GetData ===>> H2,-0.0778638031885292,H1,69.8054254930242,AX,11.023151722756,L1,0.33096828068484,L2,0.2100546978...
GetData ===>> H2,-0.153103782998128,H1,69.8810380108208,AX,11.0282735437746,L1,0.285005214464279,L2,0.090932527...
GetData ===>> H2,-0.262557840681008,H1,69.7825004721953,AX,11.009319179415,L1,0.331318312410763,L2,0.0648745684...
GetData ===>> H2,-0.235815908756995,H1,69.6011104627596,AX,11.0662908182435,L1,0.321908210976195,L2,0.137423286...
testing H1>-5.0
evaluate ot="H1.bs>-5.0" t="H1>-5.0", ctx="{'H1': None}"
GetData ===>> H2,-0.152983511658326,H1,69.790801293277,AX,11.0467166626351,L1,0.302724960934546,L2,0.0119226751...
GetData ===>> H2,-0.169791551294587,H1,69.8134702826972,AX,11.1114591856413,L1,0.317735719672439,L2,0.068855126...
GetData ===>> H2,-0.192685311300265,H1,69.5969468137743,AX,11.1083320718507,L1,0.331725681476643,L2,0.032739626...
GetData ===>> H2,-0.116631714656622,H1,69.567901301648,AX,11.1360133971219,L1,0.346693733570364,L2,0.0832166540...
GetData ===>> H2,-0.146888290939386,H1,69.6377689803726,AX,10.995121010149,L1,0.315273229251662,L2,0.0418042815...
testing H1>-5.0
evaluate ot="H1.bs>-5.0" t="H1>-5.0", ctx="{'H1': None}"
GetData ===>> H2,-0.190211601680176,H1,69.6404705283611,AX,11.0321702195914,L1,0.317633307266234,L2,0.071364445...
GetData ===>> H2,-0.186364482061837,H1,69.6772201692693,AX,11.1471886070766,L1,0.343529985459077,L2,0.085484623...
GetData ===>> H2,-0.228159612486985,H1,69.6847482454511,AX,11.1394848197857,L1,0.320229290460988,L2,0.159319841...
GetData ===>> H2,-0.207223722978609,H1,69.5767894965315,AX,11.1460354557182,L1,0.310719184406003,L2,0.123626467...
GetData ===>> H2,-0.190203512369438,H1,69.5940050079917,AX,11.1282613847996,L1,0.301089973202444,L2,0.016699001...
testing H1>-5.0
evaluate ot="H1.bs>-5.0" t="H1>-5.0", ctx="{'H1': None}"
GetData ===>> H2,-0.193046548983425,H1,69.5329810283832,AX,11.0816021933659,L1,0.309717737201867,L2,0.002233963...
GetData ===>> H2,-0.198423988615649,H1,69.4990002278089,AX,11.0543154541878,L1,0.315710826559578,L2,0.193794255...
GetData ===>> H2,-0.2455949114053,H1,69.5005436479178,AX,11.1428827567889,L1,0.348177725317043,L2,0.13702417653...
GetData ===>> H2,-0.366737801169601,H1,69.520882370899,AX,11.1723325512287,L1,0.336667847097289,L2,-0.026040063...
GetData ===>> H2,-0.307400964456234,H1,69.4507507885473,AX,11.0791012205839,L1,0.32829160457301,L2,0.0568227142...
testing H1>-5.0
evaluate ot="H1.bs>-5.0" t="H1>-5.0", ctx="{'H1': None}"
GetData ===>> H2,-0.166089630986103,H1,69.5507534017012,AX,11.0110343627553,L1,0.31333656792296,L2,0.0237784336...
GetData ===>> H2,-0.152113383010092,H1,69.4709035179156,AX,11.0887866984511,L1,0.335627000234784,L2,0.065102676...
GetData ===>> H2,-0.208183083984134,H1,69.3984705911373,AX,10.9920709258621,L1,0.310368301230892,L2,0.055112067...
GetData ===>> H2,-0.306876247739203,H1,69.3133778952452,AX,11.0696740804966,L1,0.302979403407409,L2,0.152145886...
GetData ===>> H2,-0.207478392752919,H1,69.5363392811348,AX,11.1374362982564,L1,0.292520944651073,L2,0.099127762...
testing H1>-5.0
evaluate ot="H1.bs>-5.0" t="H1>-5.0", ctx="{'H1': None}"
04:07:26 -- collecting point 100
GetData ===>> H2,-0.234409929382816,H1,69.4890660537948,AX,11.1041136846069,L1,0.342876127766896,L2,0.069505261...
GetData ===>> H2,-0.191768686324369,H1,69.6042774941761,AX,11.0709612203535,L1,0.321141516113281,L2,0.097338200...
GetData ===>> H2,-0.237926567371303,H1,69.3955149716433,AX,11.1059040255108,L1,0.368621229273801,L2,0.073634295...
GetData ===>> H2,-0.209491294866008,H1,69.3833879723079,AX,11.0372189625163,L1,0.300122613923782,L2,0.043856775...
GetData ===>> H2,-0.183077280713448,H1,69.3705072421159,AX,10.9513679805407,L1,0.27777141195872,L2,0.0286009557...
testing H1>-5.0
evaluate ot="H1.bs>-5.0" t="H1>-5.0", ctx="{'H1': None}"
GetData ===>> H2,-0.180130532830562,H1,69.3410885449744,AX,11.0366062377837,L1,0.327234540825515,L2,0.093018313...
GetData ===>> H2,-0.187520238640642,H1,69.5406135419439,AX,10.9916422064067,L1,0.332505094421571,L2,-0.00466152...
GetData ===>> H2,-0.166235409384759,H1,69.387676468573,AX,11.0739278325934,L1,0.344332726049151,L2,0.0652395410...
GetData ===>> H2,-0.0955232932450025,H1,69.2223828650797,AX,10.9556942016448,L1,0.342629722078473,L2,0.02140716...
GetData ===>> H2,-0.0888659869907309,H1,69.3601489443736,AX,10.9758788206848,L1,0.315414623548878,L2,0.06932276...
testing H1>-5.0
evaluate ot="H1.bs>-5.0" t="H1>-5.0", ctx="{'H1': None}"
GetData ===>> H2,-0.073762267258545,H1,69.4009604295884,AX,11.0014174541954,L1,0.27691482649468,L2,0.0651825139...
GetData ===>> H2,-0.108780222594071,H1,69.2215801823553,AX,11.0660088847448,L1,0.286501591543079,L2,0.095195329...
GetData ===>> H2,-0.142663511278553,H1,69.3833076646905,AX,11.0114754145233,L1,0.312823517716744,L2,-0.04856441...
GetData ===>> H2,-0.150093317600069,H1,69.4813024758195,AX,10.9488311593494,L1,0.304126299289349,L2,0.106069755...
GetData ===>> H2,-0.187601150667247,H1,69.1632860986479,AX,11.0311041332364,L1,0.324647816530006,L2,0.072197097...
testing H1>-5.0
evaluate ot="H1.bs>-5.0" t="H1>-5.0", ctx="{'H1': None}"
GetData ===>> H2,-0.127390802476934,H1,69.2395774775543,AX,11.0110221113442,L1,0.289288113523409,L2,-0.01187560...
GetData ===>> H2,-0.0383654757921038,H1,69.1731391085641,AX,10.9941288041281,L1,0.296754627611476,L2,0.14936313...
GetData ===>> H2,-0.0584243427693288,H1,69.2677100912189,AX,10.9587214391105,L1,0.333244310824815,L2,0.15905750...
GetData ===>> H2,-0.133551979628306,H1,69.2302172996176,AX,10.9827129988958,L1,0.32367644005865,L2,0.0357268767...
GetData ===>> H2,-0.135026002398505,H1,69.2787431477092,AX,11.0458097475912,L1,0.330764609196408,L2,0.083524365...
testing H1>-5.0
evaluate ot="H1.bs>-5.0" t="H1>-5.0", ctx="{'H1': None}"
GetData ===>> H2,-0.138823771256373,H1,69.2214356999729,AX,10.9409514811028,L1,0.299669424195804,L2,0.028213320...
measurement finished
estimated time: 125.829 actual time: :126.176
flush and close file /Users/jan/PychronDev/data/isotopes/7c/43d375-b170-408b-b7da-0bb042cfda39.h5
baselines () {'settling_time': 15.0, 'detector': 'H1', 'mass': 34.2, 'ncounts': 60}
%%%%%%%%%%%%%%%%%%%%%%%%%%%%%%%% Baseline
build tables- baseline [Detector(H2), Detector(H1), Detector(AX), Detector(L1), Detector(L2), Detector(CDD)]
add group baseline table H2
add group baseline table H1
add group baseline table AX
add group baseline table L1
add group baseline table L2
add group baseline table CDD
flush and close file /Users/jan/PychronDev/data/isotopes/7c/43d375-b170-408b-b7da-0bb042cfda39.h5
detector Detector(H1)
POSITION 34.2 H1
Mapping mass to dac mass func: "parabolic"
H1 map mass coeffs = [-0.00063987  0.15840543  0.57090999]
H1 map mass to dac 34.2 >> 5.23995599104
GetDeflection H1 ===>> 0
GetHighVoltage ===>> 4499.94659342336
positioning 34.2 (5.23992513343) on H1
setting magnet DAC
current  : 5.879265
requested: 5.239925
Delta Dac: 0.639340
Checking detector protection. dv=0.63934
Checking detector "CDD". Protection Threshold: 0.1 (V)
ProtectDetector CDD,On ===>> OK
GetDeflection CDD ===>> 2000
Protected = 2000
SetMagnetDAC 5.23992513343 ===>> OK
Magnet settling time: 0.500
GetMagnetMoving ===>> True
GetMagnetMoving ===>> True
GetMagnetMoving ===>> True
GetMagnetMoving ===>> True
GetMagnetMoving ===>> True
GetMagnetMoving ===>> True
GetMagnetMoving ===>> True
GetMagnetMoving ===>> True
GetMagnetMoving ===>> False
ProtectDetector CDD,Off ===>> OK
GetDeflection CDD ===>> 50
Delaying 15.0s for detectors to settle
Join finished
measuring baseline. ncounts=60
"baseline" increment series count="2" fit count="1" regressing="True"
starting measurement
GetData ===>> H2,-0.32699231300115,H1,-0.0105349705971534,AX,-0.107189759012322,L1,-0.0113243370111893,L2,-0.01...
GetData ===>> H2,-0.158029757240831,H1,-0.100533890387999,AX,0.000812462828148027,L1,-0.0191676340364877,L2,-0....
GetData ===>> H2,-0.225151660244633,H1,-0.111794449386404,AX,-0.0780531413492571,L1,-0.00997918140526743,L2,0.0...
GetData ===>> H2,-0.280344021177704,H1,-0.0651829926147094,AX,-0.0422636616664063,L1,-0.040746347499921,L2,-0.0...
testing H1>-5.0
evaluate ot="H1.bs>-5.0" t="H1>-5.0", ctx="{'H1': None}"
GetData ===>> H2,-0.232232670563348,H1,-0.010177150119106,AX,-0.0387732801285535,L1,-0.0508722259421359,L2,-0.0...
GetData ===>> H2,-0.133381575656961,H1,-0.0506981517403247,AX,-0.128138623987929,L1,-0.0563655618969103,L2,-0.0...
GetData ===>> H2,-0.261473934959939,H1,-0.05236729378002,AX,-0.063933694318894,L1,-0.045331130879532,L2,-0.0021...
GetData ===>> H2,-0.201953870971429,H1,-0.0314771674438273,AX,-0.157898326089192,L1,-0.0510564776734784,L2,0.01...
GetData ===>> H2,-0.110343309391267,H1,0.0252892048713928,AX,-0.142884245319212,L1,-0.0297041814536692,L2,-0.01...
testing H1>-5.0
evaluate ot="H1.bs>-5.0" t="H1>-5.0", ctx="{'H1': None}"
GetData ===>> H2,-0.124126960142058,H1,-0.0379163698985828,AX,-0.0885544555332064,L1,-0.0253660234490492,L2,0.0...
GetData ===>> H2,-0.157059863554862,H1,-0.0743377612525851,AX,-0.0560848070245288,L1,-0.0210691512620663,L2,-0....
GetData ===>> H2,-0.0732145609875704,H1,0.00803760192955596,AX,-0.0856220834001326,L1,0.023826131922308,L2,-0.0...
GetData ===>> H2,-0.140302515646262,H1,-0.0458217130230974,AX,-0.0878938102355307,L1,-0.0290453716026406,L2,-0....
GetData ===>> H2,-0.202107553584264,H1,-0.120297134571134,AX,-0.0376136572299432,L1,-0.0380428716245638,L2,-0.1...
testing H1>-5.0
evaluate ot="H1.bs>-5.0" t="H1>-5.0", ctx="{'H1': None}"
GetData ===>> H2,-0.136739144184215,H1,-0.0823951718768477,AX,-0.0762564453583019,L1,0.00774415414638632,L2,-0....
GetData ===>> H2,-0.0441082348995512,H1,-0.0350784020977322,AX,-0.138582486954604,L1,-0.00591624769411709,L2,0....
GetData ===>> H2,-0.117566692330798,H1,-0.0389418342687574,AX,-0.0189650233809918,L1,-0.0194949699879906,L2,0.0...
GetData ===>> H2,-0.168699860245416,H1,-0.020791947076426,AX,-0.0323951831904821,L1,-0.0126812993566477,L2,-0.0...
GetData ===>> H2,-0.233593170098156,H1,0.0524969430204748,AX,-0.147800307648013,L1,-0.00809782004409907,L2,-0.0...
testing H1>-5.0
evaluate ot="H1.bs>-5.0" t="H1>-5.0", ctx="{'H1': None}"
GetData ===>> H2,-0.237181357559662,H1,0.018381048472116,AX,-0.0303077152242984,L1,-0.0359749464793006,L2,-0.05...
GetData ===>> H2,-0.205027126578782,H1,-0.0289967715276561,AX,-0.030075771575347,L1,-0.0423810166216373,L2,-0.0...
GetData ===>> H2,-0.139022480297206,H1,-0.0835512855575925,AX,-0.207318276590399,L1,-0.0156358052037474,L2,-0.0...
GetData ===>> H2,-0.113173928745185,H1,-0.0508889122395882,AX,-0.0662059275664718,L1,-0.0200824693423309,L2,-0....
GetData ===>> H2,-0.132556567861993,H1,-0.0583044448253965,AX,-0.124408016912196,L1,-0.000354037904547461,L2,-0...
testing H1>-5.0
evaluate ot="H1.bs>-5.0" t="H1>-5.0", ctx="{'H1': None}"
04:08:32 -- collecting point 25
GetData ===>> H2,-0.151790682813453,H1,0.035670232589813,AX,-0.18111631338841,L1,-0.0186808070261225,L2,-0.0071...
GetData ===>> H2,-0.241151297891816,H1,0.0419948345909084,AX,-0.0898177822957342,L1,-0.0150900300677498,L2,-0.0...
GetData ===>> H2,-0.285107886668593,H1,-0.0781877588107658,AX,-0.134686390675264,L1,-0.00292196264747675,L2,-0....
GetData ===>> H2,-0.223085753906781,H1,-0.0120616569317054,AX,-0.0936540226614641,L1,0.0219166159565348,L2,-0.0...
GetData ===>> H2,-0.283455471999663,H1,0.0268283927363779,AX,0.0111261890076817,L1,-0.0149064990306047,L2,0.077...
testing H1>-5.0
evaluate ot="H1.bs>-5.0" t="H1>-5.0", ctx="{'H1': None}"
GetData ===>> H2,-0.245442872364551,H1,-0.0270648821249385,AX,-0.151011846262143,L1,-0.00529251174288788,L2,0.0...
GetData ===>> H2,-0.147435357078064,H1,-0.0857681259718966,AX,-0.0524557869178004,L1,0.0203426488234261,L2,0.00...
GetData ===>> H2,-0.262928980492648,H1,-0.0389418342687574,AX,-0.0722108600303459,L1,0.0189106724028688,L2,-0.0...
GetData ===>> H2,-0.073775824010036,H1,-0.0904757693273027,AX,0.0534455463120654,L1,-0.000328835398123629,L2,-0...
GetData ===>> H2,-0.105855120126341,H1,-0.0315010171061612,AX,-0.232459033356249,L1,-0.022170811735253,L2,0.014...
testing H1>-5.0
evaluate ot="H1.bs>-5.0" t="H1>-5.0", ctx="{'H1': None}"
GetData ===>> H2,-0.190723912915422,H1,-0.0476101655730641,AX,-0.153179864721176,L1,-0.0158097273239958,L2,0.00...
GetData ===>> H2,-0.191295517026373,H1,-0.0323476764377826,AX,-0.0759086939150887,L1,0.0168459571908314,L2,-0.0...
GetData ===>> H2,-0.134751497072539,H1,-0.045416326001768,AX,-0.00308535386229072,L1,-0.00271439306066007,L2,-0...
GetData ===>> H2,-0.0764610979200514,H1,0.00237123025190757,AX,0.0140731686359731,L1,-0.0310468220833824,L2,-0....
GetData ===>> H2,-0.226558792189061,H1,-0.0425308768213782,AX,-0.107780745688173,L1,-0.0511892803968942,L2,0.03...
testing H1>-5.0
evaluate ot="H1.bs>-5.0" t="H1>-5.0", ctx="{'H1': None}"
GetData ===>> H2,-0.275709713449243,H1,-0.198951376770817,AX,-0.0633772209455454,L1,-0.00507419503005725,L2,-0....
GetData ===>> H2,-0.0974097692162286,H1,-0.0767216781337286,AX,-0.0293683400320669,L1,0.00890093069614198,L2,-0...
GetData ===>> H2,-0.139004907529136,H1,-0.0113818072992487,AX,-0.10133763834202,L1,-0.0115916682696931,L2,-0.15...
GetData ===>> H2,-0.271457796586308,H1,-0.0782473551319328,AX,-0.0529311614715328,L1,-0.0277803356837929,L2,-0....
GetData ===>> H2,-0.275948794176414,H1,0.000653488299762373,AX,-0.0848107395329328,L1,-0.0338536911968157,L2,-0...
testing H1>-5.0
evaluate ot="H1.bs>-5.0" t="H1>-5.0", ctx="{'H1': None}"
GetData ===>> H2,-0.232770968900526,H1,-0.0517830972328824,AX,-0.0827475775089547,L1,-0.0151644011689683,L2,0.0...
GetData ===>> H2,-0.213324787948099,H1,-0.0638836151301668,AX,-0.0116924794904056,L1,-0.0243629848925346,L2,-0....
GetData ===>> H2,-0.146619475931607,H1,-0.00636031876066741,AX,-0.0648495498170742,L1,-0.0369658304435259,L2,0....
GetData ===>> H2,-0.24235321083695,H1,-0.00331867706930815,AX,-0.0805105040821068,L1,-0.0160280253169089,L2,-0....
GetData ===>> H2,-0.226372980021718,H1,0.0534875396439151,AX,-0.0164133154768491,L1,-0.0175331930035953,L2,-0.0...
testing H1>-5.0
evaluate ot="H1.bs>-5.0" t="H1>-5.0", ctx="{'H1': None}"
04:08:58 -- collecting point 50
GetData ===>> H2,-0.166713225430604,H1,-0.0703922540311595,AX,-0.100827733928451,L1,-0.0103796297637439,L2,-7.9...
GetData ===>> H2,-0.275541816650058,H1,0.014002550225878,AX,-0.10699276265591,L1,-0.022211567262177,L2,-0.14714...
GetData ===>> H2,-0.271776242106512,H1,-0.0437828381293357,AX,-0.149562609114012,L1,-0.0574822750189571,L2,-0.0...
GetData ===>> H2,-0.203909798228562,H1,-0.0550736292082686,AX,-0.128405090447411,L1,-0.010288511178154,L2,0.032...
GetData ===>> H2,-0.185552549815744,H1,-0.0420420114873864,AX,-0.137562095869492,L1,0.00332739635695817,L2,-0.0...
testing H1>-5.0
evaluate ot="H1.bs>-5.0" t="H1>-5.0", ctx="{'H1': None}"
GetData ===>> H2,-0.213852700632333,H1,-0.0827765716810312,AX,-0.0960066873927769,L1,-0.0109455056681665,L2,0.1...
GetData ===>> H2,-0.283898826544104,H1,-0.00564464667782689,AX,-0.0445827828356853,L1,-0.0133944703471322,L2,-0...
GetData ===>> H2,-0.241357233827519,H1,-0.00192306936062074,AX,-0.102902101114143,L1,-0.0245115895092462,L2,-0....
GetData ===>> H2,-0.0703278217092864,H1,-0.000539370713536869,AX,0.0239473608293622,L1,-0.0193570825154774,L2,-...
GetData ===>> H2,-0.114745288009238,H1,-0.0782592743919118,AX,-0.0783661108063964,L1,-0.0311366444514884,L2,-0....
testing H1>-5.0
evaluate ot="H1.bs>-5.0" t="H1>-5.0", ctx="{'H1': None}"
GetData ===>> H2,-0.154696920006611,H1,-0.0553955232655444,AX,-0.153249426010663,L1,-0.0689820989316646,L2,-0.0...
measurement finished
estimated time: 62.915 actual time: :63.202
flush and close file /Users/jan/PychronDev/data/isotopes/7c/43d375-b170-408b-b7da-0bb042cfda39.h5
activate_detectors ('H1', 'AX', 'CDD') {'peak_center': True}
peak_center () {'detector': 'H1', 'integration_time': 0.262144, 'isotope': 'Ar40'}
peak center: mean=69.2660299246 threshold=3
peak center started
setup peak center. detector=['H1', 'AX', 'CDD'], isotope=Ar40
VersionedUnpickler [<apptools.sweet_pickle.versioned_unpickler.VersionedUnpickler object at 0x1a7d9be90>] using Updater [<apptools.sweet_pickle.updater.Updater object at 0x135230b30>]
VersionedUnpickler [<apptools.sweet_pickle.versioned_unpickler.VersionedUnpickler object at 0x1a7d9be90>] using Updater [<apptools.sweet_pickle.updater.Updater object at 0x135230b30>]
VersionedUnpickler [<apptools.sweet_pickle.versioned_unpickler.VersionedUnpickler object at 0x16f80a290>] using Updater [<apptools.sweet_pickle.updater.Updater object at 0x135230b30>]
setting integration time = 0.524288
SetIntegrationTime 0.524288 ===>> OK
Mapping mass to dac mass func: "parabolic"
H1 map mass coeffs = [-0.00063987  0.15840543  0.57090999]
H1 map mass to dac 39.9624 >> 5.8793
GetDeflection H1 ===>> 0
GetHighVoltage ===>> 4499.94659342336
do peak center. <pychron.spectrometer.jobs.peak_center.PeakCenter object at 0x1352309b0>
doing pc
starting peak center. center dac= 5.87926537735 step_width=0.001
width = 0.001
get scan parameters. half-width=0.015,window=0.015, i=0, scalar=1
Scan parameters center=5.87927 width=0.03000 (5.86427 - 5.89427)
GetData ===>> H2,-0.163490951306813,H1,-0.123874753585329,AX,-0.190133088604741,L1,-0.0478471429052215,L2,-0.08...
Moving to starting dac 5.86426537735
setting magnet DAC
current  : 5.239925
requested: 5.864265
Delta Dac: 0.624340
Checking detector protection. dv=0.62434
Checking detector "CDD". Protection Threshold: 0.1 (V)
ProtectDetector CDD,On ===>> OK
GetDeflection CDD ===>> 2000
Protected = 2000
SetMagnetDAC 5.86426537735 ===>> OK
Magnet settling time: 0.500
GetMagnetMoving ===>> True
GetMagnetMoving ===>> True
GetMagnetMoving ===>> True
GetMagnetMoving ===>> True
GetMagnetMoving ===>> True
GetMagnetMoving ===>> True
GetMagnetMoving ===>> True
GetMagnetMoving ===>> True
GetMagnetMoving ===>> False
ProtectDetector CDD,Off ===>> OK
GetDeflection CDD ===>> 50
Wait until signal near baseline. tol= -0.092906065189. timeout= 10
GetData ===>> H2,-0.0849126574577041,H1,0.19154450544765,AX,0.0689333736988773,L1,0.0242775876864742,L2,0.17989...
GetData ===>> H2,3.63245880964678,H1,1.70923275205859,AX,-0.0267821121051283,L1,0.00527161409794677,L2,0.007151...
GetData ===>> H2,4.43755683999124,H1,2.12466178310755,AX,0.135998661593519,L1,-0.00183727432699401,L2,-0.014892...
GetData ===>> H2,2.37923579149202,H1,1.04621144716466,AX,-0.0288232663192633,L1,-0.000202821919879616,L2,-0.133...
GetData ===>> H2,0.961993738947878,H1,0.487315976133629,AX,-0.132401999749397,L1,-0.0105594666567476,L2,-0.1151...
GetData ===>> H2,0.257034569362452,H1,0.280548253316826,AX,-0.00963936635394402,L1,-0.0424456793832516,L2,-0.11...
GetData ===>> H2,-0.0733514900274339,H1,0.23359005948469,AX,-0.0437595011477887,L1,-0.010288511178154,L2,0.0865...
GetData ===>> H2,-0.193753889839958,H1,0.209534597910533,AX,-0.0615686605044177,L1,0.0150460249541676,L2,-0.027...
GetData ===>> H2,-0.125054560096152,H1,0.0977572767691949,AX,-0.173705361628076,L1,0.00687525247108196,L2,-0.16...
GetData ===>> H2,-0.0475373114049104,H1,0.145868003353233,AX,-0.169582763003899,L1,-0.0159770448574164,L2,-0.06...
GetData ===>> H2,-0.119355248404568,H1,0.119592581938899,AX,-0.0837096191773199,L1,-0.00640321466926231,L2,-0.0...
GetData ===>> H2,-0.213660123095742,H1,-0.0667684487101415,AX,-0.170717653091031,L1,-0.0282995561586539,L2,-0.0...
GetData ===>> H2,-0.199761644306809,H1,0.036398138135252,AX,-0.074946575112932,L1,-0.0652767294007269,L2,-0.102...
GetData ===>> H2,-0.156220933136031,H1,-0.0158067107222547,AX,-0.137151736386572,L1,-0.0497714309040106,L2,0.00...
GetData ===>> H2,-0.0860719198248294,H1,0.0192877913905544,AX,-0.102693507531386,L1,-0.028222961325885,L2,0.005...
GetData ===>> H2,-0.0742353883289665,H1,0.0853876388504428,AX,-0.0474236309534729,L1,-0.00220444960618158,L2,0....
GetData ===>> H2,-0.190018041035284,H1,0.0449186064002795,AX,-0.00432659010174939,L1,-0.000145215233196498,L2,-...
GetData ===>> H2,-0.23973656455836,H1,0.031625083444742,AX,-0.0033289622231094,L1,-0.00497583100802919,L2,-0.03...
GetData ===>> H2,-0.147936576034082,H1,0.07645098991802,AX,-0.0210527346359108,L1,-0.0221892857142882,L2,-0.129...
GetData ===>> H2,-0.0778028195998436,H1,0.0921561917073933,AX,-0.0547514767061171,L1,-0.047792089442105,L2,0.00...
GetData ===>> H2,-0.169933234014358,H1,0.056399711773847,AX,-0.215292143478224,L1,-0.0766950884909013,L2,-0.028...
Peak center failed to move to a baseline position
_do_sweep sm= 5.86426537735, em= 5.89426537735, stm= 0.001
calculated step values: start=5.86426537735, end=5.89426537735, width=0.001, nsteps=31.0
setting magnet DAC
current  : 5.864265
requested: 5.864265
Delta Dac: 0.000000
Checking detector protection. dv=0.00000
Checking detector "CDD". Protection Threshold: 0.1 (V)
SetMagnetDAC 5.86426537735 ===>> OK
GetData ===>> H2,-0.169933234014358,H1,0.056399711773847,AX,-0.215292143478224,L1,-0.0766950884909013,L2,-0.028...
setting magnet DAC
current  : 5.864265
requested: 5.865300
Delta Dac: 0.001034
Checking detector protection. dv=0.00103
Checking detector "CDD". Protection Threshold: 0.1 (V)
SetMagnetDAC 5.86529986011 ===>> OK
Magnet settling time: 1.049
GetData ===>> H2,-0.114075355222433,H1,0.147966519321918,AX,-0.185331074837733,L1,-0.0377793127015865,L2,-0.165...
setting magnet DAC
current  : 5.865300
requested: 5.866334
Delta Dac: 0.001034
Checking detector protection. dv=0.00103
Checking detector "CDD". Protection Threshold: 0.1 (V)
SetMagnetDAC 5.86633434287 ===>> OK
Magnet settling time: 1.049
GetData ===>> H2,-0.264221009899376,H1,0.534112646070573,AX,-0.121302930499384,L1,0.00297323837682172,L2,-0.054...
setting magnet DAC
current  : 5.866334
requested: 5.867369
Delta Dac: 0.001034
Checking detector protection. dv=0.00103
Checking detector "CDD". Protection Threshold: 0.1 (V)
SetMagnetDAC 5.86736882563 ===>> OK
Magnet settling time: 1.049
GetData ===>> H2,-0.136239285084505,H1,1.6608571683278,AX,0.145924444820378,L1,0.00333820137245316,L2,-0.166943...
setting magnet DAC
current  : 5.867369
requested: 5.868403
Delta Dac: 0.001034
Checking detector protection. dv=0.00103
Checking detector "CDD". Protection Threshold: 0.1 (V)
SetMagnetDAC 5.86840330839 ===>> OK
Magnet settling time: 1.049
GetData ===>> H2,-0.11176073782849,H1,5.91938350873484,AX,0.508991551035347,L1,0.0157802079514188,L2,-0.0486319...
setting magnet DAC
current  : 5.868403
requested: 5.869438
Delta Dac: 0.001034
Checking detector protection. dv=0.00103
Checking detector "CDD". Protection Threshold: 0.1 (V)
SetMagnetDAC 5.86943779115 ===>> OK
Magnet settling time: 1.049
GetData ===>> H2,-0.31516367947464,H1,15.8901147228421,AX,1.67989276082426,L1,-0.0244714942072623,L2,-0.0368177...
setting magnet DAC
current  : 5.869438
requested: 5.870472
Delta Dac: 0.001034
Checking detector protection. dv=0.00103
Checking detector "CDD". Protection Threshold: 0.1 (V)
SetMagnetDAC 5.87047227391 ===>> OK
Magnet settling time: 1.049
GetData ===>> H2,-0.371881734289151,H1,31.5493238460954,AX,3.84444728060834,L1,0.0182806702280376,L2,-0.0316500...
setting magnet DAC
current  : 5.870472
requested: 5.871507
Delta Dac: 0.001034
Checking detector protection. dv=0.00103
Checking detector "CDD". Protection Threshold: 0.1 (V)
SetMagnetDAC 5.87150675666 ===>> OK
Magnet settling time: 1.049
GetData ===>> H2,-0.144740730399027,H1,48.0906478500369,AX,6.32425276625327,L1,0.0973895267264578,L2,0.03154659...
setting magnet DAC
current  : 5.871507
requested: 5.872541
Delta Dac: 0.001034
Checking detector protection. dv=0.00103
Checking detector "CDD". Protection Threshold: 0.1 (V)
SetMagnetDAC 5.87254123942 ===>> OK
Magnet settling time: 1.049
GetData ===>> H2,-0.133780564111765,H1,59.6336202845478,AX,8.50368940546644,L1,0.112498203017053,L2,0.015373396...
setting magnet DAC
current  : 5.872541
requested: 5.873576
Delta Dac: 0.001034
Checking detector protection. dv=0.00103
Checking detector "CDD". Protection Threshold: 0.1 (V)
SetMagnetDAC 5.87357572218 ===>> OK
Magnet settling time: 1.049
GetData ===>> H2,-0.237770081232672,H1,66.4058634934594,AX,10.1880636008148,L1,0.221708035063015,L2,0.056107758...
setting magnet DAC
current  : 5.873576
requested: 5.874610
Delta Dac: 0.001034
Checking detector protection. dv=0.00103
Checking detector "CDD". Protection Threshold: 0.1 (V)
SetMagnetDAC 5.87461020494 ===>> OK
Magnet settling time: 1.049
GetData ===>> H2,-0.0818866425293488,H1,67.2247829108135,AX,10.3854130705927,L1,0.277436799707641,L2,0.04649215...
setting magnet DAC
current  : 5.874610
requested: 5.875645
Delta Dac: 0.001034
Checking detector protection. dv=0.00103
Checking detector "CDD". Protection Threshold: 0.1 (V)
SetMagnetDAC 5.8756446877 ===>> OK
Magnet settling time: 1.049
GetData ===>> H2,-0.139072907911383,H1,67.2702522095408,AX,10.3194166982087,L1,0.281611111899216,L2,0.154164576...
setting magnet DAC
current  : 5.875645
requested: 5.876679
Delta Dac: 0.001034
Checking detector protection. dv=0.00103
Checking detector "CDD". Protection Threshold: 0.1 (V)
SetMagnetDAC 5.87667917046 ===>> OK
Magnet settling time: 1.049
GetData ===>> H2,-0.231417320180612,H1,67.4407085520881,AX,10.5620412223134,L1,0.299723261413836,L2,-0.07389445...
setting magnet DAC
current  : 5.876679
requested: 5.877714
Delta Dac: 0.001034
Checking detector protection. dv=0.00103
Checking detector "CDD". Protection Threshold: 0.1 (V)
SetMagnetDAC 5.87771365322 ===>> OK
Magnet settling time: 1.049
GetData ===>> H2,-0.0993760103493299,H1,67.651263964825,AX,10.5994655702583,L1,0.333007460748785,L2,-0.11736721...
setting magnet DAC
current  : 5.877714
requested: 5.878748
Delta Dac: 0.001034
Checking detector protection. dv=0.00103
Checking detector "CDD". Protection Threshold: 0.1 (V)
SetMagnetDAC 5.87874813597 ===>> OK
Magnet settling time: 1.049
GetData ===>> H2,-0.210077313479987,H1,67.4674965344065,AX,10.6138669464834,L1,0.32968590616517,L2,0.0990251751...
setting magnet DAC
current  : 5.878748
requested: 5.879783
Delta Dac: 0.001034
Checking detector protection. dv=0.00103
Checking detector "CDD". Protection Threshold: 0.1 (V)
SetMagnetDAC 5.87978261873 ===>> OK
Magnet settling time: 1.049
GetData ===>> H2,-0.228980654456528,H1,67.588044999454,AX,10.6724223757447,L1,0.248417201483002,L2,0.1859217697...
setting magnet DAC
current  : 5.879783
requested: 5.880817
Delta Dac: 0.001034
Checking detector protection. dv=0.00103
Checking detector "CDD". Protection Threshold: 0.1 (V)
SetMagnetDAC 5.88081710149 ===>> OK
Magnet settling time: 1.049
GetData ===>> H2,-0.210626930925665,H1,67.6252744863806,AX,10.5959694458739,L1,0.288736724852221,L2,0.052803709...
setting magnet DAC
current  : 5.880817
requested: 5.881852
Delta Dac: 0.001034
Checking detector protection. dv=0.00103
Checking detector "CDD". Protection Threshold: 0.1 (V)
SetMagnetDAC 5.88185158425 ===>> OK
Magnet settling time: 1.049
GetData ===>> H2,-0.0873095998760448,H1,67.3584965604131,AX,10.6362921266621,L1,0.324631316288148,L2,0.04444155...
setting magnet DAC
current  : 5.881852
requested: 5.882886
Delta Dac: 0.001034
Checking detector protection. dv=0.00103
Checking detector "CDD". Protection Threshold: 0.1 (V)
SetMagnetDAC 5.88288606701 ===>> OK
Magnet settling time: 1.049
GetData ===>> H2,-0.292799844199918,H1,67.3259317587365,AX,10.4738754226429,L1,0.312717498674046,L2,0.124538592...
setting magnet DAC
current  : 5.882886
requested: 5.883921
Delta Dac: 0.001034
Checking detector protection. dv=0.00103
Checking detector "CDD". Protection Threshold: 0.1 (V)
SetMagnetDAC 5.88392054977 ===>> OK
Magnet settling time: 1.049
GetData ===>> H2,-0.190071919284438,H1,66.8579834407859,AX,10.4015704509443,L1,0.277621747668932,L2,-0.09000433...
setting magnet DAC
current  : 5.883921
requested: 5.884955
Delta Dac: 0.001034
Checking detector protection. dv=0.00103
Checking detector "CDD". Protection Threshold: 0.1 (V)
SetMagnetDAC 5.88495503253 ===>> OK
Magnet settling time: 1.049
GetData ===>> H2,-0.205064863124514,H1,65.4003909698725,AX,10.0024991114952,L1,0.281577028971582,L2,0.132497251...
setting magnet DAC
current  : 5.884955
requested: 5.885990
Delta Dac: 0.001034
Checking detector protection. dv=0.00103
Checking detector "CDD". Protection Threshold: 0.1 (V)
SetMagnetDAC 5.88598951528 ===>> OK
Magnet settling time: 1.049
GetData ===>> H2,-0.210686201799505,H1,58.3366179177697,AX,8.14241345022663,L1,0.239396264140937,L2,-0.16031490...
setting magnet DAC
current  : 5.885990
requested: 5.887024
Delta Dac: 0.001034
Checking detector protection. dv=0.00103
Checking detector "CDD". Protection Threshold: 0.1 (V)
SetMagnetDAC 5.88702399804 ===>> OK
Magnet settling time: 1.049
GetData ===>> H2,-0.173996749667335,H1,44.6162739902133,AX,5.43277280768936,L1,0.161861295696757,L2,0.298344831...
setting magnet DAC
current  : 5.887024
requested: 5.888058
Delta Dac: 0.001034
Checking detector protection. dv=0.00103
Checking detector "CDD". Protection Threshold: 0.1 (V)
SetMagnetDAC 5.8880584808 ===>> OK
Magnet settling time: 1.049
GetData ===>> H2,-0.192910940138719,H1,26.5845946558878,AX,2.77274371099386,L1,0.118399745315574,L2,0.029883593...
setting magnet DAC
current  : 5.888058
requested: 5.889093
Delta Dac: 0.001034
Checking detector protection. dv=0.00103
Checking detector "CDD". Protection Threshold: 0.1 (V)
SetMagnetDAC 5.88909296356 ===>> OK
Magnet settling time: 1.049
GetData ===>> H2,-0.249890177283768,H1,11.9151500604012,AX,1.08466871178684,L1,0.103287087592769,L2,-0.04806293...
setting magnet DAC
current  : 5.889093
requested: 5.890127
Delta Dac: 0.001034
Checking detector protection. dv=0.00103
Checking detector "CDD". Protection Threshold: 0.1 (V)
SetMagnetDAC 5.89012744632 ===>> OK
Magnet settling time: 1.049
GetData ===>> H2,-0.163522003984842,H1,4.22532194723704,AX,0.312424724793958,L1,0.0764077860102701,L2,0.0211817...
setting magnet DAC
current  : 5.890127
requested: 5.891162
Delta Dac: 0.001034
Checking detector protection. dv=0.00103
Checking detector "CDD". Protection Threshold: 0.1 (V)
SetMagnetDAC 5.89116192908 ===>> OK
Magnet settling time: 1.049
GetData ===>> H2,-0.192840915933154,H1,1.11987483279943,AX,-0.112473747722554,L1,-0.0289649492194898,L2,-0.0580...
setting magnet DAC
current  : 5.891162
requested: 5.892196
Delta Dac: 0.001034
Checking detector protection. dv=0.00103
Checking detector "CDD". Protection Threshold: 0.1 (V)
SetMagnetDAC 5.89219641184 ===>> OK
Magnet settling time: 1.049
GetData ===>> H2,-0.11610533300553,H1,0.306483761678922,AX,0.0114742528214312,L1,-0.00306113985832325,L2,-0.050...
setting magnet DAC
current  : 5.892196
requested: 5.893231
Delta Dac: 0.001034
Checking detector protection. dv=0.00103
Checking detector "CDD". Protection Threshold: 0.1 (V)
SetMagnetDAC 5.89323089459 ===>> OK
Magnet settling time: 1.049
GetData ===>> H2,-0.106707578928276,H1,0.0450140779396648,AX,-0.157051769658501,L1,0.0251661454682334,L2,0.0079...
setting magnet DAC
current  : 5.893231
requested: 5.894265
Delta Dac: 0.001034
Checking detector protection. dv=0.00103
Checking detector "CDD". Protection Threshold: 0.1 (V)
SetMagnetDAC 5.89426537735 ===>> OK
Magnet settling time: 1.049
GetData ===>> H2,-0.200883427137867,H1,-0.010749662269993,AX,-0.174307524328054,L1,-0.0271577539625636,L2,-0.03...
result of _do_sweep=True
result of _calculate_peak_center=([5.8716902270530102, 5.8791451368726495, 5.8866000466922888], [50.137848371992355, 67.647949522192178, 50.23914038938112], 5.8777323112213464, 67.647949522192178)
Failed to find a valid peak. No peak greater than 1.0. max = 0.0973192055245
new center pos Detector(H1) (Ar40) @ 5.87914513687
GetHighVoltage ===>> 4499.94659342336
GetDeflection H1 ===>> 0
dac uncorrected for HV and deflection 5.87917975881
update mftable H1 Ar40 5.87917975881 message=automated run peakcenter
get initial guess parabolic
get initial guess parabolic
get initial guess parabolic
get initial guess parabolic
get initial guess parabolic
get initial guess parabolic
dump mftable to /Users/jan/PychronDev/setupfiles/spectrometer/mftables/mftable.csv
add to repo msg=modified - automated run peakcenter
sweep finished
locally archiving mftable
setting magnet DAC
current  : 5.894265
requested: 5.879145
Delta Dac: 0.015120
Checking detector protection. dv=0.01512
Checking detector "CDD". Protection Threshold: 0.1 (V)
SetMagnetDAC 5.87914513687 ===>> OK
Magnet settling time: 0.500
setting integration time = 1.048576
SetIntegrationTime 1.048576 ===>> OK
Failed to find a valid peak. No peak greater than 1.0. max = 0.0973192055245
flush and close file /Users/jan/PychronDev/data/isotopes/7c/43d375-b170-408b-b7da-0bb042cfda39.h5
finished measure script
executed snippet estimated_duration=226.132928, duration=272.778512955
jan_unknown120_60.py completed successfully
Measurement Finished
04:09:56 -- ******* Measurement Finished *******
Post Measurement Started jan_pump_ms.py
04:09:56 -- ******* Post Measurement Started jan_pump_ms.py *******
testing...
no interpolation path defined
executed snippet estimated_duration=0, duration=3.88622283936e-05
Pumping spectrometer
open () {'name': 'O'}
opening name=O desc=---
checking ownership. requestor=129.138.12.150
check software interlocks O
interlocks []
actuate state mode=None-script, software_lock=False
doing actuation None-script open_channel True
Open O ===>> OK
GetIndicatorState O ===>> OK
change switch state (True, True)
update switch state O True args=() kw={} ncanvase=2
04:09:56 -- OPEN   VALVE-O (Jan Ion Pump)
---------------------------------------- open O () result=[(True, True)], time=0.12 sec
action=open, ok=True, locked=[False]
executed snippet estimated_duration=0, duration=0.378050088882
jan_pump_ms.py completed successfully
setting _ms_pumptime
Post Measurement Finished
04:09:56 -- ******* Post Measurement Finished *******
$$$$$$$$$$$$$$$$$$$$ state at run end measurement
state changed from measurement to success
post measurement save measured=True aborted=False
Set filtering
setting fod for Ar40= {'filter_outliers': True, 'std_devs': 2, 'iterations': 1}
setting fod for H1= {'filter_outliers': True, 'std_devs': 2, 'iterations': 1}
setting fod for PM41= {'filter_outliers': False, 'std_devs': 2, 'iterations': 1}
setting fod for H2= {'filter_outliers': True, 'std_devs': 2, 'iterations': 1}
setting fod for Ar36= {'filter_outliers': True, 'std_devs': 2, 'iterations': 1}
setting fod for CDD= {'filter_outliers': True, 'std_devs': 10, 'iterations': 1}
setting fod for Ar37= {'filter_outliers': True, 'std_devs': 2, 'iterations': 1}
setting fod for L2= {'filter_outliers': True, 'std_devs': 2, 'iterations': 1}
setting fod for Ar38= {'filter_outliers': True, 'std_devs': 2, 'iterations': 1}
setting fod for L1= {'filter_outliers': True, 'std_devs': 2, 'iterations': 1}
setting fod for Ar39= {'filter_outliers': True, 'std_devs': 2, 'iterations': 1}
setting fod for AX= {'filter_outliers': True, 'std_devs': 2, 'iterations': 1}
persistence save...
persistence save - db
post measurement save
6973699184 connecting to database sqlite:////Users/jan/PychronDev/.appdata/local_lab.db
connected to db sqlite:////Users/jan/PychronDev/.appdata/local_lab.db
create new session 6973699184
close session 6973699184
No database instance. Not saving post measurement to isotopedb database
$$$$$$$$$$$$$$$ auto_save_detector_ic=False
massspec enabled True
create new session 4985539184
MassSpec Database Version: 16.0
close session 4985539184
saving post measurement to secondary database
saving to massspec database 129.138.12.160/massspecdata
setting labnumber to 65580
setting aliquot to 10
setting step to A
setting uuid to 7c43d375-b170-408b-b7da-0bb042cfda39
setting irradpos to 65580
setting extract_device to Fusions CO2
setting tray to 
setting position to 198
setting power_requested to 0.3
setting extract_value to 0.3
setting duration to 30.0
setting duration_at_request to 30.0
setting first_stage_delay to 30.0
setting cleanup to 30.0
setting comment to O:3 with inclusions
setting irradiation to NM-289
setting level to O
setting irradiation_level to O
setting sample to Bw-2014-12 W
setting material to Sanidine
setting project to Bustos Wells
setting mass_spectrometer to Jan
no attribute chron_dosages
no attribute production_ratios
no attribute interference_corrections
no attribute production_name
no attribute j
Reference Isotope=Ar40
Reference Detector=H1
%%%%%%%%%%%%%%%%%%%% Comment: O:3 with inclusions %%%%%%%%%%%%%%%%%%%
adding isotope PM41 H2
add baseline dbdet= PM41. original det= H2
get baseline data PM41 H2
Get data baseline <pychron.processing.isotope.Baseline object at 0x18fc60750> len t=60
baseline PM41. v=-0.188387025415, e=0.00839737936194
get signal data PM41 H2
Get data signal PM41 0.07+/-0.10 len t=120
adding isotope Ar40 H1
add baseline dbdet= Ar40. original det= H1
get baseline data Ar40 H1
Get data baseline <pychron.processing.isotope.Baseline object at 0x18fc60bd0> len t=60
baseline Ar40. v=-0.0369619674893, e=0.00516325723866
get signal data Ar40 H1
Get data signal Ar40 70.696+/-0.015 len t=120
adding isotope Ar39 AX
add baseline dbdet= Ar39. original det= AX
get baseline data Ar39 AX
Get data baseline <pychron.processing.isotope.Baseline object at 0x18fc607d0> len t=60
baseline Ar39. v=-0.0794972777035, e=0.00657785718214
get signal data Ar39 AX
Get data signal Ar39 11.440+/-0.014 len t=120
adding isotope Ar38 L1
add baseline dbdet= Ar38. original det= L1
get baseline data Ar38 L1
Get data baseline <pychron.processing.isotope.Baseline object at 0x18fc60190> len t=60
baseline Ar38. v=-0.018257138173, e=0.00245540081933
get signal data Ar38 L1
Get data signal Ar38 0.356+/-0.005 len t=120
adding isotope Ar37 L2
add baseline dbdet= Ar37. original det= L2
get baseline data Ar37 L2
Get data baseline <pychron.processing.isotope.Baseline object at 0x18fc60090> len t=60
baseline Ar37. v=-0.0201105050031, e=0.00535566254191
get signal data Ar37 L2
Get data signal Ar37 0.098+/-0.011 len t=120
adding isotope Ar36 CDD
add baseline dbdet= Ar36. original det= CDD
get baseline data Ar36 CDD
Get data baseline <pychron.processing.isotope.Baseline object at 0x178a3c9d0> len t=60
baseline Ar36. v=2.72919920536e-05, e=7.49913078502e-06
get signal data Ar36 CDD
Get data signal Ar36 0.0964+/-0.0007 len t=120
65580-10A added analysis time 0.475874185562s
analysis added to mass spec database
mass spec save time= 0.483
persistence save - dvc
================= post measurement started
create new session 4989601072
close session 4989601072
---------------- Experiment Queue saving disabled
DVC saving peakcenter
Failed to find a valid peak. No peak greater than 1.0. max = 0.0973192055245
Smart pull ahead: 0 behind: 0
Up-to-date with origin
add to repo msg=modified - ad8224ebc6dbfeb9f5997218dfa5fe690569839d.json
add to repo msg=modified - 80-10A.json
add to repo msg=modified - 80-10A.dat.json
add to repo msg=modified - 80-10A.blan.json
add to repo msg=modified - 80-10A.inte.json
add to repo msg=modified - 80-10A.icfa.json
add to repo msg=modified - 80-10A.base.json
not at valid file /Users/jan/PychronDev/data/.dvc/repositories/Load1789/655/tags/80-10A.tags.json
add to repo msg=modified - 80-10A.peak.json
add to repo msg=modified - 80-10A.extr.json
not at valid file /Users/jan/PychronDev/data/.dvc/repositories/Load1789/655/monitor/80-10A.moni.json
commit message=<COLLECTION>
add to repo msg=modified - 80-10A.inte.json
add to repo msg=modified - 80-10A.base.json
commit message=<ISOEVO> default collection fits
add to repo msg=modified - 80-10A.blan.json
commit message=<BLANKS> preceding bu-FC-J-7746
add to repo msg=modified - 80-10A.icfa.json
commit message=<ICFactor> default
push repository <pychron.git_archive.repo_manager.GitRepoManager object at 0x1a8f9c2f0>
pushing to remote=origin, url=https://github.com
no changes to meta repo
create new session 4989601072
add association Load1789
get identifier "65580"
setting analysis irradiation position=<pychron.dvc.dvc_orm.IrradiationPositionTbl object at 0x19fa87d90>
close session 4989601072
================= post measurement finished
04:10:10 -- ******* Post Run Check *******
loading queue conditionals post_run_actions
loading system conditionals post_run_actions
loading conditionals from /Users/jan/PychronDev/setupfiles/spectrometer/default_conditionals.yaml
loading queue conditionals post_run_terminations
loading system conditionals post_run_terminations
loading conditionals from /Users/jan/PychronDev/setupfiles/spectrometer/default_conditionals.yaml
Checking default post run terminations n=1
GetDeflection CDD ===>> 50
testing CDD==2000
evaluate ot="CDD.deflection==2000" t="CDD==2000", ctx="{'CDD': 50.0}"
04:10:10 -- ******* Post Run Check Passed *******
04:10:10 -- Automated run 65580-10A success duration: 365.386 s
----------------- finish -----------------
----------------- stop -----------------
retroactive repository identifiers disabled
finish run. runs completed=135
update duration runid=65580-10A, duration=365.38644886, md5=301e91d8
loading script "jan_unknown120_60.py"
loading script "jan_pump_ms.py"
loading script "jan_co2.py"
loading script "jan_pump_extraction_line.py"
testing...
no interpolation path defined
executed snippet estimated_duration=213.652928, duration=0.000301122665405
script duration name:unknown120_60 seconds:214.0
loading script "jan_unknown120_60.py"
loading script "jan_pump_ms.py"
loading script "jan_co2.py"
loading script "jan_pump_extraction_line.py"
testing...
no interpolation path defined
executed snippet estimated_duration=0, duration=3.31401824951e-05
loading script "jan_unknown120_60.py"
loading script "jan_pump_ms.py"
loading script "jan_co2.py"
loading script "jan_pump_extraction_line.py"
testing...
no interpolation path defined
calculate duration
testing...
no interpolation path defined
executed snippet estimated_duration=0, duration=5.88893890381e-05
calculate duration
testing...
no interpolation path defined
executed snippet estimated_duration=0, duration=9.17911529541e-05
executed snippet estimated_duration=0.0, duration=0.00236320495605
script duration name:co2 seconds:0.0
loading script "jan_unknown120_60.py"
loading script "jan_pump_ms.py"
loading script "jan_co2.py"
loading script "jan_pump_extraction_line.py"
testing...
no interpolation path defined
calculate duration
testing...
no interpolation path defined
executed snippet estimated_duration=4.0, duration=0.000150918960571
executed snippet estimated_duration=4.0, duration=0.00153493881226
Script duration 214.0
Run total estimated duration= 215.000
unknown120_60 in script context. using previous estimated duration
script duration name:unknown120_60 seconds:214.0
pump_ms in script context. using previous estimated duration
co2 in script context. using previous estimated duration
script duration name:co2 seconds:0.0
pump_extraction_line in script context. using previous estimated duration
Script duration 214.0
Run total estimated duration= 215.000
script duration name:unknown120_60 seconds:214.0
script duration name:co2 seconds:0.0
Script duration 214.0
Run total estimated duration= 215.000
script duration name:unknown120_60 seconds:214.0
script duration name:co2 seconds:0.0
Script duration 214.0
Run total estimated duration= 215.000
script duration name:unknown120_60 seconds:214.0
script duration name:co2 seconds:0.0
Script duration 214.0
Run total estimated duration= 215.000
script duration name:unknown120_60 seconds:214.0
script duration name:co2 seconds:0.0
Script duration 214.0
Run total estimated duration= 215.000
loading script "jan_unknown400_120.py"
loading script "jan_pump_ms.py"
loading script "jan_co2.py"
loading script "jan_pump_extraction_line.py"
testing...
no interpolation path defined
executed snippet estimated_duration=556.052928, duration=0.000226974487305
script duration name:unknown400_120 seconds:556.0
script duration name:co2 seconds:0.0
Script duration 556.0
Run total estimated duration= 557.000
unknown400_120 in script context. using previous estimated duration
script duration name:unknown400_120 seconds:556.0
loading script "jan_unknown400_120.py"
loading script "jan_pump_ms.py"
loading script "jan_sniffair_x2.py"
loading script "jan_pump_extraction_line.py"
testing...
no interpolation path defined
calculate duration
testing...
no interpolation path defined
executed snippet estimated_duration=0, duration=6.69956207275e-05
calculate duration
testing...
no interpolation path defined
executed snippet estimated_duration=0, duration=9.98973846436e-05
calculate duration
testing...
no interpolation path defined
executed snippet estimated_duration=32.0, duration=8.70227813721e-05
calculate duration
testing...
no interpolation path defined
executed snippet estimated_duration=34.0, duration=9.3936920166e-05
calculate duration
testing...
no interpolation path defined
executed snippet estimated_duration=4.0, duration=6.19888305664e-05
calculate duration
testing...
no interpolation path defined
executed snippet estimated_duration=36.0, duration=0.000138998031616
calculate duration
testing...
no interpolation path defined
executed snippet estimated_duration=34.0, duration=9.70363616943e-05
calculate duration
testing...
no interpolation path defined
executed snippet estimated_duration=4.0, duration=7.41481781006e-05
calculate duration
testing...
no interpolation path defined
executed snippet estimated_duration=36.0, duration=9.3936920166e-05
calculate duration
testing...
no interpolation path defined
executed snippet estimated_duration=70.0, duration=9.48905944824e-05
executed snippet estimated_duration=250.0, duration=0.0133440494537
script duration name:sniffair_x2 seconds:250.0
Script duration 806.0
Run total estimated duration= 807.000
script duration name:unknown400_120 seconds:556.0
loading script "jan_unknown400_120.py"
loading script "jan_pump_ms.py"
loading script "jan_cocktail_x1.py"
loading script "jan_pump_extraction_line.py"
testing...
no interpolation path defined
calculate duration
testing...
no interpolation path defined
executed snippet estimated_duration=0, duration=4.50611114502e-05
calculate duration
testing...
no interpolation path defined
executed snippet estimated_duration=0, duration=9.60826873779e-05
calculate duration
testing...
no interpolation path defined
executed snippet estimated_duration=32.0, duration=9.01222229004e-05
calculate duration
testing...
no interpolation path defined
executed snippet estimated_duration=34.0, duration=0.000153064727783
calculate duration
testing...
no interpolation path defined
executed snippet estimated_duration=4.0, duration=8.9168548584e-05
calculate duration
testing...
no interpolation path defined
executed snippet estimated_duration=38.0, duration=9.29832458496e-05
executed snippet estimated_duration=108.0, duration=0.00769901275635
script duration name:cocktail_x1 seconds:108.0
Script duration 664.0
Run total estimated duration= 665.000
script duration name:unknown400_120 seconds:556.0
sniffair_x2 in script context. using previous estimated duration
script duration name:sniffair_x2 seconds:250.0
Script duration 806.0
Run total estimated duration= 807.000
script duration name:unknown400_120 seconds:556.0
cocktail_x1 in script context. using previous estimated duration
script duration name:cocktail_x1 seconds:108.0
Script duration 664.0
Run total estimated duration= 665.000
loading script "jan_ic_peak_hop3.py"
loading script "jan_pump_ms.py"
loading script "jan_air_x1.py"
loading script "jan_pump_extraction_line.py"
testing...
no interpolation path defined
executed snippet estimated_duration=133.8, duration=0.00663113594055
script duration name:ic_peak_hop3 seconds:134.0
loading script "jan_ic_peak_hop3.py"
loading script "jan_pump_ms.py"
loading script "jan_air_x1.py"
loading script "jan_pump_extraction_line.py"
testing...
no interpolation path defined
calculate duration
testing...
no interpolation path defined
executed snippet estimated_duration=0, duration=4.50611114502e-05
calculate duration
testing...
no interpolation path defined
executed snippet estimated_duration=0, duration=9.51290130615e-05
calculate duration
testing...
no interpolation path defined
executed snippet estimated_duration=32.0, duration=8.60691070557e-05
calculate duration
testing...
no interpolation path defined
executed snippet estimated_duration=34.0, duration=0.000105142593384
calculate duration
testing...
no interpolation path defined
executed snippet estimated_duration=4.0, duration=6.103515625e-05
calculate duration
testing...
no interpolation path defined
executed snippet estimated_duration=36.0, duration=8.70227813721e-05
executed snippet estimated_duration=106.0, duration=0.00809907913208
script duration name:air_x1 seconds:106.0
Script duration 240.0
Run total estimated duration= 241.000
script duration name:unknown120_60 seconds:214.0
script duration name:co2 seconds:0.0
Script duration 214.0
Run total estimated duration= 215.000
script duration name:unknown120_60 seconds:214.0
script duration name:co2 seconds:0.0
Script duration 214.0
Run total estimated duration= 215.000
script duration name:unknown120_60 seconds:214.0
script duration name:co2 seconds:0.0
Script duration 214.0
Run total estimated duration= 215.000
script duration name:unknown120_60 seconds:214.0
script duration name:co2 seconds:0.0
Script duration 214.0
Run total estimated duration= 215.000
script duration name:unknown120_60 seconds:214.0
script duration name:co2 seconds:0.0
Script duration 214.0
Run total estimated duration= 215.000
script duration name:unknown120_60 seconds:214.0
script duration name:co2 seconds:0.0
Script duration 214.0
Run total estimated duration= 215.000
script duration name:unknown120_60 seconds:214.0
script duration name:co2 seconds:0.0
Script duration 214.0
Run total estimated duration= 215.000
script duration name:unknown120_60 seconds:214.0
script duration name:co2 seconds:0.0
Script duration 214.0
Run total estimated duration= 215.000
script duration name:unknown120_60 seconds:214.0
script duration name:co2 seconds:0.0
Script duration 214.0
Run total estimated duration= 215.000
script duration name:unknown120_60 seconds:214.0
script duration name:co2 seconds:0.0
Script duration 214.0
Run total estimated duration= 215.000
script duration name:unknown120_60 seconds:214.0
script duration name:co2 seconds:0.0
Script duration 214.0
Run total estimated duration= 215.000
script duration name:unknown120_60 seconds:214.0
script duration name:co2 seconds:0.0
Script duration 214.0
Run total estimated duration= 215.000
script duration name:unknown400_120 seconds:556.0
script duration name:co2 seconds:0.0
Script duration 556.0
Run total estimated duration= 557.000
script duration name:unknown120_60 seconds:214.0
script duration name:co2 seconds:0.0
Script duration 214.0
Run total estimated duration= 215.000
script duration name:unknown120_60 seconds:214.0
script duration name:co2 seconds:0.0
Script duration 214.0
Run total estimated duration= 215.000
script duration name:unknown120_60 seconds:214.0
script duration name:co2 seconds:0.0
Script duration 214.0
Run total estimated duration= 215.000
script duration name:unknown400_120 seconds:556.0
script duration name:cocktail_x1 seconds:108.0
Script duration 664.0
Run total estimated duration= 665.000
script duration name:unknown400_120 seconds:556.0
script duration name:cocktail_x1 seconds:108.0
Script duration 664.0
Run total estimated duration= 665.000
script duration name:unknown120_60 seconds:214.0
script duration name:co2 seconds:0.0
Script duration 214.0
Run total estimated duration= 215.000
script duration name:unknown120_60 seconds:214.0
script duration name:co2 seconds:0.0
Script duration 214.0
Run total estimated duration= 215.000
script duration name:unknown400_120 seconds:556.0
script duration name:co2 seconds:0.0
Script duration 556.0
Run total estimated duration= 557.000
nruns=33 before=5.0, run_dur=11131.0, btw=1440.0
write rem/ex queues
/Users/jan/PychronDev/experiments/rem/CurrentExperiment.rem.txt
/Users/jan/PychronDev/experiments/rem/CurrentExperiment.ex.txt
doing event level: 3
