do run
loading script "jan_unknown120_60.py"
loading script "jan_pump_ms.py"
loading script "jan_co2.py"
loading script "jan_pump_extraction_line.py"
testing...
no interpolation path defined
executed snippet estimated_duration=213.652928, duration=0.000262975692749
script duration name:unknown120_60 seconds:214.0
loading script "jan_unknown120_60.py"
loading script "jan_pump_ms.py"
loading script "jan_co2.py"
loading script "jan_pump_extraction_line.py"
testing...
no interpolation path defined
executed snippet estimated_duration=0, duration=2.50339508057e-05
loading script "jan_unknown120_60.py"
loading script "jan_pump_ms.py"
loading script "jan_co2.py"
loading script "jan_pump_extraction_line.py"
testing...
no interpolation path defined
calculate duration
testing...
no interpolation path defined
executed snippet estimated_duration=0, duration=6.19888305664e-05
calculate duration
testing...
no interpolation path defined
executed snippet estimated_duration=0, duration=9.20295715332e-05
executed snippet estimated_duration=0.0, duration=0.00300192832947
script duration name:co2 seconds:0.0
loading script "jan_unknown120_60.py"
loading script "jan_pump_ms.py"
loading script "jan_co2.py"
loading script "jan_pump_extraction_line.py"
testing...
no interpolation path defined
calculate duration
testing...
no interpolation path defined
executed snippet estimated_duration=4.0, duration=0.000209093093872
executed snippet estimated_duration=4.0, duration=0.00212097167969
Script duration 214.0
Run total estimated duration= 215.000
run duration: 0:03:35
doing event level: 2
04:17:53 -- Setting default integration. t=1.048576
setting integration time = 1.048576
SetIntegrationTime 1.048576 ===>> OK
----------------- start -----------------
**************** Experiment Type: Ar/Ar, Ar/Ar
create new session 4436069840
close session 4436069840
$$$$$ Clearing conditionals
adding conditionals 
Add queue conditionals
add default conditionals
adding default conditionals from /Users/jan/PychronDev/setupfiles/spectrometer/default_conditionals.yaml
Start automated run 65580-10C
loading script "jan_unknown120_60.py"
loading script "jan_pump_ms.py"
loading script "jan_co2.py"
loading script "jan_pump_extraction_line.py"
%%%%%%%%%%%%%%%%%% setting automated run 65580-10C
No value "sensitivity_multiplier" in metadata
$$$$$$$$$$$$$$$ auto_save_detector_ic=False
============================= Pre Extraction Check =============================
loading queue conditionals pre_run_terminations
loading system conditionals pre_run_terminations
loading conditionals from /Users/jan/PychronDev/setupfiles/spectrometer/default_conditionals.yaml
04:17:53 -- ******* Pre Extraction Check *******
Get a measurement from the spectrometer
GetData ===>> H2,-0.304159676123976,H1,0.0227000817695223,AX,-0.0486411119035997,L1,-0.00903914422134783,L2,0.0...
Pre Extraction Termination data. keys=H2,H1,AX,L1,L2,CDD, signals=-0.30416,0.02270,-0.04864,-0.00904,0.00209,0.00461
04:17:53 -- testing system defined conditionals
Checking default pre extraction terminations n=2
testing CDD
evaluate ot="CDD.inactive" t="CDD", ctx="{'CDD': False}"
GetDeflection CDD ===>> 50
testing CDD==2000
evaluate ot="CDD.deflection==2000" t="CDD==2000", ctx="{'CDD': 50.0}"
04:17:53 -- ******* Pre Extraction Check Passed *******
=================================================================================
04:17:53 -- stopping status monitor
stop 4982387056
Alive clients [4989850544]
04:17:53 -- starting status monitor
start 4982387056
Monitor already running
start extraction
do extraction
Analysis started at 04:17:53.641150
Extraction Started jan_co2.py
04:17:53 -- ******* Extraction Started jan_co2.py *******
state changed from not run to extraction
DO EXTRACTION <pychron.extraction_line.pyscript_runner.RemotePyScriptRunner object at 0x12c299590>
testing...
no interpolation path defined
calculate duration
testing...
no interpolation path defined
executed snippet estimated_duration=0, duration=4.91142272949e-05
calculate duration
testing...
no interpolation path defined
executed snippet estimated_duration=0, duration=9.79900360107e-05
executed snippet estimated_duration=100.0, duration=0.00265502929688
Jan CO2 laser analysis
doing GOSUB
testing...
no interpolation path defined
executed snippet estimated_duration=0, duration=4.88758087158e-05
Waiting for CO2 access
wait ('FelixCO2Flag', 0) {}
waiting for FelixCO2Flag = 0
Read FelixCO2Flag ===>> 0
finished waiting
CO2 free
wait ('CO2PumpTimeFlag', 0) {}
waiting for CO2PumpTimeFlag = 0
Read CO2PumpTimeFlag ===>> 0
finished waiting
acquire ('JanCO2Flag',) {'clear': True}
acquire JanCO2Flag
Set JanCO2Flag 1 ===>> OK
JanCO2Flag acquired
set extraction state False (0.75, 'red', 1.5)
CO2 acquired
executed snippet estimated_duration=0, duration=0.0187458992004
WaitForCO2Access.py completed successfully
gosub finished
doing GOSUB
testing...
no interpolation path defined
executed snippet estimated_duration=0, duration=0.000101089477539
Prepare for CO2 analysis
close () {'description': 'Jan Inlet'}
closing name=--- desc=Jan Inlet
checking ownership. requestor=129.138.12.150
check software interlocks R
interlocks []
actuate state mode=None-script, software_lock=False
doing actuation None-script close_channel False
Close R ===>> OK
GetIndicatorState R ===>> False
change switch state (True, True)
update switch state R False args=() kw={} ncanvase=2
04:17:54 -- CLOSE  VALVE-R (Jan Inlet)
---------------------------------------- close None (Jan Inlet) result=[(True, True)]
action=close, ok=True, locked=[False]
open () {'description': 'Jan Ion Pump'}
opening name=--- desc=Jan Ion Pump
checking ownership. requestor=129.138.12.150
check software interlocks O
interlocks []
actuate state mode=None-script, software_lock=False
doing actuation None-script open_channel False
Open O ===>> OK
GetIndicatorState O ===>> OK
change switch state (True, True)
update switch state O True args=() kw={} ncanvase=2
04:17:54 -- OPEN   VALVE-O (Jan Ion Pump)
---------------------------------------- open None (Jan Ion Pump) result=[(True, True)], time=0.11 sec
action=open, ok=True, locked=[False]
close () {'description': 'Microbone to Minibone'}
closing name=--- desc=Microbone to Minibone
checking ownership. requestor=129.138.12.150
check software interlocks L
interlocks []
actuate state mode=None-script, software_lock=False
doing actuation None-script close_channel False
Close L ===>> OK
GetIndicatorState L ===>> False
change switch state (True, True)
update switch state L False args=() kw={} ncanvase=2
04:17:55 -- CLOSE  VALVE-L (Microbone to Minibone)
---------------------------------------- close None (Microbone to Minibone) result=[(True, True)]
action=close, ok=True, locked=[False]
open () {'description': 'Microbone to Turbo'}
opening name=--- desc=Microbone to Turbo
checking ownership. requestor=129.138.12.150
check software interlocks U
interlocks []
actuate state mode=None-script, software_lock=False
doing actuation None-script open_channel False
Open U ===>> OK
GetIndicatorState U ===>> OK
change switch state (True, True)
update switch state U True args=() kw={} ncanvase=2
04:17:55 -- OPEN   VALVE-U (Microbone to Turbo)
---------------------------------------- open None (Microbone to Turbo) result=[(True, True)], time=0.16 sec
action=open, ok=True, locked=[False]
open () {'description': 'Microbone to Inlet Pipette'}
opening name=--- desc=Microbone to Inlet Pipette
checking ownership. requestor=129.138.12.150
check software interlocks S
interlocks []
actuate state mode=None-script, software_lock=False
doing actuation None-script open_channel False
Open S ===>> OK
GetIndicatorState S ===>> OK
change switch state (True, True)
update switch state S True args=() kw={} ncanvase=2
04:17:56 -- OPEN   VALVE-S (Microbone to Inlet Pipette)
---------------------------------------- open None (Microbone to Inlet Pipette) result=[(True, True)], time=0.42 sec
action=open, ok=True, locked=[False]
open () {'description': 'Microbone to Getter D-50'}
opening name=--- desc=Microbone to Getter D-50
checking ownership. requestor=129.138.12.150
check software interlocks K
interlocks []
actuate state mode=None-script, software_lock=False
doing actuation None-script open_channel False
Open K ===>> OK
GetIndicatorState K ===>> OK
change switch state (True, True)
update switch state K True args=() kw={} ncanvase=2
04:17:56 -- OPEN   VALVE-K (Microbone to Getter D-50)
---------------------------------------- open None (Microbone to Getter D-50) result=[(True, True)], time=0.43 sec
action=open, ok=True, locked=[False]
open () {'description': 'Microbone to Getter NP-10'}
opening name=--- desc=Microbone to Getter NP-10
checking ownership. requestor=129.138.12.150
check software interlocks M
interlocks []
actuate state mode=None-script, software_lock=False
doing actuation None-script open_channel False
Open M ===>> OK
GetIndicatorState M ===>> OK
change switch state (True, True)
update switch state M True args=() kw={} ncanvase=2
04:17:57 -- OPEN   VALVE-M (Microbone to Getter NP-10)
---------------------------------------- open None (Microbone to Getter NP-10) result=[(True, True)], time=0.15 sec
action=open, ok=True, locked=[False]
close () {'description': 'CO2 Laser to Felix'}
closing name=--- desc=CO2 Laser to Felix
checking ownership. requestor=129.138.12.150
check software interlocks F
interlocks []
actuate state mode=None-script, software_lock=True
VALVE-F(CO2 Laser to Felix) software locked
change switch state (True, False)
---------------------------------------- close None (CO2 Laser to Felix) result=[(True, False)]
action=close, ok=True, locked=[True]
open () {'description': 'CO2 Laser to Jan'}
opening name=--- desc=CO2 Laser to Jan
checking ownership. requestor=129.138.12.150
check software interlocks A
interlocks []
actuate state mode=None-script, software_lock=False
doing actuation None-script open_channel False
Open A ===>> OK
GetIndicatorState A ===>> OK
change switch state (True, True)
update switch state A True args=() kw={} ncanvase=2
04:17:57 -- OPEN   VALVE-A (CO2 Laser to Jan)
---------------------------------------- open None (CO2 Laser to Jan) result=[(True, True)], time=0.14 sec
action=open, ok=True, locked=[False]
open () {'description': 'Microbone to CO2 Laser'}
opening name=--- desc=Microbone to CO2 Laser
checking ownership. requestor=129.138.12.150
check software interlocks T
interlocks []
actuate state mode=None-script, software_lock=False
doing actuation None-script open_channel False
Open T ===>> OK
GetIndicatorState T ===>> OK
change switch state (True, True)
update switch state T True args=() kw={} ncanvase=2
04:17:58 -- OPEN   VALVE-T (Microbone to CO2 Laser)
---------------------------------------- open None (Microbone to CO2 Laser) result=[(True, True)], time=0.41 sec
action=open, ok=True, locked=[False]
executed snippet estimated_duration=0, duration=5.01586794853
PrepareForCO2Analysis.py completed successfully
gosub finished
set_motor ('beam', '1.25') {}
setting motor "beam" to 1.25
set motor beam to 1.25
SetMotor beam,1.25 ===>> OK
GetMotorMoving beam ===>> False
GetMotorMoving beam ===>> False
Block completed
move_to_position ('198',) {'autocenter': True}
FusionsCO2 move to position 198
sending GoToHole 198,True
GoToHole 198,True ===>> OK
GetDriveMoving ===>> False
GetDriveMoving ===>> False
Block completed
GetAutoCorrecting ===>> False
GetAutoCorrecting ===>> False
Block completed
update position
GetPosition ===>> -7.97560,-11.96340,1.00000
got position (-7.9756, -11.9634, 1.0)
move to position succeeded
sleep (5,) {}
SLEEP 5.0
block started
WaitControl setup for 5.0  
Join finished
block finished. duration 5.05416607857
close () {'description': 'Microbone to Turbo'}
closing name=--- desc=Microbone to Turbo
checking ownership. requestor=129.138.12.150
check software interlocks U
interlocks []
actuate state mode=None-script, software_lock=False
doing actuation None-script close_channel True
Close U ===>> OK
GetIndicatorState U ===>> False
change switch state (True, True)
update switch state U False args=() kw={} ncanvase=2
04:18:07 -- CLOSE  VALVE-U (Microbone to Turbo)
---------------------------------------- close None (Microbone to Turbo) result=[(True, True)]
action=close, ok=True, locked=[False]
enable laser
enable () {}
set extraction state FusionsCO2 Enabled (False, 'red', 1.5)
enabling laser
Enable ===>> OK
begin interval
BEGIN INTERVAL Interval 1 waiting for 30.0
block started
set extract to 5.0
WaitControl setup for 30.0  
extract (5.0,) {}
GetPosition ===>> -7.97560,-11.96340,1.00000
set extraction state FusionsCO2 ON! 5.0(watts) (0.75, 'red', 1.5)
extract sample to 5.0 (watts)
set laser output
SetLaserOutput 5.0,watts ===>> OK
executing pattern triangle.lp
execute_pattern ('triangle.lp',) {}
executing pattern triangle.lp
IsPatterning ===>> OK
IsPatterning ===>> OK
IsPatterning ===>> OK
IsPatterning ===>> OK
IsPatterning ===>> OK
IsPatterning ===>> OK
IsPatterning ===>> OK
IsPatterning ===>> OK
IsPatterning ===>> OK
IsPatterning ===>> OK
IsPatterning ===>> OK
IsPatterning ===>> OK
IsPatterning ===>> OK
IsPatterning ===>> OK
IsPatterning ===>> OK
IsPatterning ===>> OK
IsPatterning ===>> OK
IsPatterning ===>> OK
IsPatterning ===>> OK
IsPatterning ===>> OK
IsPatterning ===>> OK
IsPatterning ===>> OK
IsPatterning ===>> OK
IsPatterning ===>> OK
IsPatterning ===>> OK
IsPatterning ===>> OK
IsPatterning ===>> False
IsPatterning ===>> False
Block completed
COMPLETE INTERVAL waiting for Interval 1 to complete
Join finished
block finished. duration 30.1477401257
Interval 1 finished
end_extract () {}
ending extraction. set laser power to 0
set laser power 0
SetLaserPower 0 ===>> OK
disable () {}
%%%%%%%%%%%%%%%%%%%%%%%%%%%%%%%%%%% disable
set extraction state False (0.75, 'red', 1.5)
disabling laser
Disable ===>> OK
sleep (30.0,) {}
SLEEP 30.0
block started
WaitControl setup for 30.0  
Join finished
block finished. duration 30.1294620037
executed snippet estimated_duration=166.5, duration=74.5910701752
jan_co2.py completed successfully
GetAchievedOutput ===>> No Response
Requested Output= 0.000
Achieved Output=  0.000
GetResponseBlob ===>> No Response
GetOutputBlob ===>> No Response
persistence save...
persistence save - db
AutomatedRunPersister post_extraction_save deprecated
persistence save - dvc
no extraction position for 198
create new session 4989601072
close session 4989601072
Extraction Finished
04:19:08 -- ******* Extraction Finished *******
no overlap. not waiting for min ms pumptime
04:19:08 -- Sending spectrometer configuration
======== Sending configuration ========
SetDeflection CDD,50.0 ===>> OK
SetDeflection H2,0.0 ===>> OK
SetDeflection H1,0.0 ===>> OK
SetDeflection L2,825.0 ===>> OK
SetDeflection L1,400.0 ===>> OK
SetDeflection AX,190.0 ===>> OK
SetZFocus 74.64 ===>> OK
SetZSymmetry -50.72 ===>> OK
SetExtractionLens 26.13 ===>> OK
SetIonRepeller -3.81 ===>> OK
SetElectronEnergy 75.08 ===>> OK
SetYSymmetry -2.81 ===>> OK
SetIonCounterVoltage 1590.0 ===>> OK
send trap current 200.0
GetParameter Trap Current Readback ===>> 198.035158395898
SetParameter Trap Current Set,200.0 ===>> OK
updating mftable name mftable
Using mftable located at /Users/jan/PychronDev/setupfiles/spectrometer/mftables/mftable.csv
============ MFtable ===========
Isotope  H2     H1     AX     L1     L2     CDD    
Ar40     5.8073 5.8792 5.9926 6.1472 6.2310 6.3754
Ar39     5.7065 5.7715 5.8850 6.0333 6.1162 6.2619
Ar36     5.3840 5.4405 5.5484 5.6921 5.7711 5.9130
================================
get initial guess parabolic
get initial guess parabolic
get initial guess parabolic
get initial guess parabolic
get initial guess parabolic
get initial guess parabolic
======== Configuration Finished ========
GetYSymmetry ===>> -2.81
GetZSymmetry ===>> -50.72
GetParameter Trap Current Readback ===>> 198.147042666178
GetHighVoltage ===>> 4499.94659342336
start measurement
do measurement
L#=65580 analysis type=unknown
Measurement Started jan_unknown120_60.py
04:19:08 -- ******* Measurement Started jan_unknown120_60.py *******
state changed from extraction to measurement
setting spec, defl, and gains
GetExtractionLens ===>> 26.13
GetYSymmetry ===>> -2.81
GetZSymmetry ===>> -50.72
GetZFocus ===>> 74.64
GetDeflection H2 ===>> 0
GetDeflection H1 ===>> 0
GetDeflection AX ===>> 190
GetDeflection L1 ===>> 400
GetDeflection L2 ===>> 825
GetDeflection CDD ===>> 50
GetGain H2 ===>> 0.0113
GetGain H1 ===>> 0.1
GetGain AX ===>> 0.097049
GetGain L1 ===>> 0.010355
GetGain L2 ===>> 0.095649
GetGain CDD ===>> 0
pre measurement save
New frame /Users/jan/PychronDev/data/isotopes/d3/3a2ccd-f5db-4a1d-bf45-70bc6b600d50.h5
flush and close file /Users/jan/PychronDev/data/isotopes/d3/3a2ccd-f5db-4a1d-bf45-70bc6b600d50.h5
testing...
no interpolation path defined
executed snippet estimated_duration=226.132928, duration=0.000151872634888
unknown measurement script
activate_detectors ('H2', 'H1', 'AX', 'L1', 'L2', 'CDD') {}
activate detectors
*************** Set Analysis View Ar/Ar
create graphs
clearing graphs
clear isotope group
setting isotope det=H2, iso=PM41
setting isotope det=H1, iso=Ar40
setting isotope det=AX, iso=Ar39
setting isotope det=L1, iso=Ar38
setting isotope det=L2, iso=Ar37
setting isotope det=CDD, iso=Ar36
setting previous blanks
 - setting Ar40 blank 0.603+/-0.007
 - setting Ar36 blank 0.00621+/-0.00019
 - setting Ar37 blank 0.047+/-0.005
 - setting Ar38 blank 0.0064+/-0.0021
 - setting PM41 blank 0.03+/-0.07
 - setting Ar39 blank 0.011+/-0.009
load analysis view
position_magnet ('Ar40',) {'detector': 'H1'}
detector Detector(H1)
POSITION Ar40 H1
setting detector H2 to PM41 (40.9624)
setting detector H1 to Ar40 (39.9624)
setting detector AX to Ar39 (38.9624)
setting detector L1 to Ar38 (37.9624)
setting detector L2 to Ar37 (36.9624)
setting detector CDD to Ar36 (35.9624)
Mapping mass to dac mass func: "parabolic"
H1 map mass coeffs = [-0.00063987  0.15840543  0.57081999]
H1 map mass to dac 39.9624 >> 5.87921
GetDeflection H1 ===>> 0
GetHighVoltage ===>> 4499.94659342336
positioning Ar40 (5.87917537788) on H1
setting magnet DAC
current  : 5.879175
requested: 5.879175
Delta Dac: 0.000000
Checking detector protection. dv=0.00000
Checking detector "CDD". Protection Threshold: 0.1 (V)
SetMagnetDAC 5.87917537788 ===>> OK
equilibrate () {'delay': 3, 'inlet': 'R', 'outlet': 'O', 'eqtime': 12.0}
Equilibration Started
04:19:09 -- ******* Equilibration Started *******
checking ownership. requestor=129.138.12.150
check software interlocks O
interlocks []
actuate state mode=None-script, software_lock=False
doing actuation None-script close_channel True
Close O ===>> OK
GetIndicatorState O ===>> False
change switch state (True, True)
update switch state O False args=() kw={} ncanvase=2
04:19:09 -- CLOSE  VALVE-O (Jan Ion Pump)
waiting 3s before opening inlet value ('R',)
update labels <pychron.experiment.plot_panel.PlotPanel object at 0x19d836e90>
update labels "<pychron.graph.stacked_regression_graph.StackedRegressionGraph object at 0x19fc61890>"
setting label 0 H2 PM41
setting label 1 H1 Ar40
setting label 2 AX Ar39
setting label 3 L1 Ar38
setting label 4 L2 Ar37
setting label 5 CDD Ar36
update labels "<pychron.graph.stacked_graph.StackedGraph object at 0x1a04f1590>"
setting label 0 H2 PM41
setting label 1 H1 Ar40
setting label 2 AX Ar39
setting label 3 L1 Ar38
setting label 4 L2 Ar37
setting label 5 CDD Ar36
checking ownership. requestor=129.138.12.150
check software interlocks R
interlocks []
actuate state mode=None-script, software_lock=False
doing actuation None-script open_channel True
Open R ===>> OK
GetIndicatorState R ===>> OK
change switch state (True, True)
update switch state R True args=() kw={} ncanvase=2
04:19:13 -- OPEN   VALVE-R (Jan Inlet)
equilibrating for 12.0sec
set_time_zero () {}
sniff (12.0,) {}
py_sniff
build tables- sniff [Detector(H2), Detector(H1), Detector(AX), Detector(L1), Detector(L2), Detector(CDD)]
add group /sniff/PM41 (Group) '' table H2
add group /sniff/Ar40 (Group) '' table H1
add group /sniff/Ar39 (Group) '' table AX
add group /sniff/Ar38 (Group) '' table L1
add group /sniff/Ar37 (Group) '' table L2
add group /sniff/Ar36 (Group) '' table CDD
flush and close file /Users/jan/PychronDev/data/isotopes/d3/3a2ccd-f5db-4a1d-bf45-70bc6b600d50.h5
measuring sniff. ncounts=12.0
"sniff" increment series count="1" fit count="0" regressing="False"
starting measurement
GetData ===>> H2,0.037076216769496,H1,137.142252212438,AX,36.6947195297963,L1,0.0863698113549172,L2,0.318144788...
GetData ===>> H2,0.854097399838563,H1,961.451529572611,AX,249.059248898614,L1,1.31034035394577,L2,1.32466846231...
GetData ===>> H2,0.340706120153631,H1,1369.08601348569,AX,344.31538874866,L1,2.76038186606985,L2,1.407598628773...
GetData ===>> H2,0.145735092888884,H1,1502.15865286282,AX,371.656507285591,L1,3.6940111385961,L2,1.555462059032...
GetData ===>> H2,-0.0207283283921383,H1,1550.47120546153,AX,380.65579874108,L1,4.23838850527688,L2,1.5216930673...
GetData ===>> H2,-0.0359518932573126,H1,1569.20303151171,AX,384.722935416314,L1,4.50627562931458,L2,1.484029497...
GetData ===>> H2,0.0986359528670887,H1,1577.78938263112,AX,386.101404039027,L1,4.68039672417837,L2,1.5012279048...
GetData ===>> H2,-0.000426539445570983,H1,1581.82127594264,AX,386.86009342005,L1,4.80360925688825,L2,1.59748409...
GetData ===>> H2,-0.0388636038125233,H1,1583.40222399577,AX,387.433253114042,L1,4.87267970178337,L2,1.484385612...
GetData ===>> H2,0.00100487274988506,H1,1583.23372021919,AX,387.629485373392,L1,4.92002480368584,L2,1.469234658...
GetData ===>> H2,-0.0816536303731626,H1,1583.59411224452,AX,387.504361321611,L1,4.91579878954358,L2,1.496827485...
Equilibration Finished
04:19:25 -- ******* Equilibration Finished *******
checking ownership. requestor=129.138.12.150
check software interlocks R
interlocks []
actuate state mode=None-script, software_lock=False
doing actuation None-script close_channel True
GetData ===>> H2,-0.0602428886195042,H1,1583.62239209191,AX,387.129604633961,L1,4.92645318455691,L2,1.548330009...
Close R ===>> OK
set states for children of R. state=False
handle state [('R', False)]
update switch state R False args=() kw={'refresh': False} ncanvase=2
refresh_canvas_needed fired
GetIndicatorState R ===>> False
change switch state (True, True)
update switch state R False args=() kw={} ncanvase=2
04:19:25 -- CLOSE  VALVE-R (Jan Inlet)
Post Equilibration Started jan_pump_extraction_line.py
04:19:25 -- ******* Post Equilibration Started jan_pump_extraction_line.py *******
testing...
no interpolation path defined
calculate duration
testing...
no interpolation path defined
executed snippet estimated_duration=4.0, duration=0.000204086303711
executed snippet estimated_duration=4.0, duration=0.00186586380005
Pump after analysis
doing GOSUB
testing...
no interpolation path defined
executed snippet estimated_duration=4.0, duration=0.000221967697144
Pump Microbone
close () {'description': 'Jan Inlet'}
closing name=--- desc=Jan Inlet
checking ownership. requestor=129.138.12.150
check software interlocks R
interlocks []
actuate state mode=None-script, software_lock=False
doing actuation None-script close_channel False
Close R ===>> OK
measurement finished
estimated time: 12.583 actual time: :12.693
flush and close file /Users/jan/PychronDev/data/isotopes/d3/3a2ccd-f5db-4a1d-bf45-70bc6b600d50.h5
set_fits () {}
GetIndicatorState R ===>> False
using default fits file=/Users/jan/PychronDev/scripts/measurement/fits/nominal_linear.yaml
change switch state (True, True)
update switch state R False args=() kw={} ncanvase=2
set "Ar40" to "('Linear', 'SEM')"
No fit for "PM41". defaulting to linear. check the measurement script "jan_unknown120_60.py"
set "PM41" to "linear"
set "Ar36" to "('Linear', 'SEM')"
04:19:26 -- CLOSE  VALVE-R (Jan Inlet)
set "Ar37" to "('linear', 'SEM')"
---------------------------------------- close None (Jan Inlet) result=[(True, True)]
set "Ar38" to "('linear', 'SEM')"
set "Ar39" to "('Linear', 'SEM')"
set_baseline_fits () {}
using default fits file=/Users/jan/PychronDev/scripts/measurement/fits/nominal_linear.yaml
set "H1" to "('average', 'SEM')"
set "H2" to "('average', 'SEM')"
set "CDD" to "('average', 'SEM')"
set "L2" to "('average', 'SEM')"
set "L1" to "('average', 'SEM')"
set "AX" to "('average', 'SEM')"
multicollect () {'integration_time': 1, 'ncounts': 120}
build tables- signal [Detector(H2), Detector(H1), Detector(AX), Detector(L1), Detector(L2), Detector(CDD)]
add group /signal/PM41 (Group) '' table H2
add group /signal/Ar40 (Group) '' table H1
add group /signal/Ar39 (Group) '' table AX
add group /signal/Ar38 (Group) '' table L1
add group /signal/Ar37 (Group) '' table L2
add group /signal/Ar36 (Group) '' table CDD
flush and close file /Users/jan/PychronDev/data/isotopes/d3/3a2ccd-f5db-4a1d-bf45-70bc6b600d50.h5
measuring signal. ncounts=120
action=close, ok=True, locked=[False]
is_closed ('F',) {}
is F () closed?
is closed True
open () {'description': 'CO2 Laser to Jan'}
opening name=--- desc=CO2 Laser to Jan
checking ownership. requestor=129.138.12.150
check software interlocks A
interlocks []
actuate state mode=None-script, software_lock=False
doing actuation None-script open_channel False
Open A ===>> OK
GetIndicatorState A ===>> OK
change switch state (True, True)
update switch state A True args=() kw={} ncanvase=2
04:19:26 -- OPEN   VALVE-A (CO2 Laser to Jan)
---------------------------------------- open None (CO2 Laser to Jan) result=[(True, True)], time=0.16 sec
"signal" increment series count="2" fit count="1" regressing="True"
starting measurement
GetData ===>> H2,-0.0516195096477508,H1,1583.77196595048,AX,387.07811760551,L1,4.99132654647513,L2,1.5981045714...
action=open, ok=True, locked=[False]
sleep (1,) {}
SLEEP 1.0
GetData ===>> H2,0.0623702971965896,H1,1583.48035940625,AX,387.13189278282,L1,5.04135663069889,L2,1.54495366791...
close () {'description': 'CO2 Laser to Roughing'}
closing name=--- desc=CO2 Laser to Roughing
checking ownership. requestor=129.138.12.150
check software interlocks G
interlocks []
actuate state mode=None-script, software_lock=True
VALVE-G(CO2 Laser to Roughing) software locked
change switch state (True, False)
---------------------------------------- close None (CO2 Laser to Roughing) result=[(True, False)]
action=close, ok=True, locked=[True]
open () {'description': 'Microbone to Turbo'}
opening name=--- desc=Microbone to Turbo
checking ownership. requestor=129.138.12.150
check software interlocks U
interlocks []
actuate state mode=None-script, software_lock=False
doing actuation None-script open_channel True
Open U ===>> OK
GetIndicatorState U ===>> OK
change switch state (True, True)
update switch state U True args=() kw={} ncanvase=2
04:19:28 -- OPEN   VALVE-U (Microbone to Turbo)
---------------------------------------- open None (Microbone to Turbo) result=[(True, True)], time=0.22 sec
action=open, ok=True, locked=[False]
open () {'description': 'Microbone to Getter NP-10'}
opening name=--- desc=Microbone to Getter NP-10
checking ownership. requestor=129.138.12.150
check software interlocks M
interlocks []
actuate state mode=None-script, software_lock=False
doing actuation None-script open_channel False
Open M ===>> OK
GetIndicatorState M ===>> OK
change switch state (True, True)
update switch state M True args=() kw={} ncanvase=2
04:19:28 -- OPEN   VALVE-M (Microbone to Getter NP-10)
---------------------------------------- open None (Microbone to Getter NP-10) result=[(True, True)], time=0.18 sec
action=open, ok=True, locked=[False]
open () {'description': 'Microbone to Getter D-50'}
opening name=--- desc=Microbone to Getter D-50
checking ownership. requestor=129.138.12.150
check software interlocks K
interlocks []
actuate state mode=None-script, software_lock=False
doing actuation None-script open_channel False
GetData ===>> H2,0.0220921104388187,H1,1582.32335362954,AX,387.116396126456,L1,5.03261966866097,L2,1.4731743666...
Open K ===>> OK
GetIndicatorState K ===>> OK
change switch state (True, True)
update switch state K True args=() kw={} ncanvase=2
04:19:29 -- OPEN   VALVE-K (Microbone to Getter D-50)
---------------------------------------- open None (Microbone to Getter D-50) result=[(True, True)], time=0.41 sec
action=open, ok=True, locked=[False]
open () {'description': 'Microbone to CO2 Laser'}
opening name=--- desc=Microbone to CO2 Laser
checking ownership. requestor=129.138.12.150
check software interlocks T
interlocks []
actuate state mode=None-script, software_lock=False
doing actuation None-script open_channel False
Open T ===>> OK
GetIndicatorState T ===>> OK
change switch state (True, True)
update switch state T True args=() kw={} ncanvase=2
04:19:30 -- OPEN   VALVE-T (Microbone to CO2 Laser)
---------------------------------------- open None (Microbone to CO2 Laser) result=[(True, True)], time=0.43 sec
GetData ===>> H2,0.0864472340780104,H1,1581.57935353399,AX,386.851983392306,L1,5.01606875623137,L2,1.5196130293...
action=open, ok=True, locked=[False]
open () {'description': 'Microbone to Inlet Pipette'}
opening name=--- desc=Microbone to Inlet Pipette
checking ownership. requestor=129.138.12.150
check software interlocks S
interlocks []
actuate state mode=None-script, software_lock=False
doing actuation None-script open_channel False
Open S ===>> OK
GetIndicatorState S ===>> OK
change switch state (True, True)
update switch state S True args=() kw={} ncanvase=2
04:19:30 -- OPEN   VALVE-S (Microbone to Inlet Pipette)
---------------------------------------- open None (Microbone to Inlet Pipette) result=[(True, True)], time=0.44 sec
action=open, ok=True, locked=[False]
sleep (1,) {}
SLEEP 1.0
testing H1>-5.0
evaluate ot="H1.bs>-5.0" t="H1>-5.0", ctx="{'H1': None}"
GetData ===>> H2,-0.107377295658019,H1,1581.36271644686,AX,386.663989607361,L1,4.98919901463048,L2,1.5112933261...
set_resource () {'name': 'CO2PumpTimeFlag', 'value': 30}
Set CO2PumpTimeFlag 30 ===>> OK
release ('JanCO2Flag',) {}
release JanCO2Flag
Set JanCO2Flag 0 ===>> OK
executed snippet estimated_duration=6.0, duration=6.12125992775
PumpMicrobone.py completed successfully
gosub finished
get_resource_value () {'name': 'JanMiniboneFlag'}
Read JanMiniboneFlag ===>> 0
Get Resource Value JanMiniboneFlag=0.0
get resource value 0.0
get_resource_value () {'name': 'JanMiniboneFlag'}
Read JanMiniboneFlag ===>> 0
Get Resource Value JanMiniboneFlag=0.0
executed snippet estimated_duration=4.0, duration=6.13499093056
jan_pump_extraction_line.py completed successfully
Post Equilibration Finished
04:19:32 -- ******* Post Equilibration Finished *******
GetData ===>> H2,-0.200108168424879,H1,1581.27182762196,AX,386.499966113397,L1,4.99953911298012,L2,1.5850984448...
GetData ===>> H2,-0.237652163701539,H1,1580.55184293547,AX,386.561870028026,L1,4.96730009591072,L2,1.5131893279...
GetData ===>> H2,-0.172421163648099,H1,1579.74440772847,AX,386.265018507915,L1,4.94842810256718,L2,1.4200650324...
GetData ===>> H2,-0.154830684680837,H1,1578.84988999543,AX,385.913313524727,L1,5.00495779239372,L2,1.4681664857...
testing H1>-5.0
evaluate ot="H1.bs>-5.0" t="H1>-5.0", ctx="{'H1': None}"
GetData ===>> H2,-0.15280783212728,H1,1578.80344910778,AX,385.989238096373,L1,4.97157688065467,L2,1.40848247351...
GetData ===>> H2,-0.0963995345975385,H1,1577.99219550673,AX,386.066586040237,L1,4.98114246317807,L2,1.512833106...
GetData ===>> H2,-0.10411079446383,H1,1577.11231695053,AX,386.105903687421,L1,4.99055095127127,L2,1.53894774668...
GetData ===>> H2,-0.138150567817702,H1,1576.89427183065,AX,385.660134569684,L1,4.93703649674166,L2,1.4985623528...
GetData ===>> H2,-0.1500649585051,H1,1576.0268613426,AX,385.202475061196,L1,4.94071623428497,L2,1.4928408564544...
testing H1>-5.0
evaluate ot="H1.bs>-5.0" t="H1>-5.0", ctx="{'H1': None}"
GetData ===>> H2,-0.0446368024581622,H1,1575.52009139189,AX,385.174067790349,L1,4.9824175722954,L2,1.5096846266...
GetData ===>> H2,-0.0237186561074935,H1,1574.08819810119,AX,385.154336397267,L1,4.97705101647964,L2,1.503675222...
GetData ===>> H2,-0.188379225132343,H1,1573.45767906165,AX,385.007954573254,L1,4.96679308162661,L2,1.5842827479...
GetData ===>> H2,-0.128802049240512,H1,1572.74215349486,AX,384.830052758585,L1,4.95314138285807,L2,1.4831794216...
GetData ===>> H2,-0.155473814004434,H1,1572.02331525273,AX,384.747207733033,L1,4.92191129059007,L2,1.5812612831...
testing H1>-5.0
evaluate ot="H1.bs>-5.0" t="H1>-5.0", ctx="{'H1': None}"
GetData ===>> H2,-0.0579862752573346,H1,1571.46433741156,AX,384.357106392424,L1,4.90624996386803,L2,1.561469009...
GetData ===>> H2,0.00807212723017987,H1,1571.23063872431,AX,384.543024361387,L1,4.88912610749562,L2,1.506697113...
GetData ===>> H2,-0.134587872512051,H1,1571.42378980444,AX,384.137099576542,L1,4.89225022063071,L2,1.4965747262...
GetData ===>> H2,-0.137355649669961,H1,1570.3741115882,AX,383.978203491764,L1,4.9049863869319,L2,1.483627433500...
GetData ===>> H2,-0.0318022686188693,H1,1569.08323479215,AX,384.146897632463,L1,4.90872676548283,L2,1.461240877...
testing H1>-5.0
evaluate ot="H1.bs>-5.0" t="H1>-5.0", ctx="{'H1': None}"
04:19:52 -- collecting point 25
GetData ===>> H2,-0.123461637690915,H1,1569.14439658337,AX,383.860133485589,L1,4.89836052539994,L2,1.5199233084...
GetData ===>> H2,-0.151647557610119,H1,1568.8252617165,AX,383.566039508583,L1,4.9185716705375,L2,1.470555534072...
GetData ===>> H2,-0.0525137578928743,H1,1567.87192543295,AX,383.413711487421,L1,4.88029870906748,L2,1.577206005...
GetData ===>> H2,-0.0214861480829858,H1,1567.38532120328,AX,383.344457385957,L1,4.89509615362844,L2,1.463813516...
GetData ===>> H2,-0.0136175813397756,H1,1566.78620382372,AX,383.030199809647,L1,4.9222234919795,L2,1.5614230653...
testing H1>-5.0
evaluate ot="H1.bs>-5.0" t="H1>-5.0", ctx="{'H1': None}"
GetData ===>> H2,-0.0486065024990314,H1,1565.57463426258,AX,382.851646583878,L1,4.90251681885604,L2,1.504491008...
GetData ===>> H2,-0.0891519221465832,H1,1565.39106061048,AX,383.029683302219,L1,4.90334556821388,L2,1.431212694...
GetData ===>> H2,-0.0759324974375242,H1,1564.70767920314,AX,382.866341128407,L1,4.88357322557233,L2,1.327997555...
GetData ===>> H2,-0.153047025895644,H1,1564.19556881808,AX,383.213478527635,L1,4.89803673569396,L2,1.4778149289...
GetData ===>> H2,-0.150679389682107,H1,1563.80455162381,AX,382.498163523194,L1,4.90142276654115,L2,1.4125574469...
testing H1>-5.0
evaluate ot="H1.bs>-5.0" t="H1>-5.0", ctx="{'H1': None}"
GetData ===>> H2,-0.268653206603845,H1,1563.2458334277,AX,382.275751975981,L1,4.8759959561306,L2,1.546814086523...
GetData ===>> H2,-0.151858194074652,H1,1562.70801623795,AX,382.055967855949,L1,4.84973358545588,L2,1.4644452014...
GetData ===>> H2,-0.117902237179571,H1,1562.36889505064,AX,382.051671276944,L1,4.86903656190605,L2,1.5256004423...
GetData ===>> H2,-0.0738205611753273,H1,1561.28545710045,AX,381.872769105148,L1,4.88523957671578,L2,1.611399748...
GetData ===>> H2,-0.0630806500189324,H1,1560.58816822636,AX,381.539165016207,L1,4.86411069842191,L2,1.611870916...
testing H1>-5.0
evaluate ot="H1.bs>-5.0" t="H1>-5.0", ctx="{'H1': None}"
GetData ===>> H2,-0.0541419506700446,H1,1559.44873779749,AX,381.629151592142,L1,4.82354213940699,L2,1.527944943...
GetData ===>> H2,-0.0664867399843415,H1,1558.93359380355,AX,381.286744176115,L1,4.84860073927741,L2,1.446059112...
GetData ===>> H2,-0.0743018134942693,H1,1557.77546723492,AX,381.450295469866,L1,4.81516048267642,L2,1.525152235...
GetData ===>> H2,-0.11124766811462,H1,1557.55330480235,AX,381.219508718606,L1,4.83338609036595,L2,1.46655850575...
GetData ===>> H2,-0.029171308419462,H1,1557.59039300842,AX,380.916962747357,L1,4.80672650117169,L2,1.4731973391...
testing H1>-5.0
evaluate ot="H1.bs>-5.0" t="H1>-5.0", ctx="{'H1': None}"
GetData ===>> H2,-0.0902454561329143,H1,1557.14032054439,AX,380.698450215499,L1,4.81938109969949,L2,1.490301907...
GetData ===>> H2,-0.09906982570011,H1,1556.01659106616,AX,380.686278129042,L1,4.82745960750667,L2,1.54101475192...
GetData ===>> H2,-0.052630452787098,H1,1554.88572183312,AX,380.811966856152,L1,4.83156500407731,L2,1.4534315013...
GetData ===>> H2,-0.0786240378150719,H1,1554.14256945599,AX,380.404359547695,L1,4.83080034604071,L2,1.393710704...
GetData ===>> H2,-0.140941803395306,H1,1554.13357693117,AX,380.296995081831,L1,4.85958668046552,L2,1.5010325817...
testing H1>-5.0
evaluate ot="H1.bs>-5.0" t="H1>-5.0", ctx="{'H1': None}"
04:20:18 -- collecting point 50
GetData ===>> H2,-0.118972396637308,H1,1553.20448691211,AX,380.218889414877,L1,4.86491342073828,L2,1.5675222797...
GetData ===>> H2,-0.0282502609324167,H1,1552.43706469054,AX,380.163420990004,L1,4.84462542568596,L2,1.359309412...
GetData ===>> H2,-0.0977496537035054,H1,1552.11494132538,AX,380.089365575439,L1,4.79524178264492,L2,1.572243405...
GetData ===>> H2,-0.115803565939112,H1,1551.48768499567,AX,379.833020724211,L1,4.82106944874337,L2,1.4210178717...
GetData ===>> H2,-0.0534920583056841,H1,1550.2586746958,AX,379.625102663257,L1,4.81813766884301,L2,1.4728872104...
testing H1>-5.0
evaluate ot="H1.bs>-5.0" t="H1>-5.0", ctx="{'H1': None}"
GetData ===>> H2,-0.0406794828615246,H1,1549.61808984112,AX,379.570345423376,L1,4.80614997609356,L2,1.477562219...
GetData ===>> H2,-0.149122315842473,H1,1549.00075951762,AX,379.258909020081,L1,4.80583497880298,L2,1.5133616936...
GetData ===>> H2,-0.106730565108235,H1,1548.49943280865,AX,379.24365401746,L1,4.79622537558093,L2,1.48424776101...
GetData ===>> H2,-0.0644850327176749,H1,1547.94227996703,AX,379.117667001272,L1,4.82196652357065,L2,1.357519688...
GetData ===>> H2,-0.033575820582626,H1,1548.13748091451,AX,379.291918696116,L1,4.84911281471112,L2,1.4568078303...
testing H1>-5.0
evaluate ot="H1.bs>-5.0" t="H1>-5.0", ctx="{'H1': None}"
GetData ===>> H2,-0.0718858569967492,H1,1547.38324273554,AX,379.041276279942,L1,4.81557385567102,L2,1.406783662...
GetData ===>> H2,-0.149534225213843,H1,1546.32125038295,AX,378.226118154901,L1,4.86582790190798,L2,1.4486543126...
GetData ===>> H2,-0.0369198311200752,H1,1546.05797392664,AX,378.063424250409,L1,4.8818868972034,L2,1.5620547927...
GetData ===>> H2,0.0349414326378914,H1,1545.66133631272,AX,378.612780356282,L1,4.86738446096053,L2,1.4950237166...
GetData ===>> H2,-0.0805223697852066,H1,1544.98998401613,AX,378.312600232436,L1,4.86026309974329,L2,1.562123708...
testing H1>-5.0
evaluate ot="H1.bs>-5.0" t="H1>-5.0", ctx="{'H1': None}"
GetData ===>> H2,-0.0768893818347913,H1,1544.14565164606,AX,378.1647018287,L1,4.87928476012484,L2,1.47160076134...
GetData ===>> H2,-0.122377024405148,H1,1543.35117193716,AX,378.179450995235,L1,4.87336970833287,L2,1.3934352619...
GetData ===>> H2,-0.0537647733972818,H1,1543.1444521367,AX,377.762798772102,L1,4.82476654623899,L2,1.4858215727...
GetData ===>> H2,-0.0506586912404326,H1,1541.69439717536,AX,377.584576747466,L1,4.81101264143742,L2,1.502468790...
GetData ===>> H2,-0.0249825231423523,H1,1541.54093987637,AX,377.734689502472,L1,4.78078319075008,L2,1.505950249...
testing H1>-5.0
evaluate ot="H1.bs>-5.0" t="H1>-5.0", ctx="{'H1': None}"
GetData ===>> H2,-0.0313690237073285,H1,1541.35965645871,AX,377.61820591224,L1,4.76555302295272,L2,1.4654559064...
GetData ===>> H2,0.0234297374151346,H1,1540.9930362292,AX,377.3250808531,L1,4.79454202282671,L2,1.3730546861926...
GetData ===>> H2,-0.0312359232175299,H1,1540.32985817011,AX,377.092174031766,L1,4.78682350044056,L2,1.398335964...
GetData ===>> H2,0.00392126781540287,H1,1538.96992613022,AX,376.861835743721,L1,4.83994956013738,L2,1.476781120...
GetData ===>> H2,-0.0648672767686309,H1,1537.70781013686,AX,376.449458785915,L1,4.7826680327914,L2,1.4899227942...
testing H1>-5.0
evaluate ot="H1.bs>-5.0" t="H1>-5.0", ctx="{'H1': None}"
04:20:44 -- collecting point 75
GetData ===>> H2,-0.0848828617735232,H1,1537.56358781138,AX,376.76242422422,L1,4.75203702045518,L2,1.5593326512...
GetData ===>> H2,-0.15291188879361,H1,1537.50278995492,AX,376.348712759302,L1,4.74451983690429,L2,1.42558703968...
GetData ===>> H2,-0.186674673359229,H1,1536.20486327826,AX,376.332614866703,L1,4.7395357454309,L2,1.43714869091...
GetData ===>> H2,-0.126371459555885,H1,1535.81077997465,AX,376.373059226906,L1,4.72408812169641,L2,1.3341050189...
GetData ===>> H2,-0.14370532844324,H1,1535.62077569431,AX,376.247852144413,L1,4.76432178668518,L2,1.49279490203...
testing H1>-5.0
evaluate ot="H1.bs>-5.0" t="H1>-5.0", ctx="{'H1': None}"
GetData ===>> H2,-0.147121979210453,H1,1534.90067588127,AX,376.119319021321,L1,4.75691238436518,L2,1.5236697196...
GetData ===>> H2,-0.0729895057178141,H1,1534.18137151585,AX,376.1452080813,L1,4.78792967213466,L2,1.43564456445...
GetData ===>> H2,0.0288839231392975,H1,1533.51707797149,AX,375.852187227094,L1,4.80380104635294,L2,1.4755405660...
GetData ===>> H2,-0.00788255260849298,H1,1533.03221381712,AX,375.546462712575,L1,4.80760917108812,L2,1.42105231...
GetData ===>> H2,-0.0928819716591651,H1,1532.37229720081,AX,375.640077760272,L1,4.81903453295266,L2,1.412190118...
testing H1>-5.0
evaluate ot="H1.bs>-5.0" t="H1>-5.0", ctx="{'H1': None}"
GetData ===>> H2,-0.130765688785954,H1,1532.08059255229,AX,375.367193521429,L1,4.81272661797016,L2,1.4828118237...
GetData ===>> H2,-0.173583988902076,H1,1531.54745572112,AX,375.06446680579,L1,4.80343828427052,L2,1.38804133418...
GetData ===>> H2,-0.219952505168504,H1,1530.67617261794,AX,375.022564855221,L1,4.81850800790163,L2,1.4776656004...
GetData ===>> H2,-0.150969713709019,H1,1529.48673924118,AX,375.212918085662,L1,4.8048008926798,L2,1.43764241693...
GetData ===>> H2,-0.123559004387918,H1,1528.97423633383,AX,374.916309587761,L1,4.80786031249464,L2,1.5315997203...
testing H1>-5.0
evaluate ot="H1.bs>-5.0" t="H1>-5.0", ctx="{'H1': None}"
GetData ===>> H2,-0.115546448658232,H1,1528.95970427049,AX,374.616863348324,L1,4.7572417293879,L2,1.46857997062...
GetData ===>> H2,-0.127173152060229,H1,1527.87380311228,AX,374.570590127947,L1,4.76621165667524,L2,1.4262758777...
GetData ===>> H2,-0.0760571951498513,H1,1527.61686934041,AX,374.585550074985,L1,4.79228107168491,L2,1.416460400...
GetData ===>> H2,-0.148509150897809,H1,1527.20524390367,AX,374.163178641604,L1,4.75794198740239,L2,1.4836504085...
GetData ===>> H2,-0.159172450264036,H1,1526.13476501166,AX,374.21843349609,L1,4.7634475059972,L2,1.481054265710...
testing H1>-5.0
evaluate ot="H1.bs>-5.0" t="H1>-5.0", ctx="{'H1': None}"
GetData ===>> H2,-0.173546219191967,H1,1525.92828947839,AX,373.885398626761,L1,4.79338624230193,L2,1.3756020223...
GetData ===>> H2,-0.0752778120199094,H1,1525.46114553561,AX,373.822482367988,L1,4.76496454831234,L2,1.508052973...
GetData ===>> H2,-0.0620069123799533,H1,1524.89350067567,AX,373.705298069062,L1,4.79375911094345,L2,1.394640329...
GetData ===>> H2,-0.146919359599815,H1,1524.21868698802,AX,373.523230281373,L1,4.76756018438351,L2,1.5562775121...
GetData ===>> H2,-0.156054760806375,H1,1523.36709680945,AX,373.378807106599,L1,4.75453898421369,L2,1.4874413621...
testing H1>-5.0
evaluate ot="H1.bs>-5.0" t="H1>-5.0", ctx="{'H1': None}"
04:21:11 -- collecting point 100
GetData ===>> H2,0.011346821947155,H1,1522.94076972994,AX,373.556689126377,L1,4.78539081994528,L2,1.45154815831...
GetData ===>> H2,0.0684878886338363,H1,1522.51430738479,AX,373.177397964995,L1,4.76945786506123,L2,1.5610440308...
GetData ===>> H2,-0.0226703102665405,H1,1521.91100215598,AX,373.075647071833,L1,4.74700495457124,L2,1.378493674...
GetData ===>> H2,-0.146797786095573,H1,1521.45093584492,AX,372.891739638234,L1,4.77329713843882,L2,1.4699927240...
GetData ===>> H2,-0.150869789069038,H1,1520.55403863483,AX,372.954281660726,L1,4.78289678794671,L2,1.5469404125...
testing H1>-5.0
evaluate ot="H1.bs>-5.0" t="H1>-5.0", ctx="{'H1': None}"
GetData ===>> H2,-0.110492235690654,H1,1520.14243540148,AX,372.540653669858,L1,4.72046378114595,L2,1.4329119367...
GetData ===>> H2,-0.124861203677414,H1,1519.13921064283,AX,372.675544589143,L1,4.73819997454264,L2,1.4270795283...
GetData ===>> H2,-0.223728191578833,H1,1518.92492507645,AX,372.552484360623,L1,4.77060343853856,L2,1.4025826764...
GetData ===>> H2,-0.184732466108837,H1,1518.28199009179,AX,372.398067253216,L1,4.75913934182646,L2,1.4256674038...
GetData ===>> H2,-0.242077307084048,H1,1517.88629495146,AX,372.185051241908,L1,4.76395514537485,L2,1.4216837169...
testing H1>-5.0
evaluate ot="H1.bs>-5.0" t="H1>-5.0", ctx="{'H1': None}"
GetData ===>> H2,-0.198486020501592,H1,1516.84310225423,AX,372.260358968257,L1,4.76439006925526,L2,1.3776674795...
GetData ===>> H2,-0.0883496593208697,H1,1516.13597600963,AX,371.931302887001,L1,4.82508325935603,L2,1.395856889...
GetData ===>> H2,-0.029842349250877,H1,1515.30211603825,AX,371.66170499271,L1,4.82633532133637,L2,1.49941256399...
GetData ===>> H2,0.0421762004924299,H1,1514.81204139383,AX,371.207201678452,L1,4.79149978705744,L2,1.4318212036...
GetData ===>> H2,-0.0557970413424907,H1,1514.34433993559,AX,371.066514061038,L1,4.78194465938385,L2,1.424243819...
testing H1>-5.0
evaluate ot="H1.bs>-5.0" t="H1>-5.0", ctx="{'H1': None}"
GetData ===>> H2,-0.127334024509765,H1,1513.2141311847,AX,370.934366352854,L1,4.74461031342624,L2,1.40709357827...
GetData ===>> H2,-0.127334024509765,H1,1513.2141311847,AX,370.934366352854,L1,4.74461031342624,L2,1.40709357827...
GetData ===>> H2,-0.0179247726336227,H1,1512.60624713705,AX,370.694091001455,L1,4.76506500376642,L2,1.438159109...
GetData ===>> H2,0.0186424135446747,H1,1511.90277575402,AX,370.475010534445,L1,4.76728126898565,L2,1.4035123870...
GetData ===>> H2,-0.0642830617054272,H1,1510.83799268217,AX,370.593172013161,L1,4.81234901748775,L2,1.500664915...
testing H1>-5.0
evaluate ot="H1.bs>-5.0" t="H1>-5.0", ctx="{'H1': None}"
GetData ===>> H2,-0.0838833067626228,H1,1510.35743307675,AX,370.742813069775,L1,4.77467760709952,L2,1.504295678...
measurement finished
estimated time: 125.829 actual time: :126.370
flush and close file /Users/jan/PychronDev/data/isotopes/d3/3a2ccd-f5db-4a1d-bf45-70bc6b600d50.h5
baselines () {'settling_time': 15.0, 'detector': 'H1', 'mass': 34.2, 'ncounts': 60}
%%%%%%%%%%%%%%%%%%%%%%%%%%%%%%%% Baseline
build tables- baseline [Detector(H2), Detector(H1), Detector(AX), Detector(L1), Detector(L2), Detector(CDD)]
add group baseline table H2
add group baseline table H1
add group baseline table AX
add group baseline table L1
add group baseline table L2
add group baseline table CDD
flush and close file /Users/jan/PychronDev/data/isotopes/d3/3a2ccd-f5db-4a1d-bf45-70bc6b600d50.h5
detector Detector(H1)
POSITION 34.2 H1
Mapping mass to dac mass func: "parabolic"
H1 map mass coeffs = [-0.00063987  0.15840543  0.57081999]
H1 map mass to dac 34.2 >> 5.23986599104
GetDeflection H1 ===>> 0
GetHighVoltage ===>> 4499.94659342336
positioning 34.2 (5.23983513396) on H1
setting magnet DAC
current  : 5.879175
requested: 5.239835
Delta Dac: 0.639340
Checking detector protection. dv=0.63934
Checking detector "CDD". Protection Threshold: 0.1 (V)
ProtectDetector CDD,On ===>> OK
GetDeflection CDD ===>> 2000
Protected = 2000
SetMagnetDAC 5.23983513396 ===>> OK
Magnet settling time: 0.500
GetMagnetMoving ===>> True
GetMagnetMoving ===>> True
GetMagnetMoving ===>> True
GetMagnetMoving ===>> True
GetMagnetMoving ===>> True
GetMagnetMoving ===>> True
GetMagnetMoving ===>> True
GetMagnetMoving ===>> True
GetMagnetMoving ===>> False
ProtectDetector CDD,Off ===>> OK
GetDeflection CDD ===>> 50
Delaying 15.0s for detectors to settle
Join finished
measuring baseline. ncounts=60
"baseline" increment series count="2" fit count="1" regressing="True"
starting measurement
GetData ===>> H2,-0.0282896582924883,H1,-0.043329749178622,AX,-0.0468902535487163,L1,-0.0810179026203212,L2,-0....
GetData ===>> H2,-0.200089291898024,H1,-0.000670584337103386,AX,-0.209369171685401,L1,-0.0756894324093045,L2,0....
GetData ===>> H2,-0.17291355782369,H1,-0.0948375905408526,AX,-0.201049453349138,L1,-0.0535483298259691,L2,-0.03...
GetData ===>> H2,-0.230581280380289,H1,-0.0827288967850446,AX,-0.149493045187764,L1,-0.044472765710722,L2,0.015...
testing H1>-5.0
evaluate ot="H1.bs>-5.0" t="H1>-5.0", ctx="{'H1': None}"
GetData ===>> H2,-0.151775830282033,H1,-0.12571121498397,AX,-0.0256223463211834,L1,-0.0708384905729122,L2,-0.00...
GetData ===>> H2,-0.103892904094561,H1,-0.00667044174089675,AX,-0.0591108193584882,L1,-0.0545220552557361,L2,-0...
GetData ===>> H2,-0.176830722309026,H1,-0.093157239311714,AX,-0.10127969479325,L1,-0.0267679527292876,L2,-0.026...
GetData ===>> H2,-0.197462450889699,H1,-0.0870314646673308,AX,-0.0928311560509422,L1,-0.00911948246251041,L2,-0...
GetData ===>> H2,-0.14280134472332,H1,-0.063192196379913,AX,-0.00247053005015944,L1,-0.0254331287907539,L2,0.02...
testing H1>-5.0
evaluate ot="H1.bs>-5.0" t="H1>-5.0", ctx="{'H1': None}"
GetData ===>> H2,-0.139296882297856,H1,-0.0434370599050159,AX,-0.0980927464647908,L1,-0.0324755014258148,L2,-0....
GetData ===>> H2,-0.250999712567829,H1,0.0632866197363359,AX,-0.123921405441407,L1,-0.0691853266034746,L2,0.015...
GetData ===>> H2,-0.236429372187495,H1,-0.00368845021003743,AX,-0.0169700574524845,L1,-0.0394372229216686,L2,-0...
GetData ===>> H2,-0.160506796998906,H1,-0.0733841785972576,AX,-0.0727788749974006,L1,-0.0126465384704678,L2,-0....
GetData ===>> H2,-0.207586187755352,H1,0.0120937280999601,AX,-0.059887596618851,L1,-0.0390802682450538,L2,-0.05...
testing H1>-5.0
evaluate ot="H1.bs>-5.0" t="H1>-5.0", ctx="{'H1': None}"
GetData ===>> H2,-0.256411336251711,H1,-0.095683714164818,AX,-0.0983592952346145,L1,-0.0482827727136966,L2,-0.0...
GetData ===>> H2,-0.205837086927185,H1,0.00715481977573447,AX,-0.146130729436823,L1,-0.0307773501644947,L2,-0.0...
GetData ===>> H2,-0.161430483482318,H1,-0.0384291033970417,AX,-0.168551700385643,L1,-0.0449372736787396,L2,-0.0...
GetData ===>> H2,-0.206351873505363,H1,0.0406821484895793,AX,-0.149910427998873,L1,-0.0533904391537986,L2,-0.00...
GetData ===>> H2,-0.16377987293655,H1,0.00779901139058583,AX,-0.128219722552876,L1,-0.0246937470119496,L2,-0.05...
testing H1>-5.0
evaluate ot="H1.bs>-5.0" t="H1>-5.0", ctx="{'H1': None}"
GetData ===>> H2,-0.243248169292452,H1,-0.0464417135265237,AX,-0.108893181456629,L1,0.00674588116596792,L2,0.07...
GetData ===>> H2,-0.242696398780077,H1,-0.125770839789019,AX,-0.0843007484963795,L1,-0.00461955327419021,L2,-0....
GetData ===>> H2,-0.259309017284243,H1,0.0545378214666716,AX,-0.0230012247387588,L1,-0.064724130737984,L2,0.033...
GetData ===>> H2,-0.171988108887698,H1,-0.0536668208071188,AX,-0.105625365187963,L1,-0.0874544379882378,L2,-0.1...
GetData ===>> H2,-0.201906687294186,H1,0.0421380377521931,AX,-0.0583340358974703,L1,-0.0695152639414843,L2,0.00...
testing H1>-5.0
evaluate ot="H1.bs>-5.0" t="H1>-5.0", ctx="{'H1': None}"
04:22:16 -- collecting point 25
GetData ===>> H2,-0.179326250467557,H1,-0.0505431585668735,AX,-0.0344246230113117,L1,-0.0418720822140019,L2,-0....
GetData ===>> H2,-0.272388922116731,H1,0.0136565735149087,AX,-0.0759898360296904,L1,-0.0090751166474151,L2,-0.0...
GetData ===>> H2,-0.0861531721002939,H1,-0.0172140514016704,AX,-0.144959688730736,L1,-0.00396574483836371,L2,-0...
GetData ===>> H2,-0.140095719296038,H1,0.016686892921869,AX,-0.159034432470492,L1,-0.00467353555944235,L2,-0.08...
GetData ===>> H2,-0.132206259524538,H1,0.0360043525109656,AX,-0.137666454540022,L1,-0.0127088682499661,L2,-0.09...
testing H1>-5.0
evaluate ot="H1.bs>-5.0" t="H1>-5.0", ctx="{'H1': None}"
GetData ===>> H2,-0.16061483439363,H1,0.0407298822280968,AX,-0.0931788470170823,L1,-0.0476041873068221,L2,0.014...
GetData ===>> H2,-0.218679290511434,H1,0.0709737800592027,AX,-0.00888538738086914,L1,-0.0125626323884634,L2,0.0...
GetData ===>> H2,-0.179260124040491,H1,-0.019241541320336,AX,-0.0984056514678645,L1,-0.0336573316502172,L2,0.05...
GetData ===>> H2,-0.177898373597349,H1,-0.0245724512023092,AX,-0.0787370362668861,L1,-0.023977082005139,L2,0.03...
GetData ===>> H2,-0.122908524911776,H1,-0.00761273259330935,AX,-0.141655190913454,L1,-0.0220713196083086,L2,-0....
testing H1>-5.0
evaluate ot="H1.bs>-5.0" t="H1>-5.0", ctx="{'H1': None}"
GetData ===>> H2,-0.174117274318362,H1,-0.00232863258078349,AX,-0.0508093497823899,L1,-0.0441483157068815,L2,-0...
GetData ===>> H2,-0.113242959428743,H1,0.011759687969959,AX,-0.0468554679642266,L1,-0.0289064171039752,L2,-0.00...
GetData ===>> H2,-0.0473644229354908,H1,0.0976354254287994,AX,-0.0619396500019096,L1,-0.00410970630415903,L2,0....
GetData ===>> H2,-0.161928756770568,H1,0.0403838131395108,AX,-0.126887380417564,L1,-0.0400912076587791,L2,0.013...
GetData ===>> H2,-0.26568794152121,H1,0.0616991275384617,AX,-0.0311659019190273,L1,-0.0366770823234001,L2,-0.01...
testing H1>-5.0
evaluate ot="H1.bs>-5.0" t="H1>-5.0", ctx="{'H1': None}"
GetData ===>> H2,-0.223212358769223,H1,-0.0188121939417083,AX,-0.134176176035133,L1,0.0374049856475747,L2,0.009...
GetData ===>> H2,-0.262849643660402,H1,0.0276994165090862,AX,-0.0557601717599173,L1,0.0332736479593952,L2,-0.05...
GetData ===>> H2,-0.206765572438561,H1,-0.0207203904163176,AX,-0.0404894966611623,L1,0.036712504952694,L2,-0.06...
GetData ===>> H2,-0.224895799246625,H1,0.0679298804758368,AX,-0.115718159980594,L1,0.0345367898590755,L2,-0.072...
GetData ===>> H2,-0.194930728758571,H1,-0.00659887498459784,AX,-0.104663540200924,L1,0.0268498169814119,L2,-0.1...
testing H1>-5.0
evaluate ot="H1.bs>-5.0" t="H1>-5.0", ctx="{'H1': None}"
GetData ===>> H2,-0.130153653635232,H1,-0.0091275360042385,AX,0.0263725506513155,L1,-0.0315689782237975,L2,0.06...
GetData ===>> H2,-0.265460742644445,H1,0.0596103603594635,AX,-0.00999895426874495,L1,-0.0305042779195116,L2,0.0...
GetData ===>> H2,-0.365596896565685,H1,0.0171879781972752,AX,-0.0435275895559115,L1,-0.0441722607146679,L2,0.09...
GetData ===>> H2,-0.29075650872266,H1,0.0442503081735214,AX,0.0205475552813326,L1,-0.030071898364202,L2,-0.0085...
GetData ===>> H2,-0.294574372357171,H1,0.0521269636628354,AX,-0.0594818182265234,L1,-0.0339566586944627,L2,-0.0...
testing H1>-5.0
evaluate ot="H1.bs>-5.0" t="H1>-5.0", ctx="{'H1': None}"
04:22:43 -- collecting point 50
GetData ===>> H2,-0.187618681530113,H1,0.0384506216152715,AX,-0.133769020892381,L1,-0.0413679123643635,L2,-0.01...
GetData ===>> H2,-0.194998111351866,H1,-0.0110120625781416,AX,-0.0509948652183097,L1,-0.0319881206426404,L2,0.0...
GetData ===>> H2,-0.263731730275568,H1,0.027890326841651,AX,-0.0675391009469231,L1,-0.030985742414731,L2,-0.036...
GetData ===>> H2,-0.23218825980515,H1,-0.0172259779330773,AX,0.0229494533751912,L1,-0.0102513441498042,L2,-0.01...
GetData ===>> H2,-0.257608937506119,H1,0.0324961489510446,AX,-0.112114538283886,L1,0.0492534117150031,L2,-0.006...
testing H1>-5.0
evaluate ot="H1.bs>-5.0" t="H1>-5.0", ctx="{'H1': None}"
GetData ===>> H2,-0.20219383062725,H1,0.0801015359135128,AX,-0.0760130194785374,L1,0.047958401826927,L2,0.00152...
GetData ===>> H2,-0.070345450804082,H1,0.0468399886502937,AX,-0.181858084810874,L1,0.0534028908253917,L2,0.0112...
GetData ===>> H2,-0.126510712064801,H1,-0.0235468395920922,AX,0.00464082757994672,L1,0.0184818398543651,L2,0.02...
GetData ===>> H2,-0.111659208721986,H1,-0.0058712767243339,AX,-0.0764187289397793,L1,-0.00850553813779721,L2,-0...
GetData ===>> H2,-0.134835336842085,H1,-0.0288894453168929,AX,-0.0411968473703075,L1,-0.0252354064107662,L2,0.0...
testing H1>-5.0
evaluate ot="H1.bs>-5.0" t="H1>-5.0", ctx="{'H1': None}"
GetData ===>> H2,-0.232896119588854,H1,0.0413981569567181,AX,-0.0302033406506265,L1,-0.0107285104063697,L2,-0.0...
measurement finished
estimated time: 62.915 actual time: :63.245
flush and close file /Users/jan/PychronDev/data/isotopes/d3/3a2ccd-f5db-4a1d-bf45-70bc6b600d50.h5
activate_detectors ('H1', 'AX', 'CDD') {'peak_center': True}
peak_center () {'detector': 'H1', 'integration_time': 0.262144, 'isotope': 'Ar40'}
peak center: mean=1513.27271844 threshold=3
peak center started
setup peak center. detector=['H1', 'AX', 'CDD'], isotope=Ar40
VersionedUnpickler [<apptools.sweet_pickle.versioned_unpickler.VersionedUnpickler object at 0x16ed59470>] using Updater [<apptools.sweet_pickle.updater.Updater object at 0x135230b30>]
VersionedUnpickler [<apptools.sweet_pickle.versioned_unpickler.VersionedUnpickler object at 0x16ed59470>] using Updater [<apptools.sweet_pickle.updater.Updater object at 0x135230b30>]
VersionedUnpickler [<apptools.sweet_pickle.versioned_unpickler.VersionedUnpickler object at 0x1a78a9f50>] using Updater [<apptools.sweet_pickle.updater.Updater object at 0x135230b30>]
setting integration time = 0.524288
SetIntegrationTime 0.524288 ===>> OK
Mapping mass to dac mass func: "parabolic"
H1 map mass coeffs = [-0.00063987  0.15840543  0.57081999]
H1 map mass to dac 39.9624 >> 5.87921
GetDeflection H1 ===>> 0
GetHighVoltage ===>> 4499.94659342336
do peak center. <pychron.spectrometer.jobs.peak_center.PeakCenter object at 0x1352309b0>
doing pc
starting peak center. center dac= 5.87917537788 step_width=0.001
width = 0.001
get scan parameters. half-width=0.015,window=0.015, i=0, scalar=1
Scan parameters center=5.87918 width=0.03000 (5.86418 - 5.89418)
GetData ===>> H2,-0.180292461967869,H1,0.033856458188475,AX,-0.136043084767277,L1,-0.0298598938390509,L2,-0.039...
Moving to starting dac 5.86417537788
setting magnet DAC
current  : 5.239835
requested: 5.864175
Delta Dac: 0.624340
Checking detector protection. dv=0.62434
Checking detector "CDD". Protection Threshold: 0.1 (V)
ProtectDetector CDD,On ===>> OK
GetDeflection CDD ===>> 2000
Protected = 2000
SetMagnetDAC 5.86417537788 ===>> OK
Magnet settling time: 0.500
GetMagnetMoving ===>> True
GetMagnetMoving ===>> True
GetMagnetMoving ===>> True
GetMagnetMoving ===>> True
GetMagnetMoving ===>> True
GetMagnetMoving ===>> True
GetMagnetMoving ===>> True
GetMagnetMoving ===>> True
GetMagnetMoving ===>> False
ProtectDetector CDD,Off ===>> OK
GetDeflection CDD ===>> 50
Wait until signal near baseline. tol= 0.0253923436414. timeout= 10
GetData ===>> H2,10.3958366377586,H1,5.13162223648138,AX,-0.0321632445163806,L1,0.0376526552134253,L2,-0.189239...
GetData ===>> H2,111.68296250781,H1,60.9646082876395,AX,5.57476240021258,L1,0.0705312430800881,L2,-0.0065130196...
GetData ===>> H2,109.651939082896,H1,52.6761744659666,AX,8.24154888167264,L1,0.0755814917934716,L2,-0.242579312...
GetData ===>> H2,57.1477365010799,H1,25.5925295139942,AX,3.79896469213325,L1,0.0313521968831564,L2,-0.010452498...
GetData ===>> H2,23.2101383609913,H1,13.0628550374305,AX,1.65504143258488,L1,0.0102895272676568,L2,-0.030238522...
GetData ===>> H2,7.67691186969808,H1,7.10095184813777,AX,0.85732398972472,L1,0.0198959818701262,L2,-0.053844336...
GetData ===>> H2,2.20766187321592,H1,4.11004621275979,AX,0.400420472001035,L1,0.0391388002967995,L2,0.093781973...
GetData ===>> H2,0.774465394972958,H1,2.73112941353453,AX,0.282901423333243,L1,0.0819237651267526,L2,0.06950741...
GetData ===>> H2,0.509632122595324,H1,1.98231247447735,AX,0.327991354787023,L1,0.0441134476775303,L2,-0.0446257...
GetData ===>> H2,0.579350971551504,H1,1.69014890350792,AX,0.236578782429418,L1,0.0489378354423653,L2,0.08001423...
GetData ===>> H2,0.677583091204696,H1,1.49695675656802,AX,0.146991294800757,L1,0.0413876722401582,L2,-0.2600567...
GetData ===>> H2,0.589638462610705,H1,1.43699028680981,AX,0.171671259787877,L1,0.0203376574570881,L2,-0.2356602...
GetData ===>> H2,0.540181057295509,H1,1.25764028219779,AX,0.0918550952734124,L1,-0.00358663646416046,L2,-0.0992...
GetData ===>> H2,0.430088162183775,H1,1.29049163180042,AX,0.179837436747215,L1,-0.0260517338962138,L2,0.0370597...
GetData ===>> H2,0.463776673602682,H1,1.30955991921524,AX,0.259563205917478,L1,-0.0557310336194078,L2,-0.055232...
GetData ===>> H2,0.47843691292358,H1,1.21567947631924,AX,0.187238625874826,L1,-0.0372210241593379,L2,-0.0150521...
GetData ===>> H2,0.398259698600726,H1,1.22026991363249,AX,0.258727313727594,L1,-0.0192525453893606,L2,0.1340480...
GetData ===>> H2,0.238377685467824,H1,1.33410215831262,AX,0.24449502746292,L1,-0.00664548995563634,L2,0.0170589...
GetData ===>> H2,0.245290838160545,H1,1.38301253475281,AX,0.194315523698421,L1,0.016459254868231,L2,-0.03763730...
GetData ===>> H2,0.222168403555492,H1,1.28216987536864,AX,0.168817899094937,L1,0.0224622914342668,L2,-0.0105663...
GetData ===>> H2,0.152464234845527,H1,1.25960626595554,AX,0.183549561644835,L1,0.0123520795978845,L2,0.01245795...
Peak center failed to move to a baseline position
_do_sweep sm= 5.86417537788, em= 5.89417537788, stm= 0.001
calculated step values: start=5.86417537788, end=5.89417537788, width=0.001, nsteps=31.0
setting magnet DAC
current  : 5.864175
requested: 5.864175
Delta Dac: 0.000000
Checking detector protection. dv=0.00000
Checking detector "CDD". Protection Threshold: 0.1 (V)
SetMagnetDAC 5.86417537788 ===>> OK
GetData ===>> H2,0.152464234845527,H1,1.25960626595554,AX,0.183549561644835,L1,0.0123520795978845,L2,0.01245795...
setting magnet DAC
current  : 5.864175
requested: 5.865210
Delta Dac: 0.001034
Checking detector protection. dv=0.00103
Checking detector "CDD". Protection Threshold: 0.1 (V)
SetMagnetDAC 5.86520986064 ===>> OK
Magnet settling time: 1.049
GetData ===>> H2,0.0632652448295777,H1,2.64132753834343,AX,0.464042768775524,L1,0.0221189586626564,L2,-0.130948...
setting magnet DAC
current  : 5.865210
requested: 5.866244
Delta Dac: 0.001034
Checking detector protection. dv=0.00103
Checking detector "CDD". Protection Threshold: 0.1 (V)
SetMagnetDAC 5.8662443434 ===>> OK
Magnet settling time: 1.049
GetData ===>> H2,-0.00574144788043471,H1,8.70137129645599,AX,1.77142699619167,L1,0.0383788670475119,L2,-0.10633...
setting magnet DAC
current  : 5.866244
requested: 5.867279
Delta Dac: 0.001034
Checking detector protection. dv=0.00103
Checking detector "CDD". Protection Threshold: 0.1 (V)
SetMagnetDAC 5.86727882616 ===>> OK
Magnet settling time: 1.049
GetData ===>> H2,0.0927980030973598,H1,32.3375553512646,AX,5.30014826765999,L1,0.0332436036935962,L2,0.09936713...
setting magnet DAC
current  : 5.867279
requested: 5.868313
Delta Dac: 0.001034
Checking detector protection. dv=0.00103
Checking detector "CDD". Protection Threshold: 0.1 (V)
SetMagnetDAC 5.86831330892 ===>> OK
Magnet settling time: 1.049
GetData ===>> H2,0.172703411982209,H1,111.075066690731,AX,17.6434727125238,L1,0.0597215531521057,L2,-0.05359396...
setting magnet DAC
current  : 5.868313
requested: 5.869348
Delta Dac: 0.001034
Checking detector protection. dv=0.00103
Checking detector "CDD". Protection Threshold: 0.1 (V)
SetMagnetDAC 5.86934779168 ===>> OK
Magnet settling time: 1.049
GetData ===>> H2,-0.0227553255918489,H1,312.027256506714,AX,53.167057048991,L1,0.264160940329169,L2,-0.13283972...
setting magnet DAC
current  : 5.869348
requested: 5.870382
Delta Dac: 0.001034
Checking detector protection. dv=0.00103
Checking detector "CDD". Protection Threshold: 0.1 (V)
SetMagnetDAC 5.87038227444 ===>> OK
Magnet settling time: 1.049
GetData ===>> H2,-0.0620912506116797,H1,650.5789372628,AX,123.49279276282,L1,0.725186681897454,L2,0.22104489765...
setting magnet DAC
current  : 5.870382
requested: 5.871417
Delta Dac: 0.001034
Checking detector protection. dv=0.00103
Checking detector "CDD". Protection Threshold: 0.1 (V)
SetMagnetDAC 5.87141675719 ===>> OK
Magnet settling time: 1.049
GetData ===>> H2,-0.104406662738602,H1,1011.70866196887,AX,211.250525629666,L1,1.54398524400475,L2,0.1834802898...
setting magnet DAC
current  : 5.871417
requested: 5.872451
Delta Dac: 0.001034
Checking detector protection. dv=0.00103
Checking detector "CDD". Protection Threshold: 0.1 (V)
SetMagnetDAC 5.87245123995 ===>> OK
Magnet settling time: 1.049
GetData ===>> H2,-0.164561544529649,H1,1265.89436290007,AX,284.301265602355,L1,2.42341535547982,L2,0.6466979273...
setting magnet DAC
current  : 5.872451
requested: 5.873486
Delta Dac: 0.001034
Checking detector protection. dv=0.00103
Checking detector "CDD". Protection Threshold: 0.1 (V)
SetMagnetDAC 5.87348572271 ===>> OK
Magnet settling time: 1.049
GetData ===>> H2,-0.141814014225229,H1,1387.3159530549,AX,328.317635898786,L1,3.20610350516531,L2,0.97571155642...
setting magnet DAC
current  : 5.873486
requested: 5.874520
Delta Dac: 0.001034
Checking detector protection. dv=0.00103
Checking detector "CDD". Protection Threshold: 0.1 (V)
SetMagnetDAC 5.87452020547 ===>> OK
Magnet settling time: 1.049
GetData ===>> H2,-0.0730152652815465,H1,1428.47730758091,AX,346.277044822884,L1,3.67468009045906,L2,1.330752754...
setting magnet DAC
current  : 5.874520
requested: 5.875555
Delta Dac: 0.001034
Checking detector protection. dv=0.00103
Checking detector "CDD". Protection Threshold: 0.1 (V)
SetMagnetDAC 5.87555468823 ===>> OK
Magnet settling time: 1.049
GetData ===>> H2,-0.0872418965734072,H1,1441.17031343574,AX,352.622412572396,L1,4.17799513556159,L2,1.226982130...
setting magnet DAC
current  : 5.875555
requested: 5.876589
Delta Dac: 0.001034
Checking detector protection. dv=0.00103
Checking detector "CDD". Protection Threshold: 0.1 (V)
SetMagnetDAC 5.87658917099 ===>> OK
Magnet settling time: 1.049
GetData ===>> H2,-0.131324012983951,H1,1442.65830931161,AX,353.029466008198,L1,4.33163593564938,L2,1.4105243978...
setting magnet DAC
current  : 5.876589
requested: 5.877624
Delta Dac: 0.001034
Checking detector protection. dv=0.00103
Checking detector "CDD". Protection Threshold: 0.1 (V)
SetMagnetDAC 5.87762365375 ===>> OK
Magnet settling time: 1.049
GetData ===>> H2,-0.0612026627542828,H1,1443.43705716874,AX,353.107341426132,L1,4.3988887712716,L2,1.3984150041...
setting magnet DAC
current  : 5.877624
requested: 5.878658
Delta Dac: 0.001034
Checking detector protection. dv=0.00103
Checking detector "CDD". Protection Threshold: 0.1 (V)
SetMagnetDAC 5.8786581365 ===>> OK
Magnet settling time: 1.049
GetData ===>> H2,-0.00425499055981009,H1,1442.80864994188,AX,353.393531552141,L1,4.51760693936589,L2,1.31038910...
setting magnet DAC
current  : 5.878658
requested: 5.879693
Delta Dac: 0.001034
Checking detector protection. dv=0.00103
Checking detector "CDD". Protection Threshold: 0.1 (V)
SetMagnetDAC 5.87969261926 ===>> OK
Magnet settling time: 1.049
GetData ===>> H2,0.111335913493237,H1,1442.49461319788,AX,353.636059437047,L1,4.5520736559535,L2,1.288170780336...
setting magnet DAC
current  : 5.879693
requested: 5.880727
Delta Dac: 0.001034
Checking detector protection. dv=0.00103
Checking detector "CDD". Protection Threshold: 0.1 (V)
SetMagnetDAC 5.88072710202 ===>> OK
Magnet settling time: 1.049
GetData ===>> H2,0.0100079882178553,H1,1441.46722291621,AX,353.381318788524,L1,4.54379047921563,L2,1.4017174151...
setting magnet DAC
current  : 5.880727
requested: 5.881762
Delta Dac: 0.001034
Checking detector protection. dv=0.00103
Checking detector "CDD". Protection Threshold: 0.1 (V)
SetMagnetDAC 5.88176158478 ===>> OK
Magnet settling time: 1.049
GetData ===>> H2,-0.102140440204789,H1,1440.7886699259,AX,352.526368071997,L1,4.5794874275242,L2,1.233014378661...
setting magnet DAC
current  : 5.881762
requested: 5.882796
Delta Dac: 0.001034
Checking detector protection. dv=0.00103
Checking detector "CDD". Protection Threshold: 0.1 (V)
SetMagnetDAC 5.88279606754 ===>> OK
Magnet settling time: 1.049
GetData ===>> H2,-0.0812173971054372,H1,1437.78101864567,AX,351.659130671301,L1,4.59193374508239,L2,1.400433130...
setting magnet DAC
current  : 5.882796
requested: 5.883831
Delta Dac: 0.001034
Checking detector protection. dv=0.00103
Checking detector "CDD". Protection Threshold: 0.1 (V)
SetMagnetDAC 5.8838305503 ===>> OK
Magnet settling time: 1.049
GetData ===>> H2,-0.152526739214814,H1,1427.72804390218,AX,346.22071948196,L1,4.43876253352841,L2,1.33970769442...
setting magnet DAC
current  : 5.883831
requested: 5.884865
Delta Dac: 0.001034
Checking detector protection. dv=0.00103
Checking detector "CDD". Protection Threshold: 0.1 (V)
SetMagnetDAC 5.88486503306 ===>> OK
Magnet settling time: 1.049
GetData ===>> H2,-0.15119087820693,H1,1390.22446240638,AX,329.485884019271,L1,4.21601936045551,L2,1.20595249501...
setting magnet DAC
current  : 5.884865
requested: 5.885900
Delta Dac: 0.001034
Checking detector protection. dv=0.00103
Checking detector "CDD". Protection Threshold: 0.1 (V)
SetMagnetDAC 5.88589951581 ===>> OK
Magnet settling time: 1.049
GetData ===>> H2,-0.318973278285075,H1,1271.80200640854,AX,281.689280589021,L1,3.7513196948014,L2,0.92667705140...
setting magnet DAC
current  : 5.885900
requested: 5.886934
Delta Dac: 0.001034
Checking detector protection. dv=0.00103
Checking detector "CDD". Protection Threshold: 0.1 (V)
SetMagnetDAC 5.88693399857 ===>> OK
Magnet settling time: 1.049
GetData ===>> H2,-0.415548781573545,H1,1007.46592264344,AX,198.366474933973,L1,2.91846993130787,L2,0.5365943662...
setting magnet DAC
current  : 5.886934
requested: 5.887968
Delta Dac: 0.001034
Checking detector protection. dv=0.00103
Checking detector "CDD". Protection Threshold: 0.1 (V)
SetMagnetDAC 5.88796848133 ===>> OK
Magnet settling time: 1.049
GetData ===>> H2,-0.392729042963434,H1,647.284798277188,AX,110.281965939415,L1,1.99076955999003,L2,0.2494906065...
setting magnet DAC
current  : 5.887968
requested: 5.889003
Delta Dac: 0.001034
Checking detector protection. dv=0.00103
Checking detector "CDD". Protection Threshold: 0.1 (V)
SetMagnetDAC 5.88900296409 ===>> OK
Magnet settling time: 1.049
GetData ===>> H2,-0.286872881557932,H1,325.217750960374,AX,47.0581300826762,L1,1.25396959798289,L2,-0.045718402...
setting magnet DAC
current  : 5.889003
requested: 5.890037
Delta Dac: 0.001034
Checking detector protection. dv=0.00103
Checking detector "CDD". Protection Threshold: 0.1 (V)
SetMagnetDAC 5.89003744685 ===>> OK
Magnet settling time: 1.049
GetData ===>> H2,-0.224035781681025,H1,125.336483600838,AX,14.8944995681381,L1,0.783026135585029,L2,-0.05787290...
setting magnet DAC
current  : 5.890037
requested: 5.891072
Delta Dac: 0.001034
Checking detector protection. dv=0.00103
Checking detector "CDD". Protection Threshold: 0.1 (V)
SetMagnetDAC 5.89107192961 ===>> OK
Magnet settling time: 1.049
GetData ===>> H2,-0.281837751763497,H1,38.309184246678,AX,3.50325430206571,L1,0.46790928143224,L2,0.03175162782...
setting magnet DAC
current  : 5.891072
requested: 5.892106
Delta Dac: 0.001034
Checking detector protection. dv=0.00103
Checking detector "CDD". Protection Threshold: 0.1 (V)
SetMagnetDAC 5.89210641237 ===>> OK
Magnet settling time: 1.049
GetData ===>> H2,-0.183469924496959,H1,4.71627665601779,AX,0.110377191295024,L1,0.215388209245356,L2,-0.0879566...
setting magnet DAC
current  : 5.892106
requested: 5.893141
Delta Dac: 0.001034
Checking detector protection. dv=0.00103
Checking detector "CDD". Protection Threshold: 0.1 (V)
SetMagnetDAC 5.89314089512 ===>> OK
Magnet settling time: 1.049
GetData ===>> H2,-0.224778457788072,H1,0.879229929386649,AX,-0.312775351874571,L1,0.140695627383783,L2,0.052803...
setting magnet DAC
current  : 5.893141
requested: 5.894175
Delta Dac: 0.001034
Checking detector protection. dv=0.00103
Checking detector "CDD". Protection Threshold: 0.1 (V)
SetMagnetDAC 5.89417537788 ===>> OK
Magnet settling time: 1.049
GetData ===>> H2,-0.303614487455215,H1,-0.0493151272457968,AX,-0.264890525220607,L1,0.0679721616735852,L2,-0.08...
result of _do_sweep=True
result of _calculate_peak_center=([5.8716344339267348, 5.8791805606629657, 5.8867266873991966], [1065.194631102773, 1443.4257231706601, 1060.4390857226522], 5.877642311751349, 1443.4257231706601)
Failed to find a valid peak. No peak greater than 1.0. max = 0.150646088684
new center pos Detector(H1) (Ar40) @ 5.87918056066
GetHighVoltage ===>> 4499.94659342336
GetDeflection H1 ===>> 0
dac uncorrected for HV and deflection 5.87921518281
update mftable H1 Ar40 5.87921518281 message=automated run peakcenter
get initial guess parabolic
get initial guess parabolic
get initial guess parabolic
get initial guess parabolic
get initial guess parabolic
get initial guess parabolic
dump mftable to /Users/jan/PychronDev/setupfiles/spectrometer/mftables/mftable.csv
add to repo msg=modified - automated run peakcenter
locally archiving mftable
setting magnet DAC
current  : 5.894175
requested: 5.879181
Delta Dac: 0.014995
Checking detector protection. dv=0.01499
Checking detector "CDD". Protection Threshold: 0.1 (V)
SetMagnetDAC 5.87918056066 ===>> OK
Magnet settling time: 0.500
sweep finished
setting integration time = 1.048576
SetIntegrationTime 1.048576 ===>> OK
Failed to find a valid peak. No peak greater than 1.0. max = 0.150643702018
flush and close file /Users/jan/PychronDev/data/isotopes/d3/3a2ccd-f5db-4a1d-bf45-70bc6b600d50.h5
finished measure script
executed snippet estimated_duration=226.132928, duration=272.540133953
jan_unknown120_60.py completed successfully
Measurement Finished
04:23:41 -- ******* Measurement Finished *******
Post Measurement Started jan_pump_ms.py
04:23:41 -- ******* Post Measurement Started jan_pump_ms.py *******
testing...
no interpolation path defined
executed snippet estimated_duration=0, duration=3.09944152832e-05
Pumping spectrometer
open () {'name': 'O'}
opening name=O desc=---
checking ownership. requestor=129.138.12.150
check software interlocks O
interlocks []
actuate state mode=None-script, software_lock=False
doing actuation None-script open_channel True
Open O ===>> OK
GetIndicatorState O ===>> OK
change switch state (True, True)
update switch state O True args=() kw={} ncanvase=2
04:23:41 -- OPEN   VALVE-O (Jan Ion Pump)
---------------------------------------- open O () result=[(True, True)], time=0.11 sec
action=open, ok=True, locked=[False]
executed snippet estimated_duration=0, duration=0.357867002487
jan_pump_ms.py completed successfully
setting _ms_pumptime
Post Measurement Finished
04:23:41 -- ******* Post Measurement Finished *******
$$$$$$$$$$$$$$$$$$$$ state at run end measurement
state changed from measurement to success
post measurement save measured=True aborted=False
Set filtering
setting fod for Ar40= {'filter_outliers': True, 'std_devs': 2, 'iterations': 1}
setting fod for H1= {'filter_outliers': True, 'std_devs': 2, 'iterations': 1}
setting fod for PM41= {'filter_outliers': False, 'std_devs': 2, 'iterations': 1}
setting fod for H2= {'filter_outliers': True, 'std_devs': 2, 'iterations': 1}
setting fod for Ar36= {'filter_outliers': True, 'std_devs': 2, 'iterations': 1}
setting fod for CDD= {'filter_outliers': True, 'std_devs': 10, 'iterations': 1}
setting fod for Ar37= {'filter_outliers': True, 'std_devs': 2, 'iterations': 1}
setting fod for L2= {'filter_outliers': True, 'std_devs': 2, 'iterations': 1}
setting fod for Ar38= {'filter_outliers': True, 'std_devs': 2, 'iterations': 1}
setting fod for L1= {'filter_outliers': True, 'std_devs': 2, 'iterations': 1}
setting fod for Ar39= {'filter_outliers': True, 'std_devs': 2, 'iterations': 1}
setting fod for AX= {'filter_outliers': True, 'std_devs': 2, 'iterations': 1}
persistence save...
persistence save - db
post measurement save
6975360944 connecting to database sqlite:////Users/jan/PychronDev/.appdata/local_lab.db
connected to db sqlite:////Users/jan/PychronDev/.appdata/local_lab.db
create new session 6975360944
close session 6975360944
No database instance. Not saving post measurement to isotopedb database
$$$$$$$$$$$$$$$ auto_save_detector_ic=False
massspec enabled True
create new session 4985539184
MassSpec Database Version: 16.0
close session 4985539184
saving post measurement to secondary database
saving to massspec database 129.138.12.160/massspecdata
setting labnumber to 65580
setting aliquot to 10
setting step to C
setting uuid to d33a2ccd-f5db-4a1d-bf45-70bc6b600d50
setting irradpos to 65580
setting extract_device to Fusions CO2
setting tray to 
setting position to 198
setting power_requested to 5.0
setting extract_value to 5.0
setting duration to 30.0
setting duration_at_request to 30.0
setting first_stage_delay to 30.0
setting cleanup to 30.0
setting comment to O:3 with inclusions
setting irradiation to NM-289
setting level to O
setting irradiation_level to O
setting sample to Bw-2014-12 W
setting material to Sanidine
setting project to Bustos Wells
setting mass_spectrometer to Jan
no attribute chron_dosages
no attribute production_ratios
no attribute interference_corrections
no attribute production_name
no attribute j
Reference Isotope=Ar40
Reference Detector=H1
%%%%%%%%%%%%%%%%%%%% Comment: O:3 with inclusions %%%%%%%%%%%%%%%%%%%
adding isotope PM41 H2
add baseline dbdet= PM41. original det= H2
get baseline data PM41 H2
Get data baseline <pychron.processing.isotope.Baseline object at 0x193e741d0> len t=60
baseline PM41. v=-0.192575781249, e=0.00712830129617
get signal data PM41 H2
Get data signal PM41 0.10+/-0.07 len t=120
adding isotope Ar40 H1
add baseline dbdet= Ar40. original det= H1
get baseline data Ar40 H1
Get data baseline <pychron.processing.isotope.Baseline object at 0x193e74410> len t=60
baseline Ar40. v=0.0010954662004, e=0.00625406243193
get signal data Ar40 H1
Get data signal Ar40 1591.87+/-0.08 len t=120
adding isotope Ar39 AX
add baseline dbdet= Ar39. original det= AX
get baseline data Ar39 AX
Get data baseline <pychron.processing.isotope.Baseline object at 0x193e74810> len t=60
baseline Ar39. v=-0.0770807400341, e=0.00676642963956
get signal data Ar39 AX
Get data signal Ar39 389.084+/-0.033 len t=120
adding isotope Ar38 L1
add baseline dbdet= Ar38. original det= L1
get baseline data Ar38 L1
Get data baseline <pychron.processing.isotope.Baseline object at 0x193e74dd0> len t=60
baseline Ar38. v=-0.0274396697947, e=0.00384999448983
get signal data Ar38 L1
Get data signal Ar38 5.010+/-0.007 len t=120
adding isotope Ar37 L2
add baseline dbdet= Ar37. original det= L2
get baseline data Ar37 L2
Get data baseline <pychron.processing.isotope.Baseline object at 0x199901590> len t=60
baseline Ar37. v=-0.0152728123413, e=0.00587098108713
get signal data Ar37 L2
Get data signal Ar37 1.543+/-0.011 len t=120
adding isotope Ar36 CDD
add baseline dbdet= Ar36. original det= CDD
get baseline data Ar36 CDD
Get data baseline <pychron.processing.isotope.Baseline object at 0x199901550> len t=60
baseline Ar36. v=0.000349833724653, e=3.18111994264e-05
get signal data Ar36 CDD
Get data signal Ar36 0.1526+/-0.0008 len t=120
65580-10C added analysis time 0.620224952698s
analysis added to mass spec database
mass spec save time= 0.631
persistence save - dvc
================= post measurement started
create new session 4989601072
close session 4989601072
---------------- Experiment Queue saving disabled
DVC saving peakcenter
Failed to find a valid peak. No peak greater than 1.0. max = 0.150643702018
Smart pull ahead: 0 behind: 0
Up-to-date with origin
add to repo msg=modified - ad8224ebc6dbfeb9f5997218dfa5fe690569839d.json
add to repo msg=modified - 80-10C.json
add to repo msg=modified - 80-10C.dat.json
add to repo msg=modified - 80-10C.blan.json
add to repo msg=modified - 80-10C.inte.json
add to repo msg=modified - 80-10C.icfa.json
add to repo msg=modified - 80-10C.base.json
not at valid file /Users/jan/PychronDev/data/.dvc/repositories/Load1789/655/tags/80-10C.tags.json
add to repo msg=modified - 80-10C.peak.json
add to repo msg=modified - 80-10C.extr.json
not at valid file /Users/jan/PychronDev/data/.dvc/repositories/Load1789/655/monitor/80-10C.moni.json
commit message=<COLLECTION>
add to repo msg=modified - 80-10C.inte.json
add to repo msg=modified - 80-10C.base.json
commit message=<ISOEVO> default collection fits
add to repo msg=modified - 80-10C.blan.json
commit message=<BLANKS> preceding bu-FC-J-7746
add to repo msg=modified - 80-10C.icfa.json
commit message=<ICFactor> default
push repository <pychron.git_archive.repo_manager.GitRepoManager object at 0x141112d70>
pushing to remote=origin, url=https://github.com
no changes to meta repo
create new session 4989601072
add association Load1789
get identifier "65580"
setting analysis irradiation position=<pychron.dvc.dvc_orm.IrradiationPositionTbl object at 0x19bd2ccd0>
close session 4989601072
================= post measurement finished
04:23:55 -- ******* Post Run Check *******
loading queue conditionals post_run_actions
loading system conditionals post_run_actions
loading conditionals from /Users/jan/PychronDev/setupfiles/spectrometer/default_conditionals.yaml
loading queue conditionals post_run_terminations
loading system conditionals post_run_terminations
loading conditionals from /Users/jan/PychronDev/setupfiles/spectrometer/default_conditionals.yaml
Checking default post run terminations n=1
GetDeflection CDD ===>> 50
testing CDD==2000
evaluate ot="CDD.deflection==2000" t="CDD==2000", ctx="{'CDD': 50.0}"
04:23:55 -- ******* Post Run Check Passed *******
04:23:55 -- Automated run 65580-10C success duration: 362.332 s
----------------- finish -----------------
----------------- stop -----------------
retroactive repository identifiers disabled
finish run. runs completed=137
update duration runid=65580-10C, duration=362.332363129, md5=301e91d8
loading script "jan_unknown120_60.py"
loading script "jan_pump_ms.py"
loading script "jan_co2.py"
loading script "jan_pump_extraction_line.py"
testing...
no interpolation path defined
executed snippet estimated_duration=213.652928, duration=0.000195026397705
script duration name:unknown120_60 seconds:214.0
loading script "jan_unknown120_60.py"
loading script "jan_pump_ms.py"
loading script "jan_co2.py"
loading script "jan_pump_extraction_line.py"
testing...
no interpolation path defined
executed snippet estimated_duration=0, duration=2.78949737549e-05
loading script "jan_unknown120_60.py"
loading script "jan_pump_ms.py"
loading script "jan_co2.py"
loading script "jan_pump_extraction_line.py"
testing...
no interpolation path defined
calculate duration
testing...
no interpolation path defined
executed snippet estimated_duration=0, duration=4.6968460083e-05
calculate duration
testing...
no interpolation path defined
executed snippet estimated_duration=0, duration=9.29832458496e-05
executed snippet estimated_duration=0.0, duration=0.00239419937134
script duration name:co2 seconds:0.0
loading script "jan_unknown120_60.py"
loading script "jan_pump_ms.py"
loading script "jan_co2.py"
loading script "jan_pump_extraction_line.py"
testing...
no interpolation path defined
calculate duration
testing...
no interpolation path defined
executed snippet estimated_duration=4.0, duration=0.000151872634888
executed snippet estimated_duration=4.0, duration=0.00126194953918
Script duration 214.0
Run total estimated duration= 215.000
unknown120_60 in script context. using previous estimated duration
script duration name:unknown120_60 seconds:214.0
pump_ms in script context. using previous estimated duration
co2 in script context. using previous estimated duration
script duration name:co2 seconds:0.0
pump_extraction_line in script context. using previous estimated duration
Script duration 214.0
Run total estimated duration= 215.000
script duration name:unknown120_60 seconds:214.0
script duration name:co2 seconds:0.0
Script duration 214.0
Run total estimated duration= 215.000
script duration name:unknown120_60 seconds:214.0
script duration name:co2 seconds:0.0
Script duration 214.0
Run total estimated duration= 215.000
loading script "jan_unknown400_120.py"
loading script "jan_pump_ms.py"
loading script "jan_co2.py"
loading script "jan_pump_extraction_line.py"
testing...
no interpolation path defined
executed snippet estimated_duration=556.052928, duration=0.000207901000977
script duration name:unknown400_120 seconds:556.0
script duration name:co2 seconds:0.0
Script duration 556.0
Run total estimated duration= 557.000
unknown400_120 in script context. using previous estimated duration
script duration name:unknown400_120 seconds:556.0
loading script "jan_unknown400_120.py"
loading script "jan_pump_ms.py"
loading script "jan_sniffair_x2.py"
loading script "jan_pump_extraction_line.py"
testing...
no interpolation path defined
calculate duration
testing...
no interpolation path defined
executed snippet estimated_duration=0, duration=4.88758087158e-05
calculate duration
testing...
no interpolation path defined
executed snippet estimated_duration=0, duration=0.000112056732178
calculate duration
testing...
no interpolation path defined
executed snippet estimated_duration=32.0, duration=9.17911529541e-05
calculate duration
testing...
no interpolation path defined
executed snippet estimated_duration=34.0, duration=9.91821289062e-05
calculate duration
testing...
no interpolation path defined
executed snippet estimated_duration=4.0, duration=6.89029693604e-05
calculate duration
testing...
no interpolation path defined
executed snippet estimated_duration=36.0, duration=8.89301300049e-05
calculate duration
testing...
no interpolation path defined
executed snippet estimated_duration=34.0, duration=9.48905944824e-05
calculate duration
testing...
no interpolation path defined
executed snippet estimated_duration=4.0, duration=6.19888305664e-05
calculate duration
testing...
no interpolation path defined
executed snippet estimated_duration=36.0, duration=8.51154327393e-05
calculate duration
testing...
no interpolation path defined
executed snippet estimated_duration=70.0, duration=0.00011682510376
executed snippet estimated_duration=250.0, duration=0.0135440826416
script duration name:sniffair_x2 seconds:250.0
Script duration 806.0
Run total estimated duration= 807.000
script duration name:unknown400_120 seconds:556.0
loading script "jan_unknown400_120.py"
loading script "jan_pump_ms.py"
loading script "jan_cocktail_x1.py"
loading script "jan_pump_extraction_line.py"
testing...
no interpolation path defined
calculate duration
testing...
no interpolation path defined
executed snippet estimated_duration=0, duration=5.10215759277e-05
calculate duration
testing...
no interpolation path defined
executed snippet estimated_duration=0, duration=0.000115156173706
calculate duration
testing...
no interpolation path defined
executed snippet estimated_duration=32.0, duration=0.000118970870972
calculate duration
testing...
no interpolation path defined
executed snippet estimated_duration=34.0, duration=9.70363616943e-05
calculate duration
testing...
no interpolation path defined
executed snippet estimated_duration=4.0, duration=7.60555267334e-05
calculate duration
testing...
no interpolation path defined
executed snippet estimated_duration=38.0, duration=0.000108957290649
executed snippet estimated_duration=108.0, duration=0.00883388519287
script duration name:cocktail_x1 seconds:108.0
Script duration 664.0
Run total estimated duration= 665.000
script duration name:unknown400_120 seconds:556.0
sniffair_x2 in script context. using previous estimated duration
script duration name:sniffair_x2 seconds:250.0
Script duration 806.0
Run total estimated duration= 807.000
script duration name:unknown400_120 seconds:556.0
cocktail_x1 in script context. using previous estimated duration
script duration name:cocktail_x1 seconds:108.0
Script duration 664.0
Run total estimated duration= 665.000
loading script "jan_ic_peak_hop3.py"
loading script "jan_pump_ms.py"
loading script "jan_air_x1.py"
loading script "jan_pump_extraction_line.py"
testing...
no interpolation path defined
executed snippet estimated_duration=133.8, duration=0.00932598114014
script duration name:ic_peak_hop3 seconds:134.0
loading script "jan_ic_peak_hop3.py"
loading script "jan_pump_ms.py"
loading script "jan_air_x1.py"
loading script "jan_pump_extraction_line.py"
testing...
no interpolation path defined
calculate duration
testing...
no interpolation path defined
executed snippet estimated_duration=0, duration=4.91142272949e-05
calculate duration
testing...
no interpolation path defined
executed snippet estimated_duration=0, duration=9.89437103271e-05
calculate duration
testing...
no interpolation path defined
executed snippet estimated_duration=32.0, duration=9.10758972168e-05
calculate duration
testing...
no interpolation path defined
executed snippet estimated_duration=34.0, duration=0.000107049942017
calculate duration
testing...
no interpolation path defined
executed snippet estimated_duration=4.0, duration=6.89029693604e-05
calculate duration
testing...
no interpolation path defined
executed snippet estimated_duration=36.0, duration=9.48905944824e-05
executed snippet estimated_duration=106.0, duration=0.010125875473
script duration name:air_x1 seconds:106.0
Script duration 240.0
Run total estimated duration= 241.000
script duration name:unknown120_60 seconds:214.0
script duration name:co2 seconds:0.0
Script duration 214.0
Run total estimated duration= 215.000
script duration name:unknown120_60 seconds:214.0
script duration name:co2 seconds:0.0
Script duration 214.0
Run total estimated duration= 215.000
script duration name:unknown120_60 seconds:214.0
script duration name:co2 seconds:0.0
Script duration 214.0
Run total estimated duration= 215.000
script duration name:unknown120_60 seconds:214.0
script duration name:co2 seconds:0.0
Script duration 214.0
Run total estimated duration= 215.000
script duration name:unknown120_60 seconds:214.0
script duration name:co2 seconds:0.0
Script duration 214.0
Run total estimated duration= 215.000
script duration name:unknown120_60 seconds:214.0
script duration name:co2 seconds:0.0
Script duration 214.0
Run total estimated duration= 215.000
script duration name:unknown120_60 seconds:214.0
script duration name:co2 seconds:0.0
Script duration 214.0
Run total estimated duration= 215.000
script duration name:unknown120_60 seconds:214.0
script duration name:co2 seconds:0.0
Script duration 214.0
Run total estimated duration= 215.000
script duration name:unknown120_60 seconds:214.0
script duration name:co2 seconds:0.0
Script duration 214.0
Run total estimated duration= 215.000
script duration name:unknown120_60 seconds:214.0
script duration name:co2 seconds:0.0
Script duration 214.0
Run total estimated duration= 215.000
script duration name:unknown120_60 seconds:214.0
script duration name:co2 seconds:0.0
Script duration 214.0
Run total estimated duration= 215.000
script duration name:unknown120_60 seconds:214.0
script duration name:co2 seconds:0.0
Script duration 214.0
Run total estimated duration= 215.000
script duration name:unknown400_120 seconds:556.0
script duration name:co2 seconds:0.0
Script duration 556.0
Run total estimated duration= 557.000
script duration name:unknown120_60 seconds:214.0
script duration name:co2 seconds:0.0
Script duration 214.0
Run total estimated duration= 215.000
script duration name:unknown120_60 seconds:214.0
script duration name:co2 seconds:0.0
Script duration 214.0
Run total estimated duration= 215.000
script duration name:unknown120_60 seconds:214.0
script duration name:co2 seconds:0.0
Script duration 214.0
Run total estimated duration= 215.000
script duration name:unknown400_120 seconds:556.0
script duration name:cocktail_x1 seconds:108.0
Script duration 664.0
Run total estimated duration= 665.000
script duration name:unknown400_120 seconds:556.0
script duration name:cocktail_x1 seconds:108.0
Script duration 664.0
Run total estimated duration= 665.000
script duration name:unknown120_60 seconds:214.0
script duration name:co2 seconds:0.0
Script duration 214.0
Run total estimated duration= 215.000
script duration name:unknown120_60 seconds:214.0
script duration name:co2 seconds:0.0
Script duration 214.0
Run total estimated duration= 215.000
script duration name:unknown400_120 seconds:556.0
script duration name:co2 seconds:0.0
Script duration 556.0
Run total estimated duration= 557.000
nruns=31 before=5.0, run_dur=10701.0, btw=1350.0
write rem/ex queues
/Users/jan/PychronDev/experiments/rem/CurrentExperiment.rem.txt
/Users/jan/PychronDev/experiments/rem/CurrentExperiment.ex.txt
doing event level: 3
