do run
loading script "jan_unknown120_60.py"
loading script "jan_pump_ms.py"
loading script "jan_co2.py"
loading script "jan_pump_extraction_line.py"
testing...
no interpolation path defined
executed snippet estimated_duration=213.652928, duration=0.000187873840332
script duration name:unknown120_60 seconds:214.0
loading script "jan_unknown120_60.py"
loading script "jan_pump_ms.py"
loading script "jan_co2.py"
loading script "jan_pump_extraction_line.py"
testing...
no interpolation path defined
executed snippet estimated_duration=0, duration=2.28881835938e-05
loading script "jan_unknown120_60.py"
loading script "jan_pump_ms.py"
loading script "jan_co2.py"
loading script "jan_pump_extraction_line.py"
testing...
no interpolation path defined
calculate duration
testing...
no interpolation path defined
executed snippet estimated_duration=0, duration=4.98294830322e-05
calculate duration
testing...
no interpolation path defined
executed snippet estimated_duration=0, duration=7.60555267334e-05
executed snippet estimated_duration=0.0, duration=0.00335907936096
script duration name:co2 seconds:0.0
loading script "jan_unknown120_60.py"
loading script "jan_pump_ms.py"
loading script "jan_co2.py"
loading script "jan_pump_extraction_line.py"
testing...
no interpolation path defined
calculate duration
testing...
no interpolation path defined
executed snippet estimated_duration=4.0, duration=0.000123977661133
executed snippet estimated_duration=4.0, duration=0.00170612335205
Script duration 214.0
Run total estimated duration= 215.000
run duration: 0:03:35
doing event level: 2
04:38:51 -- Setting default integration. t=1.048576
setting integration time = 1.048576
SetIntegrationTime 1.048576 ===>> OK
----------------- start -----------------
**************** Experiment Type: Ar/Ar, Ar/Ar
create new session 4436069840
close session 4436069840
$$$$$ Clearing conditionals
adding conditionals 
Add queue conditionals
add default conditionals
adding default conditionals from /Users/jan/PychronDev/setupfiles/spectrometer/default_conditionals.yaml
Start automated run 65580-13
loading script "jan_unknown120_60.py"
loading script "jan_pump_ms.py"
loading script "jan_co2.py"
loading script "jan_pump_extraction_line.py"
%%%%%%%%%%%%%%%%%% setting automated run 65580-13
No value "sensitivity_multiplier" in metadata
$$$$$$$$$$$$$$$ auto_save_detector_ic=False
============================= Pre Extraction Check =============================
loading queue conditionals pre_run_terminations
loading system conditionals pre_run_terminations
loading conditionals from /Users/jan/PychronDev/setupfiles/spectrometer/default_conditionals.yaml
04:38:51 -- ******* Pre Extraction Check *******
Get a measurement from the spectrometer
GetData ===>> H2,-0.226986956420457,H1,0.073005358100864,AX,-0.00341016487456191,L1,-0.0132146841055705,L2,0.00...
Pre Extraction Termination data. keys=H2,H1,AX,L1,L2,CDD, signals=-0.22699,0.07301,-0.00341,-0.01321,0.00715,0.00253
04:38:51 -- testing system defined conditionals
Checking default pre extraction terminations n=2
testing CDD
evaluate ot="CDD.inactive" t="CDD", ctx="{'CDD': False}"
GetDeflection CDD ===>> 50
testing CDD==2000
evaluate ot="CDD.deflection==2000" t="CDD==2000", ctx="{'CDD': 50.0}"
04:38:51 -- ******* Pre Extraction Check Passed *******
=================================================================================
04:38:51 -- stopping status monitor
stop 4982387056
Alive clients [4989850544]
04:38:51 -- starting status monitor
start 4982387056
Monitor already running
start extraction
do extraction
Analysis started at 04:38:51.209067
Extraction Started jan_co2.py
04:38:51 -- ******* Extraction Started jan_co2.py *******
state changed from not run to extraction
DO EXTRACTION <pychron.extraction_line.pyscript_runner.RemotePyScriptRunner object at 0x12c299590>
testing...
no interpolation path defined
calculate duration
testing...
no interpolation path defined
executed snippet estimated_duration=0, duration=8.79764556885e-05
calculate duration
testing...
no interpolation path defined
executed snippet estimated_duration=0, duration=0.000123977661133
executed snippet estimated_duration=100.0, duration=0.00404095649719
Jan CO2 laser analysis
doing GOSUB
testing...
no interpolation path defined
executed snippet estimated_duration=0, duration=8.10623168945e-05
Waiting for CO2 access
wait ('FelixCO2Flag', 0) {}
waiting for FelixCO2Flag = 0
Read FelixCO2Flag ===>> 0
finished waiting
CO2 free
wait ('CO2PumpTimeFlag', 0) {}
waiting for CO2PumpTimeFlag = 0
Read CO2PumpTimeFlag ===>> 0
finished waiting
acquire ('JanCO2Flag',) {'clear': True}
acquire JanCO2Flag
Set JanCO2Flag 1 ===>> OK
JanCO2Flag acquired
set extraction state False (0.75, 'red', 1.5)
CO2 acquired
executed snippet estimated_duration=0, duration=0.0139901638031
WaitForCO2Access.py completed successfully
gosub finished
doing GOSUB
testing...
no interpolation path defined
executed snippet estimated_duration=0, duration=7.60555267334e-05
Prepare for CO2 analysis
close () {'description': 'Jan Inlet'}
closing name=--- desc=Jan Inlet
checking ownership. requestor=129.138.12.150
check software interlocks R
interlocks []
actuate state mode=None-script, software_lock=False
doing actuation None-script close_channel False
Close R ===>> OK
GetIndicatorState R ===>> False
change switch state (True, True)
update switch state R False args=() kw={} ncanvase=2
04:38:51 -- CLOSE  VALVE-R (Jan Inlet)
---------------------------------------- close None (Jan Inlet) result=[(True, True)]
action=close, ok=True, locked=[False]
open () {'description': 'Jan Ion Pump'}
opening name=--- desc=Jan Ion Pump
checking ownership. requestor=129.138.12.150
check software interlocks O
interlocks []
actuate state mode=None-script, software_lock=False
doing actuation None-script open_channel False
Open O ===>> OK
GetIndicatorState O ===>> OK
change switch state (True, True)
update switch state O True args=() kw={} ncanvase=2
04:38:51 -- OPEN   VALVE-O (Jan Ion Pump)
---------------------------------------- open None (Jan Ion Pump) result=[(True, True)], time=0.10 sec
action=open, ok=True, locked=[False]
close () {'description': 'Microbone to Minibone'}
closing name=--- desc=Microbone to Minibone
checking ownership. requestor=129.138.12.150
check software interlocks L
interlocks []
actuate state mode=None-script, software_lock=False
doing actuation None-script close_channel False
Close L ===>> OK
GetIndicatorState L ===>> False
change switch state (True, True)
update switch state L False args=() kw={} ncanvase=2
04:38:52 -- CLOSE  VALVE-L (Microbone to Minibone)
---------------------------------------- close None (Microbone to Minibone) result=[(True, True)]
action=close, ok=True, locked=[False]
open () {'description': 'Microbone to Turbo'}
opening name=--- desc=Microbone to Turbo
checking ownership. requestor=129.138.12.150
check software interlocks U
interlocks []
actuate state mode=None-script, software_lock=False
doing actuation None-script open_channel False
Open U ===>> OK
GetIndicatorState U ===>> OK
change switch state (True, True)
update switch state U True args=() kw={} ncanvase=2
04:38:53 -- OPEN   VALVE-U (Microbone to Turbo)
---------------------------------------- open None (Microbone to Turbo) result=[(True, True)], time=0.14 sec
action=open, ok=True, locked=[False]
open () {'description': 'Microbone to Inlet Pipette'}
opening name=--- desc=Microbone to Inlet Pipette
checking ownership. requestor=129.138.12.150
check software interlocks S
interlocks []
actuate state mode=None-script, software_lock=False
doing actuation None-script open_channel False
Open S ===>> OK
GetIndicatorState S ===>> OK
change switch state (True, True)
update switch state S True args=() kw={} ncanvase=2
04:38:53 -- OPEN   VALVE-S (Microbone to Inlet Pipette)
---------------------------------------- open None (Microbone to Inlet Pipette) result=[(True, True)], time=0.43 sec
action=open, ok=True, locked=[False]
open () {'description': 'Microbone to Getter D-50'}
opening name=--- desc=Microbone to Getter D-50
checking ownership. requestor=129.138.12.150
check software interlocks K
interlocks []
actuate state mode=None-script, software_lock=False
doing actuation None-script open_channel False
Open K ===>> OK
GetIndicatorState K ===>> OK
change switch state (True, True)
update switch state K True args=() kw={} ncanvase=2
04:38:54 -- OPEN   VALVE-K (Microbone to Getter D-50)
---------------------------------------- open None (Microbone to Getter D-50) result=[(True, True)], time=0.42 sec
action=open, ok=True, locked=[False]
open () {'description': 'Microbone to Getter NP-10'}
opening name=--- desc=Microbone to Getter NP-10
checking ownership. requestor=129.138.12.150
check software interlocks M
interlocks []
actuate state mode=None-script, software_lock=False
doing actuation None-script open_channel False
Open M ===>> OK
GetIndicatorState M ===>> OK
change switch state (True, True)
update switch state M True args=() kw={} ncanvase=2
04:38:54 -- OPEN   VALVE-M (Microbone to Getter NP-10)
---------------------------------------- open None (Microbone to Getter NP-10) result=[(True, True)], time=0.15 sec
action=open, ok=True, locked=[False]
close () {'description': 'CO2 Laser to Felix'}
closing name=--- desc=CO2 Laser to Felix
checking ownership. requestor=129.138.12.150
check software interlocks F
interlocks []
actuate state mode=None-script, software_lock=True
VALVE-F(CO2 Laser to Felix) software locked
change switch state (True, False)
---------------------------------------- close None (CO2 Laser to Felix) result=[(True, False)]
action=close, ok=True, locked=[True]
open () {'description': 'CO2 Laser to Jan'}
opening name=--- desc=CO2 Laser to Jan
checking ownership. requestor=129.138.12.150
check software interlocks A
interlocks []
actuate state mode=None-script, software_lock=False
doing actuation None-script open_channel False
Open A ===>> OK
GetIndicatorState A ===>> OK
change switch state (True, True)
update switch state A True args=() kw={} ncanvase=2
04:38:55 -- OPEN   VALVE-A (CO2 Laser to Jan)
---------------------------------------- open None (CO2 Laser to Jan) result=[(True, True)], time=0.13 sec
action=open, ok=True, locked=[False]
open () {'description': 'Microbone to CO2 Laser'}
opening name=--- desc=Microbone to CO2 Laser
checking ownership. requestor=129.138.12.150
check software interlocks T
interlocks []
actuate state mode=None-script, software_lock=False
doing actuation None-script open_channel False
Open T ===>> OK
GetIndicatorState T ===>> OK
change switch state (True, True)
update switch state T True args=() kw={} ncanvase=2
04:38:55 -- OPEN   VALVE-T (Microbone to CO2 Laser)
---------------------------------------- open None (Microbone to CO2 Laser) result=[(True, True)], time=0.42 sec
action=open, ok=True, locked=[False]
executed snippet estimated_duration=0, duration=4.99253797531
PrepareForCO2Analysis.py completed successfully
gosub finished
set_motor ('beam', '1.25') {}
setting motor "beam" to 1.25
set motor beam to 1.25
SetMotor beam,1.25 ===>> OK
GetMotorMoving beam ===>> False
GetMotorMoving beam ===>> False
Block completed
move_to_position ('201',) {'autocenter': True}
FusionsCO2 move to position 201
sending GoToHole 201,True
GoToHole 201,True ===>> OK
GetDriveMoving ===>> OK
GetDriveMoving ===>> OK
GetDriveMoving ===>> OK
GetDriveMoving ===>> OK
GetDriveMoving ===>> OK
GetDriveMoving ===>> OK
GetDriveMoving ===>> False
GetDriveMoving ===>> OK
GetDriveMoving ===>> OK
GetDriveMoving ===>> OK
GetDriveMoving ===>> OK
GetDriveMoving ===>> False
Block completed
GetAutoCorrecting ===>> False
GetAutoCorrecting ===>> False
Block completed
update position
GetPosition ===>> -1.99390,-11.96340,1.00000
got position (-1.9939, -11.9634, 1.0)
move to position succeeded
sleep (5,) {}
SLEEP 5.0
block started
WaitControl setup for 5.0  
Join finished
block finished. duration 5.05195999146
close () {'description': 'Microbone to Turbo'}
closing name=--- desc=Microbone to Turbo
checking ownership. requestor=129.138.12.150
check software interlocks U
interlocks []
actuate state mode=None-script, software_lock=False
doing actuation None-script close_channel True
Close U ===>> OK
GetIndicatorState U ===>> False
change switch state (True, True)
update switch state U False args=() kw={} ncanvase=2
04:39:07 -- CLOSE  VALVE-U (Microbone to Turbo)
---------------------------------------- close None (Microbone to Turbo) result=[(True, True)]
action=close, ok=True, locked=[False]
enable laser
enable () {}
set extraction state FusionsCO2 Enabled (False, 'red', 1.5)
enabling laser
Enable ===>> OK
begin interval
BEGIN INTERVAL Interval 1 waiting for 30.0
set extract to 5.0
block started
extract (5.0,) {}
WaitControl setup for 30.0  
GetPosition ===>> -1.99390,-11.96340,1.00000
set extraction state FusionsCO2 ON! 5.0(watts) (0.75, 'red', 1.5)
extract sample to 5.0 (watts)
set laser output
SetLaserOutput 5.0,watts ===>> OK
executing pattern triangle.lp
execute_pattern ('triangle.lp',) {}
executing pattern triangle.lp
IsPatterning ===>> OK
IsPatterning ===>> OK
IsPatterning ===>> OK
IsPatterning ===>> OK
IsPatterning ===>> OK
IsPatterning ===>> OK
IsPatterning ===>> OK
IsPatterning ===>> OK
IsPatterning ===>> OK
IsPatterning ===>> OK
IsPatterning ===>> OK
IsPatterning ===>> OK
IsPatterning ===>> OK
IsPatterning ===>> OK
IsPatterning ===>> OK
IsPatterning ===>> OK
IsPatterning ===>> OK
IsPatterning ===>> OK
IsPatterning ===>> OK
IsPatterning ===>> OK
IsPatterning ===>> OK
IsPatterning ===>> OK
IsPatterning ===>> OK
IsPatterning ===>> OK
IsPatterning ===>> OK
IsPatterning ===>> OK
IsPatterning ===>> False
IsPatterning ===>> False
Block completed
COMPLETE INTERVAL waiting for Interval 1 to complete
Join finished
block finished. duration 30.1977279186
Interval 1 finished
end_extract () {}
ending extraction. set laser power to 0
set laser power 0
SetLaserPower 0 ===>> OK
disable () {}
%%%%%%%%%%%%%%%%%%%%%%%%%%%%%%%%%%% disable
set extraction state False (0.75, 'red', 1.5)
disabling laser
Disable ===>> OK
sleep (30.0,) {}
SLEEP 30.0
block started
WaitControl setup for 30.0  
Join finished
block finished. duration 30.1215720177
executed snippet estimated_duration=166.5, duration=77.6008191109
jan_co2.py completed successfully
GetAchievedOutput ===>> No Response
Requested Output= 0.000
Achieved Output=  0.000
GetResponseBlob ===>> No Response
GetOutputBlob ===>> No Response
persistence save...
persistence save - db
AutomatedRunPersister post_extraction_save deprecated
persistence save - dvc
no extraction position for 201
create new session 4989601072
close session 4989601072
Extraction Finished
04:40:08 -- ******* Extraction Finished *******
no overlap. not waiting for min ms pumptime
04:40:08 -- Sending spectrometer configuration
======== Sending configuration ========
SetDeflection CDD,50.0 ===>> OK
SetDeflection H2,0.0 ===>> OK
SetDeflection H1,0.0 ===>> OK
SetDeflection L2,825.0 ===>> OK
SetDeflection L1,400.0 ===>> OK
SetDeflection AX,190.0 ===>> OK
SetZFocus 74.64 ===>> OK
SetZSymmetry -50.72 ===>> OK
SetExtractionLens 26.13 ===>> OK
SetIonRepeller -3.81 ===>> OK
SetElectronEnergy 75.08 ===>> OK
SetYSymmetry -2.81 ===>> OK
SetIonCounterVoltage 1590.0 ===>> OK
send trap current 200.0
GetParameter Trap Current Readback ===>> 198.482695477019
SetParameter Trap Current Set,200.0 ===>> OK
updating mftable name mftable
Using mftable located at /Users/jan/PychronDev/setupfiles/spectrometer/mftables/mftable.csv
============ MFtable ===========
Isotope  H2     H1     AX     L1     L2     CDD    
Ar40     5.8072 5.8792 5.9925 6.1471 6.2310 6.3754
Ar39     5.7065 5.7714 5.8849 6.0332 6.1161 6.2619
Ar36     5.3840 5.4404 5.5483 5.6921 5.7711 5.9130
================================
get initial guess parabolic
get initial guess parabolic
get initial guess parabolic
get initial guess parabolic
get initial guess parabolic
get initial guess parabolic
======== Configuration Finished ========
GetYSymmetry ===>> -2.81
GetZSymmetry ===>> -50.72
GetParameter Trap Current Readback ===>> 198.147042666178
GetHighVoltage ===>> 4499.94659342336
start measurement
do measurement
L#=65580 analysis type=unknown
Measurement Started jan_unknown120_60.py
04:40:09 -- ******* Measurement Started jan_unknown120_60.py *******
state changed from extraction to measurement
setting spec, defl, and gains
GetExtractionLens ===>> 26.13
GetYSymmetry ===>> -2.81
GetZSymmetry ===>> -50.72
GetZFocus ===>> 74.64
GetDeflection H2 ===>> 0
GetDeflection H1 ===>> 0
GetDeflection AX ===>> 190
GetDeflection L1 ===>> 400
GetDeflection L2 ===>> 825
GetDeflection CDD ===>> 50
GetGain H2 ===>> 0.0113
GetGain H1 ===>> 0.1
GetGain AX ===>> 0.097049
GetGain L1 ===>> 0.010355
GetGain L2 ===>> 0.095649
GetGain CDD ===>> 0
pre measurement save
New frame /Users/jan/PychronDev/data/isotopes/d9/5f9539-4134-4662-81cc-12a949bce867.h5
flush and close file /Users/jan/PychronDev/data/isotopes/d9/5f9539-4134-4662-81cc-12a949bce867.h5
testing...
no interpolation path defined
executed snippet estimated_duration=226.132928, duration=0.000172138214111
unknown measurement script
activate_detectors ('H2', 'H1', 'AX', 'L1', 'L2', 'CDD') {}
activate detectors
*************** Set Analysis View Ar/Ar
create graphs
clearing graphs
clear isotope group
setting isotope det=H2, iso=PM41
setting isotope det=H1, iso=Ar40
setting isotope det=AX, iso=Ar39
setting isotope det=L1, iso=Ar38
setting isotope det=L2, iso=Ar37
setting isotope det=CDD, iso=Ar36
setting previous blanks
 - setting Ar40 blank 0.603+/-0.007
 - setting Ar36 blank 0.00621+/-0.00019
 - setting Ar37 blank 0.047+/-0.005
 - setting Ar38 blank 0.0064+/-0.0021
 - setting PM41 blank 0.03+/-0.07
 - setting Ar39 blank 0.011+/-0.009
load analysis view
position_magnet ('Ar40',) {'detector': 'H1'}
detector Detector(H1)
POSITION Ar40 H1
setting detector H2 to PM41 (40.9624)
setting detector H1 to Ar40 (39.9624)
setting detector AX to Ar39 (38.9624)
setting detector L1 to Ar38 (37.9624)
setting detector L2 to Ar37 (36.9624)
setting detector CDD to Ar36 (35.9624)
Mapping mass to dac mass func: "parabolic"
H1 map mass coeffs = [-0.00063987  0.15840543  0.57076999]
H1 map mass to dac 39.9624 >> 5.87916
GetDeflection H1 ===>> 0
GetHighVoltage ===>> 4499.94659342336
positioning Ar40 (5.87912537818) on H1
setting magnet DAC
current  : 5.879125
requested: 5.879125
Delta Dac: 0.000000
Checking detector protection. dv=0.00000
Checking detector "CDD". Protection Threshold: 0.1 (V)
SetMagnetDAC 5.87912537818 ===>> OK
Magnet settling time: 0.500
equilibrate () {'delay': 3, 'inlet': 'R', 'outlet': 'O', 'eqtime': 12.0}
Equilibration Started
04:40:10 -- ******* Equilibration Started *******
checking ownership. requestor=129.138.12.150
check software interlocks O
interlocks []
actuate state mode=None-script, software_lock=False
doing actuation None-script close_channel True
Close O ===>> OK
GetIndicatorState O ===>> False
change switch state (True, True)
update switch state O False args=() kw={} ncanvase=2
04:40:10 -- CLOSE  VALVE-O (Jan Ion Pump)
waiting 3s before opening inlet value ('R',)
update labels <pychron.experiment.plot_panel.PlotPanel object at 0x1a9670d10>
update labels "<pychron.graph.stacked_regression_graph.StackedRegressionGraph object at 0x19ee44fb0>"
setting label 0 H2 PM41
setting label 1 H1 Ar40
setting label 2 AX Ar39
setting label 3 L1 Ar38
setting label 4 L2 Ar37
setting label 5 CDD Ar36
update labels "<pychron.graph.stacked_graph.StackedGraph object at 0x1a7aa6cb0>"
setting label 0 H2 PM41
setting label 1 H1 Ar40
setting label 2 AX Ar39
setting label 3 L1 Ar38
setting label 4 L2 Ar37
setting label 5 CDD Ar36
checking ownership. requestor=129.138.12.150
check software interlocks R
interlocks []
actuate state mode=None-script, software_lock=False
doing actuation None-script open_channel True
Open R ===>> OK
set states for children of R. state=True
handle state [('R', True)]
update switch state R True args=() kw={'refresh': False} ncanvase=2
refresh_canvas_needed fired
GetIndicatorState R ===>> OK
change switch state (True, True)
update switch state R True args=() kw={} ncanvase=2
04:40:14 -- OPEN   VALVE-R (Jan Inlet)
set_time_zero () {}
equilibrating for 12.0sec
sniff (12.0,) {}
py_sniff
build tables- sniff [Detector(H2), Detector(H1), Detector(AX), Detector(L1), Detector(L2), Detector(CDD)]
add group /sniff/PM41 (Group) '' table H2
add group /sniff/Ar40 (Group) '' table H1
add group /sniff/Ar39 (Group) '' table AX
add group /sniff/Ar38 (Group) '' table L1
add group /sniff/Ar37 (Group) '' table L2
add group /sniff/Ar36 (Group) '' table CDD
flush and close file /Users/jan/PychronDev/data/isotopes/d9/5f9539-4134-4662-81cc-12a949bce867.h5
measuring sniff. ncounts=12.0
"sniff" increment series count="1" fit count="0" regressing="False"
starting measurement
GetData ===>> H2,-0.209348490325999,H1,5.20676816016292,AX,1.39259701459722,L1,0.0278719259030894,L2,0.14140306...
GetData ===>> H2,0.72992076227413,H1,383.898024253393,AX,101.81823728002,L1,0.478750538335839,L2,0.814370078260...
GetData ===>> H2,0.568182408539628,H1,752.822926213792,AX,192.690576433297,L1,1.45247483098298,L2,0.94165970884...
GetData ===>> H2,0.254921218605526,H1,872.441403893821,AX,218.387765477605,L1,2.10102468937528,L2,0.79558989847...
GetData ===>> H2,0.117399679641736,H1,914.320749760269,AX,226.556162977911,L1,2.46059555796421,L2,0.87510325494...
GetData ===>> H2,0.0250274747711586,H1,930.461712710265,AX,230.004756574098,L1,2.63887280640261,L2,0.8755382644...
GetData ===>> H2,0.035551719504418,H1,937.777711623275,AX,231.33768690617,L1,2.7927133234051,L2,0.8857157597583...
GetData ===>> H2,0.0660281438312954,H1,940.406755451378,AX,231.421327739152,L1,2.84609247577117,L2,0.7960020627...
GetData ===>> H2,0.0409721694822393,H1,941.839969610923,AX,231.83111816292,L1,2.87788967073285,L2,0.86284366489...
GetData ===>> H2,0.055811758005722,H1,942.141754110818,AX,232.103783503663,L1,2.91973255877046,L2,0.89496688189...
GetData ===>> H2,-0.00604548325270586,H1,942.312103493556,AX,232.34069697805,L1,2.96039329536749,L2,0.897234000...
Equilibration Finished
04:40:26 -- ******* Equilibration Finished *******
checking ownership. requestor=129.138.12.150
check software interlocks R
interlocks []
actuate state mode=None-script, software_lock=False
doing actuation None-script close_channel True
GetData ===>> H2,0.0562875995285056,H1,942.09298532402,AX,232.09088881359,L1,2.98610029458892,L2,0.796356983491...
Close R ===>> OK
GetIndicatorState R ===>> False
change switch state (True, True)
update switch state R False args=() kw={} ncanvase=2
04:40:27 -- CLOSE  VALVE-R (Jan Inlet)
Post Equilibration Started jan_pump_extraction_line.py
04:40:27 -- ******* Post Equilibration Started jan_pump_extraction_line.py *******
testing...
no interpolation path defined
calculate duration
testing...
no interpolation path defined
executed snippet estimated_duration=4.0, duration=0.000115871429443
executed snippet estimated_duration=4.0, duration=0.00110292434692
Pump after analysis
doing GOSUB
testing...
no interpolation path defined
executed snippet estimated_duration=4.0, duration=0.000144004821777
Pump Microbone
close () {'description': 'Jan Inlet'}
closing name=--- desc=Jan Inlet
checking ownership. requestor=129.138.12.150
check software interlocks R
interlocks []
actuate state mode=None-script, software_lock=False
doing actuation None-script close_channel False
Close R ===>> OK
measurement finished
estimated time: 12.583 actual time: :12.682
flush and close file /Users/jan/PychronDev/data/isotopes/d9/5f9539-4134-4662-81cc-12a949bce867.h5
set_fits () {}
using default fits file=/Users/jan/PychronDev/scripts/measurement/fits/nominal_linear.yaml
set "Ar40" to "('Linear', 'SEM')"
No fit for "PM41". defaulting to linear. check the measurement script "jan_unknown120_60.py"
set "PM41" to "linear"
set "Ar36" to "('Linear', 'SEM')"
set "Ar37" to "('linear', 'SEM')"
set "Ar38" to "('linear', 'SEM')"
set "Ar39" to "('Linear', 'SEM')"
set_baseline_fits () {}
using default fits file=/Users/jan/PychronDev/scripts/measurement/fits/nominal_linear.yaml
set "H1" to "('average', 'SEM')"
set "H2" to "('average', 'SEM')"
set "CDD" to "('average', 'SEM')"
set "L2" to "('average', 'SEM')"
set "L1" to "('average', 'SEM')"
set "AX" to "('average', 'SEM')"
multicollect () {'integration_time': 1, 'ncounts': 120}
build tables- signal [Detector(H2), Detector(H1), Detector(AX), Detector(L1), Detector(L2), Detector(CDD)]
add group /signal/PM41 (Group) '' table H2
add group /signal/Ar40 (Group) '' table H1
add group /signal/Ar39 (Group) '' table AX
add group /signal/Ar38 (Group) '' table L1
add group /signal/Ar37 (Group) '' table L2
add group /signal/Ar36 (Group) '' table CDD
flush and close file /Users/jan/PychronDev/data/isotopes/d9/5f9539-4134-4662-81cc-12a949bce867.h5
measuring signal. ncounts=120
GetIndicatorState R ===>> False
change switch state (True, True)
update switch state R False args=() kw={} ncanvase=2
04:40:27 -- CLOSE  VALVE-R (Jan Inlet)
---------------------------------------- close None (Jan Inlet) result=[(True, True)]
action=close, ok=True, locked=[False]
is_closed ('F',) {}
is F () closed?
is closed True
open () {'description': 'CO2 Laser to Jan'}
opening name=--- desc=CO2 Laser to Jan
checking ownership. requestor=129.138.12.150
check software interlocks A
interlocks []
actuate state mode=None-script, software_lock=False
doing actuation None-script open_channel False
Open A ===>> OK
GetIndicatorState A ===>> OK
change switch state (True, True)
update switch state A True args=() kw={} ncanvase=2
04:40:27 -- OPEN   VALVE-A (CO2 Laser to Jan)
---------------------------------------- open None (CO2 Laser to Jan) result=[(True, True)], time=0.15 sec
"signal" increment series count="2" fit count="1" regressing="True"
starting measurement
GetData ===>> H2,-0.0510441140113544,H1,942.733223070378,AX,232.267384398432,L1,3.03064341847025,L2,0.872939684...
action=open, ok=True, locked=[False]
sleep (1,) {}
SLEEP 1.0
GetData ===>> H2,-0.00760381574641713,H1,942.392589502252,AX,231.930784306594,L1,3.04001979956821,L2,0.75631646...
close () {'description': 'CO2 Laser to Roughing'}
closing name=--- desc=CO2 Laser to Roughing
checking ownership. requestor=129.138.12.150
check software interlocks G
interlocks []
actuate state mode=None-script, software_lock=True
VALVE-G(CO2 Laser to Roughing) software locked
change switch state (True, False)
---------------------------------------- close None (CO2 Laser to Roughing) result=[(True, False)]
action=close, ok=True, locked=[True]
open () {'description': 'Microbone to Turbo'}
opening name=--- desc=Microbone to Turbo
checking ownership. requestor=129.138.12.150
check software interlocks U
interlocks []
actuate state mode=None-script, software_lock=False
doing actuation None-script open_channel True
Open U ===>> OK
set states for children of U. state=True
handle state [('U', True)]
update switch state U True args=() kw={'refresh': False} ncanvase=2
refresh_canvas_needed fired
GetIndicatorState U ===>> OK
change switch state (True, True)
update switch state U True args=() kw={} ncanvase=2
04:40:29 -- OPEN   VALVE-U (Microbone to Turbo)
---------------------------------------- open None (Microbone to Turbo) result=[(True, True)], time=0.23 sec
action=open, ok=True, locked=[False]
open () {'description': 'Microbone to Getter NP-10'}
opening name=--- desc=Microbone to Getter NP-10
checking ownership. requestor=129.138.12.150
check software interlocks M
interlocks []
actuate state mode=None-script, software_lock=False
doing actuation None-script open_channel False
Open M ===>> OK
GetIndicatorState M ===>> OK
change switch state (True, True)
update switch state M True args=() kw={} ncanvase=2
04:40:29 -- OPEN   VALVE-M (Microbone to Getter NP-10)
---------------------------------------- open None (Microbone to Getter NP-10) result=[(True, True)], time=0.15 sec
action=open, ok=True, locked=[False]
open () {'description': 'Microbone to Getter D-50'}
opening name=--- desc=Microbone to Getter D-50
checking ownership. requestor=129.138.12.150
check software interlocks K
interlocks []
actuate state mode=None-script, software_lock=False
doing actuation None-script open_channel False
GetData ===>> H2,-0.0560357886642224,H1,941.875024726006,AX,231.985962590279,L1,2.98323501931432,L2,0.871302729...
Open K ===>> OK
GetIndicatorState K ===>> OK
change switch state (True, True)
update switch state K True args=() kw={} ncanvase=2
04:40:30 -- OPEN   VALVE-K (Microbone to Getter D-50)
---------------------------------------- open None (Microbone to Getter D-50) result=[(True, True)], time=0.43 sec
action=open, ok=True, locked=[False]
open () {'description': 'Microbone to CO2 Laser'}
opening name=--- desc=Microbone to CO2 Laser
checking ownership. requestor=129.138.12.150
check software interlocks T
interlocks []
actuate state mode=None-script, software_lock=False
doing actuation None-script open_channel False
Open T ===>> OK
GetIndicatorState T ===>> OK
change switch state (True, True)
update switch state T True args=() kw={} ncanvase=2
04:40:31 -- OPEN   VALVE-T (Microbone to CO2 Laser)
---------------------------------------- open None (Microbone to CO2 Laser) result=[(True, True)], time=0.44 sec
GetData ===>> H2,-0.0707671848520587,H1,941.621142262175,AX,231.742298201776,L1,2.98609064600603,L2,0.869562779...
action=open, ok=True, locked=[False]
open () {'description': 'Microbone to Inlet Pipette'}
opening name=--- desc=Microbone to Inlet Pipette
checking ownership. requestor=129.138.12.150
check software interlocks S
interlocks []
actuate state mode=None-script, software_lock=False
doing actuation None-script open_channel False
Open S ===>> OK
GetIndicatorState S ===>> OK
change switch state (True, True)
update switch state S True args=() kw={} ncanvase=2
04:40:31 -- OPEN   VALVE-S (Microbone to Inlet Pipette)
---------------------------------------- open None (Microbone to Inlet Pipette) result=[(True, True)], time=0.42 sec
action=open, ok=True, locked=[False]
sleep (1,) {}
SLEEP 1.0
testing H1>-5.0
evaluate ot="H1.bs>-5.0" t="H1>-5.0", ctx="{'H1': None}"
GetData ===>> H2,-0.145152363148221,H1,940.92968596523,AX,231.506065410977,L1,3.00654916969569,L2,0.85337817956...
set_resource () {'name': 'CO2PumpTimeFlag', 'value': 30}
Set CO2PumpTimeFlag 30 ===>> OK
release ('JanCO2Flag',) {}
release JanCO2Flag
Set JanCO2Flag 0 ===>> OK
executed snippet estimated_duration=6.0, duration=6.09538793564
PumpMicrobone.py completed successfully
gosub finished
get_resource_value () {'name': 'JanMiniboneFlag'}
Read JanMiniboneFlag ===>> 0
Get Resource Value JanMiniboneFlag=0.0
get resource value 0.0
get_resource_value () {'name': 'JanMiniboneFlag'}
Read JanMiniboneFlag ===>> 0
Get Resource Value JanMiniboneFlag=0.0
executed snippet estimated_duration=4.0, duration=6.10939502716
jan_pump_extraction_line.py completed successfully
Post Equilibration Finished
04:40:33 -- ******* Post Equilibration Finished *******
GetData ===>> H2,-0.188745993853105,H1,940.629754831023,AX,231.507538379969,L1,3.00036180377829,L2,0.8775759668...
GetData ===>> H2,-0.0731454179748723,H1,940.581681499038,AX,231.432629641276,L1,2.96411314972924,L2,0.858459896...
GetData ===>> H2,-0.158237773767986,H1,940.427284217999,AX,231.274838240303,L1,3.00177801309569,L2,0.8995927769...
GetData ===>> H2,-0.222281645234892,H1,939.377842434649,AX,231.409797877052,L1,2.98891576543009,L2,0.8703297272...
testing H1>-5.0
evaluate ot="H1.bs>-5.0" t="H1>-5.0", ctx="{'H1': None}"
GetData ===>> H2,-0.0724851488245861,H1,938.937325896345,AX,231.664777063285,L1,2.97856858025956,L2,0.858448450...
GetData ===>> H2,-0.112855840762267,H1,938.481636261193,AX,231.378259019546,L1,2.97219539763693,L2,0.8272871115...
GetData ===>> H2,-0.105907892291103,H1,937.745023042993,AX,231.095331636012,L1,2.97272406735325,L2,0.8141870326...
GetData ===>> H2,-0.0589681740279496,H1,937.840856086323,AX,231.004568848641,L1,2.94911990271181,L2,0.819644228...
GetData ===>> H2,-0.153980779248145,H1,937.853336594723,AX,230.863514888731,L1,2.95056113861941,L2,0.8283397718...
testing H1>-5.0
evaluate ot="H1.bs>-5.0" t="H1>-5.0", ctx="{'H1': None}"
GetData ===>> H2,-0.125990196371562,H1,937.046380456641,AX,230.871377707341,L1,2.96237009324834,L2,0.8161433502...
GetData ===>> H2,-0.179169705647863,H1,936.63100133945,AX,230.575838821869,L1,2.9611407494982,L2,0.913884077157...
GetData ===>> H2,-0.182846587740479,H1,936.602478423924,AX,230.425513072302,L1,2.99033608485655,L2,0.7843819967...
GetData ===>> H2,-0.210381761738079,H1,936.155644222745,AX,230.542924444854,L1,3.01345100494644,L2,0.7762545103...
GetData ===>> H2,-0.146461425942228,H1,935.736612791648,AX,230.623534434255,L1,2.95093935532364,L2,0.8217837166...
testing H1>-5.0
evaluate ot="H1.bs>-5.0" t="H1>-5.0", ctx="{'H1': None}"
GetData ===>> H2,-0.178948379968536,H1,935.08988313897,AX,230.707662786161,L1,2.95884485645803,L2,0.89231052795...
GetData ===>> H2,-0.182733263154831,H1,935.526735183761,AX,230.525949813992,L1,2.98355197010619,L2,0.9208472754...
GetData ===>> H2,-0.137726077642184,H1,934.907089139019,AX,230.439674867598,L1,2.98548417981045,L2,0.8754352357...
GetData ===>> H2,-0.0806199200417273,H1,934.212599551506,AX,230.224060176898,L1,2.93424044240347,L2,0.844691813...
GetData ===>> H2,-0.0351576612312056,H1,933.58826706745,AX,230.016422603575,L1,2.91789155946407,L2,0.8236829815...
testing H1>-5.0
evaluate ot="H1.bs>-5.0" t="H1>-5.0", ctx="{'H1': None}"
04:40:53 -- collecting point 25
GetData ===>> H2,-0.0602089884833605,H1,933.402148246635,AX,230.109875188855,L1,2.95353907081058,L2,0.873077052...
GetData ===>> H2,-0.00148620668485233,H1,933.130750501417,AX,229.926527604262,L1,2.88429157051107,L2,0.96622349...
GetData ===>> H2,-0.111565801142373,H1,932.856410608505,AX,229.925161034397,L1,2.9136872150191,L2,0.87819415478...
GetData ===>> H2,-0.100484609010548,H1,932.52560668659,AX,229.737588145616,L1,2.92506074793644,L2,0.79489151296...
GetData ===>> H2,-0.190864120369532,H1,932.405244151557,AX,229.436042008474,L1,2.95396553505261,L2,0.9063946211...
testing H1>-5.0
evaluate ot="H1.bs>-5.0" t="H1>-5.0", ctx="{'H1': None}"
GetData ===>> H2,-0.151887898902219,H1,932.146785494418,AX,229.389618928314,L1,2.95720993029816,L2,0.9126930542...
GetData ===>> H2,-0.0893551892108876,H1,931.637022381851,AX,229.661538384954,L1,2.92190641549579,L2,0.802138940...
GetData ===>> H2,-0.0913592078966194,H1,931.143116525349,AX,229.527642187533,L1,2.9134002052731,L2,0.7851146490...
GetData ===>> H2,-0.178601537733049,H1,930.890580574292,AX,229.250671603757,L1,2.93680424865838,L2,0.9850630305...
GetData ===>> H2,-0.166477019451939,H1,930.378085644795,AX,229.05484890629,L1,2.88914087779669,L2,0.86838375276...
testing H1>-5.0
evaluate ot="H1.bs>-5.0" t="H1>-5.0", ctx="{'H1': None}"
GetData ===>> H2,-0.20440041196478,H1,929.661676460156,AX,229.051465814557,L1,2.89888005054486,L2,0.84377630025...
GetData ===>> H2,-0.183871853863203,H1,929.269924430223,AX,228.790569841183,L1,2.93745044521064,L2,0.8457789968...
GetData ===>> H2,-0.180613614572544,H1,929.423955542155,AX,228.639974107115,L1,2.9340287648282,L2,0.73694321304...
GetData ===>> H2,-0.149154728925602,H1,928.910346993419,AX,228.644566161432,L1,2.89679925373301,L2,0.8362236487...
GetData ===>> H2,-0.191376402068889,H1,928.798239933223,AX,228.401517321393,L1,2.91829545503522,L2,0.9100133068...
testing H1>-5.0
evaluate ot="H1.bs>-5.0" t="H1>-5.0", ctx="{'H1': None}"
GetData ===>> H2,-0.054251845294633,H1,927.550245661285,AX,228.642446739368,L1,2.95919719409027,L2,0.7820123627...
GetData ===>> H2,-0.0533875836296978,H1,927.431219966396,AX,228.876448932136,L1,2.93715071550142,L2,0.878995515...
GetData ===>> H2,-0.0968680996221437,H1,927.485924308397,AX,228.425547057831,L1,2.90910140735598,L2,0.892539521...
GetData ===>> H2,-0.168371927554093,H1,926.768677282142,AX,228.394457686753,L1,2.92866801933614,L2,0.7857900678...
GetData ===>> H2,-0.232952638800083,H1,926.246464676928,AX,228.316615625907,L1,2.94361587970053,L2,0.8337291155...
testing H1>-5.0
evaluate ot="H1.bs>-5.0" t="H1>-5.0", ctx="{'H1': None}"
GetData ===>> H2,-0.122770580606633,H1,926.318215185218,AX,228.093749974568,L1,2.95731176237403,L2,0.7314512127...
GetData ===>> H2,-0.108014519244317,H1,926.465062117854,AX,228.266021041003,L1,2.90902178968555,L2,0.9022149797...
GetData ===>> H2,-0.0618089648379793,H1,925.69803296263,AX,228.125783467724,L1,2.94534658912596,L2,0.8390615451...
GetData ===>> H2,-0.124082336075781,H1,925.155048051609,AX,228.191090096924,L1,2.95353356814909,L2,0.9403652433...
GetData ===>> H2,-0.284559795483506,H1,925.166650619401,AX,227.991442498415,L1,2.93742019690512,L2,0.8099198818...
testing H1>-5.0
evaluate ot="H1.bs>-5.0" t="H1>-5.0", ctx="{'H1': None}"
04:41:19 -- collecting point 50
GetData ===>> H2,-0.28949434242149,H1,924.68127524689,AX,227.713096954904,L1,2.906689134698,L2,0.77815467792595...
GetData ===>> H2,-0.187679365076525,H1,924.20929208616,AX,227.536278323878,L1,2.89755137173643,L2,0.81274556108...
GetData ===>> H2,-0.0504252598392273,H1,923.948200315666,AX,227.569670682943,L1,2.92073836315062,L2,0.876419737...
GetData ===>> H2,-0.0716404365266241,H1,923.677424794032,AX,227.462833234207,L1,2.89287613512321,L2,0.882807793...
GetData ===>> H2,-0.155831842879651,H1,923.099391589868,AX,227.397637221287,L1,2.92260180637195,L2,0.8497387369...
testing H1>-5.0
evaluate ot="H1.bs>-5.0" t="H1>-5.0", ctx="{'H1': None}"
GetData ===>> H2,-0.217347987853074,H1,923.016119267089,AX,227.440822297462,L1,2.86210064178767,L2,0.7276069993...
GetData ===>> H2,-0.32811459397918,H1,922.437501964669,AX,227.486708262328,L1,2.8758328201202,L2,0.833317180534...
GetData ===>> H2,-0.249874037783993,H1,922.162014196401,AX,227.281234037306,L1,2.82912208103749,L2,0.8375853708...
GetData ===>> H2,-0.202297631822478,H1,921.645829283154,AX,227.100109427334,L1,2.87977406851783,L2,0.9238251128...
GetData ===>> H2,-0.0776225773042035,H1,921.360716291779,AX,226.992858417234,L1,2.90604767578379,L2,0.848125065...
testing H1>-5.0
evaluate ot="H1.bs>-5.0" t="H1>-5.0", ctx="{'H1': None}"
GetData ===>> H2,-0.12434872562675,H1,920.875912459573,AX,227.03675236511,L1,2.88360278728062,L2,0.844222611874...
GetData ===>> H2,-0.139313102897983,H1,920.776029137176,AX,226.790044175642,L1,2.88700731467924,L2,0.8054594300...
GetData ===>> H2,-0.185673938737698,H1,920.264205936553,AX,226.966874994448,L1,2.89892260374182,L2,0.9280286020...
GetData ===>> H2,-0.16215290508873,H1,919.984383150552,AX,226.937172665951,L1,2.90798864484574,L2,0.84726674130...
GetData ===>> H2,-0.0743140139926752,H1,919.639595183326,AX,226.669424477655,L1,2.90685122204485,L2,0.761466538...
testing H1>-5.0
evaluate ot="H1.bs>-5.0" t="H1>-5.0", ctx="{'H1': None}"
GetData ===>> H2,-0.0445186677503574,H1,918.69285485264,AX,226.55340158351,L1,2.90912337094807,L2,0.86918503158...
GetData ===>> H2,-0.0335486626028143,H1,918.770878649377,AX,226.626848629891,L1,2.86874473569293,L2,0.941018201...
GetData ===>> H2,-0.112211516100253,H1,918.820832929768,AX,226.369705353392,L1,2.89131905908703,L2,0.8403203163...
GetData ===>> H2,-0.117443566532445,H1,918.641705105889,AX,226.317268443068,L1,2.93658290028831,L2,0.8456988881...
GetData ===>> H2,-0.150987267946718,H1,918.431169279508,AX,226.292559881725,L1,2.93759343827377,L2,0.8075175479...
testing H1>-5.0
evaluate ot="H1.bs>-5.0" t="H1>-5.0", ctx="{'H1': None}"
GetData ===>> H2,-0.143880982090725,H1,917.73457677412,AX,226.126698080353,L1,2.90037911598699,L2,0.81269980043...
GetData ===>> H2,-0.0531745608658583,H1,917.482515820375,AX,226.006170222983,L1,2.88626347465925,L2,0.846179541...
GetData ===>> H2,-0.120947394470369,H1,916.767053989264,AX,225.878034998618,L1,2.90236444241276,L2,0.8251246173...
GetData ===>> H2,-0.0724580322292037,H1,916.645302991193,AX,226.006069937866,L1,2.91327936120216,L2,0.955510435...
GetData ===>> H2,-0.0772051631269301,H1,915.926200982702,AX,225.829059700498,L1,2.90508624107023,L2,0.790804342...
testing H1>-5.0
evaluate ot="H1.bs>-5.0" t="H1>-5.0", ctx="{'H1': None}"
04:41:46 -- collecting point 75
GetData ===>> H2,-0.134497269467612,H1,915.590104861024,AX,225.70023446217,L1,2.8820483741926,L2,0.752745907928...
GetData ===>> H2,-0.171354011300663,H1,915.014581235149,AX,225.628746403869,L1,2.89318208758412,L2,0.8496357358...
GetData ===>> H2,-0.158532232194668,H1,915.0416578421,AX,225.76596505437,L1,2.85344686611094,L2,0.8009939711221...
GetData ===>> H2,-0.13005634349667,H1,914.834548594947,AX,225.709426490918,L1,2.86140300152228,L2,0.91073476995...
GetData ===>> H2,-0.0285749454574799,H1,914.691143876693,AX,225.656075940852,L1,2.89540357362588,L2,0.826875204...
testing H1>-5.0
evaluate ot="H1.bs>-5.0" t="H1>-5.0", ctx="{'H1': None}"
GetData ===>> H2,0.00350381732585403,H1,913.739053983778,AX,225.508801958337,L1,2.90924142597268,L2,0.833168426...
GetData ===>> H2,-0.0447345681863756,H1,913.001356815471,AX,225.364666814355,L1,2.91990293476085,L2,0.885120421...
GetData ===>> H2,-0.144311997589607,H1,912.925344737337,AX,225.279340959593,L1,2.90275303526623,L2,0.8723100828...
GetData ===>> H2,-0.116511285017767,H1,913.394267821662,AX,225.123978361846,L1,2.85386186846708,L2,0.7802838260...
GetData ===>> H2,-0.15413211842387,H1,912.909288936116,AX,225.132635905099,L1,2.85491656232494,L2,0.71430217540...
testing H1>-5.0
evaluate ot="H1.bs>-5.0" t="H1>-5.0", ctx="{'H1': None}"
GetData ===>> H2,-0.195997735688508,H1,912.298701431218,AX,225.086124570772,L1,2.87919253293984,L2,0.7825618379...
GetData ===>> H2,-0.198455004601137,H1,911.865419904047,AX,225.138015772267,L1,2.86850062142093,L2,0.9229317519...
GetData ===>> H2,-0.144356584464911,H1,911.610694205277,AX,224.666676399498,L1,2.86515760000971,L2,0.8628665571...
GetData ===>> H2,-0.117195957862629,H1,911.35137039045,AX,224.535649922979,L1,2.86088493849055,L2,0.87736990510...
GetData ===>> H2,-0.16061213347132,H1,910.766412636409,AX,224.674722959905,L1,2.82307099890394,L2,0.80204734272...
testing H1>-5.0
evaluate ot="H1.bs>-5.0" t="H1>-5.0", ctx="{'H1': None}"
GetData ===>> H2,-0.132863585967406,H1,910.099742908254,AX,224.573504481114,L1,2.79019212737593,L2,0.8440738411...
GetData ===>> H2,-0.188446646744625,H1,909.738238230506,AX,224.193840286705,L1,2.84189717683119,L2,0.7789788587...
GetData ===>> H2,-0.188446646744625,H1,909.738238230506,AX,224.193840286705,L1,2.84189717683119,L2,0.7789788587...
GetData ===>> H2,-0.0187751487071338,H1,909.307620236786,AX,224.17007441237,L1,2.86681664835237,L2,0.7509606795...
GetData ===>> H2,-0.054729399738416,H1,908.839740729776,AX,223.945493255491,L1,2.8628490416528,L2,0.82299649595...
testing H1>-5.0
evaluate ot="H1.bs>-5.0" t="H1>-5.0", ctx="{'H1': None}"
GetData ===>> H2,-0.170077613629601,H1,908.529270110604,AX,223.673914456026,L1,2.88759199019677,L2,0.8287860117...
GetData ===>> H2,-0.175478129500554,H1,908.472241973963,AX,223.706245536358,L1,2.90194840169482,L2,0.8682578381...
GetData ===>> H2,-0.0982899272446153,H1,907.938049730675,AX,223.799178470824,L1,2.9004752165788,L2,0.8606460325...
GetData ===>> H2,-0.105680564296389,H1,907.817854868613,AX,223.814841747247,L1,2.89729608530276,L2,0.9426792558...
GetData ===>> H2,-0.0685986816129247,H1,907.425743645213,AX,223.841132747969,L1,2.86275583168874,L2,0.874496534...
testing H1>-5.0
evaluate ot="H1.bs>-5.0" t="H1>-5.0", ctx="{'H1': None}"
04:42:13 -- collecting point 100
GetData ===>> H2,-0.0879756120312058,H1,906.628672045799,AX,223.657524259434,L1,2.84101119629133,L2,0.813569256...
GetData ===>> H2,-0.0953932733162899,H1,906.232761643824,AX,223.681367361346,L1,2.88028567953489,L2,0.769524098...
GetData ===>> H2,-0.173694599471425,H1,905.679814486659,AX,223.431772422305,L1,2.88675616036896,L2,0.8038220710...
GetData ===>> H2,-0.100869074704827,H1,905.580159203831,AX,223.393101932205,L1,2.86160036500624,L2,1.0585421538...
GetData ===>> H2,-0.0321472230096742,H1,905.151028453468,AX,223.200760200918,L1,2.84591438755909,L2,0.808135285...
testing H1>-5.0
evaluate ot="H1.bs>-5.0" t="H1>-5.0", ctx="{'H1': None}"
GetData ===>> H2,-0.0815669269567226,H1,904.820713774436,AX,223.344574609705,L1,2.8548754685451,L2,0.9416597088...
GetData ===>> H2,-0.0518515595663581,H1,904.509067967287,AX,223.301636826947,L1,2.87330339793944,L2,0.795486857...
GetData ===>> H2,-0.152217258668548,H1,904.681556442052,AX,223.088762120477,L1,2.82388930308014,L2,0.8248729015...
GetData ===>> H2,-0.176950854976549,H1,903.835736696583,AX,223.119171123552,L1,2.84858326008473,L2,0.8146675280...
GetData ===>> H2,-0.236337892912567,H1,903.179546888415,AX,222.797612864291,L1,2.83017955010419,L2,0.7509492359...
testing H1>-5.0
evaluate ot="H1.bs>-5.0" t="H1>-5.0", ctx="{'H1': None}"
GetData ===>> H2,-0.0935647105232689,H1,903.374816617231,AX,222.863421211948,L1,2.79870714472357,L2,0.643221829...
GetData ===>> H2,-0.116692605560872,H1,903.183558583635,AX,222.953324958664,L1,2.80601271949146,L2,0.8267836693...
GetData ===>> H2,-0.199783218102592,H1,902.729913862805,AX,223.039889072351,L1,2.78306037393928,L2,0.8955279315...
GetData ===>> H2,-0.018373061853447,H1,902.622143226689,AX,222.835254192556,L1,2.83590615734759,L2,0.7889726134...
GetData ===>> H2,-0.154686110671077,H1,901.569312878192,AX,222.36416432749,L1,2.85837718548864,L2,0.77423991581...
testing H1>-5.0
evaluate ot="H1.bs>-5.0" t="H1>-5.0", ctx="{'H1': None}"
GetData ===>> H2,-0.154686110671077,H1,901.569312878192,AX,222.36416432749,L1,2.85837718548864,L2,0.77423991581...
GetData ===>> H2,-0.00971116946778816,H1,900.873382044498,AX,222.441601205603,L1,2.84753783218073,L2,0.91013927...
GetData ===>> H2,-0.0290463328886229,H1,900.551110783999,AX,221.917878652552,L1,2.83185686985387,L2,0.953333596...
GetData ===>> H2,-0.0959688710922397,H1,900.651093833097,AX,221.961280164031,L1,2.84539931718576,L2,0.808764466...
GetData ===>> H2,-0.0882276887307857,H1,900.177438281514,AX,221.821523874602,L1,2.85624671031276,L2,0.811441391...
testing H1>-5.0
evaluate ot="H1.bs>-5.0" t="H1>-5.0", ctx="{'H1': None}"
GetData ===>> H2,-0.0390427616992028,H1,899.662999876571,AX,221.793514029917,L1,2.80915702479493,L2,0.788033866...
measurement finished
estimated time: 125.829 actual time: :128.616
flush and close file /Users/jan/PychronDev/data/isotopes/d9/5f9539-4134-4662-81cc-12a949bce867.h5
baselines () {'settling_time': 15.0, 'detector': 'H1', 'mass': 34.2, 'ncounts': 60}
%%%%%%%%%%%%%%%%%%%%%%%%%%%%%%%% Baseline
build tables- baseline [Detector(H2), Detector(H1), Detector(AX), Detector(L1), Detector(L2), Detector(CDD)]
add group baseline table H2
add group baseline table H1
add group baseline table AX
add group baseline table L1
add group baseline table L2
add group baseline table CDD
flush and close file /Users/jan/PychronDev/data/isotopes/d9/5f9539-4134-4662-81cc-12a949bce867.h5
detector Detector(H1)
POSITION 34.2 H1
Mapping mass to dac mass func: "parabolic"
H1 map mass coeffs = [-0.00063987  0.15840543  0.57076999]
H1 map mass to dac 34.2 >> 5.23981599104
GetDeflection H1 ===>> 0
GetHighVoltage ===>> 4499.94659342336
positioning 34.2 (5.23978513426) on H1
setting magnet DAC
current  : 5.879125
requested: 5.239785
Delta Dac: 0.639340
Checking detector protection. dv=0.63934
Checking detector "CDD". Protection Threshold: 0.1 (V)
ProtectDetector CDD,On ===>> OK
GetDeflection CDD ===>> 2000
Protected = 2000
SetMagnetDAC 5.23978513426 ===>> OK
Magnet settling time: 0.500
GetMagnetMoving ===>> True
GetMagnetMoving ===>> True
GetMagnetMoving ===>> True
GetMagnetMoving ===>> True
GetMagnetMoving ===>> True
GetMagnetMoving ===>> True
GetMagnetMoving ===>> True
GetMagnetMoving ===>> False
ProtectDetector CDD,Off ===>> OK
GetDeflection CDD ===>> 50
Delaying 15.0s for detectors to settle
Join finished
measuring baseline. ncounts=60
"baseline" increment series count="2" fit count="1" regressing="True"
starting measurement
GetData ===>> H2,-0.159333174437602,H1,-0.0984961300011243,AX,-0.141087037873347,L1,0.00942536382184464,L2,-0.0...
GetData ===>> H2,-0.13367775234654,H1,-0.0745761554964861,AX,-0.151116190503496,L1,-0.0315989175474685,L2,-0.03...
GetData ===>> H2,-0.222951066325914,H1,-0.0042848556231377,AX,-0.145191579098971,L1,-0.050252445314248,L2,-0.06...
GetData ===>> H2,-0.1707131319277,H1,0.0124635595440516,AX,-0.144403149591449,L1,-0.0664246649292597,L2,-0.0805...
testing H1>-5.0
evaluate ot="H1.bs>-5.0" t="H1>-5.0", ctx="{'H1': None}"
GetData ===>> H2,-0.241197061757644,H1,0.00760813936884226,AX,-0.0777865369436049,L1,-0.0608065441407456,L2,-0....
GetData ===>> H2,-0.172421163648099,H1,0.0162573932534606,AX,-0.02569193265796,L1,-0.0285410534414858,L2,0.0437...
GetData ===>> H2,-0.299206694210998,H1,-0.0778778573686577,AX,-0.233686940674065,L1,-0.030408461339101,L2,-0.06...
GetData ===>> H2,-0.269177356428411,H1,0.00561593436498882,AX,-0.139463725186779,L1,-0.0341601959940262,L2,-0.0...
GetData ===>> H2,-0.116696664942877,H1,-0.026122774383741,AX,-0.0659624765421015,L1,-0.0339746180337146,L2,-0.0...
testing H1>-5.0
evaluate ot="H1.bs>-5.0" t="H1>-5.0", ctx="{'H1': None}"
GetData ===>> H2,-0.170184210482426,H1,-0.0156874436534558,AX,-0.0398633130546913,L1,-0.0472798384095378,L2,-0....
GetData ===>> H2,-0.164009384868555,H1,-0.0787479628282071,AX,-0.0741003663755905,L1,-0.0547195900118568,L2,-0....
GetData ===>> H2,-0.238809017119285,H1,-0.0312505953679708,AX,-0.0294843127685697,L1,-0.0272843406746239,L2,-0....
GetData ===>> H2,-0.212297172929784,H1,-0.00891284085213755,AX,-0.052386219715125,L1,-0.00736268657489637,L2,0....
GetData ===>> H2,-0.235215866239505,H1,0.0131793662204728,AX,-0.117699515677949,L1,-0.0130744486074399,L2,-0.01...
testing H1>-5.0
evaluate ot="H1.bs>-5.0" t="H1>-5.0", ctx="{'H1': None}"
GetData ===>> H2,-0.212305254146167,H1,0.0164005596048568,AX,-0.15040896623152,L1,-0.0194673926446733,L2,-0.016...
GetData ===>> H2,-0.148615849383474,H1,-0.00738610648960398,AX,-0.079930942992306,L1,-0.0260849859532324,L2,-0....
GetData ===>> H2,-0.120910873655853,H1,-0.0219606986165964,AX,-0.0789804553318864,L1,-0.0251527213537802,L2,-0....
GetData ===>> H2,-0.10172866044874,H1,0.0011425646040621,AX,-0.0806380070585992,L1,-0.0566492403405994,L2,0.008...
GetData ===>> H2,-0.120051924328358,H1,0.00383849151173195,AX,-0.147591611938823,L1,-0.018963793081203,L2,-0.06...
testing H1>-5.0
evaluate ot="H1.bs>-5.0" t="H1>-5.0", ctx="{'H1': None}"
GetData ===>> H2,-0.216662882087849,H1,-0.0671260669137251,AX,-0.0456379646744679,L1,-0.000982880023665352,L2,-...
GetData ===>> H2,-0.281552879973106,H1,-0.0154489090894881,AX,-0.068570848677562,L1,-0.00485347441988189,L2,0.0...
GetData ===>> H2,-0.212285051094384,H1,-0.0317872126111894,AX,-0.0899220929467009,L1,-0.0250101179917051,L2,0.0...
GetData ===>> H2,-0.220883410514571,H1,0.032830258279515,AX,-0.0603281541003927,L1,-0.0130277030071352,L2,-0.07...
GetData ===>> H2,-0.236316368269611,H1,0.01574438217562,AX,-0.0921357703910804,L1,-0.0110426125297203,L2,0.0006...
testing H1>-5.0
evaluate ot="H1.bs>-5.0" t="H1>-5.0", ctx="{'H1': None}"
04:43:20 -- collecting point 25
GetData ===>> H2,-0.193010156157081,H1,-0.0196589606171969,AX,-0.181278576370526,L1,-0.00102488143790369,L2,-0....
GetData ===>> H2,-0.231816817536427,H1,0.0452408232105796,AX,-0.0325923306289436,L1,0.00313290806013872,L2,0.10...
GetData ===>> H2,-0.261089298219996,H1,-0.0224377361395021,AX,-0.132471509762632,L1,-0.0194182328451959,L2,-0.0...
GetData ===>> H2,-0.330088035192053,H1,0.0140264107327372,AX,-0.142420453028271,L1,-0.0158193229396737,L2,0.007...
GetData ===>> H2,-0.313077345751966,H1,-0.0447128563910713,AX,-0.145458252338996,L1,0.0129771064861219,L2,-0.04...
testing H1>-5.0
evaluate ot="H1.bs>-5.0" t="H1>-5.0", ctx="{'H1': None}"
GetData ===>> H2,-0.243316802275543,H1,-0.0112744621983516,AX,-0.0655335375410604,L1,-0.0259675589226009,L2,-0....
GetData ===>> H2,-0.222577973345462,H1,0.0155296341329827,AX,0.015825155502176,L1,-0.0574942434044348,L2,-0.065...
GetData ===>> H2,-0.243300653375879,H1,0.0356344340929795,AX,-0.230466546973955,L1,-0.0425702138999451,L2,-0.00...
GetData ===>> H2,-0.254950117475158,H1,-0.00985511059521367,AX,-0.0538587148903735,L1,-0.0407080223964736,L2,0....
GetData ===>> H2,-0.127059593664098,H1,-0.00682550287065526,AX,0.0169158122567343,L1,-0.00973338934268893,L2,-0...
testing H1>-5.0
evaluate ot="H1.bs>-5.0" t="H1>-5.0", ctx="{'H1': None}"
GetData ===>> H2,-0.0991632474460236,H1,0.139371273197475,AX,0.0312463205514196,L1,-0.00806064492581394,L2,-0.1...
GetData ===>> H2,-0.079145738059493,H1,0.0067969373365397,AX,0.0018565473737803,L1,-0.00319191669122662,L2,0.00...
GetData ===>> H2,-0.125119462211639,H1,-0.0895819300292587,AX,-0.128300821050159,L1,0.00475375862962465,L2,-0.0...
GetData ===>> H2,-0.169548662509325,H1,0.0182736715651501,AX,-0.0328242682804921,L1,0.0391123459626464,L2,-0.05...
GetData ===>> H2,-0.211036432439462,H1,-0.00185149921005916,AX,-0.0787254448676617,L1,0.0135665840314919,L2,-0....
testing H1>-5.0
evaluate ot="H1.bs>-5.0" t="H1>-5.0", ctx="{'H1': None}"
GetData ===>> H2,-0.175950610417572,H1,0.00971968136627162,AX,-0.163022292679378,L1,-0.0134028602932973,L2,-0.0...
GetData ===>> H2,-0.117580222556889,H1,0.0283079444633795,AX,-0.0758507352203718,L1,-0.00626888130471594,L2,-0....
GetData ===>> H2,-0.111385752480775,H1,0.0490358992287333,AX,-0.0264921719547558,L1,0.0287608004883628,L2,-0.03...
GetData ===>> H2,-0.0793801566107997,H1,-0.016927814222467,AX,-0.0467279207148026,L1,0.0160257136308642,L2,0.02...
GetData ===>> H2,-0.151077739356137,H1,0.0517092466763238,AX,-0.0432840817895919,L1,0.00444637729487234,L2,0.00...
testing H1>-5.0
evaluate ot="H1.bs>-5.0" t="H1>-5.0", ctx="{'H1': None}"
GetData ===>> H2,-0.134256559357411,H1,0.0132509471695965,AX,-0.102253141832441,L1,-0.0429018992660354,L2,-0.10...
GetData ===>> H2,-0.0871741928676068,H1,-0.0625484573869571,AX,-0.123527480087008,L1,-0.00292196264747675,L2,-0...
GetData ===>> H2,-0.083086850443017,H1,-0.0241789038038174,AX,0.0256531100472985,L1,-6.84058049955697E-05,L2,-0...
GetData ===>> H2,-0.167316540634262,H1,0.017677135290284,AX,-0.0465771828409044,L1,-0.0242479346490965,L2,0.032...
GetData ===>> H2,-0.229334839108883,H1,-0.0303920017943547,AX,-0.070761827238602,L1,-0.0142597965219153,L2,-0.0...
testing H1>-5.0
evaluate ot="H1.bs>-5.0" t="H1>-5.0", ctx="{'H1': None}"
04:43:47 -- collecting point 50
GetData ===>> H2,-0.144498450629217,H1,-0.0149241310478441,AX,-0.0826200772968378,L1,0.0248200885686533,L2,-0.0...
GetData ===>> H2,-0.277608787956789,H1,-0.0294499253709056,AX,-0.161213864707129,L1,0.00282917767687072,L2,0.00...
GetData ===>> H2,-0.18010624326023,H1,0.0397036118653606,AX,-0.0737757912085708,L1,-0.0578461075629067,L2,-0.05...
GetData ===>> H2,-0.194027763293578,H1,-0.0450705534212002,AX,-0.0125044331874885,L1,-0.0577168527741701,L2,-0....
GetData ===>> H2,-0.180710768187731,H1,-0.0321568805938586,AX,-0.126250166858568,L1,-0.0417499341208238,L2,0.03...
testing H1>-5.0
evaluate ot="H1.bs>-5.0" t="H1>-5.0", ctx="{'H1': None}"
GetData ===>> H2,-0.115202714357112,H1,-0.0134332693272342,AX,-0.0950795356702016,L1,-0.0396875627657113,L2,-0....
GetData ===>> H2,-0.13402936760249,H1,0.0288926120604273,AX,-0.0328938494681719,L1,-0.0382453281038133,L2,-0.00...
GetData ===>> H2,-0.250082504546824,H1,-0.030320451997423,AX,-0.0871983892865585,L1,-0.0179373311596881,L2,-0.0...
GetData ===>> H2,-0.253194253869132,H1,0.00810917920219825,AX,-0.17710601365662,L1,-0.0262922772628838,L2,0.013...
GetData ===>> H2,-0.183401052396208,H1,-0.0568857600377946,AX,-0.0550645211176042,L1,-0.000672064113317785,L2,-...
testing H1>-5.0
evaluate ot="H1.bs>-5.0" t="H1>-5.0", ctx="{'H1': None}"
GetData ===>> H2,-0.209949334995302,H1,-0.0470855561376602,AX,-0.0329170431863366,L1,-0.00646198495259262,L2,-0...
measurement finished
estimated time: 62.915 actual time: :63.719
flush and close file /Users/jan/PychronDev/data/isotopes/d9/5f9539-4134-4662-81cc-12a949bce867.h5
activate_detectors ('H1', 'AX', 'CDD') {'peak_center': True}
peak_center () {'detector': 'H1', 'integration_time': 0.262144, 'isotope': 'Ar40'}
peak center: mean=901.359026625 threshold=3
peak center started
setup peak center. detector=['H1', 'AX', 'CDD'], isotope=Ar40
VersionedUnpickler [<apptools.sweet_pickle.versioned_unpickler.VersionedUnpickler object at 0x19f8b4650>] using Updater [<apptools.sweet_pickle.updater.Updater object at 0x135230b30>]
VersionedUnpickler [<apptools.sweet_pickle.versioned_unpickler.VersionedUnpickler object at 0x19f8b4650>] using Updater [<apptools.sweet_pickle.updater.Updater object at 0x135230b30>]
VersionedUnpickler [<apptools.sweet_pickle.versioned_unpickler.VersionedUnpickler object at 0x13576d110>] using Updater [<apptools.sweet_pickle.updater.Updater object at 0x135230b30>]
setting integration time = 0.524288
SetIntegrationTime 0.524288 ===>> OK
Mapping mass to dac mass func: "parabolic"
H1 map mass coeffs = [-0.00063987  0.15840543  0.57076999]
H1 map mass to dac 39.9624 >> 5.87916
GetDeflection H1 ===>> 0
GetHighVoltage ===>> 4499.94659342336
do peak center. <pychron.spectrometer.jobs.peak_center.PeakCenter object at 0x1352309b0>
doing pc
starting peak center. center dac= 5.87912537818 step_width=0.001
width = 0.001
get scan parameters. half-width=0.015,window=0.015, i=0, scalar=1
Scan parameters center=5.87913 width=0.03000 (5.86413 - 5.89413)
GetData ===>> H2,-0.283088683694963,H1,0.0331524361879111,AX,-0.084034161208857,L1,0.00445118005609011,L2,-0.09...
Moving to starting dac 5.86412537818
setting magnet DAC
current  : 5.239785
requested: 5.864125
Delta Dac: 0.624340
Checking detector protection. dv=0.62434
Checking detector "CDD". Protection Threshold: 0.1 (V)
ProtectDetector CDD,On ===>> OK
GetDeflection CDD ===>> 2000
Protected = 2000
SetMagnetDAC 5.86412537818 ===>> OK
Magnet settling time: 0.500
GetMagnetMoving ===>> True
GetMagnetMoving ===>> True
GetMagnetMoving ===>> True
GetMagnetMoving ===>> True
GetMagnetMoving ===>> True
GetMagnetMoving ===>> True
GetMagnetMoving ===>> True
GetMagnetMoving ===>> True
GetMagnetMoving ===>> False
ProtectDetector CDD,Off ===>> OK
GetDeflection CDD ===>> 50
Wait until signal near baseline. tol= 0.0248643271409. timeout= 10
GetData ===>> H2,3.02237620824718,H1,1.19652085603061,AX,-0.0896207507610609,L1,0.050542884540957,L2,-0.1181192...
GetData ===>> H2,39.0531588323297,H1,21.1812465602675,AX,1.44019857972844,L1,0.0692022694925904,L2,0.0383128188...
GetData ===>> H2,54.3305205166757,H1,34.5522114904014,AX,5.80734794754432,L1,0.0624493551619245,L2,-0.036681188...
GetData ===>> H2,30.7808679843118,H1,16.4315486617079,AX,2.52613534319202,L1,0.0613355339616506,L2,-0.137784015...
GetData ===>> H2,13.1334410623098,H1,8.30359717543378,AX,1.22346273885524,L1,0.0394875230030191,L2,0.0586143534...
GetData ===>> H2,4.57014865549836,H1,4.32090703784482,AX,0.63686609542521,L1,0.0249500025843195,L2,0.0148722982...
GetData ===>> H2,1.36615710083439,H1,2.53825257823179,AX,0.307127990583714,L1,0.0124168409839176,L2,-0.07307523...
GetData ===>> H2,0.426568257024335,H1,1.66064093610017,AX,0.192853696125268,L1,0.00590920356532788,L2,-0.055096...
GetData ===>> H2,0.225060238434348,H1,1.22187566744498,AX,-0.0278258894946152,L1,-0.00503341006438276,L2,0.0586...
GetData ===>> H2,0.19116729960746,H1,1.09538632547161,AX,0.0261868880509487,L1,-0.0160249750102037,L2,-0.062356...
GetData ===>> H2,0.0774137267468476,H1,0.882029828833919,AX,0.0070191299888895,L1,-0.0137096878047785,L2,-0.123...
GetData ===>> H2,0.114218941230186,H1,0.742082829508584,AX,0.0458458818336566,L1,-0.0219306187150963,L2,-0.0013...
GetData ===>> H2,0.160358611164649,H1,0.898663317561455,AX,0.0125416562773709,L1,-0.0300012471256673,L2,-0.1143...
GetData ===>> H2,0.202274797064043,H1,0.792687436943962,AX,0.0889808929868551,L1,-0.0318677498943061,L2,-0.0095...
GetData ===>> H2,0.108374466378658,H1,0.788710951322336,AX,0.105902820383795,L1,-0.0297571403755055,L2,0.021477...
GetData ===>> H2,0.0402262835796664,H1,0.815878752523891,AX,0.0893517530314088,L1,-0.062659917244691,L2,-0.1170...
GetData ===>> H2,0.0192496821717632,H1,0.782099793380797,AX,0.0870802574248184,L1,-0.0348797083612813,L2,0.0385...
GetData ===>> H2,-0.00898272067643753,H1,0.807684515197127,AX,0.133169534781979,L1,-0.0102285642904022,L2,0.083...
GetData ===>> H2,0.00220940994210206,H1,0.80955331753374,AX,0.177471030944301,L1,-6.12048910603521E-05,L2,-0.06...
GetData ===>> H2,0.00977670154526058,H1,0.70739520059584,AX,0.023541234468286,L1,0.010395042953228,L2,-0.113401...
GetData ===>> H2,0.0240107461083772,H1,0.807660556418388,AX,0.0990177910299803,L1,-0.0216192514680756,L2,-0.095...
Peak center failed to move to a baseline position
_do_sweep sm= 5.86412537818, em= 5.89412537818, stm= 0.001
calculated step values: start=5.86412537818, end=5.89412537818, width=0.001, nsteps=31.0
setting magnet DAC
current  : 5.864125
requested: 5.864125
Delta Dac: 0.000000
Checking detector protection. dv=0.00000
Checking detector "CDD". Protection Threshold: 0.1 (V)
SetMagnetDAC 5.86412537818 ===>> OK
GetData ===>> H2,0.0240107461083772,H1,0.807660556418388,AX,0.0990177910299803,L1,-0.0216192514680756,L2,-0.095...
setting magnet DAC
current  : 5.864125
requested: 5.865160
Delta Dac: 0.001034
Checking detector protection. dv=0.00103
Checking detector "CDD". Protection Threshold: 0.1 (V)
SetMagnetDAC 5.86515986094 ===>> OK
Magnet settling time: 1.049
GetData ===>> H2,-0.135439583765706,H1,1.64605834279385,AX,0.381075982394119,L1,-0.0138415248776985,L2,-0.13908...
setting magnet DAC
current  : 5.865160
requested: 5.866194
Delta Dac: 0.001034
Checking detector protection. dv=0.00103
Checking detector "CDD". Protection Threshold: 0.1 (V)
SetMagnetDAC 5.8661943437 ===>> OK
Magnet settling time: 1.049
GetData ===>> H2,0.0510476167895336,H1,5.49315319152333,AX,1.09682323433272,L1,-0.0165330205936435,L2,-0.059170...
setting magnet DAC
current  : 5.866194
requested: 5.867229
Delta Dac: 0.001034
Checking detector protection. dv=0.00103
Checking detector "CDD". Protection Threshold: 0.1 (V)
SetMagnetDAC 5.86722882645 ===>> OK
Magnet settling time: 1.049
GetData ===>> H2,-0.00158051030289165,H1,20.0014600490191,AX,3.41384407954471,L1,0.0246594177869083,L2,-0.07987...
setting magnet DAC
current  : 5.867229
requested: 5.868263
Delta Dac: 0.001034
Checking detector protection. dv=0.00103
Checking detector "CDD". Protection Threshold: 0.1 (V)
SetMagnetDAC 5.86826330921 ===>> OK
Magnet settling time: 1.049
GetData ===>> H2,-0.0666251065403299,H1,67.6461932288349,AX,10.9468325078506,L1,0.0621077381940489,L2,-0.022998...
setting magnet DAC
current  : 5.868263
requested: 5.869298
Delta Dac: 0.001034
Checking detector protection. dv=0.00103
Checking detector "CDD". Protection Threshold: 0.1 (V)
SetMagnetDAC 5.86929779197 ===>> OK
Magnet settling time: 1.049
GetData ===>> H2,-0.0114707847768077,H1,183.663760766536,AX,31.5651450109331,L1,0.172270316146637,L2,0.05510513...
setting magnet DAC
current  : 5.869298
requested: 5.870332
Delta Dac: 0.001034
Checking detector protection. dv=0.00103
Checking detector "CDD". Protection Threshold: 0.1 (V)
SetMagnetDAC 5.87033227473 ===>> OK
Magnet settling time: 1.049
GetData ===>> H2,-0.0229385220086051,H1,376.650398729252,AX,71.4409881856212,L1,0.449525138084128,L2,0.04182141...
setting magnet DAC
current  : 5.870332
requested: 5.871367
Delta Dac: 0.001034
Checking detector protection. dv=0.00103
Checking detector "CDD". Protection Threshold: 0.1 (V)
SetMagnetDAC 5.87136675749 ===>> OK
Magnet settling time: 1.049
GetData ===>> H2,-0.137625120428768,H1,590.393350225131,AX,122.982538507963,L1,0.884895698673966,L2,0.219698159...
setting magnet DAC
current  : 5.871367
requested: 5.872401
Delta Dac: 0.001034
Checking detector protection. dv=0.00103
Checking detector "CDD". Protection Threshold: 0.1 (V)
SetMagnetDAC 5.87240124025 ===>> OK
Magnet settling time: 1.049
GetData ===>> H2,-0.139197149720621,H1,744.445337303361,AX,166.8125066203,L1,1.444727005731,L2,0.34334222410351...
setting magnet DAC
current  : 5.872401
requested: 5.873436
Delta Dac: 0.001034
Checking detector protection. dv=0.00103
Checking detector "CDD". Protection Threshold: 0.1 (V)
SetMagnetDAC 5.87343572301 ===>> OK
Magnet settling time: 1.049
GetData ===>> H2,-0.0894379861333307,H1,840.430185880803,AX,202.489835402197,L1,2.06842083541418,L2,0.573905832...
setting magnet DAC
current  : 5.873436
requested: 5.874470
Delta Dac: 0.001034
Checking detector protection. dv=0.00103
Checking detector "CDD". Protection Threshold: 0.1 (V)
SetMagnetDAC 5.87447020576 ===>> OK
Magnet settling time: 1.049
GetData ===>> H2,-0.0382460304138661,H1,854.920233425325,AX,209.625468870059,L1,2.31946893347875,L2,0.735566905...
setting magnet DAC
current  : 5.874470
requested: 5.875505
Delta Dac: 0.001034
Checking detector protection. dv=0.00103
Checking detector "CDD". Protection Threshold: 0.1 (V)
SetMagnetDAC 5.87550468852 ===>> OK
Magnet settling time: 1.049
GetData ===>> H2,-0.0829432656478743,H1,858.700758688948,AX,211.175956174974,L1,2.51290855491373,L2,0.750039610...
setting magnet DAC
current  : 5.875505
requested: 5.876539
Delta Dac: 0.001034
Checking detector protection. dv=0.00103
Checking detector "CDD". Protection Threshold: 0.1 (V)
SetMagnetDAC 5.87653917128 ===>> OK
Magnet settling time: 1.049
GetData ===>> H2,-0.153332159895557,H1,859.862668242393,AX,211.638621279765,L1,2.63161793462013,L2,0.7566936709...
setting magnet DAC
current  : 5.876539
requested: 5.877574
Delta Dac: 0.001034
Checking detector protection. dv=0.00103
Checking detector "CDD". Protection Threshold: 0.1 (V)
SetMagnetDAC 5.87757365404 ===>> OK
Magnet settling time: 1.049
GetData ===>> H2,-0.102408191713166,H1,860.214543890625,AX,211.493714874591,L1,2.65550507462257,L2,0.7332350145...
setting magnet DAC
current  : 5.877574
requested: 5.878608
Delta Dac: 0.001034
Checking detector protection. dv=0.00103
Checking detector "CDD". Protection Threshold: 0.1 (V)
SetMagnetDAC 5.8786081368 ===>> OK
Magnet settling time: 1.049
GetData ===>> H2,-0.214247272332263,H1,859.653450184814,AX,211.589823611624,L1,2.67058439191019,L2,0.6939671697...
setting magnet DAC
current  : 5.878608
requested: 5.879643
Delta Dac: 0.001034
Checking detector protection. dv=0.00103
Checking detector "CDD". Protection Threshold: 0.1 (V)
SetMagnetDAC 5.87964261956 ===>> OK
Magnet settling time: 1.049
GetData ===>> H2,-0.168143853542375,H1,859.126529439631,AX,211.484716082915,L1,2.76152802915111,L2,0.7423342807...
setting magnet DAC
current  : 5.879643
requested: 5.880677
Delta Dac: 0.001034
Checking detector protection. dv=0.00103
Checking detector "CDD". Protection Threshold: 0.1 (V)
SetMagnetDAC 5.88067710232 ===>> OK
Magnet settling time: 1.049
GetData ===>> H2,-0.185173338234439,H1,858.963653561567,AX,211.605410481504,L1,2.71074934815793,L2,0.7069937197...
setting magnet DAC
current  : 5.880677
requested: 5.881712
Delta Dac: 0.001034
Checking detector protection. dv=0.00103
Checking detector "CDD". Protection Threshold: 0.1 (V)
SetMagnetDAC 5.88171158507 ===>> OK
Magnet settling time: 1.049
GetData ===>> H2,-0.148632848571495,H1,858.368269726056,AX,211.325122491232,L1,2.72419156361976,L2,0.7239765960...
setting magnet DAC
current  : 5.881712
requested: 5.882746
Delta Dac: 0.001034
Checking detector protection. dv=0.00103
Checking detector "CDD". Protection Threshold: 0.1 (V)
SetMagnetDAC 5.88274606783 ===>> OK
Magnet settling time: 1.049
GetData ===>> H2,-0.0361473880352501,H1,857.449880416051,AX,210.256067601519,L1,2.67804181966295,L2,0.735658352...
setting magnet DAC
current  : 5.882746
requested: 5.883781
Delta Dac: 0.001034
Checking detector protection. dv=0.00103
Checking detector "CDD". Protection Threshold: 0.1 (V)
SetMagnetDAC 5.88378055059 ===>> OK
Magnet settling time: 1.049
GetData ===>> H2,-0.217648367248039,H1,853.029753978967,AX,208.100546463355,L1,2.6719782125506,L2,0.77171845249...
setting magnet DAC
current  : 5.883781
requested: 5.884815
Delta Dac: 0.001034
Checking detector protection. dv=0.00103
Checking detector "CDD". Protection Threshold: 0.1 (V)
SetMagnetDAC 5.88481503335 ===>> OK
Magnet settling time: 1.049
GetData ===>> H2,-0.118792465375544,H1,836.847313853416,AX,200.884252020622,L1,2.64676236447357,L2,0.7161819285...
setting magnet DAC
current  : 5.884815
requested: 5.885850
Delta Dac: 0.001034
Checking detector protection. dv=0.00103
Checking detector "CDD". Protection Threshold: 0.1 (V)
SetMagnetDAC 5.88584951611 ===>> OK
Magnet settling time: 1.049
GetData ===>> H2,-0.248975569232262,H1,755.267308857668,AX,167.755576503933,L1,2.2254197137854,L2,0.50421008744...
setting magnet DAC
current  : 5.885850
requested: 5.886884
Delta Dac: 0.001034
Checking detector protection. dv=0.00103
Checking detector "CDD". Protection Threshold: 0.1 (V)
SetMagnetDAC 5.88688399887 ===>> OK
Magnet settling time: 1.049
GetData ===>> H2,-0.248103932600334,H1,589.573745647855,AX,115.347017827342,L1,1.72570936575079,L2,0.2524817778...
setting magnet DAC
current  : 5.886884
requested: 5.887918
Delta Dac: 0.001034
Checking detector protection. dv=0.00103
Checking detector "CDD". Protection Threshold: 0.1 (V)
SetMagnetDAC 5.88791848163 ===>> OK
Magnet settling time: 1.049
GetData ===>> H2,-0.206846423882508,H1,362.720004505076,AX,60.8804603871245,L1,1.15649310425106,L2,0.0774842883...
setting magnet DAC
current  : 5.887918
requested: 5.888953
Delta Dac: 0.001034
Checking detector protection. dv=0.00103
Checking detector "CDD". Protection Threshold: 0.1 (V)
SetMagnetDAC 5.88895296438 ===>> OK
Magnet settling time: 1.049
GetData ===>> H2,-0.127274542525206,H1,168.872364920301,AX,23.7999225719644,L1,0.71253895865728,L2,0.1008489649...
setting magnet DAC
current  : 5.888953
requested: 5.889987
Delta Dac: 0.001034
Checking detector protection. dv=0.00103
Checking detector "CDD". Protection Threshold: 0.1 (V)
SetMagnetDAC 5.88998744714 ===>> OK
Magnet settling time: 1.049
GetData ===>> H2,-0.133456297402605,H1,60.5137969269648,AX,6.84922247596671,L1,0.371747237962549,L2,-0.05821430...
setting magnet DAC
current  : 5.889987
requested: 5.891022
Delta Dac: 0.001034
Checking detector protection. dv=0.00103
Checking detector "CDD". Protection Threshold: 0.1 (V)
SetMagnetDAC 5.8910219299 ===>> OK
Magnet settling time: 1.049
GetData ===>> H2,-0.163994534237153,H1,17.8551940296908,AX,1.48341627879554,L1,0.289779889462998,L2,-0.07860482...
setting magnet DAC
current  : 5.891022
requested: 5.892056
Delta Dac: 0.001034
Checking detector protection. dv=0.00103
Checking detector "CDD". Protection Threshold: 0.1 (V)
SetMagnetDAC 5.89205641266 ===>> OK
Magnet settling time: 1.049
GetData ===>> H2,-0.163689416956791,H1,4.33665733968087,AX,0.169838603888921,L1,0.137155808838203,L2,-0.0512723...
setting magnet DAC
current  : 5.892056
requested: 5.893091
Delta Dac: 0.001034
Checking detector protection. dv=0.00103
Checking detector "CDD". Protection Threshold: 0.1 (V)
SetMagnetDAC 5.89309089542 ===>> OK
Magnet settling time: 1.049
GetData ===>> H2,-0.304982350020784,H1,1.02078228628304,AX,-0.158557427211389,L1,0.0786123707334612,L2,-0.13687...
setting magnet DAC
current  : 5.893091
requested: 5.894125
Delta Dac: 0.001034
Checking detector protection. dv=0.00103
Checking detector "CDD". Protection Threshold: 0.1 (V)
SetMagnetDAC 5.89412537818 ===>> OK
Magnet settling time: 1.049
GetData ===>> H2,-0.222824792054117,H1,0.0757599222884543,AX,-0.241379001221235,L1,0.0669154958648136,L2,0.2158...
result of _do_sweep=True
result of _calculate_peak_center=([5.8716704683584187, 5.8791253781780579, 5.8865802879976972], [635.62103781431142, 860.20442396406725, 638.21925067847837], 5.8775923120457936, 860.20442396406725)
Failed to find a valid peak. No peak greater than 1.0. max = 0.0743525106522
new center pos Detector(H1) (Ar40) @ 5.87912537818
GetHighVoltage ===>> 4499.94659342336
GetDeflection H1 ===>> 0
dac uncorrected for HV and deflection 5.87916
update mftable H1 Ar40 5.87916 message=automated run peakcenter
get initial guess parabolic
get initial guess parabolic
get initial guess parabolic
get initial guess parabolic
get initial guess parabolic
get initial guess parabolic
dump mftable to /Users/jan/PychronDev/setupfiles/spectrometer/mftables/mftable.csv
add to repo msg=modified - automated run peakcenter
locally archiving mftable
setting magnet DAC
current  : 5.894125
requested: 5.879125
Delta Dac: 0.015000
Checking detector protection. dv=0.01500
Checking detector "CDD". Protection Threshold: 0.1 (V)
SetMagnetDAC 5.87912537818 ===>> OK
Magnet settling time: 0.500
sweep finished
setting integration time = 1.048576
SetIntegrationTime 1.048576 ===>> OK
Failed to find a valid peak. No peak greater than 1.0. max = 0.0743525106522
flush and close file /Users/jan/PychronDev/data/isotopes/d9/5f9539-4134-4662-81cc-12a949bce867.h5
finished measure script
executed snippet estimated_duration=226.132928, duration=276.109646797
jan_unknown120_60.py completed successfully
Measurement Finished
04:44:45 -- ******* Measurement Finished *******
Post Measurement Started jan_pump_ms.py
04:44:45 -- ******* Post Measurement Started jan_pump_ms.py *******
testing...
no interpolation path defined
executed snippet estimated_duration=0, duration=3.09944152832e-05
Pumping spectrometer
open () {'name': 'O'}
opening name=O desc=---
checking ownership. requestor=129.138.12.150
check software interlocks O
interlocks []
actuate state mode=None-script, software_lock=False
doing actuation None-script open_channel True
Open O ===>> OK
GetIndicatorState O ===>> OK
change switch state (True, True)
update switch state O True args=() kw={} ncanvase=2
04:44:45 -- OPEN   VALVE-O (Jan Ion Pump)
---------------------------------------- open O () result=[(True, True)], time=0.12 sec
action=open, ok=True, locked=[False]
executed snippet estimated_duration=0, duration=0.375986099243
jan_pump_ms.py completed successfully
setting _ms_pumptime
Post Measurement Finished
04:44:45 -- ******* Post Measurement Finished *******
$$$$$$$$$$$$$$$$$$$$ state at run end measurement
state changed from measurement to success
post measurement save measured=True aborted=False
Set filtering
setting fod for Ar40= {'filter_outliers': True, 'std_devs': 2, 'iterations': 1}
setting fod for H1= {'filter_outliers': True, 'std_devs': 2, 'iterations': 1}
setting fod for PM41= {'filter_outliers': False, 'std_devs': 2, 'iterations': 1}
setting fod for H2= {'filter_outliers': True, 'std_devs': 2, 'iterations': 1}
setting fod for Ar36= {'filter_outliers': True, 'std_devs': 2, 'iterations': 1}
setting fod for CDD= {'filter_outliers': True, 'std_devs': 10, 'iterations': 1}
setting fod for Ar37= {'filter_outliers': True, 'std_devs': 2, 'iterations': 1}
setting fod for L2= {'filter_outliers': True, 'std_devs': 2, 'iterations': 1}
setting fod for Ar38= {'filter_outliers': True, 'std_devs': 2, 'iterations': 1}
setting fod for L1= {'filter_outliers': True, 'std_devs': 2, 'iterations': 1}
setting fod for Ar39= {'filter_outliers': True, 'std_devs': 2, 'iterations': 1}
setting fod for AX= {'filter_outliers': True, 'std_devs': 2, 'iterations': 1}
persistence save...
persistence save - db
post measurement save
7150918736 connecting to database sqlite:////Users/jan/PychronDev/.appdata/local_lab.db
connected to db sqlite:////Users/jan/PychronDev/.appdata/local_lab.db
create new session 7150918736
close session 7150918736
No database instance. Not saving post measurement to isotopedb database
$$$$$$$$$$$$$$$ auto_save_detector_ic=False
massspec enabled True
create new session 4985539184
MassSpec Database Version: 16.0
close session 4985539184
saving post measurement to secondary database
saving to massspec database 129.138.12.160/massspecdata
setting labnumber to 65580
setting aliquot to 13
setting step to 
setting uuid to d95f9539-4134-4662-81cc-12a949bce867
setting irradpos to 65580
setting extract_device to Fusions CO2
setting tray to 
setting position to 201
setting power_requested to 5.0
setting extract_value to 5.0
setting duration to 30.0
setting duration_at_request to 30.0
setting first_stage_delay to 30.0
setting cleanup to 30.0
setting comment to O:3 with inclusions
setting irradiation to NM-289
setting level to O
setting irradiation_level to O
setting sample to Bw-2014-12 W
setting material to Sanidine
setting project to Bustos Wells
setting mass_spectrometer to Jan
no attribute chron_dosages
no attribute production_ratios
no attribute interference_corrections
no attribute production_name
no attribute j
Reference Isotope=Ar40
Reference Detector=H1
%%%%%%%%%%%%%%%%%%%% Comment: O:3 with inclusions %%%%%%%%%%%%%%%%%%%
adding isotope PM41 H2
add baseline dbdet= PM41. original det= H2
get baseline data PM41 H2
Get data baseline <pychron.processing.isotope.Baseline object at 0x1a92d0750> len t=60
baseline PM41. v=-0.182718836745, e=0.00765946455894
get signal data PM41 H2
Get data signal PM41 0.04+/-0.07 len t=120
adding isotope Ar40 H1
add baseline dbdet= Ar40. original det= H1
get baseline data Ar40 H1
Get data baseline <pychron.processing.isotope.Baseline object at 0x1a92d0950> len t=60
baseline Ar40. v=-0.00831878061644, e=0.00423036845359
get signal data Ar40 H1
Get data signal Ar40 946.74+/-0.06 len t=120
adding isotope Ar39 AX
add baseline dbdet= Ar39. original det= AX
get baseline data Ar39 AX
Get data baseline <pychron.processing.isotope.Baseline object at 0x1a92d0b10> len t=60
baseline Ar39. v=-0.0799218733338, e=0.00702935212167
get signal data Ar39 AX
Get data signal Ar39 233.162+/-0.031 len t=120
adding isotope Ar38 L1
add baseline dbdet= Ar38. original det= L1
get baseline data Ar38 L1
Get data baseline <pychron.processing.isotope.Baseline object at 0x1a92d0cd0> len t=60
baseline Ar38. v=-0.0200178721658, e=0.00297443744776
get signal data Ar38 L1
Get data signal Ar38 3.020+/-0.005 len t=120
adding isotope Ar37 L2
add baseline dbdet= Ar37. original det= L2
get baseline data Ar37 L2
Get data baseline <pychron.processing.isotope.Baseline object at 0x1a92d0e90> len t=60
baseline Ar37. v=-0.0303013614648, e=0.0050140168673
get signal data Ar37 L2
Get data signal Ar37 0.889+/-0.011 len t=120
adding isotope Ar36 CDD
add baseline dbdet= Ar36. original det= CDD
get baseline data Ar36 CDD
Get data baseline <pychron.processing.isotope.Baseline object at 0x1a92ec090> len t=60
baseline Ar36. v=0.00019600612702, e=2.10799888631e-05
get signal data Ar36 CDD
Get data signal Ar36 0.0663+/-0.0007 len t=120
65580-13 added analysis time 0.493522167206s
analysis added to mass spec database
mass spec save time= 0.505
persistence save - dvc
================= post measurement started
create new session 4989601072
close session 4989601072
---------------- Experiment Queue saving disabled
DVC saving peakcenter
Failed to find a valid peak. No peak greater than 1.0. max = 0.0743525106522
Smart pull ahead: 0 behind: 0
Up-to-date with origin
add to repo msg=modified - ad8224ebc6dbfeb9f5997218dfa5fe690569839d.json
add to repo msg=modified - 80-13.json
add to repo msg=modified - 80-13.dat.json
add to repo msg=modified - 80-13.blan.json
add to repo msg=modified - 80-13.inte.json
add to repo msg=modified - 80-13.icfa.json
add to repo msg=modified - 80-13.base.json
not at valid file /Users/jan/PychronDev/data/.dvc/repositories/Load1789/655/tags/80-13.tags.json
add to repo msg=modified - 80-13.peak.json
add to repo msg=modified - 80-13.extr.json
not at valid file /Users/jan/PychronDev/data/.dvc/repositories/Load1789/655/monitor/80-13.moni.json
commit message=<COLLECTION>
add to repo msg=modified - 80-13.inte.json
add to repo msg=modified - 80-13.base.json
commit message=<ISOEVO> default collection fits
add to repo msg=modified - 80-13.blan.json
commit message=<BLANKS> preceding bu-FC-J-7746
add to repo msg=modified - 80-13.icfa.json
commit message=<ICFactor> default
push repository <pychron.git_archive.repo_manager.GitRepoManager object at 0x193e37290>
pushing to remote=origin, url=https://github.com
no changes to meta repo
create new session 4989601072
add association Load1789
get identifier "65580"
setting analysis irradiation position=<pychron.dvc.dvc_orm.IrradiationPositionTbl object at 0x1aaa9b7d0>
close session 4989601072
================= post measurement finished
04:44:59 -- ******* Post Run Check *******
loading queue conditionals post_run_actions
loading system conditionals post_run_actions
loading conditionals from /Users/jan/PychronDev/setupfiles/spectrometer/default_conditionals.yaml
loading queue conditionals post_run_terminations
loading system conditionals post_run_terminations
loading conditionals from /Users/jan/PychronDev/setupfiles/spectrometer/default_conditionals.yaml
Checking default post run terminations n=1
GetDeflection CDD ===>> 50
testing CDD==2000
evaluate ot="CDD.deflection==2000" t="CDD==2000", ctx="{'CDD': 50.0}"
04:44:59 -- ******* Post Run Check Passed *******
04:44:59 -- Automated run 65580-13 success duration: 368.469 s
----------------- finish -----------------
----------------- stop -----------------
retroactive repository identifiers disabled
finish run. runs completed=140
update duration runid=65580-13, duration=368.46884799, md5=301e91d8
loading script "jan_unknown120_60.py"
loading script "jan_pump_ms.py"
loading script "jan_co2.py"
loading script "jan_pump_extraction_line.py"
testing...
no interpolation path defined
executed snippet estimated_duration=213.652928, duration=0.000278949737549
script duration name:unknown120_60 seconds:214.0
loading script "jan_unknown120_60.py"
loading script "jan_pump_ms.py"
loading script "jan_co2.py"
loading script "jan_pump_extraction_line.py"
testing...
no interpolation path defined
executed snippet estimated_duration=0, duration=2.78949737549e-05
loading script "jan_unknown120_60.py"
loading script "jan_pump_ms.py"
loading script "jan_co2.py"
loading script "jan_pump_extraction_line.py"
testing...
no interpolation path defined
calculate duration
testing...
no interpolation path defined
executed snippet estimated_duration=0, duration=9.98973846436e-05
calculate duration
testing...
no interpolation path defined
executed snippet estimated_duration=0, duration=0.000123977661133
executed snippet estimated_duration=0.0, duration=0.00434994697571
script duration name:co2 seconds:0.0
loading script "jan_unknown120_60.py"
loading script "jan_pump_ms.py"
loading script "jan_co2.py"
loading script "jan_pump_extraction_line.py"
testing...
no interpolation path defined
calculate duration
testing...
no interpolation path defined
executed snippet estimated_duration=4.0, duration=0.000153064727783
executed snippet estimated_duration=4.0, duration=0.00124597549438
Script duration 214.0
Run total estimated duration= 215.000
loading script "jan_unknown400_120.py"
loading script "jan_pump_ms.py"
loading script "jan_co2.py"
loading script "jan_pump_extraction_line.py"
testing...
no interpolation path defined
executed snippet estimated_duration=556.052928, duration=0.000133991241455
script duration name:unknown400_120 seconds:556.0
pump_ms in script context. using previous estimated duration
co2 in script context. using previous estimated duration
script duration name:co2 seconds:0.0
pump_extraction_line in script context. using previous estimated duration
Script duration 556.0
Run total estimated duration= 557.000
unknown400_120 in script context. using previous estimated duration
script duration name:unknown400_120 seconds:556.0
loading script "jan_unknown400_120.py"
loading script "jan_pump_ms.py"
loading script "jan_sniffair_x2.py"
loading script "jan_pump_extraction_line.py"
testing...
no interpolation path defined
calculate duration
testing...
no interpolation path defined
executed snippet estimated_duration=0, duration=4.48226928711e-05
calculate duration
testing...
no interpolation path defined
executed snippet estimated_duration=0, duration=9.79900360107e-05
calculate duration
testing...
no interpolation path defined
executed snippet estimated_duration=32.0, duration=0.000107049942017
calculate duration
testing...
no interpolation path defined
executed snippet estimated_duration=34.0, duration=0.000117063522339
calculate duration
testing...
no interpolation path defined
executed snippet estimated_duration=4.0, duration=8.01086425781e-05
calculate duration
testing...
no interpolation path defined
executed snippet estimated_duration=36.0, duration=0.000105857849121
calculate duration
testing...
no interpolation path defined
executed snippet estimated_duration=34.0, duration=9.79900360107e-05
calculate duration
testing...
no interpolation path defined
executed snippet estimated_duration=4.0, duration=9.20295715332e-05
calculate duration
testing...
no interpolation path defined
executed snippet estimated_duration=36.0, duration=0.000113964080811
calculate duration
testing...
no interpolation path defined
executed snippet estimated_duration=70.0, duration=0.000114917755127
executed snippet estimated_duration=250.0, duration=0.031170129776
script duration name:sniffair_x2 seconds:250.0
Script duration 806.0
Run total estimated duration= 807.000
script duration name:unknown400_120 seconds:556.0
loading script "jan_unknown400_120.py"
loading script "jan_pump_ms.py"
loading script "jan_cocktail_x1.py"
loading script "jan_pump_extraction_line.py"
testing...
no interpolation path defined
calculate duration
testing...
no interpolation path defined
executed snippet estimated_duration=0, duration=4.91142272949e-05
calculate duration
testing...
no interpolation path defined
executed snippet estimated_duration=0, duration=0.000118970870972
calculate duration
testing...
no interpolation path defined
executed snippet estimated_duration=32.0, duration=0.000138998031616
calculate duration
testing...
no interpolation path defined
executed snippet estimated_duration=34.0, duration=0.000200033187866
calculate duration
testing...
no interpolation path defined
executed snippet estimated_duration=4.0, duration=0.000108003616333
calculate duration
testing...
no interpolation path defined
executed snippet estimated_duration=38.0, duration=0.0001220703125
executed snippet estimated_duration=108.0, duration=0.0172500610352
script duration name:cocktail_x1 seconds:108.0
Script duration 664.0
Run total estimated duration= 665.000
script duration name:unknown400_120 seconds:556.0
sniffair_x2 in script context. using previous estimated duration
script duration name:sniffair_x2 seconds:250.0
Script duration 806.0
Run total estimated duration= 807.000
script duration name:unknown400_120 seconds:556.0
cocktail_x1 in script context. using previous estimated duration
script duration name:cocktail_x1 seconds:108.0
Script duration 664.0
Run total estimated duration= 665.000
loading script "jan_ic_peak_hop3.py"
loading script "jan_pump_ms.py"
loading script "jan_air_x1.py"
loading script "jan_pump_extraction_line.py"
testing...
no interpolation path defined
executed snippet estimated_duration=133.8, duration=0.0075261592865
script duration name:ic_peak_hop3 seconds:134.0
loading script "jan_ic_peak_hop3.py"
loading script "jan_pump_ms.py"
loading script "jan_air_x1.py"
loading script "jan_pump_extraction_line.py"
testing...
no interpolation path defined
calculate duration
testing...
no interpolation path defined
executed snippet estimated_duration=0, duration=4.91142272949e-05
calculate duration
testing...
no interpolation path defined
executed snippet estimated_duration=0, duration=0.000107049942017
calculate duration
testing...
no interpolation path defined
executed snippet estimated_duration=32.0, duration=0.000100135803223
calculate duration
testing...
no interpolation path defined
executed snippet estimated_duration=34.0, duration=0.000100135803223
calculate duration
testing...
no interpolation path defined
executed snippet estimated_duration=4.0, duration=7.10487365723e-05
calculate duration
testing...
no interpolation path defined
executed snippet estimated_duration=36.0, duration=8.9168548584e-05
executed snippet estimated_duration=106.0, duration=0.0175430774689
script duration name:air_x1 seconds:106.0
Script duration 240.0
Run total estimated duration= 241.000
unknown120_60 in script context. using previous estimated duration
script duration name:unknown120_60 seconds:214.0
script duration name:co2 seconds:0.0
Script duration 214.0
Run total estimated duration= 215.000
script duration name:unknown120_60 seconds:214.0
script duration name:co2 seconds:0.0
Script duration 214.0
Run total estimated duration= 215.000
script duration name:unknown120_60 seconds:214.0
script duration name:co2 seconds:0.0
Script duration 214.0
Run total estimated duration= 215.000
script duration name:unknown120_60 seconds:214.0
script duration name:co2 seconds:0.0
Script duration 214.0
Run total estimated duration= 215.000
script duration name:unknown120_60 seconds:214.0
script duration name:co2 seconds:0.0
Script duration 214.0
Run total estimated duration= 215.000
script duration name:unknown120_60 seconds:214.0
script duration name:co2 seconds:0.0
Script duration 214.0
Run total estimated duration= 215.000
script duration name:unknown120_60 seconds:214.0
script duration name:co2 seconds:0.0
Script duration 214.0
Run total estimated duration= 215.000
script duration name:unknown120_60 seconds:214.0
script duration name:co2 seconds:0.0
Script duration 214.0
Run total estimated duration= 215.000
script duration name:unknown120_60 seconds:214.0
script duration name:co2 seconds:0.0
Script duration 214.0
Run total estimated duration= 215.000
script duration name:unknown120_60 seconds:214.0
script duration name:co2 seconds:0.0
Script duration 214.0
Run total estimated duration= 215.000
script duration name:unknown120_60 seconds:214.0
script duration name:co2 seconds:0.0
Script duration 214.0
Run total estimated duration= 215.000
script duration name:unknown120_60 seconds:214.0
script duration name:co2 seconds:0.0
Script duration 214.0
Run total estimated duration= 215.000
script duration name:unknown400_120 seconds:556.0
script duration name:co2 seconds:0.0
Script duration 556.0
Run total estimated duration= 557.000
script duration name:unknown120_60 seconds:214.0
script duration name:co2 seconds:0.0
Script duration 214.0
Run total estimated duration= 215.000
script duration name:unknown120_60 seconds:214.0
script duration name:co2 seconds:0.0
Script duration 214.0
Run total estimated duration= 215.000
script duration name:unknown120_60 seconds:214.0
script duration name:co2 seconds:0.0
Script duration 214.0
Run total estimated duration= 215.000
script duration name:unknown400_120 seconds:556.0
script duration name:cocktail_x1 seconds:108.0
Script duration 664.0
Run total estimated duration= 665.000
script duration name:unknown400_120 seconds:556.0
script duration name:cocktail_x1 seconds:108.0
Script duration 664.0
Run total estimated duration= 665.000
script duration name:unknown120_60 seconds:214.0
script duration name:co2 seconds:0.0
Script duration 214.0
Run total estimated duration= 215.000
script duration name:unknown120_60 seconds:214.0
script duration name:co2 seconds:0.0
Script duration 214.0
Run total estimated duration= 215.000
script duration name:unknown400_120 seconds:556.0
script duration name:co2 seconds:0.0
Script duration 556.0
Run total estimated duration= 557.000
nruns=28 before=5.0, run_dur=10056.0, btw=1215.0
write rem/ex queues
/Users/jan/PychronDev/experiments/rem/CurrentExperiment.rem.txt
/Users/jan/PychronDev/experiments/rem/CurrentExperiment.ex.txt
doing event level: 3
