do run
loading script "jan_unknown120_60.py"
loading script "jan_pump_ms.py"
loading script "jan_co2.py"
loading script "jan_pump_extraction_line.py"
testing...
no interpolation path defined
executed snippet estimated_duration=213.652928, duration=0.000354051589966
script duration name:unknown120_60 seconds:214.0
loading script "jan_unknown120_60.py"
loading script "jan_pump_ms.py"
loading script "jan_co2.py"
loading script "jan_pump_extraction_line.py"
testing...
no interpolation path defined
executed snippet estimated_duration=0, duration=2.88486480713e-05
loading script "jan_unknown120_60.py"
loading script "jan_pump_ms.py"
loading script "jan_co2.py"
loading script "jan_pump_extraction_line.py"
testing...
no interpolation path defined
calculate duration
testing...
no interpolation path defined
executed snippet estimated_duration=0, duration=6.103515625e-05
calculate duration
testing...
no interpolation path defined
executed snippet estimated_duration=0, duration=9.29832458496e-05
executed snippet estimated_duration=0.0, duration=0.00536799430847
script duration name:co2 seconds:0.0
loading script "jan_unknown120_60.py"
loading script "jan_pump_ms.py"
loading script "jan_co2.py"
loading script "jan_pump_extraction_line.py"
testing...
no interpolation path defined
calculate duration
testing...
no interpolation path defined
executed snippet estimated_duration=4.0, duration=0.000154972076416
executed snippet estimated_duration=4.0, duration=0.00299382209778
Script duration 214.0
Run total estimated duration= 215.000
run duration: 0:03:35
doing event level: 2
07:49:57 -- Setting default integration. t=1.048576
setting integration time = 1.048576
SetIntegrationTime 1.048576 ===>> OK
----------------- start -----------------
**************** Experiment Type: Ar/Ar, Ar/Ar
create new session 4436069840
close session 4436069840
$$$$$ Clearing conditionals
adding conditionals 
Add queue conditionals
add default conditionals
adding default conditionals from /Users/jan/PychronDev/setupfiles/spectrometer/default_conditionals.yaml
Start automated run 65580-29
loading script "jan_unknown120_60.py"
loading script "jan_pump_ms.py"
loading script "jan_co2.py"
loading script "jan_pump_extraction_line.py"
%%%%%%%%%%%%%%%%%% setting automated run 65580-29
No value "sensitivity_multiplier" in metadata
$$$$$$$$$$$$$$$ auto_save_detector_ic=False
============================= Pre Extraction Check =============================
loading queue conditionals pre_run_terminations
loading system conditionals pre_run_terminations
loading conditionals from /Users/jan/PychronDev/setupfiles/spectrometer/default_conditionals.yaml
07:49:57 -- ******* Pre Extraction Check *******
Get a measurement from the spectrometer
GetData ===>> H2,-0.210756248795316,H1,-0.035340738631384,AX,-0.0154622072346125,L1,0.00325416266856604,L2,0.02...
Pre Extraction Termination data. keys=H2,H1,AX,L1,L2,CDD, signals=-0.21076,-0.03534,-0.01546,0.00325,0.02759,0.00268
07:49:57 -- testing system defined conditionals
Checking default pre extraction terminations n=2
testing CDD
evaluate ot="CDD.inactive" t="CDD", ctx="{'CDD': False}"
GetDeflection CDD ===>> 50
testing CDD==2000
evaluate ot="CDD.deflection==2000" t="CDD==2000", ctx="{'CDD': 50.0}"
07:49:58 -- ******* Pre Extraction Check Passed *******
=================================================================================
07:49:58 -- stopping status monitor
stop 4982387056
Alive clients [4989850544]
07:49:58 -- starting status monitor
start 4982387056
Monitor already running
start extraction
do extraction
Analysis started at 07:49:58.162079
Extraction Started jan_co2.py
07:49:58 -- ******* Extraction Started jan_co2.py *******
state changed from not run to extraction
DO EXTRACTION <pychron.extraction_line.pyscript_runner.RemotePyScriptRunner object at 0x12c299590>
testing...
no interpolation path defined
calculate duration
testing...
no interpolation path defined
executed snippet estimated_duration=0, duration=7.31945037842e-05
calculate duration
testing...
no interpolation path defined
executed snippet estimated_duration=0, duration=0.000105142593384
executed snippet estimated_duration=100.0, duration=0.00407814979553
Jan CO2 laser analysis
doing GOSUB
testing...
no interpolation path defined
executed snippet estimated_duration=0, duration=4.31537628174e-05
Waiting for CO2 access
wait ('FelixCO2Flag', 0) {}
waiting for FelixCO2Flag = 0
Read FelixCO2Flag ===>> 0
finished waiting
CO2 free
wait ('CO2PumpTimeFlag', 0) {}
waiting for CO2PumpTimeFlag = 0
Read CO2PumpTimeFlag ===>> 0
finished waiting
acquire ('JanCO2Flag',) {'clear': True}
acquire JanCO2Flag
Set JanCO2Flag 1 ===>> OK
JanCO2Flag acquired
set extraction state False (0.75, 'red', 1.5)
CO2 acquired
executed snippet estimated_duration=0, duration=0.0156278610229
WaitForCO2Access.py completed successfully
gosub finished
doing GOSUB
testing...
no interpolation path defined
executed snippet estimated_duration=0, duration=9.70363616943e-05
Prepare for CO2 analysis
close () {'description': 'Jan Inlet'}
closing name=--- desc=Jan Inlet
checking ownership. requestor=129.138.12.150
check software interlocks R
interlocks []
actuate state mode=None-script, software_lock=False
doing actuation None-script close_channel False
Close R ===>> OK
GetIndicatorState R ===>> False
change switch state (True, True)
update switch state R False args=() kw={} ncanvase=2
07:49:58 -- CLOSE  VALVE-R (Jan Inlet)
---------------------------------------- close None (Jan Inlet) result=[(True, True)]
action=close, ok=True, locked=[False]
open () {'description': 'Jan Ion Pump'}
opening name=--- desc=Jan Ion Pump
checking ownership. requestor=129.138.12.150
check software interlocks O
interlocks []
actuate state mode=None-script, software_lock=False
doing actuation None-script open_channel False
Open O ===>> OK
GetIndicatorState O ===>> OK
change switch state (True, True)
update switch state O True args=() kw={} ncanvase=2
07:49:58 -- OPEN   VALVE-O (Jan Ion Pump)
---------------------------------------- open None (Jan Ion Pump) result=[(True, True)], time=0.11 sec
action=open, ok=True, locked=[False]
close () {'description': 'Microbone to Minibone'}
closing name=--- desc=Microbone to Minibone
checking ownership. requestor=129.138.12.150
check software interlocks L
interlocks []
actuate state mode=None-script, software_lock=False
doing actuation None-script close_channel False
Close L ===>> OK
GetIndicatorState L ===>> False
change switch state (True, True)
update switch state L False args=() kw={} ncanvase=2
07:49:59 -- CLOSE  VALVE-L (Microbone to Minibone)
---------------------------------------- close None (Microbone to Minibone) result=[(True, True)]
action=close, ok=True, locked=[False]
open () {'description': 'Microbone to Turbo'}
opening name=--- desc=Microbone to Turbo
checking ownership. requestor=129.138.12.150
check software interlocks U
interlocks []
actuate state mode=None-script, software_lock=False
doing actuation None-script open_channel False
Open U ===>> OK
GetIndicatorState U ===>> OK
change switch state (True, True)
update switch state U True args=() kw={} ncanvase=2
07:50:00 -- OPEN   VALVE-U (Microbone to Turbo)
---------------------------------------- open None (Microbone to Turbo) result=[(True, True)], time=0.15 sec
action=open, ok=True, locked=[False]
open () {'description': 'Microbone to Inlet Pipette'}
opening name=--- desc=Microbone to Inlet Pipette
checking ownership. requestor=129.138.12.150
check software interlocks S
interlocks []
actuate state mode=None-script, software_lock=False
doing actuation None-script open_channel False
Open S ===>> OK
GetIndicatorState S ===>> OK
change switch state (True, True)
update switch state S True args=() kw={} ncanvase=2
07:50:00 -- OPEN   VALVE-S (Microbone to Inlet Pipette)
---------------------------------------- open None (Microbone to Inlet Pipette) result=[(True, True)], time=0.43 sec
action=open, ok=True, locked=[False]
open () {'description': 'Microbone to Getter D-50'}
opening name=--- desc=Microbone to Getter D-50
checking ownership. requestor=129.138.12.150
check software interlocks K
interlocks []
actuate state mode=None-script, software_lock=False
doing actuation None-script open_channel False
Open K ===>> OK
GetIndicatorState K ===>> OK
change switch state (True, True)
update switch state K True args=() kw={} ncanvase=2
07:50:01 -- OPEN   VALVE-K (Microbone to Getter D-50)
---------------------------------------- open None (Microbone to Getter D-50) result=[(True, True)], time=0.45 sec
action=open, ok=True, locked=[False]
open () {'description': 'Microbone to Getter NP-10'}
opening name=--- desc=Microbone to Getter NP-10
checking ownership. requestor=129.138.12.150
check software interlocks M
interlocks []
actuate state mode=None-script, software_lock=False
doing actuation None-script open_channel False
Open M ===>> OK
GetIndicatorState M ===>> OK
change switch state (True, True)
update switch state M True args=() kw={} ncanvase=2
07:50:01 -- OPEN   VALVE-M (Microbone to Getter NP-10)
---------------------------------------- open None (Microbone to Getter NP-10) result=[(True, True)], time=0.16 sec
action=open, ok=True, locked=[False]
close () {'description': 'CO2 Laser to Felix'}
closing name=--- desc=CO2 Laser to Felix
checking ownership. requestor=129.138.12.150
check software interlocks F
interlocks []
actuate state mode=None-script, software_lock=True
VALVE-F(CO2 Laser to Felix) software locked
change switch state (True, False)
---------------------------------------- close None (CO2 Laser to Felix) result=[(True, False)]
action=close, ok=True, locked=[True]
open () {'description': 'CO2 Laser to Jan'}
opening name=--- desc=CO2 Laser to Jan
checking ownership. requestor=129.138.12.150
check software interlocks A
interlocks []
actuate state mode=None-script, software_lock=False
doing actuation None-script open_channel False
Open A ===>> OK
GetIndicatorState A ===>> OK
change switch state (True, True)
update switch state A True args=() kw={} ncanvase=2
07:50:02 -- OPEN   VALVE-A (CO2 Laser to Jan)
---------------------------------------- open None (CO2 Laser to Jan) result=[(True, True)], time=0.14 sec
action=open, ok=True, locked=[False]
open () {'description': 'Microbone to CO2 Laser'}
opening name=--- desc=Microbone to CO2 Laser
checking ownership. requestor=129.138.12.150
check software interlocks T
interlocks []
actuate state mode=None-script, software_lock=False
doing actuation None-script open_channel False
Open T ===>> OK
GetIndicatorState T ===>> OK
change switch state (True, True)
update switch state T True args=() kw={} ncanvase=2
07:50:02 -- OPEN   VALVE-T (Microbone to CO2 Laser)
---------------------------------------- open None (Microbone to CO2 Laser) result=[(True, True)], time=0.45 sec
action=open, ok=True, locked=[False]
executed snippet estimated_duration=0, duration=5.0468981266
PrepareForCO2Analysis.py completed successfully
gosub finished
set_motor ('beam', '1.25') {}
setting motor "beam" to 1.25
set motor beam to 1.25
SetMotor beam,1.25 ===>> OK
GetMotorMoving beam ===>> False
GetMotorMoving beam ===>> False
Block completed
move_to_position ('217',) {'autocenter': True}
FusionsCO2 move to position 217
sending GoToHole 217,True
GoToHole 217,True ===>> OK
GetDriveMoving ===>> OK
GetDriveMoving ===>> OK
GetDriveMoving ===>> OK
GetDriveMoving ===>> OK
GetDriveMoving ===>> OK
GetDriveMoving ===>> OK
GetDriveMoving ===>> OK
GetDriveMoving ===>> OK
GetDriveMoving ===>> OK
GetDriveMoving ===>> OK
GetDriveMoving ===>> OK
GetDriveMoving ===>> OK
GetDriveMoving ===>> OK
GetDriveMoving ===>> OK
GetDriveMoving ===>> OK
GetDriveMoving ===>> OK
GetDriveMoving ===>> OK
GetDriveMoving ===>> OK
GetDriveMoving ===>> OK
GetDriveMoving ===>> OK
GetDriveMoving ===>> OK
GetDriveMoving ===>> OK
GetDriveMoving ===>> False
GetDriveMoving ===>> OK
GetDriveMoving ===>> OK
GetDriveMoving ===>> OK
GetDriveMoving ===>> OK
GetDriveMoving ===>> OK
GetDriveMoving ===>> False
Block completed
GetAutoCorrecting ===>> False
GetAutoCorrecting ===>> False
Block completed
update position
GetPosition ===>> -3.98780,-15.95120,1.00000
got position (-3.9878, -15.9512, 1.0)
move to position succeeded
sleep (5,) {}
SLEEP 5.0
block started
WaitControl setup for 5.0  
Join finished
block finished. duration 5.01454901695
close () {'description': 'Microbone to Turbo'}
closing name=--- desc=Microbone to Turbo
checking ownership. requestor=129.138.12.150
check software interlocks U
interlocks []
actuate state mode=None-script, software_lock=False
doing actuation None-script close_channel True
Close U ===>> OK
GetIndicatorState U ===>> False
change switch state (True, True)
update switch state U False args=() kw={} ncanvase=2
07:50:18 -- CLOSE  VALVE-U (Microbone to Turbo)
---------------------------------------- close None (Microbone to Turbo) result=[(True, True)]
action=close, ok=True, locked=[False]
enable laser
enable () {}
set extraction state FusionsCO2 Enabled (False, 'red', 1.5)
enabling laser
Enable ===>> OK
begin interval
BEGIN INTERVAL Interval 1 waiting for 30.0
block started
set extract to 5.0
WaitControl setup for 30.0  
extract (5.0,) {}
GetPosition ===>> -3.98780,-15.95120,1.00000
set extraction state FusionsCO2 ON! 5.0(watts) (0.75, 'red', 1.5)
extract sample to 5.0 (watts)
set laser output
SetLaserOutput 5.0,watts ===>> OK
executing pattern triangle.lp
execute_pattern ('triangle.lp',) {}
executing pattern triangle.lp
IsPatterning ===>> OK
IsPatterning ===>> OK
IsPatterning ===>> OK
IsPatterning ===>> OK
IsPatterning ===>> OK
IsPatterning ===>> OK
IsPatterning ===>> OK
IsPatterning ===>> OK
IsPatterning ===>> OK
IsPatterning ===>> OK
IsPatterning ===>> OK
IsPatterning ===>> OK
IsPatterning ===>> OK
IsPatterning ===>> OK
IsPatterning ===>> OK
IsPatterning ===>> OK
IsPatterning ===>> OK
IsPatterning ===>> OK
IsPatterning ===>> OK
IsPatterning ===>> OK
IsPatterning ===>> OK
IsPatterning ===>> OK
IsPatterning ===>> OK
IsPatterning ===>> OK
IsPatterning ===>> OK
IsPatterning ===>> OK
IsPatterning ===>> False
IsPatterning ===>> False
Block completed
COMPLETE INTERVAL waiting for Interval 1 to complete
Join finished
block finished. duration 30.0827701092
Interval 1 finished
end_extract () {}
ending extraction. set laser power to 0
set laser power 0
SetLaserPower 0 ===>> OK
disable () {}
%%%%%%%%%%%%%%%%%%%%%%%%%%%%%%%%%%% disable
set extraction state False (0.75, 'red', 1.5)
disabling laser
Disable ===>> OK
sleep (30.0,) {}
SLEEP 30.0
block started
WaitControl setup for 30.0  
set states for children of E. state=False
handle state [('E', False)]
update switch state E False args=() kw={'refresh': False} ncanvase=2
refresh_canvas_needed fired
State checksums do not match. Local:1550443794 Remote:-1921872142
State checksum failed
set states for children of B. state=False
set states for children of D. state=False
handle state [('B', False), ('D', False)]
update switch state B False args=() kw={'refresh': True} ncanvase=2
update switch state D False args=() kw={'refresh': False} ncanvase=2
refresh_canvas_needed fired
Join finished
block finished. duration 30.0838871002
executed snippet estimated_duration=166.5, duration=81.3796839714
jan_co2.py completed successfully
GetAchievedOutput ===>> No Response
Requested Output= 0.000
Achieved Output=  0.000
GetResponseBlob ===>> No Response
GetOutputBlob ===>> No Response
persistence save...
persistence save - db
AutomatedRunPersister post_extraction_save deprecated
persistence save - dvc
no extraction position for 217
create new session 4989601072
close session 4989601072
Extraction Finished
07:51:19 -- ******* Extraction Finished *******
no overlap. not waiting for min ms pumptime
07:51:19 -- Sending spectrometer configuration
======== Sending configuration ========
SetDeflection CDD,50.0 ===>> OK
SetDeflection H2,0.0 ===>> OK
SetDeflection H1,0.0 ===>> OK
SetDeflection L2,825.0 ===>> OK
SetDeflection L1,400.0 ===>> OK
SetDeflection AX,190.0 ===>> OK
SetZFocus 74.64 ===>> OK
SetZSymmetry -50.72 ===>> OK
SetExtractionLens 26.13 ===>> OK
SetIonRepeller -3.81 ===>> OK
SetElectronEnergy 75.08 ===>> OK
SetYSymmetry -2.81 ===>> OK
SetIonCounterVoltage 1590.0 ===>> OK
send trap current 200.0
GetParameter Trap Current Readback ===>> 197.811389855338
SetParameter Trap Current Set,200.0 ===>> OK
updating mftable name mftable
Using mftable located at /Users/jan/PychronDev/setupfiles/spectrometer/mftables/mftable.csv
============ MFtable ===========
Isotope  H2     H1     AX     L1     L2     CDD    
Ar40     5.8075 5.8792 5.9925 6.1474 6.2309 6.3757
Ar39     5.7068 5.7715 5.8849 6.0335 6.1161 6.2622
Ar36     5.3843 5.4405 5.5483 5.6924 5.7710 5.9133
================================
get initial guess parabolic
get initial guess parabolic
get initial guess parabolic
get initial guess parabolic
get initial guess parabolic
get initial guess parabolic
======== Configuration Finished ========
GetYSymmetry ===>> -2.81
GetZSymmetry ===>> -50.72
GetParameter Trap Current Readback ===>> 198.147042666178
GetHighVoltage ===>> 4499.94659342336
start measurement
do measurement
L#=65580 analysis type=unknown
Measurement Started jan_unknown120_60.py
07:51:19 -- ******* Measurement Started jan_unknown120_60.py *******
state changed from extraction to measurement
setting spec, defl, and gains
GetExtractionLens ===>> 26.13
GetYSymmetry ===>> -2.81
GetZSymmetry ===>> -50.72
GetZFocus ===>> 74.64
GetDeflection H2 ===>> 0
GetDeflection H1 ===>> 0
GetDeflection AX ===>> 190
GetDeflection L1 ===>> 400
GetDeflection L2 ===>> 825
GetDeflection CDD ===>> 50
GetGain H2 ===>> 0.0113
GetGain H1 ===>> 0.1
GetGain AX ===>> 0.097049
GetGain L1 ===>> 0.010355
GetGain L2 ===>> 0.095649
GetGain CDD ===>> 0
pre measurement save
New frame /Users/jan/PychronDev/data/isotopes/a1/b39685-e59d-4160-8f28-4791eaf95d19.h5
flush and close file /Users/jan/PychronDev/data/isotopes/a1/b39685-e59d-4160-8f28-4791eaf95d19.h5
testing...
no interpolation path defined
executed snippet estimated_duration=226.132928, duration=0.000355005264282
unknown measurement script
activate_detectors ('H2', 'H1', 'AX', 'L1', 'L2', 'CDD') {}
activate detectors
*************** Set Analysis View Ar/Ar
create graphs
clearing graphs
clear isotope group
setting isotope det=H2, iso=PM41
setting isotope det=H1, iso=Ar40
setting isotope det=AX, iso=Ar39
setting isotope det=L1, iso=Ar38
setting isotope det=L2, iso=Ar37
setting isotope det=CDD, iso=Ar36
setting previous blanks
 - setting Ar40 blank 0.163+/-0.007
 - setting Ar36 blank 0.00426+/-0.00017
 - setting Ar37 blank 0.055+/-0.005
 - setting Ar38 blank 0.0090+/-0.0023
 - setting PM41 blank 0.02+/-0.06
 - setting Ar39 blank 0.041+/-0.008
load analysis view
position_magnet ('Ar40',) {'detector': 'H1'}
detector Detector(H1)
POSITION Ar40 H1
setting detector H2 to PM41 (40.9624)
setting detector H1 to Ar40 (39.9624)
setting detector AX to Ar39 (38.9624)
setting detector L1 to Ar38 (37.9624)
setting detector L2 to Ar37 (36.9624)
setting detector CDD to Ar36 (35.9624)
Mapping mass to dac mass func: "parabolic"
H1 map mass coeffs = [-0.00063987  0.15840543  0.57083999]
H1 map mass to dac 39.9624 >> 5.87923
GetDeflection H1 ===>> 0
GetHighVoltage ===>> 4499.94659342336
positioning Ar40 (5.87919537777) on H1
setting magnet DAC
current  : 5.879196
requested: 5.879195
Delta Dac: 0.000000
Checking detector protection. dv=0.00000
Checking detector "CDD". Protection Threshold: 0.1 (V)
SetMagnetDAC 5.87919537777 ===>> OK
Magnet settling time: 0.500
equilibrate () {'delay': 3, 'inlet': 'R', 'outlet': 'O', 'eqtime': 12.0}
Equilibration Started
07:51:21 -- ******* Equilibration Started *******
checking ownership. requestor=129.138.12.150
check software interlocks O
interlocks []
actuate state mode=None-script, software_lock=False
doing actuation None-script close_channel True
Close O ===>> OK
update labels <pychron.experiment.plot_panel.PlotPanel object at 0x1aaa75dd0>
update labels "<pychron.graph.stacked_regression_graph.StackedRegressionGraph object at 0x1a88646b0>"
setting label 0 H2 PM41
setting label 1 H1 Ar40
setting label 2 AX Ar39
setting label 3 L1 Ar38
setting label 4 L2 Ar37
setting label 5 CDD Ar36
update labels "<pychron.graph.stacked_graph.StackedGraph object at 0x196859d70>"
setting label 0 H2 PM41
setting label 1 H1 Ar40
setting label 2 AX Ar39
setting label 3 L1 Ar38
setting label 4 L2 Ar37
setting label 5 CDD Ar36
GetIndicatorState O ===>> False
change switch state (True, True)
update switch state O False args=() kw={} ncanvase=2
07:51:21 -- CLOSE  VALVE-O (Jan Ion Pump)
waiting 3s before opening inlet value ('R',)
checking ownership. requestor=129.138.12.150
check software interlocks R
interlocks []
actuate state mode=None-script, software_lock=False
doing actuation None-script open_channel True
Open R ===>> OK
GetIndicatorState R ===>> OK
change switch state (True, True)
update switch state R True args=() kw={} ncanvase=2
07:51:24 -- OPEN   VALVE-R (Jan Inlet)
set_time_zero () {}
equilibrating for 12.0sec
sniff (12.0,) {}
py_sniff
build tables- sniff [Detector(H2), Detector(H1), Detector(AX), Detector(L1), Detector(L2), Detector(CDD)]
add group /sniff/PM41 (Group) '' table H2
add group /sniff/Ar40 (Group) '' table H1
add group /sniff/Ar39 (Group) '' table AX
add group /sniff/Ar38 (Group) '' table L1
add group /sniff/Ar37 (Group) '' table L2
add group /sniff/Ar36 (Group) '' table CDD
flush and close file /Users/jan/PychronDev/data/isotopes/a1/b39685-e59d-4160-8f28-4791eaf95d19.h5
measuring sniff. ncounts=12.0
"sniff" increment series count="1" fit count="0" regressing="False"
starting measurement
GetData ===>> H2,-0.041843773191119,H1,11.9848913466919,AX,3.63012594226118,L1,0.0513940894197167,L2,0.30297702...
GetData ===>> H2,0.896005336774319,H1,85.6076267045424,AX,22.716061897947,L1,0.275510863161519,L2,0.32648865511...
GetData ===>> H2,0.461352545999705,H1,122.285580016049,AX,30.5524687023405,L1,0.364552433600016,L2,0.2173242941...
GetData ===>> H2,0.130120001603205,H1,134.358120269474,AX,32.9650264964891,L1,0.460479549845058,L2,0.1866405350...
GetData ===>> H2,0.0811535748684776,H1,138.710439650233,AX,33.5965977318499,L1,0.493698116102113,L2,0.138084671...
GetData ===>> H2,0.00859993309803639,H1,140.476144204237,AX,33.9502202664976,L1,0.461420549163096,L2,0.19684073...
GetData ===>> H2,-0.0205083067898613,H1,141.493494547705,AX,34.1100285383453,L1,0.470885622118529,L2,0.23910214...
GetData ===>> H2,-0.0557183621510168,H1,141.67675657536,AX,34.1135421731749,L1,0.449096733118037,L2,0.193862714...
GetData ===>> H2,0.0219478792444553,H1,141.903163339899,AX,34.0687570758466,L1,0.451119629133687,L2,0.195243319...
GetData ===>> H2,-0.0691533912594042,H1,141.816481705621,AX,34.0888660207977,L1,0.48820948939432,L2,0.178574700...
GetData ===>> H2,-0.152986214399078,H1,142.083800465706,AX,34.0390295811113,L1,0.475710494980576,L2,0.219013384...
Equilibration Finished
07:51:36 -- ******* Equilibration Finished *******
checking ownership. requestor=129.138.12.150
check software interlocks R
interlocks []
actuate state mode=None-script, software_lock=False
doing actuation None-script close_channel True
GetData ===>> H2,-0.0575956621444156,H1,142.056144880172,AX,34.0692887244838,L1,0.474811187549255,L2,0.14312503...
Close R ===>> OK
set states for children of R. state=False
handle state [('R', False)]
update switch state R False args=() kw={'refresh': False} ncanvase=2
refresh_canvas_needed fired
GetIndicatorState R ===>> False
change switch state (True, True)
update switch state R False args=() kw={} ncanvase=2
07:51:37 -- CLOSE  VALVE-R (Jan Inlet)
Post Equilibration Started jan_pump_extraction_line.py
07:51:37 -- ******* Post Equilibration Started jan_pump_extraction_line.py *******
testing...
no interpolation path defined
calculate duration
testing...
no interpolation path defined
executed snippet estimated_duration=4.0, duration=0.000233173370361
executed snippet estimated_duration=4.0, duration=0.00173187255859
Pump after analysis
doing GOSUB
testing...
no interpolation path defined
executed snippet estimated_duration=4.0, duration=0.000200986862183
Pump Microbone
close () {'description': 'Jan Inlet'}
closing name=--- desc=Jan Inlet
checking ownership. requestor=129.138.12.150
check software interlocks R
interlocks []
actuate state mode=None-script, software_lock=False
doing actuation None-script close_channel False
measurement finished
estimated time: 12.583 actual time: :12.662
flush and close file /Users/jan/PychronDev/data/isotopes/a1/b39685-e59d-4160-8f28-4791eaf95d19.h5
set_fits () {}
Close R ===>> OK
using default fits file=/Users/jan/PychronDev/scripts/measurement/fits/nominal_linear.yaml
set "Ar40" to "('Linear', 'SEM')"
No fit for "PM41". defaulting to linear. check the measurement script "jan_unknown120_60.py"
set "PM41" to "linear"
set "Ar36" to "('Linear', 'SEM')"
set "Ar37" to "('linear', 'SEM')"
set "Ar38" to "('linear', 'SEM')"
set "Ar39" to "('Linear', 'SEM')"
set_baseline_fits () {}
using default fits file=/Users/jan/PychronDev/scripts/measurement/fits/nominal_linear.yaml
set "H1" to "('average', 'SEM')"
set "H2" to "('average', 'SEM')"
set "CDD" to "('average', 'SEM')"
set "L2" to "('average', 'SEM')"
set "L1" to "('average', 'SEM')"
set "AX" to "('average', 'SEM')"
multicollect () {'integration_time': 1, 'ncounts': 120}
build tables- signal [Detector(H2), Detector(H1), Detector(AX), Detector(L1), Detector(L2), Detector(CDD)]
add group /signal/PM41 (Group) '' table H2
add group /signal/Ar40 (Group) '' table H1
add group /signal/Ar39 (Group) '' table AX
add group /signal/Ar38 (Group) '' table L1
add group /signal/Ar37 (Group) '' table L2
add group /signal/Ar36 (Group) '' table CDD
flush and close file /Users/jan/PychronDev/data/isotopes/a1/b39685-e59d-4160-8f28-4791eaf95d19.h5
measuring signal. ncounts=120
GetIndicatorState R ===>> False
change switch state (True, True)
update switch state R False args=() kw={} ncanvase=2
07:51:38 -- CLOSE  VALVE-R (Jan Inlet)
---------------------------------------- close None (Jan Inlet) result=[(True, True)]
action=close, ok=True, locked=[False]
is_closed ('F',) {}
is F () closed?
is closed True
open () {'description': 'CO2 Laser to Jan'}
opening name=--- desc=CO2 Laser to Jan
checking ownership. requestor=129.138.12.150
check software interlocks A
interlocks []
actuate state mode=None-script, software_lock=False
doing actuation None-script open_channel False
"signal" increment series count="2" fit count="1" regressing="True"
Open A ===>> OK
GetIndicatorState A ===>> OK
change switch state (True, True)
update switch state A True args=() kw={} ncanvase=2
07:51:38 -- OPEN   VALVE-A (CO2 Laser to Jan)
---------------------------------------- open None (CO2 Laser to Jan) result=[(True, True)], time=0.15 sec
starting measurement
GetData ===>> H2,-0.0792704005495697,H1,142.173151349104,AX,34.0594331784053,L1,0.453803125099066,L2,0.15394787...
action=open, ok=True, locked=[False]
sleep (1,) {}
SLEEP 1.0
GetData ===>> H2,0.0800915369324979,H1,142.12606748639,AX,34.0200603635767,L1,0.450415434663868,L2,0.1662547945...
close () {'description': 'CO2 Laser to Roughing'}
closing name=--- desc=CO2 Laser to Roughing
checking ownership. requestor=129.138.12.150
check software interlocks G
interlocks []
actuate state mode=None-script, software_lock=True
VALVE-G(CO2 Laser to Roughing) software locked
change switch state (True, False)
---------------------------------------- close None (CO2 Laser to Roughing) result=[(True, False)]
action=close, ok=True, locked=[True]
open () {'description': 'Microbone to Turbo'}
opening name=--- desc=Microbone to Turbo
checking ownership. requestor=129.138.12.150
check software interlocks U
interlocks []
actuate state mode=None-script, software_lock=False
doing actuation None-script open_channel True
Open U ===>> OK
GetIndicatorState U ===>> OK
change switch state (True, True)
update switch state U True args=() kw={} ncanvase=2
07:51:40 -- OPEN   VALVE-U (Microbone to Turbo)
---------------------------------------- open None (Microbone to Turbo) result=[(True, True)], time=0.25 sec
action=open, ok=True, locked=[False]
open () {'description': 'Microbone to Getter NP-10'}
opening name=--- desc=Microbone to Getter NP-10
checking ownership. requestor=129.138.12.150
check software interlocks M
interlocks []
actuate state mode=None-script, software_lock=False
doing actuation None-script open_channel False
Open M ===>> OK
GetIndicatorState M ===>> OK
change switch state (True, True)
update switch state M True args=() kw={} ncanvase=2
07:51:40 -- OPEN   VALVE-M (Microbone to Getter NP-10)
---------------------------------------- open None (Microbone to Getter NP-10) result=[(True, True)], time=0.19 sec
action=open, ok=True, locked=[False]
open () {'description': 'Microbone to Getter D-50'}
opening name=--- desc=Microbone to Getter D-50
checking ownership. requestor=129.138.12.150
check software interlocks K
interlocks []
actuate state mode=None-script, software_lock=False
doing actuation None-script open_channel False
GetData ===>> H2,0.00115441334554054,H1,142.126353109872,AX,34.0465254697279,L1,0.455518867597948,L2,0.13265688...
Open K ===>> OK
GetIndicatorState K ===>> OK
change switch state (True, True)
update switch state K True args=() kw={} ncanvase=2
07:51:41 -- OPEN   VALVE-K (Microbone to Getter D-50)
---------------------------------------- open None (Microbone to Getter D-50) result=[(True, True)], time=0.41 sec
action=open, ok=True, locked=[False]
open () {'description': 'Microbone to CO2 Laser'}
opening name=--- desc=Microbone to CO2 Laser
checking ownership. requestor=129.138.12.150
check software interlocks T
interlocks []
actuate state mode=None-script, software_lock=False
doing actuation None-script open_channel False
Open T ===>> OK
GetData ===>> H2,-0.0827969698409987,H1,142.08685998644,AX,34.017089894648,L1,0.441987242887822,L2,0.2272081785...
GetIndicatorState T ===>> OK
change switch state (True, True)
update switch state T True args=() kw={} ncanvase=2
07:51:41 -- OPEN   VALVE-T (Microbone to CO2 Laser)
---------------------------------------- open None (Microbone to CO2 Laser) result=[(True, True)], time=0.45 sec
action=open, ok=True, locked=[False]
open () {'description': 'Microbone to Inlet Pipette'}
opening name=--- desc=Microbone to Inlet Pipette
checking ownership. requestor=129.138.12.150
check software interlocks S
interlocks []
actuate state mode=None-script, software_lock=False
doing actuation None-script open_channel False
Open S ===>> OK
GetIndicatorState S ===>> OK
change switch state (True, True)
update switch state S True args=() kw={} ncanvase=2
07:51:42 -- OPEN   VALVE-S (Microbone to Inlet Pipette)
---------------------------------------- open None (Microbone to Inlet Pipette) result=[(True, True)], time=0.45 sec
action=open, ok=True, locked=[False]
sleep (1,) {}
SLEEP 1.0
testing H1>-5.0
evaluate ot="H1.bs>-5.0" t="H1>-5.0", ctx="{'H1': None}"
GetData ===>> H2,-0.207392156011202,H1,141.903407977562,AX,34.0705565119759,L1,0.431254401094218,L2,0.160426206...
set_resource () {'name': 'CO2PumpTimeFlag', 'value': 30}
Set CO2PumpTimeFlag 30 ===>> OK
release ('JanCO2Flag',) {}
release JanCO2Flag
Set JanCO2Flag 0 ===>> OK
executed snippet estimated_duration=6.0, duration=6.16868686676
PumpMicrobone.py completed successfully
gosub finished
get_resource_value () {'name': 'JanMiniboneFlag'}
Read JanMiniboneFlag ===>> 0
Get Resource Value JanMiniboneFlag=0.0
get resource value 0.0
get_resource_value () {'name': 'JanMiniboneFlag'}
Read JanMiniboneFlag ===>> 0
Get Resource Value JanMiniboneFlag=0.0
executed snippet estimated_duration=4.0, duration=6.18116211891
jan_pump_extraction_line.py completed successfully
Post Equilibration Finished
07:51:43 -- ******* Post Equilibration Finished *******
GetData ===>> H2,-0.11417686273063,H1,142.035569250539,AX,33.8903050041736,L1,0.434679495206414,L2,0.2034360791...
GetData ===>> H2,-0.157962218586338,H1,141.842504000416,AX,33.9318648646633,L1,0.437575901182277,L2,0.268952436...
GetData ===>> H2,-0.168967057642124,H1,141.635408776786,AX,33.9047313421376,L1,0.419847922928865,L2,0.261845540...
GetData ===>> H2,-0.0642139298644245,H1,141.646590027238,AX,34.0558619453355,L1,0.427835348177908,L2,0.09513833...
testing H1>-5.0
evaluate ot="H1.bs>-5.0" t="H1>-5.0", ctx="{'H1': None}"
GetData ===>> H2,-0.127968029020019,H1,141.686595973001,AX,33.9021292901136,L1,0.452280305617651,L2,0.228041393...
GetData ===>> H2,-0.322335067059816,H1,141.654737118438,AX,33.927821081095,L1,0.412444965606285,L2,0.2772463841...
GetData ===>> H2,-0.270761753552004,H1,141.724573617804,AX,33.9859318732472,L1,0.39552436594921,L2,0.2267630393...
State checksums do not match. Local:-1131948088 Remote:1334048640
State checksum failed
GetData ===>> H2,-0.188136504002828,H1,141.794191674734,AX,33.9106713268399,L1,0.432520596860782,L2,0.135621605...
set states for children of C. state=False
set states for children of B. state=True
handle state [('C', False), ('B', True)]
update switch state C False args=() kw={'refresh': True} ncanvase=2
update switch state B True args=() kw={'refresh': False} ncanvase=2
refresh_canvas_needed fired
GetData ===>> H2,-0.198336334283917,H1,141.62809757138,AX,33.828914672536,L1,0.457307324091597,L2,0.18239647528...
testing H1>-5.0
evaluate ot="H1.bs>-5.0" t="H1>-5.0", ctx="{'H1': None}"
GetData ===>> H2,-0.125934763423747,H1,141.470183526771,AX,33.845253154731,L1,0.457120730728565,L2,0.1517353110...
GetData ===>> H2,-0.237119478721808,H1,141.56464845694,AX,33.8525381477606,L1,0.454546823870883,L2,0.1941593715...
GetData ===>> H2,-0.227373367443112,H1,141.468412426377,AX,33.8497330300353,L1,0.42807672788475,L2,0.1439004952...
GetData ===>> H2,-0.198723356751244,H1,141.383581292148,AX,33.7370947253232,L1,0.4411660073418,L2,0.17939608418...
GetData ===>> H2,-0.226970799574204,H1,141.570290718711,AX,33.9335804524275,L1,0.424571764608362,L2,0.206174762...
testing H1>-5.0
evaluate ot="H1.bs>-5.0" t="H1>-5.0", ctx="{'H1': None}"
GetData ===>> H2,-0.227226613593597,H1,141.651844856603,AX,33.7577878159277,L1,0.436791019700298,L2,0.243634117...
GetData ===>> H2,-0.108689585491615,H1,141.458539387104,AX,33.7978235489414,L1,0.435109857892726,L2,0.173863290...
GetData ===>> H2,-0.138022140937303,H1,141.359804075117,AX,33.7916852773917,L1,0.419477832224193,L2,0.244033671...
GetData ===>> H2,-0.0582466765534491,H1,141.31543421895,AX,33.8175471903456,L1,0.435838204992516,L2,0.163197878...
GetData ===>> H2,-0.126743246426392,H1,141.340772472596,AX,33.7479375297573,L1,0.412756020143369,L2,0.144641753...
testing H1>-5.0
evaluate ot="H1.bs>-5.0" t="H1>-5.0", ctx="{'H1': None}"
07:52:03 -- collecting point 25
GetData ===>> H2,-0.132376681147705,H1,141.170214030423,AX,33.7679383088679,L1,0.405976186077012,L2,0.174730263...
GetData ===>> H2,-0.195088403397813,H1,141.07775272413,AX,33.7216977486674,L1,0.429396452124819,L2,0.1987120345...
GetData ===>> H2,-0.281734285011809,H1,141.182868814037,AX,33.8391259501168,L1,0.397510729735813,L2,0.199168453...
GetData ===>> H2,-0.269722983958031,H1,141.12117035025,AX,33.8095974317851,L1,0.407578310865521,L2,0.1710456808...
GetData ===>> H2,-0.211339507891694,H1,141.224512042404,AX,33.7655434731975,L1,0.377294335061607,L2,0.200469260...
testing H1>-5.0
evaluate ot="H1.bs>-5.0" t="H1>-5.0", ctx="{'H1': None}"
GetData ===>> H2,-0.162994096884724,H1,141.230695413044,AX,33.7441010459583,L1,0.406278477742344,L2,0.102023047...
GetData ===>> H2,-0.218979755152756,H1,141.308026797225,AX,33.7721974304475,L1,0.409747513478897,L2,0.237914968...
GetData ===>> H2,-0.142575675366379,H1,141.146453241704,AX,33.5617519666758,L1,0.423332266300491,L2,0.245574824...
GetData ===>> H2,-0.131401456164738,H1,141.087086073223,AX,33.6729611505154,L1,0.442097563103452,L2,0.145542674...
set states for children of B. state=False
handle state [('B', False)]
update switch state B False args=() kw={'refresh': False} ncanvase=2
refresh_canvas_needed fired
GetData ===>> H2,-0.115568100864279,H1,141.006834411992,AX,33.6209267354104,L1,0.443312389463874,L2,0.193805664...
testing H1>-5.0
evaluate ot="H1.bs>-5.0" t="H1>-5.0", ctx="{'H1': None}"
GetData ===>> H2,-0.138147864108892,H1,140.907052308464,AX,33.5510528566736,L1,0.449772623228209,L2,0.193212353...
GetData ===>> H2,-0.161649240306769,H1,140.916157952845,AX,33.6560218549831,L1,0.433218112992929,L2,0.210100345...
GetData ===>> H2,-0.150195949922338,H1,140.833793256488,AX,33.6948022644421,L1,0.39523923250856,L2,0.2054672617...
GetData ===>> H2,-0.134203818819771,H1,140.878701908606,AX,33.7059489662367,L1,0.411764107432601,L2,0.100848964...
GetData ===>> H2,-0.0901275709105878,H1,140.842148026995,AX,33.5877731201247,L1,0.409200273012598,L2,0.15440408...
testing H1>-5.0
evaluate ot="H1.bs>-5.0" t="H1>-5.0", ctx="{'H1': None}"
GetData ===>> H2,-0.173713484094821,H1,140.85951979525,AX,33.658048995716,L1,0.421266359625523,L2,0.16944869209...
GetData ===>> H2,-0.167761920506582,H1,140.901198936633,AX,33.64796806752,L1,0.436837620366333,L2,0.11483630816...
GetData ===>> H2,-0.211594084993902,H1,140.926382057019,AX,33.5285143008397,L1,0.418303924045362,L2,0.126134831...
GetData ===>> H2,-0.328951203725814,H1,140.769205682272,AX,33.5954147319711,L1,0.434875669696662,L2,0.196863558...
GetData ===>> H2,-0.257197654435106,H1,140.737307066017,AX,33.5981070943246,L1,0.458193688735588,L2,0.201404939...
testing H1>-5.0
evaluate ot="H1.bs>-5.0" t="H1>-5.0", ctx="{'H1': None}"
GetData ===>> H2,-0.210655219336022,H1,140.878925441713,AX,33.6054230259024,L1,0.450595772562074,L2,0.149499985...
GetData ===>> H2,-0.271461827598454,H1,140.484039503239,AX,33.6576952638682,L1,0.414769529970355,L2,0.218534045...
GetData ===>> H2,-0.215036374422982,H1,140.57645591294,AX,33.4630865826134,L1,0.401981142106117,L2,0.1965326626...
GetData ===>> H2,-0.136837841393816,H1,140.453962199229,AX,33.4907922453039,L1,0.436779982731363,L2,0.062479470...
GetData ===>> H2,-0.0952063670627984,H1,140.58242653488,AX,33.5029750784917,L1,0.455899364245572,L2,0.189025049...
testing H1>-5.0
evaluate ot="H1.bs>-5.0" t="H1>-5.0", ctx="{'H1': None}"
07:52:30 -- collecting point 50
GetData ===>> H2,-0.0663660070071233,H1,140.567540985932,AX,33.5394633751463,L1,0.460083300756264,L2,0.19207138...
GetData ===>> H2,-0.119111739940909,H1,140.576090371455,AX,33.3702048660834,L1,0.449607019913746,L2,0.115668545...
GetData ===>> H2,-0.190881646179162,H1,140.578567945766,AX,33.3751473441599,L1,0.43014277783762,L2,0.2468420136...
GetData ===>> H2,-0.183991911849293,H1,140.524252346397,AX,33.3872770792312,L1,0.431423545042009,L2,0.212656624...
GetData ===>> H2,-0.172599237437203,H1,140.41880433693,AX,33.4267314108832,L1,0.446258724400199,L2,0.1821683053...
testing H1>-5.0
evaluate ot="H1.bs>-5.0" t="H1>-5.0", ctx="{'H1': None}"
GetData ===>> H2,-0.209833479539031,H1,140.629548987334,AX,33.4295850426471,L1,0.448223416329487,L2,0.082943133...
GetData ===>> H2,-0.141905397389336,H1,140.585249452788,AX,33.4619040077951,L1,0.443998933971084,L2,0.200834402...
GetData ===>> H2,-0.191562435472858,H1,140.359598197832,AX,33.6379832482801,L1,0.412143717037282,L2,0.147698076...
GetData ===>> H2,-0.159832890500693,H1,140.214008274826,AX,33.4341374125446,L1,0.430208957115774,L2,0.344628513...
GetData ===>> H2,-0.223903273081281,H1,140.262298858011,AX,33.4663897013601,L1,0.416861842496088,L2,0.138073267...
testing H1>-5.0
evaluate ot="H1.bs>-5.0" t="H1>-5.0", ctx="{'H1': None}"
GetData ===>> H2,-0.192561301675716,H1,140.351866587948,AX,33.2824288977053,L1,0.395399542610217,L2,0.191535127...
GetData ===>> H2,-0.0674444191207108,H1,140.286212786725,AX,33.417179058378,L1,0.437221470723978,L2,0.134549734...
GetData ===>> H2,-0.0294008794654655,H1,140.306255205721,AX,33.3763697673929,L1,0.437795433437014,L2,0.14362680...
GetData ===>> H2,-0.116536994823182,H1,140.231537501347,AX,33.3625931280444,L1,0.426150749096508,L2,0.193782845...
GetData ===>> H2,-0.154807715101552,H1,140.222610354855,AX,33.3169333682023,L1,0.415051256841822,L2,0.147321733...
testing H1>-5.0
evaluate ot="H1.bs>-5.0" t="H1>-5.0", ctx="{'H1': None}"
GetData ===>> H2,-0.186970021520806,H1,139.979164919977,AX,33.3643193169418,L1,0.416864292760435,L2,0.127149597...
GetData ===>> H2,-0.153690256418447,H1,140.100335301876,AX,33.3552401279407,L1,0.406083884111877,L2,0.187416351...
GetData ===>> H2,-0.186555992475468,H1,140.295016554688,AX,33.2860961996718,L1,0.374946885902895,L2,0.172802399...
GetData ===>> H2,-0.191485595959298,H1,139.944525673917,AX,33.2885954656543,L1,0.40502531037518,L2,0.1138672739...
GetData ===>> H2,-0.161766719080738,H1,140.005782544812,AX,33.3024782558001,L1,0.370710610888114,L2,0.211481184...
testing H1>-5.0
evaluate ot="H1.bs>-5.0" t="H1>-5.0", ctx="{'H1': None}"
GetData ===>> H2,-0.286104592033146,H1,139.902092585836,AX,33.1152012320277,L1,0.406134061990947,L2,0.075755912...
GetData ===>> H2,-0.242326293694405,H1,139.889814498306,AX,33.2602917659822,L1,0.464514061374831,L2,0.058168444...
GetData ===>> H2,-0.203490603150135,H1,139.829896837852,AX,33.2902390345651,L1,0.433007259543485,L2,0.144539117...
GetData ===>> H2,-0.203578217553596,H1,139.751127258896,AX,33.3395843026981,L1,0.44529245920324,L2,0.2108763514...
GetData ===>> H2,-0.151864945178665,H1,139.640547177608,AX,33.403456595202,L1,0.400518108931666,L2,0.1084408633...
testing H1>-5.0
evaluate ot="H1.bs>-5.0" t="H1>-5.0", ctx="{'H1': None}"
07:52:56 -- collecting point 75
GetData ===>> H2,-0.219978102722666,H1,139.862566124187,AX,33.3272459830839,L1,0.422514181292836,L2,0.223704190...
GetData ===>> H2,-0.201487417975114,H1,139.745111638628,AX,33.2483965314087,L1,0.429417284784341,L2,0.157380881...
GetData ===>> H2,-0.100312678240666,H1,139.670342182276,AX,33.3151535514679,L1,0.434961497212478,L2,0.098307067...
GetData ===>> H2,-0.134498621757181,H1,139.809451328341,AX,33.1614418851754,L1,0.450021646560049,L2,0.138677640...
GetData ===>> H2,-0.208501056472141,H1,139.603285456331,AX,33.3041899497498,L1,0.415295018062128,L2,0.208263061...
testing H1>-5.0
evaluate ot="H1.bs>-5.0" t="H1>-5.0", ctx="{'H1': None}"
GetData ===>> H2,-0.178497617952119,H1,139.473989973204,AX,33.2486816766171,L1,0.431452961664684,L2,0.217586786...
GetData ===>> H2,-0.23226227763849,H1,139.355721319079,AX,33.2166005274388,L1,0.400152383199092,L2,0.1516554770...
GetData ===>> H2,-0.224350391994172,H1,139.540020002861,AX,33.1531725804588,L1,0.395326117825524,L2,0.093063904...
GetData ===>> H2,-0.192314626317363,H1,139.480063482599,AX,33.1313683925398,L1,0.427497181061379,L2,0.179841003...
GetData ===>> H2,-0.173457190091226,H1,139.391958144004,AX,33.2188539230587,L1,0.439343330090691,L2,0.275808867...
testing H1>-5.0
evaluate ot="H1.bs>-5.0" t="H1>-5.0", ctx="{'H1': None}"
GetData ===>> H2,-0.244351629433786,H1,139.354143341633,AX,33.0747187405524,L1,0.420082354864141,L2,0.139350438...
GetData ===>> H2,-0.14601293021727,H1,139.261499398344,AX,33.0751258009228,L1,0.422959956070365,L2,0.1149731137...
GetData ===>> H2,-0.141941885314807,H1,139.266455994038,AX,33.1227483362396,L1,0.41273030267894,L2,0.1590004803...
GetData ===>> H2,-0.0801131915380806,H1,139.168564747423,AX,33.0593464923191,L1,0.399075123974195,L2,0.14047937...
GetData ===>> H2,-0.208666775877345,H1,139.252598120484,AX,33.1286533438011,L1,0.416977005551745,L2,0.323475191...
testing H1>-5.0
evaluate ot="H1.bs>-5.0" t="H1>-5.0", ctx="{'H1': None}"
GetData ===>> H2,-0.139092771097257,H1,139.189028248655,AX,33.1280153167385,L1,0.416125564519377,L2,0.080971531...
GetData ===>> H2,-0.138673723347522,H1,139.283491602015,AX,33.067079844137,L1,0.406993243213059,L2,0.0787606501...
GetData ===>> H2,-0.0884065784817664,H1,139.317530291151,AX,33.0801191931993,L1,0.425115623279948,L2,0.15109664...
set states for children of V. state=False
handle state [('V', False)]
update switch state V False args=() kw={'refresh': False} ncanvase=2
refresh_canvas_needed fired
GetData ===>> H2,-0.134696054303976,H1,139.264837497896,AX,33.07595349483,L1,0.430728601801856,L2,0.10891965189...
GetData ===>> H2,-0.216019308523334,H1,139.118104050562,AX,33.1257890375335,L1,0.403574079053067,L2,0.265564332...
testing H1>-5.0
evaluate ot="H1.bs>-5.0" t="H1>-5.0", ctx="{'H1': None}"
GetData ===>> H2,-0.144983484394247,H1,139.283228568944,AX,33.2119445559648,L1,0.433186239519802,L2,0.159696231...
GetData ===>> H2,-0.200546364660243,H1,139.173013124727,AX,33.0246885341694,L1,0.440450237574039,L2,0.036353983...
GetData ===>> H2,-0.236851781582762,H1,138.999754799952,AX,32.9661389638422,L1,0.428042419763765,L2,0.207749540...
set states for children of H. state=True
handle state [('H', True)]
update switch state H True args=() kw={'refresh': False} ncanvase=2
refresh_canvas_needed fired
GetData ===>> H2,-0.0310321949676745,H1,138.973442280965,AX,32.9401209279383,L1,0.432722859411456,L2,0.18413058...
GetData ===>> H2,-0.154261836109268,H1,138.973300826842,AX,33.1018457120246,L1,0.412813578511251,L2,0.170817537...
testing H1>-5.0
evaluate ot="H1.bs>-5.0" t="H1>-5.0", ctx="{'H1': None}"
07:53:22 -- collecting point 100
GetData ===>> H2,-0.180013132757933,H1,138.935314561587,AX,33.024349467318,L1,0.453420251626679,L2,0.2385542178...
GetData ===>> H2,-0.184037776361812,H1,138.802056737204,AX,33.0004952583884,L1,0.391808462127419,L2,0.209529756...
GetData ===>> H2,-0.173025523923039,H1,138.961782815636,AX,33.0315921548443,L1,0.390424977229887,L2,0.288222422...
GetData ===>> H2,-0.153609178951066,H1,139.033833760047,AX,33.039581346446,L1,0.447535363569029,L2,0.2438852659...
GetData ===>> H2,-0.113543441045057,H1,138.85211645072,AX,33.0127268662337,L1,0.411352675439073,L2,0.1958138230...
testing H1>-5.0
evaluate ot="H1.bs>-5.0" t="H1>-5.0", ctx="{'H1': None}"
GetData ===>> H2,-0.134090222982925,H1,138.889377907233,AX,33.0471912675291,L1,0.420065214121283,L2,0.212941928...
GetData ===>> H2,-0.182953165780016,H1,139.133972483804,AX,32.9198044081722,L1,0.444163221054413,L2,0.149705268...
GetData ===>> H2,-0.283913604728576,H1,138.868442588489,AX,32.8857708378089,L1,0.447608949903322,L2,0.254890766...
GetData ===>> H2,-0.189691177576876,H1,138.718337690903,AX,32.9188822490014,L1,0.416058187305366,L2,0.067737359...
GetData ===>> H2,-0.101003093139141,H1,138.660858060957,AX,32.9294332811614,L1,0.400891187060514,L2,0.114562697...
testing H1>-5.0
evaluate ot="H1.bs>-5.0" t="H1>-5.0", ctx="{'H1': None}"
GetData ===>> H2,-0.0784709108630121,H1,138.519820026488,AX,32.8930377096743,L1,0.410608221322252,L2,0.14790335...
GetData ===>> H2,-0.0763092972188065,H1,138.577339332476,AX,32.7461057556477,L1,0.429343757939089,L2,0.12823278...
GetData ===>> H2,-0.173126697157271,H1,138.515863270409,AX,32.7623823265696,L1,0.389804854864258,L2,0.225804285...
GetData ===>> H2,-0.285169679591071,H1,138.554372340524,AX,32.8442528210464,L1,0.389439159234467,L2,0.059879145...
GetData ===>> H2,-0.240428473413213,H1,138.449197757975,AX,32.8240482591826,L1,0.379170235226439,L2,0.274337146...
testing H1>-5.0
evaluate ot="H1.bs>-5.0" t="H1>-5.0", ctx="{'H1': None}"
GetData ===>> H2,-0.200906347021672,H1,138.460357305984,AX,32.8713198188873,L1,0.404014566046447,L2,0.171695890...
GetData ===>> H2,-0.187102183955815,H1,138.376507167972,AX,32.7606203871336,L1,0.444481994517544,L2,0.151210689...
GetData ===>> H2,-0.27269659316297,H1,138.420363922751,AX,32.9044270245913,L1,0.427252139374498,L2,0.0954574869...
GetData ===>> H2,-0.248414662637825,H1,138.462294662297,AX,32.6811175680004,L1,0.412143717037282,L2,0.100997149...
GetData ===>> H2,-0.236742817613788,H1,138.45052960028,AX,32.800921414359,L1,0.41031314834974,L2,0.130832491349...
testing H1>-5.0
evaluate ot="H1.bs>-5.0" t="H1>-5.0", ctx="{'H1': None}"
GetData ===>> H2,-0.164684393019917,H1,138.370899809715,AX,32.6563892758104,L1,0.435552500404787,L2,0.167292799...
set states for children of H. state=False
handle state [('H', False)]
update switch state H False args=() kw={'refresh': False} ncanvase=2
refresh_canvas_needed fired
measurement finished
estimated time: 125.829 actual time: :126.162
flush and close file /Users/jan/PychronDev/data/isotopes/a1/b39685-e59d-4160-8f28-4791eaf95d19.h5
baselines () {'settling_time': 15.0, 'detector': 'H1', 'mass': 34.2, 'ncounts': 60}
%%%%%%%%%%%%%%%%%%%%%%%%%%%%%%%% Baseline
build tables- baseline [Detector(H2), Detector(H1), Detector(AX), Detector(L1), Detector(L2), Detector(CDD)]
add group baseline table H2
add group baseline table H1
add group baseline table AX
add group baseline table L1
add group baseline table L2
add group baseline table CDD
flush and close file /Users/jan/PychronDev/data/isotopes/a1/b39685-e59d-4160-8f28-4791eaf95d19.h5
detector Detector(H1)
POSITION 34.2 H1
Mapping mass to dac mass func: "parabolic"
H1 map mass coeffs = [-0.00063987  0.15840543  0.57083999]
H1 map mass to dac 34.2 >> 5.23988599104
GetDeflection H1 ===>> 0
GetHighVoltage ===>> 4499.94659342336
positioning 34.2 (5.23985513385) on H1
setting magnet DAC
current  : 5.879195
requested: 5.239855
Delta Dac: 0.639340
Checking detector protection. dv=0.63934
Checking detector "CDD". Protection Threshold: 0.1 (V)
ProtectDetector CDD,On ===>> OK
GetDeflection CDD ===>> 2000
Protected = 2000
SetMagnetDAC 5.23985513385 ===>> OK
Magnet settling time: 0.500
State checksums do not match. Local:1459125137 Remote:772584979
State checksum failed
GetMagnetMoving ===>> True
GetMagnetMoving ===>> True
GetMagnetMoving ===>> True
set states for children of C. state=True
GetMagnetMoving ===>> True
set states for children of B. state=True
handle state [('C', True), ('B', True)]
update switch state C True args=() kw={'refresh': True} ncanvase=2
update switch state B True args=() kw={'refresh': False} ncanvase=2
refresh_canvas_needed fired
GetMagnetMoving ===>> True
GetMagnetMoving ===>> True
GetMagnetMoving ===>> True
GetMagnetMoving ===>> True
GetMagnetMoving ===>> False
ProtectDetector CDD,Off ===>> OK
GetDeflection CDD ===>> 50
Delaying 15.0s for detectors to settle
set states for children of D. state=True
handle state [('D', True)]
update switch state D True args=() kw={'refresh': False} ncanvase=2
refresh_canvas_needed fired
Join finished
measuring baseline. ncounts=60
"baseline" increment series count="2" fit count="1" regressing="True"
starting measurement
GetData ===>> H2,-0.231317504519608,H1,-0.0465251748394067,AX,-0.0527804332059088,L1,-0.041449347687075,L2,-0.0...
GetData ===>> H2,-0.215219502870117,H1,0.0655187002100767,AX,0.0333351537729052,L1,-0.0233358752153597,L2,0.010...
GetData ===>> H2,-0.125525092025556,H1,0.0255039738505715,AX,-0.128625214363293,L1,-0.0335531637484384,L2,0.009...
GetData ===>> H2,-0.150178394459393,H1,0.0022877282254143,AX,-0.146130729436823,L1,0.0280136601134494,L2,-0.074...
testing H1>-5.0
evaluate ot="H1.bs>-5.0" t="H1>-5.0", ctx="{'H1': None}"
GetData ===>> H2,-0.256672104251449,H1,-0.0819780141764202,AX,-0.0866072775718218,L1,-0.00722836601317182,L2,-0...
GetData ===>> H2,-0.251668070882666,H1,-0.0415173728627092,AX,-0.0917764858527802,L1,-0.0435808023202501,L2,-0....
GetData ===>> H2,-0.104070194090695,H1,-0.0193965829766494,AX,-0.0346565562962583,L1,-0.0434766349893275,L2,-0....
GetData ===>> H2,-0.133435672433064,H1,-0.0348637626041313,AX,0.00031362638766345,L1,-0.0271585409499173,L2,0.0...
GetData ===>> H2,-0.178013096254726,H1,-0.00841188370632724,AX,-0.0183155040796222,L1,0.0246686450738445,L2,-0....
testing H1>-5.0
evaluate ot="H1.bs>-5.0" t="H1>-5.0", ctx="{'H1': None}"
GetData ===>> H2,-0.212640619532669,H1,0.0180111951662234,AX,-0.0114604914757316,L1,0.0053206339911631,L2,0.094...
GetData ===>> H2,-0.185276047967585,H1,0.0557432721371544,AX,-0.0862943346218876,L1,-0.043838222701819,L2,-0.07...
GetData ===>> H2,-0.21447889162573,H1,-0.0433059023349667,AX,-0.00799220473230246,L1,-0.0162127353042203,L2,-0....
GetData ===>> H2,-0.0837397320240042,H1,0.00833584090302888,AX,-0.0741119583257851,L1,0.00150391591287356,L2,-0...
GetData ===>> H2,-0.173631200862592,H1,-0.0312744450843059,AX,-0.0699503594495851,L1,-0.00861346075130073,L2,-0...
testing H1>-5.0
evaluate ot="H1.bs>-5.0" t="H1>-5.0", ctx="{'H1': None}"
GetData ===>> H2,-0.0824705066710887,H1,-0.0515684935632031,AX,-0.0562935005513009,L1,-0.0158816942185715,L2,0....
GetData ===>> H2,-0.0423024003492242,H1,0.0180111951662234,AX,-0.0456959413669961,L1,-0.0834187940071358,L2,0.0...
GetData ===>> H2,-0.180323498121386,H1,0.0512437926584621,AX,-0.0294495209621344,L1,-0.0393461887050922,L2,-0.0...
GetData ===>> H2,-0.194181407280623,H1,0.00356412395035051,AX,-0.0188258410384389,L1,-0.0192503683047048,L2,-0....
GetData ===>> H2,-0.221551567375298,H1,-0.038071382628657,AX,-0.109379868105403,L1,-0.0401019872704652,L2,-0.06...
testing H1>-5.0
evaluate ot="H1.bs>-5.0" t="H1>-5.0", ctx="{'H1': None}"
GetData ===>> H2,-0.189275899727668,H1,-0.0307855247632325,AX,-0.0648379567633448,L1,-0.0418625020250565,L2,-0....
GetData ===>> H2,-0.204630885246953,H1,-0.017762670373833,AX,-0.0326967026405441,L1,-0.0407655099968369,L2,0.00...
GetData ===>> H2,-0.221449191063905,H1,-0.00386737220707796,AX,-0.142652349450153,L1,-0.010692543888907,L2,-0.0...
GetData ===>> H2,-0.118933163748138,H1,-0.00061094180228134,AX,-0.00265613764794274,L1,-0.0172333767615917,L2,-...
GetData ===>> H2,-0.13768822424369,H1,-0.0707379391295724,AX,-0.0855061775475839,L1,-0.0671337336631989,L2,-0.1...
testing H1>-5.0
evaluate ot="H1.bs>-5.0" t="H1>-5.0", ctx="{'H1': None}"
07:54:28 -- collecting point 25
GetData ===>> H2,-0.191437065471406,H1,-0.0461913291702086,AX,-0.0482816667314778,L1,-0.0466071700505227,L2,-0....
GetData ===>> H2,-0.131930333374397,H1,-0.0469663263370056,AX,-0.0773228753676964,L1,0.00178599959576805,L2,-0....
GetData ===>> H2,-0.229103303556081,H1,-0.0752674955920128,AX,-0.0886124066610485,L1,0.0440159999440336,L2,-0.0...
GetData ===>> H2,-0.175461929805318,H1,0.0615797682401499,AX,0.0379539552262039,L1,0.0277265903492773,L2,-0.039...
GetData ===>> H2,-0.20188781376818,H1,0.00422022154384933,AX,-0.176433750696495,L1,-0.0292430190901212,L2,0.013...
testing H1>-5.0
evaluate ot="H1.bs>-5.0" t="H1>-5.0", ctx="{'H1': None}"
GetData ===>> H2,-0.181007621291326,H1,-0.000718298339452539,AX,0.0154306656426849,L1,-0.0075269869678915,L2,0....
GetData ===>> H2,-0.222778663880123,H1,-0.0890813765343833,AX,-0.104547657030511,L1,0.00294202505030297,L2,-0.0...
GetData ===>> H2,-0.25342013831123,H1,-0.0597231095008642,AX,-0.0787834018500354,L1,0.0100170339641359,L2,0.010...
GetData ===>> H2,-0.13295690700511,H1,-0.023391804364503,AX,-0.165897160238005,L1,-0.0126932858412831,L2,-0.042...
GetData ===>> H2,-0.236469730455596,H1,-0.0212093599074368,AX,-0.0626700314418364,L1,-0.0555982732985916,L2,-0....
testing H1>-5.0
evaluate ot="H1.bs>-5.0" t="H1>-5.0", ctx="{'H1': None}"
GetData ===>> H2,-0.262568598528528,H1,-0.00636031876066741,AX,-0.119727177096049,L1,-0.0199889513329194,L2,-0....
GetData ===>> H2,-0.161295446297579,H1,-0.0565042615375376,AX,-0.13817665087324,L1,-0.0138930607184785,L2,-0.06...
GetData ===>> H2,-0.224120101028421,H1,-0.00565657458777553,AX,-0.162941145990914,L1,-0.0275227567878932,L2,-0....
GetData ===>> H2,-0.226405295400742,H1,-0.119074411346731,AX,-0.156657868252382,L1,-0.024083746085073,L2,-0.022...
GetData ===>> H2,-0.179181851444077,H1,-0.0616662898188512,AX,-0.0826200772968378,L1,-0.0483713325071525,L2,0.0...
testing H1>-5.0
evaluate ot="H1.bs>-5.0" t="H1>-5.0", ctx="{'H1': None}"
GetData ===>> H2,-0.168864497770456,H1,-0.0713697053617899,AX,-0.0059738137547225,L1,-0.0324551444703323,L2,-0....
GetData ===>> H2,-0.142770264779103,H1,-0.0106423164911494,AX,-0.0772533259407461,L1,-0.0402984137252248,L2,0.0...
GetData ===>> H2,-0.199260041956723,H1,-0.026826374674349,AX,-0.0252744138910949,L1,-0.0515470015207613,L2,0.03...
GetData ===>> H2,-0.292987780233166,H1,-0.0341721433268603,AX,-0.0837096191773199,L1,0.0128774629762801,L2,0.00...
GetData ===>> H2,-0.208623662119462,H1,-0.0726570657162416,AX,-0.204792255950938,L1,-0.0231057499141756,L2,-0.0...
testing H1>-5.0
evaluate ot="H1.bs>-5.0" t="H1>-5.0", ctx="{'H1': None}"
GetData ===>> H2,-0.149573389588138,H1,-0.0430316632239912,AX,-0.120596161909049,L1,-0.036605193535019,L2,-0.07...
GetData ===>> H2,-0.225151660244633,H1,-0.0533449211892244,AX,-0.0362220915124139,L1,-0.0300503387861511,L2,-0....
GetData ===>> H2,-0.194239360172495,H1,-0.0266236428944964,AX,-0.0316645744952917,L1,-0.0343505595035996,L2,-0....
GetData ===>> H2,-0.155360323245799,H1,-0.0292948992870244,AX,-0.0948245673975139,L1,-0.0248543304953305,L2,0.0...
GetData ===>> H2,-0.131475852147001,H1,-0.085207961257283,AX,-0.122658521458837,L1,-0.0171458287336702,L2,-0.14...
testing H1>-5.0
evaluate ot="H1.bs>-5.0" t="H1>-5.0", ctx="{'H1': None}"
07:54:54 -- collecting point 50
GetData ===>> H2,-0.117417858779678,H1,0.0326990009103635,AX,-0.0329054463279653,L1,-0.00636483389087308,L2,0.0...
GetData ===>> H2,-0.270501062284527,H1,-0.047538628084731,AX,-0.0800120817526874,L1,-0.026773943460713,L2,-0.10...
GetData ===>> H2,-0.261897558152917,H1,0.0148734624123794,AX,0.0729637855431629,L1,-0.0111409172871005,L2,-0.05...
GetData ===>> H2,-0.278994614973137,H1,-0.0221038101121394,AX,-0.0828287139205588,L1,-0.0152507669193069,L2,-0....
GetData ===>> H2,-0.261291032411101,H1,-0.00189921264948085,AX,-0.116227986355133,L1,-0.00797190376584711,L2,0....
testing H1>-5.0
evaluate ot="H1.bs>-5.0" t="H1>-5.0", ctx="{'H1': None}"
GetData ===>> H2,-0.293817346118625,H1,-0.077401084045081,AX,-0.217375359382535,L1,0.0427805405180239,L2,0.0686...
GetData ===>> H2,-0.256974533817584,H1,-0.0606291369210197,AX,-0.187537084783957,L1,0.00635475790889564,L2,-0.0...
GetData ===>> H2,-0.235327535758889,H1,0.0159233392297732,AX,-0.133897876012474,L1,-0.0125494470834069,L2,-0.01...
GetData ===>> H2,-0.147609602232024,H1,0.014956974937941,AX,-0.146339428280474,L1,-0.022181599979038,L2,0.02349...
GetData ===>> H2,-0.130652058523644,H1,-0.101022470043177,AX,-0.0793513784504082,L1,-0.0101806065231274,L2,-0.0...
testing H1>-5.0
evaluate ot="H1.bs>-5.0" t="H1>-5.0", ctx="{'H1': None}"
GetData ===>> H2,-0.150675338596584,H1,0.0115449484750175,AX,-0.0862943346218876,L1,-0.0111588997607823,L2,-0.0...
measurement finished
estimated time: 62.915 actual time: :63.138
flush and close file /Users/jan/PychronDev/data/isotopes/a1/b39685-e59d-4160-8f28-4791eaf95d19.h5
activate_detectors ('H1', 'AX', 'CDD') {'peak_center': True}
peak_center () {'detector': 'H1', 'integration_time': 0.262144, 'isotope': 'Ar40'}
peak center: mean=138.463772517 threshold=3
peak center started
setup peak center. detector=['H1', 'AX', 'CDD'], isotope=Ar40
VersionedUnpickler [<apptools.sweet_pickle.versioned_unpickler.VersionedUnpickler object at 0x19ae8f3b0>] using Updater [<apptools.sweet_pickle.updater.Updater object at 0x135230b30>]
VersionedUnpickler [<apptools.sweet_pickle.versioned_unpickler.VersionedUnpickler object at 0x19ae8f3b0>] using Updater [<apptools.sweet_pickle.updater.Updater object at 0x135230b30>]
VersionedUnpickler [<apptools.sweet_pickle.versioned_unpickler.VersionedUnpickler object at 0x19dd8a770>] using Updater [<apptools.sweet_pickle.updater.Updater object at 0x135230b30>]
setting integration time = 0.524288
SetIntegrationTime 0.524288 ===>> OK
Mapping mass to dac mass func: "parabolic"
H1 map mass coeffs = [-0.00063987  0.15840543  0.57083999]
H1 map mass to dac 39.9624 >> 5.87923
GetDeflection H1 ===>> 0
GetHighVoltage ===>> 4499.94659342336
do peak center. <pychron.spectrometer.jobs.peak_center.PeakCenter object at 0x1352309b0>
doing pc
starting peak center. center dac= 5.87919537777 step_width=0.001
width = 0.001
get scan parameters. half-width=0.015,window=0.015, i=0, scalar=1
Scan parameters center=5.87920 width=0.03000 (5.86420 - 5.89420)
GetData ===>> H2,-0.105432933982735,H1,-0.111794449386404,AX,0.000336828025851112,L1,-0.00750420094215963,L2,-0...
Moving to starting dac 5.86419537777
setting magnet DAC
current  : 5.239855
requested: 5.864195
Delta Dac: 0.624340
Checking detector protection. dv=0.62434
Checking detector "CDD". Protection Threshold: 0.1 (V)
ProtectDetector CDD,On ===>> OK
GetDeflection CDD ===>> 2000
Protected = 2000
SetMagnetDAC 5.86419537777 ===>> OK
Magnet settling time: 0.500
GetMagnetMoving ===>> True
GetMagnetMoving ===>> True
GetMagnetMoving ===>> True
GetMagnetMoving ===>> True
GetMagnetMoving ===>> True
GetMagnetMoving ===>> True
GetMagnetMoving ===>> True
GetMagnetMoving ===>> True
GetMagnetMoving ===>> False
ProtectDetector CDD,Off ===>> OK
GetDeflection CDD ===>> 50
Wait until signal near baseline. tol= -0.0838458370398. timeout= 10
GetData ===>> H2,0.983928082550216,H1,0.591473696781342,AX,-0.0664145993882794,L1,0.0374867399776617,L2,-0.0283...
GetData ===>> H2,8.23174270711229,H1,4.78361655109352,AX,0.382842867899547,L1,0.0505717200917059,L2,-0.05973919...
GetData ===>> H2,7.13070372315559,H1,4.30759298704622,AX,0.554588672608474,L1,0.00334780584040598,L2,-0.1238162...
GetData ===>> H2,3.54463761286358,H1,2.08342655648537,AX,0.23957341534841,L1,-0.0185841135971404,L2,0.107027311...
GetData ===>> H2,1.38084510142984,H1,0.995335592891,AX,0.00284263750546294,L1,-0.0119740714930681,L2,0.08418537...
GetData ===>> H2,0.302262214447923,H1,0.572182385526898,AX,-0.0686172191051884,L1,-0.0164443541084678,L2,-0.026...
GetData ===>> H2,-0.0111231403121862,H1,0.341457168636317,AX,0.00943229621326945,L1,-0.00705326687563321,L2,-0....
GetData ===>> H2,-0.109488976251894,H1,0.26149494588601,AX,-0.00829379978991174,L1,-0.0155792157775389,L2,-0.11...
GetData ===>> H2,-0.106894119276587,H1,0.176205373229865,AX,0.107989289013182,L1,-0.00870819186955591,L2,0.0140...
GetData ===>> H2,-0.0460209404929854,H1,0.171243917110231,AX,-0.0526181101972267,L1,-0.0128922594007686,L2,0.00...
GetData ===>> H2,-0.0950386659504154,H1,0.124861419754852,AX,-0.111593102867701,L1,-0.0108975513168785,L2,-0.06...
GetData ===>> H2,-0.0763824870955252,H1,0.117232423210179,AX,-0.0674579517849549,L1,-0.0233579944165145,L2,-0.0...
GetData ===>> H2,-0.127206948982532,H1,0.190566356933553,AX,0.00720475603615556,L1,-0.0199041637407377,L2,-0.13...
GetData ===>> H2,-0.161213072824731,H1,0.0815984023163853,AX,-0.0971076685878354,L1,-0.00918782941661512,L2,0.0...
GetData ===>> H2,-0.152359161277846,H1,0.113942597773886,AX,-0.107375166983381,L1,-0.0150639318432511,L2,-0.003...
GetData ===>> H2,-0.16645407346587,H1,0.0746160966915046,AX,0.0581812604271986,L1,-0.00822133638671835,L2,-0.09...
GetData ===>> H2,-0.152038030839449,H1,0.187441117140952,AX,-0.0283129817788922,L1,-0.0326070763337841,L2,0.001...
GetData ===>> H2,-0.174161310222778,H1,0.247099923927263,AX,-0.0851700497944782,L1,-0.0439423862844019,L2,0.022...
GetData ===>> H2,-0.154129415956304,H1,0.0503844986177395,AX,-0.198529901094288,L1,-0.0369790096203698,L2,-0.08...
GetData ===>> H2,-0.154129415956304,H1,0.0503844986177395,AX,-0.198529901094288,L1,-0.0369790096203698,L2,-0.08...
GetData ===>> H2,-0.170999170991166,H1,0.0981624737965482,AX,-0.212213108417348,L1,-0.0442033891394802,L2,-0.04...
Peak center failed to move to a baseline position
_do_sweep sm= 5.86419537777, em= 5.89419537777, stm= 0.001
calculated step values: start=5.86419537777, end=5.89419537777, width=0.001, nsteps=31.0
setting magnet DAC
current  : 5.864195
requested: 5.864195
Delta Dac: 0.000000
Checking detector protection. dv=0.00000
Checking detector "CDD". Protection Threshold: 0.1 (V)
SetMagnetDAC 5.86419537777 ===>> OK
GetData ===>> H2,-0.142634866922567,H1,0.12250113687069,AX,-0.0938626356258798,L1,-0.0352392088642313,L2,-0.026...
setting magnet DAC
current  : 5.864195
requested: 5.865230
Delta Dac: 0.001034
Checking detector protection. dv=0.00103
Checking detector "CDD". Protection Threshold: 0.1 (V)
SetMagnetDAC 5.86522986052 ===>> OK
Magnet settling time: 1.049
GetData ===>> H2,-0.193710801282201,H1,0.179592662287909,AX,0.0145372680471151,L1,-0.0352559852403931,L2,0.0274...
setting magnet DAC
current  : 5.865230
requested: 5.866264
Delta Dac: 0.001034
Checking detector protection. dv=0.00103
Checking detector "CDD". Protection Threshold: 0.1 (V)
SetMagnetDAC 5.86626434328 ===>> OK
Magnet settling time: 1.049
GetData ===>> H2,-0.167131635362073,H1,0.980243138040326,AX,0.0457762443897467,L1,0.0028483856511405,L2,0.06891...
setting magnet DAC
current  : 5.866264
requested: 5.867299
Delta Dac: 0.001034
Checking detector protection. dv=0.00103
Checking detector "CDD". Protection Threshold: 0.1 (V)
SetMagnetDAC 5.86729882604 ===>> OK
Magnet settling time: 1.049
GetData ===>> H2,-0.232353118325537,H1,3.2882128547677,AX,0.465831032817149,L1,-0.0250868594821423,L2,0.0498871...
setting magnet DAC
current  : 5.867299
requested: 5.868333
Delta Dac: 0.001034
Checking detector protection. dv=0.00103
Checking detector "CDD". Protection Threshold: 0.1 (V)
SetMagnetDAC 5.8683333088 ===>> OK
Magnet settling time: 1.049
GetData ===>> H2,-0.259268702151885,H1,11.3178118005978,AX,1.62344280917505,L1,-0.0358455372511205,L2,-0.130789...
setting magnet DAC
current  : 5.868333
requested: 5.869368
Delta Dac: 0.001034
Checking detector protection. dv=0.00103
Checking detector "CDD". Protection Threshold: 0.1 (V)
SetMagnetDAC 5.86936779156 ===>> OK
Magnet settling time: 1.049
GetData ===>> H2,-0.224019636006202,H1,30.5574948508659,AX,5.0693255600905,L1,0.0291872478627847,L2,-0.10124323...
setting magnet DAC
current  : 5.869368
requested: 5.870402
Delta Dac: 0.001034
Checking detector protection. dv=0.00103
Checking detector "CDD". Protection Threshold: 0.1 (V)
SetMagnetDAC 5.87040227432 ===>> OK
Magnet settling time: 1.049
GetData ===>> H2,-0.187905811561708,H1,62.455859591573,AX,11.4463473526797,L1,0.0733992435270673,L2,-0.01653218...
setting magnet DAC
current  : 5.870402
requested: 5.871437
Delta Dac: 0.001034
Checking detector protection. dv=0.00103
Checking detector "CDD". Protection Threshold: 0.1 (V)
SetMagnetDAC 5.87143675708 ===>> OK
Magnet settling time: 1.049
GetData ===>> H2,-0.180488333611537,H1,95.4568494590856,AX,19.1674008168374,L1,0.135316363883225,L2,0.021546225...
setting magnet DAC
current  : 5.871437
requested: 5.872471
Delta Dac: 0.001034
Checking detector protection. dv=0.00103
Checking detector "CDD". Protection Threshold: 0.1 (V)
SetMagnetDAC 5.87247123983 ===>> OK
Magnet settling time: 1.049
GetData ===>> H2,-0.167509540728652,H1,118.286407650921,AX,25.500556167613,L1,0.218696719594056,L2,-0.054162986...
setting magnet DAC
current  : 5.872471
requested: 5.873506
Delta Dac: 0.001034
Checking detector protection. dv=0.00103
Checking detector "CDD". Protection Threshold: 0.1 (V)
SetMagnetDAC 5.87350572259 ===>> OK
Magnet settling time: 1.049
GetData ===>> H2,-0.227810545417013,H1,129.216704386516,AX,29.4532409213051,L1,0.263930060619548,L2,-0.01732911...
setting magnet DAC
current  : 5.873506
requested: 5.874540
Delta Dac: 0.001034
Checking detector protection. dv=0.00103
Checking detector "CDD". Protection Threshold: 0.1 (V)
SetMagnetDAC 5.87454020535 ===>> OK
Magnet settling time: 1.049
GetData ===>> H2,-0.0966514963706842,H1,133.517744392231,AX,31.2359364712149,L1,0.346038453668008,L2,0.16128165...
setting magnet DAC
current  : 5.874540
requested: 5.875575
Delta Dac: 0.001034
Checking detector protection. dv=0.00103
Checking detector "CDD". Protection Threshold: 0.1 (V)
SetMagnetDAC 5.87557468811 ===>> OK
Magnet settling time: 1.049
GetData ===>> H2,-0.146511512896183,H1,134.037886050177,AX,31.4997594320745,L1,0.362311322892664,L2,0.280287958...
setting magnet DAC
current  : 5.875575
requested: 5.876609
Delta Dac: 0.001034
Checking detector protection. dv=0.00103
Checking detector "CDD". Protection Threshold: 0.1 (V)
SetMagnetDAC 5.87660917087 ===>> OK
Magnet settling time: 1.049
GetData ===>> H2,-0.0600295121749442,H1,134.463323050997,AX,31.4113638762086,L1,0.356674542467957,L2,0.19205997...
setting magnet DAC
current  : 5.876609
requested: 5.877644
Delta Dac: 0.001034
Checking detector protection. dv=0.00103
Checking detector "CDD". Protection Threshold: 0.1 (V)
SetMagnetDAC 5.87764365363 ===>> OK
Magnet settling time: 1.049
GetData ===>> H2,-0.146692354692894,H1,134.2024902881,AX,31.5568233559574,L1,0.402612414755115,L2,0.08106270298...
setting magnet DAC
current  : 5.877644
requested: 5.878678
Delta Dac: 0.001034
Checking detector protection. dv=0.00103
Checking detector "CDD". Protection Threshold: 0.1 (V)
SetMagnetDAC 5.87867813639 ===>> OK
Magnet settling time: 1.049
GetData ===>> H2,-0.253410726549735,H1,134.341731828039,AX,31.4504326576437,L1,0.427353830965801,L2,0.328675268...
setting magnet DAC
current  : 5.878678
requested: 5.879713
Delta Dac: 0.001034
Checking detector protection. dv=0.00103
Checking detector "CDD". Protection Threshold: 0.1 (V)
SetMagnetDAC 5.87971261915 ===>> OK
Magnet settling time: 1.049
GetData ===>> H2,-0.164599344206977,H1,134.259759416364,AX,31.5082253149291,L1,0.410428073542706,L2,0.144288229...
setting magnet DAC
current  : 5.879713
requested: 5.880747
Delta Dac: 0.001034
Checking detector protection. dv=0.00103
Checking detector "CDD". Protection Threshold: 0.1 (V)
SetMagnetDAC 5.8807471019 ===>> OK
Magnet settling time: 1.049
GetData ===>> H2,-0.182442900917652,H1,134.065753423026,AX,31.5179861319923,L1,0.402492633965624,L2,0.103470723...
setting magnet DAC
current  : 5.880747
requested: 5.881782
Delta Dac: 0.001034
Checking detector protection. dv=0.00103
Checking detector "CDD". Protection Threshold: 0.1 (V)
SetMagnetDAC 5.88178158466 ===>> OK
Magnet settling time: 1.049
GetData ===>> H2,-0.350543415491809,H1,134.107563196387,AX,31.3165233489143,L1,0.409031285185106,L2,0.208810819...
setting magnet DAC
current  : 5.881782
requested: 5.882816
Delta Dac: 0.001034
Checking detector protection. dv=0.00103
Checking detector "CDD". Protection Threshold: 0.1 (V)
SetMagnetDAC 5.88281606742 ===>> OK
Magnet settling time: 1.049
GetData ===>> H2,-0.217753372896973,H1,134.036890872798,AX,31.2541206739214,L1,0.382291753554263,L2,0.033164068...
setting magnet DAC
current  : 5.882816
requested: 5.883851
Delta Dac: 0.001034
Checking detector protection. dv=0.00103
Checking detector "CDD". Protection Threshold: 0.1 (V)
SetMagnetDAC 5.88385055018 ===>> OK
Magnet settling time: 1.049
GetData ===>> H2,-0.190400571050192,H1,133.274504206781,AX,31.0099998220504,L1,0.400261055527081,L2,0.180445639...
setting magnet DAC
current  : 5.883851
requested: 5.884885
Delta Dac: 0.001034
Checking detector protection. dv=0.00103
Checking detector "CDD". Protection Threshold: 0.1 (V)
SetMagnetDAC 5.88488503294 ===>> OK
Magnet settling time: 1.049
GetData ===>> H2,-0.151252932936895,H1,130.852421559789,AX,29.7614324398548,L1,0.341314845416986,L2,0.183183665...
setting magnet DAC
current  : 5.884885
requested: 5.885920
Delta Dac: 0.001034
Checking detector protection. dv=0.00103
Checking detector "CDD". Protection Threshold: 0.1 (V)
SetMagnetDAC 5.8859195157 ===>> OK
Magnet settling time: 1.049
GetData ===>> H2,-0.169477144263423,H1,122.182582576003,AX,26.5145349045844,L1,0.369620592334902,L2,0.119681626...
setting magnet DAC
current  : 5.885920
requested: 5.886954
Delta Dac: 0.001034
Checking detector protection. dv=0.00103
Checking detector "CDD". Protection Threshold: 0.1 (V)
SetMagnetDAC 5.88695399846 ===>> OK
Magnet settling time: 1.049
GetData ===>> H2,-0.358898072750694,H1,90.5847806751981,AX,16.7676170473308,L1,0.230026510913798,L2,-0.01557585...
setting magnet DAC
current  : 5.886954
requested: 5.887988
Delta Dac: 0.001034
Checking detector protection. dv=0.00103
Checking detector "CDD". Protection Threshold: 0.1 (V)
SetMagnetDAC 5.88798848121 ===>> OK
Magnet settling time: 1.049
GetData ===>> H2,-0.201708513700606,H1,54.7985759959006,AX,8.62336498699681,L1,0.153157598582608,L2,-0.18156517...
setting magnet DAC
current  : 5.887988
requested: 5.889023
Delta Dac: 0.001034
Checking detector protection. dv=0.00103
Checking detector "CDD". Protection Threshold: 0.1 (V)
SetMagnetDAC 5.88902296397 ===>> OK
Magnet settling time: 1.049
GetData ===>> H2,-0.0954743692146005,H1,24.8248355667962,AX,3.19770751039467,L1,0.0774582166897993,L2,0.0726980...
setting magnet DAC
current  : 5.889023
requested: 5.890057
Delta Dac: 0.001034
Checking detector protection. dv=0.00103
Checking detector "CDD". Protection Threshold: 0.1 (V)
SetMagnetDAC 5.89005744673 ===>> OK
Magnet settling time: 1.049
GetData ===>> H2,-0.115572160648313,H1,8.63987164731978,AX,0.948342915297583,L1,0.060130435969145,L2,-0.1402674...
setting magnet DAC
current  : 5.890057
requested: 5.891092
Delta Dac: 0.001034
Checking detector protection. dv=0.00103
Checking detector "CDD". Protection Threshold: 0.1 (V)
SetMagnetDAC 5.89109192949 ===>> OK
Magnet settling time: 1.049
GetData ===>> H2,-0.16135351248422,H1,2.39867551591917,AX,0.13126803670587,L1,0.0576028432185167,L2,0.064265827...
setting magnet DAC
current  : 5.891092
requested: 5.892126
Delta Dac: 0.001034
Checking detector protection. dv=0.00103
Checking detector "CDD". Protection Threshold: 0.1 (V)
SetMagnetDAC 5.89212641225 ===>> OK
Magnet settling time: 1.049
GetData ===>> H2,-0.133361717866745,H1,0.601252245380502,AX,-0.119982080112394,L1,0.0303741878886036,L2,0.01544...
setting magnet DAC
current  : 5.892126
requested: 5.893161
Delta Dac: 0.001034
Checking detector protection. dv=0.00103
Checking detector "CDD". Protection Threshold: 0.1 (V)
SetMagnetDAC 5.89316089501 ===>> OK
Magnet settling time: 1.049
GetData ===>> H2,-0.00651041652402873,H1,0.116207321086148,AX,-0.120561402665577,L1,-0.00808462888880968,L2,-0....
setting magnet DAC
current  : 5.893161
requested: 5.894195
Delta Dac: 0.001034
Checking detector protection. dv=0.00103
Checking detector "CDD". Protection Threshold: 0.1 (V)
SetMagnetDAC 5.89419537777 ===>> OK
Magnet settling time: 1.049
GetData ===>> H2,-0.255032122803872,H1,-0.00552536749986992,AX,-0.0403735370379554,L1,0.0112895725885007,L2,-0....
result of _do_sweep=True
result of _calculate_peak_center=([5.8716202274652325, 5.8791352575253519, 5.8866502875854714], [99.505779118365183, 134.45548238678171, 99.861490050901892], 5.8766402675453921, 134.45548238678171)
Failed to find a valid peak. No peak greater than 1.0. max = 0.0328393610225
new center pos Detector(H1) (Ar40) @ 5.87913525753
GetHighVoltage ===>> 4499.94659342336
GetDeflection H1 ===>> 0
dac uncorrected for HV and deflection 5.87916987941
update mftable H1 Ar40 5.87916987941 message=automated run peakcenter
get initial guess parabolic
get initial guess parabolic
get initial guess parabolic
get initial guess parabolic
get initial guess parabolic
get initial guess parabolic
dump mftable to /Users/jan/PychronDev/setupfiles/spectrometer/mftables/mftable.csv
add to repo msg=modified - automated run peakcenter
sweep finished
locally archiving mftable
setting magnet DAC
current  : 5.894195
requested: 5.879135
Delta Dac: 0.015060
Checking detector protection. dv=0.01506
Checking detector "CDD". Protection Threshold: 0.1 (V)
SetMagnetDAC 5.87913525753 ===>> OK
Magnet settling time: 0.500
setting integration time = 1.048576
SetIntegrationTime 1.048576 ===>> OK
Failed to find a valid peak. No peak greater than 1.0. max = 0.0328393610225
flush and close file /Users/jan/PychronDev/data/isotopes/a1/b39685-e59d-4160-8f28-4791eaf95d19.h5
finished measure script
executed snippet estimated_duration=226.132928, duration=272.3178339
jan_unknown120_60.py completed successfully
Measurement Finished
07:55:52 -- ******* Measurement Finished *******
Post Measurement Started jan_pump_ms.py
07:55:52 -- ******* Post Measurement Started jan_pump_ms.py *******
testing...
no interpolation path defined
executed snippet estimated_duration=0, duration=2.78949737549e-05
Pumping spectrometer
open () {'name': 'O'}
opening name=O desc=---
checking ownership. requestor=129.138.12.150
check software interlocks O
interlocks []
actuate state mode=None-script, software_lock=False
doing actuation None-script open_channel True
Open O ===>> OK
GetIndicatorState O ===>> OK
change switch state (True, True)
update switch state O True args=() kw={} ncanvase=2
07:55:52 -- OPEN   VALVE-O (Jan Ion Pump)
---------------------------------------- open O () result=[(True, True)], time=0.11 sec
action=open, ok=True, locked=[False]
executed snippet estimated_duration=0, duration=0.370313167572
jan_pump_ms.py completed successfully
setting _ms_pumptime
Post Measurement Finished
07:55:52 -- ******* Post Measurement Finished *******
$$$$$$$$$$$$$$$$$$$$ state at run end measurement
state changed from measurement to success
post measurement save measured=True aborted=False
Set filtering
setting fod for Ar40= {'filter_outliers': True, 'std_devs': 2, 'iterations': 1}
setting fod for H1= {'filter_outliers': True, 'std_devs': 2, 'iterations': 1}
setting fod for PM41= {'filter_outliers': False, 'std_devs': 2, 'iterations': 1}
setting fod for H2= {'filter_outliers': True, 'std_devs': 2, 'iterations': 1}
setting fod for Ar36= {'filter_outliers': True, 'std_devs': 2, 'iterations': 1}
setting fod for CDD= {'filter_outliers': True, 'std_devs': 10, 'iterations': 1}
setting fod for Ar37= {'filter_outliers': True, 'std_devs': 2, 'iterations': 1}
setting fod for L2= {'filter_outliers': True, 'std_devs': 2, 'iterations': 1}
setting fod for Ar38= {'filter_outliers': True, 'std_devs': 2, 'iterations': 1}
setting fod for L1= {'filter_outliers': True, 'std_devs': 2, 'iterations': 1}
setting fod for Ar39= {'filter_outliers': True, 'std_devs': 2, 'iterations': 1}
setting fod for AX= {'filter_outliers': True, 'std_devs': 2, 'iterations': 1}
persistence save...
persistence save - db
post measurement save
7170189168 connecting to database sqlite:////Users/jan/PychronDev/.appdata/local_lab.db
connected to db sqlite:////Users/jan/PychronDev/.appdata/local_lab.db
create new session 7170189168
close session 7170189168
No database instance. Not saving post measurement to isotopedb database
$$$$$$$$$$$$$$$ auto_save_detector_ic=False
massspec enabled True
create new session 4985539184
MassSpec Database Version: 16.0
close session 4985539184
saving post measurement to secondary database
saving to massspec database 129.138.12.160/massspecdata
setting labnumber to 65580
setting aliquot to 29
setting step to 
setting uuid to a1b39685-e59d-4160-8f28-4791eaf95d19
setting irradpos to 65580
setting extract_device to Fusions CO2
setting tray to 
setting position to 217
setting power_requested to 5.0
setting extract_value to 5.0
setting duration to 30.0
setting duration_at_request to 30.0
setting first_stage_delay to 30.0
setting cleanup to 30.0
setting comment to O:3 with inclusions
setting irradiation to NM-289
setting level to O
setting irradiation_level to O
setting sample to Bw-2014-12 W
setting material to Sanidine
setting project to Bustos Wells
setting mass_spectrometer to Jan
no attribute chron_dosages
no attribute production_ratios
no attribute interference_corrections
no attribute production_name
no attribute j
Reference Isotope=Ar40
Reference Detector=H1
%%%%%%%%%%%%%%%%%%%% Comment: O:3 with inclusions %%%%%%%%%%%%%%%%%%%
adding isotope PM41 H2
add baseline dbdet= PM41. original det= H2
get baseline data PM41 H2
Get data baseline <pychron.processing.isotope.Baseline object at 0x13bc24790> len t=60
baseline PM41. v=-0.192370519336, e=0.00685833117738
get signal data PM41 H2
Get data signal PM41 0.04+/-0.07 len t=120
adding isotope Ar40 H1
add baseline dbdet= Ar40. original det= H1
get baseline data Ar40 H1
Get data baseline <pychron.processing.isotope.Baseline object at 0x1b047dd50> len t=60
baseline Ar40. v=-0.0263203504073, e=0.00478753629469
get signal data Ar40 H1
Get data signal Ar40 142.499+/-0.020 len t=120
adding isotope Ar39 AX
add baseline dbdet= Ar39. original det= AX
get baseline data Ar39 AX
Get data baseline <pychron.processing.isotope.Baseline object at 0x1b04861d0> len t=60
baseline Ar39. v=-0.0757176391934, e=0.00711159307532
get signal data Ar39 AX
Get data signal Ar39 34.239+/-0.013 len t=120
adding isotope Ar38 L1
add baseline dbdet= Ar38. original det= L1
get baseline data Ar38 L1
Get data baseline <pychron.processing.isotope.Baseline object at 0x1b0486390> len t=60
baseline Ar38. v=-0.0203336559932, e=0.00275040578068
get signal data Ar38 L1
Get data signal Ar38 0.458+/-0.004 len t=120
adding isotope Ar37 L2
add baseline dbdet= Ar37. original det= L2
get baseline data Ar37 L2
Get data baseline <pychron.processing.isotope.Baseline object at 0x1b0486550> len t=60
baseline Ar37. v=-0.0281061669626, e=0.00574389997363
get signal data Ar37 L2
Get data signal Ar37 0.222+/-0.011 len t=120
adding isotope Ar36 CDD
add baseline dbdet= Ar36. original det= CDD
get baseline data Ar36 CDD
Get data baseline <pychron.processing.isotope.Baseline object at 0x1b0486710> len t=60
baseline Ar36. v=5.45839845332e-05, e=1.41388570787e-05
get signal data Ar36 CDD
Get data signal Ar36 0.0256+/-0.0004 len t=120
65580-29 added analysis time 0.504104852676s
analysis added to mass spec database
mass spec save time= 0.514
persistence save - dvc
================= post measurement started
create new session 4989601072
close session 4989601072
---------------- Experiment Queue saving disabled
DVC saving peakcenter
Failed to find a valid peak. No peak greater than 1.0. max = 0.0328393610225
Smart pull ahead: 0 behind: 0
Up-to-date with origin
add to repo msg=modified - ad8224ebc6dbfeb9f5997218dfa5fe690569839d.json
add to repo msg=modified - 80-29.json
add to repo msg=modified - 80-29.dat.json
add to repo msg=modified - 80-29.blan.json
add to repo msg=modified - 80-29.inte.json
add to repo msg=modified - 80-29.icfa.json
add to repo msg=modified - 80-29.base.json
not at valid file /Users/jan/PychronDev/data/.dvc/repositories/Load1789/655/tags/80-29.tags.json
add to repo msg=modified - 80-29.peak.json
add to repo msg=modified - 80-29.extr.json
not at valid file /Users/jan/PychronDev/data/.dvc/repositories/Load1789/655/monitor/80-29.moni.json
commit message=<COLLECTION>
add to repo msg=modified - 80-29.inte.json
add to repo msg=modified - 80-29.base.json
commit message=<ISOEVO> default collection fits
add to repo msg=modified - 80-29.blan.json
commit message=<BLANKS> preceding bc-02-J-361
add to repo msg=modified - 80-29.icfa.json
commit message=<ICFactor> default
push repository <pychron.git_archive.repo_manager.GitRepoManager object at 0x1aa1345f0>
pushing to remote=origin, url=https://github.com
no changes to meta repo
create new session 4989601072
add association Load1789
get identifier "65580"
setting analysis irradiation position=<pychron.dvc.dvc_orm.IrradiationPositionTbl object at 0x1ac965790>
close session 4989601072
================= post measurement finished
07:56:06 -- ******* Post Run Check *******
loading queue conditionals post_run_actions
loading system conditionals post_run_actions
loading conditionals from /Users/jan/PychronDev/setupfiles/spectrometer/default_conditionals.yaml
loading queue conditionals post_run_terminations
loading system conditionals post_run_terminations
loading conditionals from /Users/jan/PychronDev/setupfiles/spectrometer/default_conditionals.yaml
Checking default post run terminations n=1
GetDeflection CDD ===>> 50
testing CDD==2000
evaluate ot="CDD.deflection==2000" t="CDD==2000", ctx="{'CDD': 50.0}"
07:56:06 -- ******* Post Run Check Passed *******
07:56:06 -- Automated run 65580-29 success duration: 368.871 s
----------------- finish -----------------
----------------- stop -----------------
retroactive repository identifiers disabled
finish run. runs completed=162
update duration runid=65580-29, duration=368.870887995, md5=301e91d8
loading script "jan_unknown120_60.py"
loading script "jan_pump_ms.py"
loading script "jan_co2.py"
loading script "jan_pump_extraction_line.py"
testing...
no interpolation path defined
executed snippet estimated_duration=213.652928, duration=0.000200986862183
script duration name:unknown120_60 seconds:214.0
loading script "jan_unknown120_60.py"
loading script "jan_pump_ms.py"
loading script "jan_co2.py"
loading script "jan_pump_extraction_line.py"
testing...
no interpolation path defined
executed snippet estimated_duration=0, duration=3.00407409668e-05
loading script "jan_unknown120_60.py"
loading script "jan_pump_ms.py"
loading script "jan_co2.py"
loading script "jan_pump_extraction_line.py"
testing...
no interpolation path defined
calculate duration
testing...
no interpolation path defined
executed snippet estimated_duration=0, duration=5.19752502441e-05
calculate duration
testing...
no interpolation path defined
executed snippet estimated_duration=0, duration=0.000104904174805
executed snippet estimated_duration=0.0, duration=0.00231289863586
script duration name:co2 seconds:0.0
loading script "jan_unknown120_60.py"
loading script "jan_pump_ms.py"
loading script "jan_co2.py"
loading script "jan_pump_extraction_line.py"
testing...
no interpolation path defined
calculate duration
testing...
no interpolation path defined
executed snippet estimated_duration=4.0, duration=0.000231027603149
executed snippet estimated_duration=4.0, duration=0.00152778625488
Script duration 214.0
Run total estimated duration= 215.000
unknown120_60 in script context. using previous estimated duration
script duration name:unknown120_60 seconds:214.0
pump_ms in script context. using previous estimated duration
co2 in script context. using previous estimated duration
script duration name:co2 seconds:0.0
pump_extraction_line in script context. using previous estimated duration
Script duration 214.0
Run total estimated duration= 215.000
loading script "jan_unknown400_120.py"
loading script "jan_pump_ms.py"
loading script "jan_co2.py"
loading script "jan_pump_extraction_line.py"
testing...
no interpolation path defined
executed snippet estimated_duration=556.052928, duration=0.000123977661133
script duration name:unknown400_120 seconds:556.0
script duration name:co2 seconds:0.0
Script duration 556.0
Run total estimated duration= 557.000
nruns=3 before=5.0, run_dur=987.0, btw=90.0
write rem/ex queues
/Users/jan/PychronDev/experiments/rem/CurrentExperiment.rem.txt
/Users/jan/PychronDev/experiments/rem/CurrentExperiment.ex.txt
doing event level: 3
