do run
loading script "jan_unknown120_60.py"
loading script "jan_pump_ms.py"
loading script "jan_co2.py"
loading script "jan_pump_extraction_line.py"
testing...
no interpolation path defined
executed snippet estimated_duration=213.652928, duration=0.00019383430481
script duration name:unknown120_60 seconds:214.0
loading script "jan_unknown120_60.py"
loading script "jan_pump_ms.py"
loading script "jan_co2.py"
loading script "jan_pump_extraction_line.py"
testing...
no interpolation path defined
executed snippet estimated_duration=0, duration=2.28881835938e-05
loading script "jan_unknown120_60.py"
loading script "jan_pump_ms.py"
loading script "jan_co2.py"
loading script "jan_pump_extraction_line.py"
testing...
no interpolation path defined
calculate duration
testing...
no interpolation path defined
executed snippet estimated_duration=0, duration=4.6968460083e-05
calculate duration
testing...
no interpolation path defined
executed snippet estimated_duration=0, duration=7.9870223999e-05
executed snippet estimated_duration=0.0, duration=0.00173711776733
script duration name:co2 seconds:0.0
loading script "jan_unknown120_60.py"
loading script "jan_pump_ms.py"
loading script "jan_co2.py"
loading script "jan_pump_extraction_line.py"
testing...
no interpolation path defined
calculate duration
testing...
no interpolation path defined
executed snippet estimated_duration=4.0, duration=0.000115871429443
executed snippet estimated_duration=4.0, duration=0.000936031341553
Script duration 214.0
Run total estimated duration= 215.000
run duration: 0:03:35
doing event level: 2
07:29:00 -- Setting default integration. t=1.048576
setting integration time = 1.048576
SetIntegrationTime 1.048576 ===>> OK
----------------- start -----------------
**************** Experiment Type: Ar/Ar, Ar/Ar
create new session 4436069840
close session 4436069840
$$$$$ Clearing conditionals
adding conditionals 
Add queue conditionals
add default conditionals
adding default conditionals from /Users/jan/PychronDev/setupfiles/spectrometer/default_conditionals.yaml
Start automated run 65580-26
loading script "jan_unknown120_60.py"
loading script "jan_pump_ms.py"
loading script "jan_co2.py"
loading script "jan_pump_extraction_line.py"
%%%%%%%%%%%%%%%%%% setting automated run 65580-26
No value "sensitivity_multiplier" in metadata
$$$$$$$$$$$$$$$ auto_save_detector_ic=False
============================= Pre Extraction Check =============================
loading queue conditionals pre_run_terminations
loading system conditionals pre_run_terminations
loading conditionals from /Users/jan/PychronDev/setupfiles/spectrometer/default_conditionals.yaml
07:29:00 -- ******* Pre Extraction Check *******
Get a measurement from the spectrometer
GetData ===>> H2,-0.0552015077377593,H1,-0.0381906230268346,AX,0.00310946361120864,L1,-0.0232555716718583,L2,0....
Pre Extraction Termination data. keys=H2,H1,AX,L1,L2,CDD, signals=-0.05520,-0.03819,0.00311,-0.02326,0.11773,0.00491
07:29:00 -- testing system defined conditionals
Checking default pre extraction terminations n=2
testing CDD
evaluate ot="CDD.inactive" t="CDD", ctx="{'CDD': False}"
GetDeflection CDD ===>> 50
testing CDD==2000
evaluate ot="CDD.deflection==2000" t="CDD==2000", ctx="{'CDD': 50.0}"
07:29:00 -- ******* Pre Extraction Check Passed *******
=================================================================================
07:29:00 -- stopping status monitor
stop 4982387056
Alive clients [4989850544]
07:29:00 -- starting status monitor
start 4982387056
Monitor already running
start extraction
do extraction
Analysis started at 07:29:00.901068
Extraction Started jan_co2.py
07:29:00 -- ******* Extraction Started jan_co2.py *******
state changed from not run to extraction
DO EXTRACTION <pychron.extraction_line.pyscript_runner.RemotePyScriptRunner object at 0x12c299590>
testing...
no interpolation path defined
calculate duration
testing...
no interpolation path defined
executed snippet estimated_duration=0, duration=5.50746917725e-05
calculate duration
testing...
no interpolation path defined
executed snippet estimated_duration=0, duration=9.70363616943e-05
executed snippet estimated_duration=100.0, duration=0.00278186798096
Jan CO2 laser analysis
doing GOSUB
testing...
no interpolation path defined
executed snippet estimated_duration=0, duration=4.88758087158e-05
Waiting for CO2 access
wait ('FelixCO2Flag', 0) {}
waiting for FelixCO2Flag = 0
Read FelixCO2Flag ===>> 0
finished waiting
CO2 free
wait ('CO2PumpTimeFlag', 0) {}
waiting for CO2PumpTimeFlag = 0
Read CO2PumpTimeFlag ===>> 0
finished waiting
acquire ('JanCO2Flag',) {'clear': True}
acquire JanCO2Flag
Set JanCO2Flag 1 ===>> OK
JanCO2Flag acquired
set extraction state False (0.75, 'red', 1.5)
CO2 acquired
executed snippet estimated_duration=0, duration=0.0142290592194
WaitForCO2Access.py completed successfully
gosub finished
doing GOSUB
testing...
no interpolation path defined
executed snippet estimated_duration=0, duration=9.89437103271e-05
Prepare for CO2 analysis
close () {'description': 'Jan Inlet'}
closing name=--- desc=Jan Inlet
checking ownership. requestor=129.138.12.150
check software interlocks R
interlocks []
actuate state mode=None-script, software_lock=False
doing actuation None-script close_channel False
Close R ===>> OK
GetIndicatorState R ===>> False
change switch state (True, True)
update switch state R False args=() kw={} ncanvase=2
07:29:01 -- CLOSE  VALVE-R (Jan Inlet)
---------------------------------------- close None (Jan Inlet) result=[(True, True)]
action=close, ok=True, locked=[False]
open () {'description': 'Jan Ion Pump'}
opening name=--- desc=Jan Ion Pump
checking ownership. requestor=129.138.12.150
check software interlocks O
interlocks []
actuate state mode=None-script, software_lock=False
doing actuation None-script open_channel False
Open O ===>> OK
GetIndicatorState O ===>> OK
change switch state (True, True)
update switch state O True args=() kw={} ncanvase=2
07:29:01 -- OPEN   VALVE-O (Jan Ion Pump)
---------------------------------------- open None (Jan Ion Pump) result=[(True, True)], time=0.11 sec
action=open, ok=True, locked=[False]
close () {'description': 'Microbone to Minibone'}
closing name=--- desc=Microbone to Minibone
checking ownership. requestor=129.138.12.150
check software interlocks L
interlocks []
actuate state mode=None-script, software_lock=False
doing actuation None-script close_channel False
Close L ===>> OK
GetIndicatorState L ===>> False
change switch state (True, True)
update switch state L False args=() kw={} ncanvase=2
07:29:02 -- CLOSE  VALVE-L (Microbone to Minibone)
---------------------------------------- close None (Microbone to Minibone) result=[(True, True)]
action=close, ok=True, locked=[False]
open () {'description': 'Microbone to Turbo'}
opening name=--- desc=Microbone to Turbo
checking ownership. requestor=129.138.12.150
check software interlocks U
interlocks []
actuate state mode=None-script, software_lock=False
doing actuation None-script open_channel False
Open U ===>> OK
GetIndicatorState U ===>> OK
change switch state (True, True)
update switch state U True args=() kw={} ncanvase=2
07:29:02 -- OPEN   VALVE-U (Microbone to Turbo)
---------------------------------------- open None (Microbone to Turbo) result=[(True, True)], time=0.14 sec
action=open, ok=True, locked=[False]
open () {'description': 'Microbone to Inlet Pipette'}
opening name=--- desc=Microbone to Inlet Pipette
checking ownership. requestor=129.138.12.150
check software interlocks S
interlocks []
actuate state mode=None-script, software_lock=False
doing actuation None-script open_channel False
Open S ===>> OK
GetIndicatorState S ===>> OK
change switch state (True, True)
update switch state S True args=() kw={} ncanvase=2
07:29:03 -- OPEN   VALVE-S (Microbone to Inlet Pipette)
---------------------------------------- open None (Microbone to Inlet Pipette) result=[(True, True)], time=0.41 sec
action=open, ok=True, locked=[False]
open () {'description': 'Microbone to Getter D-50'}
opening name=--- desc=Microbone to Getter D-50
checking ownership. requestor=129.138.12.150
check software interlocks K
interlocks []
actuate state mode=None-script, software_lock=False
doing actuation None-script open_channel False
Open K ===>> OK
GetIndicatorState K ===>> OK
change switch state (True, True)
update switch state K True args=() kw={} ncanvase=2
07:29:04 -- OPEN   VALVE-K (Microbone to Getter D-50)
---------------------------------------- open None (Microbone to Getter D-50) result=[(True, True)], time=0.40 sec
action=open, ok=True, locked=[False]
open () {'description': 'Microbone to Getter NP-10'}
opening name=--- desc=Microbone to Getter NP-10
checking ownership. requestor=129.138.12.150
check software interlocks M
interlocks []
actuate state mode=None-script, software_lock=False
doing actuation None-script open_channel False
Open M ===>> OK
GetIndicatorState M ===>> OK
change switch state (True, True)
update switch state M True args=() kw={} ncanvase=2
07:29:04 -- OPEN   VALVE-M (Microbone to Getter NP-10)
---------------------------------------- open None (Microbone to Getter NP-10) result=[(True, True)], time=0.16 sec
action=open, ok=True, locked=[False]
close () {'description': 'CO2 Laser to Felix'}
closing name=--- desc=CO2 Laser to Felix
checking ownership. requestor=129.138.12.150
check software interlocks F
interlocks []
actuate state mode=None-script, software_lock=True
VALVE-F(CO2 Laser to Felix) software locked
change switch state (True, False)
---------------------------------------- close None (CO2 Laser to Felix) result=[(True, False)]
action=close, ok=True, locked=[True]
open () {'description': 'CO2 Laser to Jan'}
opening name=--- desc=CO2 Laser to Jan
checking ownership. requestor=129.138.12.150
check software interlocks A
interlocks []
actuate state mode=None-script, software_lock=False
doing actuation None-script open_channel False
Open A ===>> OK
GetIndicatorState A ===>> OK
change switch state (True, True)
update switch state A True args=() kw={} ncanvase=2
07:29:04 -- OPEN   VALVE-A (CO2 Laser to Jan)
---------------------------------------- open None (CO2 Laser to Jan) result=[(True, True)], time=0.13 sec
action=open, ok=True, locked=[False]
open () {'description': 'Microbone to CO2 Laser'}
opening name=--- desc=Microbone to CO2 Laser
checking ownership. requestor=129.138.12.150
check software interlocks T
interlocks []
actuate state mode=None-script, software_lock=False
doing actuation None-script open_channel False
Open T ===>> OK
GetIndicatorState T ===>> OK
change switch state (True, True)
update switch state T True args=() kw={} ncanvase=2
07:29:05 -- OPEN   VALVE-T (Microbone to CO2 Laser)
---------------------------------------- open None (Microbone to CO2 Laser) result=[(True, True)], time=0.44 sec
action=open, ok=True, locked=[False]
executed snippet estimated_duration=0, duration=4.94061207771
PrepareForCO2Analysis.py completed successfully
gosub finished
set_motor ('beam', '1.25') {}
setting motor "beam" to 1.25
set motor beam to 1.25
SetMotor beam,1.25 ===>> OK
GetMotorMoving beam ===>> False
GetMotorMoving beam ===>> False
Block completed
move_to_position ('214',) {'autocenter': True}
FusionsCO2 move to position 214
sending GoToHole 214,True
GoToHole 214,True ===>> OK
GetDriveMoving ===>> OK
GetDriveMoving ===>> OK
GetDriveMoving ===>> OK
GetDriveMoving ===>> OK
GetDriveMoving ===>> OK
GetDriveMoving ===>> OK
GetDriveMoving ===>> False
GetDriveMoving ===>> OK
GetDriveMoving ===>> OK
GetDriveMoving ===>> OK
GetDriveMoving ===>> OK
GetDriveMoving ===>> OK
GetDriveMoving ===>> False
Block completed
GetAutoCorrecting ===>> False
GetAutoCorrecting ===>> False
Block completed
update position
GetPosition ===>> 3.98780,-13.95730,1.00000
got position (3.9878, -13.9573, 1.0)
move to position succeeded
sleep (5,) {}
SLEEP 5.0
block started
WaitControl setup for 5.0  
Join finished
block finished. duration 5.04179596901
close () {'description': 'Microbone to Turbo'}
closing name=--- desc=Microbone to Turbo
checking ownership. requestor=129.138.12.150
check software interlocks U
interlocks []
actuate state mode=None-script, software_lock=False
doing actuation None-script close_channel True
Close U ===>> OK
GetIndicatorState U ===>> False
change switch state (True, True)
update switch state U False args=() kw={} ncanvase=2
07:29:17 -- CLOSE  VALVE-U (Microbone to Turbo)
---------------------------------------- close None (Microbone to Turbo) result=[(True, True)]
action=close, ok=True, locked=[False]
enable laser
enable () {}
set extraction state FusionsCO2 Enabled (False, 'red', 1.5)
enabling laser
Enable ===>> OK
begin interval
BEGIN INTERVAL Interval 1 waiting for 30.0
block started
WaitControl setup for 30.0  
set extract to 5.0
extract (5.0,) {}
GetPosition ===>> 3.98780,-13.95730,1.00000
set extraction state FusionsCO2 ON! 5.0(watts) (0.75, 'red', 1.5)
extract sample to 5.0 (watts)
set laser output
SetLaserOutput 5.0,watts ===>> OK
executing pattern triangle.lp
execute_pattern ('triangle.lp',) {}
executing pattern triangle.lp
IsPatterning ===>> OK
IsPatterning ===>> OK
IsPatterning ===>> OK
IsPatterning ===>> OK
IsPatterning ===>> OK
IsPatterning ===>> OK
IsPatterning ===>> OK
IsPatterning ===>> OK
IsPatterning ===>> OK
IsPatterning ===>> OK
IsPatterning ===>> OK
IsPatterning ===>> OK
IsPatterning ===>> OK
IsPatterning ===>> OK
IsPatterning ===>> OK
IsPatterning ===>> OK
IsPatterning ===>> OK
IsPatterning ===>> OK
IsPatterning ===>> OK
IsPatterning ===>> OK
IsPatterning ===>> OK
IsPatterning ===>> OK
IsPatterning ===>> OK
IsPatterning ===>> OK
IsPatterning ===>> OK
IsPatterning ===>> OK
IsPatterning ===>> OK
IsPatterning ===>> OK
IsPatterning ===>> False
Join finished
block finished. duration 30.098790884
Interval 1 finished
IsPatterning ===>> False
Block completed
COMPLETE INTERVAL waiting for Interval 1 to complete
end_extract () {}
ending extraction. set laser power to 0
set laser power 0
SetLaserPower 0 ===>> OK
disable () {}
%%%%%%%%%%%%%%%%%%%%%%%%%%%%%%%%%%% disable
set extraction state False (0.75, 'red', 1.5)
disabling laser
Disable ===>> OK
sleep (30.0,) {}
SLEEP 30.0
block started
WaitControl setup for 30.0  
Join finished
block finished. duration 30.0865631104
executed snippet estimated_duration=165.0, duration=77.7323198318
jan_co2.py completed successfully
GetAchievedOutput ===>> No Response
Requested Output= 0.000
Achieved Output=  0.000
GetResponseBlob ===>> No Response
GetOutputBlob ===>> No Response
persistence save...
persistence save - db
AutomatedRunPersister post_extraction_save deprecated
persistence save - dvc
no extraction position for 214
create new session 4989601072
close session 4989601072
Extraction Finished
07:30:18 -- ******* Extraction Finished *******
no overlap. not waiting for min ms pumptime
07:30:18 -- Sending spectrometer configuration
======== Sending configuration ========
SetDeflection CDD,50.0 ===>> OK
SetDeflection H2,0.0 ===>> OK
SetDeflection H1,0.0 ===>> OK
SetDeflection L2,825.0 ===>> OK
SetDeflection L1,400.0 ===>> OK
SetDeflection AX,190.0 ===>> OK
SetZFocus 74.64 ===>> OK
SetZSymmetry -50.72 ===>> OK
SetExtractionLens 26.13 ===>> OK
SetIonRepeller -3.81 ===>> OK
SetElectronEnergy 75.08 ===>> OK
SetYSymmetry -2.81 ===>> OK
SetIonCounterVoltage 1590.0 ===>> OK
send trap current 200.0
GetParameter Trap Current Readback ===>> 198.370811206739
SetParameter Trap Current Set,200.0 ===>> OK
updating mftable name mftable
Using mftable located at /Users/jan/PychronDev/setupfiles/spectrometer/mftables/mftable.csv
============ MFtable ===========
Isotope  H2     H1     AX     L1     L2     CDD    
Ar40     5.8076 5.8793 5.9926 6.1475 6.2310 6.3758
Ar39     5.7069 5.7716 5.8850 6.0336 6.1162 6.2622
Ar36     5.3844 5.4406 5.5484 5.6925 5.7711 5.9134
================================
get initial guess parabolic
get initial guess parabolic
get initial guess parabolic
get initial guess parabolic
get initial guess parabolic
get initial guess parabolic
======== Configuration Finished ========
GetYSymmetry ===>> -2.81
GetZSymmetry ===>> -50.72
GetParameter Trap Current Readback ===>> 198.035158395898
GetHighVoltage ===>> 4499.94659342336
start measurement
do measurement
L#=65580 analysis type=unknown
Measurement Started jan_unknown120_60.py
07:30:18 -- ******* Measurement Started jan_unknown120_60.py *******
state changed from extraction to measurement
setting spec, defl, and gains
GetExtractionLens ===>> 26.13
GetYSymmetry ===>> -2.81
GetZSymmetry ===>> -50.72
GetZFocus ===>> 74.64
GetDeflection H2 ===>> 0
GetDeflection H1 ===>> 0
GetDeflection AX ===>> 190
GetDeflection L1 ===>> 400
GetDeflection L2 ===>> 825
GetDeflection CDD ===>> 50
GetGain H2 ===>> 0.0113
GetGain H1 ===>> 0.1
GetGain AX ===>> 0.097049
GetGain L1 ===>> 0.010355
GetGain L2 ===>> 0.095649
GetGain CDD ===>> 0
pre measurement save
New frame /Users/jan/PychronDev/data/isotopes/32/391e02-b711-472b-9604-82206736f186.h5
flush and close file /Users/jan/PychronDev/data/isotopes/32/391e02-b711-472b-9604-82206736f186.h5
testing...
no interpolation path defined
executed snippet estimated_duration=226.132928, duration=0.000219106674194
unknown measurement script
activate_detectors ('H2', 'H1', 'AX', 'L1', 'L2', 'CDD') {}
activate detectors
*************** Set Analysis View Ar/Ar
create graphs
clearing graphs
clear isotope group
setting isotope det=H2, iso=PM41
setting isotope det=H1, iso=Ar40
setting isotope det=AX, iso=Ar39
setting isotope det=L1, iso=Ar38
setting isotope det=L2, iso=Ar37
setting isotope det=CDD, iso=Ar36
setting previous blanks
 - setting Ar40 blank 0.163+/-0.007
 - setting Ar36 blank 0.00426+/-0.00017
 - setting Ar37 blank 0.055+/-0.005
 - setting Ar38 blank 0.0090+/-0.0023
 - setting PM41 blank 0.02+/-0.06
 - setting Ar39 blank 0.041+/-0.008
load analysis view
position_magnet ('Ar40',) {'detector': 'H1'}
detector Detector(H1)
POSITION Ar40 H1
setting detector H2 to PM41 (40.9624)
setting detector H1 to Ar40 (39.9624)
setting detector AX to Ar39 (38.9624)
setting detector L1 to Ar38 (37.9624)
setting detector L2 to Ar37 (36.9624)
setting detector CDD to Ar36 (35.9624)
Mapping mass to dac mass func: "parabolic"
H1 map mass coeffs = [-0.00063987  0.15840543  0.57092999]
H1 map mass to dac 39.9624 >> 5.87932
GetDeflection H1 ===>> 0
GetHighVoltage ===>> 4499.94659342336
positioning Ar40 (5.87928537724) on H1
setting magnet DAC
current  : 5.879286
requested: 5.879285
Delta Dac: 0.000000
Checking detector protection. dv=0.00000
Checking detector "CDD". Protection Threshold: 0.1 (V)
SetMagnetDAC 5.87928537724 ===>> OK
Magnet settling time: 0.500
equilibrate () {'delay': 3, 'inlet': 'R', 'outlet': 'O', 'eqtime': 12.0}
Equilibration Started
07:30:20 -- ******* Equilibration Started *******
checking ownership. requestor=129.138.12.150
check software interlocks O
interlocks []
actuate state mode=None-script, software_lock=False
doing actuation None-script close_channel True
Close O ===>> OK
update labels <pychron.experiment.plot_panel.PlotPanel object at 0x12ed5f290>
update labels "<pychron.graph.stacked_regression_graph.StackedRegressionGraph object at 0x1a8f742f0>"
setting label 0 H2 PM41
setting label 1 H1 Ar40
setting label 2 AX Ar39
setting label 3 L1 Ar38
setting label 4 L2 Ar37
setting label 5 CDD Ar36
update labels "<pychron.graph.stacked_graph.StackedGraph object at 0x1a8e2d830>"
setting label 0 H2 PM41
setting label 1 H1 Ar40
setting label 2 AX Ar39
setting label 3 L1 Ar38
setting label 4 L2 Ar37
setting label 5 CDD Ar36
GetIndicatorState O ===>> False
change switch state (True, True)
update switch state O False args=() kw={} ncanvase=2
07:30:20 -- CLOSE  VALVE-O (Jan Ion Pump)
waiting 3s before opening inlet value ('R',)
checking ownership. requestor=129.138.12.150
check software interlocks R
interlocks []
actuate state mode=None-script, software_lock=False
doing actuation None-script open_channel True
Open R ===>> OK
GetIndicatorState R ===>> OK
change switch state (True, True)
update switch state R True args=() kw={} ncanvase=2
07:30:24 -- OPEN   VALVE-R (Jan Inlet)
equilibrating for 12.0sec
set_time_zero () {}
sniff (12.0,) {}
py_sniff
build tables- sniff [Detector(H2), Detector(H1), Detector(AX), Detector(L1), Detector(L2), Detector(CDD)]
add group /sniff/PM41 (Group) '' table H2
add group /sniff/Ar40 (Group) '' table H1
add group /sniff/Ar39 (Group) '' table AX
add group /sniff/Ar38 (Group) '' table L1
add group /sniff/Ar37 (Group) '' table L2
add group /sniff/Ar36 (Group) '' table CDD
flush and close file /Users/jan/PychronDev/data/isotopes/32/391e02-b711-472b-9604-82206736f186.h5
measuring sniff. ncounts=12.0
"sniff" increment series count="1" fit count="0" regressing="False"
starting measurement
GetData ===>> H2,-0.16640548181255,H1,0.0103638894867643,AX,-0.0510876228036774,L1,0.0371813668936954,L2,0.1048...
GetData ===>> H2,0.448602500675246,H1,174.173709544265,AX,46.2909078090319,L1,0.229021819755994,L2,0.4715397880...
GetData ===>> H2,0.942214192153847,H1,537.875116307622,AX,136.971246661384,L1,1.00082428420678,L2,0.73196607438...
GetData ===>> H2,0.258708900622089,H1,668.704136139122,AX,165.55715404549,L1,1.59777274738809,L2,0.778475191832...
GetData ===>> H2,0.0586725590560431,H1,712.385110093989,AX,173.954446763248,L1,1.92969680765888,L2,0.6356206293...
GetData ===>> H2,0.0577343338428135,H1,729.220132218978,AX,177.099362586168,L1,2.08599156108772,L2,0.7284765103...
GetData ===>> H2,0.0374754261392672,H1,735.957467159131,AX,178.368131135741,L1,2.20167107338812,L2,0.7338996907...
GetData ===>> H2,-0.0379786311073635,H1,739.207131549001,AX,178.909594967663,L1,2.26801846999669,L2,0.732915715...
GetData ===>> H2,-0.0812864910674849,H1,740.775268944795,AX,179.194028986667,L1,2.28675409283643,L2,0.689150456...
GetData ===>> H2,-0.0811632054689177,H1,741.49518482532,AX,179.400228205163,L1,2.36746518513037,L2,0.6921125043...
GetData ===>> H2,-0.00213239634147426,H1,741.600871125277,AX,179.281006041845,L1,2.36942204451771,L2,0.78002054...
Equilibration Finished
GetData ===>> H2,-0.0574600294564517,H1,741.717996970091,AX,179.138754919799,L1,2.39433613832452,L2,0.786992096...
07:30:36 -- ******* Equilibration Finished *******
checking ownership. requestor=129.138.12.150
check software interlocks R
interlocks []
actuate state mode=None-script, software_lock=False
doing actuation None-script close_channel True
Close R ===>> OK
GetIndicatorState R ===>> False
change switch state (True, True)
update switch state R False args=() kw={} ncanvase=2
State checksums do not match. Local:-1449001502 Remote:-598318598
State checksum failed
07:30:37 -- CLOSE  VALVE-R (Jan Inlet)
Post Equilibration Started jan_pump_extraction_line.py
07:30:37 -- ******* Post Equilibration Started jan_pump_extraction_line.py *******
testing...
no interpolation path defined
calculate duration
testing...
no interpolation path defined
executed snippet estimated_duration=4.0, duration=0.000172138214111
executed snippet estimated_duration=4.0, duration=0.00156593322754
Pump after analysis
doing GOSUB
testing...
no interpolation path defined
executed snippet estimated_duration=4.0, duration=0.000114917755127
Pump Microbone
close () {'description': 'Jan Inlet'}
closing name=--- desc=Jan Inlet
checking ownership. requestor=129.138.12.150
check software interlocks R
interlocks []
actuate state mode=None-script, software_lock=False
doing actuation None-script close_channel False
measurement finished
estimated time: 12.583 actual time: :12.664
flush and close file /Users/jan/PychronDev/data/isotopes/32/391e02-b711-472b-9604-82206736f186.h5
set_fits () {}
using default fits file=/Users/jan/PychronDev/scripts/measurement/fits/nominal_linear.yaml
Close R ===>> OK
set "Ar40" to "('Linear', 'SEM')"
No fit for "PM41". defaulting to linear. check the measurement script "jan_unknown120_60.py"
set "PM41" to "linear"
set "Ar36" to "('Linear', 'SEM')"
set "Ar37" to "('linear', 'SEM')"
set "Ar38" to "('linear', 'SEM')"
set "Ar39" to "('Linear', 'SEM')"
set_baseline_fits () {}
using default fits file=/Users/jan/PychronDev/scripts/measurement/fits/nominal_linear.yaml
set "H1" to "('average', 'SEM')"
set "H2" to "('average', 'SEM')"
set "CDD" to "('average', 'SEM')"
set "L2" to "('average', 'SEM')"
set "L1" to "('average', 'SEM')"
set "AX" to "('average', 'SEM')"
multicollect () {'integration_time': 1, 'ncounts': 120}
build tables- signal [Detector(H2), Detector(H1), Detector(AX), Detector(L1), Detector(L2), Detector(CDD)]
add group /signal/PM41 (Group) '' table H2
add group /signal/Ar40 (Group) '' table H1
add group /signal/Ar39 (Group) '' table AX
add group /signal/Ar38 (Group) '' table L1
add group /signal/Ar37 (Group) '' table L2
add group /signal/Ar36 (Group) '' table CDD
flush and close file /Users/jan/PychronDev/data/isotopes/32/391e02-b711-472b-9604-82206736f186.h5
measuring signal. ncounts=120
GetIndicatorState R ===>> False
change switch state (True, True)
update switch state R False args=() kw={} ncanvase=2
07:30:37 -- CLOSE  VALVE-R (Jan Inlet)
---------------------------------------- close None (Jan Inlet) result=[(True, True)]
action=close, ok=True, locked=[False]
is_closed ('F',) {}
is F () closed?
is closed True
open () {'description': 'CO2 Laser to Jan'}
opening name=--- desc=CO2 Laser to Jan
checking ownership. requestor=129.138.12.150
check software interlocks A
interlocks []
actuate state mode=None-script, software_lock=False
doing actuation None-script open_channel False
Open A ===>> OK
GetIndicatorState A ===>> OK
change switch state (True, True)
update switch state A True args=() kw={} ncanvase=2
07:30:37 -- OPEN   VALVE-A (CO2 Laser to Jan)
---------------------------------------- open None (CO2 Laser to Jan) result=[(True, True)], time=0.12 sec
"signal" increment series count="2" fit count="1" regressing="True"
starting measurement
GetData ===>> H2,-0.111506236487569,H1,741.258082251222,AX,179.63308338578,L1,2.4217010083876,L2,0.653190030080...
action=open, ok=True, locked=[False]
sleep (1,) {}
SLEEP 1.0
GetData ===>> H2,-0.0148487616545908,H1,741.63943597398,AX,179.441768724709,L1,2.42271984482909,L2,0.6937022122...
close () {'description': 'CO2 Laser to Roughing'}
closing name=--- desc=CO2 Laser to Roughing
checking ownership. requestor=129.138.12.150
check software interlocks G
interlocks []
actuate state mode=None-script, software_lock=True
VALVE-G(CO2 Laser to Roughing) software locked
change switch state (True, False)
---------------------------------------- close None (CO2 Laser to Roughing) result=[(True, False)]
action=close, ok=True, locked=[True]
open () {'description': 'Microbone to Turbo'}
opening name=--- desc=Microbone to Turbo
checking ownership. requestor=129.138.12.150
check software interlocks U
interlocks []
actuate state mode=None-script, software_lock=False
doing actuation None-script open_channel True
Open U ===>> OK
GetIndicatorState U ===>> OK
change switch state (True, True)
update switch state U True args=() kw={} ncanvase=2
07:30:39 -- OPEN   VALVE-U (Microbone to Turbo)
---------------------------------------- open None (Microbone to Turbo) result=[(True, True)], time=0.20 sec
action=open, ok=True, locked=[False]
open () {'description': 'Microbone to Getter NP-10'}
opening name=--- desc=Microbone to Getter NP-10
checking ownership. requestor=129.138.12.150
check software interlocks M
interlocks []
actuate state mode=None-script, software_lock=False
doing actuation None-script open_channel False
Open M ===>> OK
GetIndicatorState M ===>> OK
change switch state (True, True)
update switch state M True args=() kw={} ncanvase=2
07:30:39 -- OPEN   VALVE-M (Microbone to Getter NP-10)
---------------------------------------- open None (Microbone to Getter NP-10) result=[(True, True)], time=0.13 sec
action=open, ok=True, locked=[False]
open () {'description': 'Microbone to Getter D-50'}
opening name=--- desc=Microbone to Getter D-50
checking ownership. requestor=129.138.12.150
check software interlocks K
interlocks []
actuate state mode=None-script, software_lock=False
doing actuation None-script open_channel False
GetData ===>> H2,-0.0513413149161517,H1,741.355711265704,AX,178.951692179147,L1,2.40510568020352,L2,0.799242193...
Open K ===>> OK
GetIndicatorState K ===>> OK
change switch state (True, True)
update switch state K True args=() kw={} ncanvase=2
07:30:40 -- OPEN   VALVE-K (Microbone to Getter D-50)
---------------------------------------- open None (Microbone to Getter D-50) result=[(True, True)], time=0.43 sec
action=open, ok=True, locked=[False]
open () {'description': 'Microbone to CO2 Laser'}
opening name=--- desc=Microbone to CO2 Laser
checking ownership. requestor=129.138.12.150
check software interlocks T
interlocks []
actuate state mode=None-script, software_lock=False
doing actuation None-script open_channel False
Open T ===>> OK
GetIndicatorState T ===>> OK
change switch state (True, True)
update switch state T True args=() kw={} ncanvase=2
07:30:41 -- OPEN   VALVE-T (Microbone to CO2 Laser)
---------------------------------------- open None (Microbone to CO2 Laser) result=[(True, True)], time=0.42 sec
GetData ===>> H2,-0.0987001930004641,H1,741.098294635806,AX,178.974714973477,L1,2.40575314502275,L2,0.797707983...
action=open, ok=True, locked=[False]
open () {'description': 'Microbone to Inlet Pipette'}
opening name=--- desc=Microbone to Inlet Pipette
checking ownership. requestor=129.138.12.150
check software interlocks S
interlocks []
actuate state mode=None-script, software_lock=False
doing actuation None-script open_channel False
Open S ===>> OK
GetIndicatorState S ===>> OK
change switch state (True, True)
update switch state S True args=() kw={} ncanvase=2
07:30:41 -- OPEN   VALVE-S (Microbone to Inlet Pipette)
---------------------------------------- open None (Microbone to Inlet Pipette) result=[(True, True)], time=0.42 sec
action=open, ok=True, locked=[False]
sleep (1,) {}
SLEEP 1.0
testing H1>-5.0
evaluate ot="H1.bs>-5.0" t="H1>-5.0", ctx="{'H1': None}"
GetData ===>> H2,-0.0764123050584374,H1,740.919147519592,AX,178.955254514972,L1,2.40512851546698,L2,0.692684338...
set_resource () {'name': 'CO2PumpTimeFlag', 'value': 30}
Set CO2PumpTimeFlag 30 ===>> OK
release ('JanCO2Flag',) {}
release JanCO2Flag
Set JanCO2Flag 0 ===>> OK
executed snippet estimated_duration=6.0, duration=5.96449995041
PumpMicrobone.py completed successfully
gosub finished
get_resource_value () {'name': 'JanMiniboneFlag'}
Read JanMiniboneFlag ===>> 0
Get Resource Value JanMiniboneFlag=0.0
get resource value 0.0
get_resource_value () {'name': 'JanMiniboneFlag'}
Read JanMiniboneFlag ===>> 0
Get Resource Value JanMiniboneFlag=0.0
executed snippet estimated_duration=4.0, duration=5.97445297241
jan_pump_extraction_line.py completed successfully
Post Equilibration Finished
07:30:43 -- ******* Post Equilibration Finished *******
GetData ===>> H2,-0.0423905957628734,H1,740.362397003817,AX,178.9681240191,L1,2.400661743948,L2,0.7035040865545...
GetData ===>> H2,-0.153422698575451,H1,739.777114398745,AX,179.012060683597,L1,2.38910044211434,L2,0.7100582901...
GetData ===>> H2,-0.0981139010923943,H1,739.560200724045,AX,178.980259571253,L1,2.42389605672561,L2,0.805322028...
GetData ===>> H2,-0.099049516523277,H1,739.593635868346,AX,178.94225231772,L1,2.3819618486511,L2,0.672466345130...
testing H1>-5.0
evaluate ot="H1.bs>-5.0" t="H1>-5.0", ctx="{'H1': None}"
GetData ===>> H2,-0.173037664758866,H1,739.080576637219,AX,178.729408077742,L1,2.36951593940305,L2,0.6991691785...
GetData ===>> H2,-0.160759332799077,H1,738.696960564254,AX,178.8446262919,L1,2.36672759511496,L2,0.710813253289...
GetData ===>> H2,-0.129906322064853,H1,738.434582984781,AX,178.47868111149,L1,2.38325797442954,L2,0.70886866320...
GetData ===>> H2,-0.16598839488348,H1,738.109544528313,AX,178.436694644257,L1,2.40506269630367,L2,0.70804508398...
GetData ===>> H2,-0.125289828499106,H1,738.291252779024,AX,178.40785666103,L1,2.3916018318312,L2,0.745010158115...
testing H1>-5.0
evaluate ot="H1.bs>-5.0" t="H1>-5.0", ctx="{'H1': None}"
GetData ===>> H2,-0.0879186907126101,H1,737.752378486099,AX,178.23085971952,L1,2.39819006757286,L2,0.7118198800...
GetData ===>> H2,-0.0310851646629662,H1,737.531312897739,AX,178.165114671898,L1,2.39752558653947,L2,0.780031988...
GetData ===>> H2,-0.114331152405358,H1,737.140559580633,AX,178.081023013942,L1,2.38354378621197,L2,0.7436942271...
GetData ===>> H2,-0.110838820245166,H1,737.094307611673,AX,178.000264012605,L1,2.39040007501963,L2,0.7103328214...
GetData ===>> H2,-0.228026331647453,H1,736.411266154774,AX,177.846050605863,L1,2.38982676805553,L2,0.8075061083...
testing H1>-5.0
evaluate ot="H1.bs>-5.0" t="H1>-5.0", ctx="{'H1': None}"
GetData ===>> H2,-0.213625108645766,H1,736.252026919181,AX,178.175733626664,L1,2.47102502404736,L2,0.6442963335...
GetData ===>> H2,0.0794527235014053,H1,735.781657963353,AX,178.163959508277,L1,2.43232400827235,L2,0.7301812323...
GetData ===>> H2,-0.11881005276747,H1,735.684151674694,AX,178.002706703404,L1,2.39499554771504,L2,0.70783919028...
GetData ===>> H2,-0.221245782746247,H1,735.496271578881,AX,177.852710359789,L1,2.33705247759954,L2,0.8160518256...
GetData ===>> H2,-0.110823928157545,H1,735.017722032563,AX,177.517760054054,L1,2.36649425852142,L2,0.8439937338...
testing H1>-5.0
evaluate ot="H1.bs>-5.0" t="H1>-5.0", ctx="{'H1': None}"
07:31:03 -- collecting point 25
GetData ===>> H2,-0.0288316978012771,H1,735.102613558347,AX,177.675213219733,L1,2.37175623538234,L2,0.695852362...
GetData ===>> H2,-0.126053741125015,H1,734.990022748655,AX,177.665716377225,L1,2.37452032862769,L2,0.5463895074...
GetData ===>> H2,-0.13638761290064,H1,734.70500967214,AX,177.449297701208,L1,2.36902769455296,L2,0.732069047057...
GetData ===>> H2,-0.236698424584304,H1,733.909063741251,AX,177.488637743653,L1,2.35540185803648,L2,0.6910489015...
GetData ===>> H2,-0.231332309266145,H1,733.998368025735,AX,177.328843484384,L1,2.35045384816678,L2,0.7662391878...
testing H1>-5.0
evaluate ot="H1.bs>-5.0" t="H1>-5.0", ctx="{'H1': None}"
GetData ===>> H2,-0.193293208388257,H1,733.447624181087,AX,177.296344772851,L1,2.36564811870012,L2,0.6542989420...
GetData ===>> H2,-0.126904124969673,H1,733.376708548485,AX,177.167675621293,L1,2.35996547804406,L2,0.7342772653...
GetData ===>> H2,-0.104722489191567,H1,732.979527813877,AX,177.289384668468,L1,2.32542216121515,L2,0.7622562413...
GetData ===>> H2,-0.0703929136158468,H1,732.541557667436,AX,177.260992801066,L1,2.31930840461416,L2,0.681431264...
GetData ===>> H2,-0.0753957395047411,H1,731.799507968338,AX,177.289672820487,L1,2.32666030435712,L2,0.671986105...
testing H1>-5.0
evaluate ot="H1.bs>-5.0" t="H1>-5.0", ctx="{'H1': None}"
GetData ===>> H2,-0.151677262989588,H1,731.76218373214,AX,177.119147074982,L1,2.31311434346389,L2,0.77358747097...
GetData ===>> H2,-0.191131048990493,H1,731.387052584788,AX,176.939417233421,L1,2.33341962492222,L2,0.7402614488...
GetData ===>> H2,-0.0661218240370194,H1,731.816338177752,AX,177.141814312508,L1,2.34649807901735,L2,0.816200553...
GetData ===>> H2,-0.0842408812507869,H1,731.34969059583,AX,177.150345709129,L1,2.32573938056282,L2,0.7335678839...
GetData ===>> H2,-0.195536432525092,H1,730.762606824043,AX,176.917228397372,L1,2.36650900954212,L2,0.7708174913...
testing H1>-5.0
evaluate ot="H1.bs>-5.0" t="H1>-5.0", ctx="{'H1': None}"
GetData ===>> H2,-0.195167913707362,H1,730.390849611183,AX,176.867434958065,L1,2.38047537872881,L2,0.7509377922...
GetData ===>> H2,-0.147532610517418,H1,729.962810676608,AX,176.583017474273,L1,2.36704408236391,L2,0.6896193463...
GetData ===>> H2,-0.175343131332252,H1,729.801907304978,AX,176.813124957142,L1,2.33725327977226,L2,0.7548058280...
GetData ===>> H2,-0.20495165310961,H1,729.930989792304,AX,176.491927229215,L1,2.32872596469968,L2,0.68470183927...
GetData ===>> H2,-0.215036374422982,H1,729.715996936674,AX,176.550009239048,L1,2.36542955409401,L2,0.6939652599...
testing H1>-5.0
evaluate ot="H1.bs>-5.0" t="H1>-5.0", ctx="{'H1': None}"
GetData ===>> H2,-0.236415919399412,H1,729.661188873346,AX,176.171469592631,L1,2.37335288606555,L2,0.7925903114...
GetData ===>> H2,-0.0666576631325324,H1,729.494809799937,AX,176.212113107623,L1,2.32581969067948,L2,0.699477991...
GetData ===>> H2,-0.11581303856984,H1,728.983935197431,AX,176.35796248488,L1,2.34774013713008,L2,0.691083211088...
GetData ===>> H2,-0.0850291307466902,H1,728.973967061002,AX,176.211361596934,L1,2.40323737508005,L2,0.759864263...
GetData ===>> H2,-0.137328610658167,H1,728.550630753625,AX,176.175182170457,L1,2.35598705915393,L2,0.7599901558...
testing H1>-5.0
evaluate ot="H1.bs>-5.0" t="H1>-5.0", ctx="{'H1': None}"
07:31:29 -- collecting point 50
GetData ===>> H2,-0.147683891987394,H1,728.186476152436,AX,176.185966746663,L1,2.33693869129419,L2,0.6798303248...
GetData ===>> H2,-0.1873759440911,H1,727.588959955012,AX,175.927516009043,L1,2.32528162386138,L2,0.696344159199...
GetData ===>> H2,-0.228458478957186,H1,727.325396145539,AX,176.215517047115,L1,2.30184458971064,L2,0.7771244618...
GetData ===>> H2,-0.234179843368198,H1,726.987719101167,AX,176.096305881431,L1,2.32823863275794,L2,0.6947086596...
GetData ===>> H2,-0.211540206720274,H1,726.656857471323,AX,175.920892004306,L1,2.35202877090985,L2,0.7639386727...
testing H1>-5.0
evaluate ot="H1.bs>-5.0" t="H1>-5.0", ctx="{'H1': None}"
GetData ===>> H2,-0.231653971241704,H1,726.576723389382,AX,175.889044193082,L1,2.31839610914594,L2,0.7593835864...
GetData ===>> H2,-0.276171752533404,H1,726.574071878873,AX,175.753392241537,L1,2.31262190802651,L2,0.6716202097...
GetData ===>> H2,-0.273528203456609,H1,725.91884969402,AX,175.557242694631,L1,2.31694087037807,L2,0.71260917440...
GetData ===>> H2,-0.23469113925845,H1,725.602249597903,AX,175.312023809923,L1,2.32584378382644,L2,0.69200957451...
GetData ===>> H2,-0.167242308953255,H1,725.134365720672,AX,175.200588733559,L1,2.30531285270424,L2,0.6447307108...
testing H1>-5.0
evaluate ot="H1.bs>-5.0" t="H1>-5.0", ctx="{'H1': None}"
GetData ===>> H2,-0.126985239336816,H1,724.981699339549,AX,175.40471703319,L1,2.29832126915336,L2,0.64447922898...
GetData ===>> H2,-0.148002657049225,H1,724.884661765921,AX,175.461882536134,L1,2.32939407223879,L2,0.7789101767...
GetData ===>> H2,-0.185942338510804,H1,724.640773290574,AX,175.497156637581,L1,2.32703645919249,L2,0.6479428780...
GetData ===>> H2,-0.170942503448551,H1,724.395432879042,AX,175.425887382738,L1,2.32421092080043,L2,0.7112593706...
GetData ===>> H2,-0.132643128873591,H1,724.075475003043,AX,175.104345347445,L1,2.33318121203238,L2,0.6591691608...
testing H1>-5.0
evaluate ot="H1.bs>-5.0" t="H1>-5.0", ctx="{'H1': None}"
GetData ===>> H2,-0.124930163337505,H1,723.640934483033,AX,175.157683652575,L1,2.30529279413129,L2,0.7456738518...
GetData ===>> H2,-0.128803400925321,H1,723.61357021631,AX,175.051352891693,L1,2.30559233921721,L2,0.69733919702...
GetData ===>> H2,-0.160259657585746,H1,723.62122323828,AX,174.925215177712,L1,2.29147856965017,L2,0.69554356153...
GetData ===>> H2,-0.164265892703074,H1,723.057058182562,AX,174.587646801103,L1,2.26773809244621,L2,0.6802762982...
GetData ===>> H2,-0.187286939059201,H1,722.979534438902,AX,174.512809541975,L1,2.31091460895013,L2,0.7650145286...
testing H1>-5.0
evaluate ot="H1.bs>-5.0" t="H1>-5.0", ctx="{'H1': None}"
GetData ===>> H2,-0.178480072959937,H1,722.13376571702,AX,174.794684511205,L1,2.301018461549,L2,0.8240376677290...
GetData ===>> H2,-0.120666045902582,H1,722.295842826696,AX,174.785735757843,L1,2.33361652027982,L2,0.6753135311...
GetData ===>> H2,0.0024242278992628,H1,721.829838678151,AX,174.816609332695,L1,2.32323399330702,L2,0.6308316108...
GetData ===>> H2,-0.0786524948090881,H1,721.653038551881,AX,174.876079200841,L1,2.27815090320703,L2,0.724838345...
GetData ===>> H2,-0.137724725737266,H1,721.806613690387,AX,174.584367497111,L1,2.27905352070465,L2,0.6985172436...
testing H1>-5.0
evaluate ot="H1.bs>-5.0" t="H1>-5.0", ctx="{'H1': None}"
07:31:55 -- collecting point 75
GetData ===>> H2,-0.219521379756709,H1,721.238916226854,AX,174.36042888924,L1,2.28452686167599,L2,0.63524344259...
GetData ===>> H2,-0.148359231075909,H1,720.968677928653,AX,174.319790496068,L1,2.2912940972932,L2,0.76508320073...
GetData ===>> H2,-0.15303216089327,H1,720.79201176749,AX,174.440267708815,L1,2.30606440640609,L2,0.746131574346...
GetData ===>> H2,-0.150124377479844,H1,720.302436145596,AX,174.631209288776,L1,2.27953289889557,L2,0.7601961614...
GetData ===>> H2,-0.146869379539182,H1,719.812031770119,AX,174.334896905467,L1,2.29956018633791,L2,0.6805964856...
testing H1>-5.0
evaluate ot="H1.bs>-5.0" t="H1>-5.0", ctx="{'H1': None}"
GetData ===>> H2,-0.164224041821227,H1,719.16859915715,AX,174.041125237602,L1,2.32103287223839,L2,0.70789638293...
GetData ===>> H2,-0.212448021349936,H1,719.166845917139,AX,173.965891698823,L1,2.32501661534962,L2,0.6761482643...
GetData ===>> H2,-0.334213446476711,H1,719.076344040841,AX,173.897825657366,L1,2.30526070048913,L2,0.7510636726...
GetData ===>> H2,-0.313517276587264,H1,719.032076479346,AX,173.92453072999,L1,2.30035145422604,L2,0.69953517906...
GetData ===>> H2,-0.178068432650426,H1,718.629843590459,AX,173.792619585599,L1,2.28695719771104,L2,0.7072672656...
testing H1>-5.0
evaluate ot="H1.bs>-5.0" t="H1>-5.0", ctx="{'H1': None}"
GetData ===>> H2,-0.246235336569499,H1,718.422492961373,AX,173.844975625377,L1,2.31896996377693,L2,0.7328928323...
GetData ===>> H2,-0.184383103195565,H1,718.419865190342,AX,173.775580728054,L1,2.30688154413625,L2,0.7529404540...
GetData ===>> H2,-0.133158423729178,H1,717.783314346762,AX,173.970922423168,L1,2.31030052646111,L2,0.7582047928...
GetData ===>> H2,-0.198320151871495,H1,717.665036485219,AX,173.791433840888,L1,2.34022824955455,L2,0.7407878002...
GetData ===>> H2,-0.223790143805169,H1,717.450815342976,AX,173.667344406763,L1,2.2946284354186,L2,0.71545755132...
testing H1>-5.0
evaluate ot="H1.bs>-5.0" t="H1>-5.0", ctx="{'H1': None}"
GetData ===>> H2,-0.268340049059062,H1,717.014490258083,AX,173.552778060071,L1,2.28231877228542,L2,0.7621875712...
GetData ===>> H2,-0.17816965706476,H1,716.595711257508,AX,173.481213755383,L1,2.25308263547467,L2,0.76728073272...
GetData ===>> H2,-0.012496357822768,H1,716.958513143299,AX,173.348088331396,L1,2.25131450365501,L2,0.7407649153...
GetData ===>> H2,-0.03535724269137,H1,716.607513930856,AX,173.304361656456,L1,2.28890959732569,L2,0.61571556964...
GetData ===>> H2,-0.0599852450527075,H1,716.216672537312,AX,173.293219928277,L1,2.33704712292405,L2,0.554105171...
testing H1>-5.0
evaluate ot="H1.bs>-5.0" t="H1>-5.0", ctx="{'H1': None}"
GetData ===>> H2,-0.0197803038189761,H1,715.563129485095,AX,173.191264981416,L1,2.29680455035434,L2,0.647977172...
GetData ===>> H2,-0.0156368647163774,H1,715.091982362177,AX,173.144318932949,L1,2.31316519400573,L2,0.730341409...
GetData ===>> H2,-0.15163675563465,H1,714.934473854003,AX,173.203606197788,L1,2.29506568958489,L2,0.81684122749...
GetData ===>> H2,-0.174723469094795,H1,714.56904709591,AX,172.929269647454,L1,2.27669698732502,L2,0.75813612567...
GetData ===>> H2,-0.11164296398072,H1,714.366201235678,AX,172.937946430771,L1,2.31075807492949,L2,0.75543525687...
testing H1>-5.0
evaluate ot="H1.bs>-5.0" t="H1>-5.0", ctx="{'H1': None}"
07:32:22 -- collecting point 100
GetData ===>> H2,-0.127740926997965,H1,714.4393973745,AX,172.825880928695,L1,2.32225313653162,L2,0.615360979409...
GetData ===>> H2,-0.126663482269418,H1,714.239805497986,AX,172.779747152087,L1,2.32099674801349,L2,0.7159036903...
GetData ===>> H2,-0.0664365477785907,H1,713.943760573676,AX,172.699587150983,L1,2.29385693064484,L2,0.806455599...
GetData ===>> H2,-0.0868099400109887,H1,713.282732178699,AX,172.546198697813,L1,2.27094416097513,L2,0.706741098...
GetData ===>> H2,-0.06327179723446,H1,712.633442108996,AX,172.707097016884,L1,2.29724684981159,L2,0.63839814096...
testing H1>-5.0
evaluate ot="H1.bs>-5.0" t="H1>-5.0", ctx="{'H1': None}"
GetData ===>> H2,-0.0806131457453935,H1,712.787603885538,AX,172.643874848625,L1,2.27155316395468,L2,0.689436364...
GetData ===>> H2,-0.194326962817732,H1,712.083437289633,AX,172.599929875484,L1,2.27448111397552,L2,0.7093834038...
GetData ===>> H2,-0.155095507056677,H1,711.828611035568,AX,172.492539731636,L1,2.26423263027016,L2,0.7718705320...
GetData ===>> H2,-0.228116531983537,H1,711.655770012466,AX,172.358238976209,L1,2.26918945589171,L2,0.7453305614...
GetData ===>> H2,-0.189823308242685,H1,711.504060480502,AX,172.288206736101,L1,2.27347120537532,L2,0.6834553484...
testing H1>-5.0
evaluate ot="H1.bs>-5.0" t="H1>-5.0", ctx="{'H1': None}"
GetData ===>> H2,-0.111123119991382,H1,711.39870490526,AX,172.306160612138,L1,2.27996021707099,L2,0.64005554217...
GetData ===>> H2,-0.102490726967884,H1,711.392457144546,AX,172.215315864906,L1,2.30695510282449,L2,0.7193355979...
GetData ===>> H2,-0.179057693802037,H1,711.113360286822,AX,172.109400480357,L1,2.30329112885931,L2,0.6965957769...
GetData ===>> H2,-0.160501395102138,H1,710.652906064301,AX,172.042639652026,L1,2.29965641864101,L2,0.7202164739...
GetData ===>> H2,-0.0894635968257935,H1,710.594607389372,AX,171.953331920878,L1,2.29818896569441,L2,0.681945858...
testing H1>-5.0
evaluate ot="H1.bs>-5.0" t="H1>-5.0", ctx="{'H1': None}"
GetData ===>> H2,-0.155698090019291,H1,710.312935359411,AX,171.821157009729,L1,2.28724582675585,L2,0.5973586684...
GetData ===>> H2,-0.133500588223936,H1,709.727207373014,AX,171.813948415808,L1,2.27210476758576,L2,0.7036870948...
GetData ===>> H2,-0.195213732954033,H1,709.879796471677,AX,171.778499366699,L1,2.29253600235239,L2,0.8243122643...
GetData ===>> H2,-0.219992922332795,H1,709.395695775621,AX,171.818339071073,L1,2.26870876272388,L2,0.6554764605...
GetData ===>> H2,-0.192421115246383,H1,709.490564558827,AX,171.708800721659,L1,2.260646873945,L2,0.721349040805...
testing H1>-5.0
evaluate ot="H1.bs>-5.0" t="H1>-5.0", ctx="{'H1': None}"
GetData ===>> H2,-0.152234827659377,H1,709.125834446628,AX,171.923990555179,L1,2.26206128903326,L2,0.7008962556...
measurement finished
estimated time: 125.829 actual time: :126.250
flush and close file /Users/jan/PychronDev/data/isotopes/32/391e02-b711-472b-9604-82206736f186.h5
baselines () {'settling_time': 15.0, 'detector': 'H1', 'mass': 34.2, 'ncounts': 60}
%%%%%%%%%%%%%%%%%%%%%%%%%%%%%%%% Baseline
build tables- baseline [Detector(H2), Detector(H1), Detector(AX), Detector(L1), Detector(L2), Detector(CDD)]
add group baseline table H2
add group baseline table H1
add group baseline table AX
add group baseline table L1
add group baseline table L2
add group baseline table CDD
flush and close file /Users/jan/PychronDev/data/isotopes/32/391e02-b711-472b-9604-82206736f186.h5
detector Detector(H1)
POSITION 34.2 H1
Mapping mass to dac mass func: "parabolic"
H1 map mass coeffs = [-0.00063987  0.15840543  0.57092999]
H1 map mass to dac 34.2 >> 5.23997599104
GetDeflection H1 ===>> 0
GetHighVoltage ===>> 4499.94659342336
positioning 34.2 (5.23994513332) on H1
setting magnet DAC
current  : 5.879285
requested: 5.239945
Delta Dac: 0.639340
Checking detector protection. dv=0.63934
Checking detector "CDD". Protection Threshold: 0.1 (V)
ProtectDetector CDD,On ===>> OK
GetDeflection CDD ===>> 2000
Protected = 2000
SetMagnetDAC 5.23994513332 ===>> OK
Magnet settling time: 0.500
GetMagnetMoving ===>> True
GetMagnetMoving ===>> True
GetMagnetMoving ===>> True
GetMagnetMoving ===>> True
GetMagnetMoving ===>> True
GetMagnetMoving ===>> True
GetMagnetMoving ===>> True
GetMagnetMoving ===>> True
GetMagnetMoving ===>> False
ProtectDetector CDD,Off ===>> OK
GetDeflection CDD ===>> 50
Delaying 15.0s for detectors to settle
Join finished
measuring baseline. ncounts=60
"baseline" increment series count="2" fit count="1" regressing="True"
starting measurement
GetData ===>> H2,-0.152028320669845,H1,-0.0212093599074368,AX,-0.0692548102443451,L1,-0.0331843767550395,L2,-0....
GetData ===>> H2,-0.146233127624077,H1,-0.0897368627463145,AX,-0.0866536394047195,L1,-0.0645447326951451,L2,-0....
GetData ===>> H2,-0.239671948337571,H1,-0.0950640186907713,AX,-0.0564905995822707,L1,-0.0584851762346782,L2,-0....
GetData ===>> H2,-0.262724586164855,H1,-0.0137552973390907,AX,-0.139092678483168,L1,-0.0512502972757206,L2,-0.0...
testing H1>-5.0
evaluate ot="H1.bs>-5.0" t="H1>-5.0", ctx="{'H1': None}"
GetData ===>> H2,-0.176333980446889,H1,-0.00960463469363833,AX,-0.0246713280658488,L1,-0.0520781759397894,L2,-0...
GetData ===>> H2,-0.23921423952232,H1,-0.0952070256792446,AX,-0.0858423041395322,L1,-0.0552235853316968,L2,-0.0...
GetData ===>> H2,-0.14734890887616,H1,0.0688131986684716,AX,-0.13612425389937,L1,-0.0499006609188238,L2,-0.0237...
GetData ===>> H2,-0.159373692777077,H1,-0.0582329149814374,AX,-0.132309319654503,L1,-0.0580507575757569,L2,0.04...
GetData ===>> H2,-0.0937963447492718,H1,-0.02555035015932,AX,-0.0963891349043419,L1,-0.0466335031108931,L2,-0.0...
testing H1>-5.0
evaluate ot="H1.bs>-5.0" t="H1>-5.0", ctx="{'H1': None}"
GetData ===>> H2,-0.169540566126792,H1,0.00746498559129911,AX,-0.0710632278366856,L1,-0.0354608944326701,L2,-0....
GetData ===>> H2,-0.103913204616059,H1,-0.0235468395920922,AX,-0.0482468816443869,L1,-0.0459236832947885,L2,-0....
GetData ===>> H2,-0.143212132505459,H1,-0.0229386230915949,AX,0.0260244335660734,L1,0.00165996122909452,L2,0.05...
GetData ===>> H2,-0.0958632341551189,H1,-0.0406946385721472,AX,-0.118417891986033,L1,-0.0341925221270948,L2,-0....
GetData ===>> H2,-0.147548819342887,H1,-0.0697962424362818,AX,-0.184489009702908,L1,-0.0517240627815716,L2,-0.0...
testing H1>-5.0
evaluate ot="H1.bs>-5.0" t="H1>-5.0", ctx="{'H1': None}"
GetData ===>> H2,-0.203765575308301,H1,-0.0437828381293357,AX,-0.154095751047566,L1,-0.0700735027770361,L2,0.04...
GetData ===>> H2,-0.121217915364031,H1,-0.124816838644004,AX,-0.106737825602506,L1,-0.0524023699451219,L2,-0.04...
GetData ===>> H2,-0.176123398516116,H1,0.0774299746568509,AX,-0.0472612990093691,L1,-0.00854031332849711,L2,-0....
GetData ===>> H2,-0.214439839868132,H1,-0.0246440051085316,AX,-0.0983708842949741,L1,0.0345187610313897,L2,0.00...
GetData ===>> H2,-0.170046578914299,H1,-0.053869497813097,AX,-0.0479570054349503,L1,0.0286995376990651,L2,-0.04...
testing H1>-5.0
evaluate ot="H1.bs>-5.0" t="H1>-5.0", ctx="{'H1': None}"
GetData ===>> H2,-0.180376124448153,H1,0.00295574638793386,AX,-0.0649654802781705,L1,-0.0155698339579511,L2,0.0...
GetData ===>> H2,-0.305786476584125,H1,0.0355509043168169,AX,-0.135787981339774,L1,-0.0280606698682174,L2,-0.07...
GetData ===>> H2,-0.141362118836192,H1,0.033570075760392,AX,-0.0474584163348828,L1,-0.0217129000534571,L2,0.006...
GetData ===>> H2,-0.0975573697044312,H1,-0.112723835730244,AX,-0.0888789814048639,L1,-0.0283901124470336,L2,-0....
GetData ===>> H2,-0.183243214857551,H1,0.0133941092214098,AX,-0.12612272364587,L1,0.0024450258840398,L2,-0.0964...
testing H1>-5.0
evaluate ot="H1.bs>-5.0" t="H1>-5.0", ctx="{'H1': None}"
07:33:27 -- collecting point 25
GetData ===>> H2,-0.272144391542753,H1,-0.0400865262711435,AX,-0.0792586478033593,L1,-0.0093461047917344,L2,0.0...
GetData ===>> H2,-0.251969289861552,H1,-0.0169039610872666,AX,-0.0805568688201825,L1,-0.0241077153855797,L2,-0....
GetData ===>> H2,-0.271520948944374,H1,0.0336774690749444,AX,-0.168401007906528,L1,-0.00288836786007615,L2,-0.0...
GetData ===>> H2,-0.16807637514392,H1,-0.00745767268301982,AX,-0.0373469420087877,L1,-0.0598493440517784,L2,0.0...
GetData ===>> H2,-0.287265065108632,H1,0.0305034486128843,AX,-0.0834546211073802,L1,-0.0665107602636047,L2,-0.0...
testing H1>-5.0
evaluate ot="H1.bs>-5.0" t="H1>-5.0", ctx="{'H1': None}"
GetData ===>> H2,-0.215530545125626,H1,-0.0058712767243339,AX,-0.214698979250407,L1,-0.0180788356384129,L2,0.05...
GetData ===>> H2,-0.145248285160574,H1,-0.0727643449981439,AX,-0.0365583883840829,L1,-0.0268650021390958,L2,0.0...
GetData ===>> H2,-0.186108230665709,H1,-0.00526295280802711,AX,-0.189727467575885,L1,-0.0195812985739998,L2,-0....
GetData ===>> H2,-0.0974084150744342,H1,-0.0542033178692723,AX,-0.112728669745342,L1,0.00312210326487491,L2,-0....
GetData ===>> H2,-0.180256028113881,H1,0.0599684316384465,AX,-0.0514006790014601,L1,-0.0481367670253701,L2,0.04...
testing H1>-5.0
evaluate ot="H1.bs>-5.0" t="H1>-5.0", ctx="{'H1': None}"
GetData ===>> H2,-0.248483264220777,H1,-0.0390372257690562,AX,-0.000962455198140112,L1,-0.0353602378075317,L2,0...
GetData ===>> H2,-0.250133611939763,H1,-0.0515684935632031,AX,-0.0357930214028521,L1,-0.0145378356744927,L2,-0....
GetData ===>> H2,-0.248468467836185,H1,-0.073336499225962,AX,0.0389868327663724,L1,-0.00583108602488769,L2,-0.0...
GetData ===>> H2,-0.32364836276264,H1,0.059431325200099,AX,-0.0755725330052526,L1,-0.0229882880955352,L2,-0.018...
GetData ===>> H2,-0.206121435289916,H1,-0.067388319450745,AX,-0.0229780286574219,L1,-0.0390131880988462,L2,-0.0...
testing H1>-5.0
evaluate ot="H1.bs>-5.0" t="H1>-5.0", ctx="{'H1': None}"
GetData ===>> H2,-0.120779668278914,H1,0.00123799440545653,AX,-0.0487338717324984,L1,-0.0313905380056274,L2,-0....
GetData ===>> H2,-0.179669022084127,H1,-0.0557651040544503,AX,-0.0220617790232138,L1,-0.0164094357185034,L2,-0....
GetData ===>> H2,-0.216187610587425,H1,-0.0455594039614702,AX,-0.121105962719849,L1,-0.0250796224039483,L2,-0.0...
GetData ===>> H2,-0.399140311814623,H1,-0.00490511348318883,AX,-0.0406054561461528,L1,-0.000913277294367921,L2,...
GetData ===>> H2,-0.343158699771217,H1,-0.0718822674872886,AX,-0.125276959912795,L1,-0.0191436529619891,L2,-0.0...
testing H1>-5.0
evaluate ot="H1.bs>-5.0" t="H1>-5.0", ctx="{'H1': None}"
GetData ===>> H2,-0.209900837506891,H1,0.011151260597342,AX,-0.0709009353229759,L1,-0.0245199784140757,L2,-0.02...
GetData ===>> H2,-0.201116668493079,H1,-0.0522123031917453,AX,-0.146153918219357,L1,-0.0370760557541249,L2,-0.1...
GetData ===>> H2,-0.257368352169866,H1,-0.0479082378907368,AX,-0.140855137719617,L1,-0.025574527866503,L2,-0.02...
GetData ===>> H2,-0.215869854190022,H1,-0.0848980815572496,AX,-0.0568036383992388,L1,-0.00963267281270251,L2,0....
GetData ===>> H2,-0.254587135913323,H1,-0.022855142106981,AX,-0.10321499064967,L1,-0.00437003139474529,L2,-0.03...
testing H1>-5.0
evaluate ot="H1.bs>-5.0" t="H1>-5.0", ctx="{'H1': None}"
07:33:53 -- collecting point 50
GetData ===>> H2,-0.167625609132272,H1,0.00616468148753064,AX,-0.0346681529459901,L1,-0.00985688561707006,L2,0....
GetData ===>> H2,-0.145611700635992,H1,-0.0385841153329956,AX,-0.00414098568919744,L1,0.0386229532913828,L2,-0....
GetData ===>> H2,-0.256412680432109,H1,-0.00842381128653964,AX,0.0521699806082404,L1,0.0194860814322981,L2,0.02...
GetData ===>> H2,-0.237500162721018,H1,0.0621407581793633,AX,0.00127649902141617,L1,-0.00173527881770783,L2,-0....
GetData ===>> H2,-0.129918486038613,H1,-0.0248944433773655,AX,-0.119935734159107,L1,0.0019336465457478,L2,0.050...
testing H1>-5.0
evaluate ot="H1.bs>-5.0" t="H1>-5.0", ctx="{'H1': None}"
GetData ===>> H2,-0.147373222499561,H1,0.0840851569435809,AX,-0.114976589575252,L1,0.00123744411655299,L2,-0.04...
GetData ===>> H2,-0.121864434186424,H1,-0.0036526657722245,AX,0.0171246628164126,L1,0.00793014141463122,L2,-0.0...
GetData ===>> H2,-0.17957051004426,H1,-0.0763521747365157,AX,-0.142176961190263,L1,-0.00724755477457858,L2,-0.1...
GetData ===>> H2,-0.110584298244488,H1,-0.0324669236555718,AX,-0.0764882789632977,L1,0.0196014074438392,L2,0.00...
GetData ===>> H2,-0.0804288833375241,H1,-0.000682512839866711,AX,-0.0618237159358895,L1,-0.0170199021521741,L2,...
testing H1>-5.0
evaluate ot="H1.bs>-5.0" t="H1>-5.0", ctx="{'H1': None}"
GetData ===>> H2,-0.146815346793392,H1,0.0300858218327928,AX,-0.13451245416675,L1,-0.0705695561979816,L2,-0.072...
measurement finished
estimated time: 62.915 actual time: :63.089
flush and close file /Users/jan/PychronDev/data/isotopes/32/391e02-b711-472b-9604-82206736f186.h5
activate_detectors ('H1', 'AX', 'CDD') {'peak_center': True}
peak_center () {'detector': 'H1', 'integration_time': 0.262144, 'isotope': 'Ar40'}
peak center: mean=710.168536487 threshold=3
peak center started
setup peak center. detector=['H1', 'AX', 'CDD'], isotope=Ar40
VersionedUnpickler [<apptools.sweet_pickle.versioned_unpickler.VersionedUnpickler object at 0x1a8e99830>] using Updater [<apptools.sweet_pickle.updater.Updater object at 0x135230b30>]
VersionedUnpickler [<apptools.sweet_pickle.versioned_unpickler.VersionedUnpickler object at 0x1a8e99830>] using Updater [<apptools.sweet_pickle.updater.Updater object at 0x135230b30>]
VersionedUnpickler [<apptools.sweet_pickle.versioned_unpickler.VersionedUnpickler object at 0x1aea27c50>] using Updater [<apptools.sweet_pickle.updater.Updater object at 0x135230b30>]
setting integration time = 0.524288
SetIntegrationTime 0.524288 ===>> OK
Mapping mass to dac mass func: "parabolic"
H1 map mass coeffs = [-0.00063987  0.15840543  0.57092999]
H1 map mass to dac 39.9624 >> 5.87932
GetDeflection H1 ===>> 0
GetHighVoltage ===>> 4499.94659342336
do peak center. <pychron.spectrometer.jobs.peak_center.PeakCenter object at 0x1352309b0>
doing pc
starting peak center. center dac= 5.87928537724 step_width=0.001
width = 0.001
get scan parameters. half-width=0.015,window=0.015, i=0, scalar=1
Scan parameters center=5.87929 width=0.03000 (5.86429 - 5.89429)
GetData ===>> H2,-0.167346233170476,H1,0.0639073002214332,AX,-0.146826390507616,L1,-0.0245043990138223,L2,-0.01...
Moving to starting dac 5.86428537724
setting magnet DAC
current  : 5.239945
requested: 5.864285
Delta Dac: 0.624340
Checking detector protection. dv=0.62434
Checking detector "CDD". Protection Threshold: 0.1 (V)
ProtectDetector CDD,On ===>> OK
GetDeflection CDD ===>> 2000
Protected = 2000
SetMagnetDAC 5.86428537724 ===>> OK
Magnet settling time: 0.500
GetMagnetMoving ===>> True
GetMagnetMoving ===>> True
GetMagnetMoving ===>> True
GetMagnetMoving ===>> True
GetMagnetMoving ===>> True
GetMagnetMoving ===>> True
GetMagnetMoving ===>> True
GetMagnetMoving ===>> True
GetMagnetMoving ===>> False
ProtectDetector CDD,Off ===>> OK
GetDeflection CDD ===>> 50
Wait until signal near baseline. tol= 0.0479304751661. timeout= 10
GetData ===>> H2,2.60469799842203,H1,1.11390206178748,AX,-0.117317151931427,L1,0.00895149238772174,L2,-0.004167...
GetData ===>> H2,35.8148934945396,H1,19.9595752215255,AX,1.60860524987839,L1,0.0197063553550542,L2,-0.124864514...
GetData ===>> H2,41.0371792039292,H1,25.7484721746766,AX,4.17926980989177,L1,0.00507675927991223,L2,-0.09739849...
GetData ===>> H2,22.0645000349676,H1,12.5124011830221,AX,1.85269326917554,L1,0.00672182908688634,L2,0.095856423...
GetData ===>> H2,9.1867961199846,H1,6.32831428884437,AX,0.882206654713919,L1,0.0133235440937718,L2,0.0295191029...
GetData ===>> H2,3.10238092815045,H1,3.45887567381256,AX,0.316908588740265,L1,-0.00597861916385674,L2,-0.146760...
GetData ===>> H2,0.905247801714891,H1,2.1058244480255,AX,0.287918128016868,L1,0.00536988653541172,L2,-0.2729807...
GetData ===>> H2,0.290343017086855,H1,1.37019466503425,AX,0.199931001801004,L1,0.00182081047026627,L2,-0.045604...
GetData ===>> H2,0.125044952218865,H1,0.992652324307408,AX,0.122224834423086,L1,0.0260715943509371,L2,-0.081426...
GetData ===>> H2,0.0869125373477458,H1,0.865614435978013,AX,0.112904258443012,L1,0.0333709919952746,L2,0.019063...
GetData ===>> H2,0.144737138635976,H1,0.822420246047462,AX,0.0498862602518848,L1,0.0472225411312749,L2,0.032207...
GetData ===>> H2,0.122809526219284,H1,0.779465032802773,AX,0.0247015999948875,L1,0.0482387097143676,L2,-0.03231...
GetData ===>> H2,0.135101554548714,H1,0.704379450998771,AX,0.0693273314307014,L1,-0.0123624536246791,L2,-0.0585...
GetData ===>> H2,0.133044675557666,H1,0.682745299047149,AX,0.103074567603431,L1,-0.0273875610511821,L2,-0.01245...
GetData ===>> H2,0.0815701920272833,H1,0.692939573324103,AX,0.226899086858586,L1,-0.0252760108924961,L2,-0.0959...
GetData ===>> H2,-0.0102512665759637,H1,0.698228559856085,AX,0.143674821200446,L1,-0.0291899282797298,L2,0.0361...
GetData ===>> H2,-0.0549562085147373,H1,0.714049317584409,AX,0.105392801517346,L1,-0.0341932146611229,L2,-0.183...
GetData ===>> H2,-0.0421137955579062,H1,0.72589856673495,AX,0.078852324048834,L1,-0.0245457231438565,L2,0.03389...
GetData ===>> H2,-0.110810389879132,H1,0.728555862940161,AX,0.0970010564189116,L1,0.0153747211867734,L2,-0.0244...
GetData ===>> H2,-0.178865112322655,H1,0.733463666835532,AX,0.202878097068502,L1,-0.0113099512712803,L2,-0.0175...
GetData ===>> H2,-0.0734572360788652,H1,0.69315495647635,AX,0.154343600415256,L1,-0.0239542709258694,L2,-0.0471...
Peak center failed to move to a baseline position
_do_sweep sm= 5.86428537724, em= 5.89428537724, stm= 0.001
calculated step values: start=5.86428537724, end=5.89428537724, width=0.001, nsteps=31.0
setting magnet DAC
current  : 5.864285
requested: 5.864285
Delta Dac: 0.000000
Checking detector protection. dv=0.00000
Checking detector "CDD". Protection Threshold: 0.1 (V)
SetMagnetDAC 5.86428537724 ===>> OK
GetData ===>> H2,-0.0734572360788652,H1,0.69315495647635,AX,0.154343600415256,L1,-0.0239542709258694,L2,-0.0471...
setting magnet DAC
current  : 5.864285
requested: 5.865320
Delta Dac: 0.001034
Checking detector protection. dv=0.00103
Checking detector "CDD". Protection Threshold: 0.1 (V)
SetMagnetDAC 5.86531985999 ===>> OK
Magnet settling time: 1.049
GetData ===>> H2,-0.0397824367834059,H1,1.58177791822187,AX,0.242405633470605,L1,-0.054781466266522,L2,-0.03053...
setting magnet DAC
current  : 5.865320
requested: 5.866354
Delta Dac: 0.001034
Checking detector protection. dv=0.00103
Checking detector "CDD". Protection Threshold: 0.1 (V)
SetMagnetDAC 5.86635434275 ===>> OK
Magnet settling time: 1.049
GetData ===>> H2,-0.144011821907008,H1,5.35922824236972,AX,0.99342969248065,L1,-0.0290295713797083,L2,0.0001594...
setting magnet DAC
current  : 5.866354
requested: 5.867389
Delta Dac: 0.001034
Checking detector protection. dv=0.00103
Checking detector "CDD". Protection Threshold: 0.1 (V)
SetMagnetDAC 5.86738882551 ===>> OK
Magnet settling time: 1.049
GetData ===>> H2,-0.249352181522163,H1,19.0627053204572,AX,3.14194066837362,L1,0.016029746377367,L2,0.078190843...
setting magnet DAC
current  : 5.867389
requested: 5.868423
Delta Dac: 0.001034
Checking detector protection. dv=0.00103
Checking detector "CDD". Protection Threshold: 0.1 (V)
SetMagnetDAC 5.86842330827 ===>> OK
Magnet settling time: 1.049
GetData ===>> H2,-0.10575049766234,H1,63.287027744307,AX,10.021089604619,L1,0.0466892737270377,L2,0.01785614657...
setting magnet DAC
current  : 5.868423
requested: 5.869458
Delta Dac: 0.001034
Checking detector protection. dv=0.00103
Checking detector "CDD". Protection Threshold: 0.1 (V)
SetMagnetDAC 5.86945779103 ===>> OK
Magnet settling time: 1.049
GetData ===>> H2,-0.109813928283332,H1,169.035185147438,AX,28.8018900398554,L1,0.11841423185834,L2,0.0723334295...
setting magnet DAC
current  : 5.869458
requested: 5.870492
Delta Dac: 0.001034
Checking detector protection. dv=0.00103
Checking detector "CDD". Protection Threshold: 0.1 (V)
SetMagnetDAC 5.87049227379 ===>> OK
Magnet settling time: 1.049
GetData ===>> H2,-0.201236657837158,H1,334.156658754775,AX,63.4383991875149,L1,0.34421804496998,L2,-0.037660071...
setting magnet DAC
current  : 5.870492
requested: 5.871527
Delta Dac: 0.001034
Checking detector protection. dv=0.00103
Checking detector "CDD". Protection Threshold: 0.1 (V)
SetMagnetDAC 5.87152675655 ===>> OK
Magnet settling time: 1.049
GetData ===>> H2,-0.0808028245174493,H1,496.249563723788,AX,103.133799353945,L1,0.794619231932177,L2,0.20429190...
setting magnet DAC
current  : 5.871527
requested: 5.872561
Delta Dac: 0.001034
Checking detector protection. dv=0.00103
Checking detector "CDD". Protection Threshold: 0.1 (V)
SetMagnetDAC 5.8725612393 ===>> OK
Magnet settling time: 1.049
GetData ===>> H2,-0.168033188757978,H1,607.134560113854,AX,135.738446397738,L1,1.21761827894578,L2,0.3089707938...
setting magnet DAC
current  : 5.872561
requested: 5.873596
Delta Dac: 0.001034
Checking detector protection. dv=0.00103
Checking detector "CDD". Protection Threshold: 0.1 (V)
SetMagnetDAC 5.87359572206 ===>> OK
Magnet settling time: 1.049
GetData ===>> H2,-0.207676465279312,H1,656.474490988958,AX,153.687934455326,L1,1.57287160493059,L2,0.5175784185...
setting magnet DAC
current  : 5.873596
requested: 5.874630
Delta Dac: 0.001034
Checking detector protection. dv=0.00103
Checking detector "CDD". Protection Threshold: 0.1 (V)
SetMagnetDAC 5.87463020482 ===>> OK
Magnet settling time: 1.049
GetData ===>> H2,-0.0303408499607684,H1,672.797711670481,AX,161.291048673527,L1,1.81996677357865,L2,0.653824519...
setting magnet DAC
current  : 5.874630
requested: 5.875665
Delta Dac: 0.001034
Checking detector protection. dv=0.00103
Checking detector "CDD". Protection Threshold: 0.1 (V)
SetMagnetDAC 5.87566468758 ===>> OK
Magnet settling time: 1.049
GetData ===>> H2,-0.0354115499667085,H1,677.707732688632,AX,163.329907574645,L1,1.94315908081355,L2,0.555614084...
setting magnet DAC
current  : 5.875665
requested: 5.876699
Delta Dac: 0.001034
Checking detector protection. dv=0.00103
Checking detector "CDD". Protection Threshold: 0.1 (V)
SetMagnetDAC 5.87669917034 ===>> OK
Magnet settling time: 1.049
GetData ===>> H2,-0.00237150419106562,H1,678.306348476728,AX,163.628735294145,L1,2.09273696311795,L2,0.47121999...
setting magnet DAC
current  : 5.876699
requested: 5.877734
Delta Dac: 0.001034
Checking detector protection. dv=0.00103
Checking detector "CDD". Protection Threshold: 0.1 (V)
SetMagnetDAC 5.8777336531 ===>> OK
Magnet settling time: 1.049
GetData ===>> H2,-0.0941103728605273,H1,678.35424632765,AX,163.59794619025,L1,2.18551390091593,L2,0.58748971166...
setting magnet DAC
current  : 5.877734
requested: 5.878768
Delta Dac: 0.001034
Checking detector protection. dv=0.00103
Checking detector "CDD". Protection Threshold: 0.1 (V)
SetMagnetDAC 5.87876813586 ===>> OK
Magnet settling time: 1.049
GetData ===>> H2,-0.171018060109041,H1,678.043465400752,AX,163.485339877994,L1,2.15775331070242,L2,0.6217552431...
setting magnet DAC
current  : 5.878768
requested: 5.879803
Delta Dac: 0.001034
Checking detector protection. dv=0.00103
Checking detector "CDD". Protection Threshold: 0.1 (V)
SetMagnetDAC 5.87980261862 ===>> OK
Magnet settling time: 1.049
GetData ===>> H2,-0.147294240198162,H1,678.639095132353,AX,163.398905592249,L1,2.1365152545415,L2,0.69691512895...
setting magnet DAC
current  : 5.879803
requested: 5.880837
Delta Dac: 0.001034
Checking detector protection. dv=0.00103
Checking detector "CDD". Protection Threshold: 0.1 (V)
SetMagnetDAC 5.88083710137 ===>> OK
Magnet settling time: 1.049
GetData ===>> H2,-0.12488959888231,H1,678.305824857438,AX,163.514103673861,L1,2.12663084400149,L2,0.67710384110...
setting magnet DAC
current  : 5.880837
requested: 5.881872
Delta Dac: 0.001034
Checking detector protection. dv=0.00103
Checking detector "CDD". Protection Threshold: 0.1 (V)
SetMagnetDAC 5.88187158413 ===>> OK
Magnet settling time: 1.049
GetData ===>> H2,-0.128361391412392,H1,677.882180024012,AX,163.132343735533,L1,2.17603740542639,L2,0.7922355349...
setting magnet DAC
current  : 5.881872
requested: 5.882906
Delta Dac: 0.001034
Checking detector protection. dv=0.00103
Checking detector "CDD". Protection Threshold: 0.1 (V)
SetMagnetDAC 5.88290606689 ===>> OK
Magnet settling time: 1.049
GetData ===>> H2,-0.206787132880129,H1,676.231772797077,AX,162.723441062354,L1,2.21502135404095,L2,0.6470176990...
setting magnet DAC
current  : 5.882906
requested: 5.883941
Delta Dac: 0.001034
Checking detector protection. dv=0.00103
Checking detector "CDD". Protection Threshold: 0.1 (V)
SetMagnetDAC 5.88394054965 ===>> OK
Magnet settling time: 1.049
GetData ===>> H2,-0.136741771263587,H1,671.746141305767,AX,160.775448738466,L1,2.19822490863216,L2,0.6979206551...
setting magnet DAC
current  : 5.883941
requested: 5.884975
Delta Dac: 0.001034
Checking detector protection. dv=0.00103
Checking detector "CDD". Protection Threshold: 0.1 (V)
SetMagnetDAC 5.88497503241 ===>> OK
Magnet settling time: 1.049
GetData ===>> H2,-0.109946614356406,H1,657.389069838551,AX,154.251698739576,L1,2.11461097918095,L2,0.6608831091...
setting magnet DAC
current  : 5.884975
requested: 5.886010
Delta Dac: 0.001034
Checking detector protection. dv=0.00103
Checking detector "CDD". Protection Threshold: 0.1 (V)
SetMagnetDAC 5.88600951517 ===>> OK
Magnet settling time: 1.049
GetData ===>> H2,-0.182267677617872,H1,582.721219982319,AX,124.850818359655,L1,1.72993479593004,L2,0.2718306698...
setting magnet DAC
current  : 5.886010
requested: 5.887044
Delta Dac: 0.001034
Checking detector protection. dv=0.00103
Checking detector "CDD". Protection Threshold: 0.1 (V)
SetMagnetDAC 5.88704399793 ===>> OK
Magnet settling time: 1.049
GetData ===>> H2,-0.132810438596637,H1,444.729534726342,AX,83.7581672765131,L1,1.3023574942278,L2,0.13569002266...
setting magnet DAC
current  : 5.887044
requested: 5.888078
Delta Dac: 0.001034
Checking detector protection. dv=0.00103
Checking detector "CDD". Protection Threshold: 0.1 (V)
SetMagnetDAC 5.88807848068 ===>> OK
Magnet settling time: 1.049
GetData ===>> H2,-0.149898443804881,H1,270.408986238548,AX,43.7052749886778,L1,0.918100622184346,L2,-0.03620312...
setting magnet DAC
current  : 5.888078
requested: 5.889113
Delta Dac: 0.001034
Checking detector protection. dv=0.00103
Checking detector "CDD". Protection Threshold: 0.1 (V)
SetMagnetDAC 5.88911296344 ===>> OK
Magnet settling time: 1.049
GetData ===>> H2,-0.06101030685889,H1,127.051051831556,AX,17.4065725740607,L1,0.581738771474115,L2,0.1305132256...
setting magnet DAC
current  : 5.889113
requested: 5.890147
Delta Dac: 0.001034
Checking detector protection. dv=0.00103
Checking detector "CDD". Protection Threshold: 0.1 (V)
SetMagnetDAC 5.8901474462 ===>> OK
Magnet settling time: 1.049
GetData ===>> H2,-0.212421084279652,H1,45.2353643205009,AX,4.94900884536685,L1,0.350393129411815,L2,-0.18445739...
setting magnet DAC
current  : 5.890147
requested: 5.891182
Delta Dac: 0.001034
Checking detector protection. dv=0.00103
Checking detector "CDD". Protection Threshold: 0.1 (V)
SetMagnetDAC 5.89118192896 ===>> OK
Magnet settling time: 1.049
GetData ===>> H2,-0.115626290963429,H1,12.986378381986,AX,0.950299739327462,L1,0.201367278795947,L2,0.140296923...
setting magnet DAC
current  : 5.891182
requested: 5.892216
Delta Dac: 0.001034
Checking detector protection. dv=0.00103
Checking detector "CDD". Protection Threshold: 0.1 (V)
SetMagnetDAC 5.89221641172 ===>> OK
Magnet settling time: 1.049
GetData ===>> H2,-0.113190171296715,H1,3.1159961625536,AX,0.0821897681501618,L1,0.101339331481115,L2,-0.1491982...
setting magnet DAC
current  : 5.892216
requested: 5.893251
Delta Dac: 0.001034
Checking detector protection. dv=0.00103
Checking detector "CDD". Protection Threshold: 0.1 (V)
SetMagnetDAC 5.89325089448 ===>> OK
Magnet settling time: 1.049
GetData ===>> H2,-0.203194057056566,H1,0.615359898182422,AX,-0.140233148797712,L1,0.0396366357007811,L2,-0.0081...
setting magnet DAC
current  : 5.893251
requested: 5.894285
Delta Dac: 0.001034
Checking detector protection. dv=0.00103
Checking detector "CDD". Protection Threshold: 0.1 (V)
SetMagnetDAC 5.89428537724 ===>> OK
Magnet settling time: 1.049
GetData ===>> H2,-0.252802979048612,H1,0.130512019890206,AX,-0.146140846976665,L1,-0.0148937625156975,L2,0.0305...
result of _do_sweep=True
result of _calculate_peak_center=([5.8715899864542695, 5.8791050165143899, 5.8866200465745102], [503.02710358330273, 678.6355141920825, 501.28123740137573], 5.8797963992799209, 678.6355141920825)
Failed to find a valid peak. No peak greater than 1.0. max = 0.0988281648381
new center pos Detector(H1) (Ar40) @ 5.87910501651
GetHighVoltage ===>> 4499.94659342336
GetDeflection H1 ===>> 0
dac uncorrected for HV and deflection 5.87913963822
update mftable H1 Ar40 5.87913963822 message=automated run peakcenter
get initial guess parabolic
get initial guess parabolic
get initial guess parabolic
get initial guess parabolic
get initial guess parabolic
get initial guess parabolic
dump mftable to /Users/jan/PychronDev/setupfiles/spectrometer/mftables/mftable.csv
add to repo msg=modified - automated run peakcenter
sweep finished
locally archiving mftable
setting magnet DAC
current  : 5.894285
requested: 5.879105
Delta Dac: 0.015180
Checking detector protection. dv=0.01518
Checking detector "CDD". Protection Threshold: 0.1 (V)
SetMagnetDAC 5.87910501651 ===>> OK
Magnet settling time: 0.500
setting integration time = 1.048576
SetIntegrationTime 1.048576 ===>> OK
Failed to find a valid peak. No peak greater than 1.0. max = 0.0988281648381
flush and close file /Users/jan/PychronDev/data/isotopes/32/391e02-b711-472b-9604-82206736f186.h5
finished measure script
executed snippet estimated_duration=226.132928, duration=273.036998034
jan_unknown120_60.py completed successfully
Measurement Finished
07:34:52 -- ******* Measurement Finished *******
Post Measurement Started jan_pump_ms.py
07:34:52 -- ******* Post Measurement Started jan_pump_ms.py *******
testing...
no interpolation path defined
executed snippet estimated_duration=0, duration=2.78949737549e-05
Pumping spectrometer
open () {'name': 'O'}
opening name=O desc=---
checking ownership. requestor=129.138.12.150
check software interlocks O
interlocks []
actuate state mode=None-script, software_lock=False
doing actuation None-script open_channel True
Open O ===>> OK
GetIndicatorState O ===>> OK
change switch state (True, True)
update switch state O True args=() kw={} ncanvase=2
07:34:52 -- OPEN   VALVE-O (Jan Ion Pump)
---------------------------------------- open O () result=[(True, True)], time=0.13 sec
action=open, ok=True, locked=[False]
executed snippet estimated_duration=0, duration=0.386070966721
jan_pump_ms.py completed successfully
setting _ms_pumptime
Post Measurement Finished
07:34:52 -- ******* Post Measurement Finished *******
$$$$$$$$$$$$$$$$$$$$ state at run end measurement
state changed from measurement to success
post measurement save measured=True aborted=False
Set filtering
setting fod for Ar40= {'filter_outliers': True, 'std_devs': 2, 'iterations': 1}
setting fod for H1= {'filter_outliers': True, 'std_devs': 2, 'iterations': 1}
setting fod for PM41= {'filter_outliers': False, 'std_devs': 2, 'iterations': 1}
setting fod for H2= {'filter_outliers': True, 'std_devs': 2, 'iterations': 1}
setting fod for Ar36= {'filter_outliers': True, 'std_devs': 2, 'iterations': 1}
setting fod for CDD= {'filter_outliers': True, 'std_devs': 10, 'iterations': 1}
setting fod for Ar37= {'filter_outliers': True, 'std_devs': 2, 'iterations': 1}
setting fod for L2= {'filter_outliers': True, 'std_devs': 2, 'iterations': 1}
setting fod for Ar38= {'filter_outliers': True, 'std_devs': 2, 'iterations': 1}
setting fod for L1= {'filter_outliers': True, 'std_devs': 2, 'iterations': 1}
setting fod for Ar39= {'filter_outliers': True, 'std_devs': 2, 'iterations': 1}
setting fod for AX= {'filter_outliers': True, 'std_devs': 2, 'iterations': 1}
persistence save...
persistence save - db
post measurement save
7253755664 connecting to database sqlite:////Users/jan/PychronDev/.appdata/local_lab.db
connected to db sqlite:////Users/jan/PychronDev/.appdata/local_lab.db
create new session 7253755664
close session 7253755664
No database instance. Not saving post measurement to isotopedb database
$$$$$$$$$$$$$$$ auto_save_detector_ic=False
massspec enabled True
create new session 4985539184
MassSpec Database Version: 16.0
close session 4985539184
saving post measurement to secondary database
saving to massspec database 129.138.12.160/massspecdata
setting labnumber to 65580
setting aliquot to 26
setting step to 
setting uuid to 32391e02-b711-472b-9604-82206736f186
setting irradpos to 65580
setting extract_device to Fusions CO2
setting tray to 
setting position to 214
setting power_requested to 5.0
setting extract_value to 5.0
setting duration to 30.0
setting duration_at_request to 30.0
setting first_stage_delay to 30.0
setting cleanup to 30.0
setting comment to O:3 with inclusions
setting irradiation to NM-289
setting level to O
setting irradiation_level to O
setting sample to Bw-2014-12 W
setting material to Sanidine
setting project to Bustos Wells
setting mass_spectrometer to Jan
no attribute chron_dosages
no attribute production_ratios
no attribute interference_corrections
no attribute production_name
no attribute j
Reference Isotope=Ar40
Reference Detector=H1
%%%%%%%%%%%%%%%%%%%% Comment: O:3 with inclusions %%%%%%%%%%%%%%%%%%%
adding isotope PM41 H2
add baseline dbdet= PM41. original det= H2
get baseline data PM41 H2
Get data baseline <pychron.processing.isotope.Baseline object at 0x1998f4850> len t=60
baseline PM41. v=-0.186246360662, e=0.00774342652653
get signal data PM41 H2
Get data signal PM41 0.06+/-0.07 len t=120
adding isotope Ar40 H1
add baseline dbdet= Ar40. original det= H1
get baseline data Ar40 H1
Get data baseline <pychron.processing.isotope.Baseline object at 0x1998f4250> len t=60
baseline Ar40. v=-0.0236696432435, e=0.00567444210375
get signal data Ar40 H1
Get data signal Ar40 745.21+/-0.05 len t=120
adding isotope Ar39 AX
add baseline dbdet= Ar39. original det= AX
get baseline data Ar39 AX
Get data baseline <pychron.processing.isotope.Baseline object at 0x18ec3b3d0> len t=60
baseline Ar39. v=-0.0817794857127, e=0.00669066853089
get signal data Ar39 AX
Get data signal Ar39 180.193+/-0.026 len t=120
adding isotope Ar38 L1
add baseline dbdet= Ar38. original det= L1
get baseline data Ar38 L1
Get data baseline <pychron.processing.isotope.Baseline object at 0x18ec3b410> len t=60
baseline Ar38. v=-0.0253262169558, e=0.00317007702191
get signal data Ar38 L1
Get data signal Ar38 2.432+/-0.004 len t=120
adding isotope Ar37 L2
add baseline dbdet= Ar37. original det= L2
get baseline data Ar37 L2
Get data baseline <pychron.processing.isotope.Baseline object at 0x18ec3b5d0> len t=60
baseline Ar37. v=-0.0211490680804, e=0.00628823728639
get signal data Ar37 L2
Get data signal Ar37 0.756+/-0.010 len t=120
adding isotope Ar36 CDD
add baseline dbdet= Ar36. original det= CDD
get baseline data Ar36 CDD
Get data baseline <pychron.processing.isotope.Baseline object at 0x14dcab550> len t=60
baseline Ar36. v=0.00019352503655, e=1.94772882428e-05
get signal data Ar36 CDD
Get data signal Ar36 0.1005+/-0.0008 len t=120
65580-26 added analysis time 0.544377803802s
analysis added to mass spec database
mass spec save time= 0.556
persistence save - dvc
================= post measurement started
create new session 4989601072
close session 4989601072
---------------- Experiment Queue saving disabled
DVC saving peakcenter
Failed to find a valid peak. No peak greater than 1.0. max = 0.0988281648381
Smart pull ahead: 0 behind: 0
Up-to-date with origin
add to repo msg=modified - ad8224ebc6dbfeb9f5997218dfa5fe690569839d.json
add to repo msg=modified - 80-26.json
add to repo msg=modified - 80-26.dat.json
add to repo msg=modified - 80-26.blan.json
add to repo msg=modified - 80-26.inte.json
add to repo msg=modified - 80-26.icfa.json
add to repo msg=modified - 80-26.base.json
not at valid file /Users/jan/PychronDev/data/.dvc/repositories/Load1789/655/tags/80-26.tags.json
add to repo msg=modified - 80-26.peak.json
add to repo msg=modified - 80-26.extr.json
not at valid file /Users/jan/PychronDev/data/.dvc/repositories/Load1789/655/monitor/80-26.moni.json
commit message=<COLLECTION>
add to repo msg=modified - 80-26.inte.json
add to repo msg=modified - 80-26.base.json
commit message=<ISOEVO> default collection fits
add to repo msg=modified - 80-26.blan.json
commit message=<BLANKS> preceding bc-02-J-361
add to repo msg=modified - 80-26.icfa.json
commit message=<ICFactor> default
push repository <pychron.git_archive.repo_manager.GitRepoManager object at 0x10874ab30>
pushing to remote=origin, url=https://github.com
no changes to meta repo
create new session 4989601072
add association Load1789
get identifier "65580"
setting analysis irradiation position=<pychron.dvc.dvc_orm.IrradiationPositionTbl object at 0x1899fd590>
close session 4989601072
================= post measurement finished
07:35:08 -- ******* Post Run Check *******
loading queue conditionals post_run_actions
loading system conditionals post_run_actions
loading conditionals from /Users/jan/PychronDev/setupfiles/spectrometer/default_conditionals.yaml
loading queue conditionals post_run_terminations
loading system conditionals post_run_terminations
loading conditionals from /Users/jan/PychronDev/setupfiles/spectrometer/default_conditionals.yaml
Checking default post run terminations n=1
GetDeflection CDD ===>> 50
testing CDD==2000
evaluate ot="CDD.deflection==2000" t="CDD==2000", ctx="{'CDD': 50.0}"
07:35:08 -- ******* Post Run Check Passed *******
07:35:08 -- Automated run 65580-26 success duration: 367.562 s
----------------- finish -----------------
----------------- stop -----------------
retroactive repository identifiers disabled
finish run. runs completed=159
update duration runid=65580-26, duration=367.561999083, md5=301e91d8
loading script "jan_unknown120_60.py"
loading script "jan_pump_ms.py"
loading script "jan_co2.py"
loading script "jan_pump_extraction_line.py"
testing...
no interpolation path defined
executed snippet estimated_duration=213.652928, duration=0.00019907951355
script duration name:unknown120_60 seconds:214.0
loading script "jan_unknown120_60.py"
loading script "jan_pump_ms.py"
loading script "jan_co2.py"
loading script "jan_pump_extraction_line.py"
testing...
no interpolation path defined
executed snippet estimated_duration=0, duration=3.00407409668e-05
loading script "jan_unknown120_60.py"
loading script "jan_pump_ms.py"
loading script "jan_co2.py"
loading script "jan_pump_extraction_line.py"
testing...
no interpolation path defined
calculate duration
testing...
no interpolation path defined
executed snippet estimated_duration=0, duration=5.41210174561e-05
calculate duration
testing...
no interpolation path defined
executed snippet estimated_duration=0, duration=0.000109910964966
executed snippet estimated_duration=0.0, duration=0.00385808944702
script duration name:co2 seconds:0.0
loading script "jan_unknown120_60.py"
loading script "jan_pump_ms.py"
loading script "jan_co2.py"
loading script "jan_pump_extraction_line.py"
testing...
no interpolation path defined
calculate duration
testing...
no interpolation path defined
executed snippet estimated_duration=4.0, duration=0.000218868255615
executed snippet estimated_duration=4.0, duration=0.00236201286316
Script duration 214.0
Run total estimated duration= 215.000
unknown120_60 in script context. using previous estimated duration
script duration name:unknown120_60 seconds:214.0
pump_ms in script context. using previous estimated duration
co2 in script context. using previous estimated duration
script duration name:co2 seconds:0.0
pump_extraction_line in script context. using previous estimated duration
Script duration 214.0
Run total estimated duration= 215.000
script duration name:unknown120_60 seconds:214.0
script duration name:co2 seconds:0.0
Script duration 214.0
Run total estimated duration= 215.000
script duration name:unknown120_60 seconds:214.0
script duration name:co2 seconds:0.0
Script duration 214.0
Run total estimated duration= 215.000
script duration name:unknown120_60 seconds:214.0
script duration name:co2 seconds:0.0
Script duration 214.0
Run total estimated duration= 215.000
loading script "jan_unknown400_120.py"
loading script "jan_pump_ms.py"
loading script "jan_co2.py"
loading script "jan_pump_extraction_line.py"
testing...
no interpolation path defined
executed snippet estimated_duration=556.052928, duration=0.000238180160522
script duration name:unknown400_120 seconds:556.0
script duration name:co2 seconds:0.0
Script duration 556.0
Run total estimated duration= 557.000
nruns=6 before=5.0, run_dur=1632.0, btw=225.0
write rem/ex queues
/Users/jan/PychronDev/experiments/rem/CurrentExperiment.rem.txt
/Users/jan/PychronDev/experiments/rem/CurrentExperiment.ex.txt
doing event level: 3
