do run
loading script "jan_unknown120_60.py"
loading script "jan_pump_ms.py"
loading script "jan_co2.py"
loading script "jan_pump_extraction_line.py"
testing...
no interpolation path defined
executed snippet estimated_duration=213.652928, duration=0.000174999237061
script duration name:unknown120_60 seconds:214.0
loading script "jan_unknown120_60.py"
loading script "jan_pump_ms.py"
loading script "jan_co2.py"
loading script "jan_pump_extraction_line.py"
testing...
no interpolation path defined
executed snippet estimated_duration=0, duration=1.90734863281e-05
loading script "jan_unknown120_60.py"
loading script "jan_pump_ms.py"
loading script "jan_co2.py"
loading script "jan_pump_extraction_line.py"
testing...
no interpolation path defined
calculate duration
testing...
no interpolation path defined
executed snippet estimated_duration=0, duration=4.41074371338e-05
calculate duration
testing...
no interpolation path defined
executed snippet estimated_duration=0, duration=7.00950622559e-05
executed snippet estimated_duration=0.0, duration=0.00179815292358
script duration name:co2 seconds:0.0
loading script "jan_unknown120_60.py"
loading script "jan_pump_ms.py"
loading script "jan_co2.py"
loading script "jan_pump_extraction_line.py"
testing...
no interpolation path defined
calculate duration
testing...
no interpolation path defined
executed snippet estimated_duration=4.0, duration=0.000110864639282
executed snippet estimated_duration=4.0, duration=0.00106596946716
Script duration 214.0
Run total estimated duration= 215.000
run duration: 0:03:35
doing event level: 2
06:47:10 -- Setting default integration. t=1.048576
setting integration time = 1.048576
SetIntegrationTime 1.048576 ===>> OK
----------------- start -----------------
**************** Experiment Type: Ar/Ar, Ar/Ar
create new session 4436069840
close session 4436069840
$$$$$ Clearing conditionals
adding conditionals 
Add queue conditionals
add default conditionals
adding default conditionals from /Users/jan/PychronDev/setupfiles/spectrometer/default_conditionals.yaml
Start automated run 65580-20
loading script "jan_unknown120_60.py"
loading script "jan_pump_ms.py"
loading script "jan_co2.py"
loading script "jan_pump_extraction_line.py"
%%%%%%%%%%%%%%%%%% setting automated run 65580-20
No value "sensitivity_multiplier" in metadata
$$$$$$$$$$$$$$$ auto_save_detector_ic=False
============================= Pre Extraction Check =============================
loading queue conditionals pre_run_terminations
loading system conditionals pre_run_terminations
loading conditionals from /Users/jan/PychronDev/setupfiles/spectrometer/default_conditionals.yaml
06:47:10 -- ******* Pre Extraction Check *******
Get a measurement from the spectrometer
GetData ===>> H2,-0.21126003555889,H1,0.0077155048362922,AX,-0.0141399193580002,L1,0.0127526098487253,L2,0.1581...
Pre Extraction Termination data. keys=H2,H1,AX,L1,L2,CDD, signals=-0.21126,0.00772,-0.01414,0.01275,0.15816,0.00402
06:47:10 -- testing system defined conditionals
Checking default pre extraction terminations n=2
testing CDD
evaluate ot="CDD.inactive" t="CDD", ctx="{'CDD': False}"
GetDeflection CDD ===>> 50
testing CDD==2000
evaluate ot="CDD.deflection==2000" t="CDD==2000", ctx="{'CDD': 50.0}"
06:47:10 -- ******* Pre Extraction Check Passed *******
=================================================================================
06:47:10 -- stopping status monitor
stop 4982387056
Alive clients [4989850544]
06:47:10 -- starting status monitor
start 4982387056
Monitor already running
start extraction
do extraction
Analysis started at 06:47:10.105645
Extraction Started jan_co2.py
06:47:10 -- ******* Extraction Started jan_co2.py *******
state changed from not run to extraction
DO EXTRACTION <pychron.extraction_line.pyscript_runner.RemotePyScriptRunner object at 0x12c299590>
testing...
no interpolation path defined
calculate duration
testing...
no interpolation path defined
executed snippet estimated_duration=0, duration=4.6968460083e-05
calculate duration
testing...
no interpolation path defined
executed snippet estimated_duration=0, duration=9.60826873779e-05
executed snippet estimated_duration=100.0, duration=0.00290203094482
Jan CO2 laser analysis
doing GOSUB
testing...
no interpolation path defined
executed snippet estimated_duration=0, duration=4.60147857666e-05
Waiting for CO2 access
wait ('FelixCO2Flag', 0) {}
waiting for FelixCO2Flag = 0
Read FelixCO2Flag ===>> 0
finished waiting
CO2 free
wait ('CO2PumpTimeFlag', 0) {}
waiting for CO2PumpTimeFlag = 0
Read CO2PumpTimeFlag ===>> 0
finished waiting
acquire ('JanCO2Flag',) {'clear': True}
acquire JanCO2Flag
Set JanCO2Flag 1 ===>> OK
JanCO2Flag acquired
set extraction state False (0.75, 'red', 1.5)
CO2 acquired
executed snippet estimated_duration=0, duration=0.0155980587006
WaitForCO2Access.py completed successfully
gosub finished
doing GOSUB
testing...
no interpolation path defined
executed snippet estimated_duration=0, duration=9.10758972168e-05
Prepare for CO2 analysis
close () {'description': 'Jan Inlet'}
closing name=--- desc=Jan Inlet
checking ownership. requestor=129.138.12.150
check software interlocks R
interlocks []
actuate state mode=None-script, software_lock=False
doing actuation None-script close_channel False
Close R ===>> OK
GetIndicatorState R ===>> False
change switch state (True, True)
update switch state R False args=() kw={} ncanvase=2
06:47:10 -- CLOSE  VALVE-R (Jan Inlet)
---------------------------------------- close None (Jan Inlet) result=[(True, True)]
action=close, ok=True, locked=[False]
open () {'description': 'Jan Ion Pump'}
opening name=--- desc=Jan Ion Pump
checking ownership. requestor=129.138.12.150
check software interlocks O
interlocks []
actuate state mode=None-script, software_lock=False
doing actuation None-script open_channel False
Open O ===>> OK
GetIndicatorState O ===>> OK
change switch state (True, True)
update switch state O True args=() kw={} ncanvase=2
06:47:10 -- OPEN   VALVE-O (Jan Ion Pump)
---------------------------------------- open None (Jan Ion Pump) result=[(True, True)], time=0.11 sec
action=open, ok=True, locked=[False]
close () {'description': 'Microbone to Minibone'}
closing name=--- desc=Microbone to Minibone
checking ownership. requestor=129.138.12.150
check software interlocks L
interlocks []
actuate state mode=None-script, software_lock=False
doing actuation None-script close_channel False
Close L ===>> OK
GetIndicatorState L ===>> False
change switch state (True, True)
update switch state L False args=() kw={} ncanvase=2
06:47:11 -- CLOSE  VALVE-L (Microbone to Minibone)
---------------------------------------- close None (Microbone to Minibone) result=[(True, True)]
action=close, ok=True, locked=[False]
open () {'description': 'Microbone to Turbo'}
opening name=--- desc=Microbone to Turbo
checking ownership. requestor=129.138.12.150
check software interlocks U
interlocks []
actuate state mode=None-script, software_lock=False
doing actuation None-script open_channel False
Open U ===>> OK
GetIndicatorState U ===>> OK
change switch state (True, True)
update switch state U True args=() kw={} ncanvase=2
06:47:12 -- OPEN   VALVE-U (Microbone to Turbo)
---------------------------------------- open None (Microbone to Turbo) result=[(True, True)], time=0.14 sec
action=open, ok=True, locked=[False]
open () {'description': 'Microbone to Inlet Pipette'}
opening name=--- desc=Microbone to Inlet Pipette
checking ownership. requestor=129.138.12.150
check software interlocks S
interlocks []
actuate state mode=None-script, software_lock=False
doing actuation None-script open_channel False
Open S ===>> OK
GetIndicatorState S ===>> OK
change switch state (True, True)
update switch state S True args=() kw={} ncanvase=2
06:47:12 -- OPEN   VALVE-S (Microbone to Inlet Pipette)
---------------------------------------- open None (Microbone to Inlet Pipette) result=[(True, True)], time=0.44 sec
action=open, ok=True, locked=[False]
open () {'description': 'Microbone to Getter D-50'}
opening name=--- desc=Microbone to Getter D-50
checking ownership. requestor=129.138.12.150
check software interlocks K
interlocks []
actuate state mode=None-script, software_lock=False
doing actuation None-script open_channel False
Open K ===>> OK
GetIndicatorState K ===>> OK
change switch state (True, True)
update switch state K True args=() kw={} ncanvase=2
06:47:13 -- OPEN   VALVE-K (Microbone to Getter D-50)
---------------------------------------- open None (Microbone to Getter D-50) result=[(True, True)], time=0.43 sec
action=open, ok=True, locked=[False]
open () {'description': 'Microbone to Getter NP-10'}
opening name=--- desc=Microbone to Getter NP-10
checking ownership. requestor=129.138.12.150
check software interlocks M
interlocks []
actuate state mode=None-script, software_lock=False
doing actuation None-script open_channel False
Open M ===>> OK
GetIndicatorState M ===>> OK
change switch state (True, True)
update switch state M True args=() kw={} ncanvase=2
06:47:13 -- OPEN   VALVE-M (Microbone to Getter NP-10)
---------------------------------------- open None (Microbone to Getter NP-10) result=[(True, True)], time=0.14 sec
action=open, ok=True, locked=[False]
close () {'description': 'CO2 Laser to Felix'}
closing name=--- desc=CO2 Laser to Felix
checking ownership. requestor=129.138.12.150
check software interlocks F
interlocks []
actuate state mode=None-script, software_lock=True
VALVE-F(CO2 Laser to Felix) software locked
change switch state (True, False)
---------------------------------------- close None (CO2 Laser to Felix) result=[(True, False)]
action=close, ok=True, locked=[True]
open () {'description': 'CO2 Laser to Jan'}
opening name=--- desc=CO2 Laser to Jan
checking ownership. requestor=129.138.12.150
check software interlocks A
interlocks []
actuate state mode=None-script, software_lock=False
doing actuation None-script open_channel False
Open A ===>> OK
GetIndicatorState A ===>> OK
change switch state (True, True)
update switch state A True args=() kw={} ncanvase=2
06:47:14 -- OPEN   VALVE-A (CO2 Laser to Jan)
---------------------------------------- open None (CO2 Laser to Jan) result=[(True, True)], time=0.12 sec
action=open, ok=True, locked=[False]
open () {'description': 'Microbone to CO2 Laser'}
opening name=--- desc=Microbone to CO2 Laser
checking ownership. requestor=129.138.12.150
check software interlocks T
interlocks []
actuate state mode=None-script, software_lock=False
doing actuation None-script open_channel False
Open T ===>> OK
GetIndicatorState T ===>> OK
change switch state (True, True)
update switch state T True args=() kw={} ncanvase=2
06:47:14 -- OPEN   VALVE-T (Microbone to CO2 Laser)
---------------------------------------- open None (Microbone to CO2 Laser) result=[(True, True)], time=0.44 sec
action=open, ok=True, locked=[False]
executed snippet estimated_duration=0, duration=4.99330997467
PrepareForCO2Analysis.py completed successfully
gosub finished
set_motor ('beam', '1.25') {}
setting motor "beam" to 1.25
set motor beam to 1.25
SetMotor beam,1.25 ===>> OK
GetMotorMoving beam ===>> False
GetMotorMoving beam ===>> False
Block completed
move_to_position ('208',) {'autocenter': True}
FusionsCO2 move to position 208
sending GoToHole 208,True
GoToHole 208,True ===>> OK
GetDriveMoving ===>> OK
GetDriveMoving ===>> OK
GetDriveMoving ===>> OK
GetDriveMoving ===>> OK
GetDriveMoving ===>> OK
GetDriveMoving ===>> OK
GetDriveMoving ===>> OK
GetDriveMoving ===>> OK
GetDriveMoving ===>> OK
GetDriveMoving ===>> OK
GetDriveMoving ===>> OK
GetDriveMoving ===>> OK
GetDriveMoving ===>> OK
GetDriveMoving ===>> OK
GetDriveMoving ===>> OK
GetDriveMoving ===>> OK
GetDriveMoving ===>> OK
GetDriveMoving ===>> OK
GetDriveMoving ===>> OK
GetDriveMoving ===>> OK
GetDriveMoving ===>> OK
GetDriveMoving ===>> OK
GetDriveMoving ===>> OK
GetDriveMoving ===>> OK
GetDriveMoving ===>> OK
GetDriveMoving ===>> OK
GetDriveMoving ===>> OK
GetDriveMoving ===>> OK
GetDriveMoving ===>> OK
GetDriveMoving ===>> OK
GetDriveMoving ===>> False
GetDriveMoving ===>> False
Block completed
GetAutoCorrecting ===>> OK
GetAutoCorrecting ===>> OK
GetAutoCorrecting ===>> OK
GetAutoCorrecting ===>> False
GetAutoCorrecting ===>> False
Block completed
update position
GetPosition ===>> -7.97560,-13.95730,1.00000
got position (-7.9756, -13.9573, 1.0)
move to position succeeded
sleep (5,) {}
SLEEP 5.0
block started
WaitControl setup for 5.0  
Join finished
block finished. duration 5.02296185493
close () {'description': 'Microbone to Turbo'}
closing name=--- desc=Microbone to Turbo
checking ownership. requestor=129.138.12.150
check software interlocks U
interlocks []
actuate state mode=None-script, software_lock=False
doing actuation None-script close_channel True
Close U ===>> OK
GetIndicatorState U ===>> False
change switch state (True, True)
update switch state U False args=() kw={} ncanvase=2
06:47:32 -- CLOSE  VALVE-U (Microbone to Turbo)
---------------------------------------- close None (Microbone to Turbo) result=[(True, True)]
action=close, ok=True, locked=[False]
enable laser
enable () {}
set extraction state FusionsCO2 Enabled (False, 'red', 1.5)
enabling laser
Enable ===>> OK
begin interval
BEGIN INTERVAL Interval 1 waiting for 30.0
block started
set extract to 5.0
WaitControl setup for 30.0  
extract (5.0,) {}
GetPosition ===>> -7.97560,-13.95730,1.00000
set extraction state FusionsCO2 ON! 5.0(watts) (0.75, 'red', 1.5)
extract sample to 5.0 (watts)
set laser output
SetLaserOutput 5.0,watts ===>> OK
executing pattern triangle.lp
execute_pattern ('triangle.lp',) {}
executing pattern triangle.lp
IsPatterning ===>> OK
IsPatterning ===>> OK
IsPatterning ===>> OK
IsPatterning ===>> OK
IsPatterning ===>> OK
IsPatterning ===>> OK
IsPatterning ===>> OK
IsPatterning ===>> OK
IsPatterning ===>> OK
IsPatterning ===>> OK
IsPatterning ===>> OK
IsPatterning ===>> OK
IsPatterning ===>> OK
IsPatterning ===>> OK
IsPatterning ===>> OK
IsPatterning ===>> OK
IsPatterning ===>> OK
IsPatterning ===>> OK
IsPatterning ===>> OK
IsPatterning ===>> OK
IsPatterning ===>> OK
IsPatterning ===>> OK
IsPatterning ===>> OK
IsPatterning ===>> OK
IsPatterning ===>> OK
IsPatterning ===>> OK
IsPatterning ===>> False
IsPatterning ===>> False
Block completed
COMPLETE INTERVAL waiting for Interval 1 to complete
Join finished
block finished. duration 30.1342158318
Interval 1 finished
end_extract () {}
ending extraction. set laser power to 0
set laser power 0
SetLaserPower 0 ===>> OK
disable () {}
%%%%%%%%%%%%%%%%%%%%%%%%%%%%%%%%%%% disable
set extraction state False (0.75, 'red', 1.5)
disabling laser
Disable ===>> OK
sleep (30.0,) {}
SLEEP 30.0
block started
WaitControl setup for 30.0  
Join finished
block finished. duration 30.1129150391
executed snippet estimated_duration=166.5, duration=83.7793009281
jan_co2.py completed successfully
GetAchievedOutput ===>> No Response
Requested Output= 0.000
Achieved Output=  0.000
GetResponseBlob ===>> No Response
GetOutputBlob ===>> No Response
persistence save...
persistence save - db
AutomatedRunPersister post_extraction_save deprecated
persistence save - dvc
no extraction position for 208
create new session 4989601072
close session 4989601072
Extraction Finished
06:48:33 -- ******* Extraction Finished *******
no overlap. not waiting for min ms pumptime
06:48:33 -- Sending spectrometer configuration
======== Sending configuration ========
SetDeflection CDD,50.0 ===>> OK
SetDeflection H2,0.0 ===>> OK
SetDeflection H1,0.0 ===>> OK
SetDeflection L2,825.0 ===>> OK
SetDeflection L1,400.0 ===>> OK
SetDeflection AX,190.0 ===>> OK
SetZFocus 74.64 ===>> OK
SetZSymmetry -50.72 ===>> OK
SetExtractionLens 26.13 ===>> OK
SetIonRepeller -3.81 ===>> OK
SetElectronEnergy 75.08 ===>> OK
SetYSymmetry -2.81 ===>> OK
SetIonCounterVoltage 1590.0 ===>> OK
send trap current 200.0
GetParameter Trap Current Readback ===>> 198.035158395898
SetParameter Trap Current Set,200.0 ===>> OK
updating mftable name mftable
Using mftable located at /Users/jan/PychronDev/setupfiles/spectrometer/mftables/mftable.csv
============ MFtable ===========
Isotope  H2     H1     AX     L1     L2     CDD    
Ar40     5.8074 5.8791 5.9924 6.1473 6.2308 6.3755
Ar39     5.7066 5.7713 5.8848 6.0333 6.1159 6.2620
Ar36     5.3841 5.4404 5.5481 5.6922 5.7709 5.9131
================================
get initial guess parabolic
get initial guess parabolic
get initial guess parabolic
get initial guess parabolic
get initial guess parabolic
get initial guess parabolic
======== Configuration Finished ========
GetYSymmetry ===>> -2.81
GetZSymmetry ===>> -50.72
GetParameter Trap Current Readback ===>> 197.587621314778
GetHighVoltage ===>> 4499.94659342336
start measurement
do measurement
L#=65580 analysis type=unknown
Measurement Started jan_unknown120_60.py
06:48:34 -- ******* Measurement Started jan_unknown120_60.py *******
state changed from extraction to measurement
setting spec, defl, and gains
GetExtractionLens ===>> 26.13
GetYSymmetry ===>> -2.81
GetZSymmetry ===>> -50.72
GetZFocus ===>> 74.64
GetDeflection H2 ===>> 0
GetDeflection H1 ===>> 0
GetDeflection AX ===>> 190
GetDeflection L1 ===>> 400
GetDeflection L2 ===>> 825
GetDeflection CDD ===>> 50
GetGain H2 ===>> 0.0113
GetGain H1 ===>> 0.1
GetGain AX ===>> 0.097049
GetGain L1 ===>> 0.010355
GetGain L2 ===>> 0.095649
GetGain CDD ===>> 0
pre measurement save
New frame /Users/jan/PychronDev/data/isotopes/26/3a1dbe-dd64-42ab-8f86-0ad51305606d.h5
flush and close file /Users/jan/PychronDev/data/isotopes/26/3a1dbe-dd64-42ab-8f86-0ad51305606d.h5
testing...
no interpolation path defined
executed snippet estimated_duration=226.132928, duration=0.000180959701538
unknown measurement script
activate_detectors ('H2', 'H1', 'AX', 'L1', 'L2', 'CDD') {}
activate detectors
*************** Set Analysis View Ar/Ar
create graphs
clearing graphs
clear isotope group
setting isotope det=H2, iso=PM41
setting isotope det=H1, iso=Ar40
setting isotope det=AX, iso=Ar39
setting isotope det=L1, iso=Ar38
setting isotope det=L2, iso=Ar37
setting isotope det=CDD, iso=Ar36
setting previous blanks
 - setting Ar40 blank 0.163+/-0.007
 - setting Ar36 blank 0.00426+/-0.00017
 - setting Ar37 blank 0.055+/-0.005
 - setting Ar38 blank 0.0090+/-0.0023
 - setting PM41 blank 0.02+/-0.06
 - setting Ar39 blank 0.041+/-0.008
load analysis view
position_magnet ('Ar40',) {'detector': 'H1'}
detector Detector(H1)
POSITION Ar40 H1
setting detector H2 to PM41 (40.9624)
setting detector H1 to Ar40 (39.9624)
setting detector AX to Ar39 (38.9624)
setting detector L1 to Ar38 (37.9624)
setting detector L2 to Ar37 (36.9624)
setting detector CDD to Ar36 (35.9624)
Mapping mass to dac mass func: "parabolic"
H1 map mass coeffs = [-0.00063987  0.15840543  0.57068999]
H1 map mass to dac 39.9624 >> 5.87908
GetDeflection H1 ===>> 0
GetHighVoltage ===>> 4499.94659342336
positioning Ar40 (5.87904537865) on H1
setting magnet DAC
current  : 5.879045
requested: 5.879045
Delta Dac: 0.000000
Checking detector protection. dv=0.00000
Checking detector "CDD". Protection Threshold: 0.1 (V)
SetMagnetDAC 5.87904537865 ===>> OK
Magnet settling time: 0.500
equilibrate () {'delay': 3, 'inlet': 'R', 'outlet': 'O', 'eqtime': 12.0}
Equilibration Started
06:48:35 -- ******* Equilibration Started *******
checking ownership. requestor=129.138.12.150
check software interlocks O
interlocks []
actuate state mode=None-script, software_lock=False
doing actuation None-script close_channel True
Close O ===>> OK
GetIndicatorState O ===>> False
change switch state (True, True)
update switch state O False args=() kw={} ncanvase=2
06:48:35 -- CLOSE  VALVE-O (Jan Ion Pump)
waiting 3s before opening inlet value ('R',)
update labels <pychron.experiment.plot_panel.PlotPanel object at 0x1aa2b5530>
update labels "<pychron.graph.stacked_regression_graph.StackedRegressionGraph object at 0x1ab1e6230>"
setting label 0 H2 PM41
setting label 1 H1 Ar40
setting label 2 AX Ar39
setting label 3 L1 Ar38
setting label 4 L2 Ar37
setting label 5 CDD Ar36
update labels "<pychron.graph.stacked_graph.StackedGraph object at 0x1932e0ef0>"
setting label 0 H2 PM41
setting label 1 H1 Ar40
setting label 2 AX Ar39
setting label 3 L1 Ar38
setting label 4 L2 Ar37
setting label 5 CDD Ar36
checking ownership. requestor=129.138.12.150
check software interlocks R
interlocks []
actuate state mode=None-script, software_lock=False
doing actuation None-script open_channel True
Open R ===>> OK
set states for children of R. state=True
handle state [('R', True)]
update switch state R True args=() kw={'refresh': False} ncanvase=2
refresh_canvas_needed fired
GetIndicatorState R ===>> OK
change switch state (True, True)
update switch state R True args=() kw={} ncanvase=2
06:48:39 -- OPEN   VALVE-R (Jan Inlet)
equilibrating for 12.0sec
set_time_zero () {}
sniff (12.0,) {}
py_sniff
build tables- sniff [Detector(H2), Detector(H1), Detector(AX), Detector(L1), Detector(L2), Detector(CDD)]
add group /sniff/PM41 (Group) '' table H2
add group /sniff/Ar40 (Group) '' table H1
add group /sniff/Ar39 (Group) '' table AX
add group /sniff/Ar38 (Group) '' table L1
add group /sniff/Ar37 (Group) '' table L2
add group /sniff/Ar36 (Group) '' table CDD
flush and close file /Users/jan/PychronDev/data/isotopes/26/3a1dbe-dd64-42ab-8f86-0ad51305606d.h5
measuring sniff. ncounts=12.0
"sniff" increment series count="1" fit count="0" regressing="False"
starting measurement
GetData ===>> H2,-0.139660488516362,H1,18.3805899101026,AX,5.02880998175235,L1,0.00743578282280022,L2,0.1335462...
GetData ===>> H2,0.819331462527712,H1,262.659549922964,AX,68.9937446464703,L1,0.422618275321679,L2,0.5818867001...
GetData ===>> H2,0.471734552413219,H1,418.693278875016,AX,105.831402911532,L1,0.946573219459162,L2,0.5416003927...
GetData ===>> H2,0.231262416105663,H1,468.581718250076,AX,116.36435204956,L1,1.25289541457884,L2,0.466263322286...
GetData ===>> H2,0.126065011778983,H1,486.420747712114,AX,119.716682799074,L1,1.35829057464453,L2,0.39492207375...
GetData ===>> H2,-0.0327909288732188,H1,493.729475770034,AX,121.049063418738,L1,1.46133519850353,L2,0.532045737...
GetData ===>> H2,-0.0566651894237529,H1,496.748739825389,AX,121.370422262278,L1,1.54192277994463,L2,0.485371902...
GetData ===>> H2,-0.0641014202841733,H1,497.949253717112,AX,121.807713354674,L1,1.60740663479178,L2,0.476827966...
GetData ===>> H2,-0.0450876041077142,H1,498.639584642004,AX,121.92681040206,L1,1.61861239746018,L2,0.4686845216...
GetData ===>> H2,-0.127484079949225,H1,498.812275628265,AX,122.041631480283,L1,1.56268655537978,L2,0.4461080689...
GetData ===>> H2,-0.154290211655077,H1,498.904290505866,AX,121.781705415646,L1,1.54234790490711,L2,0.4482889712...
Equilibration Finished
06:48:51 -- ******* Equilibration Finished *******
checking ownership. requestor=129.138.12.150
check software interlocks R
interlocks []
actuate state mode=None-script, software_lock=False
doing actuation None-script close_channel True
GetData ===>> H2,-0.15405374660296,H1,498.323450289648,AX,121.801432583411,L1,1.57281339834653,L2,0.36123023567...
Close R ===>> OK
GetIndicatorState R ===>> False
change switch state (True, True)
update switch state R False args=() kw={} ncanvase=2
06:48:52 -- CLOSE  VALVE-R (Jan Inlet)
Post Equilibration Started jan_pump_extraction_line.py
06:48:52 -- ******* Post Equilibration Started jan_pump_extraction_line.py *******
testing...
no interpolation path defined
calculate duration
testing...
no interpolation path defined
executed snippet estimated_duration=4.0, duration=0.000152826309204
executed snippet estimated_duration=4.0, duration=0.00122499465942
Pump after analysis
doing GOSUB
testing...
no interpolation path defined
executed snippet estimated_duration=4.0, duration=0.000144958496094
Pump Microbone
close () {'description': 'Jan Inlet'}
closing name=--- desc=Jan Inlet
checking ownership. requestor=129.138.12.150
check software interlocks R
interlocks []
actuate state mode=None-script, software_lock=False
doing actuation None-script close_channel False
Close R ===>> OK
measurement finished
estimated time: 12.583 actual time: :12.686
flush and close file /Users/jan/PychronDev/data/isotopes/26/3a1dbe-dd64-42ab-8f86-0ad51305606d.h5
set_fits () {}
using default fits file=/Users/jan/PychronDev/scripts/measurement/fits/nominal_linear.yaml
set "Ar40" to "('Linear', 'SEM')"
No fit for "PM41". defaulting to linear. check the measurement script "jan_unknown120_60.py"
set "PM41" to "linear"
set "Ar36" to "('Linear', 'SEM')"
set "Ar37" to "('linear', 'SEM')"
set "Ar38" to "('linear', 'SEM')"
set "Ar39" to "('Linear', 'SEM')"
set_baseline_fits () {}
GetIndicatorState R ===>> False
using default fits file=/Users/jan/PychronDev/scripts/measurement/fits/nominal_linear.yaml
change switch state (True, True)
update switch state R False args=() kw={} ncanvase=2
set "H1" to "('average', 'SEM')"
set "H2" to "('average', 'SEM')"
set "CDD" to "('average', 'SEM')"
set "L2" to "('average', 'SEM')"
06:48:54 -- CLOSE  VALVE-R (Jan Inlet)
set "L1" to "('average', 'SEM')"
---------------------------------------- close None (Jan Inlet) result=[(True, True)]
set "AX" to "('average', 'SEM')"
multicollect () {'integration_time': 1, 'ncounts': 120}
build tables- signal [Detector(H2), Detector(H1), Detector(AX), Detector(L1), Detector(L2), Detector(CDD)]
add group /signal/PM41 (Group) '' table H2
add group /signal/Ar40 (Group) '' table H1
add group /signal/Ar39 (Group) '' table AX
add group /signal/Ar38 (Group) '' table L1
add group /signal/Ar37 (Group) '' table L2
add group /signal/Ar36 (Group) '' table CDD
flush and close file /Users/jan/PychronDev/data/isotopes/26/3a1dbe-dd64-42ab-8f86-0ad51305606d.h5
measuring signal. ncounts=120
action=close, ok=True, locked=[False]
is_closed ('F',) {}
is F () closed?
is closed True
open () {'description': 'CO2 Laser to Jan'}
opening name=--- desc=CO2 Laser to Jan
checking ownership. requestor=129.138.12.150
check software interlocks A
interlocks []
actuate state mode=None-script, software_lock=False
doing actuation None-script open_channel False
Open A ===>> OK
GetIndicatorState A ===>> OK
change switch state (True, True)
update switch state A True args=() kw={} ncanvase=2
06:48:54 -- OPEN   VALVE-A (CO2 Laser to Jan)
---------------------------------------- open None (CO2 Laser to Jan) result=[(True, True)], time=0.14 sec
"signal" increment series count="2" fit count="1" regressing="True"
starting measurement
GetData ===>> H2,0.0230051633619452,H1,499.154421442212,AX,121.920622896314,L1,1.64678175027389,L2,0.4806543674...
action=open, ok=True, locked=[False]
sleep (1,) {}
SLEEP 1.0
GetData ===>> H2,-0.107578884055105,H1,498.891833750203,AX,121.665052004753,L1,1.64974324263315,L2,0.4234380476...
close () {'description': 'CO2 Laser to Roughing'}
closing name=--- desc=CO2 Laser to Roughing
checking ownership. requestor=129.138.12.150
check software interlocks G
interlocks []
actuate state mode=None-script, software_lock=True
VALVE-G(CO2 Laser to Roughing) software locked
change switch state (True, False)
---------------------------------------- close None (CO2 Laser to Roughing) result=[(True, False)]
action=close, ok=True, locked=[True]
open () {'description': 'Microbone to Turbo'}
opening name=--- desc=Microbone to Turbo
checking ownership. requestor=129.138.12.150
check software interlocks U
interlocks []
actuate state mode=None-script, software_lock=False
doing actuation None-script open_channel True
Open U ===>> OK
GetIndicatorState U ===>> OK
change switch state (True, True)
update switch state U True args=() kw={} ncanvase=2
06:48:55 -- OPEN   VALVE-U (Microbone to Turbo)
---------------------------------------- open None (Microbone to Turbo) result=[(True, True)], time=0.20 sec
action=open, ok=True, locked=[False]
open () {'description': 'Microbone to Getter NP-10'}
opening name=--- desc=Microbone to Getter NP-10
checking ownership. requestor=129.138.12.150
check software interlocks M
interlocks []
actuate state mode=None-script, software_lock=False
doing actuation None-script open_channel False
Open M ===>> OK
GetIndicatorState M ===>> OK
change switch state (True, True)
update switch state M True args=() kw={} ncanvase=2
06:48:56 -- OPEN   VALVE-M (Microbone to Getter NP-10)
---------------------------------------- open None (Microbone to Getter NP-10) result=[(True, True)], time=0.14 sec
action=open, ok=True, locked=[False]
open () {'description': 'Microbone to Getter D-50'}
opening name=--- desc=Microbone to Getter D-50
checking ownership. requestor=129.138.12.150
check software interlocks K
interlocks []
actuate state mode=None-script, software_lock=False
doing actuation None-script open_channel False
GetData ===>> H2,-0.137357001618858,H1,498.379526356216,AX,121.592889326588,L1,1.63028194002664,L2,0.4628143608...
Open K ===>> OK
GetIndicatorState K ===>> OK
change switch state (True, True)
update switch state K True args=() kw={} ncanvase=2
06:48:56 -- OPEN   VALVE-K (Microbone to Getter D-50)
---------------------------------------- open None (Microbone to Getter D-50) result=[(True, True)], time=0.46 sec
action=open, ok=True, locked=[False]
open () {'description': 'Microbone to CO2 Laser'}
opening name=--- desc=Microbone to CO2 Laser
checking ownership. requestor=129.138.12.150
check software interlocks T
interlocks []
actuate state mode=None-script, software_lock=False
doing actuation None-script open_channel False
Open T ===>> OK
GetIndicatorState T ===>> OK
change switch state (True, True)
update switch state T True args=() kw={} ncanvase=2
06:48:57 -- OPEN   VALVE-T (Microbone to CO2 Laser)
---------------------------------------- open None (Microbone to CO2 Laser) result=[(True, True)], time=0.41 sec
GetData ===>> H2,-0.070132543755253,H1,498.152271474434,AX,121.546494882988,L1,1.58547589910285,L2,0.4924429279...
action=open, ok=True, locked=[False]
open () {'description': 'Microbone to Inlet Pipette'}
opening name=--- desc=Microbone to Inlet Pipette
checking ownership. requestor=129.138.12.150
check software interlocks S
interlocks []
actuate state mode=None-script, software_lock=False
doing actuation None-script open_channel False
Open S ===>> OK
GetIndicatorState S ===>> OK
change switch state (True, True)
update switch state S True args=() kw={} ncanvase=2
06:48:58 -- OPEN   VALVE-S (Microbone to Inlet Pipette)
---------------------------------------- open None (Microbone to Inlet Pipette) result=[(True, True)], time=0.43 sec
action=open, ok=True, locked=[False]
sleep (1,) {}
SLEEP 1.0
testing H1>-5.0
evaluate ot="H1.bs>-5.0" t="H1>-5.0", ctx="{'H1': None}"
GetData ===>> H2,-0.0155566980998389,H1,498.05207512623,AX,121.755192657118,L1,1.58356491950872,L2,0.3841051318...
set_resource () {'name': 'CO2PumpTimeFlag', 'value': 30}
Set CO2PumpTimeFlag 30 ===>> OK
release ('JanCO2Flag',) {}
release JanCO2Flag
Set JanCO2Flag 0 ===>> OK
executed snippet estimated_duration=6.0, duration=7.58694696426
PumpMicrobone.py completed successfully
gosub finished
get_resource_value () {'name': 'JanMiniboneFlag'}
Read JanMiniboneFlag ===>> 0
Get Resource Value JanMiniboneFlag=0.0
get resource value 0.0
get_resource_value () {'name': 'JanMiniboneFlag'}
Read JanMiniboneFlag ===>> 0
Get Resource Value JanMiniboneFlag=0.0
executed snippet estimated_duration=4.0, duration=7.60009694099
jan_pump_extraction_line.py completed successfully
Post Equilibration Finished
06:48:59 -- ******* Post Equilibration Finished *******
GetData ===>> H2,-0.0804763040954256,H1,497.79520068703,AX,121.553447529106,L1,1.59395753972463,L2,0.4675081765...
GetData ===>> H2,-0.0655260076648494,H1,497.506092143147,AX,121.577341337327,L1,1.58705704883302,L2,0.539668812...
GetData ===>> H2,-0.106689974096787,H1,497.259734877808,AX,121.553485213658,L1,1.55610362016975,L2,0.5070092845...
GetData ===>> H2,-0.133886018083017,H1,496.946444074634,AX,121.435083988774,L1,1.5783741827158,L2,0.47687365356...
testing H1>-5.0
evaluate ot="H1.bs>-5.0" t="H1>-5.0", ctx="{'H1': None}"
GetData ===>> H2,-0.140501198784449,H1,496.75289287293,AX,121.615695809714,L1,1.55960600481727,L2,0.46640036967...
GetData ===>> H2,-0.147681190550266,H1,496.465759202143,AX,121.284972499652,L1,1.55129986206933,L2,0.3776977831...
GetData ===>> H2,-0.207020252529754,H1,496.441222202006,AX,121.188448624577,L1,1.53477568280029,L2,0.4409562711...
GetData ===>> H2,-0.0867137969758616,H1,496.112141799934,AX,121.176949516954,L1,1.57329070154819,L2,0.449270964...
GetData ===>> H2,-0.0423186826308264,H1,496.004051572445,AX,121.312638990599,L1,1.58343026556887,L2,0.406037267...
testing H1>-5.0
evaluate ot="H1.bs>-5.0" t="H1>-5.0", ctx="{'H1': None}"
GetData ===>> H2,-0.0895421917001712,H1,496.028778659949,AX,121.128910747333,L1,1.60323629091637,L2,0.498691909...
GetData ===>> H2,-0.198696386973615,H1,495.98973887641,AX,121.157265590367,L1,1.54574013670908,L2,0.41598834483...
GetData ===>> H2,-0.221589284729952,H1,495.741862916356,AX,121.182915397906,L1,1.53411714180249,L2,0.4075224375...
GetData ===>> H2,-0.140072741691063,H1,495.499892172953,AX,121.071248150464,L1,1.543350697298,L2,0.454398045439...
GetData ===>> H2,-0.17118131474383,H1,495.465481301219,AX,121.080469185105,L1,1.58763936326123,L2,0.34080390287...
testing H1>-5.0
evaluate ot="H1.bs>-5.0" t="H1>-5.0", ctx="{'H1': None}"
GetData ===>> H2,-0.182278604305612,H1,495.188018014812,AX,120.896810223953,L1,1.57979006284138,L2,0.3777548877...
GetData ===>> H2,-0.162880681408253,H1,494.936718862908,AX,120.828100291478,L1,1.56534491205846,L2,0.5388459028...
GetData ===>> H2,-0.155198191619465,H1,494.740045270509,AX,120.868111632346,L1,1.54321629705901,L2,0.4528450476...
GetData ===>> H2,-0.153275403936462,H1,494.553601930549,AX,120.800260040545,L1,1.53784036167956,L2,0.4222725651...
GetData ===>> H2,-0.187344927265494,H1,494.18455704765,AX,120.764531712497,L1,1.54806624561132,L2,0.39726381116...
testing H1>-5.0
evaluate ot="H1.bs>-5.0" t="H1>-5.0", ctx="{'H1': None}"
06:49:19 -- collecting point 25
GetData ===>> H2,-0.196268843685582,H1,494.283839950269,AX,120.768421779581,L1,1.5552181833401,L2,0.42622612210...
GetData ===>> H2,-0.112208808776657,H1,494.075817681807,AX,120.735933531258,L1,1.54903248304085,L2,0.4582121321...
GetData ===>> H2,-0.0995139106256838,H1,493.767480524626,AX,120.749385795289,L1,1.53543942931579,L2,0.331876599...
GetData ===>> H2,-0.20158987750712,H1,493.334948538472,AX,120.570448957851,L1,1.53474081786192,L2,0.41020722599...
GetData ===>> H2,-0.115118809128891,H1,493.391861737888,AX,120.74961128215,L1,1.55401746549559,L2,0.43819062451...
testing H1>-5.0
evaluate ot="H1.bs>-5.0" t="H1>-5.0", ctx="{'H1': None}"
GetData ===>> H2,-0.103777867120913,H1,493.282408528203,AX,120.552934487695,L1,1.5471827562553,L2,0.44496625504...
GetData ===>> H2,-0.0791118621467465,H1,493.464411708996,AX,120.421859185391,L1,1.5774152682168,L2,0.4876907756...
GetData ===>> H2,-0.191584004365339,H1,493.076641041298,AX,120.207395801286,L1,1.56956984468928,L2,0.4770792474...
GetData ===>> H2,-0.0965119377953867,H1,492.694658984684,AX,120.294818464791,L1,1.58880279155609,L2,0.479489297...
GetData ===>> H2,-0.125126222827324,H1,492.453943179182,AX,120.303020934346,L1,1.56163244825836,L2,0.4585318828...
testing H1>-5.0
evaluate ot="H1.bs>-5.0" t="H1>-5.0", ctx="{'H1': None}"
GetData ===>> H2,-0.206738621828801,H1,492.53258998568,AX,120.444689510223,L1,1.53150274149566,L2,0.40778520079...
GetData ===>> H2,-0.2986525798877,H1,491.981772320225,AX,120.235161638621,L1,1.53233798996524,L2,0.415359945462...
GetData ===>> H2,-0.190657853032184,H1,492.191228694096,AX,120.183081752443,L1,1.50070798197725,L2,0.4144344920...
GetData ===>> H2,-0.119552756988973,H1,491.750532116968,AX,120.063955269559,L1,1.50921684938374,L2,0.4471242947...
GetData ===>> H2,-0.0752520575789645,H1,491.585205652679,AX,119.931856621511,L1,1.52088987449763,L2,0.448129112...
testing H1>-5.0
evaluate ot="H1.bs>-5.0" t="H1>-5.0", ctx="{'H1': None}"
GetData ===>> H2,-0.154461814632767,H1,491.432759594688,AX,119.911422343026,L1,1.53787394492463,L2,0.4471014580...
GetData ===>> H2,-0.126206517480605,H1,491.529463119384,AX,120.215068438371,L1,1.553287276901,L2,0.490797925489...
GetData ===>> H2,-0.0990887808990683,H1,491.559600903154,AX,120.098670861011,L1,1.5991212113252,L2,0.4542838535...
GetData ===>> H2,-0.135337010259772,H1,490.950887092593,AX,119.902087198273,L1,1.57655089424783,L2,0.5075691338...
GetData ===>> H2,0.0120584814123473,H1,490.573615313404,AX,119.860947930947,L1,1.52853019240263,L2,0.4655895088...
testing H1>-5.0
evaluate ot="H1.bs>-5.0" t="H1>-5.0", ctx="{'H1': None}"
GetData ===>> H2,-0.0335092834171266,H1,490.386521154308,AX,119.834264702429,L1,1.53140076038959,L2,0.470066459...
GetData ===>> H2,-0.12123820417119,H1,490.312485265706,AX,119.838180707415,L1,1.49685537567404,L2,0.50498699927...
GetData ===>> H2,-0.12527089903789,H1,490.275370411266,AX,119.838368078519,L1,1.52937037436386,L2,0.46525831410...
GetData ===>> H2,-0.168168145667427,H1,490.208271834907,AX,119.608022679578,L1,1.52459773763896,L2,0.3457473839...
GetData ===>> H2,-0.203165749977521,H1,490.175807238779,AX,119.653188566018,L1,1.47973201316396,L2,0.4972295884...
testing H1>-5.0
evaluate ot="H1.bs>-5.0" t="H1>-5.0", ctx="{'H1': None}"
06:49:46 -- collecting point 50
GetData ===>> H2,-0.138007270362494,H1,489.695130291179,AX,119.493519920011,L1,1.49352864269428,L2,0.5032846565...
GetData ===>> H2,-0.0533278833844568,H1,489.466106289115,AX,119.591090113594,L1,1.49941073309447,L2,0.502222135...
GetData ===>> H2,-0.176212491349318,H1,489.29387287421,AX,119.611956390805,L1,1.5202728811908,L2,0.370891158319...
GetData ===>> H2,-0.189379720618434,H1,488.984508699786,AX,119.474597083531,L1,1.52128487192991,L2,0.4355050522...
GetData ===>> H2,-0.197164398061527,H1,488.873474628679,AX,119.721272609257,L1,1.50296757800972,L2,0.4775247024...
testing H1>-5.0
evaluate ot="H1.bs>-5.0" t="H1>-5.0", ctx="{'H1': None}"
GetData ===>> H2,-0.0891329503684791,H1,489.027841090693,AX,119.673826060662,L1,1.51100285297812,L2,0.411361136...
GetData ===>> H2,-0.0721461867367294,H1,488.612675955364,AX,119.589647932893,L1,1.51284203535191,L2,0.571836403...
GetData ===>> H2,-0.0950059134619577,H1,488.524379360107,AX,119.556968295422,L1,1.57524411216349,L2,0.503250381...
GetData ===>> H2,-0.126497192478626,H1,488.394972944437,AX,119.3551190173,L1,1.57250038162388,L2,0.400393832455...
GetData ===>> H2,-0.11769658183569,H1,488.349491103991,AX,119.254526109735,L1,1.51786978210629,L2,0.38681210835...
testing H1>-5.0
evaluate ot="H1.bs>-5.0" t="H1>-5.0", ctx="{'H1': None}"
GetData ===>> H2,-0.190382824067838,H1,488.022813327667,AX,119.117728737211,L1,1.51401716045996,L2,0.4399848572...
GetData ===>> H2,-0.155887235016232,H1,488.032533539924,AX,119.106156744601,L1,1.49270646188662,L2,0.3371506858...
GetData ===>> H2,-0.237693862727997,H1,488.261880684526,AX,119.109858193823,L1,1.50275991279578,L2,0.5163557672...
GetData ===>> H2,-0.126712151991192,H1,487.786854264486,AX,119.13792101048,L1,1.51944683639892,L2,0.44806060216...
GetData ===>> H2,-0.0578262340054072,H1,487.443266462838,AX,119.093239744824,L1,1.51334896171505,L2,0.426294682...
testing H1>-5.0
evaluate ot="H1.bs>-5.0" t="H1>-5.0", ctx="{'H1': None}"
GetData ===>> H2,-0.145607647739513,H1,486.948207991781,AX,119.085033983342,L1,1.52442858394021,L2,0.5233947955...
GetData ===>> H2,-0.233396708477531,H1,486.93715083744,AX,119.008601716815,L1,1.54751857706248,L2,0.43556219132...
GetData ===>> H2,-0.350733151913681,H1,486.589780473659,AX,118.914714347242,L1,1.57484693332948,L2,0.4471128763...
GetData ===>> H2,-0.222840621311817,H1,486.295010337352,AX,118.890971095114,L1,1.54042915998114,L2,0.4117153103...
GetData ===>> H2,-0.206268323349923,H1,486.462993165846,AX,118.58153017829,L1,1.51596136315108,L2,0.48244768871...
testing H1>-5.0
evaluate ot="H1.bs>-5.0" t="H1>-5.0", ctx="{'H1': None}"
GetData ===>> H2,-0.25332198669835,H1,486.627072545037,AX,118.716539929765,L1,1.50658415981984,L2,0.46107850673...
GetData ===>> H2,-0.163954032416225,H1,486.209441133691,AX,118.851990306628,L1,1.53452130045589,L2,0.4547292026...
GetData ===>> H2,-0.140878281700543,H1,485.914973480801,AX,118.730187993752,L1,1.54736616479184,L2,0.4051461769...
GetData ===>> H2,-0.212030489548841,H1,485.702657646357,AX,118.667615953742,L1,1.53153372328758,L2,0.5336685903...
GetData ===>> H2,-0.129681961988472,H1,485.383911710332,AX,118.788079452428,L1,1.47137954887239,L2,0.4211870794...
testing H1>-5.0
evaluate ot="H1.bs>-5.0" t="H1>-5.0", ctx="{'H1': None}"
06:50:12 -- collecting point 75
GetData ===>> H2,-0.0219940492191133,H1,485.22943935176,AX,118.712470012189,L1,1.48798206683152,L2,0.3105434850...
GetData ===>> H2,-0.0558838591296737,H1,485.170946417136,AX,118.734575790764,L1,1.52521239468952,L2,0.455208811...
GetData ===>> H2,-0.128943975266148,H1,485.172375943864,AX,118.56574078594,L1,1.52906449412626,L2,0.43144826664...
GetData ===>> H2,-0.0835433296813931,H1,484.995805178075,AX,118.48971725169,L1,1.50591272550322,L2,0.4197702535...
GetData ===>> H2,-0.120433387012301,H1,484.765424870864,AX,118.536890996176,L1,1.48381658744427,L2,0.3359405884...
testing H1>-5.0
evaluate ot="H1.bs>-5.0" t="H1>-5.0", ctx="{'H1': None}"
GetData ===>> H2,-0.166721323833989,H1,484.432141929583,AX,118.274916261301,L1,1.52691841278588,L2,0.4291742562...
GetData ===>> H2,-0.105572311271432,H1,484.411782867221,AX,118.119167082901,L1,1.5269971250362,L2,0.40546605477...
GetData ===>> H2,-0.149347854958442,H1,484.036214531796,AX,118.330951006825,L1,1.53592887155922,L2,0.4914947633...
GetData ===>> H2,-0.260810899112597,H1,483.573929032825,AX,118.350205471265,L1,1.53486349129018,L2,0.4714712606...
GetData ===>> H2,-0.205428744783498,H1,483.59580562494,AX,118.271559290463,L1,1.52267134948413,L2,0.43113972940...
testing H1>-5.0
evaluate ot="H1.bs>-5.0" t="H1>-5.0", ctx="{'H1': None}"
GetData ===>> H2,-0.181679560023731,H1,483.357610773995,AX,118.531853091548,L1,1.51530336562828,L2,0.3385206259...
GetData ===>> H2,-0.236606947488491,H1,483.111701724811,AX,118.347538832155,L1,1.48590843536013,L2,0.5364686474...
GetData ===>> H2,-0.251475770634079,H1,483.08592496906,AX,118.250505265748,L1,1.49580478573342,L2,0.47320730300...
GetData ===>> H2,-0.212842642072992,H1,483.209915629075,AX,118.08009727512,L1,1.51738458083237,L2,0.39559603134...
GetData ===>> H2,-0.14576165678732,H1,483.045533080314,AX,118.115550478944,L1,1.51837307235483,L2,0.44204327348...
testing H1>-5.0
evaluate ot="H1.bs>-5.0" t="H1>-5.0", ctx="{'H1': None}"
GetData ===>> H2,-0.155835895971996,H1,482.745627355873,AX,117.970247123768,L1,1.50130378855091,L2,0.3742144667...
GetData ===>> H2,-0.151251928544121,H1,482.640672496046,AX,117.825103897273,L1,1.5062283703888,L2,0.46459592811...
GetData ===>> H2,-0.182993638190417,H1,482.157707505524,AX,117.9341531703,L1,1.51418099154359,L2,0.455722681108...
GetData ===>> H2,-0.11092411091627,H1,482.21395353439,AX,117.739214779776,L1,1.53779386197354,L2,0.525074640028...
GetData ===>> H2,-0.0775209356524452,H1,482.10358504958,AX,117.883576881011,L1,1.54462370525936,L2,0.4456399235...
testing H1>-5.0
evaluate ot="H1.bs>-5.0" t="H1>-5.0", ctx="{'H1': None}"
GetData ===>> H2,-0.125630553402745,H1,482.021032843927,AX,117.710059713538,L1,1.54914487186039,L2,0.4549119105...
GetData ===>> H2,-0.250366282146093,H1,481.735119622905,AX,117.603501992649,L1,1.52081242570992,L2,0.4523768693...
GetData ===>> H2,-0.13500031006351,H1,481.666365993799,AX,117.620487550432,L1,1.50320362467588,L2,0.35429918081...
GetData ===>> H2,-0.0622428179681161,H1,481.237381348477,AX,117.691910361378,L1,1.48509252786688,L2,0.419244662...
GetData ===>> H2,-0.185137120099612,H1,481.063269417618,AX,117.773850473747,L1,1.49140372967216,L2,0.3933914080...
testing H1>-5.0
evaluate ot="H1.bs>-5.0" t="H1>-5.0", ctx="{'H1': None}"
06:50:38 -- collecting point 100
GetData ===>> H2,-0.180419304841281,H1,480.987632616125,AX,117.660679798374,L1,1.48166200768248,L2,0.4282258156...
GetData ===>> H2,-0.206474502454442,H1,480.641893422259,AX,117.464466142558,L1,1.46957623315857,L2,0.4180678048...
GetData ===>> H2,-0.102907608514369,H1,480.404534725563,AX,117.674693694562,L1,1.47289477266716,L2,0.3625320053...
GetData ===>> H2,-0.189158594458439,H1,480.443798636996,AX,117.622887630359,L1,1.48320960197648,L2,0.4657379757...
GetData ===>> H2,-0.213234555507408,H1,480.398856435643,AX,117.510408877204,L1,1.49980530725015,L2,0.5301257782...
testing H1>-5.0
evaluate ot="H1.bs>-5.0" t="H1>-5.0", ctx="{'H1': None}"
GetData ===>> H2,-0.245028454671723,H1,480.139173014548,AX,117.355288152142,L1,1.49260981464269,L2,0.4344308444...
GetData ===>> H2,-0.175812918014104,H1,479.950630667574,AX,117.109676968858,L1,1.48025635008191,L2,0.3894392051...
GetData ===>> H2,-0.107093171708585,H1,479.666493958646,AX,117.071913827891,L1,1.45966576432814,L2,0.3920777964...
GetData ===>> H2,-0.25855778831958,H1,479.477327289055,AX,117.223355939063,L1,1.4682622290408,L2,0.468398999647...
GetData ===>> H2,-0.125915835038103,H1,479.346882125115,AX,117.198074390591,L1,1.51792527193513,L2,0.4230381255...
testing H1>-5.0
evaluate ot="H1.bs>-5.0" t="H1>-5.0", ctx="{'H1': None}"
GetData ===>> H2,-0.0564766441398718,H1,479.209204309543,AX,117.150348052487,L1,1.49233534117862,L2,0.389587695...
GetData ===>> H2,0.00138688488915249,H1,479.068225313432,AX,116.910992772694,L1,1.50551276795265,L2,0.414583021...
GetData ===>> H2,-0.0991578317136095,H1,479.071989958712,AX,116.974515492112,L1,1.49291393422023,L2,0.422044040...
GetData ===>> H2,-0.0784695557480366,H1,478.79134500604,AX,116.936372758031,L1,1.51932293511414,L2,0.4072596751...
GetData ===>> H2,-0.143720191549545,H1,478.676430902512,AX,116.96860962832,L1,1.50157977933683,L2,0.46404775005...
testing H1>-5.0
evaluate ot="H1.bs>-5.0" t="H1>-5.0", ctx="{'H1': None}"
GetData ===>> H2,-0.10878698652794,H1,478.232222192752,AX,116.846570670039,L1,1.51316450484613,L2,0.40510048023...
GetData ===>> H2,-0.17990517759388,H1,478.352621321914,AX,117.023739729844,L1,1.47726784147518,L2,0.34503952573...
GetData ===>> H2,-0.160319079576132,H1,478.119381255253,AX,116.910602914892,L1,1.49381861164725,L2,0.4359164542...
GetData ===>> H2,-0.144426842215711,H1,477.695684511067,AX,116.914482971721,L1,1.48739858555074,L2,0.4162739822...
GetData ===>> H2,-0.0621953660874737,H1,477.573778221702,AX,116.757933549295,L1,1.51471378220679,L2,0.465646611...
testing H1>-5.0
evaluate ot="H1.bs>-5.0" t="H1>-5.0", ctx="{'H1': None}"
GetData ===>> H2,-0.0997589622544296,H1,477.797052715344,AX,116.926754983742,L1,1.51166703777805,L2,0.384801856...
measurement finished
estimated time: 125.829 actual time: :126.320
flush and close file /Users/jan/PychronDev/data/isotopes/26/3a1dbe-dd64-42ab-8f86-0ad51305606d.h5
baselines () {'settling_time': 15.0, 'detector': 'H1', 'mass': 34.2, 'ncounts': 60}
%%%%%%%%%%%%%%%%%%%%%%%%%%%%%%%% Baseline
build tables- baseline [Detector(H2), Detector(H1), Detector(AX), Detector(L1), Detector(L2), Detector(CDD)]
add group baseline table H2
add group baseline table H1
add group baseline table AX
add group baseline table L1
add group baseline table L2
add group baseline table CDD
flush and close file /Users/jan/PychronDev/data/isotopes/26/3a1dbe-dd64-42ab-8f86-0ad51305606d.h5
detector Detector(H1)
POSITION 34.2 H1
Mapping mass to dac mass func: "parabolic"
H1 map mass coeffs = [-0.00063987  0.15840543  0.57068999]
H1 map mass to dac 34.2 >> 5.23973599104
GetDeflection H1 ===>> 0
GetHighVoltage ===>> 4499.94659342336
positioning 34.2 (5.23970513473) on H1
setting magnet DAC
current  : 5.879045
requested: 5.239705
Delta Dac: 0.639340
Checking detector protection. dv=0.63934
Checking detector "CDD". Protection Threshold: 0.1 (V)
ProtectDetector CDD,On ===>> OK
GetDeflection CDD ===>> 2000
Protected = 2000
SetMagnetDAC 5.23970513473 ===>> OK
Magnet settling time: 0.500
GetMagnetMoving ===>> True
GetMagnetMoving ===>> True
GetMagnetMoving ===>> True
GetMagnetMoving ===>> True
GetMagnetMoving ===>> True
GetMagnetMoving ===>> True
GetMagnetMoving ===>> True
GetMagnetMoving ===>> True
GetMagnetMoving ===>> False
ProtectDetector CDD,Off ===>> OK
GetDeflection CDD ===>> 50
Delaying 15.0s for detectors to settle
Join finished
measuring baseline. ncounts=60
"baseline" increment series count="2" fit count="1" regressing="True"
starting measurement
GetData ===>> H2,-0.195698295425928,H1,0.00820461564525772,AX,-0.0972351498161353,L1,-0.0163854480689747,L2,0.0...
GetData ===>> H2,-0.0873867811492657,H1,0.012475489613384,AX,-0.0932715643982671,L1,-0.0322839049190477,L2,0.02...
GetData ===>> H2,-0.073713462819408,H1,-0.030403926755551,AX,-0.0978609643322303,L1,-0.0440944392307324,L2,-0.0...
GetData ===>> H2,-0.0933588094705182,H1,-0.0275180447151911,AX,-0.0974553442715796,L1,-0.0111996599155174,L2,-0...
testing H1>-5.0
evaluate ot="H1.bs>-5.0" t="H1>-5.0", ctx="{'H1': None}"
GetData ===>> H2,-0.0933588094705182,H1,-0.0275180447151911,AX,-0.0974553442715796,L1,-0.0111996599155174,L2,-0...
GetData ===>> H2,-0.0651844482560607,H1,-0.0491839773791412,AX,-0.11304152767857,L1,-0.0195657115229904,L2,0.05...
GetData ===>> H2,-0.0897644225425373,H1,-0.10546724366145,AX,-0.111025314458104,L1,-0.0139170307870593,L2,-0.07...
GetData ===>> H2,-0.0897644225425373,H1,-0.10546724366145,AX,-0.111025314458104,L1,-0.0139170307870593,L2,-0.07...
GetData ===>> H2,-0.214252658881348,H1,0.0465893714831413,AX,-0.10343517157148,L1,0.00343184532565241,L2,-0.019...
testing H1>-5.0
evaluate ot="H1.bs>-5.0" t="H1>-5.0", ctx="{'H1': None}"
GetData ===>> H2,-0.25292399332857,H1,-0.0321449558415619,AX,-0.0458466806059073,L1,-0.0297892246706791,L2,-0.0...
GetData ===>> H2,-0.24835278634267,H1,-0.0457024817166694,AX,-0.0785979393849106,L1,-0.0257842262253826,L2,-0.1...
GetData ===>> H2,-0.24835278634267,H1,-0.0457024817166694,AX,-0.0785979393849106,L1,-0.0257842262253826,L2,-0.1...
GetData ===>> H2,-0.22173611180469,H1,0.0509573604921656,AX,-0.0673883953065871,L1,-0.0187083865256256,L2,0.012...
GetData ===>> H2,-0.213140282038964,H1,0.0602668253491202,AX,-0.0311659019190273,L1,-0.0186844043564299,L2,-0.0...
testing H1>-5.0
evaluate ot="H1.bs>-5.0" t="H1>-5.0", ctx="{'H1': None}"
GetData ===>> H2,-0.214460039069937,H1,0.0157324517167325,AX,-0.0524557869178004,L1,-0.00203406274291485,L2,-0....
GetData ===>> H2,-0.214460039069937,H1,0.0157324517167325,AX,-0.0524557869178004,L1,-0.00203406274291485,L2,-0....
GetData ===>> H2,-0.166383885455296,H1,-0.0386795071742217,AX,-0.106911646393202,L1,-0.0188738619350086,L2,0.01...
GetData ===>> H2,-0.226910211195017,H1,-0.0593773863492906,AX,-0.0961573487131607,L1,0.0149689828546939,L2,0.04...
GetData ===>> H2,-0.315158817918718,H1,0.120314756391848,AX,-0.150188682211237,L1,0.0187989579648288,L2,0.04844...
testing H1>-5.0
evaluate ot="H1.bs>-5.0" t="H1>-5.0", ctx="{'H1': None}"
GetData ===>> H2,-0.186324021700732,H1,0.0076200688595264,AX,-0.025923886754484,L1,0.0130791520656241,L2,-0.062...
GetData ===>> H2,-0.158379601029401,H1,-0.0696651194090013,AX,-0.0732425582265985,L1,-0.0538461622912781,L2,0.0...
GetData ===>> H2,-0.214175900314536,H1,-0.0291756482898585,AX,-0.130397773004547,L1,-0.0601807849112273,L2,-0.0...
GetData ===>> H2,-0.266033436368021,H1,-0.0349949312382634,AX,-0.0620671773150417,L1,-0.0426396651716004,L2,0.0...
GetData ===>> H2,-0.202068459082519,H1,-0.0250494762773944,AX,-0.0702053929125025,L1,-0.0213592628930983,L2,-0....
testing H1>-5.0
evaluate ot="H1.bs>-5.0" t="H1>-5.0", ctx="{'H1': None}"
06:51:44 -- collecting point 25
GetData ===>> H2,-0.212267541753624,H1,-0.0412788998514156,AX,-0.141550836522252,L1,-0.0206411613903942,L2,-0.0...
GetData ===>> H2,-0.272387578556639,H1,-0.0368074256732019,AX,-0.0683737741135616,L1,-0.0229727063226701,L2,-0....
GetData ===>> H2,-0.328838586807179,H1,-0.0651114676873952,AX,-0.0336592392493688,L1,-0.0259519817645192,L2,0.0...
GetData ===>> H2,-0.237342779019206,H1,-0.00557307918811463,AX,-0.0812291550391856,L1,-0.029784433522642,L2,-0....
GetData ===>> H2,-0.198633007743115,H1,-0.0181323901589757,AX,-0.0228504501113523,L1,-0.0495835657877708,L2,0.0...
testing H1>-5.0
evaluate ot="H1.bs>-5.0" t="H1>-5.0", ctx="{'H1': None}"
GetData ===>> H2,-0.150587564721421,H1,-0.0248944433773655,AX,0.0114974571199547,L1,-0.0663624845062785,L2,0.03...
GetData ===>> H2,-0.160720169861855,H1,-0.0862329411202677,AX,-0.166812926815668,L1,-0.00405812034889726,L2,-0....
GetData ===>> H2,-0.202904243135357,H1,-0.071929947551541,AX,-0.0596789107998854,L1,0.0207379197502017,L2,-0.13...
GetData ===>> H2,-0.233866326810421,H1,0.0172357007352854,AX,-0.0808582390789655,L1,0.0313738246894678,L2,0.009...
GetData ===>> H2,-0.15758939797105,H1,-0.00641995786996292,AX,-0.201049453349138,L1,0.0223984672393333,L2,0.003...
testing H1>-5.0
evaluate ot="H1.bs>-5.0" t="H1>-5.0", ctx="{'H1': None}"
GetData ===>> H2,-0.208979345706413,H1,0.0246687637419864,AX,-0.122496314988568,L1,-0.00349665611470889,L2,-0.0...
GetData ===>> H2,-0.126010476650677,H1,-0.114117899057731,AX,-0.0142675093221327,L1,-0.0211482734457298,L2,-0.0...
GetData ===>> H2,-0.132011488820957,H1,-0.00646766913179313,AX,-0.0108573200499246,L1,0.00490264983587738,L2,-0...
GetData ===>> H2,-0.125798207933973,H1,-0.080786125449017,AX,-0.0277563046835656,L1,-0.000639661902520471,L2,0....
GetData ===>> H2,-0.0927261822433994,H1,-0.0560989177873726,AX,-0.160877678877531,L1,-0.0180644454433451,L2,-0....
testing H1>-5.0
evaluate ot="H1.bs>-5.0" t="H1>-5.0", ctx="{'H1': None}"
GetData ===>> H2,-0.0994096605404377,H1,-0.00619332906566221,AX,-0.0563282827622192,L1,-0.0497259606885955,L2,-...
GetData ===>> H2,-0.307553946311903,H1,0.013823596605378,AX,0.0505581312549948,L1,-0.0387520504086981,L2,0.0267...
GetData ===>> H2,-0.325902104920042,H1,-0.0292710490989777,AX,-0.0434232291592043,L1,-0.0244780338199684,L2,0.1...
GetData ===>> H2,-0.306626629669144,H1,-0.0203029755460492,AX,-0.0437942878388733,L1,0.00591086340808916,L2,0.0...
GetData ===>> H2,-0.319277710588798,H1,-0.033850180998418,AX,-0.139521701106337,L1,0.0127946275554869,L2,-0.024...
testing H1>-5.0
evaluate ot="H1.bs>-5.0" t="H1>-5.0", ctx="{'H1': None}"
GetData ===>> H2,-0.221069312962031,H1,-0.0352334192234903,AX,-0.105509483163192,L1,0.00414861057179813,L2,-0.0...
GetData ===>> H2,-0.262395126986251,H1,-0.0326815682895053,AX,-0.112670732980693,L1,-0.0118529986901586,L2,0.00...
GetData ===>> H2,-0.17158336984471,H1,-0.0713577852811341,AX,-0.128938021176501,L1,0.00871132543850079,L2,-0.03...
GetData ===>> H2,-0.109941198628664,H1,-0.0278519526792696,AX,-0.114930241237243,L1,-0.020375007245849,L2,-0.02...
GetData ===>> H2,-0.203471732266712,H1,-0.053011098269695,AX,-0.0965513849096121,L1,-0.0154702765317955,L2,-0.0...
testing H1>-5.0
evaluate ot="H1.bs>-5.0" t="H1>-5.0", ctx="{'H1': None}"
06:52:10 -- collecting point 50
GetData ===>> H2,-0.252403622718726,H1,-0.0114056617505075,AX,-0.123330516811602,L1,0.00288800221376986,L2,-0.0...
GetData ===>> H2,-0.220899576066164,H1,-0.050519313442021,AX,-0.13287698384986,L1,0.0137190614335014,L2,-0.0154...
GetData ===>> H2,-0.22808018268099,H1,-0.0987225498714882,AX,-0.0561543715832027,L1,-0.003194316250273,L2,-0.04...
GetData ===>> H2,-0.294197207841587,H1,-0.0272676130110614,AX,-0.0872911123669052,L1,-0.0390071987783024,L2,0.0...
GetData ===>> H2,-0.245425381016152,H1,-0.0462747906919024,AX,-0.00160048971774454,L1,-0.0408493454912451,L2,0....
testing H1>-5.0
evaluate ot="H1.bs>-5.0" t="H1>-5.0", ctx="{'H1': None}"
GetData ===>> H2,-0.29190844774634,H1,-0.0800948234817021,AX,-0.181892855207526,L1,-0.0471194553809172,L2,-0.00...
GetData ===>> H2,-0.245694475685419,H1,-0.0332062532344633,AX,-0.124767180960174,L1,0.00565893198745613,L2,-0.0...
GetData ===>> H2,-0.144012044963095,H1,-0.0659578427170125,AX,0.00421157918901263,L1,0.0299320724438532,L2,-0.0...
GetData ===>> H2,-0.213163177096424,H1,-0.0481586179515102,AX,-0.194513687911254,L1,0.0217592081840604,L2,-0.00...
GetData ===>> H2,-0.273984958461115,H1,0.043009194729904,AX,-0.106170008855313,L1,-0.00215165398499664,L2,-0.01...
testing H1>-5.0
evaluate ot="H1.bs>-5.0" t="H1>-5.0", ctx="{'H1': None}"
GetData ===>> H2,-0.248709242957318,H1,0.00218036857935218,AX,-0.0489309860753003,L1,0.00293001995047727,L2,0.0...
measurement finished
estimated time: 62.915 actual time: :63.242
flush and close file /Users/jan/PychronDev/data/isotopes/26/3a1dbe-dd64-42ab-8f86-0ad51305606d.h5
activate_detectors ('H1', 'AX', 'CDD') {'peak_center': True}
peak_center () {'detector': 'H1', 'integration_time': 0.262144, 'isotope': 'Ar40'}
peak center: mean=478.33787314 threshold=3
peak center started
setup peak center. detector=['H1', 'AX', 'CDD'], isotope=Ar40
VersionedUnpickler [<apptools.sweet_pickle.versioned_unpickler.VersionedUnpickler object at 0x18a35d650>] using Updater [<apptools.sweet_pickle.updater.Updater object at 0x135230b30>]
VersionedUnpickler [<apptools.sweet_pickle.versioned_unpickler.VersionedUnpickler object at 0x18a35d650>] using Updater [<apptools.sweet_pickle.updater.Updater object at 0x135230b30>]
VersionedUnpickler [<apptools.sweet_pickle.versioned_unpickler.VersionedUnpickler object at 0x1ab70b830>] using Updater [<apptools.sweet_pickle.updater.Updater object at 0x135230b30>]
setting integration time = 0.524288
SetIntegrationTime 0.524288 ===>> OK
Mapping mass to dac mass func: "parabolic"
H1 map mass coeffs = [-0.00063987  0.15840543  0.57068999]
H1 map mass to dac 39.9624 >> 5.87908
GetDeflection H1 ===>> 0
GetHighVoltage ===>> 4499.94659342336
do peak center. <pychron.spectrometer.jobs.peak_center.PeakCenter object at 0x1352309b0>
doing pc
starting peak center. center dac= 5.87904537865 step_width=0.001
width = 0.001
get scan parameters. half-width=0.015,window=0.015, i=0, scalar=1
Scan parameters center=5.87905 width=0.03000 (5.86405 - 5.89405)
GetData ===>> H2,-0.209410462329003,H1,-0.088568902504904,AX,-0.0922748479206615,L1,-0.0310887392883538,L2,0.01...
Moving to starting dac 5.86404537865
setting magnet DAC
current  : 5.239705
requested: 5.864045
Delta Dac: 0.624340
Checking detector protection. dv=0.62434
Checking detector "CDD". Protection Threshold: 0.1 (V)
ProtectDetector CDD,On ===>> OK
GetDeflection CDD ===>> 2000
Protected = 2000
SetMagnetDAC 5.86404537865 ===>> OK
Magnet settling time: 0.500
GetMagnetMoving ===>> True
GetMagnetMoving ===>> True
GetMagnetMoving ===>> True
GetMagnetMoving ===>> True
GetMagnetMoving ===>> True
GetMagnetMoving ===>> True
GetMagnetMoving ===>> True
GetMagnetMoving ===>> True
GetMagnetMoving ===>> False
ProtectDetector CDD,Off ===>> OK
GetDeflection CDD ===>> 50
Wait until signal near baseline. tol= -0.0664266768787. timeout= 10
GetData ===>> H2,2.76892997543349,H1,1.30924808171604,AX,-0.0123536422987058,L1,0.0577447179664469,L2,0.0618046...
GetData ===>> H2,26.1704900120924,H1,15.3739567330976,AX,1.39798096495563,L1,0.056097650847544,L2,-0.1110316494...
GetData ===>> H2,26.4590006326374,H1,15.5607819041127,AX,2.48932568261183,L1,0.0225919446132073,L2,-0.035929946...
GetData ===>> H2,13.8249068110399,H1,7.55636468294283,AX,1.10762592891388,L1,0.0028844007016364,L2,-0.064290951...
GetData ===>> H2,5.6176545548093,H1,3.80938014156962,AX,0.284062674601634,L1,0.016713609307823,L2,-0.0723697950...
GetData ===>> H2,1.9415245245188,H1,2.12945598715153,AX,0.19164712480879,L1,-0.024720518153252,L2,0.05594824963...
GetData ===>> H2,0.562779035139965,H1,1.23153469696262,AX,0.0275561580520943,L1,-0.0270931197726995,L2,-0.03825...
GetData ===>> H2,0.117004372118624,H1,0.869323218937068,AX,0.238250194107466,L1,-0.0132182798618792,L2,0.057953...
GetData ===>> H2,0.0883071958361185,H1,0.6721931612929,AX,-0.0859118474273289,L1,-0.0174843388501761,L2,-0.0736...
GetData ===>> H2,0.0705659412105741,H1,0.539990646259203,AX,0.0326388710527044,L1,-0.00985448764558115,L2,-0.03...
GetData ===>> H2,0.0408035986262076,H1,0.443149983019464,AX,-0.0123304436797342,L1,-0.0211330202603494,L2,-0.05...
GetData ===>> H2,0.0682824394439453,H1,0.338255543544786,AX,0.0371415873312124,L1,-0.0135131275071055,L2,-0.086...
GetData ===>> H2,0.077097417146299,H1,0.320146782844178,AX,-0.0736019112094466,L1,0.0163344795655204,L2,0.04371...
GetData ===>> H2,0.0489163230934689,H1,0.373765852292585,AX,-0.0436435454208939,L1,0.0438680255553588,L2,0.0653...
GetData ===>> H2,-0.0665952629156516,H1,0.30643599214415,AX,-0.0731845979437914,L1,0.0265759910590867,L2,0.0268...
GetData ===>> H2,-0.0743058803285249,H1,0.252685806373099,AX,-0.0784472508717117,L1,0.0309124415467455,L2,-0.11...
GetData ===>> H2,-0.206746707018471,H1,0.256696375511445,AX,-0.0109153174648166,L1,0.028336773514643,L2,-0.0614...
GetData ===>> H2,-0.179940994296501,H1,0.359665368486106,AX,-0.0458234899689344,L1,0.0301411137440785,L2,0.0369...
GetData ===>> H2,-0.0333775658417562,H1,0.372785924061181,AX,-0.0156477900604621,L1,0.00373199206872145,L2,-0.0...
GetData ===>> H2,-0.0625978230071383,H1,0.419522429708397,AX,-0.00852579535215222,L1,-0.00282597724323716,L2,-0...
GetData ===>> H2,-0.0155683885657373,H1,0.414381543476883,AX,0.0990177910299803,L1,-0.029012817526193,L2,-0.041...
Peak center failed to move to a baseline position
_do_sweep sm= 5.86404537865, em= 5.89404537865, stm= 0.001
calculated step values: start=5.86404537865, end=5.89404537865, width=0.001, nsteps=31.0
setting magnet DAC
current  : 5.864045
requested: 5.864045
Delta Dac: 0.000000
Checking detector protection. dv=0.00000
Checking detector "CDD". Protection Threshold: 0.1 (V)
SetMagnetDAC 5.86404537865 ===>> OK
GetData ===>> H2,-0.0155683885657373,H1,0.414381543476883,AX,0.0990177910299803,L1,-0.029012817526193,L2,-0.041...
setting magnet DAC
current  : 5.864045
requested: 5.865080
Delta Dac: 0.001034
Checking detector protection. dv=0.00103
Checking detector "CDD". Protection Threshold: 0.1 (V)
SetMagnetDAC 5.86507986141 ===>> OK
Magnet settling time: 1.049
GetData ===>> H2,-0.112984430594164,H1,0.727334934334034,AX,0.229057784587156,L1,-0.0137072907510992,L2,0.04291...
setting magnet DAC
current  : 5.865080
requested: 5.866114
Delta Dac: 0.001034
Checking detector protection. dv=0.00103
Checking detector "CDD". Protection Threshold: 0.1 (V)
SetMagnetDAC 5.86611434417 ===>> OK
Magnet settling time: 1.049
GetData ===>> H2,-0.0988457688523642,H1,2.44466524586857,AX,0.41967576884133,L1,-0.0055444097596853,L2,-0.07446...
setting magnet DAC
current  : 5.866114
requested: 5.867149
Delta Dac: 0.001034
Checking detector protection. dv=0.00103
Checking detector "CDD". Protection Threshold: 0.1 (V)
SetMagnetDAC 5.86714882693 ===>> OK
Magnet settling time: 1.049
GetData ===>> H2,-0.102538008355052,H1,8.8979508686468,AX,1.42286075739439,L1,0.000378060595994969,L2,-0.015758...
setting magnet DAC
current  : 5.867149
requested: 5.868183
Delta Dac: 0.001034
Checking detector protection. dv=0.00103
Checking detector "CDD". Protection Threshold: 0.1 (V)
SetMagnetDAC 5.86818330968 ===>> OK
Magnet settling time: 1.049
GetData ===>> H2,-0.14706752474486,H1,30.6319437032886,AX,4.7726616944024,L1,-0.0146876380678294,L2,-0.04182590...
setting magnet DAC
current  : 5.868183
requested: 5.869218
Delta Dac: 0.001034
Checking detector protection. dv=0.00103
Checking detector "CDD". Protection Threshold: 0.1 (V)
SetMagnetDAC 5.86921779244 ===>> OK
Magnet settling time: 1.049
GetData ===>> H2,-0.0946976691357087,H1,86.8908484787974,AX,14.6425696462911,L1,0.0336233697966432,L2,-0.038843...
setting magnet DAC
current  : 5.869218
requested: 5.870252
Delta Dac: 0.001034
Checking detector protection. dv=0.00103
Checking detector "CDD". Protection Threshold: 0.1 (V)
SetMagnetDAC 5.8702522752 ===>> OK
Magnet settling time: 1.049
GetData ===>> H2,-0.126812194652747,H1,184.098883881952,AX,33.8816748968488,L1,0.176454063784055,L2,0.028380079...
setting magnet DAC
current  : 5.870252
requested: 5.871287
Delta Dac: 0.001034
Checking detector protection. dv=0.00103
Checking detector "CDD". Protection Threshold: 0.1 (V)
SetMagnetDAC 5.87128675796 ===>> OK
Magnet settling time: 1.049
GetData ===>> H2,-0.151333873378582,H1,298.939541961301,AX,60.7533971735011,L1,0.436537172410197,L2,0.122645942...
setting magnet DAC
current  : 5.871287
requested: 5.872321
Delta Dac: 0.001034
Checking detector protection. dv=0.00103
Checking detector "CDD". Protection Threshold: 0.1 (V)
SetMagnetDAC 5.87232124072 ===>> OK
Magnet settling time: 1.049
GetData ===>> H2,-0.132667209696996,H1,387.927532995463,AX,85.2774233534691,L1,0.687547998218241,L2,0.050456765...
setting magnet DAC
current  : 5.872321
requested: 5.873356
Delta Dac: 0.001034
Checking detector protection. dv=0.00103
Checking detector "CDD". Protection Threshold: 0.1 (V)
SetMagnetDAC 5.87335572348 ===>> OK
Magnet settling time: 1.049
GetData ===>> H2,-0.0881057604670889,H1,445.295288596897,AX,106.026383492056,L1,1.12556132477233,L2,0.357828902...
setting magnet DAC
current  : 5.873356
requested: 5.874390
Delta Dac: 0.001034
Checking detector protection. dv=0.00103
Checking detector "CDD". Protection Threshold: 0.1 (V)
SetMagnetDAC 5.87439020624 ===>> OK
Magnet settling time: 1.049
GetData ===>> H2,-0.0131138046958447,H1,454.713412065025,AX,109.872123716424,L1,1.29531703496281,L2,0.247686815...
setting magnet DAC
current  : 5.874390
requested: 5.875425
Delta Dac: 0.001034
Checking detector protection. dv=0.00103
Checking detector "CDD". Protection Threshold: 0.1 (V)
SetMagnetDAC 5.87542468899 ===>> OK
Magnet settling time: 1.049
GetData ===>> H2,-0.160864666924219,H1,457.310370733924,AX,110.907558724048,L1,1.33818156400767,L2,0.5540823090...
setting magnet DAC
current  : 5.875425
requested: 5.876459
Delta Dac: 0.001034
Checking detector protection. dv=0.00103
Checking detector "CDD". Protection Threshold: 0.1 (V)
SetMagnetDAC 5.87645917175 ===>> OK
Magnet settling time: 1.049
GetData ===>> H2,-0.18487687641788,H1,457.830101062456,AX,111.114328580983,L1,1.3421850004338,L2,0.442123197572...
setting magnet DAC
current  : 5.876459
requested: 5.877494
Delta Dac: 0.001034
Checking detector protection. dv=0.00103
Checking detector "CDD". Protection Threshold: 0.1 (V)
SetMagnetDAC 5.87749365451 ===>> OK
Magnet settling time: 1.049
GetData ===>> H2,-0.0803936563607956,H1,457.429349189169,AX,111.362613653692,L1,1.42018381347982,L2,0.396166425...
setting magnet DAC
current  : 5.877494
requested: 5.878528
Delta Dac: 0.001034
Checking detector protection. dv=0.00103
Checking detector "CDD". Protection Threshold: 0.1 (V)
SetMagnetDAC 5.87852813727 ===>> OK
Magnet settling time: 1.049
GetData ===>> H2,-0.25531443167384,H1,457.665804671777,AX,111.462387560823,L1,1.43623984151844,L2,0.41054695124...
setting magnet DAC
current  : 5.878528
requested: 5.879563
Delta Dac: 0.001034
Checking detector protection. dv=0.00103
Checking detector "CDD". Protection Threshold: 0.1 (V)
SetMagnetDAC 5.87956262003 ===>> OK
Magnet settling time: 1.049
GetData ===>> H2,-0.250597602683618,H1,457.457787531976,AX,111.551135003218,L1,1.41619941410748,L2,0.4679535870...
setting magnet DAC
current  : 5.879563
requested: 5.880597
Delta Dac: 0.001034
Checking detector protection. dv=0.00103
Checking detector "CDD". Protection Threshold: 0.1 (V)
SetMagnetDAC 5.88059710279 ===>> OK
Magnet settling time: 1.049
GetData ===>> H2,-0.0906428118923889,H1,457.31836398447,AX,111.439654547438,L1,1.42001937328157,L2,0.4277379343...
setting magnet DAC
current  : 5.880597
requested: 5.881632
Delta Dac: 0.001034
Checking detector protection. dv=0.00103
Checking detector "CDD". Protection Threshold: 0.1 (V)
SetMagnetDAC 5.88163158555 ===>> OK
Magnet settling time: 1.049
GetData ===>> H2,-0.101058551674909,H1,456.608030260084,AX,111.549019794948,L1,1.44176614670963,L2,0.4657151347...
setting magnet DAC
current  : 5.881632
requested: 5.882666
Delta Dac: 0.001034
Checking detector protection. dv=0.00103
Checking detector "CDD". Protection Threshold: 0.1 (V)
SetMagnetDAC 5.8826660683 ===>> OK
Magnet settling time: 1.049
GetData ===>> H2,-0.127504357559146,H1,456.254698820773,AX,111.027411822141,L1,1.47535087659815,L2,0.4256602413...
setting magnet DAC
current  : 5.882666
requested: 5.883701
Delta Dac: 0.001034
Checking detector protection. dv=0.00103
Checking detector "CDD". Protection Threshold: 0.1 (V)
SetMagnetDAC 5.88370055106 ===>> OK
Magnet settling time: 1.049
GetData ===>> H2,-0.144935098084787,H1,454.259200525741,AX,109.855975661872,L1,1.43293722822403,L2,0.3695110940...
setting magnet DAC
current  : 5.883701
requested: 5.884735
Delta Dac: 0.001034
Checking detector protection. dv=0.00103
Checking detector "CDD". Protection Threshold: 0.1 (V)
SetMagnetDAC 5.88473503382 ===>> OK
Magnet settling time: 1.049
GetData ===>> H2,-0.0464604104419383,H1,446.905269241503,AX,106.376643249624,L1,1.40003289255806,L2,0.425135117...
setting magnet DAC
current  : 5.884735
requested: 5.885770
Delta Dac: 0.001034
Checking detector protection. dv=0.00103
Checking detector "CDD". Protection Threshold: 0.1 (V)
SetMagnetDAC 5.88576951658 ===>> OK
Magnet settling time: 1.049
GetData ===>> H2,-0.0471684096946821,H1,423.105557883388,AX,96.7815046233148,L1,1.29403768027783,L2,0.305117035...
setting magnet DAC
current  : 5.885770
requested: 5.886804
Delta Dac: 0.001034
Checking detector protection. dv=0.00103
Checking detector "CDD". Protection Threshold: 0.1 (V)
SetMagnetDAC 5.88680399934 ===>> OK
Magnet settling time: 1.049
GetData ===>> H2,-0.276545312731133,H1,321.660720319797,AX,62.6891504507288,L1,0.939909627802086,L2,0.123033590...
setting magnet DAC
current  : 5.886804
requested: 5.887838
Delta Dac: 0.001034
Checking detector protection. dv=0.00103
Checking detector "CDD". Protection Threshold: 0.1 (V)
SetMagnetDAC 5.8878384821 ===>> OK
Magnet settling time: 1.049
GetData ===>> H2,-0.307226893814183,H1,200.361014093955,AX,33.4834388186755,L1,0.627166556454044,L2,0.219218816...
setting magnet DAC
current  : 5.887838
requested: 5.888873
Delta Dac: 0.001034
Checking detector protection. dv=0.00103
Checking detector "CDD". Protection Threshold: 0.1 (V)
SetMagnetDAC 5.88887296486 ===>> OK
Magnet settling time: 1.049
GetData ===>> H2,-0.323226074483395,H1,94.8295595366388,AX,13.2555446960534,L1,0.389348654634883,L2,0.011774661...
setting magnet DAC
current  : 5.888873
requested: 5.889907
Delta Dac: 0.001034
Checking detector protection. dv=0.00103
Checking detector "CDD". Protection Threshold: 0.1 (V)
SetMagnetDAC 5.88990744761 ===>> OK
Magnet settling time: 1.049
GetData ===>> H2,-0.137843921060921,H1,34.3907660640139,AX,4.09226184991598,L1,0.221659536613772,L2,0.128050354...
setting magnet DAC
current  : 5.889907
requested: 5.890942
Delta Dac: 0.001034
Checking detector protection. dv=0.00103
Checking detector "CDD". Protection Threshold: 0.1 (V)
SetMagnetDAC 5.89094193037 ===>> OK
Magnet settling time: 1.049
GetData ===>> H2,-0.248047435310961,H1,9.94465203194455,AX,0.884371676172789,L1,0.126020446021887,L2,-0.0656336...
setting magnet DAC
current  : 5.890942
requested: 5.891976
Delta Dac: 0.001034
Checking detector protection. dv=0.00103
Checking detector "CDD". Protection Threshold: 0.1 (V)
SetMagnetDAC 5.89197641313 ===>> OK
Magnet settling time: 1.049
GetData ===>> H2,-0.14025044951696,H1,2.41302245691142,AX,0.110562661883683,L1,0.0849982598080108,L2,-0.0420763...
setting magnet DAC
current  : 5.891976
requested: 5.893011
Delta Dac: 0.001034
Checking detector protection. dv=0.00103
Checking detector "CDD". Protection Threshold: 0.1 (V)
SetMagnetDAC 5.89301089589 ===>> OK
Magnet settling time: 1.049
GetData ===>> H2,-0.164572344450323,H1,0.517866306237846,AX,-0.172639987717684,L1,0.0461632402428642,L2,-0.0079...
setting magnet DAC
current  : 5.893011
requested: 5.894045
Delta Dac: 0.001034
Checking detector protection. dv=0.00103
Checking detector "CDD". Protection Threshold: 0.1 (V)
SetMagnetDAC 5.89404537865 ===>> OK
Magnet settling time: 1.049
GetData ===>> H2,-0.12820729230576,H1,0.0363026748113839,AX,-0.0893194076421248,L1,0.015398714032337,L2,0.00312...
result of _do_sweep=True
result of _calculate_peak_center=([5.8717366232072514, 5.8791956792503726, 5.8866547352934937], [337.63772643908203, 457.82688862258993, 336.29805159151908], 5.8764674641995818, 457.82688862258993)
Failed to find a valid peak. No peak greater than 1.0. max = 0.0529920891965
new center pos Detector(H1) (Ar40) @ 5.87919567925
GetHighVoltage ===>> 4499.94659342336
GetDeflection H1 ===>> 0
dac uncorrected for HV and deflection 5.87923030149
update mftable H1 Ar40 5.87923030149 message=automated run peakcenter
get initial guess parabolic
get initial guess parabolic
get initial guess parabolic
get initial guess parabolic
get initial guess parabolic
get initial guess parabolic
dump mftable to /Users/jan/PychronDev/setupfiles/spectrometer/mftables/mftable.csv
add to repo msg=modified - automated run peakcenter
locally archiving mftable
setting magnet DAC
current  : 5.894045
requested: 5.879196
Delta Dac: 0.014850
Checking detector protection. dv=0.01485
Checking detector "CDD". Protection Threshold: 0.1 (V)
SetMagnetDAC 5.87919567925 ===>> OK
Magnet settling time: 0.500
sweep finished
setting integration time = 1.048576
SetIntegrationTime 1.048576 ===>> OK
Failed to find a valid peak. No peak greater than 1.0. max = 0.0529694161555
flush and close file /Users/jan/PychronDev/data/isotopes/26/3a1dbe-dd64-42ab-8f86-0ad51305606d.h5
finished measure script
executed snippet estimated_duration=226.132928, duration=274.197457075
jan_unknown120_60.py completed successfully
Measurement Finished
06:53:08 -- ******* Measurement Finished *******
Post Measurement Started jan_pump_ms.py
06:53:08 -- ******* Post Measurement Started jan_pump_ms.py *******
testing...
no interpolation path defined
executed snippet estimated_duration=0, duration=5.19752502441e-05
Pumping spectrometer
open () {'name': 'O'}
opening name=O desc=---
checking ownership. requestor=129.138.12.150
check software interlocks O
interlocks []
actuate state mode=None-script, software_lock=False
doing actuation None-script open_channel True
Open O ===>> OK
GetIndicatorState O ===>> OK
change switch state (True, True)
update switch state O True args=() kw={} ncanvase=2
06:53:08 -- OPEN   VALVE-O (Jan Ion Pump)
---------------------------------------- open O () result=[(True, True)], time=0.10 sec
action=open, ok=True, locked=[False]
executed snippet estimated_duration=0, duration=0.358775138855
jan_pump_ms.py completed successfully
setting _ms_pumptime
Post Measurement Finished
06:53:08 -- ******* Post Measurement Finished *******
$$$$$$$$$$$$$$$$$$$$ state at run end measurement
state changed from measurement to success
post measurement save measured=True aborted=False
Set filtering
setting fod for Ar40= {'filter_outliers': True, 'std_devs': 2, 'iterations': 1}
setting fod for H1= {'filter_outliers': True, 'std_devs': 2, 'iterations': 1}
setting fod for PM41= {'filter_outliers': False, 'std_devs': 2, 'iterations': 1}
setting fod for H2= {'filter_outliers': True, 'std_devs': 2, 'iterations': 1}
setting fod for Ar36= {'filter_outliers': True, 'std_devs': 2, 'iterations': 1}
setting fod for CDD= {'filter_outliers': True, 'std_devs': 10, 'iterations': 1}
setting fod for Ar37= {'filter_outliers': True, 'std_devs': 2, 'iterations': 1}
setting fod for L2= {'filter_outliers': True, 'std_devs': 2, 'iterations': 1}
setting fod for Ar38= {'filter_outliers': True, 'std_devs': 2, 'iterations': 1}
setting fod for L1= {'filter_outliers': True, 'std_devs': 2, 'iterations': 1}
setting fod for Ar39= {'filter_outliers': True, 'std_devs': 2, 'iterations': 1}
setting fod for AX= {'filter_outliers': True, 'std_devs': 2, 'iterations': 1}
persistence save...
persistence save - db
post measurement save
6955779664 connecting to database sqlite:////Users/jan/PychronDev/.appdata/local_lab.db
connected to db sqlite:////Users/jan/PychronDev/.appdata/local_lab.db
create new session 6955779664
close session 6955779664
No database instance. Not saving post measurement to isotopedb database
$$$$$$$$$$$$$$$ auto_save_detector_ic=False
massspec enabled True
create new session 4985539184
MassSpec Database Version: 16.0
close session 4985539184
saving post measurement to secondary database
saving to massspec database 129.138.12.160/massspecdata
setting labnumber to 65580
setting aliquot to 20
setting step to 
setting uuid to 263a1dbe-dd64-42ab-8f86-0ad51305606d
setting irradpos to 65580
setting extract_device to Fusions CO2
setting tray to 
setting position to 208
setting power_requested to 5.0
setting extract_value to 5.0
setting duration to 30.0
setting duration_at_request to 30.0
setting first_stage_delay to 30.0
setting cleanup to 30.0
setting comment to O:3 with inclusions
setting irradiation to NM-289
setting level to O
setting irradiation_level to O
setting sample to Bw-2014-12 W
setting material to Sanidine
setting project to Bustos Wells
setting mass_spectrometer to Jan
no attribute chron_dosages
no attribute production_ratios
no attribute interference_corrections
no attribute production_name
no attribute j
Reference Isotope=Ar40
Reference Detector=H1
%%%%%%%%%%%%%%%%%%%% Comment: O:3 with inclusions %%%%%%%%%%%%%%%%%%%
adding isotope PM41 H2
add baseline dbdet= PM41. original det= H2
get baseline data PM41 H2
Get data baseline <pychron.processing.isotope.Baseline object at 0x1af120550> len t=60
baseline PM41. v=-0.202961908155, e=0.0091163909742
get signal data PM41 H2
Get data signal PM41 0.08+/-0.07 len t=120
adding isotope Ar40 H1
add baseline dbdet= Ar40. original det= H1
get baseline data Ar40 H1
Get data baseline <pychron.processing.isotope.Baseline object at 0x1af120790> len t=60
baseline Ar40. v=-0.0319488452326, e=0.00494355889287
get signal data Ar40 H1
Get data signal Ar40 501.05+/-0.04 len t=120
adding isotope Ar39 AX
add baseline dbdet= Ar39. original det= AX
get baseline data Ar39 AX
Get data baseline <pychron.processing.isotope.Baseline object at 0x1af120950> len t=60
baseline Ar39. v=-0.082871054111, e=0.0059323657093
get signal data Ar39 AX
Get data signal Ar39 122.454+/-0.023 len t=120
adding isotope Ar38 L1
add baseline dbdet= Ar38. original det= L1
get baseline data Ar38 L1
Get data baseline <pychron.processing.isotope.Baseline object at 0x1af120b10> len t=60
baseline Ar38. v=-0.011608158816, e=0.00280885538836
get signal data Ar38 L1
Get data signal Ar38 1.590+/-0.005 len t=120
adding isotope Ar37 L2
add baseline dbdet= Ar37. original det= L2
get baseline data Ar37 L2
Get data baseline <pychron.processing.isotope.Baseline object at 0x1af120cd0> len t=60
baseline Ar37. v=-0.0150119729886, e=0.0057517440341
get signal data Ar37 L2
Get data signal Ar37 0.481+/-0.009 len t=120
adding isotope Ar36 CDD
add baseline dbdet= Ar36. original det= CDD
get baseline data Ar36 CDD
Get data baseline <pychron.processing.isotope.Baseline object at 0x1af120e90> len t=60
baseline Ar36. v=0.000163751953789, e=1.86228892099e-05
get signal data Ar36 CDD
Get data signal Ar36 0.0472+/-0.0005 len t=120
65580-20 added analysis time 0.527858972549s
analysis added to mass spec database
mass spec save time= 0.539
persistence save - dvc
================= post measurement started
create new session 4989601072
close session 4989601072
---------------- Experiment Queue saving disabled
DVC saving peakcenter
Failed to find a valid peak. No peak greater than 1.0. max = 0.0529694161555
Smart pull ahead: 0 behind: 0
Up-to-date with origin
add to repo msg=modified - ad8224ebc6dbfeb9f5997218dfa5fe690569839d.json
add to repo msg=modified - 80-20.json
add to repo msg=modified - 80-20.dat.json
add to repo msg=modified - 80-20.blan.json
add to repo msg=modified - 80-20.inte.json
add to repo msg=modified - 80-20.icfa.json
add to repo msg=modified - 80-20.base.json
not at valid file /Users/jan/PychronDev/data/.dvc/repositories/Load1789/655/tags/80-20.tags.json
add to repo msg=modified - 80-20.peak.json
add to repo msg=modified - 80-20.extr.json
not at valid file /Users/jan/PychronDev/data/.dvc/repositories/Load1789/655/monitor/80-20.moni.json
commit message=<COLLECTION>
add to repo msg=modified - 80-20.inte.json
add to repo msg=modified - 80-20.base.json
commit message=<ISOEVO> default collection fits
add to repo msg=modified - 80-20.blan.json
commit message=<BLANKS> preceding bc-02-J-361
add to repo msg=modified - 80-20.icfa.json
commit message=<ICFactor> default
push repository <pychron.git_archive.repo_manager.GitRepoManager object at 0x1aa2b5fb0>
pushing to remote=origin, url=https://github.com
no changes to meta repo
create new session 4989601072
add association Load1789
get identifier "65580"
setting analysis irradiation position=<pychron.dvc.dvc_orm.IrradiationPositionTbl object at 0x1937310d0>
close session 4989601072
================= post measurement finished
06:53:22 -- ******* Post Run Check *******
loading queue conditionals post_run_actions
loading system conditionals post_run_actions
loading conditionals from /Users/jan/PychronDev/setupfiles/spectrometer/default_conditionals.yaml
loading queue conditionals post_run_terminations
loading system conditionals post_run_terminations
loading conditionals from /Users/jan/PychronDev/setupfiles/spectrometer/default_conditionals.yaml
Checking default post run terminations n=1
GetDeflection CDD ===>> 50
testing CDD==2000
evaluate ot="CDD.deflection==2000" t="CDD==2000", ctx="{'CDD': 50.0}"
06:53:22 -- ******* Post Run Check Passed *******
06:53:22 -- Automated run 65580-20 success duration: 372.909 s
----------------- finish -----------------
----------------- stop -----------------
retroactive repository identifiers disabled
finish run. runs completed=153
update duration runid=65580-20, duration=372.909105062, md5=301e91d8
loading script "jan_unknown120_60.py"
loading script "jan_pump_ms.py"
loading script "jan_co2.py"
loading script "jan_pump_extraction_line.py"
testing...
no interpolation path defined
executed snippet estimated_duration=213.652928, duration=0.000194072723389
script duration name:unknown120_60 seconds:214.0
loading script "jan_unknown120_60.py"
loading script "jan_pump_ms.py"
loading script "jan_co2.py"
loading script "jan_pump_extraction_line.py"
testing...
no interpolation path defined
executed snippet estimated_duration=0, duration=2.8133392334e-05
loading script "jan_unknown120_60.py"
loading script "jan_pump_ms.py"
loading script "jan_co2.py"
loading script "jan_pump_extraction_line.py"
testing...
no interpolation path defined
calculate duration
testing...
no interpolation path defined
executed snippet estimated_duration=0, duration=5.3882598877e-05
calculate duration
testing...
no interpolation path defined
executed snippet estimated_duration=0, duration=9.3936920166e-05
executed snippet estimated_duration=0.0, duration=0.00286197662354
script duration name:co2 seconds:0.0
loading script "jan_unknown120_60.py"
loading script "jan_pump_ms.py"
loading script "jan_co2.py"
loading script "jan_pump_extraction_line.py"
testing...
no interpolation path defined
calculate duration
testing...
no interpolation path defined
executed snippet estimated_duration=4.0, duration=0.000148057937622
executed snippet estimated_duration=4.0, duration=0.00146698951721
Script duration 214.0
Run total estimated duration= 215.000
unknown120_60 in script context. using previous estimated duration
script duration name:unknown120_60 seconds:214.0
pump_ms in script context. using previous estimated duration
co2 in script context. using previous estimated duration
script duration name:co2 seconds:0.0
pump_extraction_line in script context. using previous estimated duration
Script duration 214.0
Run total estimated duration= 215.000
script duration name:unknown120_60 seconds:214.0
script duration name:co2 seconds:0.0
Script duration 214.0
Run total estimated duration= 215.000
script duration name:unknown120_60 seconds:214.0
script duration name:co2 seconds:0.0
Script duration 214.0
Run total estimated duration= 215.000
script duration name:unknown120_60 seconds:214.0
script duration name:co2 seconds:0.0
Script duration 214.0
Run total estimated duration= 215.000
script duration name:unknown120_60 seconds:214.0
script duration name:co2 seconds:0.0
Script duration 214.0
Run total estimated duration= 215.000
loading script "jan_unknown400_120.py"
loading script "jan_pump_ms.py"
loading script "jan_co2.py"
loading script "jan_pump_extraction_line.py"
testing...
no interpolation path defined
executed snippet estimated_duration=556.052928, duration=0.000209093093872
script duration name:unknown400_120 seconds:556.0
script duration name:co2 seconds:0.0
Script duration 556.0
Run total estimated duration= 557.000
script duration name:unknown120_60 seconds:214.0
script duration name:co2 seconds:0.0
Script duration 214.0
Run total estimated duration= 215.000
script duration name:unknown120_60 seconds:214.0
script duration name:co2 seconds:0.0
Script duration 214.0
Run total estimated duration= 215.000
script duration name:unknown120_60 seconds:214.0
script duration name:co2 seconds:0.0
Script duration 214.0
Run total estimated duration= 215.000
unknown400_120 in script context. using previous estimated duration
script duration name:unknown400_120 seconds:556.0
loading script "jan_unknown400_120.py"
loading script "jan_pump_ms.py"
loading script "jan_cocktail_x1.py"
loading script "jan_pump_extraction_line.py"
testing...
no interpolation path defined
calculate duration
testing...
no interpolation path defined
executed snippet estimated_duration=0, duration=5.00679016113e-05
calculate duration
testing...
no interpolation path defined
executed snippet estimated_duration=0, duration=0.000108957290649
calculate duration
testing...
no interpolation path defined
executed snippet estimated_duration=32.0, duration=9.20295715332e-05
calculate duration
testing...
no interpolation path defined
executed snippet estimated_duration=34.0, duration=9.89437103271e-05
calculate duration
testing...
no interpolation path defined
executed snippet estimated_duration=4.0, duration=7.00950622559e-05
calculate duration
testing...
no interpolation path defined
executed snippet estimated_duration=38.0, duration=9.91821289062e-05
executed snippet estimated_duration=108.0, duration=0.00946307182312
script duration name:cocktail_x1 seconds:108.0
Script duration 664.0
Run total estimated duration= 665.000
script duration name:unknown400_120 seconds:556.0
cocktail_x1 in script context. using previous estimated duration
script duration name:cocktail_x1 seconds:108.0
Script duration 664.0
Run total estimated duration= 665.000
script duration name:unknown120_60 seconds:214.0
script duration name:co2 seconds:0.0
Script duration 214.0
Run total estimated duration= 215.000
script duration name:unknown120_60 seconds:214.0
script duration name:co2 seconds:0.0
Script duration 214.0
Run total estimated duration= 215.000
script duration name:unknown400_120 seconds:556.0
script duration name:co2 seconds:0.0
Script duration 556.0
Run total estimated duration= 557.000
nruns=15 before=5.0, run_dur=4809.0, btw=630.0
write rem/ex queues
/Users/jan/PychronDev/experiments/rem/CurrentExperiment.rem.txt
/Users/jan/PychronDev/experiments/rem/CurrentExperiment.ex.txt
doing event level: 3
